2018-06-14 22:58:59,168 | server           | INFO     | PID=12 | [bufsize: 1073741824 bytes] [zerocopy: False]
2018-06-14 22:58:59,267 | methods.match    | INFO     | PID=12 | [method: methods.match]
2018-06-14 22:58:59,267 | methods.match    | INFO     | PID=12 | [method parameters: {'func': 'lambda v: int(chr(v)) <= 8', 'sztype': 'BEFORE', 'mpws': '50MB'}]
2018-06-14 22:58:59,579 | methods.match    | WARNING  | PID=12 | Not enough CPU cores available. Change 'mpws' to 69273666 bytes
2018-06-14 22:58:59,643 | methods.match    | INFO     | PID=12 | Start 16 processes to handle data filtering
2018-06-14 22:58:59,644 | server           | INFO     | PID=12 | Ready to send 153391689 bytes using data file size of 1073741824 bytes
2018-06-14 22:58:59,644 | server           | INFO     | PID=12 | Listening socket bound to port 8881
2018-06-14 22:59:03,377 | server           | INFO     | PID=12 | Accepted incoming connection ('10.11.10.1', 58415) from client. Sending data ...
2018-06-14 22:59:48,318 | server           | INFO     | PID=12 | [SUMMARY] [Sent: 138054751 bytes] [Read: 138054751 bytes (90.001% of 153391689 raw bytes)] [Duration: 44.94063687324524 seconds] [Bitrate: 24575486.34913786 bit/s]
2018-06-14 22:59:48,319 | server           | INFO     | PID=12 | Resources closed, now exiting

 Performance counter stats for '/root/pyben-nio/src/run --server start --bind 10.11.10.8 --size 153391689 --port 8881 --filename /root/data_file --bufsize 1024mb --method match; func=lambda v: int(chr(v)) <= 8; sztype=BEFORE':

      78878.334733      task-clock (msec)         #    1.569 CPUs utilized          
             11483      context-switches          #    0.146 K/sec                  
               792      cpu-migrations            #    0.010 K/sec                  
             82097      page-faults               #    0.001 M/sec                  
      239758589332      cycles                    #    3.040 GHz                    
      589798123593      instructions              #    2.46  insn per cycle         
      131444771842      branches                  # 1666.424 M/sec                  
         133759024      branch-misses             #    0.10% of all branches        

      50.284623227 seconds time elapsed

