2018-06-14 23:13:18,177 | server           | INFO     | PID=12 | [bufsize: 1073741824 bytes] [zerocopy: False]
2018-06-14 23:13:18,309 | methods.match    | INFO     | PID=12 | [method: methods.match]
2018-06-14 23:13:18,310 | methods.match    | INFO     | PID=12 | [method parameters: {'func': 'lambda v: int(chr(v)) <= 8', 'sztype': 'BEFORE', 'mpws': '50MB'}]
2018-06-14 23:13:18,653 | methods.match    | WARNING  | PID=12 | Not enough CPU cores available. Change 'mpws' to 69273666 bytes
2018-06-14 23:13:18,751 | methods.match    | INFO     | PID=12 | Start 16 processes to handle data filtering
2018-06-14 23:13:18,752 | server           | INFO     | PID=12 | Ready to send 134217728 bytes using data file size of 1073741824 bytes
2018-06-14 23:13:18,752 | server           | INFO     | PID=12 | Listening socket bound to port 8881
2018-06-14 23:13:22,286 | server           | INFO     | PID=12 | Accepted incoming connection ('10.11.10.1', 52119) from client. Sending data ...
2018-06-14 23:13:59,984 | server           | INFO     | PID=12 | [SUMMARY] [Sent: 120788454 bytes] [Read: 120788454 bytes (89.994% of 134217728 raw bytes)] [Duration: 37.6974139213562 seconds] [Bitrate: 25633260.520626083 bit/s]
2018-06-14 23:13:59,985 | server           | INFO     | PID=12 | Resources closed, now exiting

 Performance counter stats for '/root/pyben-nio/src/run --server start --bind 10.11.10.9 --size 134217728 --port 8881 --filename /root/data_file --bufsize 1024mb --method match; func=lambda v: int(chr(v)) <= 8; sztype=BEFORE':

      69577.778341      task-clock (msec)         #    1.617 CPUs utilized          
             10114      context-switches          #    0.145 K/sec                  
               241      cpu-migrations            #    0.003 K/sec                  
             77144      page-faults               #    0.001 M/sec                  
      212148735271      cycles                    #    3.049 GHz                    
      531860965149      instructions              #    2.51  insn per cycle         
      118821385102      branches                  # 1707.749 M/sec                  
          51165720      branch-misses             #    0.04% of all branches        

      43.029495997 seconds time elapsed

