2018-06-14 15:58:46,559 | client           | INFO     | PID=10 | [bufsize: 131072 bytes]
2018-06-14 15:58:46,658 | client           | INFO     | PID=11 | Connecting to server 10.11.10.2 on port 8881
2018-06-14 15:58:46,659 | client           | INFO     | PID=11 | Connection established. Receiving data ...
2018-06-14 15:58:46,658 | client           | INFO     | PID=12 | Connecting to server 10.11.10.3 on port 8881
2018-06-14 15:58:46,659 | client           | INFO     | PID=12 | Connection established. Receiving data ...
2018-06-14 15:58:46,659 | methods.raw      | INFO     | PID=11 | [method: methods.raw]
2018-06-14 15:58:46,659 | methods.raw      | INFO     | PID=11 | [method parameters: {}]
2018-06-14 15:58:46,659 | methods.raw      | INFO     | PID=12 | [method: methods.raw]
2018-06-14 15:58:46,660 | methods.raw      | INFO     | PID=12 | [method parameters: {}]
2018-06-14 15:59:19,639 | client           | INFO     | PID=12 | [Received: 53688909 bytes (53688909 raw bytes)] [Duration: 32.97865390777588 seconds] [Bitrate: 13023917.628691558 bit/s]
2018-06-14 15:59:19,640 | client           | INFO     | PID=12 | Socket closed
2018-06-14 15:59:19,943 | client           | INFO     | PID=11 | [Received: 53689832 bytes (53689832 raw bytes)] [Duration: 33.28364300727844 seconds] [Bitrate: 12904796.987098834 bit/s]
2018-06-14 15:59:19,944 | client           | INFO     | PID=11 | Socket closed
2018-06-14 15:59:20,128 | client           | INFO     | PID=10 | [SUMMARY] [Received: 107378741 bytes (100.000% of 107378741 raw bytes)] [Duration: 33.28364300727844 seconds] [Bitrate: 25809372.123482637 bit/s]

 Performance counter stats for '/root/pyben-nio/src/run --client start --addresses 10.11.10.2 10.11.10.3 --size 1G --port 8881 --bind 10.11.10.1 --bufsize 128kb --method raw':

       2219.004306      task-clock (msec)         #    0.065 CPUs utilized          
               388      context-switches          #    0.175 K/sec                  
                37      cpu-migrations            #    0.017 K/sec                  
            233200      page-faults               #    0.105 M/sec                  
        5144818922      cycles                    #    2.319 GHz                    
        8851524943      instructions              #    1.72  insn per cycle         
        2270060780      branches                  # 1023.009 M/sec                  
          12826849      branch-misses             #    0.57% of all branches        

      33.915831260 seconds time elapsed

