2018-06-14 21:34:05,821 | server           | INFO     | PID=12 | [bufsize: 1073741824 bytes] [zerocopy: False]
2018-06-14 21:34:05,925 | methods.match    | INFO     | PID=12 | [method: methods.match]
2018-06-14 21:34:05,925 | methods.match    | INFO     | PID=12 | [method parameters: {'func': 'lambda v: int(chr(v)) <= 6', 'sztype': 'BEFORE', 'mpws': '50MB'}]
2018-06-14 21:34:06,241 | methods.match    | WARNING  | PID=12 | Not enough CPU cores available. Change 'mpws' to 69273666 bytes
2018-06-14 21:34:06,332 | methods.match    | INFO     | PID=12 | Start 16 processes to handle data filtering
2018-06-14 21:34:06,333 | server           | INFO     | PID=12 | Ready to send 153391689 bytes using data file size of 1073741824 bytes
2018-06-14 21:34:06,333 | server           | INFO     | PID=12 | Listening socket bound to port 8881
2018-06-14 21:34:09,984 | server           | INFO     | PID=12 | Accepted incoming connection ('10.11.10.1', 51663) from client. Sending data ...
2018-06-14 21:34:52,635 | server           | INFO     | PID=12 | [SUMMARY] [Sent: 107371300 bytes] [Read: 107371300 bytes (69.998% of 153391689 raw bytes)] [Duration: 42.65032601356506 seconds] [Bitrate: 20139831.984562133 bit/s]
2018-06-14 21:34:52,636 | server           | INFO     | PID=12 | Resources closed, now exiting

 Performance counter stats for '/root/pyben-nio/src/run --server start --bind 10.11.10.8 --size 153391689 --port 8881 --filename /root/data_file --bufsize 1024mb --method match; func=lambda v: int(chr(v)) <= 6; sztype=BEFORE':

      75864.484621      task-clock (msec)         #    1.584 CPUs utilized          
             10310      context-switches          #    0.136 K/sec                  
               936      cpu-migrations            #    0.012 K/sec                  
             76926      page-faults               #    0.001 M/sec                  
      227824317843      cycles                    #    3.003 GHz                    
      564047533232      instructions              #    2.48  insn per cycle         
      125789840895      branches                  # 1658.086 M/sec                  
          90144392      branch-misses             #    0.07% of all branches        

      47.901502698 seconds time elapsed

