2018-06-14 17:27:52,654 | server           | INFO     | PID=12 | [bufsize: 1073741824 bytes] [zerocopy: False]
2018-06-14 17:27:52,745 | methods.match    | INFO     | PID=12 | [method: methods.match]
2018-06-14 17:27:52,745 | methods.match    | INFO     | PID=12 | [method parameters: {'func': 'lambda v: int(chr(v)) <= 2', 'sztype': 'BEFORE', 'mpws': '50MB'}]
2018-06-14 17:27:53,060 | methods.match    | WARNING  | PID=12 | Not enough CPU cores available. Change 'mpws' to 69273666 bytes
2018-06-14 17:27:53,128 | methods.match    | INFO     | PID=12 | Start 16 processes to handle data filtering
2018-06-14 17:27:53,129 | server           | INFO     | PID=12 | Ready to send 134217728 bytes using data file size of 1073741824 bytes
2018-06-14 17:27:53,129 | server           | INFO     | PID=12 | Listening socket bound to port 8881
2018-06-14 17:27:54,722 | server           | INFO     | PID=12 | Accepted incoming connection ('10.11.10.1', 53015) from client. Sending data ...
2018-06-14 17:28:24,905 | server           | INFO     | PID=12 | [SUMMARY] [Sent: 40263134 bytes] [Read: 40263134 bytes (29.998% of 134217728 raw bytes)] [Duration: 30.1817889213562 seconds] [Bitrate: 10672166.346378596 bit/s]
2018-06-14 17:28:24,905 | server           | INFO     | PID=12 | Resources closed, now exiting

 Performance counter stats for '/root/pyben-nio/src/run --server start --bind 10.11.10.9 --size 134217728 --port 8881 --filename /root/data_file --bufsize 1024mb --method match; func=lambda v: int(chr(v)) <= 2; sztype=BEFORE':

      58859.519921      task-clock (msec)         #    1.769 CPUs utilized          
              7316      context-switches          #    0.124 K/sec                  
                77      cpu-migrations            #    0.001 K/sec                  
             57394      page-faults               #    0.975 K/sec                  
      179589385065      cycles                    #    3.051 GHz                    
      448686273307      instructions              #    2.50  insn per cycle         
      100217190021      branches                  # 1702.650 M/sec                  
          50611409      branch-misses             #    0.05% of all branches        

      33.276388234 seconds time elapsed

