2018-06-14 16:04:39,086 | server           | INFO     | PID=12 | [bufsize: 1073741824 bytes] [zerocopy: False]
2018-06-14 16:04:39,186 | methods.match    | INFO     | PID=12 | [method: methods.match]
2018-06-14 16:04:39,187 | methods.match    | INFO     | PID=12 | [method parameters: {'func': 'lambda v: int(chr(v)) <= 0', 'sztype': 'BEFORE', 'mpws': '50MB'}]
2018-06-14 16:04:39,502 | methods.match    | WARNING  | PID=12 | Not enough CPU cores available. Change 'mpws' to 69273666 bytes
2018-06-14 16:04:39,618 | methods.match    | INFO     | PID=12 | Start 16 processes to handle data filtering
2018-06-14 16:04:39,619 | server           | INFO     | PID=12 | Ready to send 153391689 bytes using data file size of 1073741824 bytes
2018-06-14 16:04:39,619 | server           | INFO     | PID=12 | Listening socket bound to port 8881
2018-06-14 16:04:41,990 | server           | INFO     | PID=12 | Accepted incoming connection ('10.11.10.1', 35235) from client. Sending data ...
2018-06-14 16:05:17,191 | server           | INFO     | PID=12 | [SUMMARY] [Sent: 15342645 bytes] [Read: 15342645 bytes (10.002% of 153391689 raw bytes)] [Duration: 35.19994807243347 seconds] [Bitrate: 3486969.916757453 bit/s]
2018-06-14 16:05:17,192 | server           | INFO     | PID=12 | Resources closed, now exiting

 Performance counter stats for '/root/pyben-nio/src/run --server start --bind 10.11.10.8 --size 153391689 --port 8881 --filename /root/data_file --bufsize 1024mb --method match; func=lambda v: int(chr(v)) <= 0; sztype=BEFORE':

      64276.133319      task-clock (msec)         #    1.641 CPUs utilized          
              7337      context-switches          #    0.114 K/sec                  
                80      cpu-migrations            #    0.001 K/sec                  
             45843      page-faults               #    0.713 K/sec                  
      193263208036      cycles                    #    3.007 GHz                    
      488101947175      instructions              #    2.53  insn per cycle         
      109103791736      branches                  # 1697.423 M/sec                  
          26117687      branch-misses             #    0.02% of all branches        

      39.176250362 seconds time elapsed

