2018-06-14 21:39:02,547 | client           | INFO     | PID=11 | [bufsize: 131072 bytes]
2018-06-14 21:39:02,669 | client           | INFO     | PID=13 | Connecting to server 10.11.10.2 on port 8881
2018-06-14 21:39:02,670 | client           | INFO     | PID=13 | Connection established. Receiving data ...
2018-06-14 21:39:02,670 | client           | INFO     | PID=12 | Connecting to server 10.11.10.3 on port 8881
2018-06-14 21:39:02,671 | client           | INFO     | PID=12 | Connection established. Receiving data ...
2018-06-14 21:39:02,670 | methods.raw      | INFO     | PID=13 | [method: methods.raw]
2018-06-14 21:39:02,671 | methods.raw      | INFO     | PID=13 | [method parameters: {}]
2018-06-14 21:39:02,671 | methods.raw      | INFO     | PID=12 | [method: methods.raw]
2018-06-14 21:39:02,672 | methods.raw      | INFO     | PID=12 | [method parameters: {}]
2018-06-14 21:39:46,720 | client           | INFO     | PID=13 | [Received: 375806645 bytes (375806645 raw bytes)] [Duration: 44.049026012420654 seconds] [Bitrate: 68252432.168472 bit/s]
2018-06-14 21:39:46,721 | client           | INFO     | PID=13 | Socket closed
2018-06-14 21:39:46,801 | client           | INFO     | PID=12 | [Received: 375813247 bytes (375813247 raw bytes)] [Duration: 44.12824201583862 seconds] [Bitrate: 68131106.94327903 bit/s]
2018-06-14 21:39:46,801 | client           | INFO     | PID=12 | Socket closed
2018-06-14 21:39:47,832 | client           | INFO     | PID=11 | [SUMMARY] [Received: 751619892 bytes (100.000% of 751619892 raw bytes)] [Duration: 44.12947392463684 seconds] [Bitrate: 136257213.17840257 bit/s]

 Performance counter stats for '/root/pyben-nio/src/run --client start --addresses 10.11.10.2 10.11.10.3 --size 1G --port 8881 --bind 10.11.10.1 --bufsize 128kb --method raw':

      10631.363099      task-clock (msec)         #    0.233 CPUs utilized          
               573      context-switches          #    0.054 K/sec                  
                45      cpu-migrations            #    0.004 K/sec                  
           2450724      page-faults               #    0.231 M/sec                  
       28253854568      cycles                    #    2.658 GHz                    
       52443300638      instructions              #    1.86  insn per cycle         
       13626930536      branches                  # 1281.767 M/sec                  
          34021220      branch-misses             #    0.25% of all branches        

      45.634956517 seconds time elapsed

