2018-06-14 16:06:15,037 | server           | INFO     | PID=12 | [bufsize: 1073741824 bytes] [zerocopy: False]
2018-06-14 16:06:15,139 | methods.match    | INFO     | PID=12 | [method: methods.match]
2018-06-14 16:06:15,140 | methods.match    | INFO     | PID=12 | [method parameters: {'func': 'lambda v: int(chr(v)) <= 0', 'sztype': 'BEFORE', 'mpws': '50MB'}]
2018-06-14 16:06:15,457 | methods.match    | WARNING  | PID=12 | Not enough CPU cores available. Change 'mpws' to 69273666 bytes
2018-06-14 16:06:15,509 | methods.match    | INFO     | PID=12 | Start 16 processes to handle data filtering
2018-06-14 16:06:15,510 | server           | INFO     | PID=12 | Ready to send 134217728 bytes using data file size of 1073741824 bytes
2018-06-14 16:06:15,510 | server           | INFO     | PID=12 | Listening socket bound to port 8881
2018-06-14 16:06:18,013 | server           | INFO     | PID=12 | Accepted incoming connection ('10.11.10.1', 55039) from client. Sending data ...
2018-06-14 16:06:46,460 | server           | INFO     | PID=12 | [SUMMARY] [Sent: 13414052 bytes] [Read: 13414052 bytes (9.994% of 134217728 raw bytes)] [Duration: 28.44547414779663 seconds] [Bitrate: 3772565.5562086087 bit/s]
2018-06-14 16:06:46,460 | server           | INFO     | PID=12 | Resources closed, now exiting

 Performance counter stats for '/root/pyben-nio/src/run --server start --bind 10.11.10.9 --size 134217728 --port 8881 --filename /root/data_file --bufsize 1024mb --method match; func=lambda v: int(chr(v)) <= 0; sztype=BEFORE':

      55675.482201      task-clock (msec)         #    1.717 CPUs utilized          
              6452      context-switches          #    0.116 K/sec                  
                69      cpu-migrations            #    0.001 K/sec                  
             45233      page-faults               #    0.812 K/sec                  
      171936841137      cycles                    #    3.088 GHz                    
      433693931162      instructions              #    2.52  insn per cycle         
       97117961756      branches                  # 1744.358 M/sec                  
          23779038      branch-misses             #    0.02% of all branches        

      32.430397916 seconds time elapsed

