2018-06-14 21:51:04,608 | client           | INFO     | PID=11 | [bufsize: 131072 bytes]
2018-06-14 21:51:04,706 | client           | INFO     | PID=12 | Connecting to server 10.11.10.2 on port 8881
2018-06-14 21:51:04,707 | client           | INFO     | PID=12 | Connection established. Receiving data ...
2018-06-14 21:51:04,707 | client           | INFO     | PID=13 | Connecting to server 10.11.10.3 on port 8881
2018-06-14 21:51:04,707 | client           | INFO     | PID=13 | Connection established. Receiving data ...
2018-06-14 21:51:04,707 | methods.raw      | INFO     | PID=12 | [method: methods.raw]
2018-06-14 21:51:04,708 | methods.raw      | INFO     | PID=12 | [method parameters: {}]
2018-06-14 21:51:04,708 | methods.raw      | INFO     | PID=13 | [method: methods.raw]
2018-06-14 21:51:04,709 | methods.raw      | INFO     | PID=13 | [method parameters: {}]
2018-06-14 21:51:47,526 | client           | INFO     | PID=13 | [Received: 375813247 bytes (375813247 raw bytes)] [Duration: 42.816588163375854 seconds] [Bitrate: 70218251.96645826 bit/s]
2018-06-14 21:51:47,526 | client           | INFO     | PID=13 | Socket closed
2018-06-14 21:51:49,330 | client           | INFO     | PID=12 | [Received: 375806645 bytes (375806645 raw bytes)] [Duration: 44.621373891830444 seconds] [Bitrate: 67376974.25651073 bit/s]
2018-06-14 21:51:49,330 | client           | INFO     | PID=12 | Socket closed
2018-06-14 21:51:50,278 | client           | INFO     | PID=11 | [SUMMARY] [Received: 751619892 bytes (100.000% of 751619892 raw bytes)] [Duration: 44.621373891830444 seconds] [Bitrate: 134755132.16102228 bit/s]

 Performance counter stats for '/root/pyben-nio/src/run --client start --addresses 10.11.10.2 10.11.10.3 --size 1G --port 8881 --bind 10.11.10.1 --bufsize 128kb --method raw':

      10445.315214      task-clock (msec)         #    0.227 CPUs utilized          
               551      context-switches          #    0.053 K/sec                  
                38      cpu-migrations            #    0.004 K/sec                  
           2450880      page-faults               #    0.235 M/sec                  
       27999478669      cycles                    #    2.681 GHz                    
       52446692221      instructions              #    1.87  insn per cycle         
       13628115854      branches                  # 1304.711 M/sec                  
          33196890      branch-misses             #    0.24% of all branches        

      46.007104993 seconds time elapsed

