2018-06-14 17:58:31,169 | server           | INFO     | PID=12 | [bufsize: 1073741824 bytes] [zerocopy: False]
2018-06-14 17:58:31,269 | methods.match    | INFO     | PID=12 | [method: methods.match]
2018-06-14 17:58:31,269 | methods.match    | INFO     | PID=12 | [method parameters: {'func': 'lambda v: int(chr(v)) <= 3', 'sztype': 'BEFORE', 'mpws': '50MB'}]
2018-06-14 17:58:31,586 | methods.match    | WARNING  | PID=12 | Not enough CPU cores available. Change 'mpws' to 69273666 bytes
2018-06-14 17:58:31,651 | methods.match    | INFO     | PID=12 | Start 16 processes to handle data filtering
2018-06-14 17:58:31,651 | server           | INFO     | PID=12 | Ready to send 153391689 bytes using data file size of 1073741824 bytes
2018-06-14 17:58:31,651 | server           | INFO     | PID=12 | Listening socket bound to port 8881
2018-06-14 17:58:33,173 | server           | INFO     | PID=12 | Accepted incoming connection ('10.11.10.1', 56012) from client. Sending data ...
2018-06-14 17:59:13,734 | server           | INFO     | PID=12 | [SUMMARY] [Sent: 61349035 bytes] [Read: 61349035 bytes (39.995% of 153391689 raw bytes)] [Duration: 40.56050992012024 seconds] [Bitrate: 12100249.256396554 bit/s]
2018-06-14 17:59:13,735 | server           | INFO     | PID=12 | Resources closed, now exiting

 Performance counter stats for '/root/pyben-nio/src/run --server start --bind 10.11.10.8 --size 153391689 --port 8881 --filename /root/data_file --bufsize 1024mb --method match; func=lambda v: int(chr(v)) <= 3; sztype=BEFORE':

      71932.525955      task-clock (msec)         #    1.650 CPUs utilized          
              8832      context-switches          #    0.123 K/sec                  
               154      cpu-migrations            #    0.002 K/sec                  
             66147      page-faults               #    0.920 K/sec                  
      217076489282      cycles                    #    3.018 GHz                    
      543511734534      instructions              #    2.50  insn per cycle         
      121753620204      branches                  # 1692.609 M/sec                  
          72837852      branch-misses             #    0.06% of all branches        

      43.604713690 seconds time elapsed

