2018-06-14 17:05:40,946 | server           | INFO     | PID=12 | [bufsize: 1073741824 bytes] [zerocopy: False]
2018-06-14 17:05:41,060 | methods.match    | INFO     | PID=12 | [method: methods.match]
2018-06-14 17:05:41,061 | methods.match    | INFO     | PID=12 | [method parameters: {'func': 'lambda v: int(chr(v)) <= 1', 'sztype': 'BEFORE', 'mpws': '50MB'}]
2018-06-14 17:05:41,402 | methods.match    | WARNING  | PID=12 | Not enough CPU cores available. Change 'mpws' to 69273666 bytes
2018-06-14 17:05:41,477 | methods.match    | INFO     | PID=12 | Start 16 processes to handle data filtering
2018-06-14 17:05:41,478 | server           | INFO     | PID=12 | Ready to send 134217728 bytes using data file size of 1073741824 bytes
2018-06-14 17:05:41,478 | server           | INFO     | PID=12 | Listening socket bound to port 8881
2018-06-14 17:05:42,896 | server           | INFO     | PID=12 | Accepted incoming connection ('10.11.10.1', 33132) from client. Sending data ...
2018-06-14 17:06:12,570 | server           | INFO     | PID=12 | [SUMMARY] [Sent: 26840032 bytes] [Read: 26840032 bytes (19.997% of 134217728 raw bytes)] [Duration: 29.673042058944702 seconds] [Bitrate: 7236206.371206025 bit/s]
2018-06-14 17:06:12,571 | server           | INFO     | PID=12 | Resources closed, now exiting

 Performance counter stats for '/root/pyben-nio/src/run --server start --bind 10.11.10.9 --size 134217728 --port 8881 --filename /root/data_file --bufsize 1024mb --method match; func=lambda v: int(chr(v)) <= 1; sztype=BEFORE':

      58123.522954      task-clock (msec)         #    1.780 CPUs utilized          
              6980      context-switches          #    0.120 K/sec                  
               241      cpu-migrations            #    0.004 K/sec                  
             50928      page-faults               #    0.876 K/sec                  
      176261987253      cycles                    #    3.033 GHz                    
      443572149487      instructions              #    2.52  insn per cycle         
       99215891468      branches                  # 1706.983 M/sec                  
          37267756      branch-misses             #    0.04% of all branches        

      32.647836554 seconds time elapsed

