2018-06-14 18:10:58,603 | server           | INFO     | PID=12 | [bufsize: 1073741824 bytes] [zerocopy: False]
2018-06-14 18:10:58,702 | methods.match    | INFO     | PID=12 | [method: methods.match]
2018-06-14 18:10:58,702 | methods.match    | INFO     | PID=12 | [method parameters: {'func': 'lambda v: int(chr(v)) <= 3', 'sztype': 'BEFORE', 'mpws': '50MB'}]
2018-06-14 18:10:59,016 | methods.match    | WARNING  | PID=12 | Not enough CPU cores available. Change 'mpws' to 69273666 bytes
2018-06-14 18:10:59,084 | methods.match    | INFO     | PID=12 | Start 16 processes to handle data filtering
2018-06-14 18:10:59,085 | server           | INFO     | PID=12 | Ready to send 134217728 bytes using data file size of 1073741824 bytes
2018-06-14 18:10:59,085 | server           | INFO     | PID=12 | Listening socket bound to port 8881
2018-06-14 18:11:03,898 | server           | INFO     | PID=12 | Accepted incoming connection ('10.11.10.1', 44124) from client. Sending data ...
2018-06-14 18:11:36,859 | server           | INFO     | PID=12 | [SUMMARY] [Sent: 53678302 bytes] [Read: 53678302 bytes (39.993% of 134217728 raw bytes)] [Duration: 32.95971202850342 seconds] [Bitrate: 13028827.9105301 bit/s]
2018-06-14 18:11:36,860 | server           | INFO     | PID=12 | Resources closed, now exiting

 Performance counter stats for '/root/pyben-nio/src/run --server start --bind 10.11.10.8 --size 134217728 --port 8881 --filename /root/data_file --bufsize 1024mb --method match; func=lambda v: int(chr(v)) <= 3; sztype=BEFORE':

      62900.992047      task-clock (msec)         #    1.601 CPUs utilized          
              7711      context-switches          #    0.123 K/sec                  
                71      cpu-migrations            #    0.001 K/sec                  
             63678      page-faults               #    0.001 M/sec                  
      188072113107      cycles                    #    2.990 GHz                    
      469360603145      instructions              #    2.50  insn per cycle         
      104975228218      branches                  # 1668.896 M/sec                  
          65127555      branch-misses             #    0.06% of all branches        

      39.292689227 seconds time elapsed

