2018-06-14 22:34:33,901 | server           | INFO     | PID=12 | [bufsize: 1073741824 bytes] [zerocopy: False]
2018-06-14 22:34:33,999 | methods.match    | INFO     | PID=12 | [method: methods.match]
2018-06-14 22:34:34,000 | methods.match    | INFO     | PID=12 | [method parameters: {'func': 'lambda v: int(chr(v)) <= 7', 'sztype': 'BEFORE', 'mpws': '50MB'}]
2018-06-14 22:34:34,317 | methods.match    | WARNING  | PID=12 | Not enough CPU cores available. Change 'mpws' to 69273666 bytes
2018-06-14 22:34:34,400 | methods.match    | INFO     | PID=12 | Start 16 processes to handle data filtering
2018-06-14 22:34:34,400 | server           | INFO     | PID=12 | Ready to send 153391689 bytes using data file size of 1073741824 bytes
2018-06-14 22:34:34,401 | server           | INFO     | PID=12 | Listening socket bound to port 8881
2018-06-14 22:34:38,026 | server           | INFO     | PID=12 | Accepted incoming connection ('10.11.10.1', 40296) from client. Sending data ...
2018-06-14 22:35:21,207 | server           | INFO     | PID=12 | [SUMMARY] [Sent: 122717596 bytes] [Read: 122717596 bytes (80.003% of 153391689 raw bytes)] [Duration: 43.18088698387146 seconds] [Bitrate: 22735539.64666569 bit/s]
2018-06-14 22:35:21,208 | server           | INFO     | PID=12 | Resources closed, now exiting

 Performance counter stats for '/root/pyben-nio/src/run --server start --bind 10.11.10.8 --size 153391689 --port 8881 --filename /root/data_file --bufsize 1024mb --method match; func=lambda v: int(chr(v)) <= 7; sztype=BEFORE':

      76903.266463      task-clock (msec)         #    1.588 CPUs utilized          
             10941      context-switches          #    0.142 K/sec                  
               207      cpu-migrations            #    0.003 K/sec                  
             78963      page-faults               #    0.001 M/sec                  
      231794315476      cycles                    #    3.014 GHz                    
      576921825111      instructions              #    2.49  insn per cycle         
      128617252581      branches                  # 1672.455 M/sec                  
          72805829      branch-misses             #    0.06% of all branches        

      48.426850425 seconds time elapsed

