2018-06-14 18:09:23,165 | server           | INFO     | PID=12 | [bufsize: 1073741824 bytes] [zerocopy: False]
2018-06-14 18:09:23,265 | methods.match    | INFO     | PID=12 | [method: methods.match]
2018-06-14 18:09:23,265 | methods.match    | INFO     | PID=12 | [method parameters: {'func': 'lambda v: int(chr(v)) <= 3', 'sztype': 'BEFORE', 'mpws': '50MB'}]
2018-06-14 18:09:23,583 | methods.match    | WARNING  | PID=12 | Not enough CPU cores available. Change 'mpws' to 69273666 bytes
2018-06-14 18:09:23,655 | methods.match    | INFO     | PID=12 | Start 16 processes to handle data filtering
2018-06-14 18:09:23,655 | server           | INFO     | PID=12 | Ready to send 153391689 bytes using data file size of 1073741824 bytes
2018-06-14 18:09:23,655 | server           | INFO     | PID=12 | Listening socket bound to port 8881
2018-06-14 18:09:25,217 | server           | INFO     | PID=12 | Accepted incoming connection ('10.11.10.1', 47341) from client. Sending data ...
2018-06-14 18:10:04,875 | server           | INFO     | PID=12 | [SUMMARY] [Sent: 61349035 bytes] [Read: 61349035 bytes (39.995% of 153391689 raw bytes)] [Duration: 39.65723013877869 seconds] [Bitrate: 12375858.784955343 bit/s]
2018-06-14 18:10:04,876 | server           | INFO     | PID=12 | Resources closed, now exiting

 Performance counter stats for '/root/pyben-nio/src/run --server start --bind 10.11.10.8 --size 153391689 --port 8881 --filename /root/data_file --bufsize 1024mb --method match; func=lambda v: int(chr(v)) <= 3; sztype=BEFORE':

      72212.749144      task-clock (msec)         #    1.689 CPUs utilized          
              8807      context-switches          #    0.122 K/sec                  
                79      cpu-migrations            #    0.001 K/sec                  
             62051      page-faults               #    0.859 K/sec                  
      216741606523      cycles                    #    3.001 GHz                    
      540441839850      instructions              #    2.49  insn per cycle         
      120832567558      branches                  # 1673.286 M/sec                  
          73215484      branch-misses             #    0.06% of all branches        

      42.750727702 seconds time elapsed

