2018-06-14 22:51:57,866 | client           | INFO     | PID=11 | [bufsize: 131072 bytes]
2018-06-14 22:51:57,963 | client           | INFO     | PID=13 | Connecting to server 10.11.10.3 on port 8881
2018-06-14 22:51:57,963 | client           | INFO     | PID=12 | Connecting to server 10.11.10.2 on port 8881
2018-06-14 22:51:57,964 | client           | INFO     | PID=13 | Connection established. Receiving data ...
2018-06-14 22:51:57,964 | client           | INFO     | PID=12 | Connection established. Receiving data ...
2018-06-14 22:51:57,964 | methods.raw      | INFO     | PID=13 | [method: methods.raw]
2018-06-14 22:51:57,965 | methods.raw      | INFO     | PID=13 | [method parameters: {}]
2018-06-14 22:51:57,965 | methods.raw      | INFO     | PID=12 | [method: methods.raw]
2018-06-14 22:51:57,966 | methods.raw      | INFO     | PID=12 | [method parameters: {}]
2018-06-14 22:52:42,784 | client           | INFO     | PID=12 | [Received: 483175209 bytes (483175209 raw bytes)] [Duration: 44.81749510765076 seconds] [Bitrate: 86247606.26883274 bit/s]
2018-06-14 22:52:42,784 | client           | INFO     | PID=12 | Socket closed
2018-06-14 22:52:43,959 | client           | INFO     | PID=13 | [Received: 483184743 bytes (483184743 raw bytes)] [Duration: 45.99358892440796 seconds] [Bitrate: 84043842.50929071 bit/s]
2018-06-14 22:52:43,959 | client           | INFO     | PID=13 | Socket closed
2018-06-14 22:52:44,873 | client           | INFO     | PID=11 | [SUMMARY] [Received: 966359952 bytes (100.000% of 966359952 raw bytes)] [Duration: 45.99358892440796 seconds] [Bitrate: 168086026.7005031 bit/s]

 Performance counter stats for '/root/pyben-nio/src/run --client start --addresses 10.11.10.2 10.11.10.3 --size 1G --port 8881 --bind 10.11.10.1 --bufsize 128kb --method raw':

      12625.996705      task-clock (msec)         #    0.266 CPUs utilized          
               576      context-switches          #    0.046 K/sec                  
                49      cpu-migrations            #    0.004 K/sec                  
           2712292      page-faults               #    0.215 M/sec                  
       33742754378      cycles                    #    2.672 GHz                    
       65832833415      instructions              #    1.95  insn per cycle         
       17161945581      branches                  # 1359.255 M/sec                  
          37508778      branch-misses             #    0.22% of all branches        

      47.381647286 seconds time elapsed

