2018-06-14 22:15:18,392 | client           | INFO     | PID=11 | [bufsize: 131072 bytes]
2018-06-14 22:15:18,491 | client           | INFO     | PID=12 | Connecting to server 10.11.10.2 on port 8881
2018-06-14 22:15:18,491 | client           | INFO     | PID=12 | Connection established. Receiving data ...
2018-06-14 22:15:18,491 | methods.raw      | INFO     | PID=12 | [method: methods.raw]
2018-06-14 22:15:18,491 | client           | INFO     | PID=13 | Connecting to server 10.11.10.3 on port 8881
2018-06-14 22:15:18,492 | methods.raw      | INFO     | PID=12 | [method parameters: {}]
2018-06-14 22:15:18,492 | client           | INFO     | PID=13 | Connection established. Receiving data ...
2018-06-14 22:15:18,493 | methods.raw      | INFO     | PID=13 | [method: methods.raw]
2018-06-14 22:15:18,494 | methods.raw      | INFO     | PID=13 | [method parameters: {}]
2018-06-14 22:16:01,340 | client           | INFO     | PID=12 | [Received: 429491925 bytes (429491925 raw bytes)] [Duration: 42.84723997116089 seconds] [Bitrate: 80190355.37207574 bit/s]
2018-06-14 22:16:01,340 | client           | INFO     | PID=12 | Socket closed
2018-06-14 22:16:01,909 | client           | INFO     | PID=13 | [Received: 429492326 bytes (429492326 raw bytes)] [Duration: 43.41436791419983 seconds] [Bitrate: 79142891.46833771 bit/s]
2018-06-14 22:16:01,909 | client           | INFO     | PID=13 | Socket closed
2018-06-14 22:16:02,882 | client           | INFO     | PID=11 | [SUMMARY] [Received: 858984251 bytes (100.000% of 858984251 raw bytes)] [Duration: 43.41610884666443 seconds] [Bitrate: 158279361.98220474 bit/s]

 Performance counter stats for '/root/pyben-nio/src/run --client start --addresses 10.11.10.2 10.11.10.3 --size 1G --port 8881 --bind 10.11.10.1 --bufsize 128kb --method raw':

      11705.749857      task-clock (msec)         #    0.261 CPUs utilized          
               565      context-switches          #    0.048 K/sec                  
                47      cpu-migrations            #    0.004 K/sec                  
           2581574      page-faults               #    0.221 M/sec                  
       30833004568      cycles                    #    2.634 GHz                    
       59132038996      instructions              #    1.92  insn per cycle         
       15390317854      branches                  # 1314.766 M/sec                  
          35654672      branch-misses             #    0.23% of all branches        

      44.860496068 seconds time elapsed

