2018-06-14 17:49:22,713 | server           | INFO     | PID=12 | [bufsize: 1073741824 bytes] [zerocopy: False]
2018-06-14 17:49:22,826 | methods.match    | INFO     | PID=12 | [method: methods.match]
2018-06-14 17:49:22,827 | methods.match    | INFO     | PID=12 | [method parameters: {'func': 'lambda v: int(chr(v)) <= 3', 'sztype': 'BEFORE', 'mpws': '50MB'}]
2018-06-14 17:49:23,167 | methods.match    | WARNING  | PID=12 | Not enough CPU cores available. Change 'mpws' to 69273666 bytes
2018-06-14 17:49:23,250 | methods.match    | INFO     | PID=12 | Start 16 processes to handle data filtering
2018-06-14 17:49:23,250 | server           | INFO     | PID=12 | Ready to send 134217728 bytes using data file size of 1073741824 bytes
2018-06-14 17:49:23,250 | server           | INFO     | PID=12 | Listening socket bound to port 8881
2018-06-14 17:49:24,803 | server           | INFO     | PID=12 | Accepted incoming connection ('10.11.10.1', 36108) from client. Sending data ...
2018-06-14 17:49:56,768 | server           | INFO     | PID=12 | [SUMMARY] [Sent: 53681348 bytes] [Read: 53681348 bytes (39.996% of 134217728 raw bytes)] [Duration: 31.963868141174316 seconds] [Bitrate: 13435507.307915658 bit/s]
2018-06-14 17:49:56,769 | server           | INFO     | PID=12 | Resources closed, now exiting

 Performance counter stats for '/root/pyben-nio/src/run --server start --bind 10.11.10.9 --size 134217728 --port 8881 --filename /root/data_file --bufsize 1024mb --method match; func=lambda v: int(chr(v)) <= 3; sztype=BEFORE':

      62156.875516      task-clock (msec)         #    1.769 CPUs utilized          
              7718      context-switches          #    0.124 K/sec                  
               236      cpu-migrations            #    0.004 K/sec                  
             59627      page-faults               #    0.959 K/sec                  
      189687269134      cycles                    #    3.052 GHz                    
      471306425834      instructions              #    2.48  insn per cycle         
      105386647764      branches                  # 1695.495 M/sec                  
          65601322      branch-misses             #    0.06% of all branches        

      35.128620672 seconds time elapsed

