2018-06-14 18:03:03,534 | client           | INFO     | PID=11 | [bufsize: 131072 bytes]
2018-06-14 18:03:03,679 | client           | INFO     | PID=13 | Connecting to server 10.11.10.3 on port 8881
2018-06-14 18:03:03,679 | client           | INFO     | PID=12 | Connecting to server 10.11.10.2 on port 8881
2018-06-14 18:03:03,680 | client           | INFO     | PID=13 | Connection established. Receiving data ...
2018-06-14 18:03:03,680 | client           | INFO     | PID=12 | Connection established. Receiving data ...
2018-06-14 18:03:03,680 | methods.raw      | INFO     | PID=13 | [method: methods.raw]
2018-06-14 18:03:03,680 | methods.raw      | INFO     | PID=12 | [method: methods.raw]
2018-06-14 18:03:03,681 | methods.raw      | INFO     | PID=13 | [method parameters: {}]
2018-06-14 18:03:03,681 | methods.raw      | INFO     | PID=12 | [method parameters: {}]
2018-06-14 18:03:42,317 | client           | INFO     | PID=12 | [Received: 214731016 bytes (214731016 raw bytes)] [Duration: 38.63518786430359 seconds] [Bitrate: 44463304.64429242 bit/s]
2018-06-14 18:03:42,317 | client           | INFO     | PID=12 | Socket closed
2018-06-14 18:03:42,718 | client           | INFO     | PID=13 | [Received: 214746050 bytes (214746050 raw bytes)] [Duration: 39.03674793243408 seconds] [Bitrate: 44009004.104888774 bit/s]
2018-06-14 18:03:42,719 | client           | INFO     | PID=13 | Socket closed
2018-06-14 18:03:43,565 | client           | INFO     | PID=11 | [SUMMARY] [Received: 429477066 bytes (100.000% of 429477066 raw bytes)] [Duration: 39.03674793243408 seconds] [Bitrate: 88014927.215423 bit/s]

 Performance counter stats for '/root/pyben-nio/src/run --client start --addresses 10.11.10.2 10.11.10.3 --size 1G --port 8881 --bind 10.11.10.1 --bufsize 128kb --method raw':

       7018.527607      task-clock (msec)         #    0.174 CPUs utilized          
               490      context-switches          #    0.070 K/sec                  
                43      cpu-migrations            #    0.006 K/sec                  
           1794377      page-faults               #    0.256 M/sec                  
       18326690767      cycles                    #    2.611 GHz                    
       31672410281      instructions              #    1.73  insn per cycle         
        8172088098      branches                  # 1164.359 M/sec                  
          20088125      branch-misses             #    0.25% of all branches        

      40.373512649 seconds time elapsed

