LC_NUMERIC=en_US.UTF8 perf stat -B -C 1-2 taskset -c 2 /tmp/eucycles/pyben-nio/src/run --server start --bind 10.10.1.4 --size 357913941 --port 8881 --filename /tmp/eucycles/data_file --bufsize 50mb --method "match; func=lambda v: v - 48 < 0; sztype=BEFORE"

2018-07-06 02:39:07,578 | server           | INFO     | PID=14849 | [bufsize: 52428800 bytes] [zerocopy: False]
2018-07-06 02:39:07,593 | methods.match    | INFO     | PID=14849 | [method: methods.match]
2018-07-06 02:39:07,593 | methods.match    | INFO     | PID=14849 | [method parameters: {'func': 'lambda v: v - 48 < 0', 'mpws': '50MB', 'sztype': 'BEFORE'}]
2018-07-06 02:39:07,613 | methods.match    | INFO     | PID=14849 | Start 1 process to handle data filtering
2018-07-06 02:39:07,614 | server           | INFO     | PID=14849 | Ready to send 357913941 bytes using data file size of 1073741824 bytes
2018-07-06 02:39:07,614 | server           | INFO     | PID=14849 | Listening socket bound to port 8881
2018-07-06 02:39:13,211 | server           | INFO     | PID=14849 | Accepted incoming connection ('10.10.1.2', 56688) from client. Sending data ...
2018-07-06 02:40:03,537 | server           | INFO     | PID=14849 | [SUMMARY] [Sent: 0 bytes] [Read: 0 bytes (0.000% of 357913941 raw bytes)] [Duration: 50.32551193237305 seconds] [Bitrate: 0.0 bit/s]
2018-07-06 02:40:03,537 | server           | INFO     | PID=14849 | Resources closed, now exiting

 Performance counter stats for 'CPU(s) 1-2':

     112187.505340      task-clock (msec)         #    2.000 CPUs utilized            (100.00%)
             5,982      context-switches          #    0.053 K/sec                    (100.00%)
                 1      cpu-migrations            #    0.000 K/sec                    (100.00%)
            16,023      page-faults               #    0.143 K/sec                  
   127,394,164,880      cycles                    #    1.136 GHz                      (100.00%)
   <not supported>      stalled-cycles-frontend  
   <not supported>      stalled-cycles-backend   
   389,443,188,412      instructions              #    3.06  insns per cycle          (100.00%)
    71,296,769,182      branches                  #  635.514 M/sec                    (100.00%)
        39,057,786      branch-misses             #    0.05% of all branches        

      56.094143215 seconds time elapsed