LC_NUMERIC=en_US.UTF8 perf stat -B -C 1-2 taskset -c 2 /tmp/eucycles/pyben-nio/src/run --server start --bind 10.10.1.5 --size 268435456 --port 8881 --filename /tmp/eucycles/data_file --bufsize 50mb --method "match; func=lambda v: v - 48 < 5; sztype=BEFORE"

2018-07-04 17:50:21,405 | server           | INFO     | PID=27929 | [bufsize: 52428800 bytes] [zerocopy: False]
2018-07-04 17:50:21,419 | methods.match    | INFO     | PID=27929 | [method: methods.match]
2018-07-04 17:50:21,419 | methods.match    | INFO     | PID=27929 | [method parameters: {'func': 'lambda v: v - 48 < 5', 'mpws': '50MB', 'sztype': 'BEFORE'}]
2018-07-04 17:50:21,439 | methods.match    | INFO     | PID=27929 | Start 1 process to handle data filtering
2018-07-04 17:50:21,439 | server           | INFO     | PID=27929 | Ready to send 268435456 bytes using data file size of 1073741824 bytes
2018-07-04 17:50:21,439 | server           | INFO     | PID=27929 | Listening socket bound to port 8881
2018-07-04 17:50:25,927 | server           | INFO     | PID=27929 | Accepted incoming connection ('10.10.1.1', 48952) from client. Sending data ...
2018-07-04 17:51:25,369 | server           | INFO     | PID=27929 | [SUMMARY] [Sent: 134215078 bytes] [Read: 134215078 bytes (49.999% of 268435456 raw bytes)] [Duration: 59.44225096702576 seconds] [Bitrate: 18063256.463750374 bit/s]
2018-07-04 17:51:25,369 | server           | INFO     | PID=27929 | Resources closed, now exiting

 Performance counter stats for 'CPU(s) 1-2':

     128105.761675      task-clock (msec)         #    2.000 CPUs utilized            (100.00%)
             4,595      context-switches          #    0.036 K/sec                    (100.00%)
                 1      cpu-migrations            #    0.000 K/sec                    (100.00%)
            41,609      page-faults               #    0.325 K/sec                  
   147,998,005,773      cycles                    #    1.155 GHz                      (100.00%)
   <not supported>      stalled-cycles-frontend  
   <not supported>      stalled-cycles-backend   
   409,762,364,529      instructions              #    2.77  insns per cycle          (100.00%)
    77,518,419,272      branches                  #  605.113 M/sec                    (100.00%)
       167,460,759      branch-misses             #    0.22% of all branches        

      64.058727010 seconds time elapsed