LC_NUMERIC=en_US.UTF8 perf stat -B -C 1-2 taskset -c 2 /tmp/eucycles/pyben-nio/src/run --server start --bind 10.10.1.3 --size 268435456 --port 8881 --filename /tmp/eucycles/data_file --bufsize 50mb --method "match; func=lambda v: v - 48 < 10; sztype=BEFORE"

2018-07-06 09:40:42,004 | server           | INFO     | PID=22523 | [bufsize: 52428800 bytes] [zerocopy: False]
2018-07-06 09:40:42,018 | methods.match    | INFO     | PID=22523 | [method: methods.match]
2018-07-06 09:40:42,018 | methods.match    | INFO     | PID=22523 | [method parameters: {'mpws': '50MB', 'func': 'lambda v: v - 48 < 10', 'sztype': 'BEFORE'}]
2018-07-06 09:40:42,039 | methods.match    | INFO     | PID=22523 | Start 1 process to handle data filtering
2018-07-06 09:40:42,039 | server           | INFO     | PID=22523 | Ready to send 268435456 bytes using data file size of 1073741824 bytes
2018-07-06 09:40:42,039 | server           | INFO     | PID=22523 | Listening socket bound to port 8881
2018-07-06 09:40:50,189 | server           | INFO     | PID=22523 | Accepted incoming connection ('10.10.1.2', 50840) from client. Sending data ...
2018-07-06 09:42:01,616 | server           | INFO     | PID=22523 | [SUMMARY] [Sent: 268435456 bytes] [Read: 268435456 bytes (100.000% of 268435456 raw bytes)] [Duration: 71.42691588401794 seconds] [Bitrate: 30065467.918103237 bit/s]
2018-07-06 09:42:01,616 | server           | INFO     | PID=22523 | Resources closed, now exiting

 Performance counter stats for 'CPU(s) 1-2':

     159477.015451      task-clock (msec)         #    2.000 CPUs utilized            (100.00%)
             5,089      context-switches          #    0.032 K/sec                    (100.00%)
                 1      cpu-migrations            #    0.000 K/sec                    (100.00%)
           147,206      page-faults               #    0.923 K/sec                  
   183,295,030,408      cycles                    #    1.149 GHz                      (100.00%)
   <not supported>      stalled-cycles-frontend  
   <not supported>      stalled-cycles-backend   
   524,749,262,062      instructions              #    2.86  insns per cycle          (100.00%)
   100,813,217,177      branches                  #  632.149 M/sec                    (100.00%)
        31,357,088      branch-misses             #    0.03% of all branches        

      79.745262015 seconds time elapsed