LC_NUMERIC=en_US.UTF8 perf stat -B -C 1-2 taskset -c 2 /tmp/eucycles/pyben-nio/src/run --client start --addresses 10.10.1.2  10.10.1.3 --size 1GB --port 8881 --bind 10.10.1.1 --bufsize 50mb --method "raw"

2018-07-04 19:44:22,093 | client           | INFO     | PID=2769 | [bufsize: 52428800 bytes]
2018-07-04 19:44:22,119 | client           | INFO     | PID=2771 | Connecting to server 10.10.1.2 on port 8881
2018-07-04 19:44:22,120 | client           | INFO     | PID=2770 | Connecting to server 10.10.1.3 on port 8881
2018-07-04 19:44:22,120 | client           | INFO     | PID=2771 | Connection established. Receiving data ...
2018-07-04 19:44:22,120 | methods.raw      | INFO     | PID=2771 | [method: methods.raw]
2018-07-04 19:44:22,120 | methods.raw      | INFO     | PID=2771 | [method parameters: {}]
2018-07-04 19:44:22,126 | client           | INFO     | PID=2770 | Connection established. Receiving data ...
2018-07-04 19:44:22,126 | methods.raw      | INFO     | PID=2770 | [method: methods.raw]
2018-07-04 19:44:22,126 | methods.raw      | INFO     | PID=2770 | [method parameters: {}]
2018-07-04 19:46:39,299 | client           | INFO     | PID=2771 | [Received: 429499849 bytes (429499849 raw bytes)] [Duration: 137.14237308502197 seconds] [Bitrate: 25054246.289509945 bit/s]
2018-07-04 19:46:39,299 | client           | INFO     | PID=2771 | Socket closed
2018-07-04 19:46:39,928 | client           | INFO     | PID=2770 | [Received: 429498971 bytes (429498971 raw bytes)] [Duration: 137.76580095291138 seconds] [Bitrate: 24940817.99861512 bit/s]
2018-07-04 19:46:39,929 | client           | INFO     | PID=2770 | Socket closed
2018-07-04 19:46:40,566 | client           | INFO     | PID=2769 | [SUMMARY] [Received: 858998820 bytes (100.000% of 858998820 raw bytes)] [Duration: 137.771418094635 seconds] [Bitrate: 49879653.233152024 bit/s]

 Performance counter stats for 'CPU(s) 1-2':

     277087.436939      task-clock (msec)         #    2.000 CPUs utilized            (100.00%)
             4,408      context-switches          #    0.016 K/sec                    (100.00%)
                 1      cpu-migrations            #    0.000 K/sec                    (100.00%)
         1,180,269      page-faults               #    0.004 M/sec                  
    30,225,589,716      cycles                    #    0.109 GHz                      (100.00%)
   <not supported>      stalled-cycles-frontend  
   <not supported>      stalled-cycles-backend   
    74,178,471,005      instructions              #    2.45  insns per cycle          (100.00%)
    18,830,940,495      branches                  #   67.960 M/sec                    (100.00%)
        24,174,061      branch-misses             #    0.13% of all branches        

     138.546436548 seconds time elapsed