LC_NUMERIC=en_US.UTF8 perf stat -B -C 1-2 taskset -c 2 /tmp/eucycles/pyben-nio/src/run --client start --addresses 10.10.1.2  10.10.1.3 --size 1GB --port 8881 --bind 10.10.1.1 --bufsize 50mb --method "raw"

2018-07-04 14:26:28,361 | client           | INFO     | PID=3963 | [bufsize: 52428800 bytes]
2018-07-04 14:26:28,386 | client           | INFO     | PID=3965 | Connecting to server 10.10.1.2 on port 8881
2018-07-04 14:26:28,387 | client           | INFO     | PID=3964 | Connecting to server 10.10.1.3 on port 8881
2018-07-04 14:26:28,387 | client           | INFO     | PID=3965 | Connection established. Receiving data ...
2018-07-04 14:26:28,387 | methods.raw      | INFO     | PID=3965 | [method: methods.raw]
2018-07-04 14:26:28,387 | methods.raw      | INFO     | PID=3965 | [method parameters: {}]
2018-07-04 14:26:28,394 | client           | INFO     | PID=3964 | Connection established. Receiving data ...
2018-07-04 14:26:28,394 | methods.raw      | INFO     | PID=3964 | [method: methods.raw]
2018-07-04 14:26:28,394 | methods.raw      | INFO     | PID=3964 | [method parameters: {}]
2018-07-04 14:27:51,792 | client           | INFO     | PID=3965 | [Received: 53691191 bytes (53691191 raw bytes)] [Duration: 83.36816310882568 seconds] [Bitrate: 5152200.935977302 bit/s]
2018-07-04 14:27:51,792 | client           | INFO     | PID=3965 | Socket closed
2018-07-04 14:27:52,542 | client           | INFO     | PID=3964 | [Received: 53685316 bytes (53685316 raw bytes)] [Duration: 84.11255502700806 seconds] [Bitrate: 5106045.439495871 bit/s]
2018-07-04 14:27:52,542 | client           | INFO     | PID=3964 | Socket closed
2018-07-04 14:27:52,780 | client           | INFO     | PID=3963 | [SUMMARY] [Received: 107376507 bytes (100.000% of 107376507 raw bytes)] [Duration: 84.11795496940613 seconds] [Bitrate: 10211994.054211428 bit/s]

 Performance counter stats for 'CPU(s) 1-2':

     168984.245872      task-clock (msec)         #    2.000 CPUs utilized            (100.00%)
             2,182      context-switches          #    0.013 K/sec                    (100.00%)
                 1      cpu-migrations            #    0.000 K/sec                    (100.00%)
           257,315      page-faults               #    0.002 M/sec                  
     4,982,090,686      cycles                    #    0.029 GHz                      (100.00%)
   <not supported>      stalled-cycles-frontend  
   <not supported>      stalled-cycles-backend   
     9,480,089,189      instructions              #    1.90  insns per cycle          (100.00%)
     2,480,313,540      branches                  #   14.678 M/sec                    (100.00%)
         6,736,263      branch-misses             #    0.27% of all branches        

      84.493715058 seconds time elapsed