LC_NUMERIC=en_US.UTF8 perf stat -B -C 1-2 taskset -c 2 /tmp/eucycles/pyben-nio/src/run --client start --addresses 10.10.1.3 --size 1GB --port 8881 --bind 10.10.1.2 --bufsize 50mb --cache 0b --method "raw"

2018-07-06 05:26:24,795 | client           | INFO     | PID=25951 | [bufsize: 52428800 bytes]
2018-07-06 05:26:24,819 | client           | INFO     | PID=25952 | Connecting to server 10.10.1.3 on port 8881
2018-07-06 05:26:24,819 | client           | INFO     | PID=25952 | Connection established. Receiving data ...
2018-07-06 05:26:24,819 | methods.raw      | INFO     | PID=25952 | [method: methods.raw]
2018-07-06 05:26:24,820 | methods.raw      | INFO     | PID=25952 | [method parameters: {}]
2018-07-06 05:30:10,798 | client           | INFO     | PID=25952 | [Received: 536863471 bytes (536863471 raw bytes)] [Duration: 225.9583718776703 seconds] [Bitrate: 19007517.76670255 bit/s]
2018-07-06 05:30:10,799 | client           | INFO     | PID=25952 | Socket closed
2018-07-06 05:30:10,864 | client           | INFO     | PID=25951 | [SUMMARY] [Received: 536863471 bytes (100.000% of 536863471 raw bytes)] [Duration: 225.9583718776703 seconds] [Bitrate: 19007517.76670255 bit/s]

 Performance counter stats for 'CPU(s) 1-2':

     452282.706864      task-clock (msec)         #    2.000 CPUs utilized            (100.00%)
             7,419      context-switches          #    0.016 K/sec                    (100.00%)
                 1      cpu-migrations            #    0.000 K/sec                    (100.00%)
            20,599      page-faults               #    0.046 K/sec                  
     3,141,001,005      cycles                    #    0.007 GHz                      (100.00%)
   <not supported>      stalled-cycles-frontend  
   <not supported>      stalled-cycles-backend   
     1,540,071,889      instructions              #    0.49  insns per cycle          (100.00%)
       319,565,416      branches                  #    0.707 M/sec                    (100.00%)
         7,397,869      branch-misses             #    2.31% of all branches        

     226.143730566 seconds time elapsed