LC_NUMERIC=en_US.UTF8 perf stat -B -C 1-2 taskset -c 2 /tmp/eucycles/pyben-nio/src/run --server start --bind 10.10.1.5 --size 178956971 --port 8881 --filename /tmp/eucycles/data_file --bufsize 50mb --method "match; func=lambda v: v - 48 < 7; sztype=BEFORE"

2018-07-06 06:49:53,948 | server           | INFO     | PID=20467 | [bufsize: 52428800 bytes] [zerocopy: False]
2018-07-06 06:49:53,963 | methods.match    | INFO     | PID=20467 | [method: methods.match]
2018-07-06 06:49:53,963 | methods.match    | INFO     | PID=20467 | [method parameters: {'mpws': '50MB', 'sztype': 'BEFORE', 'func': 'lambda v: v - 48 < 7'}]
2018-07-06 06:49:53,984 | methods.match    | INFO     | PID=20467 | Start 1 process to handle data filtering
2018-07-06 06:49:53,984 | server           | INFO     | PID=20467 | Ready to send 178956971 bytes using data file size of 1073741824 bytes
2018-07-06 06:49:53,984 | server           | INFO     | PID=20467 | Listening socket bound to port 8881
2018-07-06 06:50:02,136 | server           | INFO     | PID=20467 | Accepted incoming connection ('10.10.1.2', 60068) from client. Sending data ...
2018-07-06 06:50:44,956 | server           | INFO     | PID=20467 | [SUMMARY] [Sent: 125265630 bytes] [Read: 125265630 bytes (69.998% of 178956971 raw bytes)] [Duration: 42.819364070892334 seconds] [Bitrate: 23403547.944823932 bit/s]
2018-07-06 06:50:44,956 | server           | INFO     | PID=20467 | Resources closed, now exiting

 Performance counter stats for 'CPU(s) 1-2':

     102276.351905      task-clock (msec)         #    2.000 CPUs utilized            (100.00%)
             3,461      context-switches          #    0.034 K/sec                    (100.00%)
                 1      cpu-migrations            #    0.000 K/sec                    (100.00%)
            77,344      page-faults               #    0.756 K/sec                  
   109,894,450,834      cycles                    #    1.074 GHz                      (100.00%)
   <not supported>      stalled-cycles-frontend  
   <not supported>      stalled-cycles-backend   
   305,450,153,540      instructions              #    2.78  insns per cycle          (100.00%)
    58,318,607,508      branches                  #  570.206 M/sec                    (100.00%)
        80,977,865      branch-misses             #    0.14% of all branches        

      51.142809846 seconds time elapsed