LC_NUMERIC=en_US.UTF8 perf stat -B -C 1-2 taskset -c 2 /tmp/eucycles/pyben-nio/src/run --server start --bind 10.10.1.6 --size 153391689 --port 8881 --filename /tmp/eucycles/data_file --bufsize 50mb --method "match; func=lambda v: v - 48 < 3; sztype=BEFORE"

2018-07-06 04:06:03,329 | server           | INFO     | PID=1297 | [bufsize: 52428800 bytes] [zerocopy: False]
2018-07-06 04:06:03,343 | methods.match    | INFO     | PID=1297 | [method: methods.match]
2018-07-06 04:06:03,343 | methods.match    | INFO     | PID=1297 | [method parameters: {'mpws': '50MB', 'sztype': 'BEFORE', 'func': 'lambda v: v - 48 < 3'}]
2018-07-06 04:06:03,364 | methods.match    | INFO     | PID=1297 | Start 1 process to handle data filtering
2018-07-06 04:06:03,364 | server           | INFO     | PID=1297 | Ready to send 153391689 bytes using data file size of 1073741824 bytes
2018-07-06 04:06:03,364 | server           | INFO     | PID=1297 | Listening socket bound to port 8881
2018-07-06 04:06:11,567 | server           | INFO     | PID=1297 | Accepted incoming connection ('10.10.1.2', 35497) from client. Sending data ...
2018-07-06 04:06:39,574 | server           | INFO     | PID=1297 | [SUMMARY] [Sent: 46019806 bytes] [Read: 46019806 bytes (30.001% of 153391689 raw bytes)] [Duration: 28.00713086128235 seconds] [Bitrate: 13145168.272447001 bit/s]
2018-07-06 04:06:39,574 | server           | INFO     | PID=1297 | Resources closed, now exiting

 Performance counter stats for 'CPU(s) 1-2':

      72759.529463      task-clock (msec)         #    2.000 CPUs utilized            (100.00%)
             2,926      context-switches          #    0.040 K/sec                    (100.00%)
                 1      cpu-migrations            #    0.000 K/sec                    (100.00%)
            31,664      page-faults               #    0.435 K/sec                  
    89,007,624,581      cycles                    #    1.223 GHz                      (100.00%)
   <not supported>      stalled-cycles-frontend  
   <not supported>      stalled-cycles-backend   
   211,232,059,768      instructions              #    2.37  insns per cycle          (100.00%)
    39,658,527,347      branches                  #  545.063 M/sec                    (100.00%)
        68,464,673      branch-misses             #    0.17% of all branches        

      36.379714250 seconds time elapsed