LC_NUMERIC=en_US.UTF8 perf stat -B -C 1-2 taskset -c 2 /tmp/eucycles/pyben-nio/src/run --server start --bind 10.10.1.2 --size 153391690 --port 8881 --filename /tmp/eucycles/data_file --bufsize 50mb --method "match; func=lambda v: v - 48 < 9; sztype=BEFORE"

2018-07-04 20:49:08,932 | server           | INFO     | PID=23587 | [bufsize: 52428800 bytes] [zerocopy: False]
2018-07-04 20:49:08,946 | methods.match    | INFO     | PID=23587 | [method: methods.match]
2018-07-04 20:49:08,947 | methods.match    | INFO     | PID=23587 | [method parameters: {'mpws': '50MB', 'sztype': 'BEFORE', 'func': 'lambda v: v - 48 < 9'}]
2018-07-04 20:49:08,967 | methods.match    | INFO     | PID=23587 | Start 1 process to handle data filtering
2018-07-04 20:49:08,967 | server           | INFO     | PID=23587 | Ready to send 153391690 bytes using data file size of 1073741824 bytes
2018-07-04 20:49:08,967 | server           | INFO     | PID=23587 | Listening socket bound to port 8881
2018-07-04 20:49:20,998 | server           | INFO     | PID=23587 | Accepted incoming connection ('10.10.1.1', 56707) from client. Sending data ...
2018-07-04 20:50:07,009 | server           | INFO     | PID=23587 | [SUMMARY] [Sent: 138052651 bytes] [Read: 138052651 bytes (90.000% of 153391690 raw bytes)] [Duration: 46.010063886642456 seconds] [Bitrate: 24003905.117824305 bit/s]
2018-07-04 20:50:07,009 | server           | INFO     | PID=23587 | Resources closed, now exiting

 Performance counter stats for 'CPU(s) 1-2':

     116410.660038      task-clock (msec)         #    2.000 CPUs utilized            (100.00%)
             3,110      context-switches          #    0.027 K/sec                    (100.00%)
                 1      cpu-migrations            #    0.000 K/sec                    (100.00%)
            83,530      page-faults               #    0.718 K/sec                  
   100,956,991,954      cycles                    #    0.867 GHz                      (100.00%)
   <not supported>      stalled-cycles-frontend  
   <not supported>      stalled-cycles-backend   
   287,049,261,983      instructions              #    2.84  insns per cycle          (100.00%)
    55,041,759,302      branches                  #  472.824 M/sec                    (100.00%)
        34,204,685      branch-misses             #    0.06% of all branches        

      58.208925557 seconds time elapsed