LC_NUMERIC=en_US.UTF8 perf stat -B -C 1-2 taskset -c 2 /tmp/eucycles/pyben-nio/src/run --server start --bind 10.10.1.6 --size 214748365 --port 8881 --filename /tmp/eucycles/data_file --bufsize 50mb --method "match; func=lambda v: v - 48 < 7; sztype=BEFORE"

2018-07-06 06:48:30,145 | server           | INFO     | PID=9292 | [bufsize: 52428800 bytes] [zerocopy: False]
2018-07-06 06:48:30,159 | methods.match    | INFO     | PID=9292 | [method: methods.match]
2018-07-06 06:48:30,159 | methods.match    | INFO     | PID=9292 | [method parameters: {'sztype': 'BEFORE', 'func': 'lambda v: v - 48 < 7', 'mpws': '50MB'}]
2018-07-06 06:48:30,180 | methods.match    | INFO     | PID=9292 | Start 1 process to handle data filtering
2018-07-06 06:48:30,180 | server           | INFO     | PID=9292 | Ready to send 214748365 bytes using data file size of 1073741824 bytes
2018-07-06 06:48:30,180 | server           | INFO     | PID=9292 | Listening socket bound to port 8881
2018-07-06 06:48:35,998 | server           | INFO     | PID=9292 | Accepted incoming connection ('10.10.1.2', 55611) from client. Sending data ...
2018-07-06 06:49:25,707 | server           | INFO     | PID=9292 | [SUMMARY] [Sent: 150329094 bytes] [Read: 150329094 bytes (70.002% of 214748365 raw bytes)] [Duration: 49.708070039749146 seconds] [Bitrate: 24193913.60473888 bit/s]
2018-07-06 06:49:25,707 | server           | INFO     | PID=9292 | Resources closed, now exiting

 Performance counter stats for 'CPU(s) 1-2':

     111390.728963      task-clock (msec)         #    2.000 CPUs utilized            (100.00%)
             4,043      context-switches          #    0.036 K/sec                    (100.00%)
                 1      cpu-migrations            #    0.000 K/sec                    (100.00%)
            89,533      page-faults               #    0.804 K/sec                  
   150,186,791,988      cycles                    #    1.348 GHz                      (100.00%)
   <not supported>      stalled-cycles-frontend  
   <not supported>      stalled-cycles-backend   
   365,768,151,883      instructions              #    2.44  insns per cycle          (100.00%)
    69,522,757,805      branches                  #  624.134 M/sec                    (100.00%)
        96,374,651      branch-misses             #    0.14% of all branches        

      55.695379318 seconds time elapsed