LC_NUMERIC=en_US.UTF8 perf stat -B -C 1-2 taskset -c 2 /tmp/eucycles/pyben-nio/src/run --server start --bind 10.10.1.3 --size 1073741824 --port 8881 --filename /tmp/eucycles/data_file --bufsize 50mb --method "match; func=lambda v: v - 48 < 4; sztype=BEFORE"

2018-07-06 04:45:39,488 | server           | INFO     | PID=3054 | [bufsize: 52428800 bytes] [zerocopy: False]
2018-07-06 04:45:39,502 | methods.match    | INFO     | PID=3054 | [method: methods.match]
2018-07-06 04:45:39,502 | methods.match    | INFO     | PID=3054 | [method parameters: {'sztype': 'BEFORE', 'func': 'lambda v: v - 48 < 4', 'mpws': '50MB'}]
2018-07-06 04:45:39,522 | methods.match    | INFO     | PID=3054 | Start 1 process to handle data filtering
2018-07-06 04:45:39,522 | server           | INFO     | PID=3054 | Ready to send 1073741824 bytes using data file size of 1073741824 bytes
2018-07-06 04:45:39,523 | server           | INFO     | PID=3054 | Listening socket bound to port 8881
2018-07-06 04:45:43,832 | server           | INFO     | PID=3054 | Accepted incoming connection ('10.10.1.2', 39950) from client. Sending data ...
2018-07-06 04:49:17,243 | server           | INFO     | PID=3054 | [SUMMARY] [Sent: 429516377 bytes] [Read: 429516377 bytes (40.002% of 1073741824 raw bytes)] [Duration: 213.41058921813965 seconds] [Bitrate: 16101033.358226316 bit/s]
2018-07-06 04:49:17,243 | server           | INFO     | PID=3054 | Resources closed, now exiting

 Performance counter stats for 'CPU(s) 1-2':

     435741.416979      task-clock (msec)         #    2.000 CPUs utilized            (100.00%)
            17,729      context-switches          #    0.041 K/sec                    (100.00%)
                 1      cpu-migrations            #    0.000 K/sec                    (100.00%)
            36,516      page-faults               #    0.084 K/sec                  
   543,792,120,702      cycles                    #    1.248 GHz                      (100.00%)
   <not supported>      stalled-cycles-frontend  
   <not supported>      stalled-cycles-backend   
 1,549,906,114,964      instructions              #    2.85  insns per cycle          (100.00%)
   292,211,253,049      branches                  #  670.607 M/sec                    (100.00%)
       587,362,663      branch-misses             #    0.20% of all branches        

     217.889460546 seconds time elapsed