LC_NUMERIC=en_US.UTF8 perf stat -B -C 1-2 taskset -c 2 /tmp/eucycles/pyben-nio/src/run --server start --bind 10.10.1.6 --size 153391689 --port 8881 --filename /tmp/eucycles/data_file --bufsize 50mb --method "match; func=lambda v: v - 48 < 9; sztype=BEFORE"

2018-07-06 08:24:05,041 | server           | INFO     | PID=13689 | [bufsize: 52428800 bytes] [zerocopy: False]
2018-07-06 08:24:05,055 | methods.match    | INFO     | PID=13689 | [method: methods.match]
2018-07-06 08:24:05,055 | methods.match    | INFO     | PID=13689 | [method parameters: {'func': 'lambda v: v - 48 < 9', 'sztype': 'BEFORE', 'mpws': '50MB'}]
2018-07-06 08:24:05,075 | methods.match    | INFO     | PID=13689 | Start 1 process to handle data filtering
2018-07-06 08:24:05,075 | server           | INFO     | PID=13689 | Ready to send 153391689 bytes using data file size of 1073741824 bytes
2018-07-06 08:24:05,075 | server           | INFO     | PID=13689 | Listening socket bound to port 8881
2018-07-06 08:24:13,351 | server           | INFO     | PID=13689 | Accepted incoming connection ('10.10.1.2', 36139) from client. Sending data ...
2018-07-06 08:24:51,949 | server           | INFO     | PID=13689 | [SUMMARY] [Sent: 138051523 bytes] [Read: 138051523 bytes (89.999% of 153391689 raw bytes)] [Duration: 38.59845685958862 seconds] [Bitrate: 28612858.488554887 bit/s]
2018-07-06 08:24:51,950 | server           | INFO     | PID=13689 | Resources closed, now exiting

 Performance counter stats for 'CPU(s) 1-2':

      94086.274791      task-clock (msec)         #    2.000 CPUs utilized            (100.00%)
             3,069      context-switches          #    0.033 K/sec                    (100.00%)
                 1      cpu-migrations            #    0.000 K/sec                    (100.00%)
            83,534      page-faults               #    0.888 K/sec                  
   126,261,503,604      cycles                    #    1.342 GHz                      (100.00%)
   <not supported>      stalled-cycles-frontend  
   <not supported>      stalled-cycles-backend   
   289,313,201,896      instructions              #    2.29  insns per cycle          (100.00%)
    55,413,895,485      branches                  #  588.969 M/sec                    (100.00%)
        34,246,719      branch-misses             #    0.06% of all branches        

      47.043125859 seconds time elapsed