LC_NUMERIC=en_US.UTF8 perf stat -B -C 1-2 taskset -c 2 /tmp/eucycles/pyben-nio/src/run --server start --bind 10.10.1.3 --size 268435456 --port 8881 --filename /tmp/eucycles/data_file --bufsize 50mb --method "match; func=lambda v: v - 48 < 0; sztype=BEFORE"

2018-07-06 02:19:20,831 | server           | INFO     | PID=23525 | [bufsize: 52428800 bytes] [zerocopy: False]
2018-07-06 02:19:20,845 | methods.match    | INFO     | PID=23525 | [method: methods.match]
2018-07-06 02:19:20,845 | methods.match    | INFO     | PID=23525 | [method parameters: {'func': 'lambda v: v - 48 < 0', 'sztype': 'BEFORE', 'mpws': '50MB'}]
2018-07-06 02:19:20,866 | methods.match    | INFO     | PID=23525 | Start 1 process to handle data filtering
2018-07-06 02:19:20,866 | server           | INFO     | PID=23525 | Ready to send 268435456 bytes using data file size of 1073741824 bytes
2018-07-06 02:19:20,866 | server           | INFO     | PID=23525 | Listening socket bound to port 8881
2018-07-06 02:19:29,008 | server           | INFO     | PID=23525 | Accepted incoming connection ('10.10.1.2', 36530) from client. Sending data ...
2018-07-06 02:20:06,619 | server           | INFO     | PID=23525 | [SUMMARY] [Sent: 0 bytes] [Read: 0 bytes (0.000% of 268435456 raw bytes)] [Duration: 37.61074995994568 seconds] [Bitrate: 0.0 bit/s]
2018-07-06 02:20:06,619 | server           | INFO     | PID=23525 | Resources closed, now exiting

 Performance counter stats for 'CPU(s) 1-2':

      91836.807482      task-clock (msec)         #    2.000 CPUs utilized            (100.00%)
             4,586      context-switches          #    0.050 K/sec                    (100.00%)
                 1      cpu-migrations            #    0.000 K/sec                    (100.00%)
            16,032      page-faults               #    0.175 K/sec                  
    95,431,408,502      cycles                    #    1.039 GHz                      (100.00%)
   <not supported>      stalled-cycles-frontend  
   <not supported>      stalled-cycles-backend   
   292,171,193,169      instructions              #    3.06  insns per cycle          (100.00%)
    53,492,084,204      branches                  #  582.469 M/sec                    (100.00%)
        29,940,535      branch-misses             #    0.06% of all branches        

      45.922220039 seconds time elapsed