LC_NUMERIC=en_US.UTF8 perf stat -B -C 1-2 taskset -c 2 /tmp/eucycles/pyben-nio/src/run --server start --bind 10.10.1.3 --size 357913942 --port 8881 --filename /tmp/eucycles/data_file --bufsize 50mb --method "match; func=lambda v: v - 48 < 7; sztype=BEFORE"

2018-07-06 06:59:52,640 | server           | INFO     | PID=12374 | [bufsize: 52428800 bytes] [zerocopy: False]
2018-07-06 06:59:52,654 | methods.match    | INFO     | PID=12374 | [method: methods.match]
2018-07-06 06:59:52,654 | methods.match    | INFO     | PID=12374 | [method parameters: {'mpws': '50MB', 'func': 'lambda v: v - 48 < 7', 'sztype': 'BEFORE'}]
2018-07-06 06:59:52,675 | methods.match    | INFO     | PID=12374 | Start 1 process to handle data filtering
2018-07-06 06:59:52,675 | server           | INFO     | PID=12374 | Ready to send 357913942 bytes using data file size of 1073741824 bytes
2018-07-06 06:59:52,675 | server           | INFO     | PID=12374 | Listening socket bound to port 8881
2018-07-06 06:59:59,570 | server           | INFO     | PID=12374 | Accepted incoming connection ('10.10.1.2', 52914) from client. Sending data ...
2018-07-06 07:01:23,122 | server           | INFO     | PID=12374 | [SUMMARY] [Sent: 250530654 bytes] [Read: 250530654 bytes (69.997% of 357913942 raw bytes)] [Duration: 83.55185103416443 seconds] [Bitrate: 23988041.045080643 bit/s]
2018-07-06 07:01:23,122 | server           | INFO     | PID=12374 | Resources closed, now exiting

 Performance counter stats for 'CPU(s) 1-2':

     181215.322336      task-clock (msec)         #    2.000 CPUs utilized            (100.00%)
             6,483      context-switches          #    0.036 K/sec                    (100.00%)
                 1      cpu-migrations            #    0.000 K/sec                    (100.00%)
           138,462      page-faults               #    0.764 K/sec                  
   213,837,104,591      cycles                    #    1.180 GHz                      (100.00%)
   <not supported>      stalled-cycles-frontend  
   <not supported>      stalled-cycles-backend   
   605,184,112,494      instructions              #    2.83  insns per cycle          (100.00%)
   115,129,920,445      branches                  #  635.321 M/sec                    (100.00%)
       159,096,968      branch-misses             #    0.14% of all branches        

      90.615360486 seconds time elapsed