LC_NUMERIC=en_US.UTF8 perf stat -B -C 1-2 taskset -c 2 /tmp/eucycles/pyben-nio/src/run --server start --bind 10.10.1.8 --size 178956970 --port 8881 --filename /tmp/eucycles/data_file --bufsize 50mb --method "match; func=lambda v: v - 48 < 9; sztype=BEFORE"

2018-07-06 08:54:43,911 | server           | INFO     | PID=26520 | [bufsize: 52428800 bytes] [zerocopy: False]
2018-07-06 08:54:43,925 | methods.match    | INFO     | PID=26520 | [method: methods.match]
2018-07-06 08:54:43,925 | methods.match    | INFO     | PID=26520 | [method parameters: {'mpws': '50MB', 'sztype': 'BEFORE', 'func': 'lambda v: v - 48 < 9'}]
2018-07-06 08:54:43,946 | methods.match    | INFO     | PID=26520 | Start 1 process to handle data filtering
2018-07-06 08:54:43,946 | server           | INFO     | PID=26520 | Ready to send 178956970 bytes using data file size of 1073741824 bytes
2018-07-06 08:54:43,946 | server           | INFO     | PID=26520 | Listening socket bound to port 8881
2018-07-06 08:54:48,565 | server           | INFO     | PID=26520 | Accepted incoming connection ('10.10.1.2', 37525) from client. Sending data ...
2018-07-06 08:55:33,699 | server           | INFO     | PID=26520 | [SUMMARY] [Sent: 161062601 bytes] [Read: 161062601 bytes (90.001% of 178956970 raw bytes)] [Duration: 45.133338928222656 seconds] [Bitrate: 28548758.82436161 bit/s]
2018-07-06 08:55:33,699 | server           | INFO     | PID=26520 | Resources closed, now exiting

 Performance counter stats for 'CPU(s) 1-2':

      99757.783037      task-clock (msec)         #    2.000 CPUs utilized            (100.00%)
             3,247      context-switches          #    0.033 K/sec                    (100.00%)
                 1      cpu-migrations            #    0.000 K/sec                    (100.00%)
            94,725      page-faults               #    0.950 K/sec                  
   118,245,593,963      cycles                    #    1.185 GHz                      (100.00%)
   <not supported>      stalled-cycles-frontend  
   <not supported>      stalled-cycles-backend   
   329,939,375,012      instructions              #    2.79  insns per cycle          (100.00%)
    62,753,511,727      branches                  #  629.059 M/sec                    (100.00%)
        39,466,960      branch-misses             #    0.06% of all branches        

      49.880866279 seconds time elapsed