LC_NUMERIC=en_US.UTF8 perf stat -B -C 1-2 taskset -c 2 /tmp/eucycles/pyben-nio/src/run --server start --bind 10.10.1.8 --size 178956970 --port 8881 --filename /tmp/eucycles/data_file --bufsize 50mb --method "match; func=lambda v: v - 48 < 4; sztype=BEFORE"

2018-07-06 04:43:12,401 | server           | INFO     | PID=18008 | [bufsize: 52428800 bytes] [zerocopy: False]
2018-07-06 04:43:12,414 | methods.match    | INFO     | PID=18008 | [method: methods.match]
2018-07-06 04:43:12,415 | methods.match    | INFO     | PID=18008 | [method parameters: {'sztype': 'BEFORE', 'func': 'lambda v: v - 48 < 4', 'mpws': '50MB'}]
2018-07-06 04:43:12,435 | methods.match    | INFO     | PID=18008 | Start 1 process to handle data filtering
2018-07-06 04:43:12,435 | server           | INFO     | PID=18008 | Ready to send 178956970 bytes using data file size of 1073741824 bytes
2018-07-06 04:43:12,435 | server           | INFO     | PID=18008 | Listening socket bound to port 8881
2018-07-06 04:43:17,058 | server           | INFO     | PID=18008 | Accepted incoming connection ('10.10.1.2', 48737) from client. Sending data ...
2018-07-06 04:43:52,401 | server           | INFO     | PID=18008 | [SUMMARY] [Sent: 71580409 bytes] [Read: 71580409 bytes (39.999% of 178956970 raw bytes)] [Duration: 35.34260106086731 seconds] [Bitrate: 16202635.199763289 bit/s]
2018-07-06 04:43:52,401 | server           | INFO     | PID=18008 | Resources closed, now exiting

 Performance counter stats for 'CPU(s) 1-2':

      80185.236674      task-clock (msec)         #    2.000 CPUs utilized            (100.00%)
             3,086      context-switches          #    0.038 K/sec                    (100.00%)
                 1      cpu-migrations            #    0.000 K/sec                    (100.00%)
            36,474      page-faults               #    0.455 K/sec                  
    90,299,224,252      cycles                    #    1.126 GHz                      (100.00%)
   <not supported>      stalled-cycles-frontend  
   <not supported>      stalled-cycles-backend   
   255,773,955,702      instructions              #    2.83  insns per cycle          (100.00%)
    47,874,197,286      branches                  #  597.045 M/sec                    (100.00%)
       100,078,235      branch-misses             #    0.21% of all branches        

      40.094170887 seconds time elapsed