LC_NUMERIC=en_US.UTF8 perf stat -B -C 1-2 taskset -c 2 /tmp/eucycles/pyben-nio/src/run --client start --addresses 10.10.1.3  10.10.1.4  10.10.1.5 --size 1GB --port 8881 --bind 10.10.1.2 --bufsize 50mb --cache 0b --method "raw"

2018-07-06 02:50:06,034 | client           | INFO     | PID=20240 | [bufsize: 52428800 bytes]
2018-07-06 02:50:06,061 | client           | INFO     | PID=20243 | Connecting to server 10.10.1.3 on port 8881
2018-07-06 02:50:06,062 | client           | INFO     | PID=20242 | Connecting to server 10.10.1.4 on port 8881
2018-07-06 02:50:06,062 | client           | INFO     | PID=20243 | Connection established. Receiving data ...
2018-07-06 02:50:06,062 | methods.raw      | INFO     | PID=20243 | [method: methods.raw]
2018-07-06 02:50:06,063 | methods.raw      | INFO     | PID=20243 | [method parameters: {}]
2018-07-06 02:50:06,068 | client           | INFO     | PID=20242 | Connection established. Receiving data ...
2018-07-06 02:50:06,068 | methods.raw      | INFO     | PID=20242 | [method: methods.raw]
2018-07-06 02:50:06,068 | methods.raw      | INFO     | PID=20242 | [method parameters: {}]
2018-07-06 02:50:06,072 | client           | INFO     | PID=20241 | Connecting to server 10.10.1.5 on port 8881
2018-07-06 02:50:06,073 | client           | INFO     | PID=20241 | Connection established. Receiving data ...
2018-07-06 02:50:06,073 | methods.raw      | INFO     | PID=20241 | [method: methods.raw]
2018-07-06 02:50:06,073 | methods.raw      | INFO     | PID=20241 | [method parameters: {}]
2018-07-06 02:51:01,465 | client           | INFO     | PID=20241 | [Received: 35785434 bytes (35785434 raw bytes)] [Duration: 55.33880114555359 seconds] [Bitrate: 5173286.483872493 bit/s]
2018-07-06 02:51:01,465 | client           | INFO     | PID=20241 | Socket closed
2018-07-06 02:51:02,074 | client           | INFO     | PID=20243 | [Received: 35788115 bytes (35788115 raw bytes)] [Duration: 55.955199003219604 seconds] [Bitrate: 5116681.293252595 bit/s]
2018-07-06 02:51:02,074 | client           | INFO     | PID=20243 | Socket closed
2018-07-06 02:51:02,443 | client           | INFO     | PID=20242 | [Received: 35784134 bytes (35784134 raw bytes)] [Duration: 56.319029092788696 seconds] [Bitrate: 5083061.207045125 bit/s]
2018-07-06 02:51:02,443 | client           | INFO     | PID=20242 | Socket closed
2018-07-06 02:51:02,524 | client           | INFO     | PID=20240 | [SUMMARY] [Received: 107357683 bytes (100.000% of 107357683 raw bytes)] [Duration: 56.3239381313324 seconds] [Bitrate: 15248604.634096505 bit/s]

 Performance counter stats for 'CPU(s) 1-2':

     113127.278141      task-clock (msec)         #    2.000 CPUs utilized            (100.00%)
             2,086      context-switches          #    0.018 K/sec                    (100.00%)
                 1      cpu-migrations            #    0.000 K/sec                    (100.00%)
            49,937      page-faults               #    0.441 K/sec                  
     1,133,711,033      cycles                    #    0.010 GHz                      (100.00%)
   <not supported>      stalled-cycles-frontend  
   <not supported>      stalled-cycles-backend   
       706,859,277      instructions              #    0.62  insns per cycle          (100.00%)
       146,717,831      branches                  #    1.297 M/sec                    (100.00%)
         3,790,006      branch-misses             #    2.58% of all branches        

      56.564100731 seconds time elapsed