LC_NUMERIC=en_US.UTF8 perf stat -B -C 1-2 taskset -c 2 /tmp/eucycles/pyben-nio/src/run --server start --bind 10.10.1.3 --size 1073741824 --port 8881 --filename /tmp/eucycles/data_file --bufsize 50mb --method "match; func=lambda v: v - 48 < 10; sztype=BEFORE"

2018-07-06 09:14:00,450 | server           | INFO     | PID=21070 | [bufsize: 52428800 bytes] [zerocopy: False]
2018-07-06 09:14:00,465 | methods.match    | INFO     | PID=21070 | [method: methods.match]
2018-07-06 09:14:00,465 | methods.match    | INFO     | PID=21070 | [method parameters: {'func': 'lambda v: v - 48 < 10', 'mpws': '50MB', 'sztype': 'BEFORE'}]
2018-07-06 09:14:00,485 | methods.match    | INFO     | PID=21070 | Start 1 process to handle data filtering
2018-07-06 09:14:00,486 | server           | INFO     | PID=21070 | Ready to send 1073741824 bytes using data file size of 1073741824 bytes
2018-07-06 09:14:00,486 | server           | INFO     | PID=21070 | Listening socket bound to port 8881
2018-07-06 09:14:04,796 | server           | INFO     | PID=21070 | Accepted incoming connection ('10.10.1.2', 39622) from client. Sending data ...
2018-07-06 09:18:46,422 | server           | INFO     | PID=21070 | [SUMMARY] [Sent: 1073741824 bytes] [Read: 1073741824 bytes (100.000% of 1073741824 raw bytes)] [Duration: 281.626424074173 seconds] [Bitrate: 30501166.998937704 bit/s]
2018-07-06 09:18:46,423 | server           | INFO     | PID=21070 | Resources closed, now exiting

 Performance counter stats for 'CPU(s) 1-2':

     572161.093556      task-clock (msec)         #    2.000 CPUs utilized            (100.00%)
            18,990      context-switches          #    0.033 K/sec                    (100.00%)
                 1      cpu-migrations            #    0.000 K/sec                    (100.00%)
           540,459      page-faults               #    0.945 K/sec                  
   720,926,977,727      cycles                    #    1.260 GHz                      (100.00%)
   <not supported>      stalled-cycles-frontend  
   <not supported>      stalled-cycles-backend   
 2,064,646,720,359      instructions              #    2.86  insns per cycle          (100.00%)
   393,357,745,078      branches                  #  687.495 M/sec                    (100.00%)
       117,682,162      branch-misses             #    0.03% of all branches        

     286.105224119 seconds time elapsed