LC_NUMERIC=en_US.UTF8 perf stat -B -C 1-2 taskset -c 2 /tmp/eucycles/pyben-nio/src/run --server start --bind 10.10.1.6 --size 214748364 --port 8881 --filename /tmp/eucycles/data_file --bufsize 50mb --method "match; func=lambda v: v - 48 < 5; sztype=BEFORE"

2018-07-04 17:52:02,512 | server           | INFO     | PID=23383 | [bufsize: 52428800 bytes] [zerocopy: False]
2018-07-04 17:52:02,526 | methods.match    | INFO     | PID=23383 | [method: methods.match]
2018-07-04 17:52:02,526 | methods.match    | INFO     | PID=23383 | [method parameters: {'func': 'lambda v: v - 48 < 5', 'sztype': 'BEFORE', 'mpws': '50MB'}]
2018-07-04 17:52:02,546 | methods.match    | INFO     | PID=23383 | Start 1 process to handle data filtering
2018-07-04 17:52:02,547 | server           | INFO     | PID=23383 | Ready to send 214748364 bytes using data file size of 1073741824 bytes
2018-07-04 17:52:02,547 | server           | INFO     | PID=23383 | Listening socket bound to port 8881
2018-07-04 17:52:07,082 | server           | INFO     | PID=23383 | Accepted incoming connection ('10.10.1.1', 50168) from client. Sending data ...
2018-07-04 17:52:54,213 | server           | INFO     | PID=23383 | [SUMMARY] [Sent: 107379615 bytes] [Read: 107379615 bytes (50.003% of 214748364 raw bytes)] [Duration: 47.13142991065979 seconds] [Bitrate: 18226413.279383875 bit/s]
2018-07-04 17:52:54,213 | server           | INFO     | PID=23383 | Resources closed, now exiting

 Performance counter stats for 'CPU(s) 1-2':

     103590.602749      task-clock (msec)         #    2.000 CPUs utilized            (100.00%)
             3,707      context-switches          #    0.036 K/sec                    (100.00%)
                 1      cpu-migrations            #    0.000 K/sec                    (100.00%)
            41,607      page-faults               #    0.402 K/sec                  
   141,298,044,526      cycles                    #    1.364 GHz                      (100.00%)
   <not supported>      stalled-cycles-frontend  
   <not supported>      stalled-cycles-backend   
   331,098,838,561      instructions              #    2.34  insns per cycle          (100.00%)
    62,618,608,796      branches                  #  604.482 M/sec                    (100.00%)
       134,482,154      branch-misses             #    0.21% of all branches        

      51.795303861 seconds time elapsed