LC_NUMERIC=en_US.UTF8 perf stat -B -C 1-2 taskset -c 2 /tmp/eucycles/pyben-nio/src/run --server start --bind 10.10.1.3 --size 153391690 --port 8881 --filename /tmp/eucycles/data_file --bufsize 50mb --method "match; func=lambda v: v - 48 < 7; sztype=BEFORE"

2018-07-06 07:21:24,709 | server           | INFO     | PID=13949 | [bufsize: 52428800 bytes] [zerocopy: False]
2018-07-06 07:21:24,723 | methods.match    | INFO     | PID=13949 | [method: methods.match]
2018-07-06 07:21:24,724 | methods.match    | INFO     | PID=13949 | [method parameters: {'sztype': 'BEFORE', 'mpws': '50MB', 'func': 'lambda v: v - 48 < 7'}]
2018-07-06 07:21:24,744 | methods.match    | INFO     | PID=13949 | Start 1 process to handle data filtering
2018-07-06 07:21:24,745 | server           | INFO     | PID=13949 | Ready to send 153391690 bytes using data file size of 1073741824 bytes
2018-07-06 07:21:24,745 | server           | INFO     | PID=13949 | Listening socket bound to port 8881
2018-07-06 07:21:36,731 | server           | INFO     | PID=13949 | Accepted incoming connection ('10.10.1.2', 39301) from client. Sending data ...
2018-07-06 07:22:13,286 | server           | INFO     | PID=13949 | [SUMMARY] [Sent: 107357976 bytes] [Read: 107357976 bytes (69.989% of 153391690 raw bytes)] [Duration: 36.554874897003174 seconds] [Bitrate: 23495192.10282979 bit/s]
2018-07-06 07:22:13,286 | server           | INFO     | PID=13949 | Resources closed, now exiting

 Performance counter stats for 'CPU(s) 1-2':

      97412.416161      task-clock (msec)         #    2.000 CPUs utilized            (100.00%)
             3,027      context-switches          #    0.031 K/sec                    (100.00%)
                 1      cpu-migrations            #    0.000 K/sec                    (100.00%)
            68,551      page-faults               #    0.704 K/sec                  
    93,875,546,261      cycles                    #    0.964 GHz                      (100.00%)
   <not supported>      stalled-cycles-frontend  
   <not supported>      stalled-cycles-backend   
   261,857,222,444      instructions              #    2.79  insns per cycle          (100.00%)
    49,997,250,236      branches                  #  513.253 M/sec                    (100.00%)
        69,884,670      branch-misses             #    0.14% of all branches        

      48.710265592 seconds time elapsed