LC_NUMERIC=en_US.UTF8 perf stat -B -C 1-2 taskset -c 2 /tmp/eucycles/pyben-nio/src/run --server start --bind 10.10.1.8 --size 153391689 --port 8881 --filename /tmp/eucycles/data_file --bufsize 50mb --method "match; func=lambda v: v - 48 < 1; sztype=BEFORE"

2018-07-06 02:55:03,748 | server           | INFO     | PID=13795 | [bufsize: 52428800 bytes] [zerocopy: False]
2018-07-06 02:55:03,762 | methods.match    | INFO     | PID=13795 | [method: methods.match]
2018-07-06 02:55:03,763 | methods.match    | INFO     | PID=13795 | [method parameters: {'func': 'lambda v: v - 48 < 1', 'mpws': '50MB', 'sztype': 'BEFORE'}]
2018-07-06 02:55:03,783 | methods.match    | INFO     | PID=13795 | Start 1 process to handle data filtering
2018-07-06 02:55:03,783 | server           | INFO     | PID=13795 | Ready to send 153391689 bytes using data file size of 1073741824 bytes
2018-07-06 02:55:03,783 | server           | INFO     | PID=13795 | Listening socket bound to port 8881
2018-07-06 02:55:09,619 | server           | INFO     | PID=13795 | Accepted incoming connection ('10.10.1.2', 36191) from client. Sending data ...
2018-07-06 02:55:33,419 | server           | INFO     | PID=13795 | [SUMMARY] [Sent: 15347261 bytes] [Read: 15347261 bytes (10.005% of 153391689 raw bytes)] [Duration: 23.79971194267273 seconds] [Bitrate: 5158805.631586645 bit/s]
2018-07-06 02:55:33,419 | server           | INFO     | PID=13795 | Resources closed, now exiting

 Performance counter stats for 'CPU(s) 1-2':

      59612.286545      task-clock (msec)         #    2.000 CPUs utilized            (100.00%)
             2,878      context-switches          #    0.048 K/sec                    (100.00%)
                 1      cpu-migrations            #    0.000 K/sec                    (100.00%)
            21,297      page-faults               #    0.357 K/sec                  
    60,625,691,640      cycles                    #    1.017 GHz                      (100.00%)
   <not supported>      stalled-cycles-frontend  
   <not supported>      stalled-cycles-backend   
   181,540,699,204      instructions              #    2.99  insns per cycle          (100.00%)
    33,488,879,723      branches                  #  561.778 M/sec                    (100.00%)
        33,671,477      branch-misses             #    0.10% of all branches        

      29.807253442 seconds time elapsed