LC_NUMERIC=en_US.UTF8 perf stat -B -C 1-2 taskset -c 2 /tmp/eucycles/pyben-nio/src/run --server start --bind 10.10.1.3 --size 214748365 --port 8881 --filename /tmp/eucycles/data_file --bufsize 50mb --method "match; func=lambda v: v - 48 < 9; sztype=BEFORE"

2018-07-06 08:37:04,643 | server           | INFO     | PID=18665 | [bufsize: 52428800 bytes] [zerocopy: False]
2018-07-06 08:37:04,657 | methods.match    | INFO     | PID=18665 | [method: methods.match]
2018-07-06 08:37:04,658 | methods.match    | INFO     | PID=18665 | [method parameters: {'mpws': '50MB', 'sztype': 'BEFORE', 'func': 'lambda v: v - 48 < 9'}]
2018-07-06 08:37:04,678 | methods.match    | INFO     | PID=18665 | Start 1 process to handle data filtering
2018-07-06 08:37:04,678 | server           | INFO     | PID=18665 | Ready to send 214748365 bytes using data file size of 1073741824 bytes
2018-07-06 08:37:04,678 | server           | INFO     | PID=18665 | Listening socket bound to port 8881
2018-07-06 08:37:14,158 | server           | INFO     | PID=18665 | Accepted incoming connection ('10.10.1.2', 51972) from client. Sending data ...
2018-07-06 08:38:08,339 | server           | INFO     | PID=18665 | [SUMMARY] [Sent: 193264327 bytes] [Read: 193264327 bytes (89.996% of 214748365 raw bytes)] [Duration: 54.180590867996216 seconds] [Bitrate: 28536318.840946235 bit/s]
2018-07-06 08:38:08,339 | server           | INFO     | PID=18665 | Resources closed, now exiting

 Performance counter stats for 'CPU(s) 1-2':

     127645.491357      task-clock (msec)         #    2.000 CPUs utilized            (100.00%)
             4,094      context-switches          #    0.032 K/sec                    (100.00%)
                 1      cpu-migrations            #    0.000 K/sec                    (100.00%)
           110,486      page-faults               #    0.866 K/sec                  
   138,936,371,875      cycles                    #    1.088 GHz                      (100.00%)
   <not supported>      stalled-cycles-frontend  
   <not supported>      stalled-cycles-backend   
   395,073,902,396      instructions              #    2.84  insns per cycle          (100.00%)
    75,093,460,322      branches                  #  588.297 M/sec                    (100.00%)
        46,951,232      branch-misses             #    0.06% of all branches        

      63.828116500 seconds time elapsed