LC_NUMERIC=en_US.UTF8 perf stat -B -C 1-2 taskset -c 2 /tmp/eucycles/pyben-nio/src/run --client start --addresses 10.10.1.3 --size 1GB --port 8881 --bind 10.10.1.2 --bufsize 50mb --cache 0b --method "raw"

2018-07-06 05:40:22,373 | client           | INFO     | PID=26389 | [bufsize: 52428800 bytes]
2018-07-06 05:40:22,397 | client           | INFO     | PID=26390 | Connecting to server 10.10.1.3 on port 8881
2018-07-06 05:40:22,397 | client           | INFO     | PID=26390 | Connection established. Receiving data ...
2018-07-06 05:40:22,398 | methods.raw      | INFO     | PID=26390 | [method: methods.raw]
2018-07-06 05:40:22,398 | methods.raw      | INFO     | PID=26390 | [method parameters: {}]
2018-07-06 05:44:06,775 | client           | INFO     | PID=26390 | [Received: 536863471 bytes (536863471 raw bytes)] [Duration: 224.35609316825867 seconds] [Bitrate: 19143263.315692432 bit/s]
2018-07-06 05:44:06,775 | client           | INFO     | PID=26390 | Socket closed
2018-07-06 05:44:06,841 | client           | INFO     | PID=26389 | [SUMMARY] [Received: 536863471 bytes (100.000% of 536863471 raw bytes)] [Duration: 224.35609316825867 seconds] [Bitrate: 19143263.315692432 bit/s]

 Performance counter stats for 'CPU(s) 1-2':

     449080.134231      task-clock (msec)         #    2.000 CPUs utilized            (100.00%)
             7,956      context-switches          #    0.018 K/sec                    (100.00%)
                 1      cpu-migrations            #    0.000 K/sec                    (100.00%)
            19,948      page-faults               #    0.044 K/sec                  
     3,123,035,936      cycles                    #    0.007 GHz                      (100.00%)
   <not supported>      stalled-cycles-frontend  
   <not supported>      stalled-cycles-backend   
     1,533,447,825      instructions              #    0.49  insns per cycle          (100.00%)
       317,839,068      branches                  #    0.708 M/sec                    (100.00%)
         7,345,467      branch-misses             #    2.31% of all branches        

     224.542429697 seconds time elapsed