LC_NUMERIC=en_US.UTF8 perf stat -B -C 1-2 taskset -c 2 /tmp/eucycles/pyben-nio/src/run --server start --bind 10.10.1.4 --size 268435456 --port 8881 --filename /tmp/eucycles/data_file --bufsize 50mb --method "match; func=lambda v: v - 48 < 5; sztype=BEFORE"

2018-07-04 17:34:36,977 | server           | INFO     | PID=31944 | [bufsize: 52428800 bytes] [zerocopy: False]
2018-07-04 17:34:36,991 | methods.match    | INFO     | PID=31944 | [method: methods.match]
2018-07-04 17:34:36,992 | methods.match    | INFO     | PID=31944 | [method parameters: {'sztype': 'BEFORE', 'mpws': '50MB', 'func': 'lambda v: v - 48 < 5'}]
2018-07-04 17:34:37,012 | methods.match    | INFO     | PID=31944 | Start 1 process to handle data filtering
2018-07-04 17:34:37,012 | server           | INFO     | PID=31944 | Ready to send 268435456 bytes using data file size of 1073741824 bytes
2018-07-04 17:34:37,012 | server           | INFO     | PID=31944 | Listening socket bound to port 8881
2018-07-04 17:34:42,666 | server           | INFO     | PID=31944 | Accepted incoming connection ('10.10.1.1', 59811) from client. Sending data ...
2018-07-04 17:35:40,258 | server           | INFO     | PID=31944 | [SUMMARY] [Sent: 134204449 bytes] [Read: 134204449 bytes (49.995% of 268435456 raw bytes)] [Duration: 57.59244894981384 seconds] [Bitrate: 18641950.665018044 bit/s]
2018-07-04 17:35:40,258 | server           | INFO     | PID=31944 | Resources closed, now exiting

 Performance counter stats for 'CPU(s) 1-2':

     126836.392356      task-clock (msec)         #    2.000 CPUs utilized            (100.00%)
             4,803      context-switches          #    0.038 K/sec                    (100.00%)
                 1      cpu-migrations            #    0.000 K/sec                    (100.00%)
            41,632      page-faults               #    0.328 K/sec                  
   143,752,975,791      cycles                    #    1.133 GHz                      (100.00%)
   <not supported>      stalled-cycles-frontend  
   <not supported>      stalled-cycles-backend   
   405,460,356,402      instructions              #    2.82  insns per cycle          (100.00%)
    76,174,708,899      branches                  #  600.575 M/sec                    (100.00%)
       167,500,551      branch-misses             #    0.22% of all branches        

      63.418659686 seconds time elapsed