LC_NUMERIC=en_US.UTF8 perf stat -B -C 1-2 taskset -c 2 /tmp/eucycles/pyben-nio/src/run --server start --bind 10.10.1.4 --size 214748365 --port 8881 --filename /tmp/eucycles/data_file --bufsize 50mb --method "match; func=lambda v: v - 48 < 7; sztype=BEFORE"

2018-07-06 07:03:34,626 | server           | INFO     | PID=32658 | [bufsize: 52428800 bytes] [zerocopy: False]
2018-07-06 07:03:34,640 | methods.match    | INFO     | PID=32658 | [method: methods.match]
2018-07-06 07:03:34,641 | methods.match    | INFO     | PID=32658 | [method parameters: {'func': 'lambda v: v - 48 < 7', 'sztype': 'BEFORE', 'mpws': '50MB'}]
2018-07-06 07:03:34,661 | methods.match    | INFO     | PID=32658 | Start 1 process to handle data filtering
2018-07-06 07:03:34,661 | server           | INFO     | PID=32658 | Ready to send 214748365 bytes using data file size of 1073741824 bytes
2018-07-06 07:03:34,661 | server           | INFO     | PID=32658 | Listening socket bound to port 8881
2018-07-06 07:03:42,770 | server           | INFO     | PID=32658 | Accepted incoming connection ('10.10.1.2', 56978) from client. Sending data ...
2018-07-06 07:04:32,485 | server           | INFO     | PID=32658 | [SUMMARY] [Sent: 150316705 bytes] [Read: 150316705 bytes (69.997% of 214748365 raw bytes)] [Duration: 49.71475791931152 seconds] [Bitrate: 24188665.30441014 bit/s]
2018-07-06 07:04:32,485 | server           | INFO     | PID=32658 | Resources closed, now exiting

 Performance counter stats for 'CPU(s) 1-2':

     115985.302927      task-clock (msec)         #    2.000 CPUs utilized            (100.00%)
             4,021      context-switches          #    0.035 K/sec                    (100.00%)
                 1      cpu-migrations            #    0.000 K/sec                    (100.00%)
            89,508      page-faults               #    0.772 K/sec                  
   127,387,074,206      cycles                    #    1.098 GHz                      (100.00%)
   <not supported>      stalled-cycles-frontend  
   <not supported>      stalled-cycles-backend   
   359,810,806,898      instructions              #    2.82  insns per cycle          (100.00%)
    68,033,776,406      branches                  #  586.572 M/sec                    (100.00%)
        96,493,993      branch-misses             #    0.14% of all branches        

      57.993048198 seconds time elapsed