LC_NUMERIC=en_US.UTF8 perf stat -B -C 1-2 taskset -c 2 /tmp/eucycles/pyben-nio/src/run --server start --bind 10.10.1.6 --size 268435456 --port 8881 --filename /tmp/eucycles/data_file --bufsize 50mb --method "match; func=lambda v: v - 48 < 5; sztype=BEFORE"

2018-07-06 05:34:46,267 | server           | INFO     | PID=5574 | [bufsize: 52428800 bytes] [zerocopy: False]
2018-07-06 05:34:46,281 | methods.match    | INFO     | PID=5574 | [method: methods.match]
2018-07-06 05:34:46,281 | methods.match    | INFO     | PID=5574 | [method parameters: {'sztype': 'BEFORE', 'mpws': '50MB', 'func': 'lambda v: v - 48 < 5'}]
2018-07-06 05:34:46,302 | methods.match    | INFO     | PID=5574 | Start 1 process to handle data filtering
2018-07-06 05:34:46,302 | server           | INFO     | PID=5574 | Ready to send 268435456 bytes using data file size of 1073741824 bytes
2018-07-06 05:34:46,302 | server           | INFO     | PID=5574 | Listening socket bound to port 8881
2018-07-06 05:34:50,778 | server           | INFO     | PID=5574 | Accepted incoming connection ('10.10.1.2', 38749) from client. Sending data ...
2018-07-06 05:35:47,167 | server           | INFO     | PID=5574 | [SUMMARY] [Sent: 134223301 bytes] [Read: 134223301 bytes (50.002% of 268435456 raw bytes)] [Duration: 56.38928699493408 seconds] [Bitrate: 19042383.140905242 bit/s]
2018-07-06 05:35:47,167 | server           | INFO     | PID=5574 | Resources closed, now exiting

 Performance counter stats for 'CPU(s) 1-2':

     121987.656838      task-clock (msec)         #    2.000 CPUs utilized            (100.00%)
             4,583      context-switches          #    0.038 K/sec                    (100.00%)
                 1      cpu-migrations            #    0.000 K/sec                    (100.00%)
            41,606      page-faults               #    0.341 K/sec                  
   176,796,688,848      cycles                    #    1.449 GHz                      (100.00%)
   <not supported>      stalled-cycles-frontend  
   <not supported>      stalled-cycles-backend   
   413,973,125,971      instructions              #    2.34  insns per cycle          (100.00%)
    78,301,018,304      branches                  #  641.877 M/sec                    (100.00%)
       167,535,122      branch-misses             #    0.21% of all branches        

      60.993850176 seconds time elapsed