LC_NUMERIC=en_US.UTF8 perf stat -B -C 1-2 taskset -c 2 /tmp/eucycles/pyben-nio/src/run --server start --bind 10.10.1.4 --size 268435456 --port 8881 --filename /tmp/eucycles/data_file --bufsize 50mb --method "match; func=lambda v: v - 48 < 0; sztype=BEFORE"

2018-07-06 02:29:54,718 | server           | INFO     | PID=14142 | [bufsize: 52428800 bytes] [zerocopy: False]
2018-07-06 02:29:54,732 | methods.match    | INFO     | PID=14142 | [method: methods.match]
2018-07-06 02:29:54,733 | methods.match    | INFO     | PID=14142 | [method parameters: {'sztype': 'BEFORE', 'mpws': '50MB', 'func': 'lambda v: v - 48 < 0'}]
2018-07-06 02:29:54,753 | methods.match    | INFO     | PID=14142 | Start 1 process to handle data filtering
2018-07-06 02:29:54,753 | server           | INFO     | PID=14142 | Ready to send 268435456 bytes using data file size of 1073741824 bytes
2018-07-06 02:29:54,753 | server           | INFO     | PID=14142 | Listening socket bound to port 8881
2018-07-06 02:30:01,678 | server           | INFO     | PID=14142 | Accepted incoming connection ('10.10.1.2', 60238) from client. Sending data ...
2018-07-06 02:30:39,308 | server           | INFO     | PID=14142 | [SUMMARY] [Sent: 0 bytes] [Read: 0 bytes (0.000% of 268435456 raw bytes)] [Duration: 37.629420042037964 seconds] [Bitrate: 0.0 bit/s]
2018-07-06 02:30:39,308 | server           | INFO     | PID=14142 | Resources closed, now exiting

 Performance counter stats for 'CPU(s) 1-2':

      89447.893616      task-clock (msec)         #    2.000 CPUs utilized            (100.00%)
             4,582      context-switches          #    0.051 K/sec                    (100.00%)
                 1      cpu-migrations            #    0.000 K/sec                    (100.00%)
            16,034      page-faults               #    0.179 K/sec                  
    95,415,390,389      cycles                    #    1.067 GHz                      (100.00%)
   <not supported>      stalled-cycles-frontend  
   <not supported>      stalled-cycles-backend   
   292,168,335,187      instructions              #    3.06  insns per cycle          (100.00%)
    53,491,258,262      branches                  #  598.016 M/sec                    (100.00%)
        29,906,515      branch-misses             #    0.06% of all branches        

      44.724223749 seconds time elapsed