LC_NUMERIC=en_US.UTF8 perf stat -B -C 1-2 taskset -c 2 /tmp/eucycles/pyben-nio/src/run --server start --bind 10.10.1.7 --size 178956970 --port 8881 --filename /tmp/eucycles/data_file --bufsize 50mb --method "match; func=lambda v: v - 48 < 2; sztype=BEFORE"

2018-07-04 15:24:33,936 | server           | INFO     | PID=12668 | [bufsize: 52428800 bytes] [zerocopy: False]
2018-07-04 15:24:33,950 | methods.match    | INFO     | PID=12668 | [method: methods.match]
2018-07-04 15:24:33,951 | methods.match    | INFO     | PID=12668 | [method parameters: {'sztype': 'BEFORE', 'mpws': '50MB', 'func': 'lambda v: v - 48 < 2'}]
2018-07-04 15:24:33,971 | methods.match    | INFO     | PID=12668 | Start 1 process to handle data filtering
2018-07-04 15:24:33,972 | server           | INFO     | PID=12668 | Ready to send 178956970 bytes using data file size of 1073741824 bytes
2018-07-04 15:24:33,972 | server           | INFO     | PID=12668 | Listening socket bound to port 8881
2018-07-04 15:24:38,614 | server           | INFO     | PID=12668 | Accepted incoming connection ('10.10.1.1', 49664) from client. Sending data ...
2018-07-04 15:25:10,052 | server           | INFO     | PID=12668 | [SUMMARY] [Sent: 35800375 bytes] [Read: 35800375 bytes (20.005% of 178956970 raw bytes)] [Duration: 31.437955141067505 seconds] [Bitrate: 9110102.699582735 bit/s]
2018-07-04 15:25:10,053 | server           | INFO     | PID=12668 | Resources closed, now exiting

 Performance counter stats for 'CPU(s) 1-2':

      72413.036063      task-clock (msec)         #    2.000 CPUs utilized            (100.00%)
             3,089      context-switches          #    0.043 K/sec                    (100.00%)
                 1      cpu-migrations            #    0.000 K/sec                    (100.00%)
            26,249      page-faults               #    0.362 K/sec                  
    78,810,312,752      cycles                    #    1.088 GHz                      (100.00%)
   <not supported>      stalled-cycles-frontend  
   <not supported>      stalled-cycles-backend   
   226,408,502,898      instructions              #    2.87  insns per cycle          (100.00%)
    41,995,007,267      branches                  #  579.937 M/sec                    (100.00%)
        59,301,601      branch-misses             #    0.14% of all branches        

      36.209691127 seconds time elapsed