LC_NUMERIC=en_US.UTF8 perf stat -B -C 1-2 taskset -c 2 /tmp/eucycles/pyben-nio/src/run --server start --bind 10.10.1.6 --size 178956971 --port 8881 --filename /tmp/eucycles/data_file --bufsize 50mb --method "match; func=lambda v: v - 48 < 6; sztype=BEFORE"

2018-07-06 06:06:00,019 | server           | INFO     | PID=7246 | [bufsize: 52428800 bytes] [zerocopy: False]
2018-07-06 06:06:00,033 | methods.match    | INFO     | PID=7246 | [method: methods.match]
2018-07-06 06:06:00,034 | methods.match    | INFO     | PID=7246 | [method parameters: {'func': 'lambda v: v - 48 < 6', 'mpws': '50MB', 'sztype': 'BEFORE'}]
2018-07-06 06:06:00,054 | methods.match    | INFO     | PID=7246 | Start 1 process to handle data filtering
2018-07-06 06:06:00,055 | server           | INFO     | PID=7246 | Ready to send 178956971 bytes using data file size of 1073741824 bytes
2018-07-06 06:06:00,055 | server           | INFO     | PID=7246 | Listening socket bound to port 8881
2018-07-06 06:06:07,136 | server           | INFO     | PID=7246 | Accepted incoming connection ('10.10.1.2', 44375) from client. Sending data ...
2018-07-06 06:06:47,123 | server           | INFO     | PID=7246 | [SUMMARY] [Sent: 107373382 bytes] [Read: 107373382 bytes (60.000% of 178956971 raw bytes)] [Duration: 39.987075090408325 seconds] [Bitrate: 21481617.599133793 bit/s]
2018-07-06 06:06:47,123 | server           | INFO     | PID=7246 | Resources closed, now exiting

 Performance counter stats for 'CPU(s) 1-2':

      94476.293076      task-clock (msec)         #    2.000 CPUs utilized            (100.00%)
             3,398      context-switches          #    0.036 K/sec                    (100.00%)
                 1      cpu-migrations            #    0.000 K/sec                    (100.00%)
            54,435      page-faults               #    0.576 K/sec                  
   117,704,187,860      cycles                    #    1.246 GHz                      (100.00%)
   <not supported>      stalled-cycles-frontend  
   <not supported>      stalled-cycles-backend   
   291,995,792,589      instructions              #    2.48  insns per cycle          (100.00%)
    55,640,532,110      branches                  #  588.936 M/sec                    (100.00%)
       102,253,371      branch-misses             #    0.18% of all branches        

      47.238133552 seconds time elapsed