LC_NUMERIC=en_US.UTF8 perf stat -B -C 1-2 taskset -c 2 /tmp/eucycles/pyben-nio/src/run --server start --bind 10.10.1.7 --size 214748364 --port 8881 --filename /tmp/eucycles/data_file --bufsize 50mb --method "match; func=lambda v: v - 48 < 5; sztype=BEFORE"

2018-07-06 05:36:20,584 | server           | INFO     | PID=28089 | [bufsize: 52428800 bytes] [zerocopy: False]
2018-07-06 05:36:20,598 | methods.match    | INFO     | PID=28089 | [method: methods.match]
2018-07-06 05:36:20,598 | methods.match    | INFO     | PID=28089 | [method parameters: {'mpws': '50MB', 'sztype': 'BEFORE', 'func': 'lambda v: v - 48 < 5'}]
2018-07-06 05:36:20,619 | methods.match    | INFO     | PID=28089 | Start 1 process to handle data filtering
2018-07-06 05:36:20,619 | server           | INFO     | PID=28089 | Ready to send 214748364 bytes using data file size of 1073741824 bytes
2018-07-06 05:36:20,619 | server           | INFO     | PID=28089 | Listening socket bound to port 8881
2018-07-06 05:36:25,131 | server           | INFO     | PID=28089 | Accepted incoming connection ('10.10.1.2', 48022) from client. Sending data ...
2018-07-06 05:37:10,074 | server           | INFO     | PID=28089 | [SUMMARY] [Sent: 107376861 bytes] [Read: 107376861 bytes (50.001% of 214748364 raw bytes)] [Duration: 44.94292497634888 seconds] [Bitrate: 19113461.98432912 bit/s]
2018-07-06 05:37:10,074 | server           | INFO     | PID=28089 | Resources closed, now exiting

 Performance counter stats for 'CPU(s) 1-2':

      99161.178381      task-clock (msec)         #    2.000 CPUs utilized            (100.00%)
             3,716      context-switches          #    0.037 K/sec                    (100.00%)
                 1      cpu-migrations            #    0.000 K/sec                    (100.00%)
            41,613      page-faults               #    0.420 K/sec                  
   114,956,845,042      cycles                    #    1.159 GHz                      (100.00%)
   <not supported>      stalled-cycles-frontend  
   <not supported>      stalled-cycles-backend   
   324,469,124,091      instructions              #    2.82  insns per cycle          (100.00%)
    60,960,273,909      branches                  #  614.759 M/sec                    (100.00%)
       134,651,638      branch-misses             #    0.22% of all branches        

      49.584993882 seconds time elapsed