LC_NUMERIC=en_US.UTF8 perf stat -B -C 1-2 taskset -c 2 /tmp/eucycles/pyben-nio/src/run --server start --bind 10.10.1.5 --size 214748365 --port 8881 --filename /tmp/eucycles/data_file --bufsize 50mb --method "match; func=lambda v: v - 48 < 9; sztype=BEFORE"

2018-07-04 20:45:41,155 | server           | INFO     | PID=3917 | [bufsize: 52428800 bytes] [zerocopy: False]
2018-07-04 20:45:41,169 | methods.match    | INFO     | PID=3917 | [method: methods.match]
2018-07-04 20:45:41,170 | methods.match    | INFO     | PID=3917 | [method parameters: {'sztype': 'BEFORE', 'func': 'lambda v: v - 48 < 9', 'mpws': '50MB'}]
2018-07-04 20:45:41,190 | methods.match    | INFO     | PID=3917 | Start 1 process to handle data filtering
2018-07-04 20:45:41,190 | server           | INFO     | PID=3917 | Ready to send 214748365 bytes using data file size of 1073741824 bytes
2018-07-04 20:45:41,190 | server           | INFO     | PID=3917 | Listening socket bound to port 8881
2018-07-04 20:45:46,890 | server           | INFO     | PID=3917 | Accepted incoming connection ('10.10.1.1', 43601) from client. Sending data ...
2018-07-04 20:46:47,910 | server           | INFO     | PID=3917 | [SUMMARY] [Sent: 193267847 bytes] [Read: 193267847 bytes (89.997% of 214748365 raw bytes)] [Duration: 61.02017903327942 seconds] [Bitrate: 25338220.904870808 bit/s]
2018-07-04 20:46:47,911 | server           | INFO     | PID=3917 | Resources closed, now exiting

 Performance counter stats for 'CPU(s) 1-2':

     133767.862176      task-clock (msec)         #    2.000 CPUs utilized            (100.00%)
             4,117      context-switches          #    0.031 K/sec                    (100.00%)
                 1      cpu-migrations            #    0.000 K/sec                    (100.00%)
           110,506      page-faults               #    0.826 K/sec                  
   142,808,540,743      cycles                    #    1.068 GHz                      (100.00%)
   <not supported>      stalled-cycles-frontend  
   <not supported>      stalled-cycles-backend   
   398,788,004,485      instructions              #    2.79  insns per cycle          (100.00%)
    76,238,559,534      branches                  #  569.932 M/sec                    (100.00%)
        46,991,139      branch-misses             #    0.06% of all branches        

      66.890043579 seconds time elapsed