LC_NUMERIC=en_US.UTF8 perf stat -B -C 1-2 taskset -c 2 /tmp/eucycles/pyben-nio/src/run --server start --bind 10.10.1.7 --size 153391689 --port 8881 --filename /tmp/eucycles/data_file --bufsize 50mb --method "match; func=lambda v: v - 48 < 1; sztype=BEFORE"

2018-07-06 02:55:01,452 | server           | INFO     | PID=20963 | [bufsize: 52428800 bytes] [zerocopy: False]
2018-07-06 02:55:01,467 | methods.match    | INFO     | PID=20963 | [method: methods.match]
2018-07-06 02:55:01,467 | methods.match    | INFO     | PID=20963 | [method parameters: {'func': 'lambda v: v - 48 < 1', 'sztype': 'BEFORE', 'mpws': '50MB'}]
2018-07-06 02:55:01,487 | methods.match    | INFO     | PID=20963 | Start 1 process to handle data filtering
2018-07-06 02:55:01,488 | server           | INFO     | PID=20963 | Ready to send 153391689 bytes using data file size of 1073741824 bytes
2018-07-06 02:55:01,488 | server           | INFO     | PID=20963 | Listening socket bound to port 8881
2018-07-06 02:55:08,537 | server           | INFO     | PID=20963 | Accepted incoming connection ('10.10.1.2', 51766) from client. Sending data ...
2018-07-06 02:55:32,381 | server           | INFO     | PID=20963 | [SUMMARY] [Sent: 15339067 bytes] [Read: 15339067 bytes (10.000% of 153391689 raw bytes)] [Duration: 23.843530893325806 seconds] [Bitrate: 5146575.670734624 bit/s]
2018-07-06 02:55:32,381 | server           | INFO     | PID=20963 | Resources closed, now exiting

 Performance counter stats for 'CPU(s) 1-2':

      62123.450191      task-clock (msec)         #    2.000 CPUs utilized            (100.00%)
             2,870      context-switches          #    0.046 K/sec                    (100.00%)
                 1      cpu-migrations            #    0.000 K/sec                    (100.00%)
            21,300      page-faults               #    0.343 K/sec                  
    60,813,116,453      cycles                    #    0.979 GHz                      (100.00%)
   <not supported>      stalled-cycles-frontend  
   <not supported>      stalled-cycles-backend   
   181,534,330,232      instructions              #    2.99  insns per cycle          (100.00%)
    33,487,871,520      branches                  #  539.054 M/sec                    (100.00%)
        33,647,496      branch-misses             #    0.10% of all branches        

      31.064420598 seconds time elapsed