LC_NUMERIC=en_US.UTF8 perf stat -B -C 1-2 taskset -c 2 /tmp/eucycles/pyben-nio/src/run --server start --bind 10.10.1.4 --size 214748365 --port 8881 --filename /tmp/eucycles/data_file --bufsize 50mb --method "match; func=lambda v: v - 48 < 0; sztype=BEFORE"

2018-07-04 14:06:43,215 | server           | INFO     | PID=18720 | [bufsize: 52428800 bytes] [zerocopy: False]
2018-07-04 14:06:43,230 | methods.match    | INFO     | PID=18720 | [method: methods.match]
2018-07-04 14:06:43,230 | methods.match    | INFO     | PID=18720 | [method parameters: {'func': 'lambda v: v - 48 < 0', 'sztype': 'BEFORE', 'mpws': '50MB'}]
2018-07-04 14:06:43,250 | methods.match    | INFO     | PID=18720 | Start 1 process to handle data filtering
2018-07-04 14:06:43,251 | server           | INFO     | PID=18720 | Ready to send 214748365 bytes using data file size of 1073741824 bytes
2018-07-04 14:06:43,251 | server           | INFO     | PID=18720 | Listening socket bound to port 8881
2018-07-04 14:06:50,176 | server           | INFO     | PID=18720 | Accepted incoming connection ('10.10.1.1', 60062) from client. Sending data ...
2018-07-04 14:07:21,158 | server           | INFO     | PID=18720 | [SUMMARY] [Sent: 0 bytes] [Read: 0 bytes (0.000% of 214748365 raw bytes)] [Duration: 30.98185110092163 seconds] [Bitrate: 0.0 bit/s]
2018-07-04 14:07:21,158 | server           | INFO     | PID=18720 | Resources closed, now exiting

 Performance counter stats for 'CPU(s) 1-2':

      76155.978879      task-clock (msec)         #    2.000 CPUs utilized            (100.00%)
             3,756      context-switches          #    0.049 K/sec                    (100.00%)
                 1      cpu-migrations            #    0.000 K/sec                    (100.00%)
            16,030      page-faults               #    0.210 K/sec                  
    78,671,743,249      cycles                    #    1.033 GHz                      (100.00%)
   <not supported>      stalled-cycles-frontend  
   <not supported>      stalled-cycles-backend   
   233,805,893,491      instructions              #    2.97  insns per cycle          (100.00%)
    42,808,538,961      branches                  #  562.117 M/sec                    (100.00%)
        24,455,333      branch-misses             #    0.06% of all branches        

      38.078200255 seconds time elapsed