LC_NUMERIC=en_US.UTF8 perf stat -B -C 1-2 taskset -c 2 /tmp/eucycles/pyben-nio/src/run --server start --bind 10.10.1.4 --size 178956971 --port 8881 --filename /tmp/eucycles/data_file --bufsize 50mb --method "match; func=lambda v: v - 48 < 4; sztype=BEFORE"

2018-07-04 16:35:44,807 | server           | INFO     | PID=28565 | [bufsize: 52428800 bytes] [zerocopy: False]
2018-07-04 16:35:44,822 | methods.match    | INFO     | PID=28565 | [method: methods.match]
2018-07-04 16:35:44,822 | methods.match    | INFO     | PID=28565 | [method parameters: {'mpws': '50MB', 'sztype': 'BEFORE', 'func': 'lambda v: v - 48 < 4'}]
2018-07-04 16:35:44,843 | methods.match    | INFO     | PID=28565 | Start 1 process to handle data filtering
2018-07-04 16:35:44,843 | server           | INFO     | PID=28565 | Ready to send 178956971 bytes using data file size of 1073741824 bytes
2018-07-04 16:35:44,843 | server           | INFO     | PID=28565 | Listening socket bound to port 8881
2018-07-04 16:35:53,102 | server           | INFO     | PID=28565 | Accepted incoming connection ('10.10.1.1', 40860) from client. Sending data ...
2018-07-04 16:36:30,554 | server           | INFO     | PID=28565 | [SUMMARY] [Sent: 71566846 bytes] [Read: 71566846 bytes (39.991% of 178956971 raw bytes)] [Duration: 37.45144510269165 seconds] [Bitrate: 15287387.881298382 bit/s]
2018-07-04 16:36:30,554 | server           | INFO     | PID=28565 | Resources closed, now exiting

 Performance counter stats for 'CPU(s) 1-2':

      91765.710006      task-clock (msec)         #    2.000 CPUs utilized            (100.00%)
             3,347      context-switches          #    0.036 K/sec                    (100.00%)
                 1      cpu-migrations            #    0.000 K/sec                    (100.00%)
            36,501      page-faults               #    0.398 K/sec                  
    91,982,328,567      cycles                    #    1.002 GHz                      (100.00%)
   <not supported>      stalled-cycles-frontend  
   <not supported>      stalled-cycles-backend   
   261,320,872,090      instructions              #    2.84  insns per cycle          (100.00%)
    49,485,501,034      branches                  #  539.259 M/sec                    (100.00%)
       100,088,624      branch-misses             #    0.20% of all branches        

      45.883141665 seconds time elapsed