LC_NUMERIC=en_US.UTF8 perf stat -B -C 1-2 taskset -c 2 /tmp/eucycles/pyben-nio/src/run --server start --bind 10.10.1.3 --size 214748365 --port 8881 --filename /tmp/eucycles/data_file --bufsize 50mb --method "match; func=lambda v: v - 48 < 5; sztype=BEFORE"

2018-07-06 05:50:12,196 | server           | INFO     | PID=7548 | [bufsize: 52428800 bytes] [zerocopy: False]
2018-07-06 05:50:12,210 | methods.match    | INFO     | PID=7548 | [method: methods.match]
2018-07-06 05:50:12,210 | methods.match    | INFO     | PID=7548 | [method parameters: {'func': 'lambda v: v - 48 < 5', 'mpws': '50MB', 'sztype': 'BEFORE'}]
2018-07-06 05:50:12,231 | methods.match    | INFO     | PID=7548 | Start 1 process to handle data filtering
2018-07-06 05:50:12,231 | server           | INFO     | PID=7548 | Ready to send 214748365 bytes using data file size of 1073741824 bytes
2018-07-06 05:50:12,231 | server           | INFO     | PID=7548 | Listening socket bound to port 8881
2018-07-06 05:50:21,559 | server           | INFO     | PID=7548 | Accepted incoming connection ('10.10.1.2', 37077) from client. Sending data ...
2018-07-06 05:51:07,930 | server           | INFO     | PID=7548 | [SUMMARY] [Sent: 107352518 bytes] [Read: 107352518 bytes (49.990% of 214748365 raw bytes)] [Duration: 46.37138605117798 seconds] [Bitrate: 18520476.033478048 bit/s]
2018-07-06 05:51:07,930 | server           | INFO     | PID=7548 | Resources closed, now exiting

 Performance counter stats for 'CPU(s) 1-2':

     111729.541499      task-clock (msec)         #    2.000 CPUs utilized            (100.00%)
             3,955      context-switches          #    0.035 K/sec                    (100.00%)
                 1      cpu-migrations            #    0.000 K/sec                    (100.00%)
            41,636      page-faults               #    0.373 K/sec                  
   118,750,764,636      cycles                    #    1.063 GHz                      (100.00%)
   <not supported>      stalled-cycles-frontend  
   <not supported>      stalled-cycles-backend   
   334,127,624,276      instructions              #    2.81  insns per cycle          (100.00%)
    63,537,044,528      branches                  #  568.668 M/sec                    (100.00%)
       134,716,390      branch-misses             #    0.21% of all branches        

      55.869451553 seconds time elapsed