LC_NUMERIC=en_US.UTF8 perf stat -B -C 1-2 taskset -c 2 /tmp/eucycles/pyben-nio/src/run --server start --bind 10.10.1.6 --size 268435456 --port 8881 --filename /tmp/eucycles/data_file --bufsize 50mb --method "match; func=lambda v: v - 48 < 1; sztype=BEFORE"

2018-07-06 02:51:27,687 | server           | INFO     | PID=29461 | [bufsize: 52428800 bytes] [zerocopy: False]
2018-07-06 02:51:27,701 | methods.match    | INFO     | PID=29461 | [method: methods.match]
2018-07-06 02:51:27,702 | methods.match    | INFO     | PID=29461 | [method parameters: {'func': 'lambda v: v - 48 < 1', 'mpws': '50MB', 'sztype': 'BEFORE'}]
2018-07-06 02:51:27,722 | methods.match    | INFO     | PID=29461 | Start 1 process to handle data filtering
2018-07-06 02:51:27,722 | server           | INFO     | PID=29461 | Ready to send 268435456 bytes using data file size of 1073741824 bytes
2018-07-06 02:51:27,722 | server           | INFO     | PID=29461 | Listening socket bound to port 8881
2018-07-06 02:51:32,198 | server           | INFO     | PID=29461 | Accepted incoming connection ('10.10.1.2', 59271) from client. Sending data ...
2018-07-06 02:52:13,749 | server           | INFO     | PID=29461 | [SUMMARY] [Sent: 26843462 bytes] [Read: 26843462 bytes (10.000% of 268435456 raw bytes)] [Duration: 41.551697969436646 seconds] [Bitrate: 5168205.067286485 bit/s]
2018-07-06 02:52:13,750 | server           | INFO     | PID=29461 | Resources closed, now exiting

 Performance counter stats for 'CPU(s) 1-2':

      92309.175314      task-clock (msec)         #    2.000 CPUs utilized            (100.00%)
             4,437      context-switches          #    0.048 K/sec                    (100.00%)
                 1      cpu-migrations            #    0.000 K/sec                    (100.00%)
            21,126      page-faults               #    0.229 K/sec                  
   132,266,366,261      cycles                    #    1.433 GHz                      (100.00%)
   <not supported>      stalled-cycles-frontend  
   <not supported>      stalled-cycles-backend   
   324,278,189,248      instructions              #    2.45  insns per cycle          (100.00%)
    60,261,917,479      branches                  #  652.827 M/sec                    (100.00%)
        56,921,464      branch-misses             #    0.09% of all branches        

      46.154393966 seconds time elapsed