LC_NUMERIC=en_US.UTF8 perf stat -B -C 1-2 taskset -c 2 /tmp/eucycles/pyben-nio/src/run --server start --bind 10.10.1.6 --size 178956971 --port 8881 --filename /tmp/eucycles/data_file --bufsize 50mb --method "match; func=lambda v: v - 48 < 0; sztype=BEFORE"

2018-07-06 02:32:09,889 | server           | INFO     | PID=28422 | [bufsize: 52428800 bytes] [zerocopy: False]
2018-07-06 02:32:09,904 | methods.match    | INFO     | PID=28422 | [method: methods.match]
2018-07-06 02:32:09,904 | methods.match    | INFO     | PID=28422 | [method parameters: {'mpws': '50MB', 'sztype': 'BEFORE', 'func': 'lambda v: v - 48 < 0'}]
2018-07-06 02:32:09,924 | methods.match    | INFO     | PID=28422 | Start 1 process to handle data filtering
2018-07-06 02:32:09,925 | server           | INFO     | PID=28422 | Ready to send 178956971 bytes using data file size of 1073741824 bytes
2018-07-06 02:32:09,925 | server           | INFO     | PID=28422 | Listening socket bound to port 8881
2018-07-06 02:32:16,859 | server           | INFO     | PID=28422 | Accepted incoming connection ('10.10.1.2', 57140) from client. Sending data ...
2018-07-06 02:32:42,859 | server           | INFO     | PID=28422 | [SUMMARY] [Sent: 0 bytes] [Read: 0 bytes (0.000% of 178956971 raw bytes)] [Duration: 25.999810934066772 seconds] [Bitrate: 0.0 bit/s]
2018-07-06 02:32:42,859 | server           | INFO     | PID=28422 | Resources closed, now exiting

 Performance counter stats for 'CPU(s) 1-2':

      66207.459828      task-clock (msec)         #    2.000 CPUs utilized            (100.00%)
             3,219      context-switches          #    0.049 K/sec                    (100.00%)
                 1      cpu-migrations            #    0.000 K/sec                    (100.00%)
            16,042      page-faults               #    0.242 K/sec                  
    87,549,365,204      cycles                    #    1.322 GHz                      (100.00%)
   <not supported>      stalled-cycles-frontend  
   <not supported>      stalled-cycles-backend   
   205,972,622,298      instructions              #    2.35  insns per cycle          (100.00%)
    38,679,232,595      branches                  #  584.213 M/sec                    (100.00%)
        20,780,890      branch-misses             #    0.05% of all branches        

      33.103668750 seconds time elapsed