LC_NUMERIC=en_US.UTF8 perf stat -B -C 1-2 taskset -c 2 /tmp/eucycles/pyben-nio/src/run --server start --bind 10.10.1.5 --size 178956971 --port 8881 --filename /tmp/eucycles/data_file --bufsize 50mb --method "match; func=lambda v: v - 48 < 3; sztype=BEFORE"

2018-07-06 04:17:17,575 | server           | INFO     | PID=11763 | [bufsize: 52428800 bytes] [zerocopy: False]
2018-07-06 04:17:17,589 | methods.match    | INFO     | PID=11763 | [method: methods.match]
2018-07-06 04:17:17,589 | methods.match    | INFO     | PID=11763 | [method parameters: {'sztype': 'BEFORE', 'mpws': '50MB', 'func': 'lambda v: v - 48 < 3'}]
2018-07-06 04:17:17,609 | methods.match    | INFO     | PID=11763 | Start 1 process to handle data filtering
2018-07-06 04:17:17,610 | server           | INFO     | PID=11763 | Ready to send 178956971 bytes using data file size of 1073741824 bytes
2018-07-06 04:17:17,610 | server           | INFO     | PID=11763 | Listening socket bound to port 8881
2018-07-06 04:17:25,764 | server           | INFO     | PID=11763 | Accepted incoming connection ('10.10.1.2', 36990) from client. Sending data ...
2018-07-06 04:17:59,567 | server           | INFO     | PID=11763 | [SUMMARY] [Sent: 53684883 bytes] [Read: 53684883 bytes (29.999% of 178956971 raw bytes)] [Duration: 33.80333399772644 seconds] [Bitrate: 12705227.952629942 bit/s]
2018-07-06 04:17:59,568 | server           | INFO     | PID=11763 | Resources closed, now exiting

 Performance counter stats for 'CPU(s) 1-2':

      84249.043141      task-clock (msec)         #    2.000 CPUs utilized            (100.00%)
             3,342      context-switches          #    0.040 K/sec                    (100.00%)
                 1      cpu-migrations            #    0.000 K/sec                    (100.00%)
            31,409      page-faults               #    0.373 K/sec                  
    86,482,807,721      cycles                    #    1.027 GHz                      (100.00%)
   <not supported>      stalled-cycles-frontend  
   <not supported>      stalled-cycles-backend   
   246,651,652,038      instructions              #    2.85  insns per cycle          (100.00%)
    46,548,280,890      branches                  #  552.508 M/sec                    (100.00%)
        79,548,806      branch-misses             #    0.17% of all branches        

      42.128308293 seconds time elapsed