LC_NUMERIC=en_US.UTF8 perf stat -B -C 1-2 taskset -c 2 /tmp/eucycles/pyben-nio/src/run --server start --bind 10.10.1.7 --size 178956970 --port 8881 --filename /tmp/eucycles/data_file --bufsize 50mb --method "match; func=lambda v: v - 48 < 6; sztype=BEFORE"

2018-07-04 18:10:00,802 | server           | INFO     | PID=19414 | [bufsize: 52428800 bytes] [zerocopy: False]
2018-07-04 18:10:00,816 | methods.match    | INFO     | PID=19414 | [method: methods.match]
2018-07-04 18:10:00,817 | methods.match    | INFO     | PID=19414 | [method parameters: {'mpws': '50MB', 'sztype': 'BEFORE', 'func': 'lambda v: v - 48 < 6'}]
2018-07-04 18:10:00,837 | methods.match    | INFO     | PID=19414 | Start 1 process to handle data filtering
2018-07-04 18:10:00,837 | server           | INFO     | PID=19414 | Ready to send 178956970 bytes using data file size of 1073741824 bytes
2018-07-04 18:10:00,837 | server           | INFO     | PID=19414 | Listening socket bound to port 8881
2018-07-04 18:10:05,479 | server           | INFO     | PID=19414 | Accepted incoming connection ('10.10.1.1', 48085) from client. Sending data ...
2018-07-04 18:10:48,869 | server           | INFO     | PID=19414 | [SUMMARY] [Sent: 107377408 bytes] [Read: 107377408 bytes (60.002% of 178956970 raw bytes)] [Duration: 43.39035511016846 seconds] [Bitrate: 19797470.240078542 bit/s]
2018-07-04 18:10:48,870 | server           | INFO     | PID=19414 | Resources closed, now exiting

 Performance counter stats for 'CPU(s) 1-2':

      96314.454679      task-clock (msec)         #    2.000 CPUs utilized            (100.00%)
             3,173      context-switches          #    0.033 K/sec                    (100.00%)
                 1      cpu-migrations            #    0.000 K/sec                    (100.00%)
            54,404      page-faults               #    0.565 K/sec                  
   102,573,826,361      cycles                    #    1.065 GHz                      (100.00%)
   <not supported>      stalled-cycles-frontend  
   <not supported>      stalled-cycles-backend   
   288,041,220,674      instructions              #    2.81  insns per cycle          (100.00%)
    54,653,017,969      branches                  #  567.444 M/sec                    (100.00%)
       102,198,348      branch-misses             #    0.19% of all branches        

      48.161500092 seconds time elapsed