LC_NUMERIC=en_US.UTF8 perf stat -B -C 1-2 taskset -c 2 /tmp/eucycles/pyben-nio/src/run --server start --bind 10.10.1.6 --size 178956971 --port 8881 --filename /tmp/eucycles/data_file --bufsize 50mb --method "match; func=lambda v: v - 48 < 2; sztype=BEFORE"

2018-07-06 03:40:19,594 | server           | INFO     | PID=32325 | [bufsize: 52428800 bytes] [zerocopy: False]
2018-07-06 03:40:19,608 | methods.match    | INFO     | PID=32325 | [method: methods.match]
2018-07-06 03:40:19,608 | methods.match    | INFO     | PID=32325 | [method parameters: {'mpws': '50MB', 'func': 'lambda v: v - 48 < 2', 'sztype': 'BEFORE'}]
2018-07-06 03:40:19,629 | methods.match    | INFO     | PID=32325 | Start 1 process to handle data filtering
2018-07-06 03:40:19,629 | server           | INFO     | PID=32325 | Ready to send 178956971 bytes using data file size of 1073741824 bytes
2018-07-06 03:40:19,629 | server           | INFO     | PID=32325 | Listening socket bound to port 8881
2018-07-06 03:40:26,570 | server           | INFO     | PID=32325 | Accepted incoming connection ('10.10.1.2', 55364) from client. Sending data ...
2018-07-06 03:40:57,095 | server           | INFO     | PID=32325 | [SUMMARY] [Sent: 35794893 bytes] [Read: 35794893 bytes (20.002% of 178956971 raw bytes)] [Duration: 30.52429986000061 seconds] [Bitrate: 9381350.114937387 bit/s]
2018-07-06 03:40:57,095 | server           | INFO     | PID=32325 | Resources closed, now exiting

 Performance counter stats for 'CPU(s) 1-2':

      75269.856770      task-clock (msec)         #    2.000 CPUs utilized            (100.00%)
             3,285      context-switches          #    0.044 K/sec                    (100.00%)
                 1      cpu-migrations            #    0.000 K/sec                    (100.00%)
            26,273      page-faults               #    0.349 K/sec                  
    96,493,929,879      cycles                    #    1.282 GHz                      (100.00%)
   <not supported>      stalled-cycles-frontend  
   <not supported>      stalled-cycles-backend   
   231,241,138,493      instructions              #    2.40  insns per cycle          (100.00%)
    43,202,985,376      branches                  #  573.975 M/sec                    (100.00%)
        59,635,896      branch-misses             #    0.14% of all branches        

      37.634882095 seconds time elapsed