LC_NUMERIC=en_US.UTF8 perf stat -B -C 1-2 taskset -c 2 /tmp/eucycles/pyben-nio/src/run --server start --bind 10.10.1.3 --size 357913942 --port 8881 --filename /tmp/eucycles/data_file --bufsize 50mb --method "match; func=lambda v: v - 48 < 6; sztype=BEFORE"

2018-07-06 06:29:58,636 | server           | INFO     | PID=10371 | [bufsize: 52428800 bytes] [zerocopy: False]
2018-07-06 06:29:58,650 | methods.match    | INFO     | PID=10371 | [method: methods.match]
2018-07-06 06:29:58,650 | methods.match    | INFO     | PID=10371 | [method parameters: {'mpws': '50MB', 'sztype': 'BEFORE', 'func': 'lambda v: v - 48 < 6'}]
2018-07-06 06:29:58,671 | methods.match    | INFO     | PID=10371 | Start 1 process to handle data filtering
2018-07-06 06:29:58,671 | server           | INFO     | PID=10371 | Ready to send 357913942 bytes using data file size of 1073741824 bytes
2018-07-06 06:29:58,671 | server           | INFO     | PID=10371 | Listening socket bound to port 8881
2018-07-06 06:30:05,562 | server           | INFO     | PID=10371 | Accepted incoming connection ('10.10.1.2', 39620) from client. Sending data ...
2018-07-06 06:31:25,843 | server           | INFO     | PID=10371 | [SUMMARY] [Sent: 214736805 bytes] [Read: 214736805 bytes (59.997% of 357913942 raw bytes)] [Duration: 80.28013300895691 seconds] [Bitrate: 21398749.299634736 bit/s]
2018-07-06 06:31:25,843 | server           | INFO     | PID=10371 | Resources closed, now exiting

 Performance counter stats for 'CPU(s) 1-2':

     174667.760677      task-clock (msec)         #    2.000 CPUs utilized            (100.00%)
             6,378      context-switches          #    0.037 K/sec                    (100.00%)
                 1      cpu-migrations            #    0.000 K/sec                    (100.00%)
            82,721      page-faults               #    0.474 K/sec                  
   205,364,451,176      cycles                    #    1.176 GHz                      (100.00%)
   <not supported>      stalled-cycles-frontend  
   <not supported>      stalled-cycles-backend   
   575,741,292,529      instructions              #    2.80  insns per cycle          (100.00%)
   109,230,773,648      branches                  #  625.363 M/sec                    (100.00%)
       202,067,886      branch-misses             #    0.18% of all branches        

      87.341294663 seconds time elapsed