LC_NUMERIC=en_US.UTF8 perf stat -B -C 1-2 taskset -c 2 /tmp/eucycles/pyben-nio/src/run --server start --bind 10.10.1.5 --size 268435456 --port 8881 --filename /tmp/eucycles/data_file --bufsize 50mb --method "match; func=lambda v: v - 48 < 7; sztype=BEFORE"

2018-07-06 06:46:44,717 | server           | INFO     | PID=20194 | [bufsize: 52428800 bytes] [zerocopy: False]
2018-07-06 06:46:44,731 | methods.match    | INFO     | PID=20194 | [method: methods.match]
2018-07-06 06:46:44,731 | methods.match    | INFO     | PID=20194 | [method parameters: {'mpws': '50MB', 'func': 'lambda v: v - 48 < 7', 'sztype': 'BEFORE'}]
2018-07-06 06:46:44,751 | methods.match    | INFO     | PID=20194 | Start 1 process to handle data filtering
2018-07-06 06:46:44,752 | server           | INFO     | PID=20194 | Ready to send 268435456 bytes using data file size of 1073741824 bytes
2018-07-06 06:46:44,752 | server           | INFO     | PID=20194 | Listening socket bound to port 8881
2018-07-06 06:46:50,385 | server           | INFO     | PID=20194 | Accepted incoming connection ('10.10.1.2', 40839) from client. Sending data ...
2018-07-06 06:47:53,109 | server           | INFO     | PID=20194 | [SUMMARY] [Sent: 187899248 bytes] [Read: 187899248 bytes (69.998% of 268435456 raw bytes)] [Duration: 62.723166942596436 seconds] [Bitrate: 23965530.716516703 bit/s]
2018-07-06 06:47:53,109 | server           | INFO     | PID=20194 | Resources closed, now exiting

 Performance counter stats for 'CPU(s) 1-2':

     137040.554401      task-clock (msec)         #    2.000 CPUs utilized            (100.00%)
             4,959      context-switches          #    0.036 K/sec                    (100.00%)
                 1      cpu-migrations            #    0.000 K/sec                    (100.00%)
           107,879      page-faults               #    0.787 K/sec                  
   160,680,719,073      cycles                    #    1.173 GHz                      (100.00%)
   <not supported>      stalled-cycles-frontend  
   <not supported>      stalled-cycles-backend   
   449,678,071,260      instructions              #    2.80  insns per cycle          (100.00%)
    85,023,433,134      branches                  #  620.425 M/sec                    (100.00%)
       119,922,398      branch-misses             #    0.14% of all branches        

      68.526545489 seconds time elapsed