LC_NUMERIC=en_US.UTF8 perf stat -B -C 1-2 taskset -c 2 /tmp/eucycles/pyben-nio/src/run --server start --bind 10.10.1.4 --size 536870912 --port 8881 --filename /tmp/eucycles/data_file --bufsize 50mb --method "match; func=lambda v: v - 48 < 7; sztype=BEFORE"

2018-07-06 06:42:20,968 | server           | INFO     | PID=31342 | [bufsize: 52428800 bytes] [zerocopy: False]
2018-07-06 06:42:20,982 | methods.match    | INFO     | PID=31342 | [method: methods.match]
2018-07-06 06:42:20,982 | methods.match    | INFO     | PID=31342 | [method parameters: {'sztype': 'BEFORE', 'func': 'lambda v: v - 48 < 7', 'mpws': '50MB'}]
2018-07-06 06:42:21,003 | methods.match    | INFO     | PID=31342 | Start 1 process to handle data filtering
2018-07-06 06:42:21,003 | server           | INFO     | PID=31342 | Ready to send 536870912 bytes using data file size of 1073741824 bytes
2018-07-06 06:42:21,003 | server           | INFO     | PID=31342 | Listening socket bound to port 8881
2018-07-06 06:42:25,392 | server           | INFO     | PID=31342 | Accepted incoming connection ('10.10.1.2', 57130) from client. Sending data ...
2018-07-06 06:44:30,716 | server           | INFO     | PID=31342 | [SUMMARY] [Sent: 375798351 bytes] [Read: 375798351 bytes (69.998% of 536870912 raw bytes)] [Duration: 125.32463598251343 seconds] [Bitrate: 23988793.45972712 bit/s]
2018-07-06 06:44:30,717 | server           | INFO     | PID=31342 | Resources closed, now exiting

 Performance counter stats for 'CPU(s) 1-2':

     259680.971513      task-clock (msec)         #    2.000 CPUs utilized            (100.00%)
             9,245      context-switches          #    0.036 K/sec                    (100.00%)
                 1      cpu-migrations            #    0.000 K/sec                    (100.00%)
           199,594      page-faults               #    0.769 K/sec                  
   320,288,108,863      cycles                    #    1.233 GHz                      (100.00%)
   <not supported>      stalled-cycles-frontend  
   <not supported>      stalled-cycles-backend   
   907,601,119,946      instructions              #    2.83  insns per cycle          (100.00%)
   172,656,558,444      branches                  #  664.880 M/sec                    (100.00%)
       237,086,955      branch-misses             #    0.14% of all branches        

     129.841616584 seconds time elapsed