LC_NUMERIC=en_US.UTF8 perf stat -B -C 1-2 taskset -c 2 /tmp/eucycles/pyben-nio/src/run --server start --bind 10.10.1.4 --size 268435456 --port 8881 --filename /tmp/eucycles/data_file --bufsize 50mb --method "match; func=lambda v: v - 48 < 1; sztype=BEFORE"

2018-07-06 02:51:30,805 | server           | INFO     | PID=15840 | [bufsize: 52428800 bytes] [zerocopy: False]
2018-07-06 02:51:30,819 | methods.match    | INFO     | PID=15840 | [method: methods.match]
2018-07-06 02:51:30,820 | methods.match    | INFO     | PID=15840 | [method parameters: {'func': 'lambda v: v - 48 < 1', 'mpws': '50MB', 'sztype': 'BEFORE'}]
2018-07-06 02:51:30,840 | methods.match    | INFO     | PID=15840 | Start 1 process to handle data filtering
2018-07-06 02:51:30,840 | server           | INFO     | PID=15840 | Ready to send 268435456 bytes using data file size of 1073741824 bytes
2018-07-06 02:51:30,840 | server           | INFO     | PID=15840 | Listening socket bound to port 8881
2018-07-06 02:51:37,695 | server           | INFO     | PID=15840 | Accepted incoming connection ('10.10.1.2', 49274) from client. Sending data ...
2018-07-06 02:52:19,667 | server           | INFO     | PID=15840 | [SUMMARY] [Sent: 26833484 bytes] [Read: 26833484 bytes (9.996% of 268435456 raw bytes)] [Duration: 41.971184968948364 seconds] [Bitrate: 5114648.82773308 bit/s]
2018-07-06 02:52:19,667 | server           | INFO     | PID=15840 | Resources closed, now exiting

 Performance counter stats for 'CPU(s) 1-2':

      97992.778861      task-clock (msec)         #    2.000 CPUs utilized            (100.00%)
             4,652      context-switches          #    0.047 K/sec                    (100.00%)
                 1      cpu-migrations            #    0.000 K/sec                    (100.00%)
            21,153      page-faults               #    0.216 K/sec                  
   106,697,124,257      cycles                    #    1.089 GHz                      (100.00%)
   <not supported>      stalled-cycles-frontend  
   <not supported>      stalled-cycles-backend   
   317,402,537,896      instructions              #    2.97  insns per cycle          (100.00%)
    58,543,486,085      branches                  #  597.427 M/sec                    (100.00%)
        56,926,154      branch-misses             #    0.10% of all branches        

      48.996709647 seconds time elapsed