LC_NUMERIC=en_US.UTF8 perf stat -B -C 1-2 taskset -c 2 /tmp/eucycles/pyben-nio/src/run --server start --bind 10.10.1.5 --size 268435456 --port 8881 --filename /tmp/eucycles/data_file --bufsize 50mb --method "match; func=lambda v: v - 48 < 9; sztype=BEFORE"

2018-07-06 08:19:10,377 | server           | INFO     | PID=24914 | [bufsize: 52428800 bytes] [zerocopy: False]
2018-07-06 08:19:10,391 | methods.match    | INFO     | PID=24914 | [method: methods.match]
2018-07-06 08:19:10,391 | methods.match    | INFO     | PID=24914 | [method parameters: {'func': 'lambda v: v - 48 < 9', 'sztype': 'BEFORE', 'mpws': '50MB'}]
2018-07-06 08:19:10,411 | methods.match    | INFO     | PID=24914 | Start 1 process to handle data filtering
2018-07-06 08:19:10,412 | server           | INFO     | PID=24914 | Ready to send 268435456 bytes using data file size of 1073741824 bytes
2018-07-06 08:19:10,412 | server           | INFO     | PID=24914 | Listening socket bound to port 8881
2018-07-06 08:19:16,047 | server           | INFO     | PID=24914 | Accepted incoming connection ('10.10.1.2', 49240) from client. Sending data ...
2018-07-06 08:20:23,597 | server           | INFO     | PID=24914 | [SUMMARY] [Sent: 241588626 bytes] [Read: 241588626 bytes (89.999% of 268435456 raw bytes)] [Duration: 67.55027198791504 seconds] [Bitrate: 28611417.11384623 bit/s]
2018-07-06 08:20:23,597 | server           | INFO     | PID=24914 | Resources closed, now exiting

 Performance counter stats for 'CPU(s) 1-2':

     146696.926567      task-clock (msec)         #    2.000 CPUs utilized            (100.00%)
             5,039      context-switches          #    0.034 K/sec                    (100.00%)
                 1      cpu-migrations            #    0.000 K/sec                    (100.00%)
           134,090      page-faults               #    0.914 K/sec                  
   173,109,691,327      cycles                    #    1.180 GHz                      (100.00%)
   <not supported>      stalled-cycles-frontend  
   <not supported>      stalled-cycles-backend   
   493,767,301,502      instructions              #    2.85  insns per cycle          (100.00%)
    93,849,561,167      branches                  #  639.751 M/sec                    (100.00%)
        58,117,141      branch-misses             #    0.06% of all branches        

      73.355181632 seconds time elapsed