LC_NUMERIC=en_US.UTF8 perf stat -B -C 1-2 taskset -c 2 /tmp/eucycles/pyben-nio/src/run --server start --bind 10.10.1.6 --size 214748365 --port 8881 --filename /tmp/eucycles/data_file --bufsize 50mb --method "match; func=lambda v: v - 48 < 4; sztype=BEFORE"

2018-07-06 04:55:10,495 | server           | INFO     | PID=3708 | [bufsize: 52428800 bytes] [zerocopy: False]
2018-07-06 04:55:10,509 | methods.match    | INFO     | PID=3708 | [method: methods.match]
2018-07-06 04:55:10,509 | methods.match    | INFO     | PID=3708 | [method parameters: {'sztype': 'BEFORE', 'mpws': '50MB', 'func': 'lambda v: v - 48 < 4'}]
2018-07-06 04:55:10,529 | methods.match    | INFO     | PID=3708 | Start 1 process to handle data filtering
2018-07-06 04:55:10,530 | server           | INFO     | PID=3708 | Ready to send 214748365 bytes using data file size of 1073741824 bytes
2018-07-06 04:55:10,530 | server           | INFO     | PID=3708 | Listening socket bound to port 8881
2018-07-06 04:55:16,223 | server           | INFO     | PID=3708 | Accepted incoming connection ('10.10.1.2', 45569) from client. Sending data ...
2018-07-06 04:55:58,336 | server           | INFO     | PID=3708 | [SUMMARY] [Sent: 85908147 bytes] [Read: 85908147 bytes (40.004% of 214748365 raw bytes)] [Duration: 42.11257600784302 seconds] [Bitrate: 16319713.5191161 bit/s]
2018-07-06 04:55:58,336 | server           | INFO     | PID=3708 | Resources closed, now exiting

 Performance counter stats for 'CPU(s) 1-2':

      95950.953625      task-clock (msec)         #    2.000 CPUs utilized            (100.00%)
             3,938      context-switches          #    0.041 K/sec                    (100.00%)
                 1      cpu-migrations            #    0.000 K/sec                    (100.00%)
            36,515      page-faults               #    0.381 K/sec                  
   131,639,703,412      cycles                    #    1.372 GHz                      (100.00%)
   <not supported>      stalled-cycles-frontend  
   <not supported>      stalled-cycles-backend   
   313,070,087,152      instructions              #    2.38  insns per cycle          (100.00%)
    58,987,031,691      branches                  #  614.762 M/sec                    (100.00%)
       119,614,616      branch-misses             #    0.20% of all branches        

      47.975465204 seconds time elapsed