LC_NUMERIC=en_US.UTF8 perf stat -B -C 1-2 taskset -c 2 /tmp/eucycles/pyben-nio/src/run --server start --bind 10.10.1.6 --size 178956971 --port 8881 --filename /tmp/eucycles/data_file --bufsize 50mb --method "match; func=lambda v: v - 48 < 10; sztype=BEFORE"

2018-07-06 09:11:08,846 | server           | INFO     | PID=15631 | [bufsize: 52428800 bytes] [zerocopy: False]
2018-07-06 09:11:08,860 | methods.match    | INFO     | PID=15631 | [method: methods.match]
2018-07-06 09:11:08,860 | methods.match    | INFO     | PID=15631 | [method parameters: {'mpws': '50MB', 'func': 'lambda v: v - 48 < 10', 'sztype': 'BEFORE'}]
2018-07-06 09:11:08,881 | methods.match    | INFO     | PID=15631 | Start 1 process to handle data filtering
2018-07-06 09:11:08,881 | server           | INFO     | PID=15631 | Ready to send 178956971 bytes using data file size of 1073741824 bytes
2018-07-06 09:11:08,881 | server           | INFO     | PID=15631 | Listening socket bound to port 8881
2018-07-06 09:11:15,888 | server           | INFO     | PID=15631 | Accepted incoming connection ('10.10.1.2', 60971) from client. Sending data ...
2018-07-06 09:12:03,121 | server           | INFO     | PID=15631 | [SUMMARY] [Sent: 178956971 bytes] [Read: 178956971 bytes (100.000% of 178956971 raw bytes)] [Duration: 47.23350715637207 seconds] [Bitrate: 30310172.887656543 bit/s]
2018-07-06 09:12:03,121 | server           | INFO     | PID=15631 | Resources closed, now exiting

 Performance counter stats for 'CPU(s) 1-2':

     108818.993902      task-clock (msec)         #    2.000 CPUs utilized            (100.00%)
             3,551      context-switches          #    0.033 K/sec                    (100.00%)
                 1      cpu-migrations            #    0.000 K/sec                    (100.00%)
           103,514      page-faults               #    0.951 K/sec                  
   151,598,973,855      cycles                    #    1.393 GHz                      (100.00%)
   <not supported>      stalled-cycles-frontend  
   <not supported>      stalled-cycles-backend   
   355,097,457,457      instructions              #    2.34  insns per cycle          (100.00%)
    68,476,507,404      branches                  #  629.270 M/sec                    (100.00%)
        21,736,218      branch-misses             #    0.03% of all branches        

      54.409508211 seconds time elapsed