LC_NUMERIC=en_US.UTF8 perf stat -B -C 1-2 taskset -c 2 /tmp/eucycles/pyben-nio/src/run --server start --bind 10.10.1.6 --size 268435456 --port 8881 --filename /tmp/eucycles/data_file --bufsize 50mb --method "match; func=lambda v: v - 48 < 4; sztype=BEFORE"

2018-07-06 05:06:57,296 | server           | INFO     | PID=4232 | [bufsize: 52428800 bytes] [zerocopy: False]
2018-07-06 05:06:57,310 | methods.match    | INFO     | PID=4232 | [method: methods.match]
2018-07-06 05:06:57,310 | methods.match    | INFO     | PID=4232 | [method parameters: {'sztype': 'BEFORE', 'func': 'lambda v: v - 48 < 4', 'mpws': '50MB'}]
2018-07-06 05:06:57,331 | methods.match    | INFO     | PID=4232 | Start 1 process to handle data filtering
2018-07-06 05:06:57,331 | server           | INFO     | PID=4232 | Ready to send 268435456 bytes using data file size of 1073741824 bytes
2018-07-06 05:06:57,331 | server           | INFO     | PID=4232 | Listening socket bound to port 8881
2018-07-06 05:07:01,873 | server           | INFO     | PID=4232 | Accepted incoming connection ('10.10.1.2', 33587) from client. Sending data ...
2018-07-06 05:07:54,495 | server           | INFO     | PID=4232 | [SUMMARY] [Sent: 107381416 bytes] [Read: 107381416 bytes (40.003% of 268435456 raw bytes)] [Duration: 52.622117042541504 seconds] [Bitrate: 16324910.062161006 bit/s]
2018-07-06 05:07:54,495 | server           | INFO     | PID=4232 | Resources closed, now exiting

 Performance counter stats for 'CPU(s) 1-2':

     114585.964016      task-clock (msec)         #    2.000 CPUs utilized            (100.00%)
             4,558      context-switches          #    0.040 K/sec                    (100.00%)
                 1      cpu-migrations            #    0.000 K/sec                    (100.00%)
            36,491      page-faults               #    0.318 K/sec                  
   164,872,987,529      cycles                    #    1.439 GHz                      (100.00%)
   <not supported>      stalled-cycles-frontend  
   <not supported>      stalled-cycles-backend   
   391,324,817,893      instructions              #    2.37  insns per cycle          (100.00%)
    73,734,877,686      branches                  #  643.490 M/sec                    (100.00%)
       148,881,723      branch-misses             #    0.20% of all branches        

      57.293005810 seconds time elapsed