LC_NUMERIC=en_US.UTF8 perf stat -B -C 1-2 taskset -c 2 /tmp/eucycles/pyben-nio/src/run --server start --bind 10.10.1.4 --size 178956971 --port 8881 --filename /tmp/eucycles/data_file --bufsize 50mb --method "match; func=lambda v: v - 48 < 0; sztype=BEFORE"

2018-07-04 14:19:53,062 | server           | INFO     | PID=19726 | [bufsize: 52428800 bytes] [zerocopy: False]
2018-07-04 14:19:53,076 | methods.match    | INFO     | PID=19726 | [method: methods.match]
2018-07-04 14:19:53,076 | methods.match    | INFO     | PID=19726 | [method parameters: {'sztype': 'BEFORE', 'mpws': '50MB', 'func': 'lambda v: v - 48 < 0'}]
2018-07-04 14:19:53,097 | methods.match    | INFO     | PID=19726 | Start 1 process to handle data filtering
2018-07-04 14:19:53,097 | server           | INFO     | PID=19726 | Ready to send 178956971 bytes using data file size of 1073741824 bytes
2018-07-04 14:19:53,097 | server           | INFO     | PID=19726 | Listening socket bound to port 8881
2018-07-04 14:20:01,425 | server           | INFO     | PID=19726 | Accepted incoming connection ('10.10.1.1', 58466) from client. Sending data ...
2018-07-04 14:20:26,680 | server           | INFO     | PID=19726 | [SUMMARY] [Sent: 0 bytes] [Read: 0 bytes (0.000% of 178956971 raw bytes)] [Duration: 25.25534200668335 seconds] [Bitrate: 0.0 bit/s]
2018-07-04 14:20:26,681 | server           | INFO     | PID=19726 | Resources closed, now exiting

 Performance counter stats for 'CPU(s) 1-2':

      67509.227610      task-clock (msec)         #    2.000 CPUs utilized            (100.00%)
             3,214      context-switches          #    0.048 K/sec                    (100.00%)
                 1      cpu-migrations            #    0.000 K/sec                    (100.00%)
            16,032      page-faults               #    0.237 K/sec                  
    64,177,686,768      cycles                    #    0.951 GHz                      (100.00%)
   <not supported>      stalled-cycles-frontend  
   <not supported>      stalled-cycles-backend   
   194,895,604,966      instructions              #    3.04  insns per cycle          (100.00%)
    35,686,347,209      branches                  #  528.614 M/sec                    (100.00%)
        20,800,452      branch-misses             #    0.06% of all branches        

      33.754782389 seconds time elapsed