LC_NUMERIC=en_US.UTF8 perf stat -B -C 1-2 taskset -c 2 /tmp/eucycles/pyben-nio/src/run --server start --bind 10.10.1.8 --size 134217728 --port 8881 --filename /tmp/eucycles/data_file --bufsize 50mb --method "match; func=lambda v: v - 48 < 0; sztype=BEFORE"

2018-07-04 14:10:10,500 | server           | INFO     | PID=6846 | [bufsize: 52428800 bytes] [zerocopy: False]
2018-07-04 14:10:10,514 | methods.match    | INFO     | PID=6846 | [method: methods.match]
2018-07-04 14:10:10,514 | methods.match    | INFO     | PID=6846 | [method parameters: {'sztype': 'BEFORE', 'func': 'lambda v: v - 48 < 0', 'mpws': '50MB'}]
2018-07-04 14:10:10,535 | methods.match    | INFO     | PID=6846 | Start 1 process to handle data filtering
2018-07-04 14:10:10,535 | server           | INFO     | PID=6846 | Ready to send 134217728 bytes using data file size of 1073741824 bytes
2018-07-04 14:10:10,535 | server           | INFO     | PID=6846 | Listening socket bound to port 8881
2018-07-04 14:10:16,415 | server           | INFO     | PID=6846 | Accepted incoming connection ('10.10.1.1', 37605) from client. Sending data ...
2018-07-04 14:10:35,187 | server           | INFO     | PID=6846 | [SUMMARY] [Sent: 0 bytes] [Read: 0 bytes (0.000% of 134217728 raw bytes)] [Duration: 18.771890878677368 seconds] [Bitrate: 0.0 bit/s]
2018-07-04 14:10:35,187 | server           | INFO     | PID=6846 | Resources closed, now exiting

 Performance counter stats for 'CPU(s) 1-2':

      49644.770436      task-clock (msec)         #    2.000 CPUs utilized            (100.00%)
             2,513      context-switches          #    0.051 K/sec                    (100.00%)
                 1      cpu-migrations            #    0.000 K/sec                    (100.00%)
            16,048      page-faults               #    0.323 K/sec                  
    47,761,614,038      cycles                    #    0.962 GHz                      (100.00%)
   <not supported>      stalled-cycles-frontend  
   <not supported>      stalled-cycles-backend   
   146,254,133,005      instructions              #    3.06  insns per cycle          (100.00%)
    26,782,273,367      branches                  #  539.478 M/sec                    (100.00%)
        16,225,255      branch-misses             #    0.06% of all branches        

      24.823282493 seconds time elapsed