LC_NUMERIC=en_US.UTF8 perf stat -B -C 1-2 taskset -c 2 /tmp/eucycles/pyben-nio/src/run --client start --addresses 10.10.1.3  10.10.1.4 --size 1GB --port 8881 --bind 10.10.1.2 --bufsize 50mb --cache 0b --method "raw"

2018-07-06 07:58:47,562 | client           | INFO     | PID=30710 | [bufsize: 52428800 bytes]
2018-07-06 07:58:47,588 | client           | INFO     | PID=30712 | Connecting to server 10.10.1.3 on port 8881
2018-07-06 07:58:47,589 | client           | INFO     | PID=30711 | Connecting to server 10.10.1.4 on port 8881
2018-07-06 07:58:47,589 | client           | INFO     | PID=30712 | Connection established. Receiving data ...
2018-07-06 07:58:47,589 | methods.raw      | INFO     | PID=30712 | [method: methods.raw]
2018-07-06 07:58:47,589 | methods.raw      | INFO     | PID=30712 | [method parameters: {}]
2018-07-06 07:58:47,596 | client           | INFO     | PID=30711 | Connection established. Receiving data ...
2018-07-06 07:58:47,596 | methods.raw      | INFO     | PID=30711 | [method: methods.raw]
2018-07-06 07:58:47,597 | methods.raw      | INFO     | PID=30711 | [method parameters: {}]
2018-07-06 08:00:57,340 | client           | INFO     | PID=30712 | [Received: 429498971 bytes (429498971 raw bytes)] [Duration: 129.71487188339233 seconds] [Bitrate: 26488803.620673485 bit/s]
2018-07-06 08:00:57,341 | client           | INFO     | PID=30712 | Socket closed
2018-07-06 08:01:01,524 | client           | INFO     | PID=30711 | [Received: 429489126 bytes (429489126 raw bytes)] [Duration: 133.8932399749756 seconds] [Bitrate: 25661586.863102023 bit/s]
2018-07-06 08:01:01,524 | client           | INFO     | PID=30711 | Socket closed
2018-07-06 08:01:01,535 | client           | INFO     | PID=30710 | [SUMMARY] [Received: 858988097 bytes (100.000% of 858988097 raw bytes)] [Duration: 133.89836192131042 seconds] [Bitrate: 51321798.69413556 bit/s]

 Performance counter stats for 'CPU(s) 1-2':

     268093.031133      task-clock (msec)         #    2.000 CPUs utilized            (100.00%)
             6,540      context-switches          #    0.024 K/sec                    (100.00%)
                 1      cpu-migrations            #    0.000 K/sec                    (100.00%)
            35,677      page-faults               #    0.133 K/sec                  
     3,046,267,879      cycles                    #    0.011 GHz                      (100.00%)
   <not supported>      stalled-cycles-frontend  
   <not supported>      stalled-cycles-backend   
     1,955,124,456      instructions              #    0.64  insns per cycle          (100.00%)
       371,157,377      branches                  #    1.384 M/sec                    (100.00%)
         9,116,997      branch-misses             #    2.46% of all branches        

     134.047857223 seconds time elapsed