LC_NUMERIC=en_US.UTF8 perf stat -B -C 1-2 taskset -c 2 /tmp/eucycles/pyben-nio/src/run --server start --bind 10.10.1.7 --size 214748364 --port 8881 --filename /tmp/eucycles/data_file --bufsize 50mb --method "match; func=lambda v: v - 48 < 3; sztype=BEFORE"

2018-07-06 04:16:06,309 | server           | INFO     | PID=24680 | [bufsize: 52428800 bytes] [zerocopy: False]
2018-07-06 04:16:06,323 | methods.match    | INFO     | PID=24680 | [method: methods.match]
2018-07-06 04:16:06,323 | methods.match    | INFO     | PID=24680 | [method parameters: {'sztype': 'BEFORE', 'mpws': '50MB', 'func': 'lambda v: v - 48 < 3'}]
2018-07-06 04:16:06,344 | methods.match    | INFO     | PID=24680 | Start 1 process to handle data filtering
2018-07-06 04:16:06,344 | server           | INFO     | PID=24680 | Ready to send 214748364 bytes using data file size of 1073741824 bytes
2018-07-06 04:16:06,344 | server           | INFO     | PID=24680 | Listening socket bound to port 8881
2018-07-06 04:16:10,906 | server           | INFO     | PID=24680 | Accepted incoming connection ('10.10.1.2', 46473) from client. Sending data ...
2018-07-06 04:16:50,181 | server           | INFO     | PID=24680 | [SUMMARY] [Sent: 64430274 bytes] [Read: 64430274 bytes (30.003% of 214748364 raw bytes)] [Duration: 39.27459001541138 seconds] [Bitrate: 13124062.957697079 bit/s]
2018-07-06 04:16:50,181 | server           | INFO     | PID=24680 | Resources closed, now exiting

 Performance counter stats for 'CPU(s) 1-2':

      87924.515167      task-clock (msec)         #    2.000 CPUs utilized            (100.00%)
             3,638      context-switches          #    0.041 K/sec                    (100.00%)
                 1      cpu-migrations            #    0.000 K/sec                    (100.00%)
            31,373      page-faults               #    0.357 K/sec                  
   100,234,701,721      cycles                    #    1.140 GHz                      (100.00%)
   <not supported>      stalled-cycles-frontend  
   <not supported>      stalled-cycles-backend   
   289,234,254,183      instructions              #    2.89  insns per cycle          (100.00%)
    53,905,466,012      branches                  #  613.088 M/sec                    (100.00%)
        94,814,374      branch-misses             #    0.18% of all branches        

      43.966144765 seconds time elapsed