LC_NUMERIC=en_US.UTF8 perf stat -B -C 1-2 taskset -c 2 /tmp/eucycles/pyben-nio/src/run --server start --bind 10.10.1.6 --size 178956971 --port 8881 --filename /tmp/eucycles/data_file --bufsize 50mb --method "match; func=lambda v: v - 48 < 8; sztype=BEFORE"

2018-07-06 08:06:43,616 | server           | INFO     | PID=12858 | [bufsize: 52428800 bytes] [zerocopy: False]
2018-07-06 08:06:43,630 | methods.match    | INFO     | PID=12858 | [method: methods.match]
2018-07-06 08:06:43,630 | methods.match    | INFO     | PID=12858 | [method parameters: {'mpws': '50MB', 'sztype': 'BEFORE', 'func': 'lambda v: v - 48 < 8'}]
2018-07-06 08:06:43,651 | methods.match    | INFO     | PID=12858 | Start 1 process to handle data filtering
2018-07-06 08:06:43,651 | server           | INFO     | PID=12858 | Ready to send 178956971 bytes using data file size of 1073741824 bytes
2018-07-06 08:06:43,651 | server           | INFO     | PID=12858 | Listening socket bound to port 8881
2018-07-06 08:06:50,584 | server           | INFO     | PID=12858 | Accepted incoming connection ('10.10.1.2', 59973) from client. Sending data ...
2018-07-06 08:07:35,270 | server           | INFO     | PID=12858 | [SUMMARY] [Sent: 143166729 bytes] [Read: 143166729 bytes (80.001% of 178956971 raw bytes)] [Duration: 44.685391902923584 seconds] [Bitrate: 25631057.11343365 bit/s]
2018-07-06 08:07:35,270 | server           | INFO     | PID=12858 | Resources closed, now exiting

 Performance counter stats for 'CPU(s) 1-2':

     103578.020248      task-clock (msec)         #    2.000 CPUs utilized            (100.00%)
             3,518      context-switches          #    0.034 K/sec                    (100.00%)
                 1      cpu-migrations            #    0.000 K/sec                    (100.00%)
            86,048      page-faults               #    0.831 K/sec                  
   144,911,937,171      cycles                    #    1.399 GHz                      (100.00%)
   <not supported>      stalled-cycles-frontend  
   <not supported>      stalled-cycles-backend   
   333,009,757,892      instructions              #    2.30  insns per cycle          (100.00%)
    64,297,277,003      branches                  #  620.762 M/sec                    (100.00%)
        60,313,018      branch-misses             #    0.09% of all branches        

      51.789010004 seconds time elapsed