LC_NUMERIC=en_US.UTF8 perf stat -B -C 1-2 taskset -c 2 /tmp/eucycles/pyben-nio/src/run --server start --bind 10.10.1.5 --size 214748365 --port 8881 --filename /tmp/eucycles/data_file --bufsize 50mb --method "match; func=lambda v: v - 48 < 6; sztype=BEFORE"

2018-07-06 06:04:30,402 | server           | INFO     | PID=17801 | [bufsize: 52428800 bytes] [zerocopy: False]
2018-07-06 06:04:30,416 | methods.match    | INFO     | PID=17801 | [method: methods.match]
2018-07-06 06:04:30,416 | methods.match    | INFO     | PID=17801 | [method parameters: {'mpws': '50MB', 'func': 'lambda v: v - 48 < 6', 'sztype': 'BEFORE'}]
2018-07-06 06:04:30,437 | methods.match    | INFO     | PID=17801 | Start 1 process to handle data filtering
2018-07-06 06:04:30,437 | server           | INFO     | PID=17801 | Ready to send 214748365 bytes using data file size of 1073741824 bytes
2018-07-06 06:04:30,437 | server           | INFO     | PID=17801 | Listening socket bound to port 8881
2018-07-06 06:04:37,336 | server           | INFO     | PID=17801 | Accepted incoming connection ('10.10.1.2', 52081) from client. Sending data ...
2018-07-06 06:05:25,228 | server           | INFO     | PID=17801 | [SUMMARY] [Sent: 128845106 bytes] [Read: 128845106 bytes (59.998% of 214748365 raw bytes)] [Duration: 47.892465114593506 seconds] [Bitrate: 21522401.186359327 bit/s]
2018-07-06 06:05:25,229 | server           | INFO     | PID=17801 | Resources closed, now exiting

 Performance counter stats for 'CPU(s) 1-2':

     109912.263023      task-clock (msec)         #    2.000 CPUs utilized            (100.00%)
             3,996      context-switches          #    0.036 K/sec                    (100.00%)
                 1      cpu-migrations            #    0.000 K/sec                    (100.00%)
            62,115      page-faults               #    0.565 K/sec                  
   122,702,393,977      cycles                    #    1.116 GHz                      (100.00%)
   <not supported>      stalled-cycles-frontend  
   <not supported>      stalled-cycles-backend   
   345,596,019,492      instructions              #    2.82  insns per cycle          (100.00%)
    65,570,558,415      branches                  #  596.572 M/sec                    (100.00%)
       122,203,826      branch-misses             #    0.19% of all branches        

      54.961123140 seconds time elapsed