LC_NUMERIC=en_US.UTF8 perf stat -B -C 1-2 taskset -c 2 /tmp/eucycles/pyben-nio/src/run --server start --bind 10.10.1.5 --size 134217728 --port 8881 --filename /tmp/eucycles/data_file --bufsize 50mb --method "match; func=lambda v: v - 48 < 8; sztype=BEFORE"

2018-07-04 20:32:02,330 | server           | INFO     | PID=3491 | [bufsize: 52428800 bytes] [zerocopy: False]
2018-07-04 20:32:02,344 | methods.match    | INFO     | PID=3491 | [method: methods.match]
2018-07-04 20:32:02,345 | methods.match    | INFO     | PID=3491 | [method parameters: {'func': 'lambda v: v - 48 < 8', 'mpws': '50MB', 'sztype': 'BEFORE'}]
2018-07-04 20:32:02,365 | methods.match    | INFO     | PID=3491 | Start 1 process to handle data filtering
2018-07-04 20:32:02,365 | server           | INFO     | PID=3491 | Ready to send 134217728 bytes using data file size of 1073741824 bytes
2018-07-04 20:32:02,365 | server           | INFO     | PID=3491 | Listening socket bound to port 8881
2018-07-04 20:32:11,926 | server           | INFO     | PID=3491 | Accepted incoming connection ('10.10.1.1', 38673) from client. Sending data ...
2018-07-04 20:32:49,594 | server           | INFO     | PID=3491 | [SUMMARY] [Sent: 107364566 bytes] [Read: 107364566 bytes (79.993% of 134217728 raw bytes)] [Duration: 37.66815495491028 seconds] [Bitrate: 22802192.701716993 bit/s]
2018-07-04 20:32:49,594 | server           | INFO     | PID=3491 | Resources closed, now exiting

 Performance counter stats for 'CPU(s) 1-2':

      94786.306534      task-clock (msec)         #    2.000 CPUs utilized            (100.00%)
             2,741      context-switches          #    0.029 K/sec                    (100.00%)
                 1      cpu-migrations            #    0.000 K/sec                    (100.00%)
            68,542      page-faults               #    0.723 K/sec                  
    83,373,613,988      cycles                    #    0.880 GHz                      (100.00%)
   <not supported>      stalled-cycles-frontend  
   <not supported>      stalled-cycles-backend   
   236,018,854,123      instructions              #    2.83  insns per cycle          (100.00%)
    44,753,976,431      branches                  #  472.157 M/sec                    (100.00%)
        45,711,877      branch-misses             #    0.10% of all branches        

      47.397435175 seconds time elapsed