LC_NUMERIC=en_US.UTF8 perf stat -B -C 1-2 taskset -c 2 /tmp/eucycles/pyben-nio/src/run --server start --bind 10.10.1.2 --size 268435456 --port 8881 --filename /tmp/eucycles/data_file --bufsize 50mb --method "match; func=lambda v: v - 48 < 8; sztype=BEFORE"

2018-07-04 20:25:20,246 | server           | INFO     | PID=22001 | [bufsize: 52428800 bytes] [zerocopy: False]
2018-07-04 20:25:20,260 | methods.match    | INFO     | PID=22001 | [method: methods.match]
2018-07-04 20:25:20,261 | methods.match    | INFO     | PID=22001 | [method parameters: {'sztype': 'BEFORE', 'mpws': '50MB', 'func': 'lambda v: v - 48 < 8'}]
2018-07-04 20:25:20,281 | methods.match    | INFO     | PID=22001 | Start 1 process to handle data filtering
2018-07-04 20:25:20,281 | server           | INFO     | PID=22001 | Ready to send 268435456 bytes using data file size of 1073741824 bytes
2018-07-04 20:25:20,282 | server           | INFO     | PID=22001 | Listening socket bound to port 8881
2018-07-04 20:25:28,468 | server           | INFO     | PID=22001 | Accepted incoming connection ('10.10.1.1', 41876) from client. Sending data ...
2018-07-04 20:26:36,807 | server           | INFO     | PID=22001 | [SUMMARY] [Sent: 214752201 bytes] [Read: 214752201 bytes (80.001% of 268435456 raw bytes)] [Duration: 68.3391261100769 seconds] [Bitrate: 25139589.950751077 bit/s]
2018-07-04 20:26:36,808 | server           | INFO     | PID=22001 | Resources closed, now exiting

 Performance counter stats for 'CPU(s) 1-2':

     153378.741616      task-clock (msec)         #    2.000 CPUs utilized            (100.00%)
             4,962      context-switches          #    0.032 K/sec                    (100.00%)
                 1      cpu-migrations            #    0.000 K/sec                    (100.00%)
           120,985      page-faults               #    0.789 K/sec                  
   166,246,796,448      cycles                    #    1.084 GHz                      (100.00%)
   <not supported>      stalled-cycles-frontend  
   <not supported>      stalled-cycles-backend   
   471,698,785,603      instructions              #    2.84  insns per cycle          (100.00%)
    89,433,086,457      branches                  #  583.087 M/sec                    (100.00%)
        88,897,756      branch-misses             #    0.10% of all branches        

      76.694166187 seconds time elapsed