LC_NUMERIC=en_US.UTF8 perf stat -B -C 1-2 taskset -c 2 /tmp/eucycles/pyben-nio/src/run --server start --bind 10.10.1.7 --size 178956970 --port 8881 --filename /tmp/eucycles/data_file --bufsize 50mb --method "match; func=lambda v: v - 48 < 0; sztype=BEFORE"

2018-07-06 02:21:40,194 | server           | INFO     | PID=19130 | [bufsize: 52428800 bytes] [zerocopy: False]
2018-07-06 02:21:40,208 | methods.match    | INFO     | PID=19130 | [method: methods.match]
2018-07-06 02:21:40,208 | methods.match    | INFO     | PID=19130 | [method parameters: {'mpws': '50MB', 'sztype': 'BEFORE', 'func': 'lambda v: v - 48 < 0'}]
2018-07-06 02:21:40,229 | methods.match    | INFO     | PID=19130 | Start 1 process to handle data filtering
2018-07-06 02:21:40,229 | server           | INFO     | PID=19130 | Ready to send 178956970 bytes using data file size of 1073741824 bytes
2018-07-06 02:21:40,229 | server           | INFO     | PID=19130 | Listening socket bound to port 8881
2018-07-06 02:21:45,949 | server           | INFO     | PID=19130 | Accepted incoming connection ('10.10.1.2', 52603) from client. Sending data ...
2018-07-06 02:22:11,245 | server           | INFO     | PID=19130 | [SUMMARY] [Sent: 0 bytes] [Read: 0 bytes (0.000% of 178956970 raw bytes)] [Duration: 25.2956600189209 seconds] [Bitrate: 0.0 bit/s]
2018-07-06 02:22:11,245 | server           | INFO     | PID=19130 | Resources closed, now exiting

 Performance counter stats for 'CPU(s) 1-2':

      62368.222629      task-clock (msec)         #    2.000 CPUs utilized            (100.00%)
             3,220      context-switches          #    0.052 K/sec                    (100.00%)
                 1      cpu-migrations            #    0.000 K/sec                    (100.00%)
            16,037      page-faults               #    0.257 K/sec                  
    64,316,191,746      cycles                    #    1.031 GHz                      (100.00%)
   <not supported>      stalled-cycles-frontend  
   <not supported>      stalled-cycles-backend   
   194,892,908,133      instructions              #    3.03  insns per cycle          (100.00%)
    35,685,400,771      branches                  #  572.173 M/sec                    (100.00%)
        20,787,464      branch-misses             #    0.06% of all branches        

      31.186813997 seconds time elapsed