LC_NUMERIC=en_US.UTF8 perf stat -B -C 1-2 taskset -c 2 /tmp/eucycles/pyben-nio/src/run --client start --addresses 10.10.1.3  10.10.1.4 --size 1GB --port 8881 --bind 10.10.1.2 --bufsize 50mb --cache 0b --method "raw"

2018-07-06 04:11:04,098 | client           | INFO     | PID=23300 | [bufsize: 52428800 bytes]
2018-07-06 04:11:04,124 | client           | INFO     | PID=23302 | Connecting to server 10.10.1.3 on port 8881
2018-07-06 04:11:04,124 | client           | INFO     | PID=23301 | Connecting to server 10.10.1.4 on port 8881
2018-07-06 04:11:04,125 | client           | INFO     | PID=23302 | Connection established. Receiving data ...
2018-07-06 04:11:04,125 | methods.raw      | INFO     | PID=23302 | [method: methods.raw]
2018-07-06 04:11:04,125 | methods.raw      | INFO     | PID=23302 | [method parameters: {}]
2018-07-06 04:11:04,132 | client           | INFO     | PID=23301 | Connection established. Receiving data ...
2018-07-06 04:11:04,132 | methods.raw      | INFO     | PID=23301 | [method: methods.raw]
2018-07-06 04:11:04,133 | methods.raw      | INFO     | PID=23301 | [method parameters: {}]
2018-07-06 04:12:42,983 | client           | INFO     | PID=23301 | [Received: 161042940 bytes (161042940 raw bytes)] [Duration: 98.81618285179138 seconds] [Bitrate: 13037778.659516845 bit/s]
2018-07-06 04:12:42,983 | client           | INFO     | PID=23301 | Socket closed
2018-07-06 04:12:43,087 | client           | INFO     | PID=23302 | [Received: 161070148 bytes (161070148 raw bytes)] [Duration: 98.92584609985352 seconds] [Bitrate: 13025526.035929533 bit/s]
2018-07-06 04:12:43,087 | client           | INFO     | PID=23302 | Socket closed
2018-07-06 04:12:43,133 | client           | INFO     | PID=23300 | [SUMMARY] [Received: 322113088 bytes (100.000% of 322113088 raw bytes)] [Duration: 98.92584609985352 seconds] [Bitrate: 26048851.79752651 bit/s]

 Performance counter stats for 'CPU(s) 1-2':

     198215.131777      task-clock (msec)         #    2.000 CPUs utilized            (100.00%)
             3,652      context-switches          #    0.018 K/sec                    (100.00%)
                 1      cpu-migrations            #    0.000 K/sec                    (100.00%)
            36,677      page-faults               #    0.185 K/sec                  
     1,794,602,870      cycles                    #    0.009 GHz                      (100.00%)
   <not supported>      stalled-cycles-frontend  
   <not supported>      stalled-cycles-backend   
     1,063,517,083      instructions              #    0.59  insns per cycle          (100.00%)
       214,676,064      branches                  #    1.083 M/sec                    (100.00%)
         5,361,384      branch-misses             #    2.50% of all branches        

      99.108512475 seconds time elapsed