LC_NUMERIC=en_US.UTF8 perf stat -B -C 1-2 taskset -c 2 /tmp/eucycles/pyben-nio/src/run --server start --bind 10.10.1.3 --size 178956971 --port 8881 --filename /tmp/eucycles/data_file --bufsize 50mb --method "match; func=lambda v: v - 48 < 7; sztype=BEFORE"

2018-07-06 06:49:57,777 | server           | INFO     | PID=11817 | [bufsize: 52428800 bytes] [zerocopy: False]
2018-07-06 06:49:57,791 | methods.match    | INFO     | PID=11817 | [method: methods.match]
2018-07-06 06:49:57,791 | methods.match    | INFO     | PID=11817 | [method parameters: {'mpws': '50MB', 'func': 'lambda v: v - 48 < 7', 'sztype': 'BEFORE'}]
2018-07-06 06:49:57,812 | methods.match    | INFO     | PID=11817 | Start 1 process to handle data filtering
2018-07-06 06:49:57,812 | server           | INFO     | PID=11817 | Ready to send 178956971 bytes using data file size of 1073741824 bytes
2018-07-06 06:49:57,812 | server           | INFO     | PID=11817 | Listening socket bound to port 8881
2018-07-06 06:50:08,396 | server           | INFO     | PID=11817 | Accepted incoming connection ('10.10.1.2', 49899) from client. Sending data ...
2018-07-06 06:50:49,987 | server           | INFO     | PID=11817 | [SUMMARY] [Sent: 125253844 bytes] [Read: 125253844 bytes (69.991% of 178956971 raw bytes)] [Duration: 41.59112501144409 seconds] [Bitrate: 24092417.594481613 bit/s]
2018-07-06 06:50:49,988 | server           | INFO     | PID=11817 | Resources closed, now exiting

 Performance counter stats for 'CPU(s) 1-2':

     104679.450537      task-clock (msec)         #    2.000 CPUs utilized            (100.00%)
             3,475      context-switches          #    0.033 K/sec                    (100.00%)
                 1      cpu-migrations            #    0.000 K/sec                    (100.00%)
            77,277      page-faults               #    0.738 K/sec                  
   106,691,626,907      cycles                    #    1.019 GHz                      (100.00%)
   <not supported>      stalled-cycles-frontend  
   <not supported>      stalled-cycles-backend   
   299,894,740,404      instructions              #    2.81  insns per cycle          (100.00%)
    56,706,671,955      branches                  #  541.717 M/sec                    (100.00%)
        80,718,155      branch-misses             #    0.14% of all branches        

      52.344100864 seconds time elapsed