LC_NUMERIC=en_US.UTF8 perf stat -B -C 1-2 taskset -c 2 /tmp/eucycles/pyben-nio/src/run --server start --bind 10.10.1.7 --size 214748364 --port 8881 --filename /tmp/eucycles/data_file --bufsize 50mb --method "match; func=lambda v: v - 48 < 3; sztype=BEFORE"

2018-07-06 04:28:35,968 | server           | INFO     | PID=25255 | [bufsize: 52428800 bytes] [zerocopy: False]
2018-07-06 04:28:35,982 | methods.match    | INFO     | PID=25255 | [method: methods.match]
2018-07-06 04:28:35,982 | methods.match    | INFO     | PID=25255 | [method parameters: {'func': 'lambda v: v - 48 < 3', 'mpws': '50MB', 'sztype': 'BEFORE'}]
2018-07-06 04:28:36,003 | methods.match    | INFO     | PID=25255 | Start 1 process to handle data filtering
2018-07-06 04:28:36,003 | server           | INFO     | PID=25255 | Ready to send 214748364 bytes using data file size of 1073741824 bytes
2018-07-06 04:28:36,003 | server           | INFO     | PID=25255 | Listening socket bound to port 8881
2018-07-06 04:28:40,567 | server           | INFO     | PID=25255 | Accepted incoming connection ('10.10.1.2', 36137) from client. Sending data ...
2018-07-06 04:29:20,974 | server           | INFO     | PID=25255 | [SUMMARY] [Sent: 64430274 bytes] [Read: 64430274 bytes (30.003% of 214748364 raw bytes)] [Duration: 40.40717315673828 seconds] [Bitrate: 12756205.19160334 bit/s]
2018-07-06 04:29:20,974 | server           | INFO     | PID=25255 | Resources closed, now exiting

 Performance counter stats for 'CPU(s) 1-2':

      90193.593469      task-clock (msec)         #    2.000 CPUs utilized            (100.00%)
             3,641      context-switches          #    0.040 K/sec                    (100.00%)
                 1      cpu-migrations            #    0.000 K/sec                    (100.00%)
            31,374      page-faults               #    0.348 K/sec                  
   103,187,550,808      cycles                    #    1.144 GHz                      (100.00%)
   <not supported>      stalled-cycles-frontend  
   <not supported>      stalled-cycles-backend   
   289,236,538,888      instructions              #    2.80  insns per cycle          (100.00%)
    53,906,059,393      branches                  #  597.671 M/sec                    (100.00%)
        94,891,248      branch-misses             #    0.18% of all branches        

      45.100791729 seconds time elapsed