LC_NUMERIC=en_US.UTF8 perf stat -B -C 1-2 taskset -c 2 /tmp/eucycles/pyben-nio/src/run --server start --bind 10.10.1.6 --size 178956971 --port 8881 --filename /tmp/eucycles/data_file --bufsize 50mb --method "match; func=lambda v: v - 48 < 8; sztype=BEFORE"

2018-07-06 07:35:33,231 | server           | INFO     | PID=11471 | [bufsize: 52428800 bytes] [zerocopy: False]
2018-07-06 07:35:33,245 | methods.match    | INFO     | PID=11471 | [method: methods.match]
2018-07-06 07:35:33,245 | methods.match    | INFO     | PID=11471 | [method parameters: {'mpws': '50MB', 'sztype': 'BEFORE', 'func': 'lambda v: v - 48 < 8'}]
2018-07-06 07:35:33,266 | methods.match    | INFO     | PID=11471 | Start 1 process to handle data filtering
2018-07-06 07:35:33,266 | server           | INFO     | PID=11471 | Ready to send 178956971 bytes using data file size of 1073741824 bytes
2018-07-06 07:35:33,266 | server           | INFO     | PID=11471 | Listening socket bound to port 8881
2018-07-06 07:35:40,278 | server           | INFO     | PID=11471 | Accepted incoming connection ('10.10.1.2', 50632) from client. Sending data ...
2018-07-06 07:36:24,405 | server           | INFO     | PID=11471 | [SUMMARY] [Sent: 143166729 bytes] [Read: 143166729 bytes (80.001% of 178956971 raw bytes)] [Duration: 44.12635397911072 seconds] [Bitrate: 25955777.641229946 bit/s]
2018-07-06 07:36:24,405 | server           | INFO     | PID=11471 | Resources closed, now exiting

 Performance counter stats for 'CPU(s) 1-2':

     102617.528364      task-clock (msec)         #    2.000 CPUs utilized            (100.00%)
             3,498      context-switches          #    0.034 K/sec                    (100.00%)
                 1      cpu-migrations            #    0.000 K/sec                    (100.00%)
            86,034      page-faults               #    0.838 K/sec                  
   139,548,480,174      cycles                    #    1.360 GHz                      (100.00%)
   <not supported>      stalled-cycles-frontend  
   <not supported>      stalled-cycles-backend   
   321,400,554,816      instructions              #    2.30  insns per cycle          (100.00%)
    61,350,212,298      branches                  #  597.853 M/sec                    (100.00%)
        60,243,930      branch-misses             #    0.10% of all branches        

      51.308764977 seconds time elapsed