LC_NUMERIC=en_US.UTF8 perf stat -B -C 1-2 taskset -c 2 /tmp/eucycles/pyben-nio/src/run --server start --bind 10.10.1.5 --size 268435456 --port 8881 --filename /tmp/eucycles/data_file --bufsize 50mb --method "match; func=lambda v: v - 48 < 6; sztype=BEFORE"

2018-07-06 06:02:50,298 | server           | INFO     | PID=17655 | [bufsize: 52428800 bytes] [zerocopy: False]
2018-07-06 06:02:50,312 | methods.match    | INFO     | PID=17655 | [method: methods.match]
2018-07-06 06:02:50,312 | methods.match    | INFO     | PID=17655 | [method parameters: {'sztype': 'BEFORE', 'mpws': '50MB', 'func': 'lambda v: v - 48 < 6'}]
2018-07-06 06:02:50,333 | methods.match    | INFO     | PID=17655 | Start 1 process to handle data filtering
2018-07-06 06:02:50,333 | server           | INFO     | PID=17655 | Ready to send 268435456 bytes using data file size of 1073741824 bytes
2018-07-06 06:02:50,333 | server           | INFO     | PID=17655 | Listening socket bound to port 8881
2018-07-06 06:02:56,038 | server           | INFO     | PID=17655 | Accepted incoming connection ('10.10.1.2', 36358) from client. Sending data ...
2018-07-06 06:03:55,919 | server           | INFO     | PID=17655 | [SUMMARY] [Sent: 161053941 bytes] [Read: 161053941 bytes (59.997% of 268435456 raw bytes)] [Duration: 59.88106894493103 seconds] [Bitrate: 21516508.484257217 bit/s]
2018-07-06 06:03:55,920 | server           | INFO     | PID=17655 | Resources closed, now exiting

 Performance counter stats for 'CPU(s) 1-2':

     131502.169597      task-clock (msec)         #    2.000 CPUs utilized            (100.00%)
             4,869      context-switches          #    0.037 K/sec                    (100.00%)
                 1      cpu-migrations            #    0.000 K/sec                    (100.00%)
            69,795      page-faults               #    0.531 K/sec                  
   153,296,119,983      cycles                    #    1.166 GHz                      (100.00%)
   <not supported>      stalled-cycles-frontend  
   <not supported>      stalled-cycles-backend   
   427,600,346,512      instructions              #    2.79  insns per cycle          (100.00%)
    80,599,353,505      branches                  #  612.913 M/sec                    (100.00%)
       151,936,834      branch-misses             #    0.19% of all branches        

      65.757090843 seconds time elapsed