LC_NUMERIC=en_US.UTF8 perf stat -B -C 1-2 taskset -c 2 /tmp/eucycles/pyben-nio/src/run --client start --addresses 10.10.1.3 --size 1GB --port 8881 --bind 10.10.1.2 --bufsize 50mb --cache 0b --method "raw"

2018-07-06 02:34:26,106 | client           | INFO     | PID=19676 | [bufsize: 52428800 bytes]
2018-07-06 02:34:26,129 | client           | INFO     | PID=19677 | Connecting to server 10.10.1.3 on port 8881
2018-07-06 02:34:26,130 | client           | INFO     | PID=19677 | Connection established. Receiving data ...
2018-07-06 02:34:26,130 | methods.raw      | INFO     | PID=19677 | [method: methods.raw]
2018-07-06 02:34:26,130 | methods.raw      | INFO     | PID=19677 | [method parameters: {}]
2018-07-06 02:36:59,274 | client           | INFO     | PID=19677 | [Received: 0 bytes (0 raw bytes)] [Duration: 153.1235749721527 seconds] [Bitrate: 0.0 bit/s]
2018-07-06 02:36:59,274 | client           | INFO     | PID=19677 | Socket closed
2018-07-06 02:36:59,295 | client           | INFO     | PID=19676 | [SUMMARY] [Received: 0 bytes] [Duration: 153.1235749721527 seconds] [Bitrate: 0.0 bit/s]

 Performance counter stats for 'CPU(s) 1-2':

     306524.241122      task-clock (msec)         #    2.000 CPUs utilized            (100.00%)
             3,444      context-switches          #    0.011 K/sec                    (100.00%)
                 1      cpu-migrations            #    0.000 K/sec                    (100.00%)
            19,206      page-faults               #    0.063 K/sec                  
     1,557,490,489      cycles                    #    0.005 GHz                      (100.00%)
   <not supported>      stalled-cycles-frontend  
   <not supported>      stalled-cycles-backend   
       572,050,891      instructions              #    0.37  insns per cycle          (100.00%)
       142,105,786      branches                  #    0.464 M/sec                    (100.00%)
         3,295,699      branch-misses             #    2.32% of all branches        

     153.263676535 seconds time elapsed