LC_NUMERIC=en_US.UTF8 perf stat -B -C 1-2 taskset -c 2 /tmp/eucycles/pyben-nio/src/run --server start --bind 10.10.1.3 --size 214748365 --port 8881 --filename /tmp/eucycles/data_file --bufsize 50mb --method "match; func=lambda v: v - 48 < 3; sztype=BEFORE"

2018-07-06 04:03:31,789 | server           | INFO     | PID=32206 | [bufsize: 52428800 bytes] [zerocopy: False]
2018-07-06 04:03:31,803 | methods.match    | INFO     | PID=32206 | [method: methods.match]
2018-07-06 04:03:31,804 | methods.match    | INFO     | PID=32206 | [method parameters: {'mpws': '50MB', 'sztype': 'BEFORE', 'func': 'lambda v: v - 48 < 3'}]
2018-07-06 04:03:31,824 | methods.match    | INFO     | PID=32206 | Start 1 process to handle data filtering
2018-07-06 04:03:31,824 | server           | INFO     | PID=32206 | Ready to send 214748365 bytes using data file size of 1073741824 bytes
2018-07-06 04:03:31,824 | server           | INFO     | PID=32206 | Listening socket bound to port 8881
2018-07-06 04:03:41,166 | server           | INFO     | PID=32206 | Accepted incoming connection ('10.10.1.2', 50989) from client. Sending data ...
2018-07-06 04:04:20,652 | server           | INFO     | PID=32206 | [SUMMARY] [Sent: 64417955 bytes] [Read: 64417955 bytes (29.997% of 214748365 raw bytes)] [Duration: 39.4850389957428 seconds] [Bitrate: 13051617.855957123 bit/s]
2018-07-06 04:04:20,652 | server           | INFO     | PID=32206 | Resources closed, now exiting

 Performance counter stats for 'CPU(s) 1-2':

      97984.933119      task-clock (msec)         #    2.000 CPUs utilized            (100.00%)
             3,900      context-switches          #    0.040 K/sec                    (100.00%)
                 1      cpu-migrations            #    0.000 K/sec                    (100.00%)
            31,402      page-faults               #    0.320 K/sec                  
   100,867,531,700      cycles                    #    1.029 GHz                      (100.00%)
   <not supported>      stalled-cycles-frontend  
   <not supported>      stalled-cycles-backend   
   289,238,172,705      instructions              #    2.87  insns per cycle          (100.00%)
    53,907,000,545      branches                  #  550.156 M/sec                    (100.00%)
        94,826,327      branch-misses             #    0.18% of all branches        

      48.996551399 seconds time elapsed