LC_NUMERIC=en_US.UTF8 perf stat -B -C 1-2 taskset -c 2 /tmp/eucycles/pyben-nio/src/run --server start --bind 10.10.1.5 --size 153391689 --port 8881 --filename /tmp/eucycles/data_file --bufsize 50mb --method "match; func=lambda v: v - 48 < 10; sztype=BEFORE"

2018-07-04 22:05:15,585 | server           | INFO     | PID=7577 | [bufsize: 52428800 bytes] [zerocopy: False]
2018-07-04 22:05:15,599 | methods.match    | INFO     | PID=7577 | [method: methods.match]
2018-07-04 22:05:15,599 | methods.match    | INFO     | PID=7577 | [method parameters: {'sztype': 'BEFORE', 'func': 'lambda v: v - 48 < 10', 'mpws': '50MB'}]
2018-07-04 22:05:15,620 | methods.match    | INFO     | PID=7577 | Start 1 process to handle data filtering
2018-07-04 22:05:15,620 | server           | INFO     | PID=7577 | Ready to send 153391689 bytes using data file size of 1073741824 bytes
2018-07-04 22:05:15,620 | server           | INFO     | PID=7577 | Listening socket bound to port 8881
2018-07-04 22:05:23,917 | server           | INFO     | PID=7577 | Accepted incoming connection ('10.10.1.1', 35182) from client. Sending data ...
2018-07-04 22:06:10,338 | server           | INFO     | PID=7577 | [SUMMARY] [Sent: 153391689 bytes] [Read: 153391689 bytes (100.000% of 153391689 raw bytes)] [Duration: 46.42117786407471 seconds] [Bitrate: 26434777.58348043 bit/s]
2018-07-04 22:06:10,338 | server           | INFO     | PID=7577 | Resources closed, now exiting

 Performance counter stats for 'CPU(s) 1-2':

     109764.180750      task-clock (msec)         #    2.000 CPUs utilized            (100.00%)
             3,089      context-switches          #    0.028 K/sec                    (100.00%)
                 1      cpu-migrations            #    0.000 K/sec                    (100.00%)
            91,022      page-faults               #    0.829 K/sec                  
   103,073,002,919      cycles                    #    0.939 GHz                      (100.00%)
   <not supported>      stalled-cycles-frontend  
   <not supported>      stalled-cycles-backend   
   295,229,678,331      instructions              #    2.86  insns per cycle          (100.00%)
    56,256,272,255      branches                  #  512.519 M/sec                    (100.00%)
        18,842,703      branch-misses             #    0.03% of all branches        

      54.887074619 seconds time elapsed