LC_NUMERIC=en_US.UTF8 perf stat -B -C 1-2 taskset -c 2 /tmp/eucycles/pyben-nio/src/run --server start --bind 10.10.1.7 --size 214748364 --port 8881 --filename /tmp/eucycles/data_file --bufsize 50mb --method "match; func=lambda v: v - 48 < 0; sztype=BEFORE"

2018-07-06 02:31:03,196 | server           | INFO     | PID=19583 | [bufsize: 52428800 bytes] [zerocopy: False]
2018-07-06 02:31:03,210 | methods.match    | INFO     | PID=19583 | [method: methods.match]
2018-07-06 02:31:03,210 | methods.match    | INFO     | PID=19583 | [method parameters: {'mpws': '50MB', 'func': 'lambda v: v - 48 < 0', 'sztype': 'BEFORE'}]
2018-07-06 02:31:03,231 | methods.match    | INFO     | PID=19583 | Start 1 process to handle data filtering
2018-07-06 02:31:03,231 | server           | INFO     | PID=19583 | Ready to send 214748364 bytes using data file size of 1073741824 bytes
2018-07-06 02:31:03,231 | server           | INFO     | PID=19583 | Listening socket bound to port 8881
2018-07-06 02:31:07,792 | server           | INFO     | PID=19583 | Accepted incoming connection ('10.10.1.2', 37176) from client. Sending data ...
2018-07-06 02:31:37,840 | server           | INFO     | PID=19583 | [SUMMARY] [Sent: 0 bytes] [Read: 0 bytes (0.000% of 214748364 raw bytes)] [Duration: 30.048542022705078 seconds] [Bitrate: 0.0 bit/s]
2018-07-06 02:31:37,841 | server           | INFO     | PID=19583 | Resources closed, now exiting

 Performance counter stats for 'CPU(s) 1-2':

      69470.939334      task-clock (msec)         #    2.000 CPUs utilized            (100.00%)
             3,529      context-switches          #    0.051 K/sec                    (100.00%)
                 1      cpu-migrations            #    0.000 K/sec                    (100.00%)
            16,008      page-faults               #    0.230 K/sec                  
    76,267,973,798      cycles                    #    1.098 GHz                      (100.00%)
   <not supported>      stalled-cycles-frontend  
   <not supported>      stalled-cycles-backend   
   233,793,951,602      instructions              #    3.07  insns per cycle          (100.00%)
    42,805,726,956      branches                  #  616.167 M/sec                    (100.00%)
        24,373,605      branch-misses             #    0.06% of all branches        

      34.738506088 seconds time elapsed