LC_NUMERIC=en_US.UTF8 perf stat -B -C 1-2 taskset -c 2 /tmp/eucycles/pyben-nio/src/run --server start --bind 10.10.1.9 --size 134217728 --port 8881 --filename /tmp/eucycles/data_file --bufsize 50mb --method "match; func=lambda v: v - 48 < 1; sztype=BEFORE"

2018-07-04 14:47:32,977 | server           | INFO     | PID=4385 | [bufsize: 52428800 bytes] [zerocopy: False]
2018-07-04 14:47:32,991 | methods.match    | INFO     | PID=4385 | [method: methods.match]
2018-07-04 14:47:32,991 | methods.match    | INFO     | PID=4385 | [method parameters: {'sztype': 'BEFORE', 'mpws': '50MB', 'func': 'lambda v: v - 48 < 1'}]
2018-07-04 14:47:33,012 | methods.match    | INFO     | PID=4385 | Start 1 process to handle data filtering
2018-07-04 14:47:33,012 | server           | INFO     | PID=4385 | Ready to send 134217728 bytes using data file size of 1073741824 bytes
2018-07-04 14:47:33,012 | server           | INFO     | PID=4385 | Listening socket bound to port 8881
2018-07-04 14:47:37,731 | server           | INFO     | PID=4385 | Accepted incoming connection ('10.10.1.1', 47089) from client. Sending data ...
2018-07-04 14:47:59,032 | server           | INFO     | PID=4385 | [SUMMARY] [Sent: 13420560 bytes] [Read: 13420560 bytes (9.999% of 134217728 raw bytes)] [Duration: 21.300509929656982 seconds] [Bitrate: 5040465.244943034 bit/s]
2018-07-04 14:47:59,032 | server           | INFO     | PID=4385 | Resources closed, now exiting

 Performance counter stats for 'CPU(s) 1-2':

      52297.138856      task-clock (msec)         #    2.000 CPUs utilized            (100.00%)
             2,331      context-switches          #    0.045 K/sec                    (100.00%)
                 1      cpu-migrations            #    0.000 K/sec                    (100.00%)
            21,262      page-faults               #    0.407 K/sec                  
    53,863,325,808      cycles                    #    1.030 GHz                      (100.00%)
   <not supported>      stalled-cycles-frontend  
   <not supported>      stalled-cycles-backend   
   158,872,700,262      instructions              #    2.95  insns per cycle          (100.00%)
    29,308,395,771      branches                  #  560.421 M/sec                    (100.00%)
        29,667,606      branch-misses             #    0.10% of all branches        

      26.149959939 seconds time elapsed