LC_NUMERIC=en_US.UTF8 perf stat -B -C 1-2 taskset -c 2 /tmp/eucycles/pyben-nio/src/run --server start --bind 10.10.1.7 --size 134217728 --port 8881 --filename /tmp/eucycles/data_file --bufsize 50mb --method "match; func=lambda v: v - 48 < 8; sztype=BEFORE"

2018-07-04 19:55:59,886 | server           | INFO     | PID=23383 | [bufsize: 52428800 bytes] [zerocopy: False]
2018-07-04 19:55:59,901 | methods.match    | INFO     | PID=23383 | [method: methods.match]
2018-07-04 19:55:59,901 | methods.match    | INFO     | PID=23383 | [method parameters: {'mpws': '50MB', 'sztype': 'BEFORE', 'func': 'lambda v: v - 48 < 8'}]
2018-07-04 19:55:59,922 | methods.match    | INFO     | PID=23383 | Start 1 process to handle data filtering
2018-07-04 19:55:59,922 | server           | INFO     | PID=23383 | Ready to send 134217728 bytes using data file size of 1073741824 bytes
2018-07-04 19:55:59,922 | server           | INFO     | PID=23383 | Listening socket bound to port 8881
2018-07-04 19:56:07,097 | server           | INFO     | PID=23383 | Accepted incoming connection ('10.10.1.1', 42696) from client. Sending data ...
2018-07-04 19:56:46,078 | server           | INFO     | PID=23383 | [SUMMARY] [Sent: 107372925 bytes] [Read: 107372925 bytes (79.999% of 134217728 raw bytes)] [Duration: 38.98093295097351 seconds] [Bitrate: 22035988.750714283 bit/s]
2018-07-04 19:56:46,079 | server           | INFO     | PID=23383 | Resources closed, now exiting

 Performance counter stats for 'CPU(s) 1-2':

      92648.417561      task-clock (msec)         #    2.000 CPUs utilized            (100.00%)
             2,787      context-switches          #    0.030 K/sec                    (100.00%)
                 1      cpu-migrations            #    0.000 K/sec                    (100.00%)
            68,554      page-faults               #    0.740 K/sec                  
    84,977,410,306      cycles                    #    0.917 GHz                      (100.00%)
   <not supported>      stalled-cycles-frontend  
   <not supported>      stalled-cycles-backend   
   236,031,221,396      instructions              #    2.78  insns per cycle          (100.00%)
    44,756,217,484      branches                  #  483.076 M/sec                    (100.00%)
        45,875,986      branch-misses             #    0.10% of all branches        

      46.328313949 seconds time elapsed