LC_NUMERIC=en_US.UTF8 perf stat -B -C 1-2 taskset -c 2 /tmp/eucycles/pyben-nio/src/run --server start --bind 10.10.1.8 --size 178956970 --port 8881 --filename /tmp/eucycles/data_file --bufsize 50mb --method "match; func=lambda v: v - 48 < 6; sztype=BEFORE"

2018-07-06 06:20:29,964 | server           | INFO     | PID=21471 | [bufsize: 52428800 bytes] [zerocopy: False]
2018-07-06 06:20:29,978 | methods.match    | INFO     | PID=21471 | [method: methods.match]
2018-07-06 06:20:29,979 | methods.match    | INFO     | PID=21471 | [method parameters: {'func': 'lambda v: v - 48 < 6', 'sztype': 'BEFORE', 'mpws': '50MB'}]
2018-07-06 06:20:29,999 | methods.match    | INFO     | PID=21471 | Start 1 process to handle data filtering
2018-07-06 06:20:29,999 | server           | INFO     | PID=21471 | Ready to send 178956970 bytes using data file size of 1073741824 bytes
2018-07-06 06:20:29,999 | server           | INFO     | PID=21471 | Listening socket bound to port 8881
2018-07-06 06:20:34,546 | server           | INFO     | PID=21471 | Accepted incoming connection ('10.10.1.2', 41916) from client. Sending data ...
2018-07-06 06:21:15,714 | server           | INFO     | PID=21471 | [SUMMARY] [Sent: 107368914 bytes] [Read: 107368914 bytes (59.997% of 178956970 raw bytes)] [Duration: 41.167386054992676 seconds] [Bitrate: 20864849.44301749 bit/s]
2018-07-06 06:21:15,714 | server           | INFO     | PID=21471 | Resources closed, now exiting

 Performance counter stats for 'CPU(s) 1-2':

      91683.917627      task-clock (msec)         #    2.000 CPUs utilized            (100.00%)
             3,179      context-switches          #    0.035 K/sec                    (100.00%)
                 1      cpu-migrations            #    0.000 K/sec                    (100.00%)
            54,410      page-faults               #    0.593 K/sec                  
   105,453,014,982      cycles                    #    1.150 GHz                      (100.00%)
   <not supported>      stalled-cycles-frontend  
   <not supported>      stalled-cycles-backend   
   295,740,240,566      instructions              #    2.80  insns per cycle          (100.00%)
    56,442,858,060      branches                  #  615.624 M/sec                    (100.00%)
       102,487,603      branch-misses             #    0.18% of all branches        

      45.843760447 seconds time elapsed