LC_NUMERIC=en_US.UTF8 perf stat -B -C 1-2 taskset -c 2 /tmp/eucycles/pyben-nio/src/run --server start --bind 10.10.1.3 --size 1073741824 --port 8881 --filename /tmp/eucycles/data_file --bufsize 50mb --method "match; func=lambda v: v - 48 < 10; sztype=BEFORE"

2018-07-06 08:57:30,198 | server           | INFO     | PID=20070 | [bufsize: 52428800 bytes] [zerocopy: False]
2018-07-06 08:57:30,212 | methods.match    | INFO     | PID=20070 | [method: methods.match]
2018-07-06 08:57:30,212 | methods.match    | INFO     | PID=20070 | [method parameters: {'mpws': '50MB', 'sztype': 'BEFORE', 'func': 'lambda v: v - 48 < 10'}]
2018-07-06 08:57:30,233 | methods.match    | INFO     | PID=20070 | Start 1 process to handle data filtering
2018-07-06 08:57:30,233 | server           | INFO     | PID=20070 | Ready to send 1073741824 bytes using data file size of 1073741824 bytes
2018-07-06 08:57:30,233 | server           | INFO     | PID=20070 | Listening socket bound to port 8881
2018-07-06 08:57:34,544 | server           | INFO     | PID=20070 | Accepted incoming connection ('10.10.1.2', 48682) from client. Sending data ...
2018-07-06 09:02:22,641 | server           | INFO     | PID=20070 | [SUMMARY] [Sent: 1073741824 bytes] [Read: 1073741824 bytes (100.000% of 1073741824 raw bytes)] [Duration: 288.0971508026123 seconds] [Bitrate: 29816103.93601335 bit/s]
2018-07-06 09:02:22,642 | server           | INFO     | PID=20070 | Resources closed, now exiting

 Performance counter stats for 'CPU(s) 1-2':

     585102.337686      task-clock (msec)         #    2.000 CPUs utilized            (100.00%)
            19,028      context-switches          #    0.033 K/sec                    (100.00%)
                 1      cpu-migrations            #    0.000 K/sec                    (100.00%)
           540,449      page-faults               #    0.924 K/sec                  
   737,763,821,610      cycles                    #    1.261 GHz                      (100.00%)
   <not supported>      stalled-cycles-frontend  
   <not supported>      stalled-cycles-backend   
 2,081,844,578,027      instructions              #    2.82  insns per cycle          (100.00%)
   398,731,289,105      branches                  #  681.473 M/sec                    (100.00%)
       117,785,842      branch-misses             #    0.03% of all branches        

     292.576408111 seconds time elapsed