LC_NUMERIC=en_US.UTF8 perf stat -B -C 1-2 taskset -c 2 /tmp/eucycles/pyben-nio/src/run --client start --addresses 10.10.1.3 --size 1GB --port 8881 --bind 10.10.1.2 --bufsize 50mb --cache 0b --method "raw"

2018-07-06 08:09:34,039 | client           | INFO     | PID=31090 | [bufsize: 52428800 bytes]
2018-07-06 08:09:34,062 | client           | INFO     | PID=31091 | Connecting to server 10.10.1.3 on port 8881
2018-07-06 08:09:34,063 | client           | INFO     | PID=31091 | Connection established. Receiving data ...
2018-07-06 08:09:34,063 | methods.raw      | INFO     | PID=31091 | [method: methods.raw]
2018-07-06 08:09:34,063 | methods.raw      | INFO     | PID=31091 | [method parameters: {}]
2018-07-06 08:14:07,352 | client           | INFO     | PID=31091 | [Received: 966362865 bytes (966362865 raw bytes)] [Duration: 273.26834893226624 seconds] [Bitrate: 28290517.179200374 bit/s]
2018-07-06 08:14:07,352 | client           | INFO     | PID=31091 | Socket closed
2018-07-06 08:14:07,360 | client           | INFO     | PID=31090 | [SUMMARY] [Received: 966362865 bytes (100.000% of 966362865 raw bytes)] [Duration: 273.26834893226624 seconds] [Bitrate: 28290517.179200374 bit/s]

 Performance counter stats for 'CPU(s) 1-2':

     546784.222349      task-clock (msec)         #    2.000 CPUs utilized            (100.00%)
            10,475      context-switches          #    0.019 K/sec                    (100.00%)
                 1      cpu-migrations            #    0.000 K/sec                    (100.00%)
            20,181      page-faults               #    0.037 K/sec                  
     4,284,690,419      cycles                    #    0.008 GHz                      (100.00%)
   <not supported>      stalled-cycles-frontend  
   <not supported>      stalled-cycles-backend   
     2,274,030,197      instructions              #    0.53  insns per cycle          (100.00%)
       451,725,182      branches                  #    0.826 M/sec                    (100.00%)
        10,392,099      branch-misses             #    2.30% of all branches        

     273.395021806 seconds time elapsed