LC_NUMERIC=en_US.UTF8 perf stat -B -C 1-2 taskset -c 2 /tmp/eucycles/pyben-nio/src/run --server start --bind 10.10.1.3 --size 268435456 --port 8881 --filename /tmp/eucycles/data_file --bufsize 50mb --method "match; func=lambda v: v - 48 < 2; sztype=BEFORE"

2018-07-06 03:25:48,328 | server           | INFO     | PID=29221 | [bufsize: 52428800 bytes] [zerocopy: False]
2018-07-06 03:25:48,342 | methods.match    | INFO     | PID=29221 | [method: methods.match]
2018-07-06 03:25:48,342 | methods.match    | INFO     | PID=29221 | [method parameters: {'func': 'lambda v: v - 48 < 2', 'mpws': '50MB', 'sztype': 'BEFORE'}]
2018-07-06 03:25:48,363 | methods.match    | INFO     | PID=29221 | Start 1 process to handle data filtering
2018-07-06 03:25:48,363 | server           | INFO     | PID=29221 | Ready to send 268435456 bytes using data file size of 1073741824 bytes
2018-07-06 03:25:48,363 | server           | INFO     | PID=29221 | Listening socket bound to port 8881
2018-07-06 03:25:56,505 | server           | INFO     | PID=29221 | Accepted incoming connection ('10.10.1.2', 51469) from client. Sending data ...
2018-07-06 03:26:42,203 | server           | INFO     | PID=29221 | [SUMMARY] [Sent: 53683647 bytes] [Read: 53683647 bytes (19.999% of 268435456 raw bytes)] [Duration: 45.69773507118225 seconds] [Bitrate: 9398040.741647836 bit/s]
2018-07-06 03:26:42,203 | server           | INFO     | PID=29221 | Resources closed, now exiting

 Performance counter stats for 'CPU(s) 1-2':

     108009.566096      task-clock (msec)         #    2.000 CPUs utilized            (100.00%)
             4,718      context-switches          #    0.044 K/sec                    (100.00%)
                 1      cpu-migrations            #    0.000 K/sec                    (100.00%)
            26,278      page-faults               #    0.243 K/sec                  
   116,444,013,751      cycles                    #    1.078 GHz                      (100.00%)
   <not supported>      stalled-cycles-frontend  
   <not supported>      stalled-cycles-backend   
   339,431,959,925      instructions              #    2.91  insns per cycle          (100.00%)
    62,954,244,403      branches                  #  582.858 M/sec                    (100.00%)
        87,865,044      branch-misses             #    0.14% of all branches        

      54.009302501 seconds time elapsed