LC_NUMERIC=en_US.UTF8 perf stat -B -C 1-2 taskset -c 2 /tmp/eucycles/pyben-nio/src/run --server start --bind 10.10.1.3 --size 357913942 --port 8881 --filename /tmp/eucycles/data_file --bufsize 50mb --method "match; func=lambda v: v - 48 < 1; sztype=BEFORE"

2018-07-06 03:12:31,192 | server           | INFO     | PID=28122 | [bufsize: 52428800 bytes] [zerocopy: False]
2018-07-06 03:12:31,206 | methods.match    | INFO     | PID=28122 | [method: methods.match]
2018-07-06 03:12:31,207 | methods.match    | INFO     | PID=28122 | [method parameters: {'func': 'lambda v: v - 48 < 1', 'sztype': 'BEFORE', 'mpws': '50MB'}]
2018-07-06 03:12:31,227 | methods.match    | INFO     | PID=28122 | Start 1 process to handle data filtering
2018-07-06 03:12:31,227 | server           | INFO     | PID=28122 | Ready to send 357913942 bytes using data file size of 1073741824 bytes
2018-07-06 03:12:31,227 | server           | INFO     | PID=28122 | Listening socket bound to port 8881
2018-07-06 03:12:38,119 | server           | INFO     | PID=28122 | Accepted incoming connection ('10.10.1.2', 50514) from client. Sending data ...
2018-07-06 03:13:33,850 | server           | INFO     | PID=28122 | [SUMMARY] [Sent: 35788115 bytes] [Read: 35788115 bytes (9.999% of 357913942 raw bytes)] [Duration: 55.73084115982056 seconds] [Bitrate: 5137279.718763926 bit/s]
2018-07-06 03:13:33,850 | server           | INFO     | PID=28122 | Resources closed, now exiting

 Performance counter stats for 'CPU(s) 1-2':

     125572.729641      task-clock (msec)         #    2.000 CPUs utilized            (100.00%)
             6,102      context-switches          #    0.049 K/sec                    (100.00%)
                 1      cpu-migrations            #    0.000 K/sec                    (100.00%)
            21,291      page-faults               #    0.170 K/sec                  
   141,599,959,756      cycles                    #    1.128 GHz                      (100.00%)
   <not supported>      stalled-cycles-frontend  
   <not supported>      stalled-cycles-backend   
   423,097,699,768      instructions              #    2.99  insns per cycle          (100.00%)
    78,034,993,317      branches                  #  621.433 M/sec                    (100.00%)
        75,087,618      branch-misses             #    0.10% of all branches        

      62.791648489 seconds time elapsed