LC_NUMERIC=en_US.UTF8 perf stat -B -C 1-2 taskset -c 2 /tmp/eucycles/pyben-nio/src/run --server start --bind 10.10.1.4 --size 214748365 --port 8881 --filename /tmp/eucycles/data_file --bufsize 50mb --method "match; func=lambda v: v - 48 < 3; sztype=BEFORE"

2018-07-06 04:03:35,272 | server           | INFO     | PID=21081 | [bufsize: 52428800 bytes] [zerocopy: False]
2018-07-06 04:03:35,286 | methods.match    | INFO     | PID=21081 | [method: methods.match]
2018-07-06 04:03:35,287 | methods.match    | INFO     | PID=21081 | [method parameters: {'mpws': '50MB', 'sztype': 'BEFORE', 'func': 'lambda v: v - 48 < 3'}]
2018-07-06 04:03:35,307 | methods.match    | INFO     | PID=21081 | Start 1 process to handle data filtering
2018-07-06 04:03:35,307 | server           | INFO     | PID=21081 | Ready to send 214748365 bytes using data file size of 1073741824 bytes
2018-07-06 04:03:35,307 | server           | INFO     | PID=21081 | Listening socket bound to port 8881
2018-07-06 04:03:43,424 | server           | INFO     | PID=21081 | Accepted incoming connection ('10.10.1.2', 59595) from client. Sending data ...
2018-07-06 04:04:24,358 | server           | INFO     | PID=21081 | [SUMMARY] [Sent: 64414284 bytes] [Read: 64414284 bytes (29.995% of 214748365 raw bytes)] [Duration: 40.93424081802368 seconds] [Bitrate: 12588831.787326148 bit/s]
2018-07-06 04:04:24,358 | server           | INFO     | PID=21081 | Resources closed, now exiting

 Performance counter stats for 'CPU(s) 1-2':

      98443.366758      task-clock (msec)         #    2.000 CPUs utilized            (100.00%)
             3,888      context-switches          #    0.039 K/sec                    (100.00%)
                 1      cpu-migrations            #    0.000 K/sec                    (100.00%)
            31,404      page-faults               #    0.319 K/sec                  
   105,821,877,787      cycles                    #    1.075 GHz                      (100.00%)
   <not supported>      stalled-cycles-frontend  
   <not supported>      stalled-cycles-backend   
   302,227,803,769      instructions              #    2.86  insns per cycle          (100.00%)
    57,208,238,938      branches                  #  581.128 M/sec                    (100.00%)
        94,908,963      branch-misses             #    0.17% of all branches        

      49.222005043 seconds time elapsed