LC_NUMERIC=en_US.UTF8 perf stat -B -C 1-2 taskset -c 2 /tmp/eucycles/pyben-nio/src/run --server start --bind 10.10.1.5 --size 134217728 --port 8881 --filename /tmp/eucycles/data_file --bufsize 50mb --method "match; func=lambda v: v - 48 < 10; sztype=BEFORE"

2018-07-04 21:47:30,639 | server           | INFO     | PID=6870 | [bufsize: 52428800 bytes] [zerocopy: False]
2018-07-04 21:47:30,653 | methods.match    | INFO     | PID=6870 | [method: methods.match]
2018-07-04 21:47:30,653 | methods.match    | INFO     | PID=6870 | [method parameters: {'mpws': '50MB', 'sztype': 'BEFORE', 'func': 'lambda v: v - 48 < 10'}]
2018-07-04 21:47:30,674 | methods.match    | INFO     | PID=6870 | Start 1 process to handle data filtering
2018-07-04 21:47:30,674 | server           | INFO     | PID=6870 | Ready to send 134217728 bytes using data file size of 1073741824 bytes
2018-07-04 21:47:30,674 | server           | INFO     | PID=6870 | Listening socket bound to port 8881
2018-07-04 21:47:40,146 | server           | INFO     | PID=6870 | Accepted incoming connection ('10.10.1.1', 49623) from client. Sending data ...
2018-07-04 21:48:23,099 | server           | INFO     | PID=6870 | [SUMMARY] [Sent: 134217728 bytes] [Read: 134217728 bytes (100.000% of 134217728 raw bytes)] [Duration: 42.95284104347229 seconds] [Bitrate: 24998156.068728328 bit/s]
2018-07-04 21:48:23,099 | server           | INFO     | PID=6870 | Resources closed, now exiting

 Performance counter stats for 'CPU(s) 1-2':

     105178.195149      task-clock (msec)         #    2.000 CPUs utilized            (100.00%)
             2,815      context-switches          #    0.027 K/sec                    (100.00%)
                 1      cpu-migrations            #    0.000 K/sec                    (100.00%)
            81,666      page-faults               #    0.776 K/sec                  
    91,470,389,131      cycles                    #    0.870 GHz                      (100.00%)
   <not supported>      stalled-cycles-frontend  
   <not supported>      stalled-cycles-backend   
   260,525,818,701      instructions              #    2.85  insns per cycle          (100.00%)
    49,906,987,465      branches                  #  474.499 M/sec                    (100.00%)
        16,870,877      branch-misses             #    0.03% of all branches        

      52.593866950 seconds time elapsed