LC_NUMERIC=en_US.UTF8 perf stat -B -C 1-2 taskset -c 2 /tmp/eucycles/pyben-nio/src/run --client start --addresses 10.10.1.3  10.10.1.4  10.10.1.5 --size 1GB --port 8881 --bind 10.10.1.2 --bufsize 50mb --cache 0b --method "raw"

2018-07-06 08:01:30,579 | client           | INFO     | PID=30770 | [bufsize: 52428800 bytes]
2018-07-06 08:01:30,606 | client           | INFO     | PID=30773 | Connecting to server 10.10.1.3 on port 8881
2018-07-06 08:01:30,607 | client           | INFO     | PID=30772 | Connecting to server 10.10.1.4 on port 8881
2018-07-06 08:01:30,607 | client           | INFO     | PID=30773 | Connection established. Receiving data ...
2018-07-06 08:01:30,607 | methods.raw      | INFO     | PID=30773 | [method: methods.raw]
2018-07-06 08:01:30,607 | methods.raw      | INFO     | PID=30773 | [method parameters: {}]
2018-07-06 08:01:30,612 | client           | INFO     | PID=30772 | Connection established. Receiving data ...
2018-07-06 08:01:30,612 | methods.raw      | INFO     | PID=30772 | [method: methods.raw]
2018-07-06 08:01:30,612 | methods.raw      | INFO     | PID=30772 | [method parameters: {}]
2018-07-06 08:01:30,616 | client           | INFO     | PID=30771 | Connecting to server 10.10.1.5 on port 8881
2018-07-06 08:01:30,617 | client           | INFO     | PID=30771 | Connection established. Receiving data ...
2018-07-06 08:01:30,617 | methods.raw      | INFO     | PID=30771 | [method: methods.raw]
2018-07-06 08:01:30,617 | methods.raw      | INFO     | PID=30771 | [method parameters: {}]
2018-07-06 08:02:58,244 | client           | INFO     | PID=30773 | [Received: 286324971 bytes (286324971 raw bytes)] [Duration: 87.58455085754395 seconds] [Bitrate: 26153011.52512222 bit/s]
2018-07-06 08:02:58,245 | client           | INFO     | PID=30773 | Socket closed
2018-07-06 08:02:58,463 | client           | INFO     | PID=30771 | [Received: 286310853 bytes (286310853 raw bytes)] [Duration: 87.79226016998291 seconds] [Bitrate: 26089849.14575808 bit/s]
2018-07-06 08:02:58,463 | client           | INFO     | PID=30771 | Socket closed
2018-07-06 08:02:59,454 | client           | INFO     | PID=30772 | [Received: 286329625 bytes (286329625 raw bytes)] [Duration: 88.78885507583618 seconds] [Bitrate: 25798699.600794774 bit/s]
2018-07-06 08:02:59,454 | client           | INFO     | PID=30772 | Socket closed
2018-07-06 08:02:59,505 | client           | INFO     | PID=30770 | [SUMMARY] [Received: 858965449 bytes (100.000% of 858965449 raw bytes)] [Duration: 88.79375100135803 seconds] [Bitrate: 77389720.72364531 bit/s]

 Performance counter stats for 'CPU(s) 1-2':

     177999.309387      task-clock (msec)         #    2.000 CPUs utilized            (100.00%)
             5,890      context-switches          #    0.033 K/sec                    (100.00%)
                 1      cpu-migrations            #    0.000 K/sec                    (100.00%)
            48,650      page-faults               #    0.273 K/sec                  
     2,743,001,849      cycles                    #    0.015 GHz                      (100.00%)
   <not supported>      stalled-cycles-frontend  
   <not supported>      stalled-cycles-backend   
     1,942,392,507      instructions              #    0.71  insns per cycle          (100.00%)
       361,007,036      branches                  #    2.028 M/sec                    (100.00%)
         8,951,929      branch-misses             #    2.48% of all branches        

      89.000489169 seconds time elapsed