LC_NUMERIC=en_US.UTF8 perf stat -B -C 1-2 taskset -c 2 /tmp/eucycles/pyben-nio/src/run --server start --bind 10.10.1.7 --size 214748364 --port 8881 --filename /tmp/eucycles/data_file --bufsize 50mb --method "match; func=lambda v: v - 48 < 5; sztype=BEFORE"

2018-07-06 05:22:22,790 | server           | INFO     | PID=27531 | [bufsize: 52428800 bytes] [zerocopy: False]
2018-07-06 05:22:22,804 | methods.match    | INFO     | PID=27531 | [method: methods.match]
2018-07-06 05:22:22,804 | methods.match    | INFO     | PID=27531 | [method parameters: {'func': 'lambda v: v - 48 < 5', 'sztype': 'BEFORE', 'mpws': '50MB'}]
2018-07-06 05:22:22,825 | methods.match    | INFO     | PID=27531 | Start 1 process to handle data filtering
2018-07-06 05:22:22,825 | server           | INFO     | PID=27531 | Ready to send 214748364 bytes using data file size of 1073741824 bytes
2018-07-06 05:22:22,825 | server           | INFO     | PID=27531 | Listening socket bound to port 8881
2018-07-06 05:22:27,403 | server           | INFO     | PID=27531 | Accepted incoming connection ('10.10.1.2', 47284) from client. Sending data ...
2018-07-06 05:23:13,435 | server           | INFO     | PID=27531 | [SUMMARY] [Sent: 107376861 bytes] [Read: 107376861 bytes (50.001% of 214748364 raw bytes)] [Duration: 46.03132700920105 seconds] [Bitrate: 18661527.78581192 bit/s]
2018-07-06 05:23:13,435 | server           | INFO     | PID=27531 | Resources closed, now exiting

 Performance counter stats for 'CPU(s) 1-2':

     101470.417651      task-clock (msec)         #    2.000 CPUs utilized            (100.00%)
             3,709      context-switches          #    0.037 K/sec                    (100.00%)
                 1      cpu-migrations            #    0.000 K/sec                    (100.00%)
            41,616      page-faults               #    0.410 K/sec                  
   117,776,376,555      cycles                    #    1.161 GHz                      (100.00%)
   <not supported>      stalled-cycles-frontend  
   <not supported>      stalled-cycles-backend   
   331,129,050,555      instructions              #    2.81  insns per cycle          (100.00%)
    62,893,655,326      branches                  #  619.823 M/sec                    (100.00%)
       134,629,143      branch-misses             #    0.21% of all branches        

      50.739721429 seconds time elapsed