LC_NUMERIC=en_US.UTF8 perf stat -B -C 1-2 taskset -c 2 /tmp/eucycles/pyben-nio/src/run --server start --bind 10.10.1.3 --size 1073741824 --port 8881 --filename /tmp/eucycles/data_file --bufsize 50mb --method "match; func=lambda v: v - 48 < 0; sztype=BEFORE"

2018-07-06 02:13:26,934 | server           | INFO     | PID=23098 | [bufsize: 52428800 bytes] [zerocopy: False]
2018-07-06 02:13:26,947 | methods.match    | INFO     | PID=23098 | [method: methods.match]
2018-07-06 02:13:26,947 | methods.match    | INFO     | PID=23098 | [method parameters: {'func': 'lambda v: v - 48 < 0', 'mpws': '50MB', 'sztype': 'BEFORE'}]
2018-07-06 02:13:26,967 | methods.match    | INFO     | PID=23098 | Start 1 process to handle data filtering
2018-07-06 02:13:26,967 | server           | INFO     | PID=23098 | Ready to send 1073741824 bytes using data file size of 1073741824 bytes
2018-07-06 02:13:26,967 | server           | INFO     | PID=23098 | Listening socket bound to port 8881
2018-07-06 02:13:31,426 | server           | INFO     | PID=23098 | Accepted incoming connection ('10.10.1.2', 56119) from client. Sending data ...
2018-07-06 02:15:57,262 | server           | INFO     | PID=23098 | [SUMMARY] [Sent: 0 bytes] [Read: 0 bytes (0.000% of 1073741824 raw bytes)] [Duration: 145.83579421043396 seconds] [Bitrate: 0.0 bit/s]
2018-07-06 02:15:57,262 | server           | INFO     | PID=23098 | Resources closed, now exiting

 Performance counter stats for 'CPU(s) 1-2':

     300785.512926      task-clock (msec)         #    2.000 CPUs utilized            (100.00%)
               362      context-switches          #    0.001 K/sec                    (100.00%)
                 1      cpu-migrations            #    0.000 K/sec                    (100.00%)
            15,987      page-faults               #    0.053 K/sec                  
   379,228,854,694      cycles                    #    1.261 GHz                      (100.00%)
   <not supported>      stalled-cycles-frontend  
   <not supported>      stalled-cycles-backend   
 1,167,028,868,902      instructions              #    3.08  insns per cycle          (100.00%)
   213,630,195,324      branches                  #  710.241 M/sec                    (100.00%)
       110,925,555      branch-misses             #    0.05% of all branches        

     150.405648421 seconds time elapsed