LC_NUMERIC=en_US.UTF8 perf stat -B -C 1-2 taskset -c 2 /tmp/eucycles/pyben-nio/src/run --server start --bind 10.10.1.7 --size 153391689 --port 8881 --filename /tmp/eucycles/data_file --bufsize 50mb --method "match; func=lambda v: v - 48 < 1; sztype=BEFORE"

2018-07-06 03:06:16,191 | server           | INFO     | PID=21534 | [bufsize: 52428800 bytes] [zerocopy: False]
2018-07-06 03:06:16,206 | methods.match    | INFO     | PID=21534 | [method: methods.match]
2018-07-06 03:06:16,206 | methods.match    | INFO     | PID=21534 | [method parameters: {'mpws': '50MB', 'sztype': 'BEFORE', 'func': 'lambda v: v - 48 < 1'}]
2018-07-06 03:06:16,227 | methods.match    | INFO     | PID=21534 | Start 1 process to handle data filtering
2018-07-06 03:06:16,227 | server           | INFO     | PID=21534 | Ready to send 153391689 bytes using data file size of 1073741824 bytes
2018-07-06 03:06:16,227 | server           | INFO     | PID=21534 | Listening socket bound to port 8881
2018-07-06 03:06:23,207 | server           | INFO     | PID=21534 | Accepted incoming connection ('10.10.1.2', 35211) from client. Sending data ...
2018-07-06 03:06:47,853 | server           | INFO     | PID=21534 | [SUMMARY] [Sent: 15339067 bytes] [Read: 15339067 bytes (10.000% of 153391689 raw bytes)] [Duration: 24.64593815803528 seconds] [Bitrate: 4979016.631995898 bit/s]
2018-07-06 03:06:47,853 | server           | INFO     | PID=21534 | Resources closed, now exiting

 Performance counter stats for 'CPU(s) 1-2':

      63590.830401      task-clock (msec)         #    2.000 CPUs utilized            (100.00%)
             2,880      context-switches          #    0.045 K/sec                    (100.00%)
                 1      cpu-migrations            #    0.000 K/sec                    (100.00%)
            21,300      page-faults               #    0.335 K/sec                  
    62,904,766,803      cycles                    #    0.989 GHz                      (100.00%)
   <not supported>      stalled-cycles-frontend  
   <not supported>      stalled-cycles-backend   
   186,291,012,238      instructions              #    2.96  insns per cycle          (100.00%)
    34,868,796,078      branches                  #  548.331 M/sec                    (100.00%)
        33,667,093      branch-misses             #    0.10% of all branches        

      31.798169529 seconds time elapsed