LC_NUMERIC=en_US.UTF8 perf stat -B -C 1-2 taskset -c 2 /tmp/eucycles/pyben-nio/src/run --server start --bind 10.10.1.8 --size 153391689 --port 8881 --filename /tmp/eucycles/data_file --bufsize 50mb --method "match; func=lambda v: v - 48 < 4; sztype=BEFORE"

2018-07-06 04:44:28,656 | server           | INFO     | PID=18134 | [bufsize: 52428800 bytes] [zerocopy: False]
2018-07-06 04:44:28,670 | methods.match    | INFO     | PID=18134 | [method: methods.match]
2018-07-06 04:44:28,670 | methods.match    | INFO     | PID=18134 | [method parameters: {'sztype': 'BEFORE', 'func': 'lambda v: v - 48 < 4', 'mpws': '50MB'}]
2018-07-06 04:44:28,690 | methods.match    | INFO     | PID=18134 | Start 1 process to handle data filtering
2018-07-06 04:44:28,690 | server           | INFO     | PID=18134 | Ready to send 153391689 bytes using data file size of 1073741824 bytes
2018-07-06 04:44:28,691 | server           | INFO     | PID=18134 | Listening socket bound to port 8881
2018-07-06 04:44:34,453 | server           | INFO     | PID=18134 | Accepted incoming connection ('10.10.1.2', 45517) from client. Sending data ...
2018-07-06 04:45:04,581 | server           | INFO     | PID=18134 | [SUMMARY] [Sent: 61357554 bytes] [Read: 61357554 bytes (40.001% of 153391689 raw bytes)] [Duration: 30.127792835235596 seconds] [Bitrate: 16292611.764972046 bit/s]
2018-07-06 04:45:04,582 | server           | INFO     | PID=18134 | Resources closed, now exiting

 Performance counter stats for 'CPU(s) 1-2':

      72126.168417      task-clock (msec)         #    2.000 CPUs utilized            (100.00%)
             2,938      context-switches          #    0.041 K/sec                    (100.00%)
                 1      cpu-migrations            #    0.000 K/sec                    (100.00%)
            36,579      page-faults               #    0.507 K/sec                  
    76,984,776,837      cycles                    #    1.067 GHz                      (100.00%)
   <not supported>      stalled-cycles-frontend  
   <not supported>      stalled-cycles-backend   
   219,297,742,452      instructions              #    2.85  insns per cycle          (100.00%)
    41,048,239,490      branches                  #  569.117 M/sec                    (100.00%)
        86,200,612      branch-misses             #    0.21% of all branches        

      36.064463829 seconds time elapsed