LC_NUMERIC=en_US.UTF8 perf stat -B -C 1-2 taskset -c 2 /tmp/eucycles/pyben-nio/src/run --server start --bind 10.10.1.7 --size 178956970 --port 8881 --filename /tmp/eucycles/data_file --bufsize 50mb --method "match; func=lambda v: v - 48 < 6; sztype=BEFORE"

2018-07-06 06:35:06,087 | server           | INFO     | PID=30708 | [bufsize: 52428800 bytes] [zerocopy: False]
2018-07-06 06:35:06,101 | methods.match    | INFO     | PID=30708 | [method: methods.match]
2018-07-06 06:35:06,101 | methods.match    | INFO     | PID=30708 | [method parameters: {'sztype': 'BEFORE', 'func': 'lambda v: v - 48 < 6', 'mpws': '50MB'}]
2018-07-06 06:35:06,122 | methods.match    | INFO     | PID=30708 | Start 1 process to handle data filtering
2018-07-06 06:35:06,122 | server           | INFO     | PID=30708 | Ready to send 178956970 bytes using data file size of 1073741824 bytes
2018-07-06 06:35:06,122 | server           | INFO     | PID=30708 | Listening socket bound to port 8881
2018-07-06 06:35:11,912 | server           | INFO     | PID=30708 | Accepted incoming connection ('10.10.1.2', 47835) from client. Sending data ...
2018-07-06 06:35:51,470 | server           | INFO     | PID=30708 | [SUMMARY] [Sent: 107377408 bytes] [Read: 107377408 bytes (60.002% of 178956970 raw bytes)] [Duration: 39.557776927948 seconds] [Bitrate: 21715559.63735398 bit/s]
2018-07-06 06:35:51,471 | server           | INFO     | PID=30708 | Resources closed, now exiting

 Performance counter stats for 'CPU(s) 1-2':

      91032.369417      task-clock (msec)         #    2.000 CPUs utilized            (100.00%)
             3,402      context-switches          #    0.037 K/sec                    (100.00%)
                 1      cpu-migrations            #    0.000 K/sec                    (100.00%)
            54,443      page-faults               #    0.598 K/sec                  
   101,353,498,156      cycles                    #    1.113 GHz                      (100.00%)
   <not supported>      stalled-cycles-frontend  
   <not supported>      stalled-cycles-backend   
   285,192,657,618      instructions              #    2.81  insns per cycle          (100.00%)
    53,760,572,563      branches                  #  590.565 M/sec                    (100.00%)
       102,404,146      branch-misses             #    0.19% of all branches        

      45.520214516 seconds time elapsed