LC_NUMERIC=en_US.UTF8 perf stat -B -C 1-2 taskset -c 2 /tmp/eucycles/pyben-nio/src/run --server start --bind 10.10.1.3 --size 1073741824 --port 8881 --filename /tmp/eucycles/data_file --bufsize 50mb --method "match; func=lambda v: v - 48 < 1; sztype=BEFORE"

2018-07-06 02:56:08,503 | server           | INFO     | PID=26870 | [bufsize: 52428800 bytes] [zerocopy: False]
2018-07-06 02:56:08,517 | methods.match    | INFO     | PID=26870 | [method: methods.match]
2018-07-06 02:56:08,517 | methods.match    | INFO     | PID=26870 | [method parameters: {'mpws': '50MB', 'sztype': 'BEFORE', 'func': 'lambda v: v - 48 < 1'}]
2018-07-06 02:56:08,538 | methods.match    | INFO     | PID=26870 | Start 1 process to handle data filtering
2018-07-06 02:56:08,538 | server           | INFO     | PID=26870 | Ready to send 1073741824 bytes using data file size of 1073741824 bytes
2018-07-06 02:56:08,538 | server           | INFO     | PID=26870 | Listening socket bound to port 8881
2018-07-06 02:56:12,849 | server           | INFO     | PID=26870 | Accepted incoming connection ('10.10.1.2', 39046) from client. Sending data ...
2018-07-06 02:58:59,598 | server           | INFO     | PID=26870 | [SUMMARY] [Sent: 107374527 bytes] [Read: 107374527 bytes (10.000% of 1073741824 raw bytes)] [Duration: 166.74830603599548 seconds] [Bitrate: 5151453.927301492 bit/s]
2018-07-06 02:58:59,598 | server           | INFO     | PID=26870 | Resources closed, now exiting

 Performance counter stats for 'CPU(s) 1-2':

     342427.693519      task-clock (msec)         #    2.000 CPUs utilized            (100.00%)
            17,302      context-switches          #    0.051 K/sec                    (100.00%)
                 1      cpu-migrations            #    0.000 K/sec                    (100.00%)
            21,161      page-faults               #    0.062 K/sec                  
   422,604,137,836      cycles                    #    1.234 GHz                      (100.00%)
   <not supported>      stalled-cycles-frontend  
   <not supported>      stalled-cycles-backend   
 1,268,573,570,432      instructions              #    3.00  insns per cycle          (100.00%)
   233,949,855,579      branches                  #  683.210 M/sec                    (100.00%)
       220,059,693      branch-misses             #    0.09% of all branches        

     171.228547860 seconds time elapsed