LC_NUMERIC=en_US.UTF8 perf stat -B -C 1-2 taskset -c 2 /tmp/eucycles/pyben-nio/src/run --client start --addresses 10.10.1.3 --size 1GB --port 8881 --bind 10.10.1.2 --bufsize 50mb --cache 0b --method "raw"

2018-07-06 06:52:45,656 | client           | INFO     | PID=28851 | [bufsize: 52428800 bytes]
2018-07-06 06:52:45,680 | client           | INFO     | PID=28852 | Connecting to server 10.10.1.3 on port 8881
2018-07-06 06:52:45,681 | client           | INFO     | PID=28852 | Connection established. Receiving data ...
2018-07-06 06:52:45,681 | methods.raw      | INFO     | PID=28852 | [method: methods.raw]
2018-07-06 06:52:45,681 | methods.raw      | INFO     | PID=28852 | [method parameters: {}]
2018-07-06 06:56:57,639 | client           | INFO     | PID=28852 | [Received: 751621085 bytes (751621085 raw bytes)] [Duration: 251.9377579689026 seconds] [Bitrate: 23866881.758716762 bit/s]
2018-07-06 06:56:57,640 | client           | INFO     | PID=28852 | Socket closed
2018-07-06 06:56:57,654 | client           | INFO     | PID=28851 | [SUMMARY] [Received: 751621085 bytes (100.000% of 751621085 raw bytes)] [Duration: 251.9377579689026 seconds] [Bitrate: 23866881.758716762 bit/s]

 Performance counter stats for 'CPU(s) 1-2':

     504138.750712      task-clock (msec)         #    2.000 CPUs utilized            (100.00%)
             8,664      context-switches          #    0.017 K/sec                    (100.00%)
                 1      cpu-migrations            #    0.000 K/sec                    (100.00%)
            19,879      page-faults               #    0.039 K/sec                  
     3,726,735,017      cycles                    #    0.007 GHz                      (100.00%)
   <not supported>      stalled-cycles-frontend  
   <not supported>      stalled-cycles-backend   
     1,913,049,941      instructions              #    0.51  insns per cycle          (100.00%)
       387,296,534      branches                  #    0.768 M/sec                    (100.00%)
         8,909,675      branch-misses             #    2.30% of all branches        

     252.072043674 seconds time elapsed