LC_NUMERIC=en_US.UTF8 perf stat -B -C 1-2 taskset -c 2 /tmp/eucycles/pyben-nio/src/run --server start --bind 10.10.1.2 --size 1073741824 --port 8881 --filename /tmp/eucycles/data_file --bufsize 50mb --method "match; func=lambda v: v - 48 < 2; sztype=BEFORE"

2018-07-04 15:01:10,717 | server           | INFO     | PID=31746 | [bufsize: 52428800 bytes] [zerocopy: False]
2018-07-04 15:01:10,732 | methods.match    | INFO     | PID=31746 | [method: methods.match]
2018-07-04 15:01:10,732 | methods.match    | INFO     | PID=31746 | [method parameters: {'mpws': '50MB', 'sztype': 'BEFORE', 'func': 'lambda v: v - 48 < 2'}]
2018-07-04 15:01:10,752 | methods.match    | INFO     | PID=31746 | Start 1 process to handle data filtering
2018-07-04 15:01:10,752 | server           | INFO     | PID=31746 | Ready to send 1073741824 bytes using data file size of 1073741824 bytes
2018-07-04 15:01:10,752 | server           | INFO     | PID=31746 | Listening socket bound to port 8881
2018-07-04 15:01:15,133 | server           | INFO     | PID=31746 | Accepted incoming connection ('10.10.1.1', 36665) from client. Sending data ...
2018-07-04 15:04:17,824 | server           | INFO     | PID=31746 | [SUMMARY] [Sent: 214755914 bytes] [Read: 214755914 bytes (20.001% of 1073741824 raw bytes)] [Duration: 182.69045209884644 seconds] [Bitrate: 9404143.961888243 bit/s]
2018-07-04 15:04:17,824 | server           | INFO     | PID=31746 | Resources closed, now exiting

 Performance counter stats for 'CPU(s) 1-2':

     374456.963298      task-clock (msec)         #    2.000 CPUs utilized            (100.00%)
            17,471      context-switches          #    0.047 K/sec                    (100.00%)
                 1      cpu-migrations            #    0.000 K/sec                    (100.00%)
            26,280      page-faults               #    0.070 K/sec                  
   460,599,808,246      cycles                    #    1.230 GHz                      (100.00%)
   <not supported>      stalled-cycles-frontend  
   <not supported>      stalled-cycles-backend   
 1,356,593,606,943      instructions              #    2.95  insns per cycle          (100.00%)
   251,574,737,850      branches                  #  671.839 M/sec                    (100.00%)
       343,341,962      branch-misses             #    0.14% of all branches        

     187.240427404 seconds time elapsed