LC_NUMERIC=en_US.UTF8 perf stat -B -C 1-2 taskset -c 2 /tmp/eucycles/pyben-nio/src/run --client start --addresses 10.10.1.3 --size 1GB --port 8881 --bind 10.10.1.2 --bufsize 50mb --cache 0b --method "raw"

2018-07-06 02:44:59,124 | client           | INFO     | PID=20114 | [bufsize: 52428800 bytes]
2018-07-06 02:44:59,148 | client           | INFO     | PID=20115 | Connecting to server 10.10.1.3 on port 8881
2018-07-06 02:44:59,148 | client           | INFO     | PID=20115 | Connection established. Receiving data ...
2018-07-06 02:44:59,148 | methods.raw      | INFO     | PID=20115 | [method: methods.raw]
2018-07-06 02:44:59,149 | methods.raw      | INFO     | PID=20115 | [method parameters: {}]
2018-07-06 02:47:45,589 | client           | INFO     | PID=20115 | [Received: 107374527 bytes (107374527 raw bytes)] [Duration: 166.41927289962769 seconds] [Bitrate: 5161639.039957142 bit/s]
2018-07-06 02:47:45,589 | client           | INFO     | PID=20115 | Socket closed
2018-07-06 02:47:45,629 | client           | INFO     | PID=20114 | [SUMMARY] [Received: 107374527 bytes (100.000% of 107374527 raw bytes)] [Duration: 166.41927289962769 seconds] [Bitrate: 5161639.039957142 bit/s]

 Performance counter stats for 'CPU(s) 1-2':

     333152.986145      task-clock (msec)         #    2.000 CPUs utilized            (100.00%)
             4,596      context-switches          #    0.014 K/sec                    (100.00%)
                 1      cpu-migrations            #    0.000 K/sec                    (100.00%)
            19,983      page-faults               #    0.060 K/sec                  
     1,874,405,303      cycles                    #    0.006 GHz                      (100.00%)
   <not supported>      stalled-cycles-frontend  
   <not supported>      stalled-cycles-backend   
       769,275,647      instructions              #    0.41  insns per cycle          (100.00%)
       178,197,694      branches                  #    0.535 M/sec                    (100.00%)
         4,157,073      branch-misses             #    2.33% of all branches        

     166.578198560 seconds time elapsed