LC_NUMERIC=en_US.UTF8 perf stat -B -C 1-2 taskset -c 2 /tmp/eucycles/pyben-nio/src/run --server start --bind 10.10.1.7 --size 134217728 --port 8881 --filename /tmp/eucycles/data_file --bufsize 50mb --method "match; func=lambda v: v - 48 < 6; sztype=BEFORE"

2018-07-04 18:12:53,092 | server           | INFO     | PID=19668 | [bufsize: 52428800 bytes] [zerocopy: False]
2018-07-04 18:12:53,106 | methods.match    | INFO     | PID=19668 | [method: methods.match]
2018-07-04 18:12:53,106 | methods.match    | INFO     | PID=19668 | [method parameters: {'sztype': 'BEFORE', 'func': 'lambda v: v - 48 < 6', 'mpws': '50MB'}]
2018-07-04 18:12:53,127 | methods.match    | INFO     | PID=19668 | Start 1 process to handle data filtering
2018-07-04 18:12:53,127 | server           | INFO     | PID=19668 | Ready to send 134217728 bytes using data file size of 1073741824 bytes
2018-07-04 18:12:53,127 | server           | INFO     | PID=19668 | Listening socket bound to port 8881
2018-07-04 18:13:00,246 | server           | INFO     | PID=19668 | Accepted incoming connection ('10.10.1.1', 41138) from client. Sending data ...
2018-07-04 18:13:34,153 | server           | INFO     | PID=19668 | [SUMMARY] [Sent: 80531270 bytes] [Read: 80531270 bytes (60.000% of 134217728 raw bytes)] [Duration: 33.90735197067261 seconds] [Bitrate: 19000308.85800901 bit/s]
2018-07-04 18:13:34,153 | server           | INFO     | PID=19668 | Resources closed, now exiting

 Performance counter stats for 'CPU(s) 1-2':

      82388.454113      task-clock (msec)         #    2.000 CPUs utilized            (100.00%)
             2,690      context-switches          #    0.033 K/sec                    (100.00%)
                 1      cpu-migrations            #    0.000 K/sec                    (100.00%)
            48,037      page-faults               #    0.583 K/sec                  
    78,302,467,992      cycles                    #    0.950 GHz                      (100.00%)
   <not supported>      stalled-cycles-frontend  
   <not supported>      stalled-cycles-backend   
   213,979,645,679      instructions              #    2.73  insns per cycle          (100.00%)
    40,340,311,046      branches                  #  489.635 M/sec                    (100.00%)
        77,425,162      branch-misses             #    0.19% of all branches        

      41.197859426 seconds time elapsed