LC_NUMERIC=en_US.UTF8 perf stat -B -C 1-2 taskset -c 2 /tmp/eucycles/pyben-nio/src/run --server start --bind 10.10.1.3 --size 268435456 --port 8881 --filename /tmp/eucycles/data_file --bufsize 50mb --method "match; func=lambda v: v - 48 < 8; sztype=BEFORE"

2018-07-04 19:49:15,730 | server           | INFO     | PID=12715 | [bufsize: 52428800 bytes] [zerocopy: False]
2018-07-04 19:49:15,744 | methods.match    | INFO     | PID=12715 | [method: methods.match]
2018-07-04 19:49:15,745 | methods.match    | INFO     | PID=12715 | [method parameters: {'func': 'lambda v: v - 48 < 8', 'sztype': 'BEFORE', 'mpws': '50MB'}]
2018-07-04 19:49:15,765 | methods.match    | INFO     | PID=12715 | Start 1 process to handle data filtering
2018-07-04 19:49:15,765 | server           | INFO     | PID=12715 | Ready to send 268435456 bytes using data file size of 1073741824 bytes
2018-07-04 19:49:15,765 | server           | INFO     | PID=12715 | Listening socket bound to port 8881
2018-07-04 19:49:22,718 | server           | INFO     | PID=12715 | Accepted incoming connection ('10.10.1.1', 57481) from client. Sending data ...
2018-07-04 19:50:32,474 | server           | INFO     | PID=12715 | [SUMMARY] [Sent: 214737254 bytes] [Read: 214737254 bytes (79.996% of 268435456 raw bytes)] [Duration: 69.75536894798279 seconds] [Bitrate: 24627466.787266973 bit/s]
2018-07-04 19:50:32,474 | server           | INFO     | PID=12715 | Resources closed, now exiting

 Performance counter stats for 'CPU(s) 1-2':

     153744.015967      task-clock (msec)         #    2.000 CPUs utilized            (100.00%)
             4,999      context-switches          #    0.033 K/sec                    (100.00%)
                 1      cpu-migrations            #    0.000 K/sec                    (100.00%)
           120,981      page-faults               #    0.787 K/sec                  
   168,937,431,690      cycles                    #    1.099 GHz                      (100.00%)
   <not supported>      stalled-cycles-frontend  
   <not supported>      stalled-cycles-backend   
   471,691,637,278      instructions              #    2.79  insns per cycle          (100.00%)
    89,431,580,488      branches                  #  581.691 M/sec                    (100.00%)
        88,910,398      branch-misses             #    0.10% of all branches        

      76.878515564 seconds time elapsed