LC_NUMERIC=en_US.UTF8 perf stat -B -C 1-2 taskset -c 2 /tmp/eucycles/pyben-nio/src/run --server start --bind 10.10.1.5 --size 214748365 --port 8881 --filename /tmp/eucycles/data_file --bufsize 50mb --method "match; func=lambda v: v - 48 < 4; sztype=BEFORE"

2018-07-04 17:04:36,293 | server           | INFO     | PID=25648 | [bufsize: 52428800 bytes] [zerocopy: False]
2018-07-04 17:04:36,307 | methods.match    | INFO     | PID=25648 | [method: methods.match]
2018-07-04 17:04:36,307 | methods.match    | INFO     | PID=25648 | [method parameters: {'mpws': '50MB', 'func': 'lambda v: v - 48 < 4', 'sztype': 'BEFORE'}]
2018-07-04 17:04:36,328 | methods.match    | INFO     | PID=25648 | Start 1 process to handle data filtering
2018-07-04 17:04:36,328 | server           | INFO     | PID=25648 | Ready to send 214748365 bytes using data file size of 1073741824 bytes
2018-07-04 17:04:36,328 | server           | INFO     | PID=25648 | Listening socket bound to port 8881
2018-07-04 17:04:42,026 | server           | INFO     | PID=25648 | Accepted incoming connection ('10.10.1.1', 60399) from client. Sending data ...
2018-07-04 17:05:26,749 | server           | INFO     | PID=25648 | [SUMMARY] [Sent: 85894300 bytes] [Read: 85894300 bytes (39.998% of 214748365 raw bytes)] [Duration: 44.7223858833313 seconds] [Bitrate: 15364886.877739515 bit/s]
2018-07-04 17:05:26,749 | server           | INFO     | PID=25648 | Resources closed, now exiting

 Performance counter stats for 'CPU(s) 1-2':

     101173.768713      task-clock (msec)         #    2.000 CPUs utilized            (100.00%)
             3,932      context-switches          #    0.039 K/sec                    (100.00%)
                 1      cpu-migrations            #    0.000 K/sec                    (100.00%)
            36,512      page-faults               #    0.361 K/sec                  
   109,614,572,127      cycles                    #    1.083 GHz                      (100.00%)
   <not supported>      stalled-cycles-frontend  
   <not supported>      stalled-cycles-backend   
   310,280,597,467      instructions              #    2.83  insns per cycle          (100.00%)
    58,505,784,498      branches                  #  578.270 M/sec                    (100.00%)
       119,565,755      branch-misses             #    0.20% of all branches        

      50.591466425 seconds time elapsed