LC_NUMERIC=en_US.UTF8 perf stat -B -C 1-2 taskset -c 2 /tmp/eucycles/pyben-nio/src/run --server start --bind 10.10.1.3 --size 536870912 --port 8881 --filename /tmp/eucycles/data_file --bufsize 50mb --method "match; func=lambda v: v - 48 < 7; sztype=BEFORE"

2018-07-06 07:12:13,070 | server           | INFO     | PID=13203 | [bufsize: 52428800 bytes] [zerocopy: False]
2018-07-06 07:12:13,084 | methods.match    | INFO     | PID=13203 | [method: methods.match]
2018-07-06 07:12:13,084 | methods.match    | INFO     | PID=13203 | [method parameters: {'mpws': '50MB', 'sztype': 'BEFORE', 'func': 'lambda v: v - 48 < 7'}]
2018-07-06 07:12:13,105 | methods.match    | INFO     | PID=13203 | Start 1 process to handle data filtering
2018-07-06 07:12:13,105 | server           | INFO     | PID=13203 | Ready to send 536870912 bytes using data file size of 1073741824 bytes
2018-07-06 07:12:13,105 | server           | INFO     | PID=13203 | Listening socket bound to port 8881
2018-07-06 07:12:18,669 | server           | INFO     | PID=13203 | Accepted incoming connection ('10.10.1.2', 34347) from client. Sending data ...
2018-07-06 07:14:25,311 | server           | INFO     | PID=13203 | [SUMMARY] [Sent: 375807758 bytes] [Read: 375807758 bytes (70.000% of 536870912 raw bytes)] [Duration: 126.64145493507385 seconds] [Bitrate: 23739952.020776637 bit/s]
2018-07-06 07:14:25,311 | server           | INFO     | PID=13203 | Resources closed, now exiting

 Performance counter stats for 'CPU(s) 1-2':

     264726.305248      task-clock (msec)         #    2.000 CPUs utilized            (100.00%)
             9,514      context-switches          #    0.036 K/sec                    (100.00%)
                 1      cpu-migrations            #    0.000 K/sec                    (100.00%)
           199,641      page-faults               #    0.754 K/sec                  
   323,913,042,550      cycles                    #    1.224 GHz                      (100.00%)
   <not supported>      stalled-cycles-frontend  
   <not supported>      stalled-cycles-backend   
   907,620,419,269      instructions              #    2.80  insns per cycle          (100.00%)
   172,660,763,891      branches                  #  652.224 M/sec                    (100.00%)
       239,471,750      branch-misses             #    0.14% of all branches        

     132.374477638 seconds time elapsed