LC_NUMERIC=en_US.UTF8 perf stat -B -C 1-2 taskset -c 2 /tmp/eucycles/pyben-nio/src/run --server start --bind 10.10.1.4 --size 178956971 --port 8881 --filename /tmp/eucycles/data_file --bufsize 50mb --method "match; func=lambda v: v - 48 < 5; sztype=BEFORE"

2018-07-06 05:23:48,865 | server           | INFO     | PID=26435 | [bufsize: 52428800 bytes] [zerocopy: False]
2018-07-06 05:23:48,880 | methods.match    | INFO     | PID=26435 | [method: methods.match]
2018-07-06 05:23:48,880 | methods.match    | INFO     | PID=26435 | [method parameters: {'sztype': 'BEFORE', 'func': 'lambda v: v - 48 < 5', 'mpws': '50MB'}]
2018-07-06 05:23:48,901 | methods.match    | INFO     | PID=26435 | Start 1 process to handle data filtering
2018-07-06 05:23:48,901 | server           | INFO     | PID=26435 | Ready to send 178956971 bytes using data file size of 1073741824 bytes
2018-07-06 05:23:48,901 | server           | INFO     | PID=26435 | Listening socket bound to port 8881
2018-07-06 05:23:58,412 | server           | INFO     | PID=26435 | Accepted incoming connection ('10.10.1.2', 36078) from client. Sending data ...
2018-07-06 05:24:35,825 | server           | INFO     | PID=26435 | [SUMMARY] [Sent: 89464236 bytes] [Read: 89464236 bytes (49.992% of 178956971 raw bytes)] [Duration: 37.41332697868347 seconds] [Bitrate: 19129918.288415875 bit/s]
2018-07-06 05:24:35,825 | server           | INFO     | PID=26435 | Resources closed, now exiting

 Performance counter stats for 'CPU(s) 1-2':

      94191.315869      task-clock (msec)         #    2.000 CPUs utilized            (100.00%)
             3,350      context-switches          #    0.036 K/sec                    (100.00%)
                 1      cpu-migrations            #    0.000 K/sec                    (100.00%)
            41,625      page-faults               #    0.442 K/sec                  
    95,827,384,532      cycles                    #    1.017 GHz                      (100.00%)
   <not supported>      stalled-cycles-frontend  
   <not supported>      stalled-cycles-backend   
   270,460,769,912      instructions              #    2.82  insns per cycle          (100.00%)
    50,815,295,147      branches                  #  539.490 M/sec                    (100.00%)
       112,761,444      branch-misses             #    0.22% of all branches        

      47.095958693 seconds time elapsed