LC_NUMERIC=en_US.UTF8 perf stat -B -C 1-2 taskset -c 2 /tmp/eucycles/pyben-nio/src/run --server start --bind 10.10.1.3 --size 214748365 --port 8881 --filename /tmp/eucycles/data_file --bufsize 50mb --method "match; func=lambda v: v - 48 < 9; sztype=BEFORE"

2018-07-06 08:21:00,921 | server           | INFO     | PID=17660 | [bufsize: 52428800 bytes] [zerocopy: False]
2018-07-06 08:21:00,936 | methods.match    | INFO     | PID=17660 | [method: methods.match]
2018-07-06 08:21:00,936 | methods.match    | INFO     | PID=17660 | [method parameters: {'sztype': 'BEFORE', 'func': 'lambda v: v - 48 < 9', 'mpws': '50MB'}]
2018-07-06 08:21:00,956 | methods.match    | INFO     | PID=17660 | Start 1 process to handle data filtering
2018-07-06 08:21:00,956 | server           | INFO     | PID=17660 | Ready to send 214748365 bytes using data file size of 1073741824 bytes
2018-07-06 08:21:00,957 | server           | INFO     | PID=17660 | Listening socket bound to port 8881
2018-07-06 08:21:10,429 | server           | INFO     | PID=17660 | Accepted incoming connection ('10.10.1.2', 60010) from client. Sending data ...
2018-07-06 08:22:04,612 | server           | INFO     | PID=17660 | [SUMMARY] [Sent: 193264327 bytes] [Read: 193264327 bytes (89.996% of 214748365 raw bytes)] [Duration: 54.18287992477417 seconds] [Bitrate: 28535113.270955283 bit/s]
2018-07-06 08:22:04,613 | server           | INFO     | PID=17660 | Resources closed, now exiting

 Performance counter stats for 'CPU(s) 1-2':

     127640.065202      task-clock (msec)         #    2.000 CPUs utilized            (100.00%)
             4,144      context-switches          #    0.032 K/sec                    (100.00%)
                 1      cpu-migrations            #    0.000 K/sec                    (100.00%)
           110,492      page-faults               #    0.866 K/sec                  
   139,038,508,979      cycles                    #    1.089 GHz                      (100.00%)
   <not supported>      stalled-cycles-frontend  
   <not supported>      stalled-cycles-backend   
   395,072,079,812      instructions              #    2.84  insns per cycle          (100.00%)
    75,093,075,595      branches                  #  588.319 M/sec                    (100.00%)
        46,970,230      branch-misses             #    0.06% of all branches        

      63.825402314 seconds time elapsed