LC_NUMERIC=en_US.UTF8 perf stat -B -C 1-2 taskset -c 2 /tmp/eucycles/pyben-nio/src/run --server start --bind 10.10.1.6 --size 134217728 --port 8881 --filename /tmp/eucycles/data_file --bufsize 50mb --method "match; func=lambda v: v - 48 < 0; sztype=BEFORE"

2018-07-04 14:22:04,465 | server           | INFO     | PID=13303 | [bufsize: 52428800 bytes] [zerocopy: False]
2018-07-04 14:22:04,479 | methods.match    | INFO     | PID=13303 | [method: methods.match]
2018-07-04 14:22:04,479 | methods.match    | INFO     | PID=13303 | [method parameters: {'sztype': 'BEFORE', 'func': 'lambda v: v - 48 < 0', 'mpws': '50MB'}]
2018-07-04 14:22:04,500 | methods.match    | INFO     | PID=13303 | Start 1 process to handle data filtering
2018-07-04 14:22:04,500 | server           | INFO     | PID=13303 | Ready to send 134217728 bytes using data file size of 1073741824 bytes
2018-07-04 14:22:04,500 | server           | INFO     | PID=13303 | Listening socket bound to port 8881
2018-07-04 14:22:12,842 | server           | INFO     | PID=13303 | Accepted incoming connection ('10.10.1.1', 55175) from client. Sending data ...
2018-07-04 14:22:31,862 | server           | INFO     | PID=13303 | [SUMMARY] [Sent: 0 bytes] [Read: 0 bytes (0.000% of 134217728 raw bytes)] [Duration: 19.019757986068726 seconds] [Bitrate: 0.0 bit/s]
2018-07-04 14:22:31,862 | server           | INFO     | PID=13303 | Resources closed, now exiting

 Performance counter stats for 'CPU(s) 1-2':

      55062.363572      task-clock (msec)         #    2.000 CPUs utilized            (100.00%)
             2,524      context-switches          #    0.046 K/sec                    (100.00%)
                 1      cpu-migrations            #    0.000 K/sec                    (100.00%)
            16,038      page-faults               #    0.291 K/sec                  
    68,679,547,691      cycles                    #    1.247 GHz                      (100.00%)
   <not supported>      stalled-cycles-frontend  
   <not supported>      stalled-cycles-backend   
   153,634,333,325      instructions              #    2.24  insns per cycle          (100.00%)
    28,761,791,281      branches                  #  522.349 M/sec                    (100.00%)
        16,224,226      branch-misses             #    0.06% of all branches        

      27.531104580 seconds time elapsed