LC_NUMERIC=en_US.UTF8 perf stat -B -C 1-2 taskset -c 2 /tmp/eucycles/pyben-nio/src/run --server start --bind 10.10.1.8 --size 153391689 --port 8881 --filename /tmp/eucycles/data_file --bufsize 50mb --method "match; func=lambda v: v - 48 < 1; sztype=BEFORE"

2018-07-06 03:06:18,485 | server           | INFO     | PID=14271 | [bufsize: 52428800 bytes] [zerocopy: False]
2018-07-06 03:06:18,499 | methods.match    | INFO     | PID=14271 | [method: methods.match]
2018-07-06 03:06:18,499 | methods.match    | INFO     | PID=14271 | [method parameters: {'mpws': '50MB', 'func': 'lambda v: v - 48 < 1', 'sztype': 'BEFORE'}]
2018-07-06 03:06:18,519 | methods.match    | INFO     | PID=14271 | Start 1 process to handle data filtering
2018-07-06 03:06:18,519 | server           | INFO     | PID=14271 | Ready to send 153391689 bytes using data file size of 1073741824 bytes
2018-07-06 03:06:18,520 | server           | INFO     | PID=14271 | Listening socket bound to port 8881
2018-07-06 03:06:24,282 | server           | INFO     | PID=14271 | Accepted incoming connection ('10.10.1.2', 38371) from client. Sending data ...
2018-07-06 03:06:48,284 | server           | INFO     | PID=14271 | [SUMMARY] [Sent: 15347261 bytes] [Read: 15347261 bytes (10.005% of 153391689 raw bytes)] [Duration: 24.001951217651367 seconds] [Bitrate: 5115337.785942473 bit/s]
2018-07-06 03:06:48,284 | server           | INFO     | PID=14271 | Resources closed, now exiting

 Performance counter stats for 'CPU(s) 1-2':

      59871.195800      task-clock (msec)         #    2.000 CPUs utilized            (100.00%)
             2,879      context-switches          #    0.048 K/sec                    (100.00%)
                 1      cpu-migrations            #    0.000 K/sec                    (100.00%)
            21,300      page-faults               #    0.356 K/sec                  
    61,148,284,963      cycles                    #    1.021 GHz                      (100.00%)
   <not supported>      stalled-cycles-frontend  
   <not supported>      stalled-cycles-backend   
   183,990,693,524      instructions              #    3.01  insns per cycle          (100.00%)
    34,255,056,193      branches                  #  572.146 M/sec                    (100.00%)
        33,621,104      branch-misses             #    0.10% of all branches        

      29.936712612 seconds time elapsed