LC_NUMERIC=en_US.UTF8 perf stat -B -C 1-2 taskset -c 2 /tmp/eucycles/pyben-nio/src/run --server start --bind 10.10.1.3 --size 178956971 --port 8881 --filename /tmp/eucycles/data_file --bufsize 50mb --method "match; func=lambda v: v - 48 < 1; sztype=BEFORE"

2018-07-06 03:05:06,668 | server           | INFO     | PID=27576 | [bufsize: 52428800 bytes] [zerocopy: False]
2018-07-06 03:05:06,682 | methods.match    | INFO     | PID=27576 | [method: methods.match]
2018-07-06 03:05:06,682 | methods.match    | INFO     | PID=27576 | [method parameters: {'func': 'lambda v: v - 48 < 1', 'sztype': 'BEFORE', 'mpws': '50MB'}]
2018-07-06 03:05:06,703 | methods.match    | INFO     | PID=27576 | Start 1 process to handle data filtering
2018-07-06 03:05:06,703 | server           | INFO     | PID=27576 | Ready to send 178956971 bytes using data file size of 1073741824 bytes
2018-07-06 03:05:06,703 | server           | INFO     | PID=27576 | Listening socket bound to port 8881
2018-07-06 03:05:17,287 | server           | INFO     | PID=27576 | Accepted incoming connection ('10.10.1.2', 48168) from client. Sending data ...
2018-07-06 03:05:46,372 | server           | INFO     | PID=27576 | [SUMMARY] [Sent: 17892712 bytes] [Read: 17892712 bytes (9.998% of 178956971 raw bytes)] [Duration: 29.08429193496704 seconds] [Bitrate: 4921615.293921104 bit/s]
2018-07-06 03:05:46,372 | server           | INFO     | PID=27576 | Resources closed, now exiting

 Performance counter stats for 'CPU(s) 1-2':

      79671.584103      task-clock (msec)         #    2.000 CPUs utilized            (100.00%)
             3,294      context-switches          #    0.041 K/sec                    (100.00%)
                 1      cpu-migrations            #    0.000 K/sec                    (100.00%)
            21,156      page-faults               #    0.266 K/sec                  
    74,218,092,777      cycles                    #    0.932 GHz                      (100.00%)
   <not supported>      stalled-cycles-frontend  
   <not supported>      stalled-cycles-backend   
   219,783,938,381      instructions              #    2.96  insns per cycle          (100.00%)
    41,204,823,889      branches                  #  517.183 M/sec                    (100.00%)
        38,842,588      branch-misses             #    0.09% of all branches        

      39.839082735 seconds time elapsed