LC_NUMERIC=en_US.UTF8 perf stat -B -C 1-2 taskset -c 2 /tmp/eucycles/pyben-nio/src/run --server start --bind 10.10.1.3 --size 536870912 --port 8881 --filename /tmp/eucycles/data_file --bufsize 50mb --method "match; func=lambda v: v - 48 < 1; sztype=BEFORE"

2018-07-06 02:48:03,840 | server           | INFO     | PID=26071 | [bufsize: 52428800 bytes] [zerocopy: False]
2018-07-06 02:48:03,854 | methods.match    | INFO     | PID=26071 | [method: methods.match]
2018-07-06 02:48:03,854 | methods.match    | INFO     | PID=26071 | [method parameters: {'func': 'lambda v: v - 48 < 1', 'sztype': 'BEFORE', 'mpws': '50MB'}]
2018-07-06 02:48:03,875 | methods.match    | INFO     | PID=26071 | Start 1 process to handle data filtering
2018-07-06 02:48:03,875 | server           | INFO     | PID=26071 | Ready to send 536870912 bytes using data file size of 1073741824 bytes
2018-07-06 02:48:03,875 | server           | INFO     | PID=26071 | Listening socket bound to port 8881
2018-07-06 02:48:09,440 | server           | INFO     | PID=26071 | Accepted incoming connection ('10.10.1.2', 52080) from client. Sending data ...
2018-07-06 02:49:32,620 | server           | INFO     | PID=26071 | [SUMMARY] [Sent: 53685316 bytes] [Read: 53685316 bytes (10.000% of 536870912 raw bytes)] [Duration: 83.17985105514526 seconds] [Bitrate: 5163300.036631088 bit/s]
2018-07-06 02:49:32,620 | server           | INFO     | PID=26071 | Resources closed, now exiting

 Performance counter stats for 'CPU(s) 1-2':

     177813.275236      task-clock (msec)         #    2.000 CPUs utilized            (100.00%)
             8,861      context-switches          #    0.050 K/sec                    (100.00%)
                 1      cpu-migrations            #    0.000 K/sec                    (100.00%)
            21,160      page-faults               #    0.119 K/sec                  
   211,014,479,252      cycles                    #    1.187 GHz                      (100.00%)
   <not supported>      stalled-cycles-frontend  
   <not supported>      stalled-cycles-backend   
   634,462,892,789      instructions              #    3.01  insns per cycle          (100.00%)
   117,012,815,455      branches                  #  658.066 M/sec                    (100.00%)
       111,286,925      branch-misses             #    0.10% of all branches        

      88.914190185 seconds time elapsed