LC_NUMERIC=en_US.UTF8 perf stat -B -C 1-2 taskset -c 2 /tmp/eucycles/pyben-nio/src/run --server start --bind 10.10.1.2 --size 178956971 --port 8881 --filename /tmp/eucycles/data_file --bufsize 50mb --method "match; func=lambda v: v - 48 < 5; sztype=BEFORE"

2018-07-04 17:37:37,248 | server           | INFO     | PID=10975 | [bufsize: 52428800 bytes] [zerocopy: False]
2018-07-04 17:37:37,262 | methods.match    | INFO     | PID=10975 | [method: methods.match]
2018-07-04 17:37:37,263 | methods.match    | INFO     | PID=10975 | [method parameters: {'mpws': '50MB', 'func': 'lambda v: v - 48 < 5', 'sztype': 'BEFORE'}]
2018-07-04 17:37:37,283 | methods.match    | INFO     | PID=10975 | Start 1 process to handle data filtering
2018-07-04 17:37:37,283 | server           | INFO     | PID=10975 | Ready to send 178956971 bytes using data file size of 1073741824 bytes
2018-07-04 17:37:37,283 | server           | INFO     | PID=10975 | Listening socket bound to port 8881
2018-07-04 17:37:48,069 | server           | INFO     | PID=10975 | Accepted incoming connection ('10.10.1.1', 59504) from client. Sending data ...
2018-07-04 17:38:28,482 | server           | INFO     | PID=10975 | [SUMMARY] [Sent: 89479697 bytes] [Read: 89479697 bytes (50.001% of 178956971 raw bytes)] [Duration: 40.41275095939636 seconds] [Bitrate: 17713161.292068902 bit/s]
2018-07-04 17:38:28,483 | server           | INFO     | PID=10975 | Resources closed, now exiting

 Performance counter stats for 'CPU(s) 1-2':

     102732.643034      task-clock (msec)         #    2.000 CPUs utilized            (100.00%)
             3,413      context-switches          #    0.033 K/sec                    (100.00%)
                 1      cpu-migrations            #    0.000 K/sec                    (100.00%)
            41,633      page-faults               #    0.405 K/sec                  
    98,097,771,717      cycles                    #    0.955 GHz                      (100.00%)
   <not supported>      stalled-cycles-frontend  
   <not supported>      stalled-cycles-backend   
   276,017,732,166      instructions              #    2.81  insns per cycle          (100.00%)
    52,428,556,502      branches                  #  510.340 M/sec                    (100.00%)
       112,709,921      branch-misses             #    0.21% of all branches        

      51.369476623 seconds time elapsed