LC_NUMERIC=en_US.UTF8 perf stat -B -C 1-2 taskset -c 2 /tmp/eucycles/pyben-nio/src/run --server start --bind 10.10.1.8 --size 134217728 --port 8881 --filename /tmp/eucycles/data_file --bufsize 50mb --method "match; func=lambda v: v - 48 < 8; sztype=BEFORE"

2018-07-04 20:32:08,707 | server           | INFO     | PID=20262 | [bufsize: 52428800 bytes] [zerocopy: False]
2018-07-04 20:32:08,721 | methods.match    | INFO     | PID=20262 | [method: methods.match]
2018-07-04 20:32:08,721 | methods.match    | INFO     | PID=20262 | [method parameters: {'sztype': 'BEFORE', 'mpws': '50MB', 'func': 'lambda v: v - 48 < 8'}]
2018-07-04 20:32:08,742 | methods.match    | INFO     | PID=20262 | Start 1 process to handle data filtering
2018-07-04 20:32:08,742 | server           | INFO     | PID=20262 | Ready to send 134217728 bytes using data file size of 1073741824 bytes
2018-07-04 20:32:08,742 | server           | INFO     | PID=20262 | Listening socket bound to port 8881
2018-07-04 20:32:14,644 | server           | INFO     | PID=20262 | Accepted incoming connection ('10.10.1.1', 58231) from client. Sending data ...
2018-07-04 20:32:54,388 | server           | INFO     | PID=20262 | [SUMMARY] [Sent: 107375761 bytes] [Read: 107375761 bytes (80.001% of 134217728 raw bytes)] [Duration: 39.743863105773926 seconds] [Bitrate: 21613552.90787535 bit/s]
2018-07-04 20:32:54,388 | server           | INFO     | PID=20262 | Resources closed, now exiting

 Performance counter stats for 'CPU(s) 1-2':

      91628.893489      task-clock (msec)         #    2.000 CPUs utilized            (100.00%)
             2,750      context-switches          #    0.030 K/sec                    (100.00%)
                 1      cpu-migrations            #    0.000 K/sec                    (100.00%)
            68,545      page-faults               #    0.748 K/sec                  
    85,751,084,107      cycles                    #    0.936 GHz                      (100.00%)
   <not supported>      stalled-cycles-frontend  
   <not supported>      stalled-cycles-backend   
   240,190,061,811      instructions              #    2.80  insns per cycle          (100.00%)
    45,963,764,490      branches                  #  501.630 M/sec                    (100.00%)
        45,878,737      branch-misses             #    0.10% of all branches        

      45.816248438 seconds time elapsed