LC_NUMERIC=en_US.UTF8 perf stat -B -C 1-2 taskset -c 2 /tmp/eucycles/pyben-nio/src/run --server start --bind 10.10.1.5 --size 268435456 --port 8881 --filename /tmp/eucycles/data_file --bufsize 50mb --method "match; func=lambda v: v - 48 < 0; sztype=BEFORE"

2018-07-06 02:29:47,620 | server           | INFO     | PID=4763 | [bufsize: 52428800 bytes] [zerocopy: False]
2018-07-06 02:29:47,634 | methods.match    | INFO     | PID=4763 | [method: methods.match]
2018-07-06 02:29:47,635 | methods.match    | INFO     | PID=4763 | [method parameters: {'sztype': 'BEFORE', 'mpws': '50MB', 'func': 'lambda v: v - 48 < 0'}]
2018-07-06 02:29:47,655 | methods.match    | INFO     | PID=4763 | Start 1 process to handle data filtering
2018-07-06 02:29:47,655 | server           | INFO     | PID=4763 | Ready to send 268435456 bytes using data file size of 1073741824 bytes
2018-07-06 02:29:47,655 | server           | INFO     | PID=4763 | Listening socket bound to port 8881
2018-07-06 02:29:53,359 | server           | INFO     | PID=4763 | Accepted incoming connection ('10.10.1.2', 60649) from client. Sending data ...
2018-07-06 02:30:30,958 | server           | INFO     | PID=4763 | [SUMMARY] [Sent: 0 bytes] [Read: 0 bytes (0.000% of 268435456 raw bytes)] [Duration: 37.59884595870972 seconds] [Bitrate: 0.0 bit/s]
2018-07-06 02:30:30,959 | server           | INFO     | PID=4763 | Resources closed, now exiting

 Performance counter stats for 'CPU(s) 1-2':

      86937.170202      task-clock (msec)         #    2.000 CPUs utilized            (100.00%)
             4,596      context-switches          #    0.053 K/sec                    (100.00%)
                 1      cpu-migrations            #    0.000 K/sec                    (100.00%)
            16,050      page-faults               #    0.185 K/sec                  
    95,394,750,084      cycles                    #    1.097 GHz                      (100.00%)
   <not supported>      stalled-cycles-frontend  
   <not supported>      stalled-cycles-backend   
   292,167,810,658      instructions              #    3.06  insns per cycle          (100.00%)
    53,491,067,068      branches                  #  615.284 M/sec                    (100.00%)
        29,925,161      branch-misses             #    0.06% of all branches        

      43.472495545 seconds time elapsed