LC_NUMERIC=en_US.UTF8 perf stat -B -C 1-2 taskset -c 2 /tmp/eucycles/pyben-nio/src/run --server start --bind 10.10.1.3 --size 357913942 --port 8881 --filename /tmp/eucycles/data_file --bufsize 50mb --method "match; func=lambda v: v - 48 < 2; sztype=BEFORE"

2018-07-06 03:48:07,411 | server           | INFO     | PID=30990 | [bufsize: 52428800 bytes] [zerocopy: False]
2018-07-06 03:48:07,425 | methods.match    | INFO     | PID=30990 | [method: methods.match]
2018-07-06 03:48:07,426 | methods.match    | INFO     | PID=30990 | [method parameters: {'sztype': 'BEFORE', 'mpws': '50MB', 'func': 'lambda v: v - 48 < 2'}]
2018-07-06 03:48:07,446 | methods.match    | INFO     | PID=30990 | Start 1 process to handle data filtering
2018-07-06 03:48:07,446 | server           | INFO     | PID=30990 | Ready to send 357913942 bytes using data file size of 1073741824 bytes
2018-07-06 03:48:07,446 | server           | INFO     | PID=30990 | Listening socket bound to port 8881
2018-07-06 03:48:14,341 | server           | INFO     | PID=30990 | Accepted incoming connection ('10.10.1.2', 44714) from client. Sending data ...
2018-07-06 03:49:15,481 | server           | INFO     | PID=30990 | [SUMMARY] [Sent: 71584527 bytes] [Read: 71584527 bytes (20.000% of 357913942 raw bytes)] [Duration: 61.139244079589844 seconds] [Bitrate: 9366753.296041762 bit/s]
2018-07-06 03:49:15,481 | server           | INFO     | PID=30990 | Resources closed, now exiting

 Performance counter stats for 'CPU(s) 1-2':

     136396.330535      task-clock (msec)         #    2.000 CPUs utilized            (100.00%)
             6,141      context-switches          #    0.045 K/sec                    (100.00%)
                 1      cpu-migrations            #    0.000 K/sec                    (100.00%)
            26,606      page-faults               #    0.195 K/sec                  
   155,643,031,075      cycles                    #    1.141 GHz                      (100.00%)
   <not supported>      stalled-cycles-frontend  
   <not supported>      stalled-cycles-backend   
   452,460,234,306      instructions              #    2.91  insns per cycle          (100.00%)
    83,913,871,667      branches                  #  615.221 M/sec                    (100.00%)
       116,541,063      branch-misses             #    0.14% of all branches        

      68.203919173 seconds time elapsed