LC_NUMERIC=en_US.UTF8 perf stat -B -C 1-2 taskset -c 2 /tmp/eucycles/pyben-nio/src/run --server start --bind 10.10.1.4 --size 178956971 --port 8881 --filename /tmp/eucycles/data_file --bufsize 50mb --method "match; func=lambda v: v - 48 < 7; sztype=BEFORE"

2018-07-06 06:50:01,296 | server           | INFO     | PID=31912 | [bufsize: 52428800 bytes] [zerocopy: False]
2018-07-06 06:50:01,310 | methods.match    | INFO     | PID=31912 | [method: methods.match]
2018-07-06 06:50:01,310 | methods.match    | INFO     | PID=31912 | [method parameters: {'sztype': 'BEFORE', 'func': 'lambda v: v - 48 < 7', 'mpws': '50MB'}]
2018-07-06 06:50:01,331 | methods.match    | INFO     | PID=31912 | Start 1 process to handle data filtering
2018-07-06 06:50:01,331 | server           | INFO     | PID=31912 | Ready to send 178956971 bytes using data file size of 1073741824 bytes
2018-07-06 06:50:01,331 | server           | INFO     | PID=31912 | Listening socket bound to port 8881
2018-07-06 06:50:10,695 | server           | INFO     | PID=31912 | Accepted incoming connection ('10.10.1.2', 35149) from client. Sending data ...
2018-07-06 06:50:52,521 | server           | INFO     | PID=31912 | [SUMMARY] [Sent: 125259083 bytes] [Read: 125259083 bytes (69.994% of 178956971 raw bytes)] [Duration: 41.82553291320801 seconds] [Bitrate: 23958395.60680307 bit/s]
2018-07-06 06:50:52,521 | server           | INFO     | PID=31912 | Resources closed, now exiting

 Performance counter stats for 'CPU(s) 1-2':

     102717.586913      task-clock (msec)         #    2.000 CPUs utilized            (100.00%)
             3,445      context-switches          #    0.034 K/sec                    (100.00%)
                 1      cpu-migrations            #    0.000 K/sec                    (100.00%)
            77,286      page-faults               #    0.752 K/sec                  
   107,286,046,491      cycles                    #    1.044 GHz                      (100.00%)
   <not supported>      stalled-cycles-frontend  
   <not supported>      stalled-cycles-backend   
   302,762,500,697      instructions              #    2.82  insns per cycle          (100.00%)
    57,602,140,740      branches                  #  560.782 M/sec                    (100.00%)
        80,810,058      branch-misses             #    0.14% of all branches        

      51.359135911 seconds time elapsed