LC_NUMERIC=en_US.UTF8 perf stat -B -C 1-2 taskset -c 2 /tmp/eucycles/pyben-nio/src/run --server start --bind 10.10.1.4 --size 153391689 --port 8881 --filename /tmp/eucycles/data_file --bufsize 50mb --method "match; func=lambda v: v - 48 < 10; sztype=BEFORE"

2018-07-04 21:45:52,358 | server           | INFO     | PID=12995 | [bufsize: 52428800 bytes] [zerocopy: False]
2018-07-04 21:45:52,373 | methods.match    | INFO     | PID=12995 | [method: methods.match]
2018-07-04 21:45:52,373 | methods.match    | INFO     | PID=12995 | [method parameters: {'func': 'lambda v: v - 48 < 10', 'mpws': '50MB', 'sztype': 'BEFORE'}]
2018-07-04 21:45:52,393 | methods.match    | INFO     | PID=12995 | Start 1 process to handle data filtering
2018-07-04 21:45:52,394 | server           | INFO     | PID=12995 | Ready to send 153391689 bytes using data file size of 1073741824 bytes
2018-07-04 21:45:52,394 | server           | INFO     | PID=12995 | Listening socket bound to port 8881
2018-07-04 21:46:01,988 | server           | INFO     | PID=12995 | Accepted incoming connection ('10.10.1.1', 50144) from client. Sending data ...
2018-07-04 21:46:50,963 | server           | INFO     | PID=12995 | [SUMMARY] [Sent: 153391689 bytes] [Read: 153391689 bytes (100.000% of 153391689 raw bytes)] [Duration: 48.974611043930054 seconds] [Bitrate: 25056523.897642914 bit/s]
2018-07-04 21:46:50,963 | server           | INFO     | PID=12995 | Resources closed, now exiting

 Performance counter stats for 'CPU(s) 1-2':

     117477.115971      task-clock (msec)         #    2.000 CPUs utilized            (100.00%)
             3,115      context-switches          #    0.027 K/sec                    (100.00%)
                 1      cpu-migrations            #    0.000 K/sec                    (100.00%)
            91,089      page-faults               #    0.775 K/sec                  
   103,695,177,764      cycles                    #    0.883 GHz                      (100.00%)
   <not supported>      stalled-cycles-frontend  
   <not supported>      stalled-cycles-backend   
   295,244,393,240      instructions              #    2.85  insns per cycle          (100.00%)
    56,259,629,131      branches                  #  478.899 M/sec                    (100.00%)
        18,951,485      branch-misses             #    0.03% of all branches        

      58.738976558 seconds time elapsed