LC_NUMERIC=en_US.UTF8 perf stat -B -C 1-2 taskset -c 2 /tmp/eucycles/pyben-nio/src/run --server start --bind 10.10.1.5 --size 134217728 --port 8881 --filename /tmp/eucycles/data_file --bufsize 50mb --method "match; func=lambda v: v - 48 < 9; sztype=BEFORE"

2018-07-04 21:09:27,443 | server           | INFO     | PID=5168 | [bufsize: 52428800 bytes] [zerocopy: False]
2018-07-04 21:09:27,457 | methods.match    | INFO     | PID=5168 | [method: methods.match]
2018-07-04 21:09:27,458 | methods.match    | INFO     | PID=5168 | [method parameters: {'sztype': 'BEFORE', 'mpws': '50MB', 'func': 'lambda v: v - 48 < 9'}]
2018-07-04 21:09:27,478 | methods.match    | INFO     | PID=5168 | Start 1 process to handle data filtering
2018-07-04 21:09:27,478 | server           | INFO     | PID=5168 | Ready to send 134217728 bytes using data file size of 1073741824 bytes
2018-07-04 21:09:27,478 | server           | INFO     | PID=5168 | Listening socket bound to port 8881
2018-07-04 21:09:36,953 | server           | INFO     | PID=5168 | Accepted incoming connection ('10.10.1.1', 57130) from client. Sending data ...
2018-07-04 21:10:15,950 | server           | INFO     | PID=5168 | [SUMMARY] [Sent: 120788466 bytes] [Read: 120788466 bytes (89.994% of 134217728 raw bytes)] [Duration: 38.996867179870605 seconds] [Bitrate: 24779111.705126625 bit/s]
2018-07-04 21:10:15,950 | server           | INFO     | PID=5168 | Resources closed, now exiting

 Performance counter stats for 'CPU(s) 1-2':

      97270.185663      task-clock (msec)         #    2.000 CPUs utilized            (100.00%)
             2,761      context-switches          #    0.028 K/sec                    (100.00%)
                 1      cpu-migrations            #    0.000 K/sec                    (100.00%)
            75,095      page-faults               #    0.772 K/sec                  
    87,201,550,325      cycles                    #    0.896 GHz                      (100.00%)
   <not supported>      stalled-cycles-frontend  
   <not supported>      stalled-cycles-backend   
   247,038,813,643      instructions              #    2.83  insns per cycle          (100.00%)
    46,960,103,801      branches                  #  482.780 M/sec                    (100.00%)
        30,223,756      branch-misses             #    0.06% of all branches        

      48.639489202 seconds time elapsed