LC_NUMERIC=en_US.UTF8 perf stat -B -C 1-2 taskset -c 2 /tmp/eucycles/pyben-nio/src/run --server start --bind 10.10.1.4 --size 357913941 --port 8881 --filename /tmp/eucycles/data_file --bufsize 50mb --method "match; func=lambda v: v - 48 < 0; sztype=BEFORE"

2018-07-06 02:18:02,977 | server           | INFO     | PID=13175 | [bufsize: 52428800 bytes] [zerocopy: False]
2018-07-06 02:18:02,991 | methods.match    | INFO     | PID=13175 | [method: methods.match]
2018-07-06 02:18:02,992 | methods.match    | INFO     | PID=13175 | [method parameters: {'func': 'lambda v: v - 48 < 0', 'mpws': '50MB', 'sztype': 'BEFORE'}]
2018-07-06 02:18:03,012 | methods.match    | INFO     | PID=13175 | Start 1 process to handle data filtering
2018-07-06 02:18:03,012 | server           | INFO     | PID=13175 | Ready to send 357913941 bytes using data file size of 1073741824 bytes
2018-07-06 02:18:03,012 | server           | INFO     | PID=13175 | Listening socket bound to port 8881
2018-07-06 02:18:08,680 | server           | INFO     | PID=13175 | Accepted incoming connection ('10.10.1.2', 48545) from client. Sending data ...
2018-07-06 02:19:00,815 | server           | INFO     | PID=13175 | [SUMMARY] [Sent: 0 bytes] [Read: 0 bytes (0.000% of 357913941 raw bytes)] [Duration: 52.134660959243774 seconds] [Bitrate: 0.0 bit/s]
2018-07-06 02:19:00,815 | server           | INFO     | PID=13175 | Resources closed, now exiting

 Performance counter stats for 'CPU(s) 1-2':

     115943.801992      task-clock (msec)         #    2.000 CPUs utilized            (100.00%)
             5,975      context-switches          #    0.052 K/sec                    (100.00%)
                 1      cpu-migrations            #    0.000 K/sec                    (100.00%)
            16,042      page-faults               #    0.138 K/sec                  
   132,137,954,939      cycles                    #    1.140 GHz                      (100.00%)
   <not supported>      stalled-cycles-frontend  
   <not supported>      stalled-cycles-backend   
   389,442,947,643      instructions              #    2.95  insns per cycle          (100.00%)
    71,296,932,856      branches                  #  614.927 M/sec                    (100.00%)
        39,052,607      branch-misses             #    0.05% of all branches        

      57.972311923 seconds time elapsed