LC_NUMERIC=en_US.UTF8 perf stat -B -C 1-2 taskset -c 2 /tmp/eucycles/pyben-nio/src/run --server start --bind 10.10.1.6 --size 134217728 --port 8881 --filename /tmp/eucycles/data_file --bufsize 50mb --method "match; func=lambda v: v - 48 < 2; sztype=BEFORE"

2018-07-03 02:17:38,921 | server           | INFO     | PID=8919 | [bufsize: 52428800 bytes] [zerocopy: False]
2018-07-03 02:17:38,935 | methods.match    | INFO     | PID=8919 | [method: methods.match]
2018-07-03 02:17:38,936 | methods.match    | INFO     | PID=8919 | [method parameters: {'func': 'lambda v: v - 48 < 2', 'mpws': '50MB', 'sztype': 'BEFORE'}]
2018-07-03 02:17:38,956 | methods.match    | INFO     | PID=8919 | Start 1 process to handle data filtering
2018-07-03 02:17:38,956 | server           | INFO     | PID=8919 | Ready to send 134217728 bytes using data file size of 1073741824 bytes
2018-07-03 02:17:38,956 | server           | INFO     | PID=8919 | Listening socket bound to port 8881
2018-07-03 02:17:47,209 | server           | INFO     | PID=8919 | Accepted incoming connection ('10.10.1.1', 53834) from client. Sending data ...
2018-07-03 02:18:11,308 | server           | INFO     | PID=8919 | [SUMMARY] [Sent: 26847363 bytes] [Read: 26847363 bytes (20.003% of 134217728 raw bytes)] [Duration: 24.09839701652527 seconds] [Bitrate: 8912580.527771918 bit/s]
2018-07-03 02:18:11,308 | server           | INFO     | PID=8919 | Resources closed, now exiting

 Performance counter stats for 'CPU(s) 1-2':

      65044.165766      task-clock (msec)         #    2.000 CPUs utilized            (100.00%)
             2,586      context-switches          #    0.040 K/sec                    (100.00%)
                 1      cpu-migrations            #    0.000 K/sec                    (100.00%)
            21,164      page-faults               #    0.325 K/sec                  
    77,482,241,479      cycles                    #    1.191 GHz                      (100.00%)
   <not supported>      stalled-cycles-frontend  
   <not supported>      stalled-cycles-backend   
   180,351,254,739      instructions              #    2.33  insns per cycle          (100.00%)
    34,231,436,203      branches                  #  526.280 M/sec                    (100.00%)
        45,207,441      branch-misses             #    0.13% of all branches        

      32.522024426 seconds time elapsed