LC_NUMERIC=en_US.UTF8 perf stat -B -C 1-2 taskset -c 2 /tmp/eucycles/pyben-nio/src/run --server start --bind 10.10.1.3 --size 357913941 --port 8881 --filename /tmp/eucycles/data_file --bufsize 50mb --method "match; func=lambda v: v - 48 < 5; sztype=BEFORE"

2018-07-03 04:20:55,154 | server           | INFO     | PID=19174 | [bufsize: 52428800 bytes] [zerocopy: False]
2018-07-03 04:20:55,168 | methods.match    | INFO     | PID=19174 | [method: methods.match]
2018-07-03 04:20:55,169 | methods.match    | INFO     | PID=19174 | [method parameters: {'func': 'lambda v: v - 48 < 5', 'mpws': '50MB', 'sztype': 'BEFORE'}]
2018-07-03 04:20:55,189 | methods.match    | INFO     | PID=19174 | Start 1 process to handle data filtering
2018-07-03 04:20:55,189 | server           | INFO     | PID=19174 | Ready to send 357913941 bytes using data file size of 1073741824 bytes
2018-07-03 04:20:55,189 | server           | INFO     | PID=19174 | Listening socket bound to port 8881
2018-07-03 04:21:00,878 | server           | INFO     | PID=19174 | Accepted incoming connection ('10.10.1.1', 46101) from client. Sending data ...
2018-07-03 04:22:19,896 | server           | INFO     | PID=19174 | [SUMMARY] [Sent: 178940748 bytes] [Read: 178940748 bytes (49.995% of 357913941 raw bytes)] [Duration: 79.01814198493958 seconds] [Bitrate: 18116421.723416895 bit/s]
2018-07-03 04:22:19,896 | server           | INFO     | PID=19174 | Resources closed, now exiting

 Performance counter stats for 'CPU(s) 1-2':

     169741.172305      task-clock (msec)         #    2.000 CPUs utilized            (100.00%)
             6,233      context-switches          #    0.037 K/sec                    (100.00%)
                 1      cpu-migrations            #    0.000 K/sec                    (100.00%)
            28,847      page-faults               #    0.170 K/sec                  
   197,227,829,400      cycles                    #    1.162 GHz                      (100.00%)
   <not supported>      stalled-cycles-frontend  
   <not supported>      stalled-cycles-backend   
   551,526,664,594      instructions              #    2.80  insns per cycle          (100.00%)
   104,753,525,406      branches                  #  617.137 M/sec                    (100.00%)
       222,555,294      branch-misses             #    0.21% of all branches        

      84.877786523 seconds time elapsed