LC_NUMERIC=en_US.UTF8 perf stat -B -C 1-2 taskset -c 2 /tmp/eucycles/pyben-nio/src/run --server start --bind 10.10.1.3 --size 153391689 --port 8881 --filename /tmp/eucycles/data_file --bufsize 50mb --method "match; func=lambda v: v - 48 < 3; sztype=BEFORE"

2018-07-03 02:57:37,607 | server           | INFO     | PID=13742 | [bufsize: 52428800 bytes] [zerocopy: False]
2018-07-03 02:57:37,621 | methods.match    | INFO     | PID=13742 | [method: methods.match]
2018-07-03 02:57:37,621 | methods.match    | INFO     | PID=13742 | [method parameters: {'mpws': '50MB', 'func': 'lambda v: v - 48 < 3', 'sztype': 'BEFORE'}]
2018-07-03 02:57:37,642 | methods.match    | INFO     | PID=13742 | Start 1 process to handle data filtering
2018-07-03 02:57:37,642 | server           | INFO     | PID=13742 | Ready to send 153391689 bytes using data file size of 1073741824 bytes
2018-07-03 02:57:37,642 | server           | INFO     | PID=13742 | Listening socket bound to port 8881
2018-07-03 02:57:48,280 | server           | INFO     | PID=13742 | Accepted incoming connection ('10.10.1.1', 39096) from client. Sending data ...
2018-07-03 02:58:17,927 | server           | INFO     | PID=13742 | [SUMMARY] [Sent: 46013729 bytes] [Read: 46013729 bytes (29.998% of 153391689 raw bytes)] [Duration: 29.64631199836731 seconds] [Bitrate: 12416715.847160775 bit/s]
2018-07-03 02:58:17,927 | server           | INFO     | PID=13742 | Resources closed, now exiting

 Performance counter stats for 'CPU(s) 1-2':

      80908.885314      task-clock (msec)         #    2.000 CPUs utilized            (100.00%)
             2,930      context-switches          #    0.036 K/sec                    (100.00%)
                 1      cpu-migrations            #    0.000 K/sec                    (100.00%)
            23,723      page-faults               #    0.293 K/sec                  
    73,180,683,236      cycles                    #    0.904 GHz                      (100.00%)
   <not supported>      stalled-cycles-frontend  
   <not supported>      stalled-cycles-backend   
   211,439,125,056      instructions              #    2.89  insns per cycle          (100.00%)
    39,905,529,967      branches                  #  493.216 M/sec                    (100.00%)
        68,500,627      branch-misses             #    0.17% of all branches        

      40.457786555 seconds time elapsed