LC_NUMERIC=en_US.UTF8 perf stat -B -C 1-2 taskset -c 2 /tmp/eucycles/pyben-nio/src/run --server start --bind 10.10.1.8 --size 153391689 --port 8881 --filename /tmp/eucycles/data_file --bufsize 50mb --method "match; func=lambda v: v - 48 < 2; sztype=BEFORE"

2018-07-03 02:16:33,379 | server           | INFO     | PID=7632 | [bufsize: 52428800 bytes] [zerocopy: False]
2018-07-03 02:16:33,393 | methods.match    | INFO     | PID=7632 | [method: methods.match]
2018-07-03 02:16:33,393 | methods.match    | INFO     | PID=7632 | [method parameters: {'func': 'lambda v: v - 48 < 2', 'mpws': '50MB', 'sztype': 'BEFORE'}]
2018-07-03 02:16:33,414 | methods.match    | INFO     | PID=7632 | Start 1 process to handle data filtering
2018-07-03 02:16:33,414 | server           | INFO     | PID=7632 | Ready to send 153391689 bytes using data file size of 1073741824 bytes
2018-07-03 02:16:33,414 | server           | INFO     | PID=7632 | Listening socket bound to port 8881
2018-07-03 02:16:38,016 | server           | INFO     | PID=7632 | Accepted incoming connection ('10.10.1.1', 60805) from client. Sending data ...
2018-07-03 02:17:04,390 | server           | INFO     | PID=7632 | [SUMMARY] [Sent: 30690552 bytes] [Read: 30690552 bytes (20.008% of 153391689 raw bytes)] [Duration: 26.37383484840393 seconds] [Bitrate: 9309393.852326274 bit/s]
2018-07-03 02:17:04,391 | server           | INFO     | PID=7632 | Resources closed, now exiting

 Performance counter stats for 'CPU(s) 1-2':

      62206.043885      task-clock (msec)         #    2.000 CPUs utilized            (100.00%)
             2,649      context-switches          #    0.043 K/sec                    (100.00%)
                 1      cpu-migrations            #    0.000 K/sec                    (100.00%)
            21,116      page-faults               #    0.339 K/sec                  
    66,009,818,368      cycles                    #    1.061 GHz                      (100.00%)
   <not supported>      stalled-cycles-frontend  
   <not supported>      stalled-cycles-backend   
   194,101,055,506      instructions              #    2.94  insns per cycle          (100.00%)
    36,004,405,306      branches                  #  578.793 M/sec                    (100.00%)
        51,203,373      branch-misses             #    0.14% of all branches        

      31.104185888 seconds time elapsed