LC_NUMERIC=en_US.UTF8 perf stat -B -C 1-2 taskset -c 2 /tmp/eucycles/pyben-nio/src/run --server start --bind 10.10.1.2 --size 536870912 --port 8881 --filename /tmp/eucycles/data_file --bufsize 50mb --method "match; func=lambda v: v - 48 < 4; sztype=BEFORE"

2018-07-04 16:28:27,612 | server           | INFO     | PID=5953 | [bufsize: 52428800 bytes] [zerocopy: False]
2018-07-04 16:28:27,626 | methods.match    | INFO     | PID=5953 | [method: methods.match]
2018-07-04 16:28:27,627 | methods.match    | INFO     | PID=5953 | [method parameters: {'sztype': 'BEFORE', 'mpws': '50MB', 'func': 'lambda v: v - 48 < 4'}]
2018-07-04 16:28:27,647 | methods.match    | INFO     | PID=5953 | Start 1 process to handle data filtering
2018-07-04 16:28:27,647 | server           | INFO     | PID=5953 | Ready to send 536870912 bytes using data file size of 1073741824 bytes
2018-07-04 16:28:27,647 | server           | INFO     | PID=5953 | Listening socket bound to port 8881
2018-07-04 16:28:33,229 | server           | INFO     | PID=5953 | Accepted incoming connection ('10.10.1.1', 47496) from client. Sending data ...
2018-07-04 16:30:24,866 | server           | INFO     | PID=5953 | [SUMMARY] [Sent: 214747338 bytes] [Read: 214747338 bytes (40.000% of 536870912 raw bytes)] [Duration: 111.63712310791016 seconds] [Bitrate: 15388955.359763037 bit/s]
2018-07-04 16:30:24,867 | server           | INFO     | PID=5953 | Resources closed, now exiting

 Performance counter stats for 'CPU(s) 1-2':

     234763.898679      task-clock (msec)         #    2.000 CPUs utilized            (100.00%)
             9,127      context-switches          #    0.039 K/sec                    (100.00%)
                 1      cpu-migrations            #    0.000 K/sec                    (100.00%)
            36,514      page-faults               #    0.156 K/sec                  
   280,563,345,718      cycles                    #    1.195 GHz                      (100.00%)
   <not supported>      stalled-cycles-frontend  
   <not supported>      stalled-cycles-backend   
   766,522,579,511      instructions              #    2.73  insns per cycle          (100.00%)
   143,456,406,484      branches                  #  611.067 M/sec                    (100.00%)
       294,973,289      branch-misses             #    0.21% of all branches        

     117.389374679 seconds time elapsed