LC_NUMERIC=en_US.UTF8 perf stat -B -C 1-2 taskset -c 2 /tmp/eucycles/pyben-nio/src/run --server start --bind 10.10.1.3 --size 178956971 --port 8881 --filename /tmp/eucycles/data_file --bufsize 50mb --method "match; func=lambda v: v - 48 < 7; sztype=BEFORE"

2018-07-03 06:21:59,274 | server           | INFO     | PID=26734 | [bufsize: 52428800 bytes] [zerocopy: False]
2018-07-03 06:21:59,287 | methods.match    | INFO     | PID=26734 | [method: methods.match]
2018-07-03 06:21:59,288 | methods.match    | INFO     | PID=26734 | [method parameters: {'func': 'lambda v: v - 48 < 7', 'mpws': '50MB', 'sztype': 'BEFORE'}]
2018-07-03 06:21:59,308 | methods.match    | INFO     | PID=26734 | Start 1 process to handle data filtering
2018-07-03 06:21:59,308 | server           | INFO     | PID=26734 | Ready to send 178956971 bytes using data file size of 1073741824 bytes
2018-07-03 06:21:59,308 | server           | INFO     | PID=26734 | Listening socket bound to port 8881
2018-07-03 06:22:08,862 | server           | INFO     | PID=26734 | Accepted incoming connection ('10.10.1.1', 49521) from client. Sending data ...
2018-07-03 06:22:55,090 | server           | INFO     | PID=26734 | [SUMMARY] [Sent: 125253844 bytes] [Read: 125253844 bytes (69.991% of 178956971 raw bytes)] [Duration: 46.2273850440979 seconds] [Bitrate: 21676128.79344415 bit/s]
2018-07-03 06:22:55,090 | server           | INFO     | PID=26734 | Resources closed, now exiting

 Performance counter stats for 'CPU(s) 1-2':

     111892.752919      task-clock (msec)         #    2.000 CPUs utilized            (100.00%)
             3,477      context-switches          #    0.031 K/sec                    (100.00%)
                 1      cpu-migrations            #    0.000 K/sec                    (100.00%)
            46,707      page-faults               #    0.417 K/sec                  
   109,093,723,332      cycles                    #    0.975 GHz                      (100.00%)
   <not supported>      stalled-cycles-frontend  
   <not supported>      stalled-cycles-backend   
   305,335,206,256      instructions              #    2.80  insns per cycle          (100.00%)
    58,300,436,616      branches                  #  521.039 M/sec                    (100.00%)
        80,750,793      branch-misses             #    0.14% of all branches        

      55.951064710 seconds time elapsed