LC_NUMERIC=en_US.UTF8 perf stat -B -C 1-2 taskset -c 2 /tmp/eucycles/pyben-nio/src/run --server start --bind 10.10.1.4 --size 178956971 --port 8881 --filename /tmp/eucycles/data_file --bufsize 50mb --method "match; func=lambda v: v - 48 < 10; sztype=BEFORE"

2018-07-03 09:07:23,380 | server           | INFO     | PID=12238 | [bufsize: 52428800 bytes] [zerocopy: False]
2018-07-03 09:07:23,394 | methods.match    | INFO     | PID=12238 | [method: methods.match]
2018-07-03 09:07:23,394 | methods.match    | INFO     | PID=12238 | [method parameters: {'func': 'lambda v: v - 48 < 10', 'sztype': 'BEFORE', 'mpws': '50MB'}]
2018-07-03 09:07:23,415 | methods.match    | INFO     | PID=12238 | Start 1 process to handle data filtering
2018-07-03 09:07:23,415 | server           | INFO     | PID=12238 | Ready to send 178956971 bytes using data file size of 1073741824 bytes
2018-07-03 09:07:23,415 | server           | INFO     | PID=12238 | Listening socket bound to port 8881
2018-07-03 09:07:31,738 | server           | INFO     | PID=12238 | Accepted incoming connection ('10.10.1.1', 57390) from client. Sending data ...
2018-07-03 09:08:26,026 | server           | INFO     | PID=12238 | [SUMMARY] [Sent: 178956971 bytes] [Read: 178956971 bytes (100.000% of 178956971 raw bytes)] [Duration: 54.2884418964386 seconds] [Bitrate: 26371281.21545737 bit/s]
2018-07-03 09:08:26,027 | server           | INFO     | PID=12238 | Resources closed, now exiting

 Performance counter stats for 'CPU(s) 1-2':

     125565.349761      task-clock (msec)         #    2.000 CPUs utilized            (100.00%)
             3,544      context-switches          #    0.028 K/sec                    (100.00%)
                 1      cpu-migrations            #    0.000 K/sec                    (100.00%)
            59,812      page-faults               #    0.476 K/sec                  
   121,888,004,302      cycles                    #    0.971 GHz                      (100.00%)
   <not supported>      stalled-cycles-frontend  
   <not supported>      stalled-cycles-backend   
   344,243,920,413      instructions              #    2.82  insns per cycle          (100.00%)
    65,598,713,515      branches                  #  522.427 M/sec                    (100.00%)
        21,474,247      branch-misses             #    0.03% of all branches        

      62.783133047 seconds time elapsed