LC_NUMERIC=en_US.UTF8 perf stat -B -C 1-2 taskset -c 2 /tmp/eucycles/pyben-nio/src/run --server start --bind 10.10.1.7 --size 134217728 --port 8881 --filename /tmp/eucycles/data_file --bufsize 50mb --method "match; func=lambda v: v - 48 < 5; sztype=BEFORE"

2018-07-04 17:56:16,958 | server           | INFO     | PID=19059 | [bufsize: 52428800 bytes] [zerocopy: False]
2018-07-04 17:56:16,972 | methods.match    | INFO     | PID=19059 | [method: methods.match]
2018-07-04 17:56:16,972 | methods.match    | INFO     | PID=19059 | [method parameters: {'func': 'lambda v: v - 48 < 5', 'sztype': 'BEFORE', 'mpws': '50MB'}]
2018-07-04 17:56:16,993 | methods.match    | INFO     | PID=19059 | Start 1 process to handle data filtering
2018-07-04 17:56:16,993 | server           | INFO     | PID=19059 | Ready to send 134217728 bytes using data file size of 1073741824 bytes
2018-07-04 17:56:16,993 | server           | INFO     | PID=19059 | Listening socket bound to port 8881
2018-07-04 17:56:24,092 | server           | INFO     | PID=19059 | Accepted incoming connection ('10.10.1.1', 44526) from client. Sending data ...
2018-07-04 17:56:55,747 | server           | INFO     | PID=19059 | [SUMMARY] [Sent: 67111196 bytes] [Read: 67111196 bytes (50.002% of 134217728 raw bytes)] [Duration: 31.65541100502014 seconds] [Bitrate: 16960435.860866133 bit/s]
2018-07-04 17:56:55,747 | server           | INFO     | PID=19059 | Resources closed, now exiting

 Performance counter stats for 'CPU(s) 1-2':

      77847.012185      task-clock (msec)         #    2.000 CPUs utilized            (100.00%)
             2,667      context-switches          #    0.034 K/sec                    (100.00%)
                 1      cpu-migrations            #    0.000 K/sec                    (100.00%)
            41,807      page-faults               #    0.537 K/sec                  
    73,574,634,386      cycles                    #    0.945 GHz                      (100.00%)
   <not supported>      stalled-cycles-frontend  
   <not supported>      stalled-cycles-backend   
   202,956,332,596      instructions              #    2.76  insns per cycle          (100.00%)
    38,134,911,916      branches                  #  489.870 M/sec                    (100.00%)
        85,209,924      branch-misses             #    0.22% of all branches        

      38.926926807 seconds time elapsed