LC_NUMERIC=en_US.UTF8 perf stat -B -C 1-2 taskset -c 2 /tmp/eucycles/pyben-nio/src/run --server start --bind 10.10.1.9 --size 134217728 --port 8881 --filename /tmp/eucycles/data_file --bufsize 50mb --method "match; func=lambda v: v - 48 < 6; sztype=BEFORE"

2018-07-04 18:13:00,080 | server           | INFO     | PID=10633 | [bufsize: 52428800 bytes] [zerocopy: False]
2018-07-04 18:13:00,094 | methods.match    | INFO     | PID=10633 | [method: methods.match]
2018-07-04 18:13:00,095 | methods.match    | INFO     | PID=10633 | [method parameters: {'sztype': 'BEFORE', 'func': 'lambda v: v - 48 < 6', 'mpws': '50MB'}]
2018-07-04 18:13:00,115 | methods.match    | INFO     | PID=10633 | Start 1 process to handle data filtering
2018-07-04 18:13:00,115 | server           | INFO     | PID=10633 | Ready to send 134217728 bytes using data file size of 1073741824 bytes
2018-07-04 18:13:00,115 | server           | INFO     | PID=10633 | Listening socket bound to port 8881
2018-07-04 18:13:04,836 | server           | INFO     | PID=10633 | Accepted incoming connection ('10.10.1.1', 40241) from client. Sending data ...
2018-07-04 18:13:38,782 | server           | INFO     | PID=10633 | [SUMMARY] [Sent: 80521866 bytes] [Read: 80521866 bytes (59.993% of 134217728 raw bytes)] [Duration: 33.94617700576782 seconds] [Bitrate: 18976361.547002707 bit/s]
2018-07-04 18:13:38,782 | server           | INFO     | PID=10633 | Resources closed, now exiting

 Performance counter stats for 'CPU(s) 1-2':

      77587.852070      task-clock (msec)         #    2.000 CPUs utilized            (100.00%)
             2,456      context-switches          #    0.032 K/sec                    (100.00%)
                 1      cpu-migrations            #    0.000 K/sec                    (100.00%)
            47,951      page-faults               #    0.618 K/sec                  
    78,226,980,649      cycles                    #    1.008 GHz                      (100.00%)
   <not supported>      stalled-cycles-frontend  
   <not supported>      stalled-cycles-backend   
   218,125,955,544      instructions              #    2.79  insns per cycle          (100.00%)
    41,545,021,667      branches                  #  535.458 M/sec                    (100.00%)
        77,288,066      branch-misses             #    0.19% of all branches        

      38.796071761 seconds time elapsed