LC_NUMERIC=en_US.UTF8 perf stat -B -C 1-2 taskset -c 2 /tmp/eucycles/pyben-nio/src/run --server start --bind 10.10.1.5 --size 134217728 --port 8881 --filename /tmp/eucycles/data_file --bufsize 50mb --method "match; func=lambda v: v - 48 < 8; sztype=BEFORE"

2018-07-03 07:36:11,371 | server           | INFO     | PID=5096 | [bufsize: 52428800 bytes] [zerocopy: False]
2018-07-03 07:36:11,385 | methods.match    | INFO     | PID=5096 | [method: methods.match]
2018-07-03 07:36:11,386 | methods.match    | INFO     | PID=5096 | [method parameters: {'mpws': '50MB', 'func': 'lambda v: v - 48 < 8', 'sztype': 'BEFORE'}]
2018-07-03 07:36:11,406 | methods.match    | INFO     | PID=5096 | Start 1 process to handle data filtering
2018-07-03 07:36:11,406 | server           | INFO     | PID=5096 | Ready to send 134217728 bytes using data file size of 1073741824 bytes
2018-07-03 07:36:11,406 | server           | INFO     | PID=5096 | Listening socket bound to port 8881
2018-07-03 07:36:21,033 | server           | INFO     | PID=5096 | Accepted incoming connection ('10.10.1.1', 41753) from client. Sending data ...
2018-07-03 07:37:00,248 | server           | INFO     | PID=5096 | [SUMMARY] [Sent: 107364566 bytes] [Read: 107364566 bytes (79.993% of 134217728 raw bytes)] [Duration: 39.214385986328125 seconds] [Bitrate: 21903097.712647 bit/s]
2018-07-03 07:37:00,248 | server           | INFO     | PID=5096 | Resources closed, now exiting

 Performance counter stats for 'CPU(s) 1-2':

      98011.983455      task-clock (msec)         #    2.000 CPUs utilized            (100.00%)
             2,754      context-switches          #    0.028 K/sec                    (100.00%)
                 1      cpu-migrations            #    0.000 K/sec                    (100.00%)
            42,335      page-faults               #    0.432 K/sec                  
    86,132,994,130      cycles                    #    0.879 GHz                      (100.00%)
   <not supported>      stalled-cycles-frontend  
   <not supported>      stalled-cycles-backend   
   241,984,472,070      instructions              #    2.81  insns per cycle          (100.00%)
    46,353,317,234      branches                  #  472.935 M/sec                    (100.00%)
        45,828,042      branch-misses             #    0.10% of all branches        

      49.010424424 seconds time elapsed