LC_NUMERIC=en_US.UTF8 perf stat -B -C 1-2 taskset -c 2 /tmp/eucycles/pyben-nio/src/run --server start --bind 10.10.1.3 --size 536870912 --port 8881 --filename /tmp/eucycles/data_file --bufsize 50mb --method "match; func=lambda v: v - 48 < 10; sztype=BEFORE"

2018-07-04 21:54:29,962 | server           | INFO     | PID=19734 | [bufsize: 52428800 bytes] [zerocopy: False]
2018-07-04 21:54:29,976 | methods.match    | INFO     | PID=19734 | [method: methods.match]
2018-07-04 21:54:29,976 | methods.match    | INFO     | PID=19734 | [method parameters: {'mpws': '50MB', 'sztype': 'BEFORE', 'func': 'lambda v: v - 48 < 10'}]
2018-07-04 21:54:29,997 | methods.match    | INFO     | PID=19734 | Start 1 process to handle data filtering
2018-07-04 21:54:29,997 | server           | INFO     | PID=19734 | Ready to send 536870912 bytes using data file size of 1073741824 bytes
2018-07-04 21:54:29,997 | server           | INFO     | PID=19734 | Listening socket bound to port 8881
2018-07-04 21:54:34,403 | server           | INFO     | PID=19734 | Accepted incoming connection ('10.10.1.1', 58141) from client. Sending data ...
2018-07-04 21:56:59,959 | server           | INFO     | PID=19734 | [SUMMARY] [Sent: 536870912 bytes] [Read: 536870912 bytes (100.000% of 536870912 raw bytes)] [Duration: 145.5564181804657 seconds] [Bitrate: 29507234.031239737 bit/s]
2018-07-04 21:56:59,959 | server           | INFO     | PID=19734 | Resources closed, now exiting

 Performance counter stats for 'CPU(s) 1-2':

     300152.946000      task-clock (msec)         #    2.000 CPUs utilized            (100.00%)
             9,320      context-switches          #    0.031 K/sec                    (100.00%)
                 1      cpu-migrations            #    0.000 K/sec                    (100.00%)
           278,255      page-faults               #    0.927 K/sec                  
   359,093,602,723      cycles                    #    1.196 GHz                      (100.00%)
   <not supported>      stalled-cycles-frontend  
   <not supported>      stalled-cycles-backend   
 1,032,400,347,431      instructions              #    2.88  insns per cycle          (100.00%)
   196,698,473,915      branches                  #  655.327 M/sec                    (100.00%)
        59,382,723      branch-misses             #    0.03% of all branches        

     150.089335781 seconds time elapsed