LC_NUMERIC=en_US.UTF8 perf stat -B -C 1-2 taskset -c 2 /tmp/eucycles/pyben-nio/src/run --server start --bind 10.10.1.4 --size 153391689 --port 8881 --filename /tmp/eucycles/data_file --bufsize 50mb --method "match; func=lambda v: v - 48 < 0; sztype=BEFORE"

2018-07-03 01:25:00,841 | server           | INFO     | PID=6494 | [bufsize: 52428800 bytes] [zerocopy: False]
2018-07-03 01:25:00,856 | methods.match    | INFO     | PID=6494 | [method: methods.match]
2018-07-03 01:25:00,856 | methods.match    | INFO     | PID=6494 | [method parameters: {'mpws': '50MB', 'func': 'lambda v: v - 48 < 0', 'sztype': 'BEFORE'}]
2018-07-03 01:25:00,877 | methods.match    | INFO     | PID=6494 | Start 1 process to handle data filtering
2018-07-03 01:25:00,877 | server           | INFO     | PID=6494 | Ready to send 153391689 bytes using data file size of 1073741824 bytes
2018-07-03 01:25:00,877 | server           | INFO     | PID=6494 | Listening socket bound to port 8881
2018-07-03 01:25:10,304 | server           | INFO     | PID=6494 | Accepted incoming connection ('10.10.1.1', 33726) from client. Sending data ...
2018-07-03 01:25:31,927 | server           | INFO     | PID=6494 | [SUMMARY] [Sent: 0 bytes] [Read: 0 bytes (0.000% of 153391689 raw bytes)] [Duration: 21.622886896133423 seconds] [Bitrate: 0.0 bit/s]
2018-07-03 01:25:31,927 | server           | INFO     | PID=6494 | Resources closed, now exiting

 Performance counter stats for 'CPU(s) 1-2':

      62445.687412      task-clock (msec)         #    2.000 CPUs utilized            (100.00%)
             2,803      context-switches          #    0.045 K/sec                    (100.00%)
                 1      cpu-migrations            #    0.000 K/sec                    (100.00%)
            16,028      page-faults               #    0.257 K/sec                  
    54,998,743,942      cycles                    #    0.881 GHz                      (100.00%)
   <not supported>      stalled-cycles-frontend  
   <not supported>      stalled-cycles-backend   
   167,103,402,512      instructions              #    3.04  insns per cycle          (100.00%)
    30,599,264,211      branches                  #  490.014 M/sec                    (100.00%)
        18,205,564      branch-misses             #    0.06% of all branches        

      31.222984954 seconds time elapsed