LC_NUMERIC=en_US.UTF8 perf stat -B -C 1-2 taskset -c 2 /tmp/eucycles/pyben-nio/src/run --server start --bind 10.10.1.5 --size 153391689 --port 8881 --filename /tmp/eucycles/data_file --bufsize 50mb --method "match; func=lambda v: v - 48 < 7; sztype=BEFORE"

2018-07-04 19:36:27,375 | server           | INFO     | PID=811 | [bufsize: 52428800 bytes] [zerocopy: False]
2018-07-04 19:36:27,389 | methods.match    | INFO     | PID=811 | [method: methods.match]
2018-07-04 19:36:27,389 | methods.match    | INFO     | PID=811 | [method parameters: {'sztype': 'BEFORE', 'mpws': '50MB', 'func': 'lambda v: v - 48 < 7'}]
2018-07-04 19:36:27,410 | methods.match    | INFO     | PID=811 | Start 1 process to handle data filtering
2018-07-04 19:36:27,410 | server           | INFO     | PID=811 | Ready to send 153391689 bytes using data file size of 1073741824 bytes
2018-07-04 19:36:27,410 | server           | INFO     | PID=811 | Listening socket bound to port 8881
2018-07-04 19:36:35,626 | server           | INFO     | PID=811 | Accepted incoming connection ('10.10.1.1', 58829) from client. Sending data ...
2018-07-04 19:37:14,419 | server           | INFO     | PID=811 | [SUMMARY] [Sent: 107368635 bytes] [Read: 107368635 bytes (69.996% of 153391689 raw bytes)] [Duration: 38.79308605194092 seconds] [Bitrate: 22141808.43591392 bit/s]
2018-07-04 19:37:14,419 | server           | INFO     | PID=811 | Resources closed, now exiting

 Performance counter stats for 'CPU(s) 1-2':

      94348.100480      task-clock (msec)         #    2.000 CPUs utilized            (100.00%)
             3,035      context-switches          #    0.032 K/sec                    (100.00%)
                 1      cpu-migrations            #    0.000 K/sec                    (100.00%)
            68,540      page-faults               #    0.726 K/sec                  
    91,585,368,774      cycles                    #    0.971 GHz                      (100.00%)
   <not supported>      stalled-cycles-frontend  
   <not supported>      stalled-cycles-backend   
   257,095,014,159      instructions              #    2.81  insns per cycle          (100.00%)
    48,615,400,219      branches                  #  515.277 M/sec                    (100.00%)
        69,596,695      branch-misses             #    0.14% of all branches        

      47.178309309 seconds time elapsed