LC_NUMERIC=en_US.UTF8 perf stat -B -C 1-2 taskset -c 2 /tmp/eucycles/pyben-nio/src/run --server start --bind 10.10.1.3 --size 357913941 --port 8881 --filename /tmp/eucycles/data_file --bufsize 50mb --method "match; func=lambda v: v - 48 < 7; sztype=BEFORE"

2018-07-04 18:55:01,576 | server           | INFO     | PID=9484 | [bufsize: 52428800 bytes] [zerocopy: False]
2018-07-04 18:55:01,590 | methods.match    | INFO     | PID=9484 | [method: methods.match]
2018-07-04 18:55:01,591 | methods.match    | INFO     | PID=9484 | [method parameters: {'sztype': 'BEFORE', 'func': 'lambda v: v - 48 < 7', 'mpws': '50MB'}]
2018-07-04 18:55:01,611 | methods.match    | INFO     | PID=9484 | Start 1 process to handle data filtering
2018-07-04 18:55:01,611 | server           | INFO     | PID=9484 | Ready to send 357913941 bytes using data file size of 1073741824 bytes
2018-07-04 18:55:01,611 | server           | INFO     | PID=9484 | Listening socket bound to port 8881
2018-07-04 18:55:07,229 | server           | INFO     | PID=9484 | Accepted incoming connection ('10.10.1.1', 48772) from client. Sending data ...
2018-07-04 18:56:33,752 | server           | INFO     | PID=9484 | [SUMMARY] [Sent: 250530654 bytes] [Read: 250530654 bytes (69.997% of 357913941 raw bytes)] [Duration: 86.52287101745605 seconds] [Bitrate: 23164340.346445993 bit/s]
2018-07-04 18:56:33,752 | server           | INFO     | PID=9484 | Resources closed, now exiting

 Performance counter stats for 'CPU(s) 1-2':

     184604.908263      task-clock (msec)         #    2.000 CPUs utilized            (100.00%)
             6,402      context-switches          #    0.035 K/sec                    (100.00%)
                 1      cpu-migrations            #    0.000 K/sec                    (100.00%)
           138,454      page-faults               #    0.750 K/sec                  
   212,795,638,210      cycles                    #    1.153 GHz                      (100.00%)
   <not supported>      stalled-cycles-frontend  
   <not supported>      stalled-cycles-backend   
   599,418,503,791      instructions              #    2.82  insns per cycle          (100.00%)
   113,333,224,166      branches                  #  613.923 M/sec                    (100.00%)
       157,934,071      branch-misses             #    0.14% of all branches        

      92.310299950 seconds time elapsed