LC_NUMERIC=en_US.UTF8 perf stat -B -C 1-2 taskset -c 2 /tmp/eucycles/pyben-nio/src/run --server start --bind 10.10.1.6 --size 134217728 --port 8881 --filename /tmp/eucycles/data_file --bufsize 50mb --method "match; func=lambda v: v - 48 < 7; sztype=BEFORE"

2018-07-03 06:42:06,358 | server           | INFO     | PID=319 | [bufsize: 52428800 bytes] [zerocopy: False]
2018-07-03 06:42:06,372 | methods.match    | INFO     | PID=319 | [method: methods.match]
2018-07-03 06:42:06,372 | methods.match    | INFO     | PID=319 | [method parameters: {'func': 'lambda v: v - 48 < 7', 'mpws': '50MB', 'sztype': 'BEFORE'}]
2018-07-03 06:42:06,393 | methods.match    | INFO     | PID=319 | Start 1 process to handle data filtering
2018-07-03 06:42:06,393 | server           | INFO     | PID=319 | Ready to send 134217728 bytes using data file size of 1073741824 bytes
2018-07-03 06:42:06,393 | server           | INFO     | PID=319 | Listening socket bound to port 8881
2018-07-03 06:42:14,727 | server           | INFO     | PID=319 | Accepted incoming connection ('10.10.1.1', 54758) from client. Sending data ...
2018-07-03 06:42:47,268 | server           | INFO     | PID=319 | [SUMMARY] [Sent: 93949274 bytes] [Read: 93949274 bytes (69.998% of 134217728 raw bytes)] [Duration: 32.54078984260559 seconds] [Bitrate: 23096986.755248923 bit/s]
2018-07-03 06:42:47,268 | server           | INFO     | PID=319 | Resources closed, now exiting

 Performance counter stats for 'CPU(s) 1-2':

      82089.855009      task-clock (msec)         #    2.000 CPUs utilized            (100.00%)
             2,691      context-switches          #    0.033 K/sec                    (100.00%)
                 1      cpu-migrations            #    0.000 K/sec                    (100.00%)
            39,060      page-faults               #    0.476 K/sec                  
   101,505,606,216      cycles                    #    1.237 GHz                      (100.00%)
   <not supported>      stalled-cycles-frontend  
   <not supported>      stalled-cycles-backend   
   230,613,822,521      instructions              #    2.27  insns per cycle          (100.00%)
    43,957,410,542      branches                  #  535.479 M/sec                    (100.00%)
        61,106,213      branch-misses             #    0.14% of all branches        

      41.044886586 seconds time elapsed