LC_NUMERIC=en_US.UTF8 perf stat -B -C 1-2 taskset -c 2 /tmp/eucycles/pyben-nio/src/run --server start --bind 10.10.1.3 --size 153391689 --port 8881 --filename /tmp/eucycles/data_file --bufsize 50mb --method "match; func=lambda v: v - 48 < 10; sztype=BEFORE"

2018-07-03 09:28:27,547 | server           | INFO     | PID=16775 | [bufsize: 52428800 bytes] [zerocopy: False]
2018-07-03 09:28:27,561 | methods.match    | INFO     | PID=16775 | [method: methods.match]
2018-07-03 09:28:27,561 | methods.match    | INFO     | PID=16775 | [method parameters: {'sztype': 'BEFORE', 'mpws': '50MB', 'func': 'lambda v: v - 48 < 10'}]
2018-07-03 09:28:27,581 | methods.match    | INFO     | PID=16775 | Start 1 process to handle data filtering
2018-07-03 09:28:27,582 | server           | INFO     | PID=16775 | Ready to send 153391689 bytes using data file size of 1073741824 bytes
2018-07-03 09:28:27,582 | server           | INFO     | PID=16775 | Listening socket bound to port 8881
2018-07-03 09:28:38,307 | server           | INFO     | PID=16775 | Accepted incoming connection ('10.10.1.1', 42310) from client. Sending data ...
2018-07-03 09:29:26,309 | server           | INFO     | PID=16775 | [SUMMARY] [Sent: 153391689 bytes] [Read: 153391689 bytes (100.000% of 153391689 raw bytes)] [Duration: 48.00226187705994 seconds] [Bitrate: 25564076.858354077 bit/s]
2018-07-03 09:29:26,309 | server           | INFO     | PID=16775 | Resources closed, now exiting

 Performance counter stats for 'CPU(s) 1-2':

     117784.736453      task-clock (msec)         #    2.000 CPUs utilized            (100.00%)
             3,120      context-switches          #    0.026 K/sec                    (100.00%)
                 1      cpu-migrations            #    0.000 K/sec                    (100.00%)
            53,575      page-faults               #    0.455 K/sec                  
   103,752,081,018      cycles                    #    0.881 GHz                      (100.00%)
   <not supported>      stalled-cycles-frontend  
   <not supported>      stalled-cycles-backend   
   295,120,110,726      instructions              #    2.84  insns per cycle          (100.00%)
    56,239,712,980      branches                  #  477.479 M/sec                    (100.00%)
        18,794,530      branch-misses             #    0.03% of all branches        

      58.897310484 seconds time elapsed