LC_NUMERIC=en_US.UTF8 perf stat -B -C 1-2 taskset -c 2 /tmp/eucycles/pyben-nio/src/run --server start --bind 10.10.1.3 --size 134217728 --port 8881 --filename /tmp/eucycles/data_file --bufsize 50mb --method "match; func=lambda v: v - 48 < 5; sztype=BEFORE"

2018-07-04 17:40:24,650 | server           | INFO     | PID=5058 | [bufsize: 52428800 bytes] [zerocopy: False]
2018-07-04 17:40:24,663 | methods.match    | INFO     | PID=5058 | [method: methods.match]
2018-07-04 17:40:24,664 | methods.match    | INFO     | PID=5058 | [method parameters: {'func': 'lambda v: v - 48 < 5', 'sztype': 'BEFORE', 'mpws': '50MB'}]
2018-07-04 17:40:24,684 | methods.match    | INFO     | PID=5058 | Start 1 process to handle data filtering
2018-07-04 17:40:24,684 | server           | INFO     | PID=5058 | Ready to send 134217728 bytes using data file size of 1073741824 bytes
2018-07-04 17:40:24,684 | server           | INFO     | PID=5058 | Listening socket bound to port 8881
2018-07-04 17:40:36,816 | server           | INFO     | PID=5058 | Accepted incoming connection ('10.10.1.1', 39250) from client. Sending data ...
2018-07-04 17:41:08,736 | server           | INFO     | PID=5058 | [SUMMARY] [Sent: 67090256 bytes] [Read: 67090256 bytes (49.986% of 134217728 raw bytes)] [Duration: 31.920029163360596 seconds] [Bitrate: 16814585.138790425 bit/s]
2018-07-04 17:41:08,736 | server           | INFO     | PID=5058 | Resources closed, now exiting

 Performance counter stats for 'CPU(s) 1-2':

      88437.477495      task-clock (msec)         #    2.000 CPUs utilized            (100.00%)
             2,717      context-switches          #    0.031 K/sec                    (100.00%)
                 1      cpu-migrations            #    0.000 K/sec                    (100.00%)
            41,794      page-faults               #    0.473 K/sec                  
    74,850,543,159      cycles                    #    0.846 GHz                      (100.00%)
   <not supported>      stalled-cycles-frontend  
   <not supported>      stalled-cycles-backend   
   205,094,192,654      instructions              #    2.74  insns per cycle          (100.00%)
    38,804,829,158      branches                  #  438.783 M/sec                    (100.00%)
        85,205,860      branch-misses             #    0.22% of all branches        

      44.222410742 seconds time elapsed