LC_NUMERIC=en_US.UTF8 perf stat -B -C 1-2 taskset -c 2 /tmp/eucycles/pyben-nio/src/run --server start --bind 10.10.1.4 --size 214748365 --port 8881 --filename /tmp/eucycles/data_file --bufsize 50mb --method "match; func=lambda v: v - 48 < 4; sztype=BEFORE"

2018-07-04 17:04:41,446 | server           | INFO     | PID=30276 | [bufsize: 52428800 bytes] [zerocopy: False]
2018-07-04 17:04:41,461 | methods.match    | INFO     | PID=30276 | [method: methods.match]
2018-07-04 17:04:41,461 | methods.match    | INFO     | PID=30276 | [method parameters: {'func': 'lambda v: v - 48 < 4', 'sztype': 'BEFORE', 'mpws': '50MB'}]
2018-07-04 17:04:41,482 | methods.match    | INFO     | PID=30276 | Start 1 process to handle data filtering
2018-07-04 17:04:41,482 | server           | INFO     | PID=30276 | Ready to send 214748365 bytes using data file size of 1073741824 bytes
2018-07-04 17:04:41,482 | server           | INFO     | PID=30276 | Listening socket bound to port 8881
2018-07-04 17:04:48,401 | server           | INFO     | PID=30276 | Accepted incoming connection ('10.10.1.1', 47233) from client. Sending data ...
2018-07-04 17:05:32,174 | server           | INFO     | PID=30276 | [SUMMARY] [Sent: 85884093 bytes] [Read: 85884093 bytes (39.993% of 214748365 raw bytes)] [Duration: 43.771836042404175 seconds] [Bitrate: 15696685.49736856 bit/s]
2018-07-04 17:05:32,174 | server           | INFO     | PID=30276 | Resources closed, now exiting

 Performance counter stats for 'CPU(s) 1-2':

     101726.808936      task-clock (msec)         #    2.000 CPUs utilized            (100.00%)
             3,935      context-switches          #    0.039 K/sec                    (100.00%)
                 1      cpu-migrations            #    0.000 K/sec                    (100.00%)
            36,523      page-faults               #    0.359 K/sec                  
   107,809,021,624      cycles                    #    1.060 GHz                      (100.00%)
   <not supported>      stalled-cycles-frontend  
   <not supported>      stalled-cycles-backend   
   306,836,034,867      instructions              #    2.85  insns per cycle          (100.00%)
    57,430,431,371      branches                  #  564.556 M/sec                    (100.00%)
       119,266,059      branch-misses             #    0.21% of all branches        

      50.863743974 seconds time elapsed