LC_NUMERIC=en_US.UTF8 perf stat -B -C 1-2 taskset -c 2 /tmp/eucycles/pyben-nio/src/run --server start --bind 10.10.1.2 --size 214748365 --port 8881 --filename /tmp/eucycles/data_file --bufsize 50mb --method "match; func=lambda v: v - 48 < 2; sztype=BEFORE"

2018-07-04 15:23:13,212 | server           | INFO     | PID=938 | [bufsize: 52428800 bytes] [zerocopy: False]
2018-07-04 15:23:13,226 | methods.match    | INFO     | PID=938 | [method: methods.match]
2018-07-04 15:23:13,227 | methods.match    | INFO     | PID=938 | [method parameters: {'func': 'lambda v: v - 48 < 2', 'sztype': 'BEFORE', 'mpws': '50MB'}]
2018-07-04 15:23:13,247 | methods.match    | INFO     | PID=938 | Start 1 process to handle data filtering
2018-07-04 15:23:13,247 | server           | INFO     | PID=938 | Ready to send 214748365 bytes using data file size of 1073741824 bytes
2018-07-04 15:23:13,247 | server           | INFO     | PID=938 | Listening socket bound to port 8881
2018-07-04 15:23:22,683 | server           | INFO     | PID=938 | Accepted incoming connection ('10.10.1.1', 51636) from client. Sending data ...
2018-07-04 15:24:00,390 | server           | INFO     | PID=938 | [SUMMARY] [Sent: 42948352 bytes] [Read: 42948352 bytes (19.999% of 214748365 raw bytes)] [Duration: 37.70726299285889 seconds] [Bitrate: 9111953.208194122 bit/s]
2018-07-04 15:24:00,390 | server           | INFO     | PID=938 | Resources closed, now exiting

 Performance counter stats for 'CPU(s) 1-2':

      94619.300668      task-clock (msec)         #    2.000 CPUs utilized            (100.00%)
             3,886      context-switches          #    0.041 K/sec                    (100.00%)
                 1      cpu-migrations            #    0.000 K/sec                    (100.00%)
            26,272      page-faults               #    0.278 K/sec                  
    94,618,847,015      cycles                    #    1.000 GHz                      (100.00%)
   <not supported>      stalled-cycles-frontend  
   <not supported>      stalled-cycles-backend   
   275,056,928,088      instructions              #    2.91  insns per cycle          (100.00%)
    51,453,580,379      branches                  #  543.796 M/sec                    (100.00%)
        71,136,678      branch-misses             #    0.14% of all branches        

      47.312540499 seconds time elapsed