LC_NUMERIC=en_US.UTF8 perf stat -B -C 1-2 taskset -c 2 /tmp/eucycles/pyben-nio/src/run --server start --bind 10.10.1.5 --size 268435456 --port 8881 --filename /tmp/eucycles/data_file --bufsize 50mb --method "match; func=lambda v: v - 48 < 3; sztype=BEFORE"

2018-07-03 02:53:28,249 | server           | INFO     | PID=11321 | [bufsize: 52428800 bytes] [zerocopy: False]
2018-07-03 02:53:28,263 | methods.match    | INFO     | PID=11321 | [method: methods.match]
2018-07-03 02:53:28,264 | methods.match    | INFO     | PID=11321 | [method parameters: {'sztype': 'BEFORE', 'func': 'lambda v: v - 48 < 3', 'mpws': '50MB'}]
2018-07-03 02:53:28,284 | methods.match    | INFO     | PID=11321 | Start 1 process to handle data filtering
2018-07-03 02:53:28,284 | server           | INFO     | PID=11321 | Ready to send 268435456 bytes using data file size of 1073741824 bytes
2018-07-03 02:53:28,284 | server           | INFO     | PID=11321 | Listening socket bound to port 8881
2018-07-03 02:53:32,767 | server           | INFO     | PID=11321 | Accepted incoming connection ('10.10.1.1', 40210) from client. Sending data ...
2018-07-03 02:54:23,388 | server           | INFO     | PID=11321 | [SUMMARY] [Sent: 80526175 bytes] [Read: 80526175 bytes (29.998% of 268435456 raw bytes)] [Duration: 50.620357036590576 seconds] [Bitrate: 12726291.11514045 bit/s]
2018-07-03 02:54:23,388 | server           | INFO     | PID=11321 | Resources closed, now exiting

 Performance counter stats for 'CPU(s) 1-2':

     110451.746384      task-clock (msec)         #    2.000 CPUs utilized            (100.00%)
             4,515      context-switches          #    0.041 K/sec                    (100.00%)
                 1      cpu-migrations            #    0.000 K/sec                    (100.00%)
            23,690      page-faults               #    0.214 K/sec                  
   126,450,929,175      cycles                    #    1.145 GHz                      (100.00%)
   <not supported>      stalled-cycles-frontend  
   <not supported>      stalled-cycles-backend   
   361,402,259,584      instructions              #    2.86  insns per cycle          (100.00%)
    67,354,707,808      branches                  #  609.811 M/sec                    (100.00%)
       117,818,970      branch-misses             #    0.17% of all branches        

      55.230890044 seconds time elapsed