LC_NUMERIC=en_US.UTF8 perf stat -B -C 1-2 taskset -c 2 /tmp/eucycles/pyben-nio/src/run --server start --bind 10.10.1.7 --size 178956970 --port 8881 --filename /tmp/eucycles/data_file --bufsize 50mb --method "match; func=lambda v: v - 48 < 8; sztype=BEFORE"

2018-07-03 07:33:04,057 | server           | INFO     | PID=32268 | [bufsize: 52428800 bytes] [zerocopy: False]
2018-07-03 07:33:04,072 | methods.match    | INFO     | PID=32268 | [method: methods.match]
2018-07-03 07:33:04,072 | methods.match    | INFO     | PID=32268 | [method parameters: {'sztype': 'BEFORE', 'mpws': '50MB', 'func': 'lambda v: v - 48 < 8'}]
2018-07-03 07:33:04,092 | methods.match    | INFO     | PID=32268 | Start 1 process to handle data filtering
2018-07-03 07:33:04,092 | server           | INFO     | PID=32268 | Ready to send 178956970 bytes using data file size of 1073741824 bytes
2018-07-03 07:33:04,093 | server           | INFO     | PID=32268 | Listening socket bound to port 8881
2018-07-03 07:33:08,728 | server           | INFO     | PID=32268 | Accepted incoming connection ('10.10.1.1', 37569) from client. Sending data ...
2018-07-03 07:33:56,956 | server           | INFO     | PID=32268 | [SUMMARY] [Sent: 143164339 bytes] [Read: 143164339 bytes (79.999% of 178956970 raw bytes)] [Duration: 48.22740697860718 seconds] [Bitrate: 23748212.556981165 bit/s]
2018-07-03 07:33:56,956 | server           | INFO     | PID=32268 | Resources closed, now exiting

 Performance counter stats for 'CPU(s) 1-2':

     105973.794089      task-clock (msec)         #    2.000 CPUs utilized            (100.00%)
             3,237      context-switches          #    0.031 K/sec                    (100.00%)
                 1      cpu-migrations            #    0.000 K/sec                    (100.00%)
            51,039      page-faults               #    0.482 K/sec                  
   110,905,850,160      cycles                    #    1.047 GHz                      (100.00%)
   <not supported>      stalled-cycles-frontend  
   <not supported>      stalled-cycles-backend   
   314,462,572,528      instructions              #    2.84  insns per cycle          (100.00%)
    59,627,635,299      branches                  #  562.664 M/sec                    (100.00%)
        60,027,616      branch-misses             #    0.10% of all branches        

      52.991616688 seconds time elapsed