LC_NUMERIC=en_US.UTF8 perf stat -B -C 1-2 taskset -c 2 /tmp/eucycles/pyben-nio/src/run --server start --bind 10.10.1.4 --size 153391689 --port 8881 --filename /tmp/eucycles/data_file --bufsize 50mb --method "match; func=lambda v: v - 48 < 4; sztype=BEFORE"

2018-07-03 04:11:28,950 | server           | INFO     | PID=17134 | [bufsize: 52428800 bytes] [zerocopy: False]
2018-07-03 04:11:28,964 | methods.match    | INFO     | PID=17134 | [method: methods.match]
2018-07-03 04:11:28,964 | methods.match    | INFO     | PID=17134 | [method parameters: {'mpws': '50MB', 'func': 'lambda v: v - 48 < 4', 'sztype': 'BEFORE'}]
2018-07-03 04:11:28,985 | methods.match    | INFO     | PID=17134 | Start 1 process to handle data filtering
2018-07-03 04:11:28,985 | server           | INFO     | PID=17134 | Ready to send 153391689 bytes using data file size of 1073741824 bytes
2018-07-03 04:11:28,985 | server           | INFO     | PID=17134 | Listening socket bound to port 8881
2018-07-03 04:11:38,484 | server           | INFO     | PID=17134 | Accepted incoming connection ('10.10.1.1', 50078) from client. Sending data ...
2018-07-03 04:12:10,959 | server           | INFO     | PID=17134 | [SUMMARY] [Sent: 61342414 bytes] [Read: 61342414 bytes (39.991% of 153391689 raw bytes)] [Duration: 32.4753999710083 seconds] [Bitrate: 15111109.099136477 bit/s]
2018-07-03 04:12:10,960 | server           | INFO     | PID=17134 | Resources closed, now exiting

 Performance counter stats for 'CPU(s) 1-2':

      84292.880337      task-clock (msec)         #    2.000 CPUs utilized            (100.00%)
             2,946      context-switches          #    0.035 K/sec                    (100.00%)
                 1      cpu-migrations            #    0.000 K/sec                    (100.00%)
            26,273      page-faults               #    0.312 K/sec                  
    78,265,626,231      cycles                    #    0.928 GHz                      (100.00%)
   <not supported>      stalled-cycles-frontend  
   <not supported>      stalled-cycles-backend   
   219,252,359,472      instructions              #    2.80  insns per cycle          (100.00%)
    41,041,733,865      branches                  #  486.894 M/sec                    (100.00%)
        86,100,006      branch-misses             #    0.21% of all branches        

      42.146692937 seconds time elapsed