LC_NUMERIC=en_US.UTF8 perf stat -B -C 1-2 taskset -c 2 /tmp/eucycles/pyben-nio/src/run --server start --bind 10.10.1.8 --size 134217728 --port 8881 --filename /tmp/eucycles/data_file --bufsize 50mb --method "match; func=lambda v: v - 48 < 8; sztype=BEFORE"

2018-07-03 07:36:17,426 | server           | INFO     | PID=30437 | [bufsize: 52428800 bytes] [zerocopy: False]
2018-07-03 07:36:17,439 | methods.match    | INFO     | PID=30437 | [method: methods.match]
2018-07-03 07:36:17,440 | methods.match    | INFO     | PID=30437 | [method parameters: {'sztype': 'BEFORE', 'func': 'lambda v: v - 48 < 8', 'mpws': '50MB'}]
2018-07-03 07:36:17,460 | methods.match    | INFO     | PID=30437 | Start 1 process to handle data filtering
2018-07-03 07:36:17,460 | server           | INFO     | PID=30437 | Ready to send 134217728 bytes using data file size of 1073741824 bytes
2018-07-03 07:36:17,460 | server           | INFO     | PID=30437 | Listening socket bound to port 8881
2018-07-03 07:36:23,350 | server           | INFO     | PID=30437 | Accepted incoming connection ('10.10.1.1', 60921) from client. Sending data ...
2018-07-03 07:36:58,558 | server           | INFO     | PID=30437 | [SUMMARY] [Sent: 107375761 bytes] [Read: 107375761 bytes (80.001% of 134217728 raw bytes)] [Duration: 35.207804918289185 seconds] [Bitrate: 24398172.223278176 bit/s]
2018-07-03 07:36:58,558 | server           | INFO     | PID=30437 | Resources closed, now exiting

 Performance counter stats for 'CPU(s) 1-2':

      82535.383075      task-clock (msec)         #    2.000 CPUs utilized            (100.00%)
             2,715      context-switches          #    0.033 K/sec                    (100.00%)
                 1      cpu-migrations            #    0.000 K/sec                    (100.00%)
            42,343      page-faults               #    0.513 K/sec                  
    82,927,466,230      cycles                    #    1.005 GHz                      (100.00%)
   <not supported>      stalled-cycles-frontend  
   <not supported>      stalled-cycles-backend   
   235,939,432,573      instructions              #    2.85  insns per cycle          (100.00%)
    44,740,588,299      branches                  #  542.078 M/sec                    (100.00%)
        45,925,452      branch-misses             #    0.10% of all branches        

      41.269295528 seconds time elapsed