LC_NUMERIC=en_US.UTF8 perf stat -B -C 1-2 taskset -c 2 /tmp/eucycles/pyben-nio/src/run --server start --bind 10.10.1.3 --size 134217728 --port 8881 --filename /tmp/eucycles/data_file --bufsize 50mb --method "match; func=lambda v: v - 48 < 7; sztype=BEFORE"

2018-07-03 06:24:56,509 | server           | INFO     | PID=6291 | [bufsize: 52428800 bytes] [zerocopy: False]
2018-07-03 06:24:56,523 | methods.match    | INFO     | PID=6291 | [method: methods.match]
2018-07-03 06:24:56,523 | methods.match    | INFO     | PID=6291 | [method parameters: {'mpws': '50MB', 'sztype': 'BEFORE', 'func': 'lambda v: v - 48 < 7'}]
2018-07-03 06:24:56,544 | methods.match    | INFO     | PID=6291 | Start 1 process to handle data filtering
2018-07-03 06:24:56,544 | server           | INFO     | PID=6291 | Ready to send 134217728 bytes using data file size of 1073741824 bytes
2018-07-03 06:24:56,544 | server           | INFO     | PID=6291 | Listening socket bound to port 8881
2018-07-03 06:25:08,679 | server           | INFO     | PID=6291 | Accepted incoming connection ('10.10.1.1', 46339) from client. Sending data ...
2018-07-03 06:25:43,662 | server           | INFO     | PID=6291 | [SUMMARY] [Sent: 93936731 bytes] [Read: 93936731 bytes (69.988% of 134217728 raw bytes)] [Duration: 34.98258709907532 seconds] [Bitrate: 21481940.31138034 bit/s]
2018-07-03 06:25:43,663 | server           | INFO     | PID=6291 | Resources closed, now exiting

 Performance counter stats for 'CPU(s) 1-2':

      94481.827079      task-clock (msec)         #    2.000 CPUs utilized            (100.00%)
             2,473      context-switches          #    0.026 K/sec                    (100.00%)
                 1      cpu-migrations            #    0.000 K/sec                    (100.00%)
            39,023      page-faults               #    0.413 K/sec                  
    80,637,939,578      cycles                    #    0.853 GHz                      (100.00%)
   <not supported>      stalled-cycles-frontend  
   <not supported>      stalled-cycles-backend   
   227,070,494,249      instructions              #    2.82  insns per cycle          (100.00%)
    43,206,942,920      branches                  #  457.304 M/sec                    (100.00%)
        61,243,815      branch-misses             #    0.14% of all branches        

      47.244843744 seconds time elapsed