LC_NUMERIC=en_US.UTF8 perf stat -B -C 1-2 taskset -c 2 /tmp/eucycles/pyben-nio/src/run --server start --bind 10.10.1.3 --size 536870912 --port 8881 --filename /tmp/eucycles/data_file --bufsize 50mb --method "match; func=lambda v: v - 48 < 7; sztype=BEFORE"

2018-07-04 19:26:52,485 | server           | INFO     | PID=11381 | [bufsize: 52428800 bytes] [zerocopy: False]
2018-07-04 19:26:52,498 | methods.match    | INFO     | PID=11381 | [method: methods.match]
2018-07-04 19:26:52,499 | methods.match    | INFO     | PID=11381 | [method parameters: {'sztype': 'BEFORE', 'func': 'lambda v: v - 48 < 7', 'mpws': '50MB'}]
2018-07-04 19:26:52,519 | methods.match    | INFO     | PID=11381 | Start 1 process to handle data filtering
2018-07-04 19:26:52,519 | server           | INFO     | PID=11381 | Ready to send 536870912 bytes using data file size of 1073741824 bytes
2018-07-04 19:26:52,519 | server           | INFO     | PID=11381 | Listening socket bound to port 8881
2018-07-04 19:26:56,923 | server           | INFO     | PID=11381 | Accepted incoming connection ('10.10.1.1', 43962) from client. Sending data ...
2018-07-04 19:29:06,474 | server           | INFO     | PID=11381 | [SUMMARY] [Sent: 375807758 bytes] [Read: 375807758 bytes (70.000% of 536870912 raw bytes)] [Duration: 129.5503180027008 seconds] [Bitrate: 23206906.091402438 bit/s]
2018-07-04 19:29:06,474 | server           | INFO     | PID=11381 | Resources closed, now exiting

 Performance counter stats for 'CPU(s) 1-2':

     268141.696551      task-clock (msec)         #    2.000 CPUs utilized            (100.00%)
             9,124      context-switches          #    0.034 K/sec                    (100.00%)
                 1      cpu-migrations            #    0.000 K/sec                    (100.00%)
           199,597      page-faults               #    0.744 K/sec                  
   320,106,057,855      cycles                    #    1.194 GHz                      (100.00%)
   <not supported>      stalled-cycles-frontend  
   <not supported>      stalled-cycles-backend   
   898,954,908,830      instructions              #    2.81  insns per cycle          (100.00%)
   169,962,379,281      branches                  #  633.853 M/sec                    (100.00%)
       237,314,944      branch-misses             #    0.14% of all branches        

     134.082322923 seconds time elapsed