LC_NUMERIC=en_US.UTF8 perf stat -B -C 1-2 taskset -c 2 /tmp/eucycles/pyben-nio/src/run --server start --bind 10.10.1.4 --size 268435456 --port 8881 --filename /tmp/eucycles/data_file --bufsize 50mb --method "match; func=lambda v: v - 48 < 0; sztype=BEFORE"

2018-07-04 14:17:29,938 | server           | INFO     | PID=19473 | [bufsize: 52428800 bytes] [zerocopy: False]
2018-07-04 14:17:29,953 | methods.match    | INFO     | PID=19473 | [method: methods.match]
2018-07-04 14:17:29,953 | methods.match    | INFO     | PID=19473 | [method parameters: {'func': 'lambda v: v - 48 < 0', 'sztype': 'BEFORE', 'mpws': '50MB'}]
2018-07-04 14:17:29,973 | methods.match    | INFO     | PID=19473 | Start 1 process to handle data filtering
2018-07-04 14:17:29,974 | server           | INFO     | PID=19473 | Ready to send 268435456 bytes using data file size of 1073741824 bytes
2018-07-04 14:17:29,974 | server           | INFO     | PID=19473 | Listening socket bound to port 8881
2018-07-04 14:17:35,628 | server           | INFO     | PID=19473 | Accepted incoming connection ('10.10.1.1', 57002) from client. Sending data ...
2018-07-04 14:18:13,683 | server           | INFO     | PID=19473 | [SUMMARY] [Sent: 0 bytes] [Read: 0 bytes (0.000% of 268435456 raw bytes)] [Duration: 38.05436587333679 seconds] [Bitrate: 0.0 bit/s]
2018-07-04 14:18:13,683 | server           | INFO     | PID=19473 | Resources closed, now exiting

 Performance counter stats for 'CPU(s) 1-2':

      87760.708477      task-clock (msec)         #    2.000 CPUs utilized            (100.00%)
             4,586      context-switches          #    0.052 K/sec                    (100.00%)
                 1      cpu-migrations            #    0.000 K/sec                    (100.00%)
            16,048      page-faults               #    0.183 K/sec                  
    96,456,439,435      cycles                    #    1.099 GHz                      (100.00%)
   <not supported>      stalled-cycles-frontend  
   <not supported>      stalled-cycles-backend   
   296,461,758,054      instructions              #    3.07  insns per cycle          (100.00%)
    54,833,012,614      branches                  #  624.801 M/sec                    (100.00%)
        29,902,786      branch-misses             #    0.05% of all branches        

      43.880622636 seconds time elapsed