LC_NUMERIC=en_US.UTF8 perf stat -B -C 1-2 taskset -c 2 /tmp/eucycles/pyben-nio/src/run --server start --bind 10.10.1.3 --size 357913941 --port 8881 --filename /tmp/eucycles/data_file --bufsize 50mb --method "match; func=lambda v: v - 48 < 2; sztype=BEFORE"

2018-07-03 02:37:53,102 | server           | INFO     | PID=12207 | [bufsize: 52428800 bytes] [zerocopy: False]
2018-07-03 02:37:53,116 | methods.match    | INFO     | PID=12207 | [method: methods.match]
2018-07-03 02:37:53,116 | methods.match    | INFO     | PID=12207 | [method parameters: {'mpws': '50MB', 'sztype': 'BEFORE', 'func': 'lambda v: v - 48 < 2'}]
2018-07-03 02:37:53,136 | methods.match    | INFO     | PID=12207 | Start 1 process to handle data filtering
2018-07-03 02:37:53,136 | server           | INFO     | PID=12207 | Ready to send 357913941 bytes using data file size of 1073741824 bytes
2018-07-03 02:37:53,136 | server           | INFO     | PID=12207 | Listening socket bound to port 8881
2018-07-03 02:37:58,809 | server           | INFO     | PID=12207 | Accepted incoming connection ('10.10.1.1', 59465) from client. Sending data ...
2018-07-03 02:39:01,399 | server           | INFO     | PID=12207 | [SUMMARY] [Sent: 71584527 bytes] [Read: 71584527 bytes (20.000% of 357913941 raw bytes)] [Duration: 62.5895779132843 seconds] [Bitrate: 9149705.671340732 bit/s]
2018-07-03 02:39:01,399 | server           | INFO     | PID=12207 | Resources closed, now exiting

 Performance counter stats for 'CPU(s) 1-2':

     136853.803891      task-clock (msec)         #    2.000 CPUs utilized            (100.00%)
             6,118      context-switches          #    0.045 K/sec                    (100.00%)
                 1      cpu-migrations            #    0.000 K/sec                    (100.00%)
            21,167      page-faults               #    0.155 K/sec                  
   157,129,753,971      cycles                    #    1.148 GHz                      (100.00%)
   <not supported>      stalled-cycles-frontend  
   <not supported>      stalled-cycles-backend   
   458,154,300,535      instructions              #    2.92  insns per cycle          (100.00%)
    85,698,454,331      branches                  #  626.204 M/sec                    (100.00%)
       116,198,661      branch-misses             #    0.14% of all branches        

      68.432674576 seconds time elapsed