LC_NUMERIC=en_US.UTF8 perf stat -B -C 1-2 taskset -c 2 /tmp/eucycles/pyben-nio/src/run --server start --bind 10.10.1.8 --size 134217728 --port 8881 --filename /tmp/eucycles/data_file --bufsize 50mb --method "match; func=lambda v: v - 48 < 3; sztype=BEFORE"

2018-07-03 03:27:29,946 | server           | INFO     | PID=10411 | [bufsize: 52428800 bytes] [zerocopy: False]
2018-07-03 03:27:29,959 | methods.match    | INFO     | PID=10411 | [method: methods.match]
2018-07-03 03:27:29,960 | methods.match    | INFO     | PID=10411 | [method parameters: {'mpws': '50MB', 'sztype': 'BEFORE', 'func': 'lambda v: v - 48 < 3'}]
2018-07-03 03:27:29,980 | methods.match    | INFO     | PID=10411 | Start 1 process to handle data filtering
2018-07-03 03:27:29,980 | server           | INFO     | PID=10411 | Ready to send 134217728 bytes using data file size of 1073741824 bytes
2018-07-03 03:27:29,980 | server           | INFO     | PID=10411 | Listening socket bound to port 8881
2018-07-03 03:27:35,872 | server           | INFO     | PID=10411 | Accepted incoming connection ('10.10.1.1', 58321) from client. Sending data ...
2018-07-03 03:28:01,180 | server           | INFO     | PID=10411 | [SUMMARY] [Sent: 40275907 bytes] [Read: 40275907 bytes (30.008% of 134217728 raw bytes)] [Duration: 25.307332038879395 seconds] [Bitrate: 12731774.945893005 bit/s]
2018-07-03 03:28:01,180 | server           | INFO     | PID=10411 | Resources closed, now exiting

 Performance counter stats for 'CPU(s) 1-2':

      62741.419651      task-clock (msec)         #    2.000 CPUs utilized            (100.00%)
             2,612      context-switches          #    0.042 K/sec                    (100.00%)
                 1      cpu-migrations            #    0.000 K/sec                    (100.00%)
            23,716      page-faults               #    0.378 K/sec                  
    62,708,209,234      cycles                    #    0.999 GHz                      (100.00%)
   <not supported>      stalled-cycles-frontend  
   <not supported>      stalled-cycles-backend   
   180,898,963,081      instructions              #    2.88  insns per cycle          (100.00%)
    33,719,445,952      branches                  #  537.435 M/sec                    (100.00%)
        60,238,653      branch-misses             #    0.18% of all branches        

      31.371888531 seconds time elapsed