LC_NUMERIC=en_US.UTF8 perf stat -B -C 1-2 taskset -c 2 /tmp/eucycles/pyben-nio/src/run --server start --bind 10.10.1.7 --size 134217728 --port 8881 --filename /tmp/eucycles/data_file --bufsize 50mb --method "match; func=lambda v: v - 48 < 0; sztype=BEFORE"

2018-07-04 13:58:13,507 | server           | INFO     | PID=8655 | [bufsize: 52428800 bytes] [zerocopy: False]
2018-07-04 13:58:13,521 | methods.match    | INFO     | PID=8655 | [method: methods.match]
2018-07-04 13:58:13,522 | methods.match    | INFO     | PID=8655 | [method parameters: {'func': 'lambda v: v - 48 < 0', 'mpws': '50MB', 'sztype': 'BEFORE'}]
2018-07-04 13:58:13,542 | methods.match    | INFO     | PID=8655 | Start 1 process to handle data filtering
2018-07-04 13:58:13,542 | server           | INFO     | PID=8655 | Ready to send 134217728 bytes using data file size of 1073741824 bytes
2018-07-04 13:58:13,542 | server           | INFO     | PID=8655 | Listening socket bound to port 8881
2018-07-04 13:58:20,656 | server           | INFO     | PID=8655 | Accepted incoming connection ('10.10.1.1', 45810) from client. Sending data ...
2018-07-04 13:58:39,601 | server           | INFO     | PID=8655 | [SUMMARY] [Sent: 0 bytes] [Read: 0 bytes (0.000% of 134217728 raw bytes)] [Duration: 18.945171117782593 seconds] [Bitrate: 0.0 bit/s]
2018-07-04 13:58:39,602 | server           | INFO     | PID=8655 | Resources closed, now exiting

 Performance counter stats for 'CPU(s) 1-2':

      52457.571726      task-clock (msec)         #    2.000 CPUs utilized            (100.00%)
             2,504      context-switches          #    0.048 K/sec                    (100.00%)
                 1      cpu-migrations            #    0.000 K/sec                    (100.00%)
            16,041      page-faults               #    0.306 K/sec                  
    48,252,508,164      cycles                    #    0.920 GHz                      (100.00%)
   <not supported>      stalled-cycles-frontend  
   <not supported>      stalled-cycles-backend   
   146,255,025,628      instructions              #    3.03  insns per cycle          (100.00%)
    26,782,669,271      branches                  #  510.559 M/sec                    (100.00%)
        16,200,836      branch-misses             #    0.06% of all branches        

      26.231035768 seconds time elapsed