LC_NUMERIC=en_US.UTF8 perf stat -B -C 1-2 taskset -c 2 /tmp/eucycles/pyben-nio/src/run --server start --bind 10.10.1.6 --size 153391689 --port 8881 --filename /tmp/eucycles/data_file --bufsize 50mb --method "match; func=lambda v: v - 48 < 2; sztype=BEFORE"

2018-07-03 02:43:21,377 | server           | INFO     | PID=10197 | [bufsize: 52428800 bytes] [zerocopy: False]
2018-07-03 02:43:21,391 | methods.match    | INFO     | PID=10197 | [method: methods.match]
2018-07-03 02:43:21,391 | methods.match    | INFO     | PID=10197 | [method parameters: {'func': 'lambda v: v - 48 < 2', 'sztype': 'BEFORE', 'mpws': '50MB'}]
2018-07-03 02:43:21,412 | methods.match    | INFO     | PID=10197 | Start 1 process to handle data filtering
2018-07-03 02:43:21,412 | server           | INFO     | PID=10197 | Ready to send 153391689 bytes using data file size of 1073741824 bytes
2018-07-03 02:43:21,412 | server           | INFO     | PID=10197 | Listening socket bound to port 8881
2018-07-03 02:43:28,406 | server           | INFO     | PID=10197 | Accepted incoming connection ('10.10.1.1', 55385) from client. Sending data ...
2018-07-03 02:43:55,082 | server           | INFO     | PID=10197 | [SUMMARY] [Sent: 30681308 bytes] [Read: 30681308 bytes (20.002% of 153391689 raw bytes)] [Duration: 26.675787925720215 seconds] [Bitrate: 9201245.139729949 bit/s]
2018-07-03 02:43:55,082 | server           | INFO     | PID=10197 | Resources closed, now exiting

 Performance counter stats for 'CPU(s) 1-2':

      67680.323679      task-clock (msec)         #    2.000 CPUs utilized            (100.00%)
             2,902      context-switches          #    0.043 K/sec                    (100.00%)
                 1      cpu-migrations            #    0.000 K/sec                    (100.00%)
            21,154      page-faults               #    0.313 K/sec                  
    86,408,979,560      cycles                    #    1.277 GHz                      (100.00%)
   <not supported>      stalled-cycles-frontend  
   <not supported>      stalled-cycles-backend   
   199,227,330,532      instructions              #    2.31  insns per cycle          (100.00%)
    37,285,880,362      branches                  #  550.912 M/sec                    (100.00%)
        51,299,811      branch-misses             #    0.14% of all branches        

      33.840103835 seconds time elapsed