LC_NUMERIC=en_US.UTF8 perf stat -B -C 1-2 taskset -c 2 /tmp/eucycles/pyben-nio/src/run --server start --bind 10.10.1.3 --size 357913941 --port 8881 --filename /tmp/eucycles/data_file --bufsize 50mb --method "match; func=lambda v: v - 48 < 10; sztype=BEFORE"

2018-07-03 09:01:19,278 | server           | INFO     | PID=15124 | [bufsize: 52428800 bytes] [zerocopy: False]
2018-07-03 09:01:19,292 | methods.match    | INFO     | PID=15124 | [method: methods.match]
2018-07-03 09:01:19,292 | methods.match    | INFO     | PID=15124 | [method parameters: {'func': 'lambda v: v - 48 < 10', 'sztype': 'BEFORE', 'mpws': '50MB'}]
2018-07-03 09:01:19,313 | methods.match    | INFO     | PID=15124 | Start 1 process to handle data filtering
2018-07-03 09:01:19,313 | server           | INFO     | PID=15124 | Ready to send 357913941 bytes using data file size of 1073741824 bytes
2018-07-03 09:01:19,313 | server           | INFO     | PID=15124 | Listening socket bound to port 8881
2018-07-03 09:01:24,984 | server           | INFO     | PID=15124 | Accepted incoming connection ('10.10.1.1', 56988) from client. Sending data ...
2018-07-03 09:03:03,565 | server           | INFO     | PID=15124 | [SUMMARY] [Sent: 357913941 bytes] [Read: 357913941 bytes (100.000% of 357913941 raw bytes)] [Duration: 98.58078384399414 seconds] [Bitrate: 29045331.314581975 bit/s]
2018-07-03 09:03:03,565 | server           | INFO     | PID=15124 | Resources closed, now exiting

 Performance counter stats for 'CPU(s) 1-2':

     208826.310848      task-clock (msec)         #    2.000 CPUs utilized            (100.00%)
             6,583      context-switches          #    0.032 K/sec                    (100.00%)
                 1      cpu-migrations            #    0.000 K/sec                    (100.00%)
           103,502      page-faults               #    0.496 K/sec                  
   239,417,962,907      cycles                    #    1.146 GHz                      (100.00%)
   <not supported>      stalled-cycles-frontend  
   <not supported>      stalled-cycles-backend   
   688,116,832,138      instructions              #    2.87  insns per cycle          (100.00%)
   131,115,825,821      branches                  #  627.870 M/sec                    (100.00%)
        40,314,590      branch-misses             #    0.03% of all branches        

     104.422054954 seconds time elapsed