LC_NUMERIC=en_US.UTF8 perf stat -B -C 1-2 taskset -c 2 /tmp/eucycles/pyben-nio/src/run --server start --bind 10.10.1.3 --size 153391689 --port 8881 --filename /tmp/eucycles/data_file --bufsize 50mb --method "match; func=lambda v: v - 48 < 7; sztype=BEFORE"

2018-07-03 06:23:27,688 | server           | INFO     | PID=26872 | [bufsize: 52428800 bytes] [zerocopy: False]
2018-07-03 06:23:27,702 | methods.match    | INFO     | PID=26872 | [method: methods.match]
2018-07-03 06:23:27,702 | methods.match    | INFO     | PID=26872 | [method parameters: {'sztype': 'BEFORE', 'func': 'lambda v: v - 48 < 7', 'mpws': '50MB'}]
2018-07-03 06:23:27,722 | methods.match    | INFO     | PID=26872 | Start 1 process to handle data filtering
2018-07-03 06:23:27,723 | server           | INFO     | PID=26872 | Ready to send 153391689 bytes using data file size of 1073741824 bytes
2018-07-03 06:23:27,723 | server           | INFO     | PID=26872 | Listening socket bound to port 8881
2018-07-03 06:23:38,367 | server           | INFO     | PID=26872 | Accepted incoming connection ('10.10.1.1', 46349) from client. Sending data ...
2018-07-03 06:24:19,745 | server           | INFO     | PID=26872 | [SUMMARY] [Sent: 107357975 bytes] [Read: 107357975 bytes (69.989% of 153391689 raw bytes)] [Duration: 41.37751078605652 seconds] [Bitrate: 20756777.865173604 bit/s]
2018-07-03 06:24:19,745 | server           | INFO     | PID=26872 | Resources closed, now exiting

 Performance counter stats for 'CPU(s) 1-2':

     104376.998325      task-clock (msec)         #    2.000 CPUs utilized            (100.00%)
             3,080      context-switches          #    0.030 K/sec                    (100.00%)
                 1      cpu-migrations            #    0.000 K/sec                    (100.00%)
            42,322      page-faults               #    0.405 K/sec                  
    91,562,162,145      cycles                    #    0.877 GHz                      (100.00%)
   <not supported>      stalled-cycles-frontend  
   <not supported>      stalled-cycles-backend   
   257,157,498,669      instructions              #    2.81  insns per cycle          (100.00%)
    48,628,902,621      branches                  #  465.897 M/sec                    (100.00%)
        70,569,031      branch-misses             #    0.15% of all branches        

      52.192861251 seconds time elapsed