LC_NUMERIC=en_US.UTF8 perf stat -B -C 1-2 taskset -c 2 /tmp/eucycles/pyben-nio/src/run --server start --bind 10.10.1.2 --size 536870912 --port 8881 --filename /tmp/eucycles/data_file --bufsize 50mb --method "match; func=lambda v: v - 48 < 2; sztype=BEFORE"

2018-07-03 02:08:51,028 | server           | INFO     | PID=10947 | [bufsize: 52428800 bytes] [zerocopy: False]
2018-07-03 02:08:51,042 | methods.match    | INFO     | PID=10947 | [method: methods.match]
2018-07-03 02:08:51,043 | methods.match    | INFO     | PID=10947 | [method parameters: {'sztype': 'BEFORE', 'func': 'lambda v: v - 48 < 2', 'mpws': '50MB'}]
2018-07-03 02:08:51,063 | methods.match    | INFO     | PID=10947 | Start 1 process to handle data filtering
2018-07-03 02:08:51,063 | server           | INFO     | PID=10947 | Ready to send 536870912 bytes using data file size of 1073741824 bytes
2018-07-03 02:08:51,063 | server           | INFO     | PID=10947 | Listening socket bound to port 8881
2018-07-03 02:08:56,640 | server           | INFO     | PID=10947 | Accepted incoming connection ('10.10.1.1', 52088) from client. Sending data ...
2018-07-03 02:10:30,633 | server           | INFO     | PID=10947 | [SUMMARY] [Sent: 107376912 bytes] [Read: 107376912 bytes (20.001% of 536870912 raw bytes)] [Duration: 93.99237895011902 seconds] [Bitrate: 9139201.556499302 bit/s]
2018-07-03 02:10:30,633 | server           | INFO     | PID=10947 | Resources closed, now exiting

 Performance counter stats for 'CPU(s) 1-2':

     199466.087540      task-clock (msec)         #    2.000 CPUs utilized            (100.00%)
             8,983      context-switches          #    0.045 K/sec                    (100.00%)
                 1      cpu-migrations            #    0.000 K/sec                    (100.00%)
            21,153      page-faults               #    0.106 K/sec                  
   236,136,599,120      cycles                    #    1.184 GHz                      (100.00%)
   <not supported>      stalled-cycles-frontend  
   <not supported>      stalled-cycles-backend   
   695,106,758,159      instructions              #    2.94  insns per cycle          (100.00%)
   130,657,163,916      branches                  #  655.034 M/sec                    (100.00%)
       173,109,102      branch-misses             #    0.13% of all branches        

      99.739328481 seconds time elapsed