LC_NUMERIC=en_US.UTF8 perf stat -B -C 1-2 taskset -c 2 /tmp/eucycles/pyben-nio/src/run --server start --bind 10.10.1.2 --size 536870912 --port 8881 --filename /tmp/eucycles/data_file --bufsize 50mb --method "match; func=lambda v: v - 48 < 6; sztype=BEFORE"

2018-07-04 18:18:41,372 | server           | INFO     | PID=13760 | [bufsize: 52428800 bytes] [zerocopy: False]
2018-07-04 18:18:41,386 | methods.match    | INFO     | PID=13760 | [method: methods.match]
2018-07-04 18:18:41,386 | methods.match    | INFO     | PID=13760 | [method parameters: {'sztype': 'BEFORE', 'func': 'lambda v: v - 48 < 6', 'mpws': '50MB'}]
2018-07-04 18:18:41,407 | methods.match    | INFO     | PID=13760 | Start 1 process to handle data filtering
2018-07-04 18:18:41,407 | server           | INFO     | PID=13760 | Ready to send 536870912 bytes using data file size of 1073741824 bytes
2018-07-04 18:18:41,407 | server           | INFO     | PID=13760 | Listening socket bound to port 8881
2018-07-04 18:18:46,990 | server           | INFO     | PID=13760 | Accepted incoming connection ('10.10.1.1', 45006) from client. Sending data ...
2018-07-04 18:20:52,138 | server           | INFO     | PID=13760 | [SUMMARY] [Sent: 322127767 bytes] [Read: 322127767 bytes (60.001% of 536870912 raw bytes)] [Duration: 125.14806890487671 seconds] [Bitrate: 20591785.06348954 bit/s]
2018-07-04 18:20:52,139 | server           | INFO     | PID=13760 | Resources closed, now exiting

 Performance counter stats for 'CPU(s) 1-2':

     261784.835294      task-clock (msec)         #    2.000 CPUs utilized            (100.00%)
             9,236      context-switches          #    0.035 K/sec                    (100.00%)
                 1      cpu-migrations            #    0.000 K/sec                    (100.00%)
           108,197      page-faults               #    0.413 K/sec                  
   310,584,233,068      cycles                    #    1.186 GHz                      (100.00%)
   <not supported>      stalled-cycles-frontend  
   <not supported>      stalled-cycles-backend   
   863,397,042,902      instructions              #    2.78  insns per cycle          (100.00%)
   163,799,725,710      branches                  #  625.704 M/sec                    (100.00%)
       301,006,214      branch-misses             #    0.18% of all branches        

     130.900718705 seconds time elapsed