LC_NUMERIC=en_US.UTF8 perf stat -B -C 1-2 taskset -c 2 /tmp/eucycles/pyben-nio/src/run --server start --bind 10.10.1.5 --size 268435456 --port 8881 --filename /tmp/eucycles/data_file --bufsize 50mb --method "match; func=lambda v: v - 48 < 2; sztype=BEFORE"

2018-07-03 02:26:02,923 | server           | INFO     | PID=9767 | [bufsize: 52428800 bytes] [zerocopy: False]
2018-07-03 02:26:02,937 | methods.match    | INFO     | PID=9767 | [method: methods.match]
2018-07-03 02:26:02,938 | methods.match    | INFO     | PID=9767 | [method parameters: {'sztype': 'BEFORE', 'func': 'lambda v: v - 48 < 2', 'mpws': '50MB'}]
2018-07-03 02:26:02,958 | methods.match    | INFO     | PID=9767 | Start 1 process to handle data filtering
2018-07-03 02:26:02,958 | server           | INFO     | PID=9767 | Ready to send 268435456 bytes using data file size of 1073741824 bytes
2018-07-03 02:26:02,958 | server           | INFO     | PID=9767 | Listening socket bound to port 8881
2018-07-03 02:26:07,515 | server           | INFO     | PID=9767 | Accepted incoming connection ('10.10.1.1', 36400) from client. Sending data ...
2018-07-03 02:26:53,454 | server           | INFO     | PID=9767 | [SUMMARY] [Sent: 53683993 bytes] [Read: 53683993 bytes (19.999% of 268435456 raw bytes)] [Duration: 45.93859505653381 seconds] [Bitrate: 9348826.264091777 bit/s]
2018-07-03 02:26:53,454 | server           | INFO     | PID=9767 | Resources closed, now exiting

 Performance counter stats for 'CPU(s) 1-2':

     101236.823522      task-clock (msec)         #    2.000 CPUs utilized            (100.00%)
             4,457      context-switches          #    0.044 K/sec                    (100.00%)
                 1      cpu-migrations            #    0.000 K/sec                    (100.00%)
            21,122      page-faults               #    0.209 K/sec                  
   115,475,845,766      cycles                    #    1.141 GHz                      (100.00%)
   <not supported>      stalled-cycles-frontend  
   <not supported>      stalled-cycles-backend   
   339,395,673,959      instructions              #    2.94  insns per cycle          (100.00%)
    62,947,666,461      branches                  #  621.786 M/sec                    (100.00%)
        87,752,087      branch-misses             #    0.14% of all branches        

      50.622997870 seconds time elapsed