LC_NUMERIC=en_US.UTF8 perf stat -B -C 1-2 taskset -c 2 /tmp/eucycles/pyben-nio/src/run --server start --bind 10.10.1.2 --size 357913942 --port 8881 --filename /tmp/eucycles/data_file --bufsize 50mb --method "match; func=lambda v: v - 48 < 7; sztype=BEFORE"

2018-07-03 05:59:03,196 | server           | INFO     | PID=27636 | [bufsize: 52428800 bytes] [zerocopy: False]
2018-07-03 05:59:03,210 | methods.match    | INFO     | PID=27636 | [method: methods.match]
2018-07-03 05:59:03,211 | methods.match    | INFO     | PID=27636 | [method parameters: {'sztype': 'BEFORE', 'mpws': '50MB', 'func': 'lambda v: v - 48 < 7'}]
2018-07-03 05:59:03,231 | methods.match    | INFO     | PID=27636 | Start 1 process to handle data filtering
2018-07-03 05:59:03,231 | server           | INFO     | PID=27636 | Ready to send 357913942 bytes using data file size of 1073741824 bytes
2018-07-03 05:59:03,231 | server           | INFO     | PID=27636 | Listening socket bound to port 8881
2018-07-03 05:59:10,222 | server           | INFO     | PID=27636 | Accepted incoming connection ('10.10.1.1', 34611) from client. Sending data ...
2018-07-03 06:00:40,359 | server           | INFO     | PID=27636 | [SUMMARY] [Sent: 250547879 bytes] [Read: 250547879 bytes (70.002% of 357913942 raw bytes)] [Duration: 90.13675904273987 seconds] [Bitrate: 22237132.256437 bit/s]
2018-07-03 06:00:40,359 | server           | INFO     | PID=27636 | Resources closed, now exiting

 Performance counter stats for 'CPU(s) 1-2':

     194581.882930      task-clock (msec)         #    2.000 CPUs utilized            (100.00%)
             6,486      context-switches          #    0.033 K/sec                    (100.00%)
                 1      cpu-migrations            #    0.000 K/sec                    (100.00%)
            77,292      page-faults               #    0.397 K/sec                  
   218,245,595,893      cycles                    #    1.122 GHz                      (100.00%)
   <not supported>      stalled-cycles-frontend  
   <not supported>      stalled-cycles-backend   
   610,349,492,552      instructions              #    2.80  insns per cycle          (100.00%)
   116,530,202,619      branches                  #  598.875 M/sec                    (100.00%)
       158,954,241      branch-misses             #    0.14% of all branches        

      97.297068130 seconds time elapsed