LC_NUMERIC=en_US.UTF8 perf stat -B -C 1-2 taskset -c 2 /tmp/eucycles/pyben-nio/src/run --server start --bind 10.10.1.8 --size 134217728 --port 8881 --filename /tmp/eucycles/data_file --bufsize 50mb --method "match; func=lambda v: v - 48 < 5; sztype=BEFORE"

2018-07-03 04:28:45,544 | server           | INFO     | PID=12575 | [bufsize: 52428800 bytes] [zerocopy: False]
2018-07-03 04:28:45,557 | methods.match    | INFO     | PID=12575 | [method: methods.match]
2018-07-03 04:28:45,558 | methods.match    | INFO     | PID=12575 | [method parameters: {'func': 'lambda v: v - 48 < 5', 'sztype': 'BEFORE', 'mpws': '50MB'}]
2018-07-03 04:28:45,578 | methods.match    | INFO     | PID=12575 | Start 1 process to handle data filtering
2018-07-03 04:28:45,578 | server           | INFO     | PID=12575 | Ready to send 134217728 bytes using data file size of 1073741824 bytes
2018-07-03 04:28:45,578 | server           | INFO     | PID=12575 | Listening socket bound to port 8881
2018-07-03 04:28:51,392 | server           | INFO     | PID=12575 | Accepted incoming connection ('10.10.1.1', 39343) from client. Sending data ...
2018-07-03 04:29:22,455 | server           | INFO     | PID=12575 | [SUMMARY] [Sent: 67109270 bytes] [Read: 67109270 bytes (50.000% of 134217728 raw bytes)] [Duration: 31.06244707107544 seconds] [Bitrate: 17283704.621582232 bit/s]
2018-07-03 04:29:22,455 | server           | INFO     | PID=12575 | Resources closed, now exiting

 Performance counter stats for 'CPU(s) 1-2':

      74095.364355      task-clock (msec)         #    2.000 CPUs utilized            (100.00%)
             2,666      context-switches          #    0.036 K/sec                    (100.00%)
                 1      cpu-migrations            #    0.000 K/sec                    (100.00%)
            28,833      page-faults               #    0.389 K/sec                  
    72,662,724,154      cycles                    #    0.981 GHz                      (100.00%)
   <not supported>      stalled-cycles-frontend  
   <not supported>      stalled-cycles-backend   
   202,909,429,758      instructions              #    2.79  insns per cycle          (100.00%)
    38,127,127,365      branches                  #  514.568 M/sec                    (100.00%)
        85,123,938      branch-misses             #    0.22% of all branches        

      37.049103719 seconds time elapsed