LC_NUMERIC=en_US.UTF8 perf stat -B -C 1-2 taskset -c 2 /tmp/eucycles/pyben-nio/src/run --server start --bind 10.10.1.2 --size 357913942 --port 8881 --filename /tmp/eucycles/data_file --bufsize 50mb --method "match; func=lambda v: v - 48 < 2; sztype=BEFORE"

2018-07-03 02:10:55,443 | server           | INFO     | PID=11095 | [bufsize: 52428800 bytes] [zerocopy: False]
2018-07-03 02:10:55,457 | methods.match    | INFO     | PID=11095 | [method: methods.match]
2018-07-03 02:10:55,457 | methods.match    | INFO     | PID=11095 | [method parameters: {'mpws': '50MB', 'func': 'lambda v: v - 48 < 2', 'sztype': 'BEFORE'}]
2018-07-03 02:10:55,478 | methods.match    | INFO     | PID=11095 | Start 1 process to handle data filtering
2018-07-03 02:10:55,478 | server           | INFO     | PID=11095 | Ready to send 357913942 bytes using data file size of 1073741824 bytes
2018-07-03 02:10:55,478 | server           | INFO     | PID=11095 | Listening socket bound to port 8881
2018-07-03 02:11:02,392 | server           | INFO     | PID=11095 | Accepted incoming connection ('10.10.1.1', 48813) from client. Sending data ...
2018-07-03 02:12:03,269 | server           | INFO     | PID=11095 | [SUMMARY] [Sent: 71583076 bytes] [Read: 71583076 bytes (20.000% of 357913942 raw bytes)] [Duration: 60.876912117004395 seconds] [Bitrate: 9406926.009968251 bit/s]
2018-07-03 02:12:03,269 | server           | INFO     | PID=11095 | Resources closed, now exiting

 Performance counter stats for 'CPU(s) 1-2':

     135912.963957      task-clock (msec)         #    2.000 CPUs utilized            (100.00%)
             6,111      context-switches          #    0.045 K/sec                    (100.00%)
                 1      cpu-migrations            #    0.000 K/sec                    (100.00%)
            21,143      page-faults               #    0.156 K/sec                  
   153,772,099,431      cycles                    #    1.131 GHz                      (100.00%)
   <not supported>      stalled-cycles-frontend  
   <not supported>      stalled-cycles-backend   
   452,424,713,714      instructions              #    2.94  insns per cycle          (100.00%)
    83,908,320,925      branches                  #  617.368 M/sec                    (100.00%)
       116,032,863      branch-misses             #    0.14% of all branches        

      67.960709036 seconds time elapsed