LC_NUMERIC=en_US.UTF8 perf stat -B -C 1-2 taskset -c 2 /tmp/eucycles/pyben-nio/src/run --server start --bind 10.10.1.4 --size 214748365 --port 8881 --filename /tmp/eucycles/data_file --bufsize 50mb --method "match; func=lambda v: v - 48 < 7; sztype=BEFORE"

2018-07-04 19:33:24,726 | server           | INFO     | PID=6109 | [bufsize: 52428800 bytes] [zerocopy: False]
2018-07-04 19:33:24,740 | methods.match    | INFO     | PID=6109 | [method: methods.match]
2018-07-04 19:33:24,740 | methods.match    | INFO     | PID=6109 | [method parameters: {'func': 'lambda v: v - 48 < 7', 'mpws': '50MB', 'sztype': 'BEFORE'}]
2018-07-04 19:33:24,761 | methods.match    | INFO     | PID=6109 | Start 1 process to handle data filtering
2018-07-04 19:33:24,761 | server           | INFO     | PID=6109 | Ready to send 214748365 bytes using data file size of 1073741824 bytes
2018-07-04 19:33:24,761 | server           | INFO     | PID=6109 | Listening socket bound to port 8881
2018-07-04 19:33:31,688 | server           | INFO     | PID=6109 | Accepted incoming connection ('10.10.1.1', 59223) from client. Sending data ...
2018-07-04 19:34:26,557 | server           | INFO     | PID=6109 | [SUMMARY] [Sent: 150316705 bytes] [Read: 150316705 bytes (69.997% of 214748365 raw bytes)] [Duration: 54.86861610412598 seconds] [Bitrate: 21916602.338172924 bit/s]
2018-07-04 19:34:26,557 | server           | INFO     | PID=6109 | Resources closed, now exiting

 Performance counter stats for 'CPU(s) 1-2':

     123931.818818      task-clock (msec)         #    2.000 CPUs utilized            (100.00%)
             4,065      context-switches          #    0.033 K/sec                    (100.00%)
                 1      cpu-migrations            #    0.000 K/sec                    (100.00%)
            89,533      page-faults               #    0.722 K/sec                  
   129,634,217,869      cycles                    #    1.046 GHz                      (100.00%)
   <not supported>      stalled-cycles-frontend  
   <not supported>      stalled-cycles-backend   
   359,795,733,016      instructions              #    2.78  insns per cycle          (100.00%)
    68,031,605,729      branches                  #  548.944 M/sec                    (100.00%)
        96,359,538      branch-misses             #    0.14% of all branches        

      61.966357262 seconds time elapsed