LC_NUMERIC=en_US.UTF8 perf stat -B -C 1-2 taskset -c 2 /tmp/eucycles/pyben-nio/src/run --server start --bind 10.10.1.4 --size 153391689 --port 8881 --filename /tmp/eucycles/data_file --bufsize 50mb --method "match; func=lambda v: v - 48 < 5; sztype=BEFORE"

2018-07-03 04:43:13,275 | server           | INFO     | PID=18954 | [bufsize: 52428800 bytes] [zerocopy: False]
2018-07-03 04:43:13,290 | methods.match    | INFO     | PID=18954 | [method: methods.match]
2018-07-03 04:43:13,290 | methods.match    | INFO     | PID=18954 | [method parameters: {'sztype': 'BEFORE', 'mpws': '50MB', 'func': 'lambda v: v - 48 < 5'}]
2018-07-03 04:43:13,310 | methods.match    | INFO     | PID=18954 | Start 1 process to handle data filtering
2018-07-03 04:43:13,311 | server           | INFO     | PID=18954 | Ready to send 153391689 bytes using data file size of 1073741824 bytes
2018-07-03 04:43:13,311 | server           | INFO     | PID=18954 | Listening socket bound to port 8881
2018-07-03 04:43:22,748 | server           | INFO     | PID=18954 | Accepted incoming connection ('10.10.1.1', 53823) from client. Sending data ...
2018-07-03 04:43:56,238 | server           | INFO     | PID=18954 | [SUMMARY] [Sent: 76682448 bytes] [Read: 76682448 bytes (49.991% of 153391689 raw bytes)] [Duration: 33.49012613296509 seconds] [Bitrate: 18317625.367082685 bit/s]
2018-07-03 04:43:56,238 | server           | INFO     | PID=18954 | Resources closed, now exiting

 Performance counter stats for 'CPU(s) 1-2':

      86200.651162      task-clock (msec)         #    2.000 CPUs utilized            (100.00%)
             2,959      context-switches          #    0.034 K/sec                    (100.00%)
                 1      cpu-migrations            #    0.000 K/sec                    (100.00%)
            28,838      page-faults               #    0.335 K/sec                  
    82,390,875,388      cycles                    #    0.956 GHz                      (100.00%)
   <not supported>      stalled-cycles-frontend  
   <not supported>      stalled-cycles-backend   
   231,830,301,048      instructions              #    2.81  insns per cycle          (100.00%)
    43,560,316,033      branches                  #  505.336 M/sec                    (100.00%)
        96,935,427      branch-misses             #    0.22% of all branches        

      43.100586913 seconds time elapsed