LC_NUMERIC=en_US.UTF8 perf stat -B -C 1-2 taskset -c 2 /tmp/eucycles/pyben-nio/src/run --server start --bind 10.10.1.2 --size 357913942 --port 8881 --filename /tmp/eucycles/data_file --bufsize 50mb --method "match; func=lambda v: v - 48 < 8; sztype=BEFORE"

2018-07-03 06:51:13,351 | server           | INFO     | PID=31134 | [bufsize: 52428800 bytes] [zerocopy: False]
2018-07-03 06:51:13,365 | methods.match    | INFO     | PID=31134 | [method: methods.match]
2018-07-03 06:51:13,365 | methods.match    | INFO     | PID=31134 | [method parameters: {'sztype': 'BEFORE', 'mpws': '50MB', 'func': 'lambda v: v - 48 < 8'}]
2018-07-03 06:51:13,386 | methods.match    | INFO     | PID=31134 | Start 1 process to handle data filtering
2018-07-03 06:51:13,386 | server           | INFO     | PID=31134 | Ready to send 357913942 bytes using data file size of 1073741824 bytes
2018-07-03 06:51:13,386 | server           | INFO     | PID=31134 | Listening socket bound to port 8881
2018-07-03 06:51:20,231 | server           | INFO     | PID=31134 | Accepted incoming connection ('10.10.1.1', 35054) from client. Sending data ...
2018-07-03 06:52:50,432 | server           | INFO     | PID=31134 | [SUMMARY] [Sent: 286337390 bytes] [Read: 286337390 bytes (80.002% of 357913942 raw bytes)] [Duration: 90.20059514045715 seconds] [Bitrate: 25395609.823117074 bit/s]
2018-07-03 06:52:50,432 | server           | INFO     | PID=31134 | Resources closed, now exiting

 Performance counter stats for 'CPU(s) 1-2':

     194418.625371      task-clock (msec)         #    2.000 CPUs utilized            (100.00%)
             6,452      context-switches          #    0.033 K/sec                    (100.00%)
                 1      cpu-migrations            #    0.000 K/sec                    (100.00%)
            86,022      page-faults               #    0.442 K/sec                  
   221,770,172,056      cycles                    #    1.141 GHz                      (100.00%)
   <not supported>      stalled-cycles-frontend  
   <not supported>      stalled-cycles-backend   
   628,595,593,143      instructions              #    2.83  insns per cycle          (100.00%)
   119,183,627,912      branches                  #  613.026 M/sec                    (100.00%)
       117,492,401      branch-misses             #    0.10% of all branches        

      97.215434277 seconds time elapsed