LC_NUMERIC=en_US.UTF8 perf stat -B -C 1-2 taskset -c 2 /tmp/eucycles/pyben-nio/src/run --server start --bind 10.10.1.6 --size 134217728 --port 8881 --filename /tmp/eucycles/data_file --bufsize 50mb --method "match; func=lambda v: v - 48 < 8; sztype=BEFORE"

2018-07-04 19:55:58,131 | server           | INFO     | PID=28824 | [bufsize: 52428800 bytes] [zerocopy: False]
2018-07-04 19:55:58,145 | methods.match    | INFO     | PID=28824 | [method: methods.match]
2018-07-04 19:55:58,146 | methods.match    | INFO     | PID=28824 | [method parameters: {'func': 'lambda v: v - 48 < 8', 'sztype': 'BEFORE', 'mpws': '50MB'}]
2018-07-04 19:55:58,166 | methods.match    | INFO     | PID=28824 | Start 1 process to handle data filtering
2018-07-04 19:55:58,166 | server           | INFO     | PID=28824 | Ready to send 134217728 bytes using data file size of 1073741824 bytes
2018-07-04 19:55:58,166 | server           | INFO     | PID=28824 | Listening socket bound to port 8881
2018-07-04 19:56:06,564 | server           | INFO     | PID=28824 | Accepted incoming connection ('10.10.1.1', 47180) from client. Sending data ...
2018-07-04 19:56:45,961 | server           | INFO     | PID=28824 | [SUMMARY] [Sent: 107372805 bytes] [Read: 107372805 bytes (79.999% of 134217728 raw bytes)] [Duration: 39.39702606201172 seconds] [Bitrate: 21803230.49379271 bit/s]
2018-07-04 19:56:45,961 | server           | INFO     | PID=28824 | Resources closed, now exiting

 Performance counter stats for 'CPU(s) 1-2':

      95928.647688      task-clock (msec)         #    2.000 CPUs utilized            (100.00%)
             2,748      context-switches          #    0.029 K/sec                    (100.00%)
                 1      cpu-migrations            #    0.000 K/sec                    (100.00%)
            68,551      page-faults               #    0.715 K/sec                  
    98,925,883,630      cycles                    #    1.031 GHz                      (100.00%)
   <not supported>      stalled-cycles-frontend  
   <not supported>      stalled-cycles-backend   
   241,530,492,173      instructions              #    2.44  insns per cycle          (100.00%)
    46,265,633,593      branches                  #  482.292 M/sec                    (100.00%)
        45,804,829      branch-misses             #    0.10% of all branches        

      47.964313142 seconds time elapsed