LC_NUMERIC=en_US.UTF8 perf stat -B -C 1-2 taskset -c 2 /tmp/eucycles/pyben-nio/src/run --server start --bind 10.10.1.2 --size 1073741824 --port 8881 --filename /tmp/eucycles/data_file --bufsize 50mb --method "match; func=lambda v: v - 48 < 3; sztype=BEFORE"

2018-07-03 03:00:04,741 | server           | INFO     | PID=15142 | [bufsize: 52428800 bytes] [zerocopy: False]
2018-07-03 03:00:04,755 | methods.match    | INFO     | PID=15142 | [method: methods.match]
2018-07-03 03:00:04,756 | methods.match    | INFO     | PID=15142 | [method parameters: {'sztype': 'BEFORE', 'mpws': '50MB', 'func': 'lambda v: v - 48 < 3'}]
2018-07-03 03:00:04,776 | methods.match    | INFO     | PID=15142 | Start 1 process to handle data filtering
2018-07-03 03:00:04,776 | server           | INFO     | PID=15142 | Ready to send 1073741824 bytes using data file size of 1073741824 bytes
2018-07-03 03:00:04,776 | server           | INFO     | PID=15142 | Listening socket bound to port 8881
2018-07-03 03:00:09,152 | server           | INFO     | PID=15142 | Accepted incoming connection ('10.10.1.1', 39256) from client. Sending data ...
2018-07-03 03:03:31,955 | server           | INFO     | PID=15142 | [SUMMARY] [Sent: 322140993 bytes] [Read: 322140993 bytes (30.002% of 1073741824 raw bytes)] [Duration: 202.8031449317932 seconds] [Bitrate: 12707534.416523669 bit/s]
2018-07-03 03:03:31,955 | server           | INFO     | PID=15142 | Resources closed, now exiting

 Performance counter stats for 'CPU(s) 1-2':

     414672.272061      task-clock (msec)         #    2.000 CPUs utilized            (100.00%)
            17,662      context-switches          #    0.043 K/sec                    (100.00%)
                 1      cpu-migrations            #    0.000 K/sec                    (100.00%)
            23,708      page-faults               #    0.057 K/sec                  
   510,483,403,229      cycles                    #    1.231 GHz                      (100.00%)
   <not supported>      stalled-cycles-frontend  
   <not supported>      stalled-cycles-backend   
 1,477,870,360,417      instructions              #    2.90  insns per cycle          (100.00%)
   278,863,231,478      branches                  #  672.491 M/sec                    (100.00%)
       464,012,256      branch-misses             #    0.17% of all branches        

     207.349383604 seconds time elapsed