LC_NUMERIC=en_US.UTF8 perf stat -B -C 1-2 taskset -c 2 /tmp/eucycles/pyben-nio/src/run --server start --bind 10.10.1.2 --size 178956971 --port 8881 --filename /tmp/eucycles/data_file --bufsize 50mb --method "match; func=lambda v: v - 48 < 6; sztype=BEFORE"

2018-07-03 05:14:05,591 | server           | INFO     | PID=24691 | [bufsize: 52428800 bytes] [zerocopy: False]
2018-07-03 05:14:05,605 | methods.match    | INFO     | PID=24691 | [method: methods.match]
2018-07-03 05:14:05,605 | methods.match    | INFO     | PID=24691 | [method parameters: {'sztype': 'BEFORE', 'func': 'lambda v: v - 48 < 6', 'mpws': '50MB'}]
2018-07-03 05:14:05,625 | methods.match    | INFO     | PID=24691 | Start 1 process to handle data filtering
2018-07-03 05:14:05,626 | server           | INFO     | PID=24691 | Ready to send 178956971 bytes using data file size of 1073741824 bytes
2018-07-03 05:14:05,626 | server           | INFO     | PID=24691 | Listening socket bound to port 8881
2018-07-03 05:14:16,313 | server           | INFO     | PID=24691 | Accepted incoming connection ('10.10.1.1', 52884) from client. Sending data ...
2018-07-03 05:15:00,114 | server           | INFO     | PID=24691 | [SUMMARY] [Sent: 107378114 bytes] [Read: 107378114 bytes (60.002% of 178956971 raw bytes)] [Duration: 43.80119180679321 seconds] [Bitrate: 19611907.26930796 bit/s]
2018-07-03 05:15:00,115 | server           | INFO     | PID=24691 | Resources closed, now exiting

 Performance counter stats for 'CPU(s) 1-2':

     109308.043087      task-clock (msec)         #    2.000 CPUs utilized            (100.00%)
             3,451      context-switches          #    0.032 K/sec                    (100.00%)
                 1      cpu-migrations            #    0.000 K/sec                    (100.00%)
            42,337      page-faults               #    0.387 K/sec                  
   105,938,928,090      cycles                    #    0.969 GHz                      (100.00%)
   <not supported>      stalled-cycles-frontend  
   <not supported>      stalled-cycles-backend   
   293,180,812,426      instructions              #    2.77  insns per cycle          (100.00%)
    55,902,073,546      branches                  #  511.418 M/sec                    (100.00%)
       102,574,093      branch-misses             #    0.18% of all branches        

      54.657387267 seconds time elapsed