LC_NUMERIC=en_US.UTF8 perf stat -B -C 1-2 taskset -c 2 /tmp/eucycles/pyben-nio/src/run --server start --bind 10.10.1.3 --size 536870912 --port 8881 --filename /tmp/eucycles/data_file --bufsize 50mb --method "match; func=lambda v: v - 48 < 5; sztype=BEFORE"

2018-07-04 17:14:15,652 | server           | INFO     | PID=3220 | [bufsize: 52428800 bytes] [zerocopy: False]
2018-07-04 17:14:15,666 | methods.match    | INFO     | PID=3220 | [method: methods.match]
2018-07-04 17:14:15,666 | methods.match    | INFO     | PID=3220 | [method parameters: {'mpws': '50MB', 'func': 'lambda v: v - 48 < 5', 'sztype': 'BEFORE'}]
2018-07-04 17:14:15,687 | methods.match    | INFO     | PID=3220 | Start 1 process to handle data filtering
2018-07-04 17:14:15,687 | server           | INFO     | PID=3220 | Ready to send 536870912 bytes using data file size of 1073741824 bytes
2018-07-04 17:14:15,687 | server           | INFO     | PID=3220 | Listening socket bound to port 8881
2018-07-04 17:14:20,087 | server           | INFO     | PID=3220 | Accepted incoming connection ('10.10.1.1', 45855) from client. Sending data ...
2018-07-04 17:16:16,629 | server           | INFO     | PID=3220 | [SUMMARY] [Sent: 268425977 bytes] [Read: 268425977 bytes (49.998% of 536870912 raw bytes)] [Duration: 116.5421211719513 seconds] [Bitrate: 18426023.09281484 bit/s]
2018-07-04 17:16:16,629 | server           | INFO     | PID=3220 | Resources closed, now exiting

 Performance counter stats for 'CPU(s) 1-2':

     242121.872101      task-clock (msec)         #    2.000 CPUs utilized            (100.00%)
             8,890      context-switches          #    0.037 K/sec                    (100.00%)
                 1      cpu-migrations            #    0.000 K/sec                    (100.00%)
            41,606      page-faults               #    0.172 K/sec                  
   291,991,960,114      cycles                    #    1.206 GHz                      (100.00%)
   <not supported>      stalled-cycles-frontend  
   <not supported>      stalled-cycles-backend   
   827,170,407,268      instructions              #    2.83  insns per cycle          (100.00%)
   157,099,082,832      branches                  #  648.843 M/sec                    (100.00%)
       332,530,911      branch-misses             #    0.21% of all branches        

     121.071279972 seconds time elapsed