LC_NUMERIC=en_US.UTF8 perf stat -B -C 1-2 taskset -c 2 /tmp/eucycles/pyben-nio/src/run --server start --bind 10.10.1.3 --size 268435456 --port 8881 --filename /tmp/eucycles/data_file --bufsize 50mb --method "match; func=lambda v: v - 48 < 2; sztype=BEFORE"

2018-07-03 02:12:36,241 | server           | INFO     | PID=10391 | [bufsize: 52428800 bytes] [zerocopy: False]
2018-07-03 02:12:36,255 | methods.match    | INFO     | PID=10391 | [method: methods.match]
2018-07-03 02:12:36,255 | methods.match    | INFO     | PID=10391 | [method parameters: {'mpws': '50MB', 'func': 'lambda v: v - 48 < 2', 'sztype': 'BEFORE'}]
2018-07-03 02:12:36,275 | methods.match    | INFO     | PID=10391 | Start 1 process to handle data filtering
2018-07-03 02:12:36,276 | server           | INFO     | PID=10391 | Ready to send 268435456 bytes using data file size of 1073741824 bytes
2018-07-03 02:12:36,276 | server           | INFO     | PID=10391 | Listening socket bound to port 8881
2018-07-03 02:12:43,218 | server           | INFO     | PID=10391 | Accepted incoming connection ('10.10.1.1', 52177) from client. Sending data ...
2018-07-03 02:13:30,615 | server           | INFO     | PID=10391 | [SUMMARY] [Sent: 53683647 bytes] [Read: 53683647 bytes (19.999% of 268435456 raw bytes)] [Duration: 47.39632797241211 seconds] [Bitrate: 9061233.103331978 bit/s]
2018-07-03 02:13:30,615 | server           | INFO     | PID=10391 | Resources closed, now exiting

 Performance counter stats for 'CPU(s) 1-2':

     109009.577180      task-clock (msec)         #    2.000 CPUs utilized            (100.00%)
             4,720      context-switches          #    0.043 K/sec                    (100.00%)
                 1      cpu-migrations            #    0.000 K/sec                    (100.00%)
            21,210      page-faults               #    0.195 K/sec                  
   118,422,264,381      cycles                    #    1.086 GHz                      (100.00%)
   <not supported>      stalled-cycles-frontend  
   <not supported>      stalled-cycles-backend   
   347,729,208,198      instructions              #    2.94  insns per cycle          (100.00%)
    65,366,508,823      branches                  #  599.640 M/sec                    (100.00%)
        87,848,582      branch-misses             #    0.13% of all branches        

      54.509351720 seconds time elapsed