LC_NUMERIC=en_US.UTF8 perf stat -B -C 1-2 taskset -c 2 /tmp/eucycles/pyben-nio/src/run --server start --bind 10.10.1.8 --size 134217728 --port 8881 --filename /tmp/eucycles/data_file --bufsize 50mb --method "match; func=lambda v: v - 48 < 3; sztype=BEFORE"

2018-07-04 16:08:57,904 | server           | INFO     | PID=11593 | [bufsize: 52428800 bytes] [zerocopy: False]
2018-07-04 16:08:57,917 | methods.match    | INFO     | PID=11593 | [method: methods.match]
2018-07-04 16:08:57,918 | methods.match    | INFO     | PID=11593 | [method parameters: {'func': 'lambda v: v - 48 < 3', 'mpws': '50MB', 'sztype': 'BEFORE'}]
2018-07-04 16:08:57,938 | methods.match    | INFO     | PID=11593 | Start 1 process to handle data filtering
2018-07-04 16:08:57,938 | server           | INFO     | PID=11593 | Ready to send 134217728 bytes using data file size of 1073741824 bytes
2018-07-04 16:08:57,938 | server           | INFO     | PID=11593 | Listening socket bound to port 8881
2018-07-04 16:09:03,820 | server           | INFO     | PID=11593 | Accepted incoming connection ('10.10.1.1', 57344) from client. Sending data ...
2018-07-04 16:09:29,838 | server           | INFO     | PID=11593 | [SUMMARY] [Sent: 40275907 bytes] [Read: 40275907 bytes (30.008% of 134217728 raw bytes)] [Duration: 26.01839590072632 seconds] [Bitrate: 12383824.784179159 bit/s]
2018-07-04 16:09:29,839 | server           | INFO     | PID=11593 | Resources closed, now exiting

 Performance counter stats for 'CPU(s) 1-2':

      64142.340663      task-clock (msec)         #    2.000 CPUs utilized            (100.00%)
             2,633      context-switches          #    0.041 K/sec                    (100.00%)
                 1      cpu-migrations            #    0.000 K/sec                    (100.00%)
            31,658      page-faults               #    0.494 K/sec                  
    63,137,942,473      cycles                    #    0.984 GHz                      (100.00%)
   <not supported>      stalled-cycles-frontend  
   <not supported>      stalled-cycles-backend   
   180,928,503,317      instructions              #    2.87  insns per cycle          (100.00%)
    33,724,292,963      branches                  #  525.773 M/sec                    (100.00%)
        60,274,705      branch-misses             #    0.18% of all branches        

      32.072379021 seconds time elapsed