LC_NUMERIC=en_US.UTF8 perf stat -B -C 1-2 taskset -c 2 /tmp/eucycles/pyben-nio/src/run --server start --bind 10.10.1.6 --size 134217728 --port 8881 --filename /tmp/eucycles/data_file --bufsize 50mb --method "match; func=lambda v: v - 48 < 6; sztype=BEFORE"

2018-07-04 18:12:51,257 | server           | INFO     | PID=24478 | [bufsize: 52428800 bytes] [zerocopy: False]
2018-07-04 18:12:51,271 | methods.match    | INFO     | PID=24478 | [method: methods.match]
2018-07-04 18:12:51,272 | methods.match    | INFO     | PID=24478 | [method parameters: {'func': 'lambda v: v - 48 < 6', 'mpws': '50MB', 'sztype': 'BEFORE'}]
2018-07-04 18:12:51,292 | methods.match    | INFO     | PID=24478 | Start 1 process to handle data filtering
2018-07-04 18:12:51,292 | server           | INFO     | PID=24478 | Ready to send 134217728 bytes using data file size of 1073741824 bytes
2018-07-04 18:12:51,292 | server           | INFO     | PID=24478 | Listening socket bound to port 8881
2018-07-04 18:12:59,635 | server           | INFO     | PID=24478 | Accepted incoming connection ('10.10.1.1', 44821) from client. Sending data ...
2018-07-04 18:13:33,117 | server           | INFO     | PID=24478 | [SUMMARY] [Sent: 80530239 bytes] [Read: 80530239 bytes (60.000% of 134217728 raw bytes)] [Duration: 33.481882095336914 seconds] [Bitrate: 19241508.292920154 bit/s]
2018-07-04 18:13:33,117 | server           | INFO     | PID=24478 | Resources closed, now exiting

 Performance counter stats for 'CPU(s) 1-2':

      83989.014753      task-clock (msec)         #    2.000 CPUs utilized            (100.00%)
             2,682      context-switches          #    0.032 K/sec                    (100.00%)
                 1      cpu-migrations            #    0.000 K/sec                    (100.00%)
            47,980      page-faults               #    0.571 K/sec                  
    95,610,634,684      cycles                    #    1.138 GHz                      (100.00%)
   <not supported>      stalled-cycles-frontend  
   <not supported>      stalled-cycles-backend   
   222,709,284,260      instructions              #    2.33  insns per cycle          (100.00%)
    42,690,633,310      branches                  #  508.288 M/sec                    (100.00%)
        77,600,009      branch-misses             #    0.18% of all branches        

      41.994478543 seconds time elapsed