LC_NUMERIC=en_US.UTF8 perf stat -B -C 1-2 taskset -c 2 /tmp/eucycles/pyben-nio/src/run --server start --bind 10.10.1.6 --size 178956970 --port 8881 --filename /tmp/eucycles/data_file --bufsize 50mb --method "match; func=lambda v: v - 48 < 9; sztype=BEFORE"

2018-07-03 08:10:11,436 | server           | INFO     | PID=3764 | [bufsize: 52428800 bytes] [zerocopy: False]
2018-07-03 08:10:11,450 | methods.match    | INFO     | PID=3764 | [method: methods.match]
2018-07-03 08:10:11,450 | methods.match    | INFO     | PID=3764 | [method parameters: {'sztype': 'BEFORE', 'func': 'lambda v: v - 48 < 9', 'mpws': '50MB'}]
2018-07-03 08:10:11,470 | methods.match    | INFO     | PID=3764 | Start 1 process to handle data filtering
2018-07-03 08:10:11,471 | server           | INFO     | PID=3764 | Ready to send 178956970 bytes using data file size of 1073741824 bytes
2018-07-03 08:10:11,471 | server           | INFO     | PID=3764 | Listening socket bound to port 8881
2018-07-03 08:10:17,289 | server           | INFO     | PID=3764 | Accepted incoming connection ('10.10.1.1', 42380) from client. Sending data ...
2018-07-03 08:11:09,257 | server           | INFO     | PID=3764 | [SUMMARY] [Sent: 161058644 bytes] [Read: 161058644 bytes (89.999% of 178956970 raw bytes)] [Duration: 51.96816086769104 seconds] [Bitrate: 24793433.719549812 bit/s]
2018-07-03 08:11:09,258 | server           | INFO     | PID=3764 | Resources closed, now exiting

 Performance counter stats for 'CPU(s) 1-2':

     115912.461570      task-clock (msec)         #    2.000 CPUs utilized            (100.00%)
             3,538      context-switches          #    0.031 K/sec                    (100.00%)
                 1      cpu-migrations            #    0.000 K/sec                    (100.00%)
            55,435      page-faults               #    0.478 K/sec                  
   138,345,236,936      cycles                    #    1.194 GHz                      (100.00%)
   <not supported>      stalled-cycles-frontend  
   <not supported>      stalled-cycles-backend   
   339,455,416,077      instructions              #    2.45  insns per cycle          (100.00%)
    65,368,927,767      branches                  #  563.951 M/sec                    (100.00%)
        39,504,098      branch-misses             #    0.06% of all branches        

      57.956253484 seconds time elapsed