LC_NUMERIC=en_US.UTF8 perf stat -B -C 1-2 taskset -c 2 /tmp/eucycles/pyben-nio/src/run --server start --bind 10.10.1.3 --size 178956971 --port 8881 --filename /tmp/eucycles/data_file --bufsize 50mb --method "match; func=lambda v: v - 48 < 1; sztype=BEFORE"

2018-07-03 02:01:52,997 | server           | INFO     | PID=9666 | [bufsize: 52428800 bytes] [zerocopy: False]
2018-07-03 02:01:53,011 | methods.match    | INFO     | PID=9666 | [method: methods.match]
2018-07-03 02:01:53,011 | methods.match    | INFO     | PID=9666 | [method parameters: {'sztype': 'BEFORE', 'mpws': '50MB', 'func': 'lambda v: v - 48 < 1'}]
2018-07-03 02:01:53,032 | methods.match    | INFO     | PID=9666 | Start 1 process to handle data filtering
2018-07-03 02:01:53,032 | server           | INFO     | PID=9666 | Ready to send 178956971 bytes using data file size of 1073741824 bytes
2018-07-03 02:01:53,032 | server           | INFO     | PID=9666 | Listening socket bound to port 8881
2018-07-03 02:02:02,567 | server           | INFO     | PID=9666 | Accepted incoming connection ('10.10.1.1', 60347) from client. Sending data ...
2018-07-03 02:02:30,335 | server           | INFO     | PID=9666 | [SUMMARY] [Sent: 17892712 bytes] [Read: 17892712 bytes (9.998% of 178956971 raw bytes)] [Duration: 27.767669916152954 seconds] [Bitrate: 5154976.864541735 bit/s]
2018-07-03 02:02:30,335 | server           | INFO     | PID=9666 | Resources closed, now exiting

 Performance counter stats for 'CPU(s) 1-2':

      74942.342653      task-clock (msec)         #    2.000 CPUs utilized            (100.00%)
             3,286      context-switches          #    0.044 K/sec                    (100.00%)
                 1      cpu-migrations            #    0.000 K/sec                    (100.00%)
            18,596      page-faults               #    0.248 K/sec                  
    70,385,686,244      cycles                    #    0.939 GHz                      (100.00%)
   <not supported>      stalled-cycles-frontend  
   <not supported>      stalled-cycles-backend   
   211,718,307,882      instructions              #    3.01  insns per cycle          (100.00%)
    39,054,715,575      branches                  #  521.130 M/sec                    (100.00%)
        38,802,764      branch-misses             #    0.10% of all branches        

      37.474255889 seconds time elapsed