LC_NUMERIC=en_US.UTF8 perf stat -B -C 1-2 taskset -c 2 /tmp/eucycles/pyben-nio/src/run --server start --bind 10.10.1.2 --size 153391690 --port 8881 --filename /tmp/eucycles/data_file --bufsize 50mb --method "match; func=lambda v: v - 48 < 3; sztype=BEFORE"

2018-07-03 03:26:04,529 | server           | INFO     | PID=17054 | [bufsize: 52428800 bytes] [zerocopy: False]
2018-07-03 03:26:04,544 | methods.match    | INFO     | PID=17054 | [method: methods.match]
2018-07-03 03:26:04,544 | methods.match    | INFO     | PID=17054 | [method parameters: {'sztype': 'BEFORE', 'func': 'lambda v: v - 48 < 3', 'mpws': '50MB'}]
2018-07-03 03:26:04,564 | methods.match    | INFO     | PID=17054 | Start 1 process to handle data filtering
2018-07-03 03:26:04,565 | server           | INFO     | PID=17054 | Ready to send 153391690 bytes using data file size of 1073741824 bytes
2018-07-03 03:26:04,565 | server           | INFO     | PID=17054 | Listening socket bound to port 8881
2018-07-03 03:26:16,433 | server           | INFO     | PID=17054 | Accepted incoming connection ('10.10.1.1', 55222) from client. Sending data ...
2018-07-03 03:26:46,988 | server           | INFO     | PID=17054 | [SUMMARY] [Sent: 46018637 bytes] [Read: 46018637 bytes (30.001% of 153391690 raw bytes)] [Duration: 30.554203033447266 seconds] [Bitrate: 12049049.212541798 bit/s]
2018-07-03 03:26:46,988 | server           | INFO     | PID=17054 | Resources closed, now exiting

 Performance counter stats for 'CPU(s) 1-2':

      85180.927486      task-clock (msec)         #    2.000 CPUs utilized            (100.00%)
             2,950      context-switches          #    0.035 K/sec                    (100.00%)
                 1      cpu-migrations            #    0.000 K/sec                    (100.00%)
            23,709      page-faults               #    0.278 K/sec                  
    74,573,130,518      cycles                    #    0.875 GHz                      (100.00%)
   <not supported>      stalled-cycles-frontend  
   <not supported>      stalled-cycles-backend   
   206,690,417,406      instructions              #    2.77  insns per cycle          (100.00%)
    38,526,617,766      branches                  #  452.292 M/sec                    (100.00%)
        68,789,972      branch-misses             #    0.18% of all branches        

      42.593049663 seconds time elapsed