LC_NUMERIC=en_US.UTF8 perf stat -B -C 1-2 taskset -c 2 /tmp/eucycles/pyben-nio/src/run --server start --bind 10.10.1.2 --size 214748365 --port 8881 --filename /tmp/eucycles/data_file --bufsize 50mb --method "match; func=lambda v: v - 48 < 3; sztype=BEFORE"

2018-07-03 03:09:14,957 | server           | INFO     | PID=15716 | [bufsize: 52428800 bytes] [zerocopy: False]
2018-07-03 03:09:14,972 | methods.match    | INFO     | PID=15716 | [method: methods.match]
2018-07-03 03:09:14,972 | methods.match    | INFO     | PID=15716 | [method parameters: {'mpws': '50MB', 'sztype': 'BEFORE', 'func': 'lambda v: v - 48 < 3'}]
2018-07-03 03:09:14,992 | methods.match    | INFO     | PID=15716 | Start 1 process to handle data filtering
2018-07-03 03:09:14,992 | server           | INFO     | PID=15716 | Ready to send 214748365 bytes using data file size of 1073741824 bytes
2018-07-03 03:09:14,992 | server           | INFO     | PID=15716 | Listening socket bound to port 8881
2018-07-03 03:09:24,495 | server           | INFO     | PID=15716 | Accepted incoming connection ('10.10.1.1', 45537) from client. Sending data ...
2018-07-03 03:10:04,811 | server           | INFO     | PID=15716 | [SUMMARY] [Sent: 64425207 bytes] [Read: 64425207 bytes (30.000% of 214748365 raw bytes)] [Duration: 40.31524395942688 seconds] [Bitrate: 12784287.16737268 bit/s]
2018-07-03 03:10:04,811 | server           | INFO     | PID=15716 | Resources closed, now exiting

 Performance counter stats for 'CPU(s) 1-2':

      99969.553664      task-clock (msec)         #    2.000 CPUs utilized            (100.00%)
             3,909      context-switches          #    0.039 K/sec                    (100.00%)
                 1      cpu-migrations            #    0.000 K/sec                    (100.00%)
            23,715      page-faults               #    0.237 K/sec                  
   100,605,400,723      cycles                    #    1.006 GHz                      (100.00%)
   <not supported>      stalled-cycles-frontend  
   <not supported>      stalled-cycles-backend   
   289,208,807,320      instructions              #    2.87  insns per cycle          (100.00%)
    53,902,708,233      branches                  #  539.191 M/sec                    (100.00%)
        94,829,393      branch-misses             #    0.18% of all branches        

      49.987830965 seconds time elapsed