LC_NUMERIC=en_US.UTF8 perf stat -B -C 1-2 taskset -c 2 /tmp/eucycles/pyben-nio/src/run --server start --bind 10.10.1.2 --size 1073741824 --port 8881 --filename /tmp/eucycles/data_file --bufsize 50mb --method "match; func=lambda v: v - 48 < 8; sztype=BEFORE"

2018-07-04 19:57:24,450 | server           | INFO     | PID=20401 | [bufsize: 52428800 bytes] [zerocopy: False]
2018-07-04 19:57:24,464 | methods.match    | INFO     | PID=20401 | [method: methods.match]
2018-07-04 19:57:24,464 | methods.match    | INFO     | PID=20401 | [method parameters: {'mpws': '50MB', 'sztype': 'BEFORE', 'func': 'lambda v: v - 48 < 8'}]
2018-07-04 19:57:24,485 | methods.match    | INFO     | PID=20401 | Start 1 process to handle data filtering
2018-07-04 19:57:24,485 | server           | INFO     | PID=20401 | Ready to send 1073741824 bytes using data file size of 1073741824 bytes
2018-07-04 19:57:24,485 | server           | INFO     | PID=20401 | Listening socket bound to port 8881
2018-07-04 19:57:28,866 | server           | INFO     | PID=20401 | Accepted incoming connection ('10.10.1.1', 34003) from client. Sending data ...
2018-07-04 20:01:58,823 | server           | INFO     | PID=20401 | [SUMMARY] [Sent: 858995404 bytes] [Read: 858995404 bytes (80.000% of 1073741824 raw bytes)] [Duration: 269.95669412612915 seconds] [Bitrate: 25455798.58371388 bit/s]
2018-07-04 20:01:58,823 | server           | INFO     | PID=20401 | Resources closed, now exiting

 Performance counter stats for 'CPU(s) 1-2':

     548977.609220      task-clock (msec)         #    2.000 CPUs utilized            (100.00%)
            18,458      context-switches          #    0.034 K/sec                    (100.00%)
                 1      cpu-migrations            #    0.000 K/sec                    (100.00%)
           435,556      page-faults               #    0.793 K/sec                  
   671,656,308,015      cycles                    #    1.223 GHz                      (100.00%)
   <not supported>      stalled-cycles-frontend  
   <not supported>      stalled-cycles-backend   
 1,886,149,822,011      instructions              #    2.81  insns per cycle          (100.00%)
   357,606,131,170      branches                  #  651.404 M/sec                    (100.00%)
       348,847,438      branch-misses             #    0.10% of all branches        

     274.506399022 seconds time elapsed