LC_NUMERIC=en_US.UTF8 perf stat -B -C 1-2 taskset -c 2 /tmp/eucycles/pyben-nio/src/run --client start --addresses 10.10.1.2  10.10.1.3  10.10.1.4 --size 1GB --port 8881 --bind 10.10.1.1 --bufsize 50mb --method "raw"

2018-07-03 03:35:04,895 | client           | INFO     | PID=31108 | [bufsize: 52428800 bytes]
2018-07-03 03:35:04,923 | client           | INFO     | PID=31111 | Connecting to server 10.10.1.2 on port 8881
2018-07-03 03:35:04,923 | client           | INFO     | PID=31110 | Connecting to server 10.10.1.3 on port 8881
2018-07-03 03:35:04,924 | client           | INFO     | PID=31111 | Connection established. Receiving data ...
2018-07-03 03:35:04,924 | methods.raw      | INFO     | PID=31111 | [method: methods.raw]
2018-07-03 03:35:04,924 | methods.raw      | INFO     | PID=31111 | [method parameters: {}]
2018-07-03 03:35:04,930 | client           | INFO     | PID=31110 | Connection established. Receiving data ...
2018-07-03 03:35:04,930 | methods.raw      | INFO     | PID=31110 | [method: methods.raw]
2018-07-03 03:35:04,930 | methods.raw      | INFO     | PID=31110 | [method parameters: {}]
2018-07-03 03:35:04,934 | client           | INFO     | PID=31109 | Connecting to server 10.10.1.4 on port 8881
2018-07-03 03:35:04,934 | client           | INFO     | PID=31109 | Connection established. Receiving data ...
2018-07-03 03:35:04,934 | methods.raw      | INFO     | PID=31109 | [method: methods.raw]
2018-07-03 03:35:04,935 | methods.raw      | INFO     | PID=31109 | [method parameters: {}]
2018-07-03 03:36:16,350 | client           | INFO     | PID=31111 | [Received: 143164433 bytes (143164433 raw bytes)] [Duration: 71.3735659122467 seconds] [Bitrate: 16046773.751057321 bit/s]
2018-07-03 03:36:16,350 | client           | INFO     | PID=31111 | Socket closed
2018-07-03 03:36:17,424 | client           | INFO     | PID=31110 | [Received: 143165569 bytes (143165569 raw bytes)] [Duration: 72.44280004501343 seconds] [Bitrate: 15810053.604890138 bit/s]
2018-07-03 03:36:17,424 | client           | INFO     | PID=31110 | Socket closed
2018-07-03 03:36:17,961 | client           | INFO     | PID=31109 | [Received: 143151592 bytes (143151592 raw bytes)] [Duration: 72.97387099266052 seconds] [Bitrate: 15693462.885026092 bit/s]
2018-07-03 03:36:17,961 | client           | INFO     | PID=31109 | Socket closed
2018-07-03 03:36:18,307 | client           | INFO     | PID=31108 | [SUMMARY] [Received: 429481594 bytes (100.000% of 429481594 raw bytes)] [Duration: 72.98457312583923 seconds] [Bitrate: 47076424.5764093 bit/s]

 Performance counter stats for 'CPU(s) 1-2':

     146968.522253      task-clock (msec)         #    2.000 CPUs utilized            (100.00%)
             2,281      context-switches          #    0.016 K/sec                    (100.00%)
                 1      cpu-migrations            #    0.000 K/sec                    (100.00%)
           969,913      page-faults               #    0.007 M/sec                  
    15,881,040,669      cycles                    #    0.108 GHz                      (100.00%)
   <not supported>      stalled-cycles-frontend  
   <not supported>      stalled-cycles-backend   
    36,454,890,242      instructions              #    2.30  insns per cycle          (100.00%)
     9,579,812,180      branches                  #   65.183 M/sec                    (100.00%)
        16,664,771      branch-misses             #    0.17% of all branches        

      73.485622756 seconds time elapsed