LC_NUMERIC=en_US.UTF8 perf stat -B -C 1-2 taskset -c 2 /tmp/eucycles/pyben-nio/src/run --server start --bind 10.10.1.9 --size 134217728 --port 8881 --filename /tmp/eucycles/data_file --bufsize 50mb --method "match; func=lambda v: v - 48 < 0; sztype=BEFORE"

2018-07-04 14:10:14,560 | server           | INFO     | PID=3061 | [bufsize: 52428800 bytes] [zerocopy: False]
2018-07-04 14:10:14,574 | methods.match    | INFO     | PID=3061 | [method: methods.match]
2018-07-04 14:10:14,574 | methods.match    | INFO     | PID=3061 | [method parameters: {'func': 'lambda v: v - 48 < 0', 'mpws': '50MB', 'sztype': 'BEFORE'}]
2018-07-04 14:10:14,595 | methods.match    | INFO     | PID=3061 | Start 1 process to handle data filtering
2018-07-04 14:10:14,595 | server           | INFO     | PID=3061 | Ready to send 134217728 bytes using data file size of 1073741824 bytes
2018-07-04 14:10:14,595 | server           | INFO     | PID=3061 | Listening socket bound to port 8881
2018-07-04 14:10:19,296 | server           | INFO     | PID=3061 | Accepted incoming connection ('10.10.1.1', 41950) from client. Sending data ...
2018-07-04 14:10:38,213 | server           | INFO     | PID=3061 | [SUMMARY] [Sent: 0 bytes] [Read: 0 bytes (0.000% of 134217728 raw bytes)] [Duration: 18.916918992996216 seconds] [Bitrate: 0.0 bit/s]
2018-07-04 14:10:38,213 | server           | INFO     | PID=3061 | Resources closed, now exiting

 Performance counter stats for 'CPU(s) 1-2':

      47491.410138      task-clock (msec)         #    2.000 CPUs utilized            (100.00%)
             2,275      context-switches          #    0.048 K/sec                    (100.00%)
                 1      cpu-migrations            #    0.000 K/sec                    (100.00%)
            15,998      page-faults               #    0.337 K/sec                  
    48,080,897,858      cycles                    #    1.012 GHz                      (100.00%)
   <not supported>      stalled-cycles-frontend  
   <not supported>      stalled-cycles-backend   
   146,244,726,579      instructions              #    3.04  insns per cycle          (100.00%)
    26,780,238,866      branches                  #  563.896 M/sec                    (100.00%)
        16,148,252      branch-misses             #    0.06% of all branches        

      23.746949238 seconds time elapsed