LC_NUMERIC=en_US.UTF8 perf stat -B -C 1-2 taskset -c 2 /tmp/eucycles/pyben-nio/src/run --server start --bind 10.10.1.4 --size 178956971 --port 8881 --filename /tmp/eucycles/data_file --bufsize 50mb --method "match; func=lambda v: v - 48 < 3; sztype=BEFORE"

2018-07-04 16:06:24,644 | server           | INFO     | PID=26766 | [bufsize: 52428800 bytes] [zerocopy: False]
2018-07-04 16:06:24,658 | methods.match    | INFO     | PID=26766 | [method: methods.match]
2018-07-04 16:06:24,659 | methods.match    | INFO     | PID=26766 | [method parameters: {'func': 'lambda v: v - 48 < 3', 'mpws': '50MB', 'sztype': 'BEFORE'}]
2018-07-04 16:06:24,679 | methods.match    | INFO     | PID=26766 | Start 1 process to handle data filtering
2018-07-04 16:06:24,679 | server           | INFO     | PID=26766 | Ready to send 178956971 bytes using data file size of 1073741824 bytes
2018-07-04 16:06:24,679 | server           | INFO     | PID=26766 | Listening socket bound to port 8881
2018-07-04 16:06:33,011 | server           | INFO     | PID=26766 | Accepted incoming connection ('10.10.1.1', 58902) from client. Sending data ...
2018-07-04 16:07:07,447 | server           | INFO     | PID=26766 | [SUMMARY] [Sent: 53676832 bytes] [Read: 53676832 bytes (29.994% of 178956971 raw bytes)] [Duration: 34.43621206283569 seconds] [Bitrate: 12469857.463313557 bit/s]
2018-07-04 16:07:07,447 | server           | INFO     | PID=26766 | Resources closed, now exiting

 Performance counter stats for 'CPU(s) 1-2':

      85877.785695      task-clock (msec)         #    2.000 CPUs utilized            (100.00%)
             3,319      context-switches          #    0.039 K/sec                    (100.00%)
                 1      cpu-migrations            #    0.000 K/sec                    (100.00%)
            31,400      page-faults               #    0.366 K/sec                  
    84,834,652,263      cycles                    #    0.988 GHz                      (100.00%)
   <not supported>      stalled-cycles-frontend  
   <not supported>      stalled-cycles-backend   
   243,952,830,010      instructions              #    2.88  insns per cycle          (100.00%)
    45,829,704,327      branches                  #  533.662 M/sec                    (100.00%)
        79,460,470      branch-misses             #    0.17% of all branches        

      42.939152342 seconds time elapsed