LC_NUMERIC=en_US.UTF8 perf stat -B -C 1-2 taskset -c 2 /tmp/eucycles/pyben-nio/src/run --server start --bind 10.10.1.4 --size 153391689 --port 8881 --filename /tmp/eucycles/data_file --bufsize 50mb --method "match; func=lambda v: v - 48 < 7; sztype=BEFORE"

2018-07-03 06:06:09,803 | server           | INFO     | PID=2841 | [bufsize: 52428800 bytes] [zerocopy: False]
2018-07-03 06:06:09,818 | methods.match    | INFO     | PID=2841 | [method: methods.match]
2018-07-03 06:06:09,818 | methods.match    | INFO     | PID=2841 | [method parameters: {'sztype': 'BEFORE', 'func': 'lambda v: v - 48 < 7', 'mpws': '50MB'}]
2018-07-03 06:06:09,838 | methods.match    | INFO     | PID=2841 | Start 1 process to handle data filtering
2018-07-03 06:06:09,838 | server           | INFO     | PID=2841 | Ready to send 153391689 bytes using data file size of 1073741824 bytes
2018-07-03 06:06:09,838 | server           | INFO     | PID=2841 | Listening socket bound to port 8881
2018-07-03 06:06:19,272 | server           | INFO     | PID=2841 | Accepted incoming connection ('10.10.1.1', 32823) from client. Sending data ...
2018-07-03 06:07:00,261 | server           | INFO     | PID=2841 | [SUMMARY] [Sent: 107363251 bytes] [Read: 107363251 bytes (69.993% of 153391689 raw bytes)] [Duration: 40.98880696296692 seconds] [Bitrate: 20954647.662129205 bit/s]
2018-07-03 06:07:00,261 | server           | INFO     | PID=2841 | Resources closed, now exiting

 Performance counter stats for 'CPU(s) 1-2':

     101187.155501      task-clock (msec)         #    2.000 CPUs utilized            (100.00%)
             3,043      context-switches          #    0.030 K/sec                    (100.00%)
                 1      cpu-migrations            #    0.000 K/sec                    (100.00%)
            42,326      page-faults               #    0.418 K/sec                  
    91,729,854,789      cycles                    #    0.907 GHz                      (100.00%)
   <not supported>      stalled-cycles-frontend  
   <not supported>      stalled-cycles-backend   
   257,013,994,085      instructions              #    2.80  insns per cycle          (100.00%)
    48,603,024,951      branches                  #  480.328 M/sec                    (100.00%)
        69,642,632      branch-misses             #    0.14% of all branches        

      50.593908330 seconds time elapsed