LC_NUMERIC=en_US.UTF8 perf stat -B -C 1-2 taskset -c 2 /tmp/eucycles/pyben-nio/src/run --server start --bind 10.10.1.3 --size 536870912 --port 8881 --filename /tmp/eucycles/data_file --bufsize 50mb --method "match; func=lambda v: v - 48 < 0; sztype=BEFORE"

2018-07-03 01:06:29,050 | server           | INFO     | PID=5232 | [bufsize: 52428800 bytes] [zerocopy: False]
2018-07-03 01:06:29,063 | methods.match    | INFO     | PID=5232 | [method: methods.match]
2018-07-03 01:06:29,064 | methods.match    | INFO     | PID=5232 | [method parameters: {'sztype': 'BEFORE', 'func': 'lambda v: v - 48 < 0', 'mpws': '50MB'}]
2018-07-03 01:06:29,084 | methods.match    | INFO     | PID=5232 | Start 1 process to handle data filtering
2018-07-03 01:06:29,084 | server           | INFO     | PID=5232 | Ready to send 536870912 bytes using data file size of 1073741824 bytes
2018-07-03 01:06:29,085 | server           | INFO     | PID=5232 | Listening socket bound to port 8881
2018-07-03 01:06:33,481 | server           | INFO     | PID=5232 | Accepted incoming connection ('10.10.1.1', 48838) from client. Sending data ...
2018-07-03 01:07:48,814 | server           | INFO     | PID=5232 | [SUMMARY] [Sent: 0 bytes] [Read: 0 bytes (0.000% of 536870912 raw bytes)] [Duration: 75.3329291343689 seconds] [Bitrate: 0.0 bit/s]
2018-07-03 01:07:48,814 | server           | INFO     | PID=5232 | Resources closed, now exiting

 Performance counter stats for 'CPU(s) 1-2':

     159700.310759      task-clock (msec)         #    2.000 CPUs utilized            (100.00%)
             8,510      context-switches          #    0.053 K/sec                    (100.00%)
                 1      cpu-migrations            #    0.000 K/sec                    (100.00%)
            16,014      page-faults               #    0.100 K/sec                  
   190,475,504,717      cycles                    #    1.193 GHz                      (100.00%)
   <not supported>      stalled-cycles-frontend  
   <not supported>      stalled-cycles-backend   
   583,984,690,282      instructions              #    3.07  insns per cycle          (100.00%)
   106,906,297,622      branches                  #  669.418 M/sec                    (100.00%)
        57,267,801      branch-misses             #    0.05% of all branches        

      79.856919043 seconds time elapsed