LC_NUMERIC=en_US.UTF8 perf stat -B -C 1-2 taskset -c 2 /tmp/eucycles/pyben-nio/src/run --server start --bind 10.10.1.3 --size 134217728 --port 8881 --filename /tmp/eucycles/data_file --bufsize 50mb --method "match; func=lambda v: v - 48 < 9; sztype=BEFORE"

2018-07-03 08:13:29,531 | server           | INFO     | PID=12684 | [bufsize: 52428800 bytes] [zerocopy: False]
2018-07-03 08:13:29,545 | methods.match    | INFO     | PID=12684 | [method: methods.match]
2018-07-03 08:13:29,545 | methods.match    | INFO     | PID=12684 | [method parameters: {'sztype': 'BEFORE', 'func': 'lambda v: v - 48 < 9', 'mpws': '50MB'}]
2018-07-03 08:13:29,566 | methods.match    | INFO     | PID=12684 | Start 1 process to handle data filtering
2018-07-03 08:13:29,566 | server           | INFO     | PID=12684 | Ready to send 134217728 bytes using data file size of 1073741824 bytes
2018-07-03 08:13:29,566 | server           | INFO     | PID=12684 | Listening socket bound to port 8881
2018-07-03 08:13:41,541 | server           | INFO     | PID=12684 | Accepted incoming connection ('10.10.1.1', 35028) from client. Sending data ...
2018-07-03 08:14:23,662 | server           | INFO     | PID=12684 | [SUMMARY] [Sent: 120788090 bytes] [Read: 120788090 bytes (89.994% of 134217728 raw bytes)] [Duration: 42.12116312980652 seconds] [Bitrate: 22941073.99223756 bit/s]
2018-07-03 08:14:23,662 | server           | INFO     | PID=12684 | Resources closed, now exiting

 Performance counter stats for 'CPU(s) 1-2':

     108522.585806      task-clock (msec)         #    2.000 CPUs utilized            (100.00%)
             2,789      context-switches          #    0.026 K/sec                    (100.00%)
                 1      cpu-migrations            #    0.000 K/sec                    (100.00%)
            45,600      page-faults               #    0.420 K/sec                  
    87,594,063,955      cycles                    #    0.807 GHz                      (100.00%)
   <not supported>      stalled-cycles-frontend  
   <not supported>      stalled-cycles-backend   
   246,957,882,130      instructions              #    2.82  insns per cycle          (100.00%)
    46,948,535,699      branches                  #  432.615 M/sec                    (100.00%)
        30,214,131      branch-misses             #    0.06% of all branches        

      54.265832609 seconds time elapsed