LC_NUMERIC=en_US.UTF8 perf stat -B -C 1-2 taskset -c 2 /tmp/eucycles/pyben-nio/src/run --server start --bind 10.10.1.3 --size 268435456 --port 8881 --filename /tmp/eucycles/data_file --bufsize 50mb --method "match; func=lambda v: v - 48 < 8; sztype=BEFORE"

2018-07-04 20:07:18,120 | server           | INFO     | PID=13750 | [bufsize: 52428800 bytes] [zerocopy: False]
2018-07-04 20:07:18,134 | methods.match    | INFO     | PID=13750 | [method: methods.match]
2018-07-04 20:07:18,134 | methods.match    | INFO     | PID=13750 | [method parameters: {'mpws': '50MB', 'func': 'lambda v: v - 48 < 8', 'sztype': 'BEFORE'}]
2018-07-04 20:07:18,155 | methods.match    | INFO     | PID=13750 | Start 1 process to handle data filtering
2018-07-04 20:07:18,155 | server           | INFO     | PID=13750 | Ready to send 268435456 bytes using data file size of 1073741824 bytes
2018-07-04 20:07:18,155 | server           | INFO     | PID=13750 | Listening socket bound to port 8881
2018-07-04 20:07:25,029 | server           | INFO     | PID=13750 | Accepted incoming connection ('10.10.1.1', 44788) from client. Sending data ...
2018-07-04 20:08:35,413 | server           | INFO     | PID=13750 | [SUMMARY] [Sent: 214737254 bytes] [Read: 214737254 bytes (79.996% of 268435456 raw bytes)] [Duration: 70.38362884521484 seconds] [Bitrate: 24407636.551078375 bit/s]
2018-07-04 20:08:35,413 | server           | INFO     | PID=13750 | Resources closed, now exiting

 Performance counter stats for 'CPU(s) 1-2':

     154841.905074      task-clock (msec)         #    2.000 CPUs utilized            (100.00%)
             5,019      context-switches          #    0.032 K/sec                    (100.00%)
                 1      cpu-migrations            #    0.000 K/sec                    (100.00%)
           120,968      page-faults               #    0.781 K/sec                  
   170,210,122,456      cycles                    #    1.099 GHz                      (100.00%)
   <not supported>      stalled-cycles-frontend  
   <not supported>      stalled-cycles-backend   
   471,692,481,605      instructions              #    2.77  insns per cycle          (100.00%)
    89,431,843,338      branches                  #  577.569 M/sec                    (100.00%)
        88,894,317      branch-misses             #    0.10% of all branches        

      77.427504646 seconds time elapsed