LC_NUMERIC=en_US.UTF8 perf stat -B -C 1-2 taskset -c 2 /tmp/eucycles/pyben-nio/src/run --server start --bind 10.10.1.7 --size 153391689 --port 8881 --filename /tmp/eucycles/data_file --bufsize 50mb --method "match; func=lambda v: v - 48 < 10; sztype=BEFORE"

2018-07-03 08:49:47,944 | server           | INFO     | PID=2544 | [bufsize: 52428800 bytes] [zerocopy: False]
2018-07-03 08:49:47,958 | methods.match    | INFO     | PID=2544 | [method: methods.match]
2018-07-03 08:49:47,958 | methods.match    | INFO     | PID=2544 | [method parameters: {'sztype': 'BEFORE', 'mpws': '50MB', 'func': 'lambda v: v - 48 < 10'}]
2018-07-03 08:49:47,978 | methods.match    | INFO     | PID=2544 | Start 1 process to handle data filtering
2018-07-03 08:49:47,979 | server           | INFO     | PID=2544 | Ready to send 153391689 bytes using data file size of 1073741824 bytes
2018-07-03 08:49:47,979 | server           | INFO     | PID=2544 | Listening socket bound to port 8881
2018-07-03 08:49:53,754 | server           | INFO     | PID=2544 | Accepted incoming connection ('10.10.1.1', 57109) from client. Sending data ...
2018-07-03 08:50:42,047 | server           | INFO     | PID=2544 | [SUMMARY] [Sent: 153391689 bytes] [Read: 153391689 bytes (100.000% of 153391689 raw bytes)] [Duration: 48.2929470539093 seconds] [Bitrate: 25410201.424033076 bit/s]
2018-07-03 08:50:42,047 | server           | INFO     | PID=2544 | Resources closed, now exiting

 Performance counter stats for 'CPU(s) 1-2':

     108471.645169      task-clock (msec)         #    2.000 CPUs utilized            (100.00%)
             3,130      context-switches          #    0.029 K/sec                    (100.00%)
                 1      cpu-migrations            #    0.000 K/sec                    (100.00%)
            53,570      page-faults               #    0.494 K/sec                  
   104,278,859,847      cycles                    #    0.961 GHz                      (100.00%)
   <not supported>      stalled-cycles-frontend  
   <not supported>      stalled-cycles-backend   
   295,114,975,257      instructions              #    2.83  insns per cycle          (100.00%)
    56,238,038,634      branches                  #  518.458 M/sec                    (100.00%)
        18,793,915      branch-misses             #    0.03% of all branches        

      54.240656405 seconds time elapsed