LC_NUMERIC=en_US.UTF8 perf stat -B -C 1-2 taskset -c 2 /tmp/eucycles/pyben-nio/src/run --server start --bind 10.10.1.5 --size 178956971 --port 8881 --filename /tmp/eucycles/data_file --bufsize 50mb --method "match; func=lambda v: v - 48 < 9; sztype=BEFORE"

2018-07-03 07:51:32,676 | server           | INFO     | PID=5667 | [bufsize: 52428800 bytes] [zerocopy: False]
2018-07-03 07:51:32,690 | methods.match    | INFO     | PID=5667 | [method: methods.match]
2018-07-03 07:51:32,690 | methods.match    | INFO     | PID=5667 | [method parameters: {'mpws': '50MB', 'sztype': 'BEFORE', 'func': 'lambda v: v - 48 < 9'}]
2018-07-03 07:51:32,711 | methods.match    | INFO     | PID=5667 | Start 1 process to handle data filtering
2018-07-03 07:51:32,711 | server           | INFO     | PID=5667 | Ready to send 178956971 bytes using data file size of 1073741824 bytes
2018-07-03 07:51:32,711 | server           | INFO     | PID=5667 | Listening socket bound to port 8881
2018-07-03 07:51:39,741 | server           | INFO     | PID=5667 | Accepted incoming connection ('10.10.1.1', 49465) from client. Sending data ...
2018-07-03 07:52:32,564 | server           | INFO     | PID=5667 | [SUMMARY] [Sent: 161055608 bytes] [Read: 161055608 bytes (89.997% of 178956971 raw bytes)] [Duration: 52.823447942733765 seconds] [Bitrate: 24391532.816956803 bit/s]
2018-07-03 07:52:32,564 | server           | INFO     | PID=5667 | Resources closed, now exiting

 Performance counter stats for 'CPU(s) 1-2':

     120033.896141      task-clock (msec)         #    2.000 CPUs utilized            (100.00%)
             3,537      context-switches          #    0.029 K/sec                    (100.00%)
                 1      cpu-migrations            #    0.000 K/sec                    (100.00%)
            55,439      page-faults               #    0.462 K/sec                  
   117,874,174,750      cycles                    #    0.982 GHz                      (100.00%)
   <not supported>      stalled-cycles-frontend  
   <not supported>      stalled-cycles-backend   
   329,151,094,411      instructions              #    2.79  insns per cycle          (100.00%)
    62,569,442,038      branches                  #  521.265 M/sec                    (100.00%)
        39,359,422      branch-misses             #    0.06% of all branches        

      60.022415122 seconds time elapsed