LC_NUMERIC=en_US.UTF8 perf stat -B -C 1-2 taskset -c 2 /tmp/eucycles/pyben-nio/src/run --server start --bind 10.10.1.2 --size 178956971 --port 8881 --filename /tmp/eucycles/data_file --bufsize 50mb --method "match; func=lambda v: v - 48 < 5; sztype=BEFORE"

2018-07-04 17:53:27,131 | server           | INFO     | PID=12094 | [bufsize: 52428800 bytes] [zerocopy: False]
2018-07-04 17:53:27,145 | methods.match    | INFO     | PID=12094 | [method: methods.match]
2018-07-04 17:53:27,146 | methods.match    | INFO     | PID=12094 | [method parameters: {'sztype': 'BEFORE', 'mpws': '50MB', 'func': 'lambda v: v - 48 < 5'}]
2018-07-04 17:53:27,166 | methods.match    | INFO     | PID=12094 | Start 1 process to handle data filtering
2018-07-04 17:53:27,166 | server           | INFO     | PID=12094 | Ready to send 178956971 bytes using data file size of 1073741824 bytes
2018-07-04 17:53:27,166 | server           | INFO     | PID=12094 | Listening socket bound to port 8881
2018-07-04 17:53:37,933 | server           | INFO     | PID=12094 | Accepted incoming connection ('10.10.1.1', 49869) from client. Sending data ...
2018-07-04 17:54:18,982 | server           | INFO     | PID=12094 | [SUMMARY] [Sent: 89479697 bytes] [Read: 89479697 bytes (50.001% of 178956971 raw bytes)] [Duration: 41.04810309410095 seconds] [Bitrate: 17438992.84113018 bit/s]
2018-07-04 17:54:18,982 | server           | INFO     | PID=12094 | Resources closed, now exiting

 Performance counter stats for 'CPU(s) 1-2':

     103965.155100      task-clock (msec)         #    2.000 CPUs utilized            (100.00%)
             3,406      context-switches          #    0.033 K/sec                    (100.00%)
                 1      cpu-migrations            #    0.000 K/sec                    (100.00%)
            41,646      page-faults               #    0.401 K/sec                  
    97,577,628,073      cycles                    #    0.939 GHz                      (100.00%)
   <not supported>      stalled-cycles-frontend  
   <not supported>      stalled-cycles-backend   
   273,333,410,199      instructions              #    2.80  insns per cycle          (100.00%)
    51,712,873,346      branches                  #  497.406 M/sec                    (100.00%)
       112,699,773      branch-misses             #    0.22% of all branches        

      51.985769558 seconds time elapsed