LC_NUMERIC=en_US.UTF8 perf stat -B -C 1-2 taskset -c 2 /tmp/eucycles/pyben-nio/src/run --server start --bind 10.10.1.7 --size 153391689 --port 8881 --filename /tmp/eucycles/data_file --bufsize 50mb --method "match; func=lambda v: v - 48 < 8; sztype=BEFORE"

2018-07-03 06:58:37,719 | server           | INFO     | PID=31155 | [bufsize: 52428800 bytes] [zerocopy: False]
2018-07-03 06:58:37,733 | methods.match    | INFO     | PID=31155 | [method: methods.match]
2018-07-03 06:58:37,733 | methods.match    | INFO     | PID=31155 | [method parameters: {'func': 'lambda v: v - 48 < 8', 'mpws': '50MB', 'sztype': 'BEFORE'}]
2018-07-03 06:58:37,754 | methods.match    | INFO     | PID=31155 | Start 1 process to handle data filtering
2018-07-03 06:58:37,754 | server           | INFO     | PID=31155 | Ready to send 153391689 bytes using data file size of 1073741824 bytes
2018-07-03 06:58:37,754 | server           | INFO     | PID=31155 | Listening socket bound to port 8881
2018-07-03 06:58:43,619 | server           | INFO     | PID=31155 | Accepted incoming connection ('10.10.1.1', 48382) from client. Sending data ...
2018-07-03 06:59:25,124 | server           | INFO     | PID=31155 | [SUMMARY] [Sent: 122713769 bytes] [Read: 122713769 bytes (80.000% of 153391689 raw bytes)] [Duration: 41.5043408870697 seconds] [Bitrate: 23653192.196718942 bit/s]
2018-07-03 06:59:25,124 | server           | INFO     | PID=31155 | Resources closed, now exiting

 Performance counter stats for 'CPU(s) 1-2':

      95074.609719      task-clock (msec)         #    2.000 CPUs utilized            (100.00%)
             3,069      context-switches          #    0.032 K/sec                    (100.00%)
                 1      cpu-migrations            #    0.000 K/sec                    (100.00%)
            46,088      page-faults               #    0.485 K/sec                  
    95,278,674,255      cycles                    #    1.002 GHz                      (100.00%)
   <not supported>      stalled-cycles-frontend  
   <not supported>      stalled-cycles-backend   
   269,601,269,910      instructions              #    2.83  insns per cycle          (100.00%)
    51,122,737,430      branches                  #  537.712 M/sec                    (100.00%)
        52,106,095      branch-misses             #    0.10% of all branches        

      47.541521678 seconds time elapsed