LC_NUMERIC=en_US.UTF8 perf stat -B -C 1-2 taskset -c 2 /tmp/eucycles/pyben-nio/src/run --server start --bind 10.10.1.2 --size 1073741824 --port 8881 --filename /tmp/eucycles/data_file --bufsize 50mb --method "match; func=lambda v: v - 48 < 4; sztype=BEFORE"

2018-07-03 03:28:36,235 | server           | INFO     | PID=17310 | [bufsize: 52428800 bytes] [zerocopy: False]
2018-07-03 03:28:36,250 | methods.match    | INFO     | PID=17310 | [method: methods.match]
2018-07-03 03:28:36,250 | methods.match    | INFO     | PID=17310 | [method parameters: {'func': 'lambda v: v - 48 < 4', 'sztype': 'BEFORE', 'mpws': '50MB'}]
2018-07-03 03:28:36,270 | methods.match    | INFO     | PID=17310 | Start 1 process to handle data filtering
2018-07-03 03:28:36,270 | server           | INFO     | PID=17310 | Ready to send 1073741824 bytes using data file size of 1073741824 bytes
2018-07-03 03:28:36,271 | server           | INFO     | PID=17310 | Listening socket bound to port 8881
2018-07-03 03:28:40,596 | server           | INFO     | PID=17310 | Accepted incoming connection ('10.10.1.1', 35896) from client. Sending data ...
2018-07-03 03:32:15,713 | server           | INFO     | PID=17310 | [SUMMARY] [Sent: 429511103 bytes] [Read: 429511103 bytes (40.001% of 1073741824 raw bytes)] [Duration: 215.11709809303284 seconds] [Bitrate: 15973108.853086036 bit/s]
2018-07-03 03:32:15,714 | server           | INFO     | PID=17310 | Resources closed, now exiting

 Performance counter stats for 'CPU(s) 1-2':

     439197.625699      task-clock (msec)         #    2.000 CPUs utilized            (100.00%)
            17,747      context-switches          #    0.040 K/sec                    (100.00%)
                 1      cpu-migrations            #    0.000 K/sec                    (100.00%)
            26,275      page-faults               #    0.060 K/sec                  
   539,682,188,123      cycles                    #    1.229 GHz                      (100.00%)
   <not supported>      stalled-cycles-frontend  
   <not supported>      stalled-cycles-backend   
 1,532,575,354,762      instructions              #    2.84  insns per cycle          (100.00%)
   286,820,337,474      branches                  #  653.055 M/sec                    (100.00%)
       586,725,696      branch-misses             #    0.20% of all branches        

     219.612854476 seconds time elapsed