LC_NUMERIC=en_US.UTF8 perf stat -B -C 1-2 taskset -c 2 /tmp/eucycles/pyben-nio/src/run --server start --bind 10.10.1.2 --size 357913942 --port 8881 --filename /tmp/eucycles/data_file --bufsize 50mb --method "match; func=lambda v: v - 48 < 8; sztype=BEFORE"

2018-07-03 07:09:14,633 | server           | INFO     | PID=12196 | [bufsize: 52428800 bytes] [zerocopy: False]
2018-07-03 07:09:14,647 | methods.match    | INFO     | PID=12196 | [method: methods.match]
2018-07-03 07:09:14,647 | methods.match    | INFO     | PID=12196 | [method parameters: {'func': 'lambda v: v - 48 < 8', 'sztype': 'BEFORE', 'mpws': '50MB'}]
2018-07-03 07:09:14,668 | methods.match    | INFO     | PID=12196 | Start 1 process to handle data filtering
2018-07-03 07:09:14,668 | server           | INFO     | PID=12196 | Ready to send 357913942 bytes using data file size of 1073741824 bytes
2018-07-03 07:09:14,668 | server           | INFO     | PID=12196 | Listening socket bound to port 8881
2018-07-03 07:09:21,505 | server           | INFO     | PID=12196 | Accepted incoming connection ('10.10.1.1', 58099) from client. Sending data ...
2018-07-03 07:10:52,325 | server           | INFO     | PID=12196 | [SUMMARY] [Sent: 286337390 bytes] [Read: 286337390 bytes (80.002% of 357913942 raw bytes)] [Duration: 90.81900715827942 seconds] [Bitrate: 25222684.013796452 bit/s]
2018-07-03 07:10:52,325 | server           | INFO     | PID=12196 | Resources closed, now exiting

 Performance counter stats for 'CPU(s) 1-2':

     195640.529599      task-clock (msec)         #    2.000 CPUs utilized            (100.00%)
             6,460      context-switches          #    0.033 K/sec                    (100.00%)
                 1      cpu-migrations            #    0.000 K/sec                    (100.00%)
            86,024      page-faults               #    0.440 K/sec                  
   224,515,349,047      cycles                    #    1.148 GHz                      (100.00%)
   <not supported>      stalled-cycles-frontend  
   <not supported>      stalled-cycles-backend   
   639,689,203,707      instructions              #    2.85  insns per cycle          (100.00%)
   122,404,565,941      branches                  #  625.661 M/sec                    (100.00%)
       117,508,761      branch-misses             #    0.10% of all branches        

      97.826424447 seconds time elapsed