LC_NUMERIC=en_US.UTF8 perf stat -B -C 1-2 taskset -c 2 /tmp/eucycles/pyben-nio/src/run --server start --bind 10.10.1.7 --size 178956970 --port 8881 --filename /tmp/eucycles/data_file --bufsize 50mb --method "match; func=lambda v: v - 48 < 3; sztype=BEFORE"

2018-07-03 02:56:22,214 | server           | INFO     | PID=9900 | [bufsize: 52428800 bytes] [zerocopy: False]
2018-07-03 02:56:22,228 | methods.match    | INFO     | PID=9900 | [method: methods.match]
2018-07-03 02:56:22,229 | methods.match    | INFO     | PID=9900 | [method parameters: {'mpws': '50MB', 'func': 'lambda v: v - 48 < 3', 'sztype': 'BEFORE'}]
2018-07-03 02:56:22,249 | methods.match    | INFO     | PID=9900 | Start 1 process to handle data filtering
2018-07-03 02:56:22,249 | server           | INFO     | PID=9900 | Ready to send 178956970 bytes using data file size of 1073741824 bytes
2018-07-03 02:56:22,249 | server           | INFO     | PID=9900 | Listening socket bound to port 8881
2018-07-03 02:56:26,887 | server           | INFO     | PID=9900 | Accepted incoming connection ('10.10.1.1', 50443) from client. Sending data ...
2018-07-03 02:57:01,422 | server           | INFO     | PID=9900 | [SUMMARY] [Sent: 53693915 bytes] [Read: 53693915 bytes (30.004% of 178956970 raw bytes)] [Duration: 34.53435206413269 seconds] [Bitrate: 12438377.856410723 bit/s]
2018-07-03 02:57:01,422 | server           | INFO     | PID=9900 | Resources closed, now exiting

 Performance counter stats for 'CPU(s) 1-2':

      78594.173550      task-clock (msec)         #    2.000 CPUs utilized            (100.00%)
             3,091      context-switches          #    0.039 K/sec                    (100.00%)
                 1      cpu-migrations            #    0.000 K/sec                    (100.00%)
            23,693      page-faults               #    0.301 K/sec                  
    85,713,097,462      cycles                    #    1.091 GHz                      (100.00%)
   <not supported>      stalled-cycles-frontend  
   <not supported>      stalled-cycles-backend   
   243,926,090,420      instructions              #    2.85  insns per cycle          (100.00%)
    45,825,111,945      branches                  #  583.060 M/sec                    (100.00%)
        79,474,902      branch-misses             #    0.17% of all branches        

      39.300540441 seconds time elapsed