LC_NUMERIC=en_US.UTF8 perf stat -B -C 1-2 taskset -c 2 /tmp/eucycles/pyben-nio/src/run --client start --addresses 10.10.1.2  10.10.1.3  10.10.1.4 --size 1GB --port 8881 --bind 10.10.1.1 --bufsize 50mb --method "raw"

2018-07-04 14:53:44,507 | client           | INFO     | PID=13475 | [bufsize: 52428800 bytes]
2018-07-04 14:53:44,534 | client           | INFO     | PID=13478 | Connecting to server 10.10.1.2 on port 8881
2018-07-04 14:53:44,535 | client           | INFO     | PID=13477 | Connecting to server 10.10.1.3 on port 8881
2018-07-04 14:53:44,535 | client           | INFO     | PID=13478 | Connection established. Receiving data ...
2018-07-04 14:53:44,535 | methods.raw      | INFO     | PID=13478 | [method: methods.raw]
2018-07-04 14:53:44,536 | methods.raw      | INFO     | PID=13478 | [method parameters: {}]
2018-07-04 14:53:44,542 | client           | INFO     | PID=13477 | Connection established. Receiving data ...
2018-07-04 14:53:44,542 | methods.raw      | INFO     | PID=13477 | [method: methods.raw]
2018-07-04 14:53:44,542 | methods.raw      | INFO     | PID=13477 | [method parameters: {}]
2018-07-04 14:53:44,546 | client           | INFO     | PID=13476 | Connecting to server 10.10.1.4 on port 8881
2018-07-04 14:53:44,546 | client           | INFO     | PID=13476 | Connection established. Receiving data ...
2018-07-04 14:53:44,546 | methods.raw      | INFO     | PID=13476 | [method: methods.raw]
2018-07-04 14:53:44,547 | methods.raw      | INFO     | PID=13476 | [method parameters: {}]
2018-07-04 14:54:40,382 | client           | INFO     | PID=13476 | [Received: 35784134 bytes (35784134 raw bytes)] [Duration: 55.782017946243286 seconds] [Bitrate: 5131995.624035674 bit/s]
2018-07-04 14:54:40,382 | client           | INFO     | PID=13476 | Socket closed
2018-07-04 14:54:40,846 | client           | INFO     | PID=13478 | [Received: 35795554 bytes (35795554 raw bytes)] [Duration: 56.257614850997925 seconds] [Bitrate: 5090234.144452363 bit/s]
2018-07-04 14:54:40,846 | client           | INFO     | PID=13478 | Socket closed
2018-07-04 14:54:40,980 | client           | INFO     | PID=13477 | [Received: 35788115 bytes (35788115 raw bytes)] [Duration: 56.38688087463379 seconds] [Bitrate: 5077509.441186295 bit/s]
2018-07-04 14:54:40,980 | client           | INFO     | PID=13477 | Socket closed
2018-07-04 14:54:41,206 | client           | INFO     | PID=13475 | [SUMMARY] [Received: 107367803 bytes (100.000% of 107367803 raw bytes)] [Duration: 56.39203190803528 seconds] [Bitrate: 15231627.500154141 bit/s]

 Performance counter stats for 'CPU(s) 1-2':

     113544.077411      task-clock (msec)         #    2.000 CPUs utilized            (100.00%)
             1,559      context-switches          #    0.014 K/sec                    (100.00%)
                 1      cpu-migrations            #    0.000 K/sec                    (100.00%)
           272,082      page-faults               #    0.002 M/sec                  
     4,928,309,547      cycles                    #    0.043 GHz                      (100.00%)
   <not supported>      stalled-cycles-frontend  
   <not supported>      stalled-cycles-backend   
     9,486,879,760      instructions              #    1.92  insns per cycle          (100.00%)
     2,477,983,205      branches                  #   21.824 M/sec                    (100.00%)
         5,889,982      branch-misses             #    0.24% of all branches        

      56.773050131 seconds time elapsed