LC_NUMERIC=en_US.UTF8 perf stat -B -C 1-2 taskset -c 2 /tmp/eucycles/pyben-nio/src/run --server start --bind 10.10.1.2 --size 134217728 --port 8881 --filename /tmp/eucycles/data_file --bufsize 50mb --method "match; func=lambda v: v - 48 < 10; sztype=BEFORE"

2018-07-03 08:51:25,235 | server           | INFO     | PID=18690 | [bufsize: 52428800 bytes] [zerocopy: False]
2018-07-03 08:51:25,250 | methods.match    | INFO     | PID=18690 | [method: methods.match]
2018-07-03 08:51:25,250 | methods.match    | INFO     | PID=18690 | [method parameters: {'mpws': '50MB', 'func': 'lambda v: v - 48 < 10', 'sztype': 'BEFORE'}]
2018-07-03 08:51:25,270 | methods.match    | INFO     | PID=18690 | Start 1 process to handle data filtering
2018-07-03 08:51:25,270 | server           | INFO     | PID=18690 | Ready to send 134217728 bytes using data file size of 1073741824 bytes
2018-07-03 08:51:25,270 | server           | INFO     | PID=18690 | Listening socket bound to port 8881
2018-07-03 08:51:38,494 | server           | INFO     | PID=18690 | Accepted incoming connection ('10.10.1.1', 34403) from client. Sending data ...
2018-07-03 08:52:20,423 | server           | INFO     | PID=18690 | [SUMMARY] [Sent: 134217728 bytes] [Read: 134217728 bytes (100.000% of 134217728 raw bytes)] [Duration: 41.92802095413208 seconds] [Bitrate: 25609170.18178939 bit/s]
2018-07-03 08:52:20,423 | server           | INFO     | PID=18690 | Resources closed, now exiting

 Performance counter stats for 'CPU(s) 1-2':

     110635.522167      task-clock (msec)         #    2.000 CPUs utilized            (100.00%)
             2,796      context-switches          #    0.025 K/sec                    (100.00%)
                 1      cpu-migrations            #    0.000 K/sec                    (100.00%)
            48,870      page-faults               #    0.442 K/sec                  
    91,472,880,622      cycles                    #    0.827 GHz                      (100.00%)
   <not supported>      stalled-cycles-frontend  
   <not supported>      stalled-cycles-backend   
   260,426,427,151      instructions              #    2.85  insns per cycle          (100.00%)
    49,891,764,668      branches                  #  450.956 M/sec                    (100.00%)
        16,805,093      branch-misses             #    0.03% of all branches        

      55.321170374 seconds time elapsed