LC_NUMERIC=en_US.UTF8 perf stat -B -C 1-2 taskset -c 2 /tmp/eucycles/pyben-nio/src/run --server start --bind 10.10.1.6 --size 153391689 --port 8881 --filename /tmp/eucycles/data_file --bufsize 50mb --method "match; func=lambda v: v - 48 < 5; sztype=BEFORE"

2018-07-04 17:54:52,979 | server           | INFO     | PID=23636 | [bufsize: 52428800 bytes] [zerocopy: False]
2018-07-04 17:54:52,993 | methods.match    | INFO     | PID=23636 | [method: methods.match]
2018-07-04 17:54:52,994 | methods.match    | INFO     | PID=23636 | [method parameters: {'func': 'lambda v: v - 48 < 5', 'sztype': 'BEFORE', 'mpws': '50MB'}]
2018-07-04 17:54:53,014 | methods.match    | INFO     | PID=23636 | Start 1 process to handle data filtering
2018-07-04 17:54:53,014 | server           | INFO     | PID=23636 | Ready to send 153391689 bytes using data file size of 1073741824 bytes
2018-07-04 17:54:53,014 | server           | INFO     | PID=23636 | Listening socket bound to port 8881
2018-07-04 17:55:00,008 | server           | INFO     | PID=23636 | Accepted incoming connection ('10.10.1.1', 39255) from client. Sending data ...
2018-07-04 17:55:36,040 | server           | INFO     | PID=23636 | [SUMMARY] [Sent: 76699135 bytes] [Read: 76699135 bytes (50.002% of 153391689 raw bytes)] [Duration: 36.03162217140198 seconds] [Bitrate: 17029293.798684537 bit/s]
2018-07-04 17:55:36,040 | server           | INFO     | PID=23636 | Resources closed, now exiting

 Performance counter stats for 'CPU(s) 1-2':

      86407.798235      task-clock (msec)         #    2.000 CPUs utilized            (100.00%)
             2,966      context-switches          #    0.034 K/sec                    (100.00%)
                 1      cpu-migrations            #    0.000 K/sec                    (100.00%)
            41,635      page-faults               #    0.482 K/sec                  
   106,988,798,591      cycles                    #    1.238 GHz                      (100.00%)
   <not supported>      stalled-cycles-frontend  
   <not supported>      stalled-cycles-backend   
   240,324,217,593      instructions              #    2.25  insns per cycle          (100.00%)
    45,832,297,181      branches                  #  530.419 M/sec                    (100.00%)
        96,917,537      branch-misses             #    0.21% of all branches        

      43.203876239 seconds time elapsed