LC_NUMERIC=en_US.UTF8 perf stat -B -C 1-2 taskset -c 2 /tmp/eucycles/pyben-nio/src/run --server start --bind 10.10.1.6 --size 153391689 --port 8881 --filename /tmp/eucycles/data_file --bufsize 50mb --method "match; func=lambda v: v - 48 < 5; sztype=BEFORE"

2018-07-03 04:43:09,213 | server           | INFO     | PID=15782 | [bufsize: 52428800 bytes] [zerocopy: False]
2018-07-03 04:43:09,227 | methods.match    | INFO     | PID=15782 | [method: methods.match]
2018-07-03 04:43:09,228 | methods.match    | INFO     | PID=15782 | [method parameters: {'sztype': 'BEFORE', 'mpws': '50MB', 'func': 'lambda v: v - 48 < 5'}]
2018-07-03 04:43:09,248 | methods.match    | INFO     | PID=15782 | Start 1 process to handle data filtering
2018-07-03 04:43:09,248 | server           | INFO     | PID=15782 | Ready to send 153391689 bytes using data file size of 1073741824 bytes
2018-07-03 04:43:09,248 | server           | INFO     | PID=15782 | Listening socket bound to port 8881
2018-07-03 04:43:16,252 | server           | INFO     | PID=15782 | Accepted incoming connection ('10.10.1.1', 33333) from client. Sending data ...
2018-07-03 04:43:51,496 | server           | INFO     | PID=15782 | [SUMMARY] [Sent: 76699135 bytes] [Read: 76699135 bytes (50.002% of 153391689 raw bytes)] [Duration: 35.24364900588989 seconds] [Bitrate: 17410032.652903132 bit/s]
2018-07-03 04:43:51,496 | server           | INFO     | PID=15782 | Resources closed, now exiting

 Performance counter stats for 'CPU(s) 1-2':

      84836.226512      task-clock (msec)         #    2.000 CPUs utilized            (100.00%)
             2,967      context-switches          #    0.035 K/sec                    (100.00%)
                 1      cpu-migrations            #    0.000 K/sec                    (100.00%)
            28,848      page-faults               #    0.340 K/sec                  
   110,826,645,436      cycles                    #    1.306 GHz                      (100.00%)
   <not supported>      stalled-cycles-frontend  
   <not supported>      stalled-cycles-backend   
   239,005,852,780      instructions              #    2.16  insns per cycle          (100.00%)
    45,353,576,408      branches                  #  534.602 M/sec                    (100.00%)
        96,843,022      branch-misses             #    0.21% of all branches        

      42.418086352 seconds time elapsed