LC_NUMERIC=en_US.UTF8 perf stat -B -C 1-2 taskset -c 2 /tmp/eucycles/pyben-nio/src/run --server start --bind 10.10.1.8 --size 153391689 --port 8881 --filename /tmp/eucycles/data_file --bufsize 50mb --method "match; func=lambda v: v - 48 < 6; sztype=BEFORE"

2018-07-04 18:11:29,639 | server           | INFO     | PID=15800 | [bufsize: 52428800 bytes] [zerocopy: False]
2018-07-04 18:11:29,653 | methods.match    | INFO     | PID=15800 | [method: methods.match]
2018-07-04 18:11:29,654 | methods.match    | INFO     | PID=15800 | [method parameters: {'mpws': '50MB', 'sztype': 'BEFORE', 'func': 'lambda v: v - 48 < 6'}]
2018-07-04 18:11:29,674 | methods.match    | INFO     | PID=15800 | Start 1 process to handle data filtering
2018-07-04 18:11:29,674 | server           | INFO     | PID=15800 | Ready to send 153391689 bytes using data file size of 1073741824 bytes
2018-07-04 18:11:29,674 | server           | INFO     | PID=15800 | Listening socket bound to port 8881
2018-07-04 18:11:34,279 | server           | INFO     | PID=15800 | Accepted incoming connection ('10.10.1.1', 40312) from client. Sending data ...
2018-07-04 18:12:12,822 | server           | INFO     | PID=15800 | [SUMMARY] [Sent: 92034640 bytes] [Read: 92034640 bytes (60.000% of 153391689 raw bytes)] [Duration: 38.5425980091095 seconds] [Bitrate: 19102944.742489383 bit/s]
2018-07-04 18:12:12,822 | server           | INFO     | PID=15800 | Resources closed, now exiting

 Performance counter stats for 'CPU(s) 1-2':

      86550.055231      task-clock (msec)         #    2.000 CPUs utilized            (100.00%)
             2,769      context-switches          #    0.032 K/sec                    (100.00%)
                 1      cpu-migrations            #    0.000 K/sec                    (100.00%)
            53,531      page-faults               #    0.618 K/sec                  
    88,438,139,679      cycles                    #    1.022 GHz                      (100.00%)
   <not supported>      stalled-cycles-frontend  
   <not supported>      stalled-cycles-backend   
   244,745,777,030      instructions              #    2.77  insns per cycle          (100.00%)
    46,154,616,240      branches                  #  533.271 M/sec                    (100.00%)
        88,026,582      branch-misses             #    0.19% of all branches        

      43.276716437 seconds time elapsed