LC_NUMERIC=en_US.UTF8 perf stat -B -C 1-2 taskset -c 2 /tmp/eucycles/pyben-nio/src/run --server start --bind 10.10.1.5 --size 134217728 --port 8881 --filename /tmp/eucycles/data_file --bufsize 50mb --method "match; func=lambda v: v - 48 < 0; sztype=BEFORE"

2018-07-04 13:58:10,106 | server           | INFO     | PID=15048 | [bufsize: 52428800 bytes] [zerocopy: False]
2018-07-04 13:58:10,120 | methods.match    | INFO     | PID=15048 | [method: methods.match]
2018-07-04 13:58:10,121 | methods.match    | INFO     | PID=15048 | [method parameters: {'func': 'lambda v: v - 48 < 0', 'sztype': 'BEFORE', 'mpws': '50MB'}]
2018-07-04 13:58:10,141 | methods.match    | INFO     | PID=15048 | Start 1 process to handle data filtering
2018-07-04 13:58:10,141 | server           | INFO     | PID=15048 | Ready to send 134217728 bytes using data file size of 1073741824 bytes
2018-07-04 13:58:10,141 | server           | INFO     | PID=15048 | Listening socket bound to port 8881
2018-07-04 13:58:19,696 | server           | INFO     | PID=15048 | Accepted incoming connection ('10.10.1.1', 44978) from client. Sending data ...
2018-07-04 13:58:38,715 | server           | INFO     | PID=15048 | [SUMMARY] [Sent: 0 bytes] [Read: 0 bytes (0.000% of 134217728 raw bytes)] [Duration: 19.018581867218018 seconds] [Bitrate: 0.0 bit/s]
2018-07-04 13:58:38,715 | server           | INFO     | PID=15048 | Resources closed, now exiting

 Performance counter stats for 'CPU(s) 1-2':

      57481.204324      task-clock (msec)         #    2.000 CPUs utilized            (100.00%)
             2,504      context-switches          #    0.044 K/sec                    (100.00%)
                 1      cpu-migrations            #    0.000 K/sec                    (100.00%)
            16,033      page-faults               #    0.279 K/sec                  
    48,459,851,846      cycles                    #    0.843 GHz                      (100.00%)
   <not supported>      stalled-cycles-frontend  
   <not supported>      stalled-cycles-backend   
   148,405,428,093      instructions              #    3.06  insns per cycle          (100.00%)
    27,454,737,094      branches                  #  477.630 M/sec                    (100.00%)
        16,230,610      branch-misses             #    0.06% of all branches        

      28.743133830 seconds time elapsed