LC_NUMERIC=en_US.UTF8 perf stat -B -C 1-2 taskset -c 2 /tmp/eucycles/pyben-nio/src/run --server start --bind 10.10.1.2 --size 536870912 --port 8881 --filename /tmp/eucycles/data_file --bufsize 50mb --method "match; func=lambda v: v - 48 < 1; sztype=BEFORE"

2018-07-03 01:55:53,047 | server           | INFO     | PID=9872 | [bufsize: 52428800 bytes] [zerocopy: False]
2018-07-03 01:55:53,061 | methods.match    | INFO     | PID=9872 | [method: methods.match]
2018-07-03 01:55:53,061 | methods.match    | INFO     | PID=9872 | [method parameters: {'mpws': '50MB', 'sztype': 'BEFORE', 'func': 'lambda v: v - 48 < 1'}]
2018-07-03 01:55:53,082 | methods.match    | INFO     | PID=9872 | Start 1 process to handle data filtering
2018-07-03 01:55:53,082 | server           | INFO     | PID=9872 | Ready to send 536870912 bytes using data file size of 1073741824 bytes
2018-07-03 01:55:53,082 | server           | INFO     | PID=9872 | Listening socket bound to port 8881
2018-07-03 01:55:58,659 | server           | INFO     | PID=9872 | Accepted incoming connection ('10.10.1.1', 60555) from client. Sending data ...
2018-07-03 01:57:21,718 | server           | INFO     | PID=9872 | [SUMMARY] [Sent: 53691191 bytes] [Read: 53691191 bytes (10.001% of 536870912 raw bytes)] [Duration: 83.05885410308838 seconds] [Bitrate: 5171387.597845861 bit/s]
2018-07-03 01:57:21,718 | server           | INFO     | PID=9872 | Resources closed, now exiting

 Performance counter stats for 'CPU(s) 1-2':

     177601.279297      task-clock (msec)         #    2.000 CPUs utilized            (100.00%)
             8,899      context-switches          #    0.050 K/sec                    (100.00%)
                 1      cpu-migrations            #    0.000 K/sec                    (100.00%)
            18,580      page-faults               #    0.105 K/sec                  
   210,098,615,223      cycles                    #    1.183 GHz                      (100.00%)
   <not supported>      stalled-cycles-frontend  
   <not supported>      stalled-cycles-backend   
   634,450,091,395      instructions              #    3.02  insns per cycle          (100.00%)
   117,010,806,989      branches                  #  658.840 M/sec                    (100.00%)
       111,232,213      branch-misses             #    0.10% of all branches        

      88.806214751 seconds time elapsed