LC_NUMERIC=en_US.UTF8 perf stat -B -C 1-2 taskset -c 2 /tmp/eucycles/pyben-nio/src/run --server start --bind 10.10.1.3 --size 134217728 --port 8881 --filename /tmp/eucycles/data_file --bufsize 50mb --method "match; func=lambda v: v - 48 < 10; sztype=BEFORE"

2018-07-03 08:51:29,087 | server           | INFO     | PID=14801 | [bufsize: 52428800 bytes] [zerocopy: False]
2018-07-03 08:51:29,101 | methods.match    | INFO     | PID=14801 | [method: methods.match]
2018-07-03 08:51:29,101 | methods.match    | INFO     | PID=14801 | [method parameters: {'mpws': '50MB', 'sztype': 'BEFORE', 'func': 'lambda v: v - 48 < 10'}]
2018-07-03 08:51:29,121 | methods.match    | INFO     | PID=14801 | Start 1 process to handle data filtering
2018-07-03 08:51:29,121 | server           | INFO     | PID=14801 | Ready to send 134217728 bytes using data file size of 1073741824 bytes
2018-07-03 08:51:29,122 | server           | INFO     | PID=14801 | Listening socket bound to port 8881
2018-07-03 08:51:41,120 | server           | INFO     | PID=14801 | Accepted incoming connection ('10.10.1.1', 54251) from client. Sending data ...
2018-07-03 08:52:23,583 | server           | INFO     | PID=14801 | [SUMMARY] [Sent: 134217728 bytes] [Read: 134217728 bytes (100.000% of 134217728 raw bytes)] [Duration: 42.46331191062927 seconds] [Bitrate: 25286341.91934578 bit/s]
2018-07-03 08:52:23,583 | server           | INFO     | PID=14801 | Resources closed, now exiting

 Performance counter stats for 'CPU(s) 1-2':

     109254.054248      task-clock (msec)         #    2.000 CPUs utilized            (100.00%)
             2,821      context-switches          #    0.026 K/sec                    (100.00%)
                 1      cpu-migrations            #    0.000 K/sec                    (100.00%)
            48,902      page-faults               #    0.448 K/sec                  
    91,931,367,191      cycles                    #    0.841 GHz                      (100.00%)
   <not supported>      stalled-cycles-frontend  
   <not supported>      stalled-cycles-backend   
   262,442,326,695      instructions              #    2.85  insns per cycle          (100.00%)
    50,429,015,656      branches                  #  461.576 M/sec                    (100.00%)
        16,811,332      branch-misses             #    0.03% of all branches        

      54.631600260 seconds time elapsed