LC_NUMERIC=en_US.UTF8 perf stat -B -C 1-2 taskset -c 2 /tmp/eucycles/pyben-nio/src/run --server start --bind 10.10.1.3 --size 268435456 --port 8881 --filename /tmp/eucycles/data_file --bufsize 50mb --method "match; func=lambda v: v - 48 < 7; sztype=BEFORE"

2018-07-03 06:01:13,037 | server           | INFO     | PID=25425 | [bufsize: 52428800 bytes] [zerocopy: False]
2018-07-03 06:01:13,051 | methods.match    | INFO     | PID=25425 | [method: methods.match]
2018-07-03 06:01:13,051 | methods.match    | INFO     | PID=25425 | [method parameters: {'func': 'lambda v: v - 48 < 7', 'sztype': 'BEFORE', 'mpws': '50MB'}]
2018-07-03 06:01:13,072 | methods.match    | INFO     | PID=25425 | Start 1 process to handle data filtering
2018-07-03 06:01:13,072 | server           | INFO     | PID=25425 | Ready to send 268435456 bytes using data file size of 1073741824 bytes
2018-07-03 06:01:13,072 | server           | INFO     | PID=25425 | Listening socket bound to port 8881
2018-07-03 06:01:19,939 | server           | INFO     | PID=25425 | Accepted incoming connection ('10.10.1.1', 44485) from client. Sending data ...
2018-07-03 06:02:25,123 | server           | INFO     | PID=25425 | [SUMMARY] [Sent: 187890503 bytes] [Read: 187890503 bytes (69.995% of 268435456 raw bytes)] [Duration: 65.18391489982605 seconds] [Bitrate: 23059738.377327982 bit/s]
2018-07-03 06:02:25,123 | server           | INFO     | PID=25425 | Resources closed, now exiting

 Performance counter stats for 'CPU(s) 1-2':

     144431.192262      task-clock (msec)         #    2.000 CPUs utilized            (100.00%)
             4,929      context-switches          #    0.034 K/sec                    (100.00%)
                 1      cpu-migrations            #    0.000 K/sec                    (100.00%)
            61,993      page-faults               #    0.429 K/sec                  
   159,514,252,243      cycles                    #    1.104 GHz                      (100.00%)
   <not supported>      stalled-cycles-frontend  
   <not supported>      stalled-cycles-backend   
   449,504,552,291      instructions              #    2.82  insns per cycle          (100.00%)
    84,995,510,971      branches                  #  588.484 M/sec                    (100.00%)
       119,779,086      branch-misses             #    0.14% of all branches        

      72.221697201 seconds time elapsed