LC_NUMERIC=en_US.UTF8 perf stat -B -C 1-2 taskset -c 2 /tmp/eucycles/pyben-nio/src/run --server start --bind 10.10.1.9 --size 134217728 --port 8881 --filename /tmp/eucycles/data_file --bufsize 50mb --method "match; func=lambda v: v - 48 < 3; sztype=BEFORE"

2018-07-03 03:27:33,221 | server           | INFO     | PID=9394 | [bufsize: 52428800 bytes] [zerocopy: False]
2018-07-03 03:27:33,235 | methods.match    | INFO     | PID=9394 | [method: methods.match]
2018-07-03 03:27:33,235 | methods.match    | INFO     | PID=9394 | [method parameters: {'mpws': '50MB', 'sztype': 'BEFORE', 'func': 'lambda v: v - 48 < 3'}]
2018-07-03 03:27:33,256 | methods.match    | INFO     | PID=9394 | Start 1 process to handle data filtering
2018-07-03 03:27:33,256 | server           | INFO     | PID=9394 | Ready to send 134217728 bytes using data file size of 1073741824 bytes
2018-07-03 03:27:33,256 | server           | INFO     | PID=9394 | Listening socket bound to port 8881
2018-07-03 03:27:37,969 | server           | INFO     | PID=9394 | Accepted incoming connection ('10.10.1.1', 53182) from client. Sending data ...
2018-07-03 03:28:04,300 | server           | INFO     | PID=9394 | [SUMMARY] [Sent: 40259692 bytes] [Read: 40259692 bytes (29.996% of 134217728 raw bytes)] [Duration: 26.33001399040222 seconds] [Bitrate: 12232334.404281108 bit/s]
2018-07-03 03:28:04,300 | server           | INFO     | PID=9394 | Resources closed, now exiting

 Performance counter stats for 'CPU(s) 1-2':

      62342.676992      task-clock (msec)         #    2.000 CPUs utilized            (100.00%)
             2,383      context-switches          #    0.038 K/sec                    (100.00%)
                 1      cpu-migrations            #    0.000 K/sec                    (100.00%)
            23,684      page-faults               #    0.380 K/sec                  
    64,201,059,637      cycles                    #    1.030 GHz                      (100.00%)
   <not supported>      stalled-cycles-frontend  
   <not supported>      stalled-cycles-backend   
   180,881,622,722      instructions              #    2.82  insns per cycle          (100.00%)
    33,715,933,603      branches                  #  540.816 M/sec                    (100.00%)
        60,244,205      branch-misses             #    0.18% of all branches        

      31.173027776 seconds time elapsed