LC_NUMERIC=en_US.UTF8 perf stat -B -C 1-2 taskset -c 2 /tmp/eucycles/pyben-nio/src/run --server start --bind 10.10.1.3 --size 214748365 --port 8881 --filename /tmp/eucycles/data_file --bufsize 50mb --method "match; func=lambda v: v - 48 < 6; sztype=BEFORE"

2018-07-04 18:41:42,294 | server           | INFO     | PID=8757 | [bufsize: 52428800 bytes] [zerocopy: False]
2018-07-04 18:41:42,308 | methods.match    | INFO     | PID=8757 | [method: methods.match]
2018-07-04 18:41:42,308 | methods.match    | INFO     | PID=8757 | [method parameters: {'mpws': '50MB', 'sztype': 'BEFORE', 'func': 'lambda v: v - 48 < 6'}]
2018-07-04 18:41:42,329 | methods.match    | INFO     | PID=8757 | Start 1 process to handle data filtering
2018-07-04 18:41:42,329 | server           | INFO     | PID=8757 | Ready to send 214748365 bytes using data file size of 1073741824 bytes
2018-07-04 18:41:42,329 | server           | INFO     | PID=8757 | Listening socket bound to port 8881
2018-07-04 18:41:50,544 | server           | INFO     | PID=8757 | Accepted incoming connection ('10.10.1.1', 58300) from client. Sending data ...
2018-07-04 18:42:41,631 | server           | INFO     | PID=8757 | [SUMMARY] [Sent: 128832537 bytes] [Read: 128832537 bytes (59.992% of 214748365 raw bytes)] [Duration: 51.0860800743103 seconds] [Bitrate: 20174973.1923215 bit/s]
2018-07-04 18:42:41,631 | server           | INFO     | PID=8757 | Resources closed, now exiting

 Performance counter stats for 'CPU(s) 1-2':

     118936.691564      task-clock (msec)         #    2.000 CPUs utilized            (100.00%)
             3,984      context-switches          #    0.033 K/sec                    (100.00%)
                 1      cpu-migrations            #    0.000 K/sec                    (100.00%)
            62,101      page-faults               #    0.522 K/sec                  
   123,306,985,102      cycles                    #    1.037 GHz                      (100.00%)
   <not supported>      stalled-cycles-frontend  
   <not supported>      stalled-cycles-backend   
   345,572,515,576      instructions              #    2.80  insns per cycle          (100.00%)
    65,566,771,427      branches                  #  551.275 M/sec                    (100.00%)
       122,192,950      branch-misses             #    0.19% of all branches        

      59.473338796 seconds time elapsed