LC_NUMERIC=en_US.UTF8 perf stat -B -C 1-2 taskset -c 2 /tmp/eucycles/pyben-nio/src/run --server start --bind 10.10.1.2 --size 134217728 --port 8881 --filename /tmp/eucycles/data_file --bufsize 50mb --method "match; func=lambda v: v - 48 < 2; sztype=BEFORE"

2018-07-04 15:26:56,272 | server           | INFO     | PID=1329 | [bufsize: 52428800 bytes] [zerocopy: False]
2018-07-04 15:26:56,286 | methods.match    | INFO     | PID=1329 | [method: methods.match]
2018-07-04 15:26:56,286 | methods.match    | INFO     | PID=1329 | [method parameters: {'mpws': '50MB', 'func': 'lambda v: v - 48 < 2', 'sztype': 'BEFORE'}]
2018-07-04 15:26:56,307 | methods.match    | INFO     | PID=1329 | Start 1 process to handle data filtering
2018-07-04 15:26:56,307 | server           | INFO     | PID=1329 | Ready to send 134217728 bytes using data file size of 1073741824 bytes
2018-07-04 15:26:56,307 | server           | INFO     | PID=1329 | Listening socket bound to port 8881
2018-07-04 15:27:09,597 | server           | INFO     | PID=1329 | Accepted incoming connection ('10.10.1.1', 49617) from client. Sending data ...
2018-07-04 15:27:32,712 | server           | INFO     | PID=1329 | [SUMMARY] [Sent: 26843292 bytes] [Read: 26843292 bytes (20.000% of 134217728 raw bytes)] [Duration: 23.11472988128662 seconds] [Bitrate: 9290454.056910947 bit/s]
2018-07-04 15:27:32,713 | server           | INFO     | PID=1329 | Resources closed, now exiting

 Performance counter stats for 'CPU(s) 1-2':

      73146.319258      task-clock (msec)         #    2.000 CPUs utilized            (100.00%)
             2,600      context-switches          #    0.036 K/sec                    (100.00%)
                 1      cpu-migrations            #    0.000 K/sec                    (100.00%)
            26,576      page-faults               #    0.363 K/sec                  
    58,197,160,204      cycles                    #    0.796 GHz                      (100.00%)
   <not supported>      stalled-cycles-frontend  
   <not supported>      stalled-cycles-backend   
   169,906,180,658      instructions              #    2.92  insns per cycle          (100.00%)
    31,518,436,647      branches                  #  430.896 M/sec                    (100.00%)
        45,222,941      branch-misses             #    0.14% of all branches        

      36.575355571 seconds time elapsed