LC_NUMERIC=en_US.UTF8 perf stat -B -C 1-2 taskset -c 2 /tmp/eucycles/pyben-nio/src/run --server start --bind 10.10.1.4 --size 153391689 --port 8881 --filename /tmp/eucycles/data_file --bufsize 50mb --method "match; func=lambda v: v - 48 < 5; sztype=BEFORE"

2018-07-03 04:59:00,121 | server           | INFO     | PID=19853 | [bufsize: 52428800 bytes] [zerocopy: False]
2018-07-03 04:59:00,135 | methods.match    | INFO     | PID=19853 | [method: methods.match]
2018-07-03 04:59:00,135 | methods.match    | INFO     | PID=19853 | [method parameters: {'func': 'lambda v: v - 48 < 5', 'mpws': '50MB', 'sztype': 'BEFORE'}]
2018-07-03 04:59:00,156 | methods.match    | INFO     | PID=19853 | Start 1 process to handle data filtering
2018-07-03 04:59:00,156 | server           | INFO     | PID=19853 | Ready to send 153391689 bytes using data file size of 1073741824 bytes
2018-07-03 04:59:00,156 | server           | INFO     | PID=19853 | Listening socket bound to port 8881
2018-07-03 04:59:09,586 | server           | INFO     | PID=19853 | Accepted incoming connection ('10.10.1.1', 53611) from client. Sending data ...
2018-07-03 04:59:45,436 | server           | INFO     | PID=19853 | [SUMMARY] [Sent: 76682448 bytes] [Read: 76682448 bytes (49.991% of 153391689 raw bytes)] [Duration: 35.850263833999634 seconds] [Bitrate: 17111717.415541247 bit/s]
2018-07-03 04:59:45,437 | server           | INFO     | PID=19853 | Resources closed, now exiting

 Performance counter stats for 'CPU(s) 1-2':

      90904.422673      task-clock (msec)         #    2.000 CPUs utilized            (100.00%)
             2,972      context-switches          #    0.033 K/sec                    (100.00%)
                 1      cpu-migrations            #    0.000 K/sec                    (100.00%)
            28,847      page-faults               #    0.317 K/sec                  
    82,477,552,540      cycles                    #    0.907 GHz                      (100.00%)
   <not supported>      stalled-cycles-frontend  
   <not supported>      stalled-cycles-backend   
   231,833,406,171      instructions              #    2.81  insns per cycle          (100.00%)
    43,561,138,584      branches                  #  479.197 M/sec                    (100.00%)
        96,923,733      branch-misses             #    0.22% of all branches        

      45.452493826 seconds time elapsed