LC_NUMERIC=en_US.UTF8 perf stat -B -C 1-2 taskset -c 2 /tmp/eucycles/pyben-nio/src/run --server start --bind 10.10.1.2 --size 134217728 --port 8881 --filename /tmp/eucycles/data_file --bufsize 50mb --method "match; func=lambda v: v - 48 < 5; sztype=BEFORE"

2018-07-03 05:00:16,180 | server           | INFO     | PID=23818 | [bufsize: 52428800 bytes] [zerocopy: False]
2018-07-03 05:00:16,194 | methods.match    | INFO     | PID=23818 | [method: methods.match]
2018-07-03 05:00:16,194 | methods.match    | INFO     | PID=23818 | [method parameters: {'mpws': '50MB', 'sztype': 'BEFORE', 'func': 'lambda v: v - 48 < 5'}]
2018-07-03 05:00:16,215 | methods.match    | INFO     | PID=23818 | Start 1 process to handle data filtering
2018-07-03 05:00:16,215 | server           | INFO     | PID=23818 | Ready to send 134217728 bytes using data file size of 1073741824 bytes
2018-07-03 05:00:16,215 | server           | INFO     | PID=23818 | Listening socket bound to port 8881
2018-07-03 05:00:29,504 | server           | INFO     | PID=23818 | Accepted incoming connection ('10.10.1.1', 48364) from client. Sending data ...
2018-07-03 05:00:59,707 | server           | INFO     | PID=23818 | [SUMMARY] [Sent: 67109793 bytes] [Read: 67109793 bytes (50.001% of 134217728 raw bytes)] [Duration: 30.203316926956177 seconds] [Bitrate: 17775476.29283197 bit/s]
2018-07-03 05:00:59,707 | server           | INFO     | PID=23818 | Resources closed, now exiting

 Performance counter stats for 'CPU(s) 1-2':

      87319.343885      task-clock (msec)         #    2.000 CPUs utilized            (100.00%)
             2,701      context-switches          #    0.031 K/sec                    (100.00%)
                 1      cpu-migrations            #    0.000 K/sec                    (100.00%)
            28,842      page-faults               #    0.330 K/sec                  
    72,086,857,093      cycles                    #    0.826 GHz                      (100.00%)
   <not supported>      stalled-cycles-frontend  
   <not supported>      stalled-cycles-backend   
   202,915,606,473      instructions              #    2.81  insns per cycle          (100.00%)
    38,129,367,350      branches                  #  436.666 M/sec                    (100.00%)
        85,196,324      branch-misses             #    0.22% of all branches        

      43.662327720 seconds time elapsed