LC_NUMERIC=en_US.UTF8 perf stat -B -C 1-2 taskset -c 2 /tmp/eucycles/pyben-nio/src/run --server start --bind 10.10.1.2 --size 357913942 --port 8881 --filename /tmp/eucycles/data_file --bufsize 50mb --method "match; func=lambda v: v - 48 < 4; sztype=BEFORE"

2018-07-03 04:05:16,050 | server           | INFO     | PID=19823 | [bufsize: 52428800 bytes] [zerocopy: False]
2018-07-03 04:05:16,064 | methods.match    | INFO     | PID=19823 | [method: methods.match]
2018-07-03 04:05:16,064 | methods.match    | INFO     | PID=19823 | [method parameters: {'func': 'lambda v: v - 48 < 4', 'mpws': '50MB', 'sztype': 'BEFORE'}]
2018-07-03 04:05:16,085 | methods.match    | INFO     | PID=19823 | Start 1 process to handle data filtering
2018-07-03 04:05:16,085 | server           | INFO     | PID=19823 | Ready to send 357913942 bytes using data file size of 1073741824 bytes
2018-07-03 04:05:16,085 | server           | INFO     | PID=19823 | Listening socket bound to port 8881
2018-07-03 04:05:22,933 | server           | INFO     | PID=19823 | Accepted incoming connection ('10.10.1.1', 37619) from client. Sending data ...
2018-07-03 04:06:34,832 | server           | INFO     | PID=19823 | [SUMMARY] [Sent: 143164433 bytes] [Read: 143164433 bytes (40.000% of 357913942 raw bytes)] [Duration: 71.89868307113647 seconds] [Bitrate: 15929574.994674467 bit/s]
2018-07-03 04:06:34,832 | server           | INFO     | PID=19823 | Resources closed, now exiting

 Performance counter stats for 'CPU(s) 1-2':

     157825.073606      task-clock (msec)         #    2.000 CPUs utilized            (100.00%)
             6,224      context-switches          #    0.039 K/sec                    (100.00%)
                 1      cpu-migrations            #    0.000 K/sec                    (100.00%)
            26,272      page-faults               #    0.166 K/sec                  
   180,939,837,016      cycles                    #    1.146 GHz                      (100.00%)
   <not supported>      stalled-cycles-frontend  
   <not supported>      stalled-cycles-backend   
   511,336,485,384      instructions              #    2.83  insns per cycle          (100.00%)
    95,717,240,501      branches                  #  606.477 M/sec                    (100.00%)
       197,391,998      branch-misses             #    0.21% of all branches        

      78.917473648 seconds time elapsed