LC_NUMERIC=en_US.UTF8 perf stat -B -C 1-2 taskset -c 2 /tmp/eucycles/pyben-nio/src/run --server start --bind 10.10.1.2 --size 153391690 --port 8881 --filename /tmp/eucycles/data_file --bufsize 50mb --method "match; func=lambda v: v - 48 < 5; sztype=BEFORE"

2018-07-03 04:27:14,713 | server           | INFO     | PID=21482 | [bufsize: 52428800 bytes] [zerocopy: False]
2018-07-03 04:27:14,727 | methods.match    | INFO     | PID=21482 | [method: methods.match]
2018-07-03 04:27:14,728 | methods.match    | INFO     | PID=21482 | [method parameters: {'sztype': 'BEFORE', 'func': 'lambda v: v - 48 < 5', 'mpws': '50MB'}]
2018-07-03 04:27:14,748 | methods.match    | INFO     | PID=21482 | Start 1 process to handle data filtering
2018-07-03 04:27:14,748 | server           | INFO     | PID=21482 | Ready to send 153391690 bytes using data file size of 1073741824 bytes
2018-07-03 04:27:14,748 | server           | INFO     | PID=21482 | Listening socket bound to port 8881
2018-07-03 04:27:26,621 | server           | INFO     | PID=21482 | Accepted incoming connection ('10.10.1.1', 35319) from client. Sending data ...
2018-07-03 04:28:02,112 | server           | INFO     | PID=21482 | [SUMMARY] [Sent: 76696603 bytes] [Read: 76696603 bytes (50.000% of 153391690 raw bytes)] [Duration: 35.49108600616455 seconds] [Bitrate: 17288082.531298894 bit/s]
2018-07-03 04:28:02,112 | server           | INFO     | PID=21482 | Resources closed, now exiting

 Performance counter stats for 'CPU(s) 1-2':

      95063.314109      task-clock (msec)         #    2.000 CPUs utilized            (100.00%)
             2,981      context-switches          #    0.031 K/sec                    (100.00%)
                 1      cpu-migrations            #    0.000 K/sec                    (100.00%)
            28,840      page-faults               #    0.303 K/sec                  
    83,575,497,179      cycles                    #    0.879 GHz                      (100.00%)
   <not supported>      stalled-cycles-frontend  
   <not supported>      stalled-cycles-backend   
   231,849,084,003      instructions              #    2.77  insns per cycle          (100.00%)
    43,564,630,408      branches                  #  458.270 M/sec                    (100.00%)
        97,192,454      branch-misses             #    0.22% of all branches        

      47.534563962 seconds time elapsed