LC_NUMERIC=en_US.UTF8 perf stat -B -C 1-2 taskset -c 2 /tmp/eucycles/pyben-nio/src/run --server start --bind 10.10.1.3 --size 268435456 --port 8881 --filename /tmp/eucycles/data_file --bufsize 50mb --method "match; func=lambda v: v - 48 < 9; sztype=BEFORE"

2018-07-03 08:25:14,131 | server           | INFO     | PID=13170 | [bufsize: 52428800 bytes] [zerocopy: False]
2018-07-03 08:25:14,144 | methods.match    | INFO     | PID=13170 | [method: methods.match]
2018-07-03 08:25:14,145 | methods.match    | INFO     | PID=13170 | [method parameters: {'mpws': '50MB', 'sztype': 'BEFORE', 'func': 'lambda v: v - 48 < 9'}]
2018-07-03 08:25:14,165 | methods.match    | INFO     | PID=13170 | Start 1 process to handle data filtering
2018-07-03 08:25:14,165 | server           | INFO     | PID=13170 | Ready to send 268435456 bytes using data file size of 1073741824 bytes
2018-07-03 08:25:14,165 | server           | INFO     | PID=13170 | Listening socket bound to port 8881
2018-07-03 08:25:21,036 | server           | INFO     | PID=13170 | Accepted incoming connection ('10.10.1.1', 48978) from client. Sending data ...
2018-07-03 08:26:35,410 | server           | INFO     | PID=13170 | [SUMMARY] [Sent: 241581077 bytes] [Read: 241581077 bytes (89.996% of 268435456 raw bytes)] [Duration: 74.37336993217468 seconds] [Bitrate: 25985761.00239229 bit/s]
2018-07-03 08:26:35,410 | server           | INFO     | PID=13170 | Resources closed, now exiting

 Performance counter stats for 'CPU(s) 1-2':

     162814.414719      task-clock (msec)         #    2.000 CPUs utilized            (100.00%)
             5,006      context-switches          #    0.031 K/sec                    (100.00%)
                 1      cpu-migrations            #    0.000 K/sec                    (100.00%)
            75,103      page-faults               #    0.461 K/sec                  
   174,298,462,663      cycles                    #    1.071 GHz                      (100.00%)
   <not supported>      stalled-cycles-frontend  
   <not supported>      stalled-cycles-backend   
   493,545,070,442      instructions              #    2.83  insns per cycle          (100.00%)
    93,814,393,700      branches                  #  576.204 M/sec                    (100.00%)
        57,752,299      branch-misses             #    0.06% of all branches        

      81.414105748 seconds time elapsed