LC_NUMERIC=en_US.UTF8 perf stat -B -C 1-2 taskset -c 2 /tmp/eucycles/pyben-nio/src/run --server start --bind 10.10.1.2 --size 357913942 --port 8881 --filename /tmp/eucycles/data_file --bufsize 50mb --method "match; func=lambda v: v - 48 < 9; sztype=BEFORE"

2018-07-03 08:04:17,351 | server           | INFO     | PID=15634 | [bufsize: 52428800 bytes] [zerocopy: False]
2018-07-03 08:04:17,365 | methods.match    | INFO     | PID=15634 | [method: methods.match]
2018-07-03 08:04:17,365 | methods.match    | INFO     | PID=15634 | [method parameters: {'mpws': '50MB', 'func': 'lambda v: v - 48 < 9', 'sztype': 'BEFORE'}]
2018-07-03 08:04:17,385 | methods.match    | INFO     | PID=15634 | Start 1 process to handle data filtering
2018-07-03 08:04:17,386 | server           | INFO     | PID=15634 | Ready to send 357913942 bytes using data file size of 1073741824 bytes
2018-07-03 08:04:17,386 | server           | INFO     | PID=15634 | Listening socket bound to port 8881
2018-07-03 08:04:24,375 | server           | INFO     | PID=15634 | Accepted incoming connection ('10.10.1.1', 40337) from client. Sending data ...
2018-07-03 08:05:59,126 | server           | INFO     | PID=15634 | [SUMMARY] [Sent: 322126122 bytes] [Read: 322126122 bytes (90.001% of 357913942 raw bytes)] [Duration: 94.75050091743469 seconds] [Bitrate: 27197840.12799677 bit/s]
2018-07-03 08:05:59,126 | server           | INFO     | PID=15634 | Resources closed, now exiting

 Performance counter stats for 'CPU(s) 1-2':

     203805.873666      task-clock (msec)         #    2.000 CPUs utilized            (100.00%)
             6,530      context-switches          #    0.032 K/sec                    (100.00%)
                 1      cpu-migrations            #    0.000 K/sec                    (100.00%)
            94,766      page-faults               #    0.465 K/sec                  
   232,121,066,114      cycles                    #    1.139 GHz                      (100.00%)
   <not supported>      stalled-cycles-frontend  
   <not supported>      stalled-cycles-backend   
   657,948,268,310      instructions              #    2.83  insns per cycle          (100.00%)
   125,061,132,306      branches                  #  613.629 M/sec                    (100.00%)
        76,096,869      branch-misses             #    0.06% of all branches        

     101.909361602 seconds time elapsed