LC_NUMERIC=en_US.UTF8 perf stat -B -C 1-2 taskset -c 2 /tmp/eucycles/pyben-nio/src/run --server start --bind 10.10.1.3 --size 536870912 --port 8881 --filename /tmp/eucycles/data_file --bufsize 50mb --method "match; func=lambda v: v - 48 < 10; sztype=BEFORE"

2018-07-04 22:13:53,391 | server           | INFO     | PID=20796 | [bufsize: 52428800 bytes] [zerocopy: False]
2018-07-04 22:13:53,404 | methods.match    | INFO     | PID=20796 | [method: methods.match]
2018-07-04 22:13:53,405 | methods.match    | INFO     | PID=20796 | [method parameters: {'func': 'lambda v: v - 48 < 10', 'mpws': '50MB', 'sztype': 'BEFORE'}]
2018-07-04 22:13:53,425 | methods.match    | INFO     | PID=20796 | Start 1 process to handle data filtering
2018-07-04 22:13:53,425 | server           | INFO     | PID=20796 | Ready to send 536870912 bytes using data file size of 1073741824 bytes
2018-07-04 22:13:53,426 | server           | INFO     | PID=20796 | Listening socket bound to port 8881
2018-07-04 22:13:57,829 | server           | INFO     | PID=20796 | Accepted incoming connection ('10.10.1.1', 56867) from client. Sending data ...
2018-07-04 22:16:25,320 | server           | INFO     | PID=20796 | [SUMMARY] [Sent: 536870912 bytes] [Read: 536870912 bytes (100.000% of 536870912 raw bytes)] [Duration: 147.490797996521 seconds] [Bitrate: 29120239.054515857 bit/s]
2018-07-04 22:16:25,320 | server           | INFO     | PID=20796 | Resources closed, now exiting

 Performance counter stats for 'CPU(s) 1-2':

     304018.797718      task-clock (msec)         #    2.000 CPUs utilized            (100.00%)
             9,304      context-switches          #    0.031 K/sec                    (100.00%)
                 1      cpu-migrations            #    0.000 K/sec                    (100.00%)
           278,249      page-faults               #    0.915 K/sec                  
   363,223,673,520      cycles                    #    1.195 GHz                      (100.00%)
   <not supported>      stalled-cycles-frontend  
   <not supported>      stalled-cycles-backend   
 1,040,991,847,246      instructions              #    2.87  insns per cycle          (100.00%)
   199,383,867,620      branches                  #  655.827 M/sec                    (100.00%)
        59,433,581      branch-misses             #    0.03% of all branches        

     152.022430515 seconds time elapsed