LC_NUMERIC=en_US.UTF8 perf stat -B -C 1-2 taskset -c 2 /tmp/eucycles/pyben-nio/src/run --client start --addresses 10.10.1.2 --size 1GB --port 8881 --bind 10.10.1.1 --bufsize 50mb --method "raw"

2018-07-04 21:29:43,873 | client           | INFO     | PID=30058 | [bufsize: 52428800 bytes]
2018-07-04 21:29:43,897 | client           | INFO     | PID=30059 | Connecting to server 10.10.1.2 on port 8881
2018-07-04 21:29:43,897 | client           | INFO     | PID=30059 | Connection established. Receiving data ...
2018-07-04 21:29:43,898 | methods.raw      | INFO     | PID=30059 | [method: methods.raw]
2018-07-04 21:29:43,898 | methods.raw      | INFO     | PID=30059 | [method parameters: {}]
2018-07-04 21:34:36,993 | client           | INFO     | PID=30059 | [Received: 1073741824 bytes (1073741824 raw bytes)] [Duration: 293.07403898239136 seconds] [Bitrate: 29309776.53914991 bit/s]
2018-07-04 21:34:36,993 | client           | INFO     | PID=30059 | Socket closed
2018-07-04 21:34:38,233 | client           | INFO     | PID=30058 | [SUMMARY] [Received: 1073741824 bytes (100.000% of 1073741824 raw bytes)] [Duration: 293.07403898239136 seconds] [Bitrate: 29309776.53914991 bit/s]

 Performance counter stats for 'CPU(s) 1-2':

     588856.142962      task-clock (msec)         #    2.000 CPUs utilized            (100.00%)
             7,576      context-switches          #    0.013 K/sec                    (100.00%)
                 1      cpu-migrations            #    0.000 K/sec                    (100.00%)
         1,125,571      page-faults               #    0.002 M/sec                  
    39,746,486,021      cycles                    #    0.067 GHz                      (100.00%)
   <not supported>      stalled-cycles-frontend  
   <not supported>      stalled-cycles-backend   
    93,312,928,628      instructions              #    2.35  insns per cycle          (100.00%)
    23,451,152,420      branches                  #   39.825 M/sec                    (100.00%)
        36,766,093      branch-misses             #    0.16% of all branches        

     294.434044665 seconds time elapsed