LC_NUMERIC=en_US.UTF8 perf stat -B -C 1-2 taskset -c 2 /tmp/eucycles/pyben-nio/src/run --server start --bind 10.10.1.4 --size 178956971 --port 8881 --filename /tmp/eucycles/data_file --bufsize 50mb --method "match; func=lambda v: v - 48 < 7; sztype=BEFORE"

2018-07-03 06:39:14,555 | server           | INFO     | PID=4691 | [bufsize: 52428800 bytes] [zerocopy: False]
2018-07-03 06:39:14,569 | methods.match    | INFO     | PID=4691 | [method: methods.match]
2018-07-03 06:39:14,569 | methods.match    | INFO     | PID=4691 | [method parameters: {'mpws': '50MB', 'sztype': 'BEFORE', 'func': 'lambda v: v - 48 < 7'}]
2018-07-03 06:39:14,590 | methods.match    | INFO     | PID=4691 | Start 1 process to handle data filtering
2018-07-03 06:39:14,590 | server           | INFO     | PID=4691 | Ready to send 178956971 bytes using data file size of 1073741824 bytes
2018-07-03 06:39:14,590 | server           | INFO     | PID=4691 | Listening socket bound to port 8881
2018-07-03 06:39:22,776 | server           | INFO     | PID=4691 | Accepted incoming connection ('10.10.1.1', 43779) from client. Sending data ...
2018-07-03 06:40:08,905 | server           | INFO     | PID=4691 | [SUMMARY] [Sent: 125259083 bytes] [Read: 125259083 bytes (69.994% of 178956971 raw bytes)] [Duration: 46.12790584564209 seconds] [Bitrate: 21723784.022479534 bit/s]
2018-07-03 06:40:08,905 | server           | INFO     | PID=4691 | Resources closed, now exiting

 Performance counter stats for 'CPU(s) 1-2':

     108970.622696      task-clock (msec)         #    2.000 CPUs utilized            (100.00%)
             3,488      context-switches          #    0.032 K/sec                    (100.00%)
                 1      cpu-migrations            #    0.000 K/sec                    (100.00%)
            46,774      page-faults               #    0.429 K/sec                  
   107,806,264,635      cycles                    #    0.989 GHz                      (100.00%)
   <not supported>      stalled-cycles-frontend  
   <not supported>      stalled-cycles-backend   
   305,341,728,503      instructions              #    2.83  insns per cycle          (100.00%)
    58,301,535,760      branches                  #  535.021 M/sec                    (100.00%)
        80,584,155      branch-misses             #    0.14% of all branches        

      54.485684063 seconds time elapsed