LC_NUMERIC=en_US.UTF8 perf stat -B -C 1-2 taskset -c 2 /tmp/eucycles/pyben-nio/src/run --server start --bind 10.10.1.2 --size 1073741824 --port 8881 --filename /tmp/eucycles/data_file --bufsize 50mb --method "match; func=lambda v: v - 48 < 2; sztype=BEFORE"

2018-07-04 15:14:38,266 | server           | INFO     | PID=354 | [bufsize: 52428800 bytes] [zerocopy: False]
2018-07-04 15:14:38,280 | methods.match    | INFO     | PID=354 | [method: methods.match]
2018-07-04 15:14:38,280 | methods.match    | INFO     | PID=354 | [method parameters: {'func': 'lambda v: v - 48 < 2', 'mpws': '50MB', 'sztype': 'BEFORE'}]
2018-07-04 15:14:38,300 | methods.match    | INFO     | PID=354 | Start 1 process to handle data filtering
2018-07-04 15:14:38,300 | server           | INFO     | PID=354 | Ready to send 1073741824 bytes using data file size of 1073741824 bytes
2018-07-04 15:14:38,300 | server           | INFO     | PID=354 | Listening socket bound to port 8881
2018-07-04 15:14:42,622 | server           | INFO     | PID=354 | Accepted incoming connection ('10.10.1.1', 60027) from client. Sending data ...
2018-07-04 15:17:47,298 | server           | INFO     | PID=354 | [SUMMARY] [Sent: 214755914 bytes] [Read: 214755914 bytes (20.001% of 1073741824 raw bytes)] [Duration: 184.6755609512329 seconds] [Bitrate: 9303057.227229342 bit/s]
2018-07-04 15:17:47,298 | server           | INFO     | PID=354 | Resources closed, now exiting

 Performance counter stats for 'CPU(s) 1-2':

     378310.612850      task-clock (msec)         #    2.000 CPUs utilized            (100.00%)
            17,516      context-switches          #    0.046 K/sec                    (100.00%)
                 1      cpu-migrations            #    0.000 K/sec                    (100.00%)
            26,273      page-faults               #    0.069 K/sec                  
   465,791,994,678      cycles                    #    1.231 GHz                      (100.00%)
   <not supported>      stalled-cycles-frontend  
   <not supported>      stalled-cycles-backend   
 1,373,777,161,597      instructions              #    2.95  insns per cycle          (100.00%)
   256,944,402,166      branches                  #  679.189 M/sec                    (100.00%)
       343,763,526      branch-misses             #    0.13% of all branches        

     189.167377539 seconds time elapsed