LC_NUMERIC=en_US.UTF8 perf stat -B -C 1-2 taskset -c 2 /tmp/eucycles/pyben-nio/src/run --server start --bind 10.10.1.3 --size 268435456 --port 8881 --filename /tmp/eucycles/data_file --bufsize 50mb --method "match; func=lambda v: v - 48 < 7; sztype=BEFORE"

2018-07-04 19:31:35,499 | server           | INFO     | PID=11677 | [bufsize: 52428800 bytes] [zerocopy: False]
2018-07-04 19:31:35,512 | methods.match    | INFO     | PID=11677 | [method: methods.match]
2018-07-04 19:31:35,513 | methods.match    | INFO     | PID=11677 | [method parameters: {'mpws': '50MB', 'func': 'lambda v: v - 48 < 7', 'sztype': 'BEFORE'}]
2018-07-04 19:31:35,533 | methods.match    | INFO     | PID=11677 | Start 1 process to handle data filtering
2018-07-04 19:31:35,533 | server           | INFO     | PID=11677 | Ready to send 268435456 bytes using data file size of 1073741824 bytes
2018-07-04 19:31:35,533 | server           | INFO     | PID=11677 | Listening socket bound to port 8881
2018-07-04 19:31:42,409 | server           | INFO     | PID=11677 | Accepted incoming connection ('10.10.1.1', 50041) from client. Sending data ...
2018-07-04 19:32:47,869 | server           | INFO     | PID=11677 | [SUMMARY] [Sent: 187890503 bytes] [Read: 187890503 bytes (69.995% of 268435456 raw bytes)] [Duration: 65.46008205413818 seconds] [Bitrate: 22962452.487561114 bit/s]
2018-07-04 19:32:47,870 | server           | INFO     | PID=11677 | Resources closed, now exiting

 Performance counter stats for 'CPU(s) 1-2':

     144998.218729      task-clock (msec)         #    2.000 CPUs utilized            (100.00%)
             4,936      context-switches          #    0.034 K/sec                    (100.00%)
                 1      cpu-migrations            #    0.000 K/sec                    (100.00%)
           107,872      page-faults               #    0.744 K/sec                  
   159,522,933,339      cycles                    #    1.100 GHz                      (100.00%)
   <not supported>      stalled-cycles-frontend  
   <not supported>      stalled-cycles-backend   
   449,647,633,704      instructions              #    2.82  insns per cycle          (100.00%)
    85,018,232,865      branches                  #  586.340 M/sec                    (100.00%)
       119,872,291      branch-misses             #    0.14% of all branches        

      72.505235999 seconds time elapsed