LC_NUMERIC=en_US.UTF8 perf stat -B -C 1-2 taskset -c 2 /tmp/eucycles/pyben-nio/src/run --server start --bind 10.10.1.6 --size 153391689 --port 8881 --filename /tmp/eucycles/data_file --bufsize 50mb --method "match; func=lambda v: v - 48 < 4; sztype=BEFORE"

2018-07-03 03:56:15,169 | server           | INFO     | PID=13675 | [bufsize: 52428800 bytes] [zerocopy: False]
2018-07-03 03:56:15,183 | methods.match    | INFO     | PID=13675 | [method: methods.match]
2018-07-03 03:56:15,183 | methods.match    | INFO     | PID=13675 | [method parameters: {'func': 'lambda v: v - 48 < 4', 'sztype': 'BEFORE', 'mpws': '50MB'}]
2018-07-03 03:56:15,204 | methods.match    | INFO     | PID=13675 | Start 1 process to handle data filtering
2018-07-03 03:56:15,204 | server           | INFO     | PID=13675 | Ready to send 153391689 bytes using data file size of 1073741824 bytes
2018-07-03 03:56:15,204 | server           | INFO     | PID=13675 | Listening socket bound to port 8881
2018-07-03 03:56:22,199 | server           | INFO     | PID=13675 | Accepted incoming connection ('10.10.1.1', 60670) from client. Sending data ...
2018-07-03 03:56:53,602 | server           | INFO     | PID=13675 | [SUMMARY] [Sent: 61364412 bytes] [Read: 61364412 bytes (40.005% of 153391689 raw bytes)] [Duration: 31.40302014350891 seconds] [Bitrate: 15632741.49290617 bit/s]
2018-07-03 03:56:53,602 | server           | INFO     | PID=13675 | Resources closed, now exiting

 Performance counter stats for 'CPU(s) 1-2':

      77137.575132      task-clock (msec)         #    2.000 CPUs utilized            (100.00%)
             2,921      context-switches          #    0.038 K/sec                    (100.00%)
                 1      cpu-migrations            #    0.000 K/sec                    (100.00%)
            26,278      page-faults               #    0.341 K/sec                  
    94,582,092,008      cycles                    #    1.226 GHz                      (100.00%)
   <not supported>      stalled-cycles-frontend  
   <not supported>      stalled-cycles-backend   
   223,629,068,139      instructions              #    2.36  insns per cycle          (100.00%)
    42,134,658,660      branches                  #  546.227 M/sec                    (100.00%)
        86,042,161      branch-misses             #    0.20% of all branches        

      38.568750272 seconds time elapsed