LC_NUMERIC=en_US.UTF8 perf stat -B -C 1-2 taskset -c 2 /tmp/eucycles/pyben-nio/src/run --server start --bind 10.10.1.3 --size 214748365 --port 8881 --filename /tmp/eucycles/data_file --bufsize 50mb --method "match; func=lambda v: v - 48 < 8; sztype=BEFORE"

2018-07-03 07:13:17,143 | server           | INFO     | PID=9113 | [bufsize: 52428800 bytes] [zerocopy: False]
2018-07-03 07:13:17,157 | methods.match    | INFO     | PID=9113 | [method: methods.match]
2018-07-03 07:13:17,158 | methods.match    | INFO     | PID=9113 | [method parameters: {'func': 'lambda v: v - 48 < 8', 'mpws': '50MB', 'sztype': 'BEFORE'}]
2018-07-03 07:13:17,178 | methods.match    | INFO     | PID=9113 | Start 1 process to handle data filtering
2018-07-03 07:13:17,178 | server           | INFO     | PID=9113 | Ready to send 214748365 bytes using data file size of 1073741824 bytes
2018-07-03 07:13:17,178 | server           | INFO     | PID=9113 | Listening socket bound to port 8881
2018-07-03 07:13:25,460 | server           | INFO     | PID=9113 | Accepted incoming connection ('10.10.1.1', 37861) from client. Sending data ...
2018-07-03 07:14:22,463 | server           | INFO     | PID=9113 | [SUMMARY] [Sent: 171787723 bytes] [Read: 171787723 bytes (79.995% of 214748365 raw bytes)] [Duration: 57.00319695472717 seconds] [Bitrate: 24109205.40283893 bit/s]
2018-07-03 07:14:22,463 | server           | INFO     | PID=9113 | Resources closed, now exiting

 Performance counter stats for 'CPU(s) 1-2':

     130898.170387      task-clock (msec)         #    2.000 CPUs utilized            (100.00%)
             4,097      context-switches          #    0.031 K/sec                    (100.00%)
                 1      cpu-migrations            #    0.000 K/sec                    (100.00%)
            58,059      page-faults               #    0.444 K/sec                  
   135,810,893,456      cycles                    #    1.038 GHz                      (100.00%)
   <not supported>      stalled-cycles-frontend  
   <not supported>      stalled-cycles-backend   
   377,291,111,194      instructions              #    2.78  insns per cycle          (100.00%)
    71,539,750,398      branches                  #  546.530 M/sec                    (100.00%)
        71,743,521      branch-misses             #    0.10% of all branches        

      65.454585525 seconds time elapsed