LC_NUMERIC=en_US.UTF8 perf stat -B -C 1-2 taskset -c 2 /tmp/eucycles/pyben-nio/src/run --server start --bind 10.10.1.2 --size 357913942 --port 8881 --filename /tmp/eucycles/data_file --bufsize 50mb --method "match; func=lambda v: v - 48 < 6; sztype=BEFORE"

2018-07-03 05:25:27,113 | server           | INFO     | PID=25378 | [bufsize: 52428800 bytes] [zerocopy: False]
2018-07-03 05:25:27,127 | methods.match    | INFO     | PID=25378 | [method: methods.match]
2018-07-03 05:25:27,127 | methods.match    | INFO     | PID=25378 | [method parameters: {'func': 'lambda v: v - 48 < 6', 'mpws': '50MB', 'sztype': 'BEFORE'}]
2018-07-03 05:25:27,147 | methods.match    | INFO     | PID=25378 | Start 1 process to handle data filtering
2018-07-03 05:25:27,148 | server           | INFO     | PID=25378 | Ready to send 357913942 bytes using data file size of 1073741824 bytes
2018-07-03 05:25:27,148 | server           | INFO     | PID=25378 | Listening socket bound to port 8881
2018-07-03 05:25:34,065 | server           | INFO     | PID=25378 | Accepted incoming connection ('10.10.1.1', 57317) from client. Sending data ...
2018-07-03 05:26:57,997 | server           | INFO     | PID=25378 | [SUMMARY] [Sent: 214756472 bytes] [Read: 214756472 bytes (60.002% of 357913942 raw bytes)] [Duration: 83.93103790283203 seconds] [Bitrate: 20469802.57755193 bit/s]
2018-07-03 05:26:57,997 | server           | INFO     | PID=25378 | Resources closed, now exiting

 Performance counter stats for 'CPU(s) 1-2':

     182024.619942      task-clock (msec)         #    2.000 CPUs utilized            (100.00%)
             6,430      context-switches          #    0.035 K/sec                    (100.00%)
                 1      cpu-migrations            #    0.000 K/sec                    (100.00%)
            68,557      page-faults               #    0.377 K/sec                  
   209,066,968,885      cycles                    #    1.149 GHz                      (100.00%)
   <not supported>      stalled-cycles-frontend  
   <not supported>      stalled-cycles-backend   
   586,000,645,385      instructions              #    2.80  insns per cycle          (100.00%)
   111,724,716,407      branches                  #  613.789 M/sec                    (100.00%)
       201,965,470      branch-misses             #    0.18% of all branches        

      91.018029804 seconds time elapsed