LC_NUMERIC=en_US.UTF8 perf stat -B -C 1-2 taskset -c 2 /tmp/eucycles/pyben-nio/src/run --server start --bind 10.10.1.6 --size 153391689 --port 8881 --filename /tmp/eucycles/data_file --bufsize 50mb --method "match; func=lambda v: v - 48 < 6; sztype=BEFORE"

2018-07-03 05:15:33,453 | server           | INFO     | PID=17202 | [bufsize: 52428800 bytes] [zerocopy: False]
2018-07-03 05:15:33,467 | methods.match    | INFO     | PID=17202 | [method: methods.match]
2018-07-03 05:15:33,467 | methods.match    | INFO     | PID=17202 | [method parameters: {'func': 'lambda v: v - 48 < 6', 'sztype': 'BEFORE', 'mpws': '50MB'}]
2018-07-03 05:15:33,488 | methods.match    | INFO     | PID=17202 | Start 1 process to handle data filtering
2018-07-03 05:15:33,488 | server           | INFO     | PID=17202 | Ready to send 153391689 bytes using data file size of 1073741824 bytes
2018-07-03 05:15:33,488 | server           | INFO     | PID=17202 | Listening socket bound to port 8881
2018-07-03 05:15:40,488 | server           | INFO     | PID=17202 | Accepted incoming connection ('10.10.1.1', 46301) from client. Sending data ...
2018-07-03 05:16:19,201 | server           | INFO     | PID=17202 | [SUMMARY] [Sent: 92035079 bytes] [Read: 92035079 bytes (60.000% of 153391689 raw bytes)] [Duration: 38.712716817855835 seconds] [Bitrate: 19019089.656358045 bit/s]
2018-07-03 05:16:19,201 | server           | INFO     | PID=17202 | Resources closed, now exiting

 Performance counter stats for 'CPU(s) 1-2':

      91765.349450      task-clock (msec)         #    2.000 CPUs utilized            (100.00%)
             3,012      context-switches          #    0.033 K/sec                    (100.00%)
                 1      cpu-migrations            #    0.000 K/sec                    (100.00%)
            38,594      page-faults               #    0.421 K/sec                  
   113,334,707,518      cycles                    #    1.235 GHz                      (100.00%)
   <not supported>      stalled-cycles-frontend  
   <not supported>      stalled-cycles-backend   
   253,285,556,691      instructions              #    2.23  insns per cycle          (100.00%)
    48,449,560,059      branches                  #  527.972 M/sec                    (100.00%)
        87,895,703      branch-misses             #    0.18% of all branches        

      45.882668529 seconds time elapsed