LC_NUMERIC=en_US.UTF8 perf stat -B -C 1-2 taskset -c 2 /tmp/eucycles/pyben-nio/src/run --server start --bind 10.10.1.5 --size 134217728 --port 8881 --filename /tmp/eucycles/data_file --bufsize 50mb --method "match; func=lambda v: v - 48 < 0; sztype=BEFORE"

2018-07-03 01:26:06,664 | server           | INFO     | PID=6383 | [bufsize: 52428800 bytes] [zerocopy: False]
2018-07-03 01:26:06,679 | methods.match    | INFO     | PID=6383 | [method: methods.match]
2018-07-03 01:26:06,679 | methods.match    | INFO     | PID=6383 | [method parameters: {'func': 'lambda v: v - 48 < 0', 'sztype': 'BEFORE', 'mpws': '50MB'}]
2018-07-03 01:26:06,700 | methods.match    | INFO     | PID=6383 | Start 1 process to handle data filtering
2018-07-03 01:26:06,700 | server           | INFO     | PID=6383 | Ready to send 134217728 bytes using data file size of 1073741824 bytes
2018-07-03 01:26:06,700 | server           | INFO     | PID=6383 | Listening socket bound to port 8881
2018-07-03 01:26:16,317 | server           | INFO     | PID=6383 | Accepted incoming connection ('10.10.1.1', 36082) from client. Sending data ...
2018-07-03 01:26:35,094 | server           | INFO     | PID=6383 | [SUMMARY] [Sent: 0 bytes] [Read: 0 bytes (0.000% of 134217728 raw bytes)] [Duration: 18.775961875915527 seconds] [Bitrate: 0.0 bit/s]
2018-07-03 01:26:35,094 | server           | INFO     | PID=6383 | Resources closed, now exiting

 Performance counter stats for 'CPU(s) 1-2':

      57120.591232      task-clock (msec)         #    2.000 CPUs utilized            (100.00%)
             2,504      context-switches          #    0.044 K/sec                    (100.00%)
                 1      cpu-migrations            #    0.000 K/sec                    (100.00%)
            16,043      page-faults               #    0.281 K/sec                  
    47,819,107,209      cycles                    #    0.837 GHz                      (100.00%)
   <not supported>      stalled-cycles-frontend  
   <not supported>      stalled-cycles-backend   
   146,258,042,231      instructions              #    3.06  insns per cycle          (100.00%)
    26,783,676,836      branches                  #  468.897 M/sec                    (100.00%)
        16,220,964      branch-misses             #    0.06% of all branches        

      28.562808235 seconds time elapsed