LC_NUMERIC=en_US.UTF8 perf stat -B -C 1-2 taskset -c 2 /tmp/eucycles/pyben-nio/src/run --server start --bind 10.10.1.6 --size 214748364 --port 8881 --filename /tmp/eucycles/data_file --bufsize 50mb --method "match; func=lambda v: v - 48 < 6; sztype=BEFORE"

2018-07-03 05:29:12,117 | server           | INFO     | PID=17641 | [bufsize: 52428800 bytes] [zerocopy: False]
2018-07-03 05:29:12,131 | methods.match    | INFO     | PID=17641 | [method: methods.match]
2018-07-03 05:29:12,132 | methods.match    | INFO     | PID=17641 | [method parameters: {'func': 'lambda v: v - 48 < 6', 'sztype': 'BEFORE', 'mpws': '50MB'}]
2018-07-03 05:29:12,152 | methods.match    | INFO     | PID=17641 | Start 1 process to handle data filtering
2018-07-03 05:29:12,152 | server           | INFO     | PID=17641 | Ready to send 214748364 bytes using data file size of 1073741824 bytes
2018-07-03 05:29:12,152 | server           | INFO     | PID=17641 | Listening socket bound to port 8881
2018-07-03 05:29:16,676 | server           | INFO     | PID=17641 | Accepted incoming connection ('10.10.1.1', 60750) from client. Sending data ...
2018-07-03 05:30:07,387 | server           | INFO     | PID=17641 | [SUMMARY] [Sent: 128849975 bytes] [Read: 128849975 bytes (60.000% of 214748364 raw bytes)] [Duration: 50.70999813079834 seconds] [Bitrate: 20327348.412461318 bit/s]
2018-07-03 05:30:07,387 | server           | INFO     | PID=17641 | Resources closed, now exiting

 Performance counter stats for 'CPU(s) 1-2':

     110723.106488      task-clock (msec)         #    2.000 CPUs utilized            (100.00%)
             3,790      context-switches          #    0.034 K/sec                    (100.00%)
                 1      cpu-migrations            #    0.000 K/sec                    (100.00%)
            47,603      page-faults               #    0.430 K/sec                  
   149,693,036,500      cycles                    #    1.352 GHz                      (100.00%)
   <not supported>      stalled-cycles-frontend  
   <not supported>      stalled-cycles-backend   
   355,503,047,623      instructions              #    2.37  insns per cycle          (100.00%)
    68,113,451,004      branches                  #  615.169 M/sec                    (100.00%)
       122,055,406      branch-misses             #    0.18% of all branches        

      55.361571925 seconds time elapsed