LC_NUMERIC=en_US.UTF8 perf stat -B -C 1-2 taskset -c 2 /tmp/eucycles/pyben-nio/src/run --server start --bind 10.10.1.5 --size 153391689 --port 8881 --filename /tmp/eucycles/data_file --bufsize 50mb --method "match; func=lambda v: v - 48 < 6; sztype=BEFORE"

2018-07-04 18:28:02,250 | server           | INFO     | PID=29984 | [bufsize: 52428800 bytes] [zerocopy: False]
2018-07-04 18:28:02,264 | methods.match    | INFO     | PID=29984 | [method: methods.match]
2018-07-04 18:28:02,264 | methods.match    | INFO     | PID=29984 | [method parameters: {'mpws': '50MB', 'func': 'lambda v: v - 48 < 6', 'sztype': 'BEFORE'}]
2018-07-04 18:28:02,285 | methods.match    | INFO     | PID=29984 | Start 1 process to handle data filtering
2018-07-04 18:28:02,285 | server           | INFO     | PID=29984 | Ready to send 153391689 bytes using data file size of 1073741824 bytes
2018-07-04 18:28:02,285 | server           | INFO     | PID=29984 | Listening socket bound to port 8881
2018-07-04 18:28:10,578 | server           | INFO     | PID=29984 | Accepted incoming connection ('10.10.1.1', 33127) from client. Sending data ...
2018-07-04 18:28:48,896 | server           | INFO     | PID=29984 | [SUMMARY] [Sent: 92027532 bytes] [Read: 92027532 bytes (59.995% of 153391689 raw bytes)] [Duration: 38.31797409057617 seconds] [Bitrate: 19213444.17269347 bit/s]
2018-07-04 18:28:48,896 | server           | INFO     | PID=29984 | Resources closed, now exiting

 Performance counter stats for 'CPU(s) 1-2':

      93553.830484      task-clock (msec)         #    2.000 CPUs utilized            (100.00%)
             3,000      context-switches          #    0.032 K/sec                    (100.00%)
                 1      cpu-migrations            #    0.000 K/sec                    (100.00%)
            53,579      page-faults               #    0.573 K/sec                  
    89,293,729,147      cycles                    #    0.954 GHz                      (100.00%)
   <not supported>      stalled-cycles-frontend  
   <not supported>      stalled-cycles-backend   
   251,395,199,967      instructions              #    2.82  insns per cycle          (100.00%)
    47,932,294,357      branches                  #  512.350 M/sec                    (100.00%)
        87,946,745      branch-misses             #    0.18% of all branches        

      46.781137739 seconds time elapsed