LC_NUMERIC=en_US.UTF8 perf stat -B -C 1-2 taskset -c 2 /tmp/eucycles/pyben-nio/src/run --server start --bind 10.10.1.4 --size 357913941 --port 8881 --filename /tmp/eucycles/data_file --bufsize 50mb --method "match; func=lambda v: v - 48 < 4; sztype=BEFORE"

2018-07-03 03:50:07,513 | server           | INFO     | PID=15688 | [bufsize: 52428800 bytes] [zerocopy: False]
2018-07-03 03:50:07,527 | methods.match    | INFO     | PID=15688 | [method: methods.match]
2018-07-03 03:50:07,527 | methods.match    | INFO     | PID=15688 | [method parameters: {'sztype': 'BEFORE', 'func': 'lambda v: v - 48 < 4', 'mpws': '50MB'}]
2018-07-03 03:50:07,548 | methods.match    | INFO     | PID=15688 | Start 1 process to handle data filtering
2018-07-03 03:50:07,548 | server           | INFO     | PID=15688 | Ready to send 357913941 bytes using data file size of 1073741824 bytes
2018-07-03 03:50:07,548 | server           | INFO     | PID=15688 | Listening socket bound to port 8881
2018-07-03 03:50:12,067 | server           | INFO     | PID=15688 | Accepted incoming connection ('10.10.1.1', 43469) from client. Sending data ...
2018-07-03 03:51:28,425 | server           | INFO     | PID=15688 | [SUMMARY] [Sent: 143151592 bytes] [Read: 143151592 bytes (39.996% of 357913941 raw bytes)] [Duration: 76.35718297958374 seconds] [Bitrate: 14998100.916140465 bit/s]
2018-07-03 03:51:28,425 | server           | INFO     | PID=15688 | Resources closed, now exiting

 Performance counter stats for 'CPU(s) 1-2':

     162010.524729      task-clock (msec)         #    2.000 CPUs utilized            (100.00%)
             5,959      context-switches          #    0.037 K/sec                    (100.00%)
                 1      cpu-migrations            #    0.000 K/sec                    (100.00%)
            26,253      page-faults               #    0.162 K/sec                  
   192,065,343,790      cycles                    #    1.186 GHz                      (100.00%)
   <not supported>      stalled-cycles-frontend  
   <not supported>      stalled-cycles-backend   
   532,212,428,402      instructions              #    2.77  insns per cycle          (100.00%)
   101,026,444,910      branches                  #  623.580 M/sec                    (100.00%)
       197,299,622      branch-misses             #    0.20% of all branches        

      81.005902124 seconds time elapsed