LC_NUMERIC=en_US.UTF8 perf stat -B -C 1-2 taskset -c 2 /tmp/eucycles/pyben-nio/src/run --server start --bind 10.10.1.4 --size 134217728 --port 8881 --filename /tmp/eucycles/data_file --bufsize 50mb --method "match; func=lambda v: v - 48 < 3; sztype=BEFORE"

2018-07-03 03:13:13,642 | server           | INFO     | PID=13672 | [bufsize: 52428800 bytes] [zerocopy: False]
2018-07-03 03:13:13,657 | methods.match    | INFO     | PID=13672 | [method: methods.match]
2018-07-03 03:13:13,657 | methods.match    | INFO     | PID=13672 | [method parameters: {'func': 'lambda v: v - 48 < 3', 'mpws': '50MB', 'sztype': 'BEFORE'}]
2018-07-03 03:13:13,677 | methods.match    | INFO     | PID=13672 | Start 1 process to handle data filtering
2018-07-03 03:13:13,678 | server           | INFO     | PID=13672 | Ready to send 134217728 bytes using data file size of 1073741824 bytes
2018-07-03 03:13:13,678 | server           | INFO     | PID=13672 | Listening socket bound to port 8881
2018-07-03 03:13:24,517 | server           | INFO     | PID=13672 | Accepted incoming connection ('10.10.1.1', 48792) from client. Sending data ...
2018-07-03 03:13:50,424 | server           | INFO     | PID=13672 | [SUMMARY] [Sent: 40255165 bytes] [Read: 40255165 bytes (29.992% of 134217728 raw bytes)] [Duration: 25.906685829162598 seconds] [Bitrate: 12430818.906117471 bit/s]
2018-07-03 03:13:50,425 | server           | INFO     | PID=13672 | Resources closed, now exiting

 Performance counter stats for 'CPU(s) 1-2':

      73838.587242      task-clock (msec)         #    2.000 CPUs utilized            (100.00%)
             2,644      context-switches          #    0.036 K/sec                    (100.00%)
                 1      cpu-migrations            #    0.000 K/sec                    (100.00%)
            23,722      page-faults               #    0.321 K/sec                  
    62,858,826,318      cycles                    #    0.851 GHz                      (100.00%)
   <not supported>      stalled-cycles-frontend  
   <not supported>      stalled-cycles-backend   
   180,890,398,048      instructions              #    2.88  insns per cycle          (100.00%)
    33,718,489,482      branches                  #  456.651 M/sec                    (100.00%)
        60,258,513      branch-misses             #    0.18% of all branches        

      36.919491347 seconds time elapsed