LC_NUMERIC=en_US.UTF8 perf stat -B -C 1-2 taskset -c 2 /tmp/eucycles/pyben-nio/src/run --server start --bind 10.10.1.8 --size 153391689 --port 8881 --filename /tmp/eucycles/data_file --bufsize 50mb --method "match; func=lambda v: v - 48 < 1; sztype=BEFORE"

2018-07-03 01:37:43,819 | server           | INFO     | PID=6027 | [bufsize: 52428800 bytes] [zerocopy: False]
2018-07-03 01:37:43,832 | methods.match    | INFO     | PID=6027 | [method: methods.match]
2018-07-03 01:37:43,833 | methods.match    | INFO     | PID=6027 | [method parameters: {'func': 'lambda v: v - 48 < 1', 'mpws': '50MB', 'sztype': 'BEFORE'}]
2018-07-03 01:37:43,853 | methods.match    | INFO     | PID=6027 | Start 1 process to handle data filtering
2018-07-03 01:37:43,853 | server           | INFO     | PID=6027 | Ready to send 153391689 bytes using data file size of 1073741824 bytes
2018-07-03 01:37:43,853 | server           | INFO     | PID=6027 | Listening socket bound to port 8881
2018-07-03 01:37:48,457 | server           | INFO     | PID=6027 | Accepted incoming connection ('10.10.1.1', 46914) from client. Sending data ...
2018-07-03 01:38:12,626 | server           | INFO     | PID=6027 | [SUMMARY] [Sent: 15347261 bytes] [Read: 15347261 bytes (10.005% of 153391689 raw bytes)] [Duration: 24.169402837753296 seconds] [Bitrate: 5079897.456474064 bit/s]
2018-07-03 01:38:12,626 | server           | INFO     | PID=6027 | Resources closed, now exiting

 Performance counter stats for 'CPU(s) 1-2':

      57797.787387      task-clock (msec)         #    2.000 CPUs utilized            (100.00%)
             2,625      context-switches          #    0.045 K/sec                    (100.00%)
                 1      cpu-migrations            #    0.000 K/sec                    (100.00%)
            18,559      page-faults               #    0.321 K/sec                  
    61,165,392,574      cycles                    #    1.058 GHz                      (100.00%)
   <not supported>      stalled-cycles-frontend  
   <not supported>      stalled-cycles-backend   
   183,971,314,360      instructions              #    3.01  insns per cycle          (100.00%)
    34,251,349,044      branches                  #  592.607 M/sec                    (100.00%)
        33,526,464      branch-misses             #    0.10% of all branches        

      28.899963622 seconds time elapsed