LC_NUMERIC=en_US.UTF8 perf stat -B -C 1-2 taskset -c 2 /tmp/eucycles/pyben-nio/src/run --server start --bind 10.10.1.3 --size 134217728 --port 8881 --filename /tmp/eucycles/data_file --bufsize 50mb --method "match; func=lambda v: v - 48 < 10; sztype=BEFORE"

2018-07-03 09:30:11,062 | server           | INFO     | PID=16920 | [bufsize: 52428800 bytes] [zerocopy: False]
2018-07-03 09:30:11,076 | methods.match    | INFO     | PID=16920 | [method: methods.match]
2018-07-03 09:30:11,077 | methods.match    | INFO     | PID=16920 | [method parameters: {'func': 'lambda v: v - 48 < 10', 'sztype': 'BEFORE', 'mpws': '50MB'}]
2018-07-03 09:30:11,097 | methods.match    | INFO     | PID=16920 | Start 1 process to handle data filtering
2018-07-03 09:30:11,097 | server           | INFO     | PID=16920 | Ready to send 134217728 bytes using data file size of 1073741824 bytes
2018-07-03 09:30:11,097 | server           | INFO     | PID=16920 | Listening socket bound to port 8881
2018-07-03 09:30:23,165 | server           | INFO     | PID=16920 | Accepted incoming connection ('10.10.1.1', 36416) from client. Sending data ...
2018-07-03 09:31:07,604 | server           | INFO     | PID=16920 | [SUMMARY] [Sent: 134217728 bytes] [Read: 134217728 bytes (100.000% of 134217728 raw bytes)] [Duration: 44.4389967918396 seconds] [Bitrate: 24162152.647810735 bit/s]
2018-07-03 09:31:07,605 | server           | INFO     | PID=16920 | Resources closed, now exiting

 Performance counter stats for 'CPU(s) 1-2':

     113344.553262      task-clock (msec)         #    2.000 CPUs utilized            (100.00%)
             2,808      context-switches          #    0.025 K/sec                    (100.00%)
                 1      cpu-migrations            #    0.000 K/sec                    (100.00%)
            48,887      page-faults               #    0.431 K/sec                  
    95,240,102,581      cycles                    #    0.840 GHz                      (100.00%)
   <not supported>      stalled-cycles-frontend  
   <not supported>      stalled-cycles-backend   
   266,200,482,270      instructions              #    2.80  insns per cycle          (100.00%)
    51,234,664,955      branches                  #  452.026 M/sec                    (100.00%)
        16,801,582      branch-misses             #    0.03% of all branches        

      56.677026520 seconds time elapsed