LC_NUMERIC=en_US.UTF8 perf stat -B -C 1-2 taskset -c 2 /tmp/eucycles/pyben-nio/src/run --server start --bind 10.10.1.7 --size 178956970 --port 8881 --filename /tmp/eucycles/data_file --bufsize 50mb --method "match; func=lambda v: v - 48 < 8; sztype=BEFORE"

2018-07-03 06:56:58,665 | server           | INFO     | PID=31010 | [bufsize: 52428800 bytes] [zerocopy: False]
2018-07-03 06:56:58,679 | methods.match    | INFO     | PID=31010 | [method: methods.match]
2018-07-03 06:56:58,679 | methods.match    | INFO     | PID=31010 | [method parameters: {'mpws': '50MB', 'sztype': 'BEFORE', 'func': 'lambda v: v - 48 < 8'}]
2018-07-03 06:56:58,700 | methods.match    | INFO     | PID=31010 | Start 1 process to handle data filtering
2018-07-03 06:56:58,700 | server           | INFO     | PID=31010 | Ready to send 178956970 bytes using data file size of 1073741824 bytes
2018-07-03 06:56:58,700 | server           | INFO     | PID=31010 | Listening socket bound to port 8881
2018-07-03 06:57:03,271 | server           | INFO     | PID=31010 | Accepted incoming connection ('10.10.1.1', 50985) from client. Sending data ...
2018-07-03 06:57:50,922 | server           | INFO     | PID=31010 | [SUMMARY] [Sent: 143164339 bytes] [Read: 143164339 bytes (79.999% of 178956970 raw bytes)] [Duration: 47.65013384819031 seconds] [Bitrate: 24035918.04482408 bit/s]
2018-07-03 06:57:50,922 | server           | INFO     | PID=31010 | Resources closed, now exiting

 Performance counter stats for 'CPU(s) 1-2':

     104690.620438      task-clock (msec)         #    2.000 CPUs utilized            (100.00%)
             3,222      context-switches          #    0.031 K/sec                    (100.00%)
                 1      cpu-migrations            #    0.000 K/sec                    (100.00%)
            51,039      page-faults               #    0.488 K/sec                  
   112,183,735,127      cycles                    #    1.072 GHz                      (100.00%)
   <not supported>      stalled-cycles-frontend  
   <not supported>      stalled-cycles-backend   
   317,325,089,360      instructions              #    2.83  insns per cycle          (100.00%)
    60,522,124,289      branches                  #  578.105 M/sec                    (100.00%)
        60,094,002      branch-misses             #    0.10% of all branches        

      52.349970613 seconds time elapsed