LC_NUMERIC=en_US.UTF8 perf stat -B -C 1-2 taskset -c 2 /tmp/eucycles/pyben-nio/src/run --server start --bind 10.10.1.2 --size 178956971 --port 8881 --filename /tmp/eucycles/data_file --bufsize 50mb --method "match; func=lambda v: v - 48 < 9; sztype=BEFORE"

2018-07-03 08:28:50,589 | server           | INFO     | PID=17245 | [bufsize: 52428800 bytes] [zerocopy: False]
2018-07-03 08:28:50,603 | methods.match    | INFO     | PID=17245 | [method: methods.match]
2018-07-03 08:28:50,604 | methods.match    | INFO     | PID=17245 | [method parameters: {'sztype': 'BEFORE', 'func': 'lambda v: v - 48 < 9', 'mpws': '50MB'}]
2018-07-03 08:28:50,624 | methods.match    | INFO     | PID=17245 | Start 1 process to handle data filtering
2018-07-03 08:28:50,624 | server           | INFO     | PID=17245 | Ready to send 178956971 bytes using data file size of 1073741824 bytes
2018-07-03 08:28:50,624 | server           | INFO     | PID=17245 | Listening socket bound to port 8881
2018-07-03 08:29:01,237 | server           | INFO     | PID=17245 | Accepted incoming connection ('10.10.1.1', 43190) from client. Sending data ...
2018-07-03 08:29:52,965 | server           | INFO     | PID=17245 | [SUMMARY] [Sent: 161063802 bytes] [Read: 161063802 bytes (90.001% of 178956971 raw bytes)] [Duration: 51.72768187522888 seconds] [Bitrate: 24909494.67072554 bit/s]
2018-07-03 08:29:52,965 | server           | INFO     | PID=17245 | Resources closed, now exiting

 Performance counter stats for 'CPU(s) 1-2':

     125010.440760      task-clock (msec)         #    2.000 CPUs utilized            (100.00%)
             3,548      context-switches          #    0.028 K/sec                    (100.00%)
                 1      cpu-migrations            #    0.000 K/sec                    (100.00%)
            55,442      page-faults               #    0.443 K/sec                  
   115,712,236,964      cycles                    #    0.926 GHz                      (100.00%)
   <not supported>      stalled-cycles-frontend  
   <not supported>      stalled-cycles-backend   
   329,161,643,840      instructions              #    2.84  insns per cycle          (100.00%)
    62,571,974,080      branches                  #  500.534 M/sec                    (100.00%)
        39,357,497      branch-misses             #    0.06% of all branches        

      62.509095233 seconds time elapsed