LC_NUMERIC=en_US.UTF8 perf stat -B -C 1-2 taskset -c 2 /tmp/eucycles/pyben-nio/src/run --server start --bind 10.10.1.7 --size 178956970 --port 8881 --filename /tmp/eucycles/data_file --bufsize 50mb --method "match; func=lambda v: v - 48 < 9; sztype=BEFORE"

2018-07-04 21:24:55,417 | server           | INFO     | PID=26282 | [bufsize: 52428800 bytes] [zerocopy: False]
2018-07-04 21:24:55,431 | methods.match    | INFO     | PID=26282 | [method: methods.match]
2018-07-04 21:24:55,431 | methods.match    | INFO     | PID=26282 | [method parameters: {'sztype': 'BEFORE', 'func': 'lambda v: v - 48 < 9', 'mpws': '50MB'}]
2018-07-04 21:24:55,452 | methods.match    | INFO     | PID=26282 | Start 1 process to handle data filtering
2018-07-04 21:24:55,452 | server           | INFO     | PID=26282 | Ready to send 178956970 bytes using data file size of 1073741824 bytes
2018-07-04 21:24:55,452 | server           | INFO     | PID=26282 | Listening socket bound to port 8881
2018-07-04 21:25:00,099 | server           | INFO     | PID=26282 | Accepted incoming connection ('10.10.1.1', 35756) from client. Sending data ...
2018-07-04 21:25:52,367 | server           | INFO     | PID=26282 | [SUMMARY] [Sent: 161063752 bytes] [Read: 161063752 bytes (90.001% of 178956970 raw bytes)] [Duration: 52.267958879470825 seconds] [Bitrate: 24652005.619184133 bit/s]
2018-07-04 21:25:52,368 | server           | INFO     | PID=26282 | Resources closed, now exiting

 Performance counter stats for 'CPU(s) 1-2':

     114077.243225      task-clock (msec)         #    2.000 CPUs utilized            (100.00%)
             3,318      context-switches          #    0.029 K/sec                    (100.00%)
                 1      cpu-migrations            #    0.000 K/sec                    (100.00%)
            94,734      page-faults               #    0.830 K/sec                  
   116,878,095,982      cycles                    #    1.025 GHz                      (100.00%)
   <not supported>      stalled-cycles-frontend  
   <not supported>      stalled-cycles-backend   
   332,133,242,776      instructions              #    2.84  insns per cycle          (100.00%)
    63,482,559,496      branches                  #  556.487 M/sec                    (100.00%)
        39,393,437      branch-misses             #    0.06% of all branches        

      57.043715603 seconds time elapsed