LC_NUMERIC=en_US.UTF8 perf stat -B -C 1-2 taskset -c 2 /tmp/eucycles/pyben-nio/src/run --server start --bind 10.10.1.3 --size 134217728 --port 8881 --filename /tmp/eucycles/data_file --bufsize 50mb --method "match; func=lambda v: v - 48 < 1; sztype=BEFORE"

2018-07-03 01:38:48,398 | server           | INFO     | PID=7945 | [bufsize: 52428800 bytes] [zerocopy: False]
2018-07-03 01:38:48,412 | methods.match    | INFO     | PID=7945 | [method: methods.match]
2018-07-03 01:38:48,412 | methods.match    | INFO     | PID=7945 | [method parameters: {'sztype': 'BEFORE', 'mpws': '50MB', 'func': 'lambda v: v - 48 < 1'}]
2018-07-03 01:38:48,432 | methods.match    | INFO     | PID=7945 | Start 1 process to handle data filtering
2018-07-03 01:38:48,432 | server           | INFO     | PID=7945 | Ready to send 134217728 bytes using data file size of 1073741824 bytes
2018-07-03 01:38:48,432 | server           | INFO     | PID=7945 | Listening socket bound to port 8881
2018-07-03 01:39:00,487 | server           | INFO     | PID=7945 | Accepted incoming connection ('10.10.1.1', 51554) from client. Sending data ...
2018-07-03 01:39:22,901 | server           | INFO     | PID=7945 | [SUMMARY] [Sent: 13418899 bytes] [Read: 13418899 bytes (9.998% of 134217728 raw bytes)] [Duration: 22.413668155670166 seconds] [Bitrate: 4789541.419744921 bit/s]
2018-07-03 01:39:22,901 | server           | INFO     | PID=7945 | Resources closed, now exiting

 Performance counter stats for 'CPU(s) 1-2':

      69272.337750      task-clock (msec)         #    2.000 CPUs utilized            (100.00%)
             2,594      context-switches          #    0.037 K/sec                    (100.00%)
                 1      cpu-migrations            #    0.000 K/sec                    (100.00%)
            18,596      page-faults               #    0.268 K/sec                  
    57,058,869,141      cycles                    #    0.824 GHz                      (100.00%)
   <not supported>      stalled-cycles-frontend  
   <not supported>      stalled-cycles-backend   
   164,920,618,792      instructions              #    2.89  insns per cycle          (100.00%)
    30,922,040,297      branches                  #  446.384 M/sec                    (100.00%)
        29,732,212      branch-misses             #    0.10% of all branches        

      34.639005150 seconds time elapsed