LC_NUMERIC=en_US.UTF8 perf stat -B -C 1-2 taskset -c 2 /tmp/eucycles/pyben-nio/src/run --server start --bind 10.10.1.7 --size 178956970 --port 8881 --filename /tmp/eucycles/data_file --bufsize 50mb --method "match; func=lambda v: v - 48 < 2; sztype=BEFORE"

2018-07-03 02:15:16,449 | server           | INFO     | PID=8061 | [bufsize: 52428800 bytes] [zerocopy: False]
2018-07-03 02:15:16,463 | methods.match    | INFO     | PID=8061 | [method: methods.match]
2018-07-03 02:15:16,463 | methods.match    | INFO     | PID=8061 | [method parameters: {'mpws': '50MB', 'func': 'lambda v: v - 48 < 2', 'sztype': 'BEFORE'}]
2018-07-03 02:15:16,484 | methods.match    | INFO     | PID=8061 | Start 1 process to handle data filtering
2018-07-03 02:15:16,484 | server           | INFO     | PID=8061 | Ready to send 178956970 bytes using data file size of 1073741824 bytes
2018-07-03 02:15:16,484 | server           | INFO     | PID=8061 | Listening socket bound to port 8881
2018-07-03 02:15:21,121 | server           | INFO     | PID=8061 | Accepted incoming connection ('10.10.1.1', 34527) from client. Sending data ...
2018-07-03 02:15:52,505 | server           | INFO     | PID=8061 | [SUMMARY] [Sent: 35800375 bytes] [Read: 35800375 bytes (20.005% of 178956970 raw bytes)] [Duration: 31.38404607772827 seconds] [Bitrate: 9125751.322524544 bit/s]
2018-07-03 02:15:52,505 | server           | INFO     | PID=8061 | Resources closed, now exiting

 Performance counter stats for 'CPU(s) 1-2':

      72292.926219      task-clock (msec)         #    2.000 CPUs utilized            (100.00%)
             3,086      context-switches          #    0.043 K/sec                    (100.00%)
                 1      cpu-migrations            #    0.000 K/sec                    (100.00%)
            21,119      page-faults               #    0.292 K/sec                  
    78,103,250,641      cycles                    #    1.080 GHz                      (100.00%)
   <not supported>      stalled-cycles-frontend  
   <not supported>      stalled-cycles-backend   
   226,391,683,070      instructions              #    2.90  insns per cycle          (100.00%)
    41,992,439,139      branches                  #  580.865 M/sec                    (100.00%)
        59,441,245      branch-misses             #    0.14% of all branches        

      36.149627573 seconds time elapsed