LC_NUMERIC=en_US.UTF8 perf stat -B -C 1-2 taskset -c 2 /tmp/eucycles/pyben-nio/src/run --server start --bind 10.10.1.2 --size 268435456 --port 8881 --filename /tmp/eucycles/data_file --bufsize 50mb --method "match; func=lambda v: v - 48 < 6; sztype=BEFORE"

2018-07-04 18:39:56,401 | server           | INFO     | PID=15202 | [bufsize: 52428800 bytes] [zerocopy: False]
2018-07-04 18:39:56,415 | methods.match    | INFO     | PID=15202 | [method: methods.match]
2018-07-04 18:39:56,415 | methods.match    | INFO     | PID=15202 | [method parameters: {'sztype': 'BEFORE', 'mpws': '50MB', 'func': 'lambda v: v - 48 < 6'}]
2018-07-04 18:39:56,436 | methods.match    | INFO     | PID=15202 | Start 1 process to handle data filtering
2018-07-04 18:39:56,436 | server           | INFO     | PID=15202 | Ready to send 268435456 bytes using data file size of 1073741824 bytes
2018-07-04 18:39:56,436 | server           | INFO     | PID=15202 | Listening socket bound to port 8881
2018-07-04 18:40:04,603 | server           | INFO     | PID=15202 | Accepted incoming connection ('10.10.1.1', 36122) from client. Sending data ...
2018-07-04 18:41:05,722 | server           | INFO     | PID=15202 | [SUMMARY] [Sent: 161067739 bytes] [Read: 161067739 bytes (60.002% of 268435456 raw bytes)] [Duration: 61.11870193481445 seconds] [Bitrate: 21082612.542626996 bit/s]
2018-07-04 18:41:05,722 | server           | INFO     | PID=15202 | Resources closed, now exiting

 Performance counter stats for 'CPU(s) 1-2':

     138902.143365      task-clock (msec)         #    2.000 CPUs utilized            (100.00%)
             4,837      context-switches          #    0.035 K/sec                    (100.00%)
                 1      cpu-migrations            #    0.000 K/sec                    (100.00%)
            69,791      page-faults               #    0.502 K/sec                  
   151,438,903,717      cycles                    #    1.090 GHz                      (100.00%)
   <not supported>      stalled-cycles-frontend  
   <not supported>      stalled-cycles-backend   
   427,592,810,695      instructions              #    2.82  insns per cycle          (100.00%)
    80,598,718,908      branches                  #  580.255 M/sec                    (100.00%)
       151,661,389      branch-misses             #    0.19% of all branches        

      69.455396655 seconds time elapsed