LC_NUMERIC=en_US.UTF8 perf stat -B -C 1-2 taskset -c 2 /tmp/eucycles/pyben-nio/src/run --server start --bind 10.10.1.2 --size 153391690 --port 8881 --filename /tmp/eucycles/data_file --bufsize 50mb --method "match; func=lambda v: v - 48 < 10; sztype=BEFORE"

2018-07-03 08:49:42,310 | server           | INFO     | PID=18546 | [bufsize: 52428800 bytes] [zerocopy: False]
2018-07-03 08:49:42,324 | methods.match    | INFO     | PID=18546 | [method: methods.match]
2018-07-03 08:49:42,324 | methods.match    | INFO     | PID=18546 | [method parameters: {'func': 'lambda v: v - 48 < 10', 'sztype': 'BEFORE', 'mpws': '50MB'}]
2018-07-03 08:49:42,345 | methods.match    | INFO     | PID=18546 | Start 1 process to handle data filtering
2018-07-03 08:49:42,345 | server           | INFO     | PID=18546 | Ready to send 153391690 bytes using data file size of 1073741824 bytes
2018-07-03 08:49:42,345 | server           | INFO     | PID=18546 | Listening socket bound to port 8881
2018-07-03 08:49:54,216 | server           | INFO     | PID=18546 | Accepted incoming connection ('10.10.1.1', 44338) from client. Sending data ...
2018-07-03 08:50:43,350 | server           | INFO     | PID=18546 | [SUMMARY] [Sent: 153391690 bytes] [Read: 153391690 bytes (100.000% of 153391690 raw bytes)] [Duration: 49.134498834609985 seconds] [Bitrate: 24974988.024821695 bit/s]
2018-07-03 08:50:43,351 | server           | INFO     | PID=18546 | Resources closed, now exiting

 Performance counter stats for 'CPU(s) 1-2':

     122341.928831      task-clock (msec)         #    2.000 CPUs utilized            (100.00%)
             3,124      context-switches          #    0.026 K/sec                    (100.00%)
                 1      cpu-migrations            #    0.000 K/sec                    (100.00%)
            53,559      page-faults               #    0.438 K/sec                  
   107,217,710,215      cycles                    #    0.876 GHz                      (100.00%)
   <not supported>      stalled-cycles-frontend  
   <not supported>      stalled-cycles-backend   
   299,881,176,964      instructions              #    2.80  insns per cycle          (100.00%)
    57,621,708,943      branches                  #  470.989 M/sec                    (100.00%)
        18,833,155      branch-misses             #    0.03% of all branches        

      61.174755728 seconds time elapsed