LC_NUMERIC=en_US.UTF8 perf stat -B -C 1-2 taskset -c 2 /tmp/eucycles/pyben-nio/src/run --server start --bind 10.10.1.4 --size 214748365 --port 8881 --filename /tmp/eucycles/data_file --bufsize 50mb --method "match; func=lambda v: v - 48 < 5; sztype=BEFORE"

2018-07-03 04:40:23,084 | server           | INFO     | PID=18701 | [bufsize: 52428800 bytes] [zerocopy: False]
2018-07-03 04:40:23,099 | methods.match    | INFO     | PID=18701 | [method: methods.match]
2018-07-03 04:40:23,099 | methods.match    | INFO     | PID=18701 | [method parameters: {'func': 'lambda v: v - 48 < 5', 'sztype': 'BEFORE', 'mpws': '50MB'}]
2018-07-03 04:40:23,119 | methods.match    | INFO     | PID=18701 | Start 1 process to handle data filtering
2018-07-03 04:40:23,120 | server           | INFO     | PID=18701 | Ready to send 214748365 bytes using data file size of 1073741824 bytes
2018-07-03 04:40:23,120 | server           | INFO     | PID=18701 | Listening socket bound to port 8881
2018-07-03 04:40:30,035 | server           | INFO     | PID=18701 | Accepted incoming connection ('10.10.1.1', 38619) from client. Sending data ...
2018-07-03 04:41:18,263 | server           | INFO     | PID=18701 | [SUMMARY] [Sent: 107359725 bytes] [Read: 107359725 bytes (49.993% of 214748365 raw bytes)] [Duration: 48.22794008255005 seconds] [Bitrate: 17808718.318258863 bit/s]
2018-07-03 04:41:18,263 | server           | INFO     | PID=18701 | Resources closed, now exiting

 Performance counter stats for 'CPU(s) 1-2':

     110631.408016      task-clock (msec)         #    2.000 CPUs utilized            (100.00%)
             3,942      context-switches          #    0.036 K/sec                    (100.00%)
                 1      cpu-migrations            #    0.000 K/sec                    (100.00%)
            28,837      page-faults               #    0.261 K/sec                  
   116,188,918,913      cycles                    #    1.050 GHz                      (100.00%)
   <not supported>      stalled-cycles-frontend  
   <not supported>      stalled-cycles-backend   
   324,411,729,605      instructions              #    2.79  insns per cycle          (100.00%)
    60,952,039,075      branches                  #  550.947 M/sec                    (100.00%)
       134,583,494      branch-misses             #    0.22% of all branches        

      55.316086519 seconds time elapsed