LC_NUMERIC=en_US.UTF8 perf stat -B -C 1-2 taskset -c 2 /tmp/eucycles/pyben-nio/src/run --server start --bind 10.10.1.6 --size 214748364 --port 8881 --filename /tmp/eucycles/data_file --bufsize 50mb --method "match; func=lambda v: v - 48 < 7; sztype=BEFORE"

2018-07-03 06:37:31,505 | server           | INFO     | PID=32372 | [bufsize: 52428800 bytes] [zerocopy: False]
2018-07-03 06:37:31,519 | methods.match    | INFO     | PID=32372 | [method: methods.match]
2018-07-03 06:37:31,520 | methods.match    | INFO     | PID=32372 | [method parameters: {'mpws': '50MB', 'func': 'lambda v: v - 48 < 7', 'sztype': 'BEFORE'}]
2018-07-03 06:37:31,540 | methods.match    | INFO     | PID=32372 | Start 1 process to handle data filtering
2018-07-03 06:37:31,540 | server           | INFO     | PID=32372 | Ready to send 214748364 bytes using data file size of 1073741824 bytes
2018-07-03 06:37:31,540 | server           | INFO     | PID=32372 | Listening socket bound to port 8881
2018-07-03 06:37:36,139 | server           | INFO     | PID=32372 | Accepted incoming connection ('10.10.1.1', 37961) from client. Sending data ...
2018-07-03 06:38:30,842 | server           | INFO     | PID=32372 | [SUMMARY] [Sent: 150329093 bytes] [Read: 150329093 bytes (70.002% of 214748364 raw bytes)] [Duration: 54.70308589935303 seconds] [Bitrate: 21984733.113826465 bit/s]
2018-07-03 06:38:30,842 | server           | INFO     | PID=32372 | Resources closed, now exiting

 Performance counter stats for 'CPU(s) 1-2':

     118857.843463      task-clock (msec)         #    2.000 CPUs utilized            (100.00%)
             3,809      context-switches          #    0.032 K/sec                    (100.00%)
                 1      cpu-migrations            #    0.000 K/sec                    (100.00%)
            52,794      page-faults               #    0.444 K/sec                  
   165,588,393,236      cycles                    #    1.393 GHz                      (100.00%)
   <not supported>      stalled-cycles-frontend  
   <not supported>      stalled-cycles-backend   
   375,271,336,200      instructions              #    2.27  insns per cycle          (100.00%)
    72,179,158,313      branches                  #  607.273 M/sec                    (100.00%)
        96,022,819      branch-misses             #    0.13% of all branches        

      59.428949757 seconds time elapsed