LC_NUMERIC=en_US.UTF8 perf stat -B -C 1-2 taskset -c 2 /tmp/eucycles/pyben-nio/src/run --server start --bind 10.10.1.5 --size 214748365 --port 8881 --filename /tmp/eucycles/data_file --bufsize 50mb --method "match; func=lambda v: v - 48 < 5; sztype=BEFORE"

2018-07-04 17:52:00,897 | server           | INFO     | PID=28074 | [bufsize: 52428800 bytes] [zerocopy: False]
2018-07-04 17:52:00,912 | methods.match    | INFO     | PID=28074 | [method: methods.match]
2018-07-04 17:52:00,912 | methods.match    | INFO     | PID=28074 | [method parameters: {'sztype': 'BEFORE', 'func': 'lambda v: v - 48 < 5', 'mpws': '50MB'}]
2018-07-04 17:52:00,932 | methods.match    | INFO     | PID=28074 | Start 1 process to handle data filtering
2018-07-04 17:52:00,932 | server           | INFO     | PID=28074 | Ready to send 214748365 bytes using data file size of 1073741824 bytes
2018-07-04 17:52:00,933 | server           | INFO     | PID=28074 | Listening socket bound to port 8881
2018-07-04 17:52:06,639 | server           | INFO     | PID=28074 | Accepted incoming connection ('10.10.1.1', 52374) from client. Sending data ...
2018-07-04 17:52:54,039 | server           | INFO     | PID=28074 | [SUMMARY] [Sent: 107373804 bytes] [Read: 107373804 bytes (50.000% of 214748365 raw bytes)] [Duration: 47.39989709854126 seconds] [Bitrate: 18122200.354448356 bit/s]
2018-07-04 17:52:54,039 | server           | INFO     | PID=28074 | Resources closed, now exiting

 Performance counter stats for 'CPU(s) 1-2':

     106544.743457      task-clock (msec)         #    2.000 CPUs utilized            (100.00%)
             3,974      context-switches          #    0.037 K/sec                    (100.00%)
                 1      cpu-migrations            #    0.000 K/sec                    (100.00%)
            41,631      page-faults               #    0.391 K/sec                  
   115,761,996,968      cycles                    #    1.087 GHz                      (100.00%)
   <not supported>      stalled-cycles-frontend  
   <not supported>      stalled-cycles-backend   
   324,463,678,808      instructions              #    2.80  insns per cycle          (100.00%)
    60,959,774,080      branches                  #  572.152 M/sec                    (100.00%)
       134,616,999      branch-misses             #    0.22% of all branches        

      53.277205015 seconds time elapsed