LC_NUMERIC=en_US.UTF8 perf stat -B -C 1-2 taskset -c 2 /tmp/eucycles/pyben-nio/src/run --server start --bind 10.10.1.4 --size 178956971 --port 8881 --filename /tmp/eucycles/data_file --bufsize 50mb --method "match; func=lambda v: v - 48 < 0; sztype=BEFORE"

2018-07-03 01:23:52,875 | server           | INFO     | PID=6368 | [bufsize: 52428800 bytes] [zerocopy: False]
2018-07-03 01:23:52,890 | methods.match    | INFO     | PID=6368 | [method: methods.match]
2018-07-03 01:23:52,890 | methods.match    | INFO     | PID=6368 | [method parameters: {'mpws': '50MB', 'func': 'lambda v: v - 48 < 0', 'sztype': 'BEFORE'}]
2018-07-03 01:23:52,911 | methods.match    | INFO     | PID=6368 | Start 1 process to handle data filtering
2018-07-03 01:23:52,911 | server           | INFO     | PID=6368 | Ready to send 178956971 bytes using data file size of 1073741824 bytes
2018-07-03 01:23:52,911 | server           | INFO     | PID=6368 | Listening socket bound to port 8881
2018-07-03 01:24:01,235 | server           | INFO     | PID=6368 | Accepted incoming connection ('10.10.1.1', 59740) from client. Sending data ...
2018-07-03 01:24:27,432 | server           | INFO     | PID=6368 | [SUMMARY] [Sent: 0 bytes] [Read: 0 bytes (0.000% of 178956971 raw bytes)] [Duration: 26.1963210105896 seconds] [Bitrate: 0.0 bit/s]
2018-07-03 01:24:27,432 | server           | INFO     | PID=6368 | Resources closed, now exiting

 Performance counter stats for 'CPU(s) 1-2':

      69387.134662      task-clock (msec)         #    2.000 CPUs utilized            (100.00%)
             3,190      context-switches          #    0.046 K/sec                    (100.00%)
                 1      cpu-migrations            #    0.000 K/sec                    (100.00%)
            16,033      page-faults               #    0.231 K/sec                  
    66,605,447,800      cycles                    #    0.960 GHz                      (100.00%)
   <not supported>      stalled-cycles-frontend  
   <not supported>      stalled-cycles-backend   
   200,444,283,848      instructions              #    3.01  insns per cycle          (100.00%)
    37,297,257,431      branches                  #  537.524 M/sec                    (100.00%)
        20,777,197      branch-misses             #    0.06% of all branches        

      34.693741430 seconds time elapsed