LC_NUMERIC=en_US.UTF8 perf stat -B -C 1-2 taskset -c 2 /tmp/eucycles/pyben-nio/src/run --server start --bind 10.10.1.2 --size 214748365 --port 8881 --filename /tmp/eucycles/data_file --bufsize 50mb --method "match; func=lambda v: v - 48 < 4; sztype=BEFORE"

2018-07-03 03:38:20,039 | server           | INFO     | PID=17907 | [bufsize: 52428800 bytes] [zerocopy: False]
2018-07-03 03:38:20,053 | methods.match    | INFO     | PID=17907 | [method: methods.match]
2018-07-03 03:38:20,054 | methods.match    | INFO     | PID=17907 | [method parameters: {'func': 'lambda v: v - 48 < 4', 'sztype': 'BEFORE', 'mpws': '50MB'}]
2018-07-03 03:38:20,074 | methods.match    | INFO     | PID=17907 | Start 1 process to handle data filtering
2018-07-03 03:38:20,074 | server           | INFO     | PID=17907 | Ready to send 214748365 bytes using data file size of 1073741824 bytes
2018-07-03 03:38:20,074 | server           | INFO     | PID=17907 | Listening socket bound to port 8881
2018-07-03 03:38:29,576 | server           | INFO     | PID=17907 | Accepted incoming connection ('10.10.1.1', 39832) from client. Sending data ...
2018-07-03 03:39:13,958 | server           | INFO     | PID=17907 | [SUMMARY] [Sent: 85899512 bytes] [Read: 85899512 bytes (40.000% of 214748365 raw bytes)] [Duration: 44.38165092468262 seconds] [Bitrate: 15483788.495524839 bit/s]
2018-07-03 03:39:13,958 | server           | INFO     | PID=17907 | Resources closed, now exiting

 Performance counter stats for 'CPU(s) 1-2':

     108100.782900      task-clock (msec)         #    2.000 CPUs utilized            (100.00%)
             3,918      context-switches          #    0.036 K/sec                    (100.00%)
                 1      cpu-migrations            #    0.000 K/sec                    (100.00%)
            26,272      page-faults               #    0.243 K/sec                  
   108,786,403,130      cycles                    #    1.006 GHz                      (100.00%)
   <not supported>      stalled-cycles-frontend  
   <not supported>      stalled-cycles-backend   
   310,253,193,975      instructions              #    2.85  insns per cycle          (100.00%)
    58,502,764,918      branches                  #  541.187 M/sec                    (100.00%)
       119,586,101      branch-misses             #    0.20% of all branches        

      54.053719880 seconds time elapsed