LC_NUMERIC=en_US.UTF8 perf stat -B -C 1-2 taskset -c 2 /tmp/eucycles/pyben-nio/src/run --server start --bind 10.10.1.5 --size 134217728 --port 8881 --filename /tmp/eucycles/data_file --bufsize 50mb --method "match; func=lambda v: v - 48 < 2; sztype=BEFORE"

2018-07-03 02:31:07,976 | server           | INFO     | PID=10274 | [bufsize: 52428800 bytes] [zerocopy: False]
2018-07-03 02:31:07,990 | methods.match    | INFO     | PID=10274 | [method: methods.match]
2018-07-03 02:31:07,991 | methods.match    | INFO     | PID=10274 | [method parameters: {'func': 'lambda v: v - 48 < 2', 'mpws': '50MB', 'sztype': 'BEFORE'}]
2018-07-03 02:31:08,011 | methods.match    | INFO     | PID=10274 | Start 1 process to handle data filtering
2018-07-03 02:31:08,011 | server           | INFO     | PID=10274 | Ready to send 134217728 bytes using data file size of 1073741824 bytes
2018-07-03 02:31:08,011 | server           | INFO     | PID=10274 | Listening socket bound to port 8881
2018-07-03 02:31:17,561 | server           | INFO     | PID=10274 | Accepted incoming connection ('10.10.1.1', 40865) from client. Sending data ...
2018-07-03 02:31:40,901 | server           | INFO     | PID=10274 | [SUMMARY] [Sent: 26841823 bytes] [Read: 26841823 bytes (19.999% of 134217728 raw bytes)] [Duration: 23.340212106704712 seconds] [Bitrate: 9200198.482271519 bit/s]
2018-07-03 02:31:40,901 | server           | INFO     | PID=10274 | Resources closed, now exiting

 Performance counter stats for 'CPU(s) 1-2':

      66109.366682      task-clock (msec)         #    2.000 CPUs utilized            (100.00%)
             2,594      context-switches          #    0.039 K/sec                    (100.00%)
                 1      cpu-migrations            #    0.000 K/sec                    (100.00%)
            21,161      page-faults               #    0.320 K/sec                  
    58,644,624,142      cycles                    #    0.887 GHz                      (100.00%)
   <not supported>      stalled-cycles-frontend  
   <not supported>      stalled-cycles-backend   
   172,031,206,951      instructions              #    2.93  insns per cycle          (100.00%)
    32,185,313,892      branches                  #  486.850 M/sec                    (100.00%)
        45,172,857      branch-misses             #    0.14% of all branches        

      33.057616305 seconds time elapsed