LC_NUMERIC=en_US.UTF8 perf stat -B -C 1-2 taskset -c 2 /tmp/eucycles/pyben-nio/src/run --server start --bind 10.10.1.3 --size 268435456 --port 8881 --filename /tmp/eucycles/data_file --bufsize 50mb --method "match; func=lambda v: v - 48 < 0; sztype=BEFORE"

2018-07-03 01:21:27,963 | server           | INFO     | PID=6469 | [bufsize: 52428800 bytes] [zerocopy: False]
2018-07-03 01:21:27,977 | methods.match    | INFO     | PID=6469 | [method: methods.match]
2018-07-03 01:21:27,977 | methods.match    | INFO     | PID=6469 | [method parameters: {'sztype': 'BEFORE', 'func': 'lambda v: v - 48 < 0', 'mpws': '50MB'}]
2018-07-03 01:21:27,998 | methods.match    | INFO     | PID=6469 | Start 1 process to handle data filtering
2018-07-03 01:21:27,998 | server           | INFO     | PID=6469 | Ready to send 268435456 bytes using data file size of 1073741824 bytes
2018-07-03 01:21:27,998 | server           | INFO     | PID=6469 | Listening socket bound to port 8881
2018-07-03 01:21:34,938 | server           | INFO     | PID=6469 | Accepted incoming connection ('10.10.1.1', 38890) from client. Sending data ...
2018-07-03 01:22:12,912 | server           | INFO     | PID=6469 | [SUMMARY] [Sent: 0 bytes] [Read: 0 bytes (0.000% of 268435456 raw bytes)] [Duration: 37.97385501861572 seconds] [Bitrate: 0.0 bit/s]
2018-07-03 01:22:12,912 | server           | INFO     | PID=6469 | Resources closed, now exiting

 Performance counter stats for 'CPU(s) 1-2':

      90161.619213      task-clock (msec)         #    2.000 CPUs utilized            (100.00%)
             4,586      context-switches          #    0.051 K/sec                    (100.00%)
                 1      cpu-migrations            #    0.000 K/sec                    (100.00%)
            16,042      page-faults               #    0.178 K/sec                  
    96,277,363,533      cycles                    #    1.068 GHz                      (100.00%)
   <not supported>      stalled-cycles-frontend  
   <not supported>      stalled-cycles-backend   
   292,168,957,567      instructions              #    3.03  insns per cycle          (100.00%)
    53,491,541,910      branches                  #  593.285 M/sec                    (100.00%)
        29,940,762      branch-misses             #    0.06% of all branches        

      45.084554822 seconds time elapsed