LC_NUMERIC=en_US.UTF8 perf stat -B -C 1-2 taskset -c 2 /tmp/eucycles/pyben-nio/src/run --server start --bind 10.10.1.5 --size 214748365 --port 8881 --filename /tmp/eucycles/data_file --bufsize 50mb --method "match; func=lambda v: v - 48 < 8; sztype=BEFORE"

2018-07-03 07:13:16,395 | server           | INFO     | PID=3841 | [bufsize: 52428800 bytes] [zerocopy: False]
2018-07-03 07:13:16,409 | methods.match    | INFO     | PID=3841 | [method: methods.match]
2018-07-03 07:13:16,409 | methods.match    | INFO     | PID=3841 | [method parameters: {'func': 'lambda v: v - 48 < 8', 'sztype': 'BEFORE', 'mpws': '50MB'}]
2018-07-03 07:13:16,430 | methods.match    | INFO     | PID=3841 | Start 1 process to handle data filtering
2018-07-03 07:13:16,430 | server           | INFO     | PID=3841 | Ready to send 214748365 bytes using data file size of 1073741824 bytes
2018-07-03 07:13:16,430 | server           | INFO     | PID=3841 | Listening socket bound to port 8881
2018-07-03 07:13:22,279 | server           | INFO     | PID=3841 | Accepted incoming connection ('10.10.1.1', 53352) from client. Sending data ...
2018-07-03 07:14:18,351 | server           | INFO     | PID=3841 | [SUMMARY] [Sent: 171789733 bytes] [Read: 171789733 bytes (79.996% of 214748365 raw bytes)] [Duration: 56.07233119010925 seconds] [Bitrate: 24509732.961529154 bit/s]
2018-07-03 07:14:18,351 | server           | INFO     | PID=3841 | Resources closed, now exiting

 Performance counter stats for 'CPU(s) 1-2':

     124168.913980      task-clock (msec)         #    2.000 CPUs utilized            (100.00%)
             4,085      context-switches          #    0.033 K/sec                    (100.00%)
                 1      cpu-migrations            #    0.000 K/sec                    (100.00%)
            58,073      page-faults               #    0.468 K/sec                  
   132,967,991,633      cycles                    #    1.071 GHz                      (100.00%)
   <not supported>      stalled-cycles-frontend  
   <not supported>      stalled-cycles-backend   
   377,287,143,341      instructions              #    2.84  insns per cycle          (100.00%)
    71,538,467,821      branches                  #  576.138 M/sec                    (100.00%)
        71,587,485      branch-misses             #    0.10% of all branches        

      62.090117932 seconds time elapsed