LC_NUMERIC=en_US.UTF8 perf stat -B -C 1-2 taskset -c 2 /tmp/eucycles/pyben-nio/src/run --server start --bind 10.10.1.2 --size 536870912 --port 8881 --filename /tmp/eucycles/data_file --bufsize 50mb --method "match; func=lambda v: v - 48 < 0; sztype=BEFORE"

2018-07-03 01:06:25,092 | server           | INFO     | PID=5571 | [bufsize: 52428800 bytes] [zerocopy: False]
2018-07-03 01:06:25,107 | methods.match    | INFO     | PID=5571 | [method: methods.match]
2018-07-03 01:06:25,107 | methods.match    | INFO     | PID=5571 | [method parameters: {'mpws': '50MB', 'sztype': 'BEFORE', 'func': 'lambda v: v - 48 < 0'}]
2018-07-03 01:06:25,127 | methods.match    | INFO     | PID=5571 | Start 1 process to handle data filtering
2018-07-03 01:06:25,128 | server           | INFO     | PID=5571 | Ready to send 536870912 bytes using data file size of 1073741824 bytes
2018-07-03 01:06:25,128 | server           | INFO     | PID=5571 | Listening socket bound to port 8881
2018-07-03 01:06:30,708 | server           | INFO     | PID=5571 | Accepted incoming connection ('10.10.1.1', 51311) from client. Sending data ...
2018-07-03 01:07:46,000 | server           | INFO     | PID=5571 | [SUMMARY] [Sent: 0 bytes] [Read: 0 bytes (0.000% of 536870912 raw bytes)] [Duration: 75.29126620292664 seconds] [Bitrate: 0.0 bit/s]
2018-07-03 01:07:46,000 | server           | INFO     | PID=5571 | Resources closed, now exiting

 Performance counter stats for 'CPU(s) 1-2':

     162073.104329      task-clock (msec)         #    2.000 CPUs utilized            (100.00%)
             8,790      context-switches          #    0.054 K/sec                    (100.00%)
                 1      cpu-migrations            #    0.000 K/sec                    (100.00%)
            16,037      page-faults               #    0.099 K/sec                  
   190,477,829,875      cycles                    #    1.175 GHz                      (100.00%)
   <not supported>      stalled-cycles-frontend  
   <not supported>      stalled-cycles-backend   
   583,992,966,478      instructions              #    3.07  insns per cycle          (100.00%)
   106,908,061,923      branches                  #  659.629 M/sec                    (100.00%)
        57,319,663      branch-misses             #    0.05% of all branches        

      81.041626384 seconds time elapsed