LC_NUMERIC=en_US.UTF8 perf stat -B -C 1-2 taskset -c 2 /tmp/eucycles/pyben-nio/src/run --server start --bind 10.10.1.3 --size 134217728 --port 8881 --filename /tmp/eucycles/data_file --bufsize 50mb --method "match; func=lambda v: v - 48 < 1; sztype=BEFORE"

2018-07-03 01:51:29,390 | server           | INFO     | PID=8934 | [bufsize: 52428800 bytes] [zerocopy: False]
2018-07-03 01:51:29,404 | methods.match    | INFO     | PID=8934 | [method: methods.match]
2018-07-03 01:51:29,405 | methods.match    | INFO     | PID=8934 | [method parameters: {'func': 'lambda v: v - 48 < 1', 'mpws': '50MB', 'sztype': 'BEFORE'}]
2018-07-03 01:51:29,425 | methods.match    | INFO     | PID=8934 | Start 1 process to handle data filtering
2018-07-03 01:51:29,425 | server           | INFO     | PID=8934 | Ready to send 134217728 bytes using data file size of 1073741824 bytes
2018-07-03 01:51:29,425 | server           | INFO     | PID=8934 | Listening socket bound to port 8881
2018-07-03 01:51:41,474 | server           | INFO     | PID=8934 | Accepted incoming connection ('10.10.1.1', 58703) from client. Sending data ...
2018-07-03 01:52:02,818 | server           | INFO     | PID=8934 | [SUMMARY] [Sent: 13418899 bytes] [Read: 13418899 bytes (9.998% of 134217728 raw bytes)] [Duration: 21.344147205352783 seconds] [Bitrate: 5029537.651102686 bit/s]
2018-07-03 01:52:02,819 | server           | INFO     | PID=8934 | Resources closed, now exiting

 Performance counter stats for 'CPU(s) 1-2':

      67121.624974      task-clock (msec)         #    2.000 CPUs utilized            (100.00%)
             2,580      context-switches          #    0.038 K/sec                    (100.00%)
                 1      cpu-migrations            #    0.000 K/sec                    (100.00%)
            18,586      page-faults               #    0.277 K/sec                  
    54,096,732,873      cycles                    #    0.806 GHz                      (100.00%)
   <not supported>      stalled-cycles-frontend  
   <not supported>      stalled-cycles-backend   
   158,879,545,924      instructions              #    2.94  insns per cycle          (100.00%)
    29,311,069,667      branches                  #  436.686 M/sec                    (100.00%)
        29,751,382      branch-misses             #    0.10% of all branches        

      33.563557909 seconds time elapsed