LC_NUMERIC=en_US.UTF8 perf stat -B -C 1-2 taskset -c 2 /tmp/eucycles/pyben-nio/src/run --server start --bind 10.10.1.9 --size 134217728 --port 8881 --filename /tmp/eucycles/data_file --bufsize 50mb --method "match; func=lambda v: v - 48 < 2; sztype=BEFORE"

2018-07-03 02:17:49,283 | server           | INFO     | PID=7181 | [bufsize: 52428800 bytes] [zerocopy: False]
2018-07-03 02:17:49,297 | methods.match    | INFO     | PID=7181 | [method: methods.match]
2018-07-03 02:17:49,297 | methods.match    | INFO     | PID=7181 | [method parameters: {'sztype': 'BEFORE', 'func': 'lambda v: v - 48 < 2', 'mpws': '50MB'}]
2018-07-03 02:17:49,317 | methods.match    | INFO     | PID=7181 | Start 1 process to handle data filtering
2018-07-03 02:17:49,317 | server           | INFO     | PID=7181 | Ready to send 134217728 bytes using data file size of 1073741824 bytes
2018-07-03 02:17:49,317 | server           | INFO     | PID=7181 | Listening socket bound to port 8881
2018-07-03 02:17:53,955 | server           | INFO     | PID=7181 | Accepted incoming connection ('10.10.1.1', 59653) from client. Sending data ...
2018-07-03 02:18:17,277 | server           | INFO     | PID=7181 | [SUMMARY] [Sent: 26836716 bytes] [Read: 26836716 bytes (19.995% of 134217728 raw bytes)] [Duration: 23.3222439289093 seconds] [Bitrate: 9205534.795640929 bit/s]
2018-07-03 02:18:17,277 | server           | INFO     | PID=7181 | Resources closed, now exiting

 Performance counter stats for 'CPU(s) 1-2':

      56174.712510      task-clock (msec)         #    2.000 CPUs utilized            (100.00%)
             2,343      context-switches          #    0.042 K/sec                    (100.00%)
                 1      cpu-migrations            #    0.000 K/sec                    (100.00%)
            21,129      page-faults               #    0.376 K/sec                  
    58,052,467,254      cycles                    #    1.033 GHz                      (100.00%)
   <not supported>      stalled-cycles-frontend  
   <not supported>      stalled-cycles-backend   
   169,867,927,091      instructions              #    2.93  insns per cycle          (100.00%)
    31,510,360,471      branches                  #  560.935 M/sec                    (100.00%)
        45,122,038      branch-misses             #    0.14% of all branches        

      28.088865582 seconds time elapsed