LC_NUMERIC=en_US.UTF8 perf stat -B -C 1-2 taskset -c 2 /tmp/eucycles/pyben-nio/src/run --server start --bind 10.10.1.2 --size 153391690 --port 8881 --filename /tmp/eucycles/data_file --bufsize 50mb --method "match; func=lambda v: v - 48 < 7; sztype=BEFORE"

2018-07-03 06:40:37,018 | server           | INFO     | PID=30586 | [bufsize: 52428800 bytes] [zerocopy: False]
2018-07-03 06:40:37,032 | methods.match    | INFO     | PID=30586 | [method: methods.match]
2018-07-03 06:40:37,033 | methods.match    | INFO     | PID=30586 | [method parameters: {'sztype': 'BEFORE', 'mpws': '50MB', 'func': 'lambda v: v - 48 < 7'}]
2018-07-03 06:40:37,053 | methods.match    | INFO     | PID=30586 | Start 1 process to handle data filtering
2018-07-03 06:40:37,053 | server           | INFO     | PID=30586 | Ready to send 153391690 bytes using data file size of 1073741824 bytes
2018-07-03 06:40:37,053 | server           | INFO     | PID=30586 | Listening socket bound to port 8881
2018-07-03 06:40:49,013 | server           | INFO     | PID=30586 | Accepted incoming connection ('10.10.1.1', 39474) from client. Sending data ...
2018-07-03 06:41:27,095 | server           | INFO     | PID=30586 | [SUMMARY] [Sent: 107372942 bytes] [Read: 107372942 bytes (69.999% of 153391690 raw bytes)] [Duration: 38.08156085014343 seconds] [Bitrate: 22556416.197860878 bit/s]
2018-07-03 06:41:27,095 | server           | INFO     | PID=30586 | Resources closed, now exiting

 Performance counter stats for 'CPU(s) 1-2':

     100416.085132      task-clock (msec)         #    2.000 CPUs utilized            (100.00%)
             3,052      context-switches          #    0.030 K/sec                    (100.00%)
                 1      cpu-migrations            #    0.000 K/sec                    (100.00%)
            42,329      page-faults               #    0.422 K/sec                  
    91,064,267,715      cycles                    #    0.907 GHz                      (100.00%)
   <not supported>      stalled-cycles-frontend  
   <not supported>      stalled-cycles-backend   
   257,022,330,788      instructions              #    2.82  insns per cycle          (100.00%)
    48,604,635,111      branches                  #  484.032 M/sec                    (100.00%)
        69,589,113      branch-misses             #    0.14% of all branches        

      50.211121924 seconds time elapsed