LC_NUMERIC=en_US.UTF8 perf stat -B -C 1-2 taskset -c 2 /tmp/eucycles/pyben-nio/src/run --server start --bind 10.10.1.2 --size 357913942 --port 8881 --filename /tmp/eucycles/data_file --bufsize 50mb --method "match; func=lambda v: v - 48 < 8; sztype=BEFORE"

2018-07-03 07:27:16,703 | server           | INFO     | PID=13336 | [bufsize: 52428800 bytes] [zerocopy: False]
2018-07-03 07:27:16,717 | methods.match    | INFO     | PID=13336 | [method: methods.match]
2018-07-03 07:27:16,717 | methods.match    | INFO     | PID=13336 | [method parameters: {'mpws': '50MB', 'sztype': 'BEFORE', 'func': 'lambda v: v - 48 < 8'}]
2018-07-03 07:27:16,738 | methods.match    | INFO     | PID=13336 | Start 1 process to handle data filtering
2018-07-03 07:27:16,738 | server           | INFO     | PID=13336 | Ready to send 357913942 bytes using data file size of 1073741824 bytes
2018-07-03 07:27:16,738 | server           | INFO     | PID=13336 | Listening socket bound to port 8881
2018-07-03 07:27:23,638 | server           | INFO     | PID=13336 | Accepted incoming connection ('10.10.1.1', 50363) from client. Sending data ...
2018-07-03 07:28:56,653 | server           | INFO     | PID=13336 | [SUMMARY] [Sent: 286337390 bytes] [Read: 286337390 bytes (80.002% of 357913942 raw bytes)] [Duration: 93.01506400108337 seconds] [Bitrate: 24627184.258813385 bit/s]
2018-07-03 07:28:56,653 | server           | INFO     | PID=13336 | Resources closed, now exiting

 Performance counter stats for 'CPU(s) 1-2':

     200155.228140      task-clock (msec)         #    2.000 CPUs utilized            (100.00%)
             6,524      context-switches          #    0.033 K/sec                    (100.00%)
                 1      cpu-migrations            #    0.000 K/sec                    (100.00%)
            86,030      page-faults               #    0.430 K/sec                  
   224,816,194,278      cycles                    #    1.123 GHz                      (100.00%)
   <not supported>      stalled-cycles-frontend  
   <not supported>      stalled-cycles-backend   
   628,600,264,197      instructions              #    2.80  insns per cycle          (100.00%)
   119,184,879,259      branches                  #  595.462 M/sec                    (100.00%)
       117,532,152      branch-misses             #    0.10% of all branches        

     100.083920295 seconds time elapsed