LC_NUMERIC=en_US.UTF8 perf stat -B -C 1-2 taskset -c 2 /tmp/eucycles/pyben-nio/src/run --server start --bind 10.10.1.8 --size 153391689 --port 8881 --filename /tmp/eucycles/data_file --bufsize 50mb --method "match; func=lambda v: v - 48 < 3; sztype=BEFORE"

2018-07-03 02:57:42,914 | server           | INFO     | PID=9231 | [bufsize: 52428800 bytes] [zerocopy: False]
2018-07-03 02:57:42,928 | methods.match    | INFO     | PID=9231 | [method: methods.match]
2018-07-03 02:57:42,928 | methods.match    | INFO     | PID=9231 | [method parameters: {'func': 'lambda v: v - 48 < 3', 'sztype': 'BEFORE', 'mpws': '50MB'}]
2018-07-03 02:57:42,949 | methods.match    | INFO     | PID=9231 | Start 1 process to handle data filtering
2018-07-03 02:57:42,949 | server           | INFO     | PID=9231 | Ready to send 153391689 bytes using data file size of 1073741824 bytes
2018-07-03 02:57:42,949 | server           | INFO     | PID=9231 | Listening socket bound to port 8881
2018-07-03 02:57:47,552 | server           | INFO     | PID=9231 | Accepted incoming connection ('10.10.1.1', 42153) from client. Sending data ...
2018-07-03 02:58:16,758 | server           | INFO     | PID=9231 | [SUMMARY] [Sent: 46030695 bytes] [Read: 46030695 bytes (30.009% of 153391689 raw bytes)] [Duration: 29.205703020095825 seconds] [Bitrate: 12608686.726240352 bit/s]
2018-07-03 02:58:16,758 | server           | INFO     | PID=9231 | Resources closed, now exiting

 Performance counter stats for 'CPU(s) 1-2':

      67870.880147      task-clock (msec)         #    2.000 CPUs utilized            (100.00%)
             2,659      context-switches          #    0.039 K/sec                    (100.00%)
                 1      cpu-migrations            #    0.000 K/sec                    (100.00%)
            23,690      page-faults               #    0.349 K/sec                  
    72,449,851,004      cycles                    #    1.067 GHz                      (100.00%)
   <not supported>      stalled-cycles-frontend  
   <not supported>      stalled-cycles-backend   
   206,681,275,649      instructions              #    2.85  insns per cycle          (100.00%)
    38,523,598,226      branches                  #  567.601 M/sec                    (100.00%)
        68,372,585      branch-misses             #    0.18% of all branches        

      33.936729017 seconds time elapsed