LC_NUMERIC=en_US.UTF8 perf stat -B -C 1-2 taskset -c 2 /tmp/eucycles/pyben-nio/src/run --server start --bind 10.10.1.2 --size 536870912 --port 8881 --filename /tmp/eucycles/data_file --bufsize 50mb --method "match; func=lambda v: v - 48 < 4; sztype=BEFORE"

2018-07-03 04:02:54,518 | server           | INFO     | PID=19674 | [bufsize: 52428800 bytes] [zerocopy: False]
2018-07-03 04:02:54,532 | methods.match    | INFO     | PID=19674 | [method: methods.match]
2018-07-03 04:02:54,533 | methods.match    | INFO     | PID=19674 | [method parameters: {'sztype': 'BEFORE', 'mpws': '50MB', 'func': 'lambda v: v - 48 < 4'}]
2018-07-03 04:02:54,553 | methods.match    | INFO     | PID=19674 | Start 1 process to handle data filtering
2018-07-03 04:02:54,553 | server           | INFO     | PID=19674 | Ready to send 536870912 bytes using data file size of 1073741824 bytes
2018-07-03 04:02:54,553 | server           | INFO     | PID=19674 | Listening socket bound to port 8881
2018-07-03 04:03:00,130 | server           | INFO     | PID=19674 | Accepted incoming connection ('10.10.1.1', 60102) from client. Sending data ...
2018-07-03 04:04:51,320 | server           | INFO     | PID=19674 | [SUMMARY] [Sent: 214747338 bytes] [Read: 214747338 bytes (40.000% of 536870912 raw bytes)] [Duration: 111.18902397155762 seconds] [Bitrate: 15450973.869862033 bit/s]
2018-07-03 04:04:51,320 | server           | INFO     | PID=19674 | Resources closed, now exiting

 Performance counter stats for 'CPU(s) 1-2':

     233857.381057      task-clock (msec)         #    2.000 CPUs utilized            (100.00%)
             9,126      context-switches          #    0.039 K/sec                    (100.00%)
                 1      cpu-migrations            #    0.000 K/sec                    (100.00%)
            26,272      page-faults               #    0.112 K/sec                  
   279,433,031,704      cycles                    #    1.195 GHz                      (100.00%)
   <not supported>      stalled-cycles-frontend  
   <not supported>      stalled-cycles-backend   
   798,150,151,254      instructions              #    2.86  insns per cycle          (100.00%)
   151,503,496,129      branches                  #  647.846 M/sec                    (100.00%)
       294,838,185      branch-misses             #    0.19% of all branches        

     116.936089888 seconds time elapsed