LC_NUMERIC=en_US.UTF8 perf stat -B -C 1-2 taskset -c 2 /tmp/eucycles/pyben-nio/src/run --server start --bind 10.10.1.7 --size 153391689 --port 8881 --filename /tmp/eucycles/data_file --bufsize 50mb --method "match; func=lambda v: v - 48 < 10; sztype=BEFORE"

2018-07-03 09:09:07,005 | server           | INFO     | PID=3197 | [bufsize: 52428800 bytes] [zerocopy: False]
2018-07-03 09:09:07,019 | methods.match    | INFO     | PID=3197 | [method: methods.match]
2018-07-03 09:09:07,019 | methods.match    | INFO     | PID=3197 | [method parameters: {'sztype': 'BEFORE', 'func': 'lambda v: v - 48 < 10', 'mpws': '50MB'}]
2018-07-03 09:09:07,040 | methods.match    | INFO     | PID=3197 | Start 1 process to handle data filtering
2018-07-03 09:09:07,040 | server           | INFO     | PID=3197 | Ready to send 153391689 bytes using data file size of 1073741824 bytes
2018-07-03 09:09:07,040 | server           | INFO     | PID=3197 | Listening socket bound to port 8881
2018-07-03 09:09:12,896 | server           | INFO     | PID=3197 | Accepted incoming connection ('10.10.1.1', 44770) from client. Sending data ...
2018-07-03 09:10:03,157 | server           | INFO     | PID=3197 | [SUMMARY] [Sent: 153391689 bytes] [Read: 153391689 bytes (100.000% of 153391689 raw bytes)] [Duration: 50.260627031326294 seconds] [Bitrate: 24415403.95497167 bit/s]
2018-07-03 09:10:03,157 | server           | INFO     | PID=3197 | Resources closed, now exiting

 Performance counter stats for 'CPU(s) 1-2':

     112566.351918      task-clock (msec)         #    2.000 CPUs utilized            (100.00%)
             3,119      context-switches          #    0.028 K/sec                    (100.00%)
                 1      cpu-migrations            #    0.000 K/sec                    (100.00%)
            53,565      page-faults               #    0.476 K/sec                  
   103,889,520,759      cycles                    #    0.923 GHz                      (100.00%)
   <not supported>      stalled-cycles-frontend  
   <not supported>      stalled-cycles-backend   
   297,574,330,322      instructions              #    2.86  insns per cycle          (100.00%)
    57,006,251,086      branches                  #  506.424 M/sec                    (100.00%)
        18,836,040      branch-misses             #    0.03% of all branches        

      56.288198491 seconds time elapsed