LC_NUMERIC=en_US.UTF8 perf stat -B -C 1-2 taskset -c 2 /tmp/eucycles/pyben-nio/src/run --server start --bind 10.10.1.3 --size 357913941 --port 8881 --filename /tmp/eucycles/data_file --bufsize 50mb --method "match; func=lambda v: v - 48 < 8; sztype=BEFORE"

2018-07-03 06:51:17,241 | server           | INFO     | PID=7780 | [bufsize: 52428800 bytes] [zerocopy: False]
2018-07-03 06:51:17,255 | methods.match    | INFO     | PID=7780 | [method: methods.match]
2018-07-03 06:51:17,255 | methods.match    | INFO     | PID=7780 | [method parameters: {'func': 'lambda v: v - 48 < 8', 'mpws': '50MB', 'sztype': 'BEFORE'}]
2018-07-03 06:51:17,276 | methods.match    | INFO     | PID=7780 | Start 1 process to handle data filtering
2018-07-03 06:51:17,276 | server           | INFO     | PID=7780 | Ready to send 357913941 bytes using data file size of 1073741824 bytes
2018-07-03 06:51:17,276 | server           | INFO     | PID=7780 | Listening socket bound to port 8881
2018-07-03 06:51:22,895 | server           | INFO     | PID=7780 | Accepted incoming connection ('10.10.1.1', 33994) from client. Sending data ...
2018-07-03 06:52:52,291 | server           | INFO     | PID=7780 | [SUMMARY] [Sent: 286324971 bytes] [Read: 286324971 bytes (79.998% of 357913941 raw bytes)] [Duration: 89.39577007293701 seconds] [Bitrate: 25623133.691125713 bit/s]
2018-07-03 06:52:52,291 | server           | INFO     | PID=7780 | Resources closed, now exiting

 Performance counter stats for 'CPU(s) 1-2':

     190354.831693      task-clock (msec)         #    2.000 CPUs utilized            (100.00%)
             6,478      context-switches          #    0.034 K/sec                    (100.00%)
                 1      cpu-migrations            #    0.000 K/sec                    (100.00%)
            86,038      page-faults               #    0.452 K/sec                  
   221,164,624,919      cycles                    #    1.162 GHz                      (100.00%)
   <not supported>      stalled-cycles-frontend  
   <not supported>      stalled-cycles-backend   
   628,582,314,554      instructions              #    2.84  insns per cycle          (100.00%)
   119,180,708,438      branches                  #  626.098 M/sec                    (100.00%)
       117,537,881      branch-misses             #    0.10% of all branches        

      95.185510967 seconds time elapsed