LC_NUMERIC=en_US.UTF8 perf stat -B -C 1-2 taskset -c 2 /tmp/eucycles/pyben-nio/src/run --server start --bind 10.10.1.2 --size 536870912 --port 8881 --filename /tmp/eucycles/data_file --bufsize 50mb --method "match; func=lambda v: v - 48 < 3; sztype=BEFORE"

2018-07-03 03:03:53,855 | server           | INFO     | PID=15293 | [bufsize: 52428800 bytes] [zerocopy: False]
2018-07-03 03:03:53,869 | methods.match    | INFO     | PID=15293 | [method: methods.match]
2018-07-03 03:03:53,869 | methods.match    | INFO     | PID=15293 | [method parameters: {'func': 'lambda v: v - 48 < 3', 'mpws': '50MB', 'sztype': 'BEFORE'}]
2018-07-03 03:03:53,890 | methods.match    | INFO     | PID=15293 | Start 1 process to handle data filtering
2018-07-03 03:03:53,890 | server           | INFO     | PID=15293 | Ready to send 536870912 bytes using data file size of 1073741824 bytes
2018-07-03 03:03:53,890 | server           | INFO     | PID=15293 | Listening socket bound to port 8881
2018-07-03 03:03:59,474 | server           | INFO     | PID=15293 | Accepted incoming connection ('10.10.1.1', 60291) from client. Sending data ...
2018-07-03 03:05:40,925 | server           | INFO     | PID=15293 | [SUMMARY] [Sent: 161065551 bytes] [Read: 161065551 bytes (30.001% of 536870912 raw bytes)] [Duration: 101.45126390457153 seconds] [Bitrate: 12700920.209451795 bit/s]
2018-07-03 03:05:40,925 | server           | INFO     | PID=15293 | Resources closed, now exiting

 Performance counter stats for 'CPU(s) 1-2':

     214396.328787      task-clock (msec)         #    2.000 CPUs utilized            (100.00%)
             9,026      context-switches          #    0.042 K/sec                    (100.00%)
                 1      cpu-migrations            #    0.000 K/sec                    (100.00%)
            23,725      page-faults               #    0.111 K/sec                  
   255,573,199,848      cycles                    #    1.192 GHz                      (100.00%)
   <not supported>      stalled-cycles-frontend  
   <not supported>      stalled-cycles-backend   
   739,111,738,741      instructions              #    2.89  insns per cycle          (100.00%)
   139,469,508,858      branches                  #  650.522 M/sec                    (100.00%)
       233,201,980      branch-misses             #    0.17% of all branches        

     107.204931590 seconds time elapsed