LC_NUMERIC=en_US.UTF8 perf stat -B -C 1-2 taskset -c 2 /tmp/eucycles/pyben-nio/src/run --server start --bind 10.10.1.5 --size 153391689 --port 8881 --filename /tmp/eucycles/data_file --bufsize 50mb --method "match; func=lambda v: v - 48 < 9; sztype=BEFORE"

2018-07-04 20:49:09,796 | server           | INFO     | PID=4208 | [bufsize: 52428800 bytes] [zerocopy: False]
2018-07-04 20:49:09,810 | methods.match    | INFO     | PID=4208 | [method: methods.match]
2018-07-04 20:49:09,810 | methods.match    | INFO     | PID=4208 | [method parameters: {'mpws': '50MB', 'func': 'lambda v: v - 48 < 9', 'sztype': 'BEFORE'}]
2018-07-04 20:49:09,831 | methods.match    | INFO     | PID=4208 | Start 1 process to handle data filtering
2018-07-04 20:49:09,831 | server           | INFO     | PID=4208 | Ready to send 153391689 bytes using data file size of 1073741824 bytes
2018-07-04 20:49:09,831 | server           | INFO     | PID=4208 | Listening socket bound to port 8881
2018-07-04 20:49:18,124 | server           | INFO     | PID=4208 | Accepted incoming connection ('10.10.1.1', 56455) from client. Sending data ...
2018-07-04 20:50:00,154 | server           | INFO     | PID=4208 | [SUMMARY] [Sent: 138047009 bytes] [Read: 138047009 bytes (89.996% of 153391689 raw bytes)] [Duration: 42.02927088737488 seconds] [Bitrate: 26276355.708367575 bit/s]
2018-07-04 20:50:00,154 | server           | INFO     | PID=4208 | Resources closed, now exiting

 Performance counter stats for 'CPU(s) 1-2':

     100972.666495      task-clock (msec)         #    2.000 CPUs utilized            (100.00%)
             3,076      context-switches          #    0.030 K/sec                    (100.00%)
                 1      cpu-migrations            #    0.000 K/sec                    (100.00%)
            83,542      page-faults               #    0.827 K/sec                  
    99,530,225,642      cycles                    #    0.986 GHz                      (100.00%)
   <not supported>      stalled-cycles-frontend  
   <not supported>      stalled-cycles-backend   
   282,276,618,892      instructions              #    2.84  insns per cycle          (100.00%)
    53,656,583,471      branches                  #  531.397 M/sec                    (100.00%)
        34,120,307      branch-misses             #    0.06% of all branches        

      50.490906227 seconds time elapsed