LC_NUMERIC=en_US.UTF8 perf stat -B -C 1-2 taskset -c 2 /tmp/eucycles/pyben-nio/src/run --server start --bind 10.10.1.5 --size 268435456 --port 8881 --filename /tmp/eucycles/data_file --bufsize 50mb --method "match; func=lambda v: v - 48 < 4; sztype=BEFORE"

2018-07-03 03:51:55,717 | server           | INFO     | PID=14477 | [bufsize: 52428800 bytes] [zerocopy: False]
2018-07-03 03:51:55,731 | methods.match    | INFO     | PID=14477 | [method: methods.match]
2018-07-03 03:51:55,731 | methods.match    | INFO     | PID=14477 | [method parameters: {'sztype': 'BEFORE', 'mpws': '50MB', 'func': 'lambda v: v - 48 < 4'}]
2018-07-03 03:51:55,752 | methods.match    | INFO     | PID=14477 | Start 1 process to handle data filtering
2018-07-03 03:51:55,752 | server           | INFO     | PID=14477 | Ready to send 268435456 bytes using data file size of 1073741824 bytes
2018-07-03 03:51:55,752 | server           | INFO     | PID=14477 | Listening socket bound to port 8881
2018-07-03 03:52:00,238 | server           | INFO     | PID=14477 | Accepted incoming connection ('10.10.1.1', 55227) from client. Sending data ...
2018-07-03 03:52:54,893 | server           | INFO     | PID=14477 | [SUMMARY] [Sent: 107364076 bytes] [Read: 107364076 bytes (39.996% of 268435456 raw bytes)] [Duration: 54.65558695793152 seconds] [Bitrate: 15715001.078683982 bit/s]
2018-07-03 03:52:54,894 | server           | INFO     | PID=14477 | Resources closed, now exiting

 Performance counter stats for 'CPU(s) 1-2':

     118528.119428      task-clock (msec)         #    2.000 CPUs utilized            (100.00%)
             4,548      context-switches          #    0.038 K/sec                    (100.00%)
                 1      cpu-migrations            #    0.000 K/sec                    (100.00%)
            26,239      page-faults               #    0.221 K/sec                  
   136,112,735,861      cycles                    #    1.148 GHz                      (100.00%)
   <not supported>      stalled-cycles-frontend  
   <not supported>      stalled-cycles-backend   
   383,405,093,560      instructions              #    2.82  insns per cycle          (100.00%)
    71,760,826,937      branches                  #  605.433 M/sec                    (100.00%)
       148,688,481      branch-misses             #    0.21% of all branches        

      59.269458118 seconds time elapsed