LC_NUMERIC=en_US.UTF8 perf stat -B -C 1-2 taskset -c 2 /tmp/eucycles/pyben-nio/src/run --server start --bind 10.10.1.4 --size 214748365 --port 8881 --filename /tmp/eucycles/data_file --bufsize 50mb --method "match; func=lambda v: v - 48 < 8; sztype=BEFORE"

2018-07-03 06:55:15,967 | server           | INFO     | PID=5476 | [bufsize: 52428800 bytes] [zerocopy: False]
2018-07-03 06:55:15,982 | methods.match    | INFO     | PID=5476 | [method: methods.match]
2018-07-03 06:55:15,982 | methods.match    | INFO     | PID=5476 | [method parameters: {'sztype': 'BEFORE', 'mpws': '50MB', 'func': 'lambda v: v - 48 < 8'}]
2018-07-03 06:55:16,002 | methods.match    | INFO     | PID=5476 | Start 1 process to handle data filtering
2018-07-03 06:55:16,002 | server           | INFO     | PID=5476 | Ready to send 214748365 bytes using data file size of 1073741824 bytes
2018-07-03 06:55:16,003 | server           | INFO     | PID=5476 | Listening socket bound to port 8881
2018-07-03 06:55:23,067 | server           | INFO     | PID=5476 | Accepted incoming connection ('10.10.1.1', 51162) from client. Sending data ...
2018-07-03 06:56:21,609 | server           | INFO     | PID=5476 | [SUMMARY] [Sent: 171794406 bytes] [Read: 171794406 bytes (79.998% of 214748365 raw bytes)] [Duration: 58.54203486442566 seconds] [Bitrate: 23476383.27199926 bit/s]
2018-07-03 06:56:21,609 | server           | INFO     | PID=5476 | Resources closed, now exiting

 Performance counter stats for 'CPU(s) 1-2':

     131554.697292      task-clock (msec)         #    2.000 CPUs utilized            (100.00%)
             4,089      context-switches          #    0.031 K/sec                    (100.00%)
                 1      cpu-migrations            #    0.000 K/sec                    (100.00%)
            58,060      page-faults               #    0.441 K/sec                  
   135,723,508,332      cycles                    #    1.032 GHz                      (100.00%)
   <not supported>      stalled-cycles-frontend  
   <not supported>      stalled-cycles-backend   
   380,734,208,402      instructions              #    2.81  insns per cycle          (100.00%)
    72,615,002,507      branches                  #  551.976 M/sec                    (100.00%)
        71,549,048      branch-misses             #    0.10% of all branches        

      65.777834085 seconds time elapsed