2018-05-29 18:44:01,219 | client           | INFO     | PID=10 | [bufsize: 131072 bytes]
2018-05-29 18:44:01,313 | client           | INFO     | PID=11 | Connecting to server 10.11.10.2 on port 8881
2018-05-29 18:44:01,313 | client           | INFO     | PID=12 | Connecting to server 10.11.10.3 on port 8881
2018-05-29 18:44:01,314 | client           | INFO     | PID=11 | Connection established. Receiving data ...
2018-05-29 18:44:01,314 | client           | INFO     | PID=12 | Connection established. Receiving data ...
2018-05-29 18:44:01,314 | methods.linspace | INFO     | PID=11 | [method: methods.linspace] [input parameters: {'step': '2'}]
2018-05-29 18:44:01,315 | methods.linspace | INFO     | PID=12 | [method: methods.linspace] [input parameters: {'step': '2'}]
2018-05-29 18:44:01,315 | client           | INFO     | PID=11 | Received 5120 bytes of data in 0.0008420944213867188 seconds (bitrate: 48640626.22876557 bit/s)
2018-05-29 18:44:01,315 | client           | INFO     | PID=11 | Socket closed
2018-05-29 18:44:01,316 | client           | INFO     | PID=12 | Received 5120 bytes of data in 0.0003139972686767578 seconds (bitrate: 130446994.56340167 bit/s)
2018-05-29 18:44:01,316 | client           | INFO     | PID=12 | Socket closed
2018-05-29 18:44:01,413 | client           | INFO     | PID=10 | [SUMMARY] Total received 10240 (raw 20480, 50.000%) bytes of data in 0.0011451244354248047 seconds (bitrate: 71538076.96856132 bit/s)

 Performance counter stats for '/root/pyben-nio/src/run --client start --addresses 10.11.10.2 10.11.10.3 --size 20K --port 8881 --bind 10.11.10.1 --bufsize 128k --method linspace; step=2':

        436.398506      task-clock (msec)         #    0.830 CPUs utilized          
                40      context-switches          #    0.092 K/sec                  
                25      cpu-migrations            #    0.057 K/sec                  
             10285      page-faults               #    0.024 M/sec                  
         984812916      cycles                    #    2.257 GHz                    
        1482690805      instructions              #    1.51  insn per cycle         
         343423374      branches                  #  786.949 M/sec                  
           8131572      branch-misses             #    2.37% of all branches        

       0.525548328 seconds time elapsed

