2018-05-29 21:25:59,483 | client           | INFO     | PID=10 | [bufsize: 131072 bytes]
2018-05-29 21:25:59,572 | client           | INFO     | PID=11 | Connecting to server 10.11.10.2 on port 8881
2018-05-29 21:25:59,573 | client           | INFO     | PID=11 | Connection established. Receiving data ...
2018-05-29 21:25:59,573 | methods.linspace | INFO     | PID=11 | [method: methods.linspace] [input parameters: {'step': '2'}]
2018-05-29 21:25:59,574 | client           | INFO     | PID=12 | Connecting to server 10.11.10.3 on port 8881
2018-05-29 21:25:59,575 | client           | INFO     | PID=12 | Connection established. Receiving data ...
2018-05-29 21:25:59,576 | methods.linspace | INFO     | PID=12 | [method: methods.linspace] [input parameters: {'step': '2'}]
2018-05-29 21:27:21,416 | client           | INFO     | PID=11 | Received 5368709120 bytes of data in 81.84204888343811 seconds (bitrate: 524787362.31506383 bit/s)
2018-05-29 21:27:21,416 | client           | INFO     | PID=11 | Socket closed
2018-05-29 21:27:25,154 | client           | INFO     | PID=12 | Received 5368709120 bytes of data in 85.57740783691406 seconds (bitrate: 501880975.89786464 bit/s)
2018-05-29 21:27:25,155 | client           | INFO     | PID=12 | Socket closed
2018-05-29 21:27:26,007 | client           | INFO     | PID=10 | [SUMMARY] Total received 10737418240 (raw 21474836480, 50.000%) bytes of data in 85.58020186424255 seconds (bitrate: 1003729180.9180785 bit/s)

 Performance counter stats for '/root/pyben-nio/src/run --client start --addresses 10.11.10.2 10.11.10.3 --size 20G --port 8881 --bind 10.11.10.1 --bufsize 128k --method linspace; step=2':

     169364.598357      task-clock (msec)         #    1.950 CPUs utilized          
              3163      context-switches          #    0.019 K/sec                  
                22      cpu-migrations            #    0.000 K/sec                  
           8372091      page-faults               #    0.049 M/sec                  
      498337201948      cycles                    #    2.942 GHz                    
     1244171023524      instructions              #    2.50  insn per cycle         
      383633447088      branches                  # 2265.134 M/sec                  
         280429536      branch-misses             #    0.07% of all branches        

      86.850709067 seconds time elapsed

