2018-05-29 19:30:16,083 | client           | INFO     | PID=11 | [bufsize: 131072 bytes]
2018-05-29 19:30:16,175 | client           | INFO     | PID=13 | Connecting to server 10.11.10.3 on port 8881
2018-05-29 19:30:16,176 | client           | INFO     | PID=12 | Connecting to server 10.11.10.2 on port 8881
2018-05-29 19:30:16,176 | client           | INFO     | PID=13 | Connection established. Receiving data ...
2018-05-29 19:30:16,176 | client           | INFO     | PID=12 | Connection established. Receiving data ...
2018-05-29 19:30:16,176 | methods.linspace | INFO     | PID=13 | [method: methods.linspace] [input parameters: {'step': '2'}]
2018-05-29 19:30:16,177 | methods.linspace | INFO     | PID=12 | [method: methods.linspace] [input parameters: {'step': '2'}]
2018-05-29 19:30:16,188 | client           | INFO     | PID=13 | Received 524288 bytes of data in 0.011488199234008789 seconds (bitrate: 365096732.2697105 bit/s)
2018-05-29 19:30:16,188 | client           | INFO     | PID=13 | Socket closed
2018-05-29 19:30:16,199 | client           | INFO     | PID=12 | Received 524288 bytes of data in 0.0207369327545166 seconds (bitrate: 202262506.6904584 bit/s)
2018-05-29 19:30:16,199 | client           | INFO     | PID=12 | Socket closed
2018-05-29 19:30:16,277 | client           | INFO     | PID=11 | [SUMMARY] Total received 1048576 (raw 2097152, 50.000%) bytes of data in 0.021659135818481445 seconds (bitrate: 387301140.28105015 bit/s)

 Performance counter stats for '/root/pyben-nio/src/run --client start --addresses 10.11.10.2 10.11.10.3 --size 2M --port 8881 --bind 10.11.10.1 --bufsize 128k --method linspace; step=2':

        461.459506      task-clock (msec)         #    0.893 CPUs utilized          
                69      context-switches          #    0.150 K/sec                  
                24      cpu-migrations            #    0.052 K/sec                  
             12494      page-faults               #    0.027 M/sec                  
        1039577672      cycles                    #    2.253 GHz                    
        1607499141      instructions              #    1.55  insn per cycle         
         381706203      branches                  #  827.172 M/sec                  
           7765198      branch-misses             #    2.03% of all branches        

       0.516593808 seconds time elapsed

