2018-05-29 20:35:22,555 | client           | INFO     | PID=11 | [bufsize: 131072 bytes]
2018-05-29 20:35:22,647 | client           | INFO     | PID=12 | Connecting to server 10.11.10.2 on port 8881
2018-05-29 20:35:22,648 | client           | INFO     | PID=12 | Connection established. Receiving data ...
2018-05-29 20:35:22,647 | client           | INFO     | PID=13 | Connecting to server 10.11.10.3 on port 8881
2018-05-29 20:35:22,648 | methods.linspace | INFO     | PID=12 | [method: methods.linspace] [input parameters: {'step': '2'}]
2018-05-29 20:35:22,648 | client           | INFO     | PID=13 | Connection established. Receiving data ...
2018-05-29 20:35:22,649 | methods.linspace | INFO     | PID=13 | [method: methods.linspace] [input parameters: {'step': '2'}]
2018-05-29 20:35:31,950 | client           | INFO     | PID=12 | Received 536870912 bytes of data in 9.301729202270508 seconds (bitrate: 461738586.7298329 bit/s)
2018-05-29 20:35:31,951 | client           | INFO     | PID=12 | Socket closed
2018-05-29 20:35:32,073 | client           | INFO     | PID=13 | Received 536870912 bytes of data in 9.423081874847412 seconds (bitrate: 455792208.2226998 bit/s)
2018-05-29 20:35:32,073 | client           | INFO     | PID=13 | Socket closed
2018-05-29 20:35:33,180 | client           | INFO     | PID=11 | [SUMMARY] Total received 1073741824 (raw 2147483648, 50.000%) bytes of data in 9.424525022506714 seconds (bitrate: 911444828.4116571 bit/s)

 Performance counter stats for '/root/pyben-nio/src/run --client start --addresses 10.11.10.2 10.11.10.3 --size 2G --port 8881 --bind 10.11.10.1 --bufsize 128k --method linspace; step=2':

      21198.819780      task-clock (msec)         #    1.937 CPUs utilized          
               495      context-switches          #    0.023 K/sec                  
                26      cpu-migrations            #    0.001 K/sec                  
           2946680      page-faults               #    0.139 M/sec                  
       62498107115      cycles                    #    2.948 GHz                    
      131801813221      instructions              #    2.11  insn per cycle         
       39913013164      branches                  # 1882.794 M/sec                  
          62730054      branch-misses             #    0.16% of all branches        

      10.944996422 seconds time elapsed

