LC_NUMERIC=en_US.UTF8 perf stat -B -C 1-2 taskset -c 2 /tmp/eucycles/pyben-nio/src/run --server start --bind 10.10.1.2 --size 268435456 --port 8881 --filename /tmp/eucycles/data_file --bufsize 50mb --method "match; func=lambda v: int(chr(v)) < 0; sztype=BEFORE"

2018-06-29 19:09:16,070 | server           | INFO     | PID=22087 | [bufsize: 52428800 bytes] [zerocopy: False]
2018-06-29 19:09:16,084 | methods.match    | INFO     | PID=22087 | [method: methods.match]
2018-06-29 19:09:16,085 | methods.match    | INFO     | PID=22087 | [method parameters: {'mpws': '50MB', 'sztype': 'BEFORE', 'func': 'lambda v: int(chr(v)) < 0'}]
2018-06-29 19:09:16,105 | methods.match    | INFO     | PID=22087 | Start 1 process to handle data filtering
2018-06-29 19:09:16,105 | server           | INFO     | PID=22087 | Ready to send 268435456 bytes using data file size of 1073741824 bytes
2018-06-29 19:09:16,105 | server           | INFO     | PID=22087 | Listening socket bound to port 8881
2018-06-29 19:09:21,690 | server           | INFO     | PID=22087 | Accepted incoming connection ('10.10.1.1', 50094) from client. Sending data ...
2018-06-29 19:11:17,833 | server           | INFO     | PID=22087 | [SUMMARY] [Sent: 0 bytes] [Read: 0 bytes (0.000% of 268435456 raw bytes)] [Duration: 116.14228510856628 seconds] [Bitrate: 0.0 bit/s]
2018-06-29 19:11:17,833 | server           | INFO     | PID=22087 | Resources closed, now exiting

 Performance counter stats for 'CPU(s) 1-2':

     243783.847975      task-clock (msec)         #    2.000 CPUs utilized            (100.00%)
             4,740      context-switches          #    0.019 K/sec                    (100.00%)
                 1      cpu-migrations            #    0.000 K/sec                    (100.00%)
            16,042      page-faults               #    0.066 K/sec                  
   299,265,202,917      cycles                    #    1.228 GHz                      (100.00%)
   <not supported>      stalled-cycles-frontend  
   <not supported>      stalled-cycles-backend   
   736,424,425,162      instructions              #    2.46  insns per cycle          (100.00%)
   150,679,408,247      branches                  #  618.086 M/sec                    (100.00%)
        30,490,045      branch-misses             #    0.02% of all branches        

     121.896945538 seconds time elapsed