LC_NUMERIC=en_US.UTF8 perf stat -B -C 1-2 taskset -c 2 /tmp/eucycles/pyben-nio/src/run --server start --bind 10.10.1.2 --size 76695845 --port 8881 --filename /tmp/eucycles/data_file --bufsize 50mb --method "match; func=lambda v: int(chr(v)) < 0; sztype=BEFORE"

2018-06-29 19:17:53,121 | server           | INFO     | PID=22800 | [bufsize: 52428800 bytes] [zerocopy: False]
2018-06-29 19:17:53,136 | methods.match    | INFO     | PID=22800 | [method: methods.match]
2018-06-29 19:17:53,136 | methods.match    | INFO     | PID=22800 | [method parameters: {'func': 'lambda v: int(chr(v)) < 0', 'sztype': 'BEFORE', 'mpws': '50MB'}]
2018-06-29 19:17:53,157 | methods.match    | INFO     | PID=22800 | Start 1 process to handle data filtering
2018-06-29 19:17:53,157 | server           | INFO     | PID=22800 | Ready to send 76695845 bytes using data file size of 1073741824 bytes
2018-06-29 19:17:53,157 | server           | INFO     | PID=22800 | Listening socket bound to port 8881
2018-06-29 19:18:05,116 | server           | INFO     | PID=22800 | Accepted incoming connection ('10.10.1.1', 43416) from client. Sending data ...
2018-06-29 19:18:35,359 | server           | INFO     | PID=22800 | [SUMMARY] [Sent: 0 bytes] [Read: 0 bytes (0.000% of 76695845 raw bytes)] [Duration: 30.24348020553589 seconds] [Bitrate: 0.0 bit/s]
2018-06-29 19:18:35,359 | server           | INFO     | PID=22800 | Resources closed, now exiting

 Performance counter stats for 'CPU(s) 1-2':

      84741.703205      task-clock (msec)         #    2.000 CPUs utilized            (100.00%)
             1,670      context-switches          #    0.020 K/sec                    (100.00%)
                 1      cpu-migrations            #    0.000 K/sec                    (100.00%)
            16,040      page-faults               #    0.189 K/sec                  
    78,168,475,583      cycles                    #    0.922 GHz                      (100.00%)
   <not supported>      stalled-cycles-frontend  
   <not supported>      stalled-cycles-backend   
   208,658,577,311      instructions              #    2.67  insns per cycle          (100.00%)
    42,644,658,631      branches                  #  503.231 M/sec                    (100.00%)
        10,538,976      branch-misses             #    0.02% of all branches        

      42.372485451 seconds time elapsed