LC_NUMERIC=en_US.UTF8 perf stat -B -C 1-2 taskset -c 2 /tmp/eucycles/pyben-nio/src/run --server start --bind 10.10.1.2 --size 76695845 --port 8881 --filename /tmp/eucycles/data_file --bufsize 50mb --method "match; func=lambda v: int(chr(v)) < 6; sztype=BEFORE"

2018-06-29 23:54:33,164 | server           | INFO     | PID=9443 | [bufsize: 52428800 bytes] [zerocopy: False]
2018-06-29 23:54:33,179 | methods.match    | INFO     | PID=9443 | [method: methods.match]
2018-06-29 23:54:33,179 | methods.match    | INFO     | PID=9443 | [method parameters: {'mpws': '50MB', 'func': 'lambda v: int(chr(v)) < 6', 'sztype': 'BEFORE'}]
2018-06-29 23:54:33,199 | methods.match    | INFO     | PID=9443 | Start 1 process to handle data filtering
2018-06-29 23:54:33,199 | server           | INFO     | PID=9443 | Ready to send 76695845 bytes using data file size of 1073741824 bytes
2018-06-29 23:54:33,200 | server           | INFO     | PID=9443 | Listening socket bound to port 8881
2018-06-29 23:54:45,161 | server           | INFO     | PID=9443 | Accepted incoming connection ('10.10.1.1', 45175) from client. Sending data ...
2018-06-29 23:55:21,732 | server           | INFO     | PID=9443 | [SUMMARY] [Sent: 46018850 bytes] [Read: 46018850 bytes (60.002% of 76695845 raw bytes)] [Duration: 36.57037305831909 seconds] [Bitrate: 10066913.985616354 bit/s]
2018-06-29 23:55:21,732 | server           | INFO     | PID=9443 | Resources closed, now exiting

 Performance counter stats for 'CPU(s) 1-2':

      97401.295545      task-clock (msec)         #    2.000 CPUs utilized            (100.00%)
             1,811      context-switches          #    0.019 K/sec                    (100.00%)
                 1      cpu-migrations            #    0.000 K/sec                    (100.00%)
            27,369      page-faults               #    0.281 K/sec                  
    90,411,794,856      cycles                    #    0.928 GHz                      (100.00%)
   <not supported>      stalled-cycles-frontend  
   <not supported>      stalled-cycles-backend   
   249,550,221,797      instructions              #    2.76  insns per cycle          (100.00%)
    51,000,638,367      branches                  #  523.614 M/sec                    (100.00%)
        42,543,766      branch-misses             #    0.08% of all branches        

      48.702549318 seconds time elapsed