LC_NUMERIC=en_US.UTF8 perf stat -B -C 1-2 taskset -c 2 /tmp/eucycles/pyben-nio/src/run --server start --bind 10.10.1.5 --size 107374182 --port 8881 --filename /tmp/eucycles/data_file --bufsize 50mb --method "match; func=lambda v: int(chr(v)) < 6; sztype=BEFORE"

2018-06-30 00:08:08,239 | server           | INFO     | PID=28554 | [bufsize: 52428800 bytes] [zerocopy: False]
2018-06-30 00:08:08,253 | methods.match    | INFO     | PID=28554 | [method: methods.match]
2018-06-30 00:08:08,253 | methods.match    | INFO     | PID=28554 | [method parameters: {'sztype': 'BEFORE', 'func': 'lambda v: int(chr(v)) < 6', 'mpws': '50MB'}]
2018-06-30 00:08:08,273 | methods.match    | INFO     | PID=28554 | Start 1 process to handle data filtering
2018-06-30 00:08:08,274 | server           | INFO     | PID=28554 | Ready to send 107374182 bytes using data file size of 1073741824 bytes
2018-06-30 00:08:08,274 | server           | INFO     | PID=28554 | Listening socket bound to port 8881
2018-06-30 00:08:13,971 | server           | INFO     | PID=28554 | Accepted incoming connection ('10.10.1.1', 44873) from client. Sending data ...
2018-06-30 00:09:03,743 | server           | INFO     | PID=28554 | [SUMMARY] [Sent: 64420228 bytes] [Read: 64420228 bytes (59.996% of 107374182 raw bytes)] [Duration: 49.77122902870178 seconds] [Bitrate: 10354613.178284269 bit/s]
2018-06-30 00:09:03,743 | server           | INFO     | PID=28554 | Resources closed, now exiting

 Performance counter stats for 'CPU(s) 1-2':

     111280.994056      task-clock (msec)         #    2.000 CPUs utilized            (100.00%)
             2,318      context-switches          #    0.021 K/sec                    (100.00%)
                 1      cpu-migrations            #    0.000 K/sec                    (100.00%)
            31,842      page-faults               #    0.286 K/sec                  
   131,164,315,436      cycles                    #    1.179 GHz                      (100.00%)
   <not supported>      stalled-cycles-frontend  
   <not supported>      stalled-cycles-backend   
   350,357,343,976      instructions              #    2.67  insns per cycle          (100.00%)
    71,517,629,345      branches                  #  642.676 M/sec                    (100.00%)
        58,510,216      branch-misses             #    0.08% of all branches        

      55.639137274 seconds time elapsed