LC_NUMERIC=en_US.UTF8 perf stat -B -C 1-2 taskset -c 2 /tmp/eucycles/pyben-nio/src/run --server start --bind 10.10.1.2 --size 89478486 --port 8881 --filename /tmp/eucycles/data_file --bufsize 50mb --method "match; func=lambda v: int(chr(v)) < 8; sztype=BEFORE"

2018-06-30 01:51:49,075 | server           | INFO     | PID=17297 | [bufsize: 52428800 bytes] [zerocopy: False]
2018-06-30 01:51:49,089 | methods.match    | INFO     | PID=17297 | [method: methods.match]
2018-06-30 01:51:49,089 | methods.match    | INFO     | PID=17297 | [method parameters: {'func': 'lambda v: int(chr(v)) < 8', 'mpws': '50MB', 'sztype': 'BEFORE'}]
2018-06-30 01:51:49,110 | methods.match    | INFO     | PID=17297 | Start 1 process to handle data filtering
2018-06-30 01:51:49,110 | server           | INFO     | PID=17297 | Ready to send 89478486 bytes using data file size of 1073741824 bytes
2018-06-30 01:51:49,110 | server           | INFO     | PID=17297 | Listening socket bound to port 8881
2018-06-30 01:51:59,892 | server           | INFO     | PID=17297 | Accepted incoming connection ('10.10.1.1', 36697) from client. Sending data ...
2018-06-30 01:52:45,176 | server           | INFO     | PID=17297 | [SUMMARY] [Sent: 71581047 bytes] [Read: 71581047 bytes (79.998% of 89478486 raw bytes)] [Duration: 45.28334903717041 seconds] [Bitrate: 12645892.765792279 bit/s]
2018-06-30 01:52:45,176 | server           | INFO     | PID=17297 | Resources closed, now exiting

 Performance counter stats for 'CPU(s) 1-2':

     112467.059254      task-clock (msec)         #    2.000 CPUs utilized            (100.00%)
             2,100      context-switches          #    0.019 K/sec                    (100.00%)
                 1      cpu-migrations            #    0.000 K/sec                    (100.00%)
            33,596      page-faults               #    0.299 K/sec                  
   110,225,207,579      cycles                    #    0.980 GHz                      (100.00%)
   <not supported>      stalled-cycles-frontend  
   <not supported>      stalled-cycles-backend   
   308,980,859,895      instructions              #    2.80  insns per cycle          (100.00%)
    62,963,521,231      branches                  #  559.840 M/sec                    (100.00%)
        29,993,094      branch-misses             #    0.05% of all branches        

      56.235754615 seconds time elapsed