LC_NUMERIC=en_US.UTF8 perf stat -B -C 1-2 taskset -c 2 /tmp/eucycles/pyben-nio/src/run --server start --bind 10.10.1.4 --size 76695845 --port 8881 --filename /tmp/eucycles/data_file --bufsize 50mb --method "match; func=lambda v: int(chr(v)) < 1; sztype=BEFORE"

2018-06-29 20:17:49,364 | server           | INFO     | PID=18486 | [bufsize: 52428800 bytes] [zerocopy: False]
2018-06-29 20:17:49,378 | methods.match    | INFO     | PID=18486 | [method: methods.match]
2018-06-29 20:17:49,378 | methods.match    | INFO     | PID=18486 | [method parameters: {'mpws': '50MB', 'func': 'lambda v: int(chr(v)) < 1', 'sztype': 'BEFORE'}]
2018-06-29 20:17:49,399 | methods.match    | INFO     | PID=18486 | Start 1 process to handle data filtering
2018-06-29 20:17:49,399 | server           | INFO     | PID=18486 | Ready to send 76695845 bytes using data file size of 1073741824 bytes
2018-06-29 20:17:49,399 | server           | INFO     | PID=18486 | Listening socket bound to port 8881
2018-06-29 20:17:58,849 | server           | INFO     | PID=18486 | Accepted incoming connection ('10.10.1.1', 37904) from client. Sending data ...
2018-06-29 20:18:28,705 | server           | INFO     | PID=18486 | [SUMMARY] [Sent: 7665614 bytes] [Read: 7665614 bytes (9.995% of 76695845 raw bytes)] [Duration: 29.855499982833862 seconds] [Bitrate: 2054057.4445331758 bit/s]
2018-06-29 20:18:28,705 | server           | INFO     | PID=18486 | Resources closed, now exiting

 Performance counter stats for 'CPU(s) 1-2':

      78955.081913      task-clock (msec)         #    2.000 CPUs utilized            (100.00%)
             1,730      context-switches          #    0.022 K/sec                    (100.00%)
                 1      cpu-migrations            #    0.000 K/sec                    (100.00%)
            17,912      page-faults               #    0.227 K/sec                  
    76,896,119,340      cycles                    #    0.974 GHz                      (100.00%)
   <not supported>      stalled-cycles-frontend  
   <not supported>      stalled-cycles-backend   
   215,861,160,070      instructions              #    2.81  insns per cycle          (100.00%)
    44,086,080,786      branches                  #  558.369 M/sec                    (100.00%)
        25,833,102      branch-misses             #    0.06% of all branches        

      39.478952436 seconds time elapsed