LC_NUMERIC=en_US.UTF8 perf stat -B -C 1-2 taskset -c 2 /tmp/eucycles/pyben-nio/src/run --server start --bind 10.10.1.9 --size 67108864 --port 8881 --filename /tmp/eucycles/data_file --bufsize 50mb --method "match; func=lambda v: int(chr(v)) < 7; sztype=BEFORE"

2018-06-30 01:20:11,023 | server           | INFO     | PID=22947 | [bufsize: 52428800 bytes] [zerocopy: False]
2018-06-30 01:20:11,037 | methods.match    | INFO     | PID=22947 | [method: methods.match]
2018-06-30 01:20:11,037 | methods.match    | INFO     | PID=22947 | [method parameters: {'func': 'lambda v: int(chr(v)) < 7', 'sztype': 'BEFORE', 'mpws': '50MB'}]
2018-06-30 01:20:11,057 | methods.match    | INFO     | PID=22947 | Start 1 process to handle data filtering
2018-06-30 01:20:11,057 | server           | INFO     | PID=22947 | Ready to send 67108864 bytes using data file size of 1073741824 bytes
2018-06-30 01:20:11,057 | server           | INFO     | PID=22947 | Listening socket bound to port 8881
2018-06-30 01:20:15,764 | server           | INFO     | PID=22947 | Accepted incoming connection ('10.10.1.1', 40540) from client. Sending data ...
2018-06-30 01:20:49,165 | server           | INFO     | PID=22947 | [SUMMARY] [Sent: 46974726 bytes] [Read: 46974726 bytes (69.998% of 67108864 raw bytes)] [Duration: 33.400521993637085 seconds] [Bitrate: 11251255.536413196 bit/s]
2018-06-30 01:20:49,165 | server           | INFO     | PID=22947 | Resources closed, now exiting

 Performance counter stats for 'CPU(s) 1-2':

      76475.216711      task-clock (msec)         #    2.000 CPUs utilized            (100.00%)
             1,397      context-switches          #    0.018 K/sec                    (100.00%)
                 1      cpu-migrations            #    0.000 K/sec                    (100.00%)
            27,556      page-faults               #    0.360 K/sec                  
    87,462,733,129      cycles                    #    1.144 GHz                      (100.00%)
   <not supported>      stalled-cycles-frontend  
   <not supported>      stalled-cycles-backend   
   227,784,970,637      instructions              #    2.60  insns per cycle          (100.00%)
    46,690,456,745      branches                  #  610.531 M/sec                    (100.00%)
        29,858,978      branch-misses             #    0.06% of all branches        

      38.236194648 seconds time elapsed