LC_NUMERIC=en_US.UTF8 perf stat -B -C 1-2 taskset -c 2 /tmp/eucycles/pyben-nio/src/run --server start --bind 10.10.1.4 --size 178956970 --port 8881 --filename /tmp/eucycles/data_file --bufsize 50mb --method "match; func=lambda v: int(chr(v)) < 1; sztype=BEFORE"

2018-06-29 19:57:03,715 | server           | INFO     | PID=17009 | [bufsize: 52428800 bytes] [zerocopy: False]
2018-06-29 19:57:03,729 | methods.match    | INFO     | PID=17009 | [method: methods.match]
2018-06-29 19:57:03,729 | methods.match    | INFO     | PID=17009 | [method parameters: {'sztype': 'BEFORE', 'func': 'lambda v: int(chr(v)) < 1', 'mpws': '50MB'}]
2018-06-29 19:57:03,750 | methods.match    | INFO     | PID=17009 | Start 1 process to handle data filtering
2018-06-29 19:57:03,750 | server           | INFO     | PID=17009 | Ready to send 178956970 bytes using data file size of 1073741824 bytes
2018-06-29 19:57:03,750 | server           | INFO     | PID=17009 | Listening socket bound to port 8881
2018-06-29 19:57:08,197 | server           | INFO     | PID=17009 | Accepted incoming connection ('10.10.1.1', 46376) from client. Sending data ...
2018-06-29 19:58:17,498 | server           | INFO     | PID=17009 | [SUMMARY] [Sent: 17883444 bytes] [Read: 17883444 bytes (9.993% of 178956970 raw bytes)] [Duration: 69.30085682868958 seconds] [Bitrate: 2064441.3149704675 bit/s]
2018-06-29 19:58:17,498 | server           | INFO     | PID=17009 | Resources closed, now exiting

 Performance counter stats for 'CPU(s) 1-2':

     147749.564410      task-clock (msec)         #    2.000 CPUs utilized            (100.00%)
             3,163      context-switches          #    0.021 K/sec                    (100.00%)
                 1      cpu-migrations            #    0.000 K/sec                    (100.00%)
            18,575      page-faults               #    0.126 K/sec                  
   178,311,298,853      cycles                    #    1.207 GHz                      (100.00%)
   <not supported>      stalled-cycles-frontend  
   <not supported>      stalled-cycles-backend   
   505,163,138,124      instructions              #    2.83  insns per cycle          (100.00%)
   103,120,588,849      branches                  #  697.942 M/sec                    (100.00%)
        38,984,449      branch-misses             #    0.04% of all branches        

      73.877570906 seconds time elapsed