LC_NUMERIC=en_US.UTF8 perf stat -B -C 1-2 taskset -c 2 /tmp/eucycles/pyben-nio/src/run --server start --bind 10.10.1.7 --size 89478485 --port 8881 --filename /tmp/eucycles/data_file --bufsize 50mb --method "match; func=lambda v: int(chr(v)) < 4; sztype=BEFORE"

2018-06-29 22:16:53,116 | server           | INFO     | PID=20247 | [bufsize: 52428800 bytes] [zerocopy: False]
2018-06-29 22:16:53,131 | methods.match    | INFO     | PID=20247 | [method: methods.match]
2018-06-29 22:16:53,131 | methods.match    | INFO     | PID=20247 | [method parameters: {'mpws': '50MB', 'func': 'lambda v: int(chr(v)) < 4', 'sztype': 'BEFORE'}]
2018-06-29 22:16:53,151 | methods.match    | INFO     | PID=20247 | Start 1 process to handle data filtering
2018-06-29 22:16:53,151 | server           | INFO     | PID=20247 | Ready to send 89478485 bytes using data file size of 1073741824 bytes
2018-06-29 22:16:53,151 | server           | INFO     | PID=20247 | Listening socket bound to port 8881
2018-06-29 22:16:57,794 | server           | INFO     | PID=20247 | Accepted incoming connection ('10.10.1.1', 42153) from client. Sending data ...
2018-06-29 22:17:36,538 | server           | INFO     | PID=20247 | [SUMMARY] [Sent: 35793223 bytes] [Read: 35793223 bytes (40.002% of 89478485 raw bytes)] [Duration: 38.74376106262207 seconds] [Bitrate: 7390758.567222614 bit/s]
2018-06-29 22:17:36,538 | server           | INFO     | PID=20247 | Resources closed, now exiting

 Performance counter stats for 'CPU(s) 1-2':

      87036.121487      task-clock (msec)         #    2.000 CPUs utilized            (100.00%)
             1,733      context-switches          #    0.020 K/sec                    (100.00%)
                 1      cpu-migrations            #    0.000 K/sec                    (100.00%)
            24,737      page-faults               #    0.284 K/sec                  
   103,592,744,843      cycles                    #    1.190 GHz                      (100.00%)
   <not supported>      stalled-cycles-frontend  
   <not supported>      stalled-cycles-backend   
   276,009,245,671      instructions              #    2.66  insns per cycle          (100.00%)
    56,315,373,377      branches                  #  647.035 M/sec                    (100.00%)
        49,058,496      branch-misses             #    0.09% of all branches        

      43.515453893 seconds time elapsed