LC_NUMERIC=en_US.UTF8 perf stat -B -C 1-2 taskset -c 2 /tmp/eucycles/pyben-nio/src/run --server start --bind 10.10.1.5 --size 89478485 --port 8881 --filename /tmp/eucycles/data_file --bufsize 50mb --method "match; func=lambda v: int(chr(v)) < 5; sztype=BEFORE"

2018-06-29 23:36:41,461 | server           | INFO     | PID=27034 | [bufsize: 52428800 bytes] [zerocopy: False]
2018-06-29 23:36:41,475 | methods.match    | INFO     | PID=27034 | [method: methods.match]
2018-06-29 23:36:41,476 | methods.match    | INFO     | PID=27034 | [method parameters: {'mpws': '50MB', 'sztype': 'BEFORE', 'func': 'lambda v: int(chr(v)) < 5'}]
2018-06-29 23:36:41,496 | methods.match    | INFO     | PID=27034 | Start 1 process to handle data filtering
2018-06-29 23:36:41,496 | server           | INFO     | PID=27034 | Ready to send 89478485 bytes using data file size of 1073741824 bytes
2018-06-29 23:36:41,496 | server           | INFO     | PID=27034 | Listening socket bound to port 8881
2018-06-29 23:36:48,541 | server           | INFO     | PID=27034 | Accepted incoming connection ('10.10.1.1', 56626) from client. Sending data ...
2018-06-29 23:37:28,746 | server           | INFO     | PID=27034 | [SUMMARY] [Sent: 44737491 bytes] [Read: 44737491 bytes (49.998% of 89478485 raw bytes)] [Duration: 40.20527696609497 seconds] [Bitrate: 8901814.761823835 bit/s]
2018-06-29 23:37:28,746 | server           | INFO     | PID=27034 | Resources closed, now exiting

 Performance counter stats for 'CPU(s) 1-2':

      94842.539403      task-clock (msec)         #    2.000 CPUs utilized            (100.00%)
             1,998      context-switches          #    0.021 K/sec                    (100.00%)
                 1      cpu-migrations            #    0.000 K/sec                    (100.00%)
            26,951      page-faults               #    0.284 K/sec                  
   105,710,712,341      cycles                    #    1.115 GHz                      (100.00%)
   <not supported>      stalled-cycles-frontend  
   <not supported>      stalled-cycles-backend   
   282,220,129,897      instructions              #    2.67  insns per cycle          (100.00%)
    57,570,012,743      branches                  #  607.006 M/sec                    (100.00%)
        56,718,047      branch-misses             #    0.10% of all branches        

      47.420087427 seconds time elapsed