LC_NUMERIC=en_US.UTF8 perf stat -B -C 1-2 taskset -c 2 /tmp/eucycles/pyben-nio/src/run --server start --bind 10.10.1.7 --size 67108864 --port 8881 --filename /tmp/eucycles/data_file --bufsize 50mb --method "match; func=lambda v: int(chr(v)) < 5; sztype=BEFORE"

2018-06-29 23:07:08,814 | server           | INFO     | PID=22402 | [bufsize: 52428800 bytes] [zerocopy: False]
2018-06-29 23:07:08,828 | methods.match    | INFO     | PID=22402 | [method: methods.match]
2018-06-29 23:07:08,829 | methods.match    | INFO     | PID=22402 | [method parameters: {'mpws': '50MB', 'sztype': 'BEFORE', 'func': 'lambda v: int(chr(v)) < 5'}]
2018-06-29 23:07:08,849 | methods.match    | INFO     | PID=22402 | Start 1 process to handle data filtering
2018-06-29 23:07:08,849 | server           | INFO     | PID=22402 | Ready to send 67108864 bytes using data file size of 1073741824 bytes
2018-06-29 23:07:08,849 | server           | INFO     | PID=22402 | Listening socket bound to port 8881
2018-06-29 23:07:15,979 | server           | INFO     | PID=22402 | Accepted incoming connection ('10.10.1.1', 41356) from client. Sending data ...
2018-06-29 23:07:46,720 | server           | INFO     | PID=22402 | [SUMMARY] [Sent: 33555737 bytes] [Read: 33555737 bytes (50.002% of 67108864 raw bytes)] [Duration: 30.740489959716797 seconds] [Bitrate: 8732648.580155328 bit/s]
2018-06-29 23:07:46,720 | server           | INFO     | PID=22402 | Resources closed, now exiting

 Performance counter stats for 'CPU(s) 1-2':

      76093.100710      task-clock (msec)         #    2.000 CPUs utilized            (100.00%)
             1,610      context-switches          #    0.021 K/sec                    (100.00%)
                 1      cpu-migrations            #    0.000 K/sec                    (100.00%)
            24,235      page-faults               #    0.318 K/sec                  
    81,834,845,490      cycles                    #    1.075 GHz                      (100.00%)
   <not supported>      stalled-cycles-frontend  
   <not supported>      stalled-cycles-backend   
   214,039,734,686      instructions              #    2.62  insns per cycle          (100.00%)
    43,734,559,260      branches                  #  574.751 M/sec                    (100.00%)
        43,212,547      branch-misses             #    0.10% of all branches        

      38.044253216 seconds time elapsed