LC_NUMERIC=en_US.UTF8 perf stat -B -C 1-2 taskset -c 2 /tmp/eucycles/pyben-nio/src/run --server start --bind 10.10.1.2 --size 536870912 --port 8881 --filename /tmp/eucycles/data_file --bufsize 50mb --method "match; func=lambda v: int(chr(v)) < 2; sztype=BEFORE"

2018-06-29 20:48:35,053 | server           | INFO     | PID=28670 | [bufsize: 52428800 bytes] [zerocopy: False]
2018-06-29 20:48:35,068 | methods.match    | INFO     | PID=28670 | [method: methods.match]
2018-06-29 20:48:35,068 | methods.match    | INFO     | PID=28670 | [method parameters: {'sztype': 'BEFORE', 'func': 'lambda v: int(chr(v)) < 2', 'mpws': '50MB'}]
2018-06-29 20:48:35,088 | methods.match    | INFO     | PID=28670 | Start 1 process to handle data filtering
2018-06-29 20:48:35,089 | server           | INFO     | PID=28670 | Ready to send 536870912 bytes using data file size of 1073741824 bytes
2018-06-29 20:48:35,089 | server           | INFO     | PID=28670 | Listening socket bound to port 8881
2018-06-29 20:48:39,419 | server           | INFO     | PID=28670 | Accepted incoming connection ('10.10.1.1', 45681) from client. Sending data ...
2018-06-29 20:52:23,559 | server           | INFO     | PID=28670 | [SUMMARY] [Sent: 107376912 bytes] [Read: 107376912 bytes (20.001% of 536870912 raw bytes)] [Duration: 224.1405050754547 seconds] [Bitrate: 3832485.769186702 bit/s]
2018-06-29 20:52:23,559 | server           | INFO     | PID=28670 | Resources closed, now exiting

 Performance counter stats for 'CPU(s) 1-2':

     457260.987679      task-clock (msec)         #    2.000 CPUs utilized            (100.00%)
             9,298      context-switches          #    0.020 K/sec                    (100.00%)
                 1      cpu-migrations            #    0.000 K/sec                    (100.00%)
            21,147      page-faults               #    0.046 K/sec                  
   575,332,897,909      cycles                    #    1.258 GHz                      (100.00%)
   <not supported>      stalled-cycles-frontend  
   <not supported>      stalled-cycles-backend   
 1,619,000,112,651      instructions              #    2.81  insns per cycle          (100.00%)
   331,998,962,632      branches                  #  726.060 M/sec                    (100.00%)
       165,958,090      branch-misses             #    0.05% of all branches        

     228.640059416 seconds time elapsed