LC_NUMERIC=en_US.UTF8 perf stat -B -C 1-2 taskset -c 2 /tmp/eucycles/pyben-nio/src/run --server start --bind 10.10.1.5 --size 89478485 --port 8881 --filename /tmp/eucycles/data_file --bufsize 50mb --method "match; func=lambda v: int(chr(v)) < 1; sztype=BEFORE"

2018-06-29 19:46:58,179 | server           | INFO     | PID=15640 | [bufsize: 52428800 bytes] [zerocopy: False]
2018-06-29 19:46:58,193 | methods.match    | INFO     | PID=15640 | [method: methods.match]
2018-06-29 19:46:58,193 | methods.match    | INFO     | PID=15640 | [method parameters: {'mpws': '50MB', 'sztype': 'BEFORE', 'func': 'lambda v: int(chr(v)) < 1'}]
2018-06-29 19:46:58,214 | methods.match    | INFO     | PID=15640 | Start 1 process to handle data filtering
2018-06-29 19:46:58,214 | server           | INFO     | PID=15640 | Ready to send 89478485 bytes using data file size of 1073741824 bytes
2018-06-29 19:46:58,214 | server           | INFO     | PID=15640 | Listening socket bound to port 8881
2018-06-29 19:47:05,252 | server           | INFO     | PID=15640 | Accepted incoming connection ('10.10.1.1', 36240) from client. Sending data ...
2018-06-29 19:47:39,939 | server           | INFO     | PID=15640 | [SUMMARY] [Sent: 8950059 bytes] [Read: 8950059 bytes (10.002% of 89478485 raw bytes)] [Duration: 34.68693709373474 seconds] [Bitrate: 2064191.248899076 bit/s]
2018-06-29 19:47:39,939 | server           | INFO     | PID=15640 | Resources closed, now exiting

 Performance counter stats for 'CPU(s) 1-2':

      83792.762009      task-clock (msec)         #    2.000 CPUs utilized            (100.00%)
             1,932      context-switches          #    0.023 K/sec                    (100.00%)
                 1      cpu-migrations            #    0.000 K/sec                    (100.00%)
            18,218      page-faults               #    0.217 K/sec                  
   103,710,922,421      cycles                    #    1.238 GHz                      (100.00%)
   <not supported>      stalled-cycles-frontend  
   <not supported>      stalled-cycles-backend   
   255,479,428,962      instructions              #    2.46  insns per cycle          (100.00%)
    52,345,545,490      branches                  #  624.702 M/sec                    (100.00%)
        20,795,512      branch-misses             #    0.04% of all branches        

      41.895319513 seconds time elapsed