LC_NUMERIC=en_US.UTF8 perf stat -B -C 1-2 taskset -c 2 /tmp/eucycles/pyben-nio/src/run --server start --bind 10.10.1.3 --size 178956971 --port 8881 --filename /tmp/eucycles/data_file --bufsize 50mb --method "match; func=lambda v: int(chr(v)) < 0; sztype=BEFORE"

2018-06-29 19:11:45,838 | server           | INFO     | PID=14553 | [bufsize: 52428800 bytes] [zerocopy: False]
2018-06-29 19:11:45,852 | methods.match    | INFO     | PID=14553 | [method: methods.match]
2018-06-29 19:11:45,853 | methods.match    | INFO     | PID=14553 | [method parameters: {'sztype': 'BEFORE', 'func': 'lambda v: int(chr(v)) < 0', 'mpws': '50MB'}]
2018-06-29 19:11:45,873 | methods.match    | INFO     | PID=14553 | Start 1 process to handle data filtering
2018-06-29 19:11:45,873 | server           | INFO     | PID=14553 | Ready to send 178956971 bytes using data file size of 1073741824 bytes
2018-06-29 19:11:45,873 | server           | INFO     | PID=14553 | Listening socket bound to port 8881
2018-06-29 19:11:51,564 | server           | INFO     | PID=14553 | Accepted incoming connection ('10.10.1.1', 59883) from client. Sending data ...
2018-06-29 19:13:09,210 | server           | INFO     | PID=14553 | [SUMMARY] [Sent: 0 bytes] [Read: 0 bytes (0.000% of 178956971 raw bytes)] [Duration: 77.64665293693542 seconds] [Bitrate: 0.0 bit/s]
2018-06-29 19:13:09,211 | server           | INFO     | PID=14553 | Resources closed, now exiting

 Performance counter stats for 'CPU(s) 1-2':

     166998.186851      task-clock (msec)         #    2.000 CPUs utilized            (100.00%)
             3,306      context-switches          #    0.020 K/sec                    (100.00%)
                 1      cpu-migrations            #    0.000 K/sec                    (100.00%)
            16,040      page-faults               #    0.096 K/sec                  
   200,266,601,108      cycles                    #    1.199 GHz                      (100.00%)
   <not supported>      stalled-cycles-frontend  
   <not supported>      stalled-cycles-backend   
   500,730,051,406      instructions              #    2.50  insns per cycle          (100.00%)
   102,625,678,288      branches                  #  614.532 M/sec                    (100.00%)
        21,185,904      branch-misses             #    0.02% of all branches        

      83.508125383 seconds time elapsed