LC_NUMERIC=en_US.UTF8 perf stat -B -C 1-2 taskset -c 2 /tmp/eucycles/pyben-nio/src/run --server start --bind 10.10.1.3 --size 107374183 --port 8881 --filename /tmp/eucycles/data_file --bufsize 50mb --method "match; func=lambda v: int(chr(v)) < 4; sztype=BEFORE"

2018-06-29 22:15:23,759 | server           | INFO     | PID=26058 | [bufsize: 52428800 bytes] [zerocopy: False]
2018-06-29 22:15:23,773 | methods.match    | INFO     | PID=26058 | [method: methods.match]
2018-06-29 22:15:23,774 | methods.match    | INFO     | PID=26058 | [method parameters: {'func': 'lambda v: int(chr(v)) < 4', 'sztype': 'BEFORE', 'mpws': '50MB'}]
2018-06-29 22:15:23,794 | methods.match    | INFO     | PID=26058 | Start 1 process to handle data filtering
2018-06-29 22:15:23,794 | server           | INFO     | PID=26058 | Ready to send 107374183 bytes using data file size of 1073741824 bytes
2018-06-29 22:15:23,794 | server           | INFO     | PID=26058 | Listening socket bound to port 8881
2018-06-29 22:15:31,933 | server           | INFO     | PID=26058 | Accepted incoming connection ('10.10.1.1', 42843) from client. Sending data ...
2018-06-29 22:16:19,642 | server           | INFO     | PID=26058 | [SUMMARY] [Sent: 42940883 bytes] [Read: 42940883 bytes (39.992% of 107374183 raw bytes)] [Duration: 47.70897698402405 seconds] [Bitrate: 7200470.1361556 bit/s]
2018-06-29 22:16:19,643 | server           | INFO     | PID=26058 | Resources closed, now exiting

 Performance counter stats for 'CPU(s) 1-2':

     112026.539064      task-clock (msec)         #    2.000 CPUs utilized            (100.00%)
             2,320      context-switches          #    0.021 K/sec                    (100.00%)
                 1      cpu-migrations            #    0.000 K/sec                    (100.00%)
            26,275      page-faults               #    0.235 K/sec                  
   121,587,867,948      cycles                    #    1.085 GHz                      (100.00%)
   <not supported>      stalled-cycles-frontend  
   <not supported>      stalled-cycles-backend   
   338,822,833,930      instructions              #    2.79  insns per cycle          (100.00%)
    69,457,121,415      branches                  #  620.006 M/sec                    (100.00%)
        58,646,422      branch-misses             #    0.08% of all branches        

      56.019271611 seconds time elapsed