LC_NUMERIC=en_US.UTF8 perf stat -B -C 1-2 taskset -c 2 /tmp/eucycles/pyben-nio/src/run --server start --bind 10.10.1.2 --size 67108864 --port 8881 --filename /tmp/eucycles/data_file --bufsize 50mb --method "match; func=lambda v: int(chr(v)) < 3; sztype=BEFORE"

2018-06-29 22:03:44,378 | server           | INFO     | PID=1680 | [bufsize: 52428800 bytes] [zerocopy: False]
2018-06-29 22:03:44,393 | methods.match    | INFO     | PID=1680 | [method: methods.match]
2018-06-29 22:03:44,393 | methods.match    | INFO     | PID=1680 | [method parameters: {'sztype': 'BEFORE', 'mpws': '50MB', 'func': 'lambda v: int(chr(v)) < 3'}]
2018-06-29 22:03:44,413 | methods.match    | INFO     | PID=1680 | Start 1 process to handle data filtering
2018-06-29 22:03:44,413 | server           | INFO     | PID=1680 | Ready to send 67108864 bytes using data file size of 1073741824 bytes
2018-06-29 22:03:44,414 | server           | INFO     | PID=1680 | Listening socket bound to port 8881
2018-06-29 22:03:57,719 | server           | INFO     | PID=1680 | Accepted incoming connection ('10.10.1.1', 51262) from client. Sending data ...
2018-06-29 22:04:26,140 | server           | INFO     | PID=1680 | [SUMMARY] [Sent: 20134329 bytes] [Read: 20134329 bytes (30.002% of 67108864 raw bytes)] [Duration: 28.421563863754272 seconds] [Bitrate: 5667338.812605482 bit/s]
2018-06-29 22:04:26,140 | server           | INFO     | PID=1680 | Resources closed, now exiting

 Performance counter stats for 'CPU(s) 1-2':

      83790.786235      task-clock (msec)         #    2.000 CPUs utilized            (100.00%)
             1,612      context-switches          #    0.019 K/sec                    (100.00%)
                 1      cpu-migrations            #    0.000 K/sec                    (100.00%)
            20,958      page-faults               #    0.250 K/sec                  
    72,050,886,304      cycles                    #    0.860 GHz                      (100.00%)
   <not supported>      stalled-cycles-frontend  
   <not supported>      stalled-cycles-backend   
   201,015,015,197      instructions              #    2.79  insns per cycle          (100.00%)
    41,127,356,852      branches                  #  490.834 M/sec                    (100.00%)
        29,832,726      branch-misses             #    0.07% of all branches        

      41.897006051 seconds time elapsed