LC_NUMERIC=en_US.UTF8 perf stat -B -C 1-2 taskset -c 2 /tmp/eucycles/pyben-nio/src/run --server start --bind 10.10.1.3 --size 89478486 --port 8881 --filename /tmp/eucycles/data_file --bufsize 50mb --method "match; func=lambda v: int(chr(v)) < 3; sztype=BEFORE"

2018-06-29 21:45:45,786 | server           | INFO     | PID=24148 | [bufsize: 52428800 bytes] [zerocopy: False]
2018-06-29 21:45:45,800 | methods.match    | INFO     | PID=24148 | [method: methods.match]
2018-06-29 21:45:45,800 | methods.match    | INFO     | PID=24148 | [method parameters: {'sztype': 'BEFORE', 'mpws': '50MB', 'func': 'lambda v: int(chr(v)) < 3'}]
2018-06-29 21:45:45,821 | methods.match    | INFO     | PID=24148 | Start 1 process to handle data filtering
2018-06-29 21:45:45,821 | server           | INFO     | PID=24148 | Ready to send 89478486 bytes using data file size of 1073741824 bytes
2018-06-29 21:45:45,821 | server           | INFO     | PID=24148 | Listening socket bound to port 8881
2018-06-29 21:45:55,376 | server           | INFO     | PID=24148 | Accepted incoming connection ('10.10.1.1', 39756) from client. Sending data ...
2018-06-29 21:46:33,225 | server           | INFO     | PID=24148 | [SUMMARY] [Sent: 26835910 bytes] [Read: 26835910 bytes (29.991% of 89478486 raw bytes)] [Duration: 37.848690032958984 seconds] [Bitrate: 5672251.267165346 bit/s]
2018-06-29 21:46:33,225 | server           | INFO     | PID=24148 | Resources closed, now exiting

 Performance counter stats for 'CPU(s) 1-2':

      95140.216825      task-clock (msec)         #    2.000 CPUs utilized            (100.00%)
             1,956      context-switches          #    0.021 K/sec                    (100.00%)
                 1      cpu-migrations            #    0.000 K/sec                    (100.00%)
            22,596      page-faults               #    0.238 K/sec                  
    96,675,943,954      cycles                    #    1.016 GHz                      (100.00%)
   <not supported>      stalled-cycles-frontend  
   <not supported>      stalled-cycles-backend   
   268,068,490,644      instructions              #    2.77  insns per cycle          (100.00%)
    54,897,284,407      branches                  #  577.014 M/sec                    (100.00%)
        38,986,723      branch-misses             #    0.07% of all branches        

      47.575179356 seconds time elapsed