LC_NUMERIC=en_US.UTF8 perf stat -B -C 1-2 taskset -c 2 /tmp/eucycles/pyben-nio/src/run --client start --addresses 10.10.1.2  10.10.1.3 --size 512MB --port 8881 --bind 10.10.1.1 --bufsize 50mb --method "raw"

2018-06-29 23:29:06,800 | client           | INFO     | PID=32536 | [bufsize: 52428800 bytes]
2018-06-29 23:29:06,826 | client           | INFO     | PID=32538 | Connecting to server 10.10.1.2 on port 8881
2018-06-29 23:29:06,826 | client           | INFO     | PID=32537 | Connecting to server 10.10.1.3 on port 8881
2018-06-29 23:29:06,827 | client           | INFO     | PID=32538 | Connection established. Receiving data ...
2018-06-29 23:29:06,827 | methods.raw      | INFO     | PID=32538 | [method: methods.raw]
2018-06-29 23:29:06,827 | methods.raw      | INFO     | PID=32538 | [method parameters: {}]
2018-06-29 23:29:06,831 | client           | INFO     | PID=32537 | Connection established. Receiving data ...
2018-06-29 23:29:06,831 | methods.raw      | INFO     | PID=32537 | [method: methods.raw]
2018-06-29 23:29:06,832 | methods.raw      | INFO     | PID=32537 | [method parameters: {}]
2018-06-29 23:31:06,579 | client           | INFO     | PID=32537 | [Received: 134194505 bytes (134194505 raw bytes)] [Duration: 119.71041798591614 seconds] [Bitrate: 8967941.621641513 bit/s]
2018-06-29 23:31:06,579 | client           | INFO     | PID=32537 | Socket closed
2018-06-29 23:31:07,155 | client           | INFO     | PID=32538 | [Received: 134218942 bytes (134218942 raw bytes)] [Duration: 120.28585696220398 seconds] [Bitrate: 8926664.88910157 bit/s]
2018-06-29 23:31:07,155 | client           | INFO     | PID=32538 | Socket closed
2018-06-29 23:31:07,470 | client           | INFO     | PID=32536 | [SUMMARY] [Received: 268413447 bytes (100.000% of 268413447 raw bytes)] [Duration: 120.28653407096863 seconds] [Bitrate: 17851604.02687383 bit/s]

 Performance counter stats for 'CPU(s) 1-2':

     241476.469558      task-clock (msec)         #    2.000 CPUs utilized            (100.00%)
             3,120      context-switches          #    0.013 K/sec                    (100.00%)
                 1      cpu-migrations            #    0.000 K/sec                    (100.00%)
           610,695      page-faults               #    0.003 M/sec                  
    10,646,743,837      cycles                    #    0.044 GHz                      (100.00%)
   <not supported>      stalled-cycles-frontend  
   <not supported>      stalled-cycles-backend   
    23,004,961,404      instructions              #    2.16  insns per cycle          (100.00%)
     6,047,298,020      branches                  #   25.043 M/sec                    (100.00%)
        12,266,992      branch-misses             #    0.20% of all branches        

     120.743960668 seconds time elapsed