LC_NUMERIC=en_US.UTF8 perf stat -B -C 1-2 taskset -c 2 /tmp/eucycles/pyben-nio/src/run --server start --bind 10.10.1.2 --size 89478486 --port 8881 --filename /tmp/eucycles/data_file --bufsize 50mb --method "match; func=lambda v: int(chr(v)) < 0; sztype=BEFORE"

2018-06-29 19:16:34,502 | server           | INFO     | PID=22668 | [bufsize: 52428800 bytes] [zerocopy: False]
2018-06-29 19:16:34,516 | methods.match    | INFO     | PID=22668 | [method: methods.match]
2018-06-29 19:16:34,516 | methods.match    | INFO     | PID=22668 | [method parameters: {'func': 'lambda v: int(chr(v)) < 0', 'sztype': 'BEFORE', 'mpws': '50MB'}]
2018-06-29 19:16:34,537 | methods.match    | INFO     | PID=22668 | Start 1 process to handle data filtering
2018-06-29 19:16:34,537 | server           | INFO     | PID=22668 | Ready to send 89478486 bytes using data file size of 1073741824 bytes
2018-06-29 19:16:34,537 | server           | INFO     | PID=22668 | Listening socket bound to port 8881
2018-06-29 19:16:45,231 | server           | INFO     | PID=22668 | Accepted incoming connection ('10.10.1.1', 48549) from client. Sending data ...
2018-06-29 19:17:21,366 | server           | INFO     | PID=22668 | [SUMMARY] [Sent: 0 bytes] [Read: 0 bytes (0.000% of 89478486 raw bytes)] [Duration: 36.13487982749939 seconds] [Bitrate: 0.0 bit/s]
2018-06-29 19:17:21,366 | server           | INFO     | PID=22668 | Resources closed, now exiting

 Performance counter stats for 'CPU(s) 1-2':

      93993.380917      task-clock (msec)         #    2.000 CPUs utilized            (100.00%)
             1,882      context-switches          #    0.020 K/sec                    (100.00%)
                 1      cpu-migrations            #    0.000 K/sec                    (100.00%)
            16,030      page-faults               #    0.171 K/sec                  
    93,327,838,557      cycles                    #    0.993 GHz                      (100.00%)
   <not supported>      stalled-cycles-frontend  
   <not supported>      stalled-cycles-backend   
   245,792,822,979      instructions              #    2.63  insns per cycle          (100.00%)
    50,365,718,531      branches                  #  535.843 M/sec                    (100.00%)
        11,821,189      branch-misses             #    0.02% of all branches        

      46.998519799 seconds time elapsed