LC_NUMERIC=en_US.UTF8 perf stat -B -C 1-2 taskset -c 2 /tmp/eucycles/pyben-nio/src/run --server start --bind 10.10.1.5 --size 67108864 --port 8881 --filename /tmp/eucycles/data_file --bufsize 50mb --method "match; func=lambda v: int(chr(v)) < 7; sztype=BEFORE"

2018-06-30 01:20:04,112 | server           | INFO     | PID=32289 | [bufsize: 52428800 bytes] [zerocopy: False]
2018-06-30 01:20:04,126 | methods.match    | INFO     | PID=32289 | [method: methods.match]
2018-06-30 01:20:04,126 | methods.match    | INFO     | PID=32289 | [method parameters: {'func': 'lambda v: int(chr(v)) < 7', 'sztype': 'BEFORE', 'mpws': '50MB'}]
2018-06-30 01:20:04,147 | methods.match    | INFO     | PID=32289 | Start 1 process to handle data filtering
2018-06-30 01:20:04,147 | server           | INFO     | PID=32289 | Ready to send 67108864 bytes using data file size of 1073741824 bytes
2018-06-30 01:20:04,147 | server           | INFO     | PID=32289 | Listening socket bound to port 8881
2018-06-30 01:20:13,694 | server           | INFO     | PID=32289 | Accepted incoming connection ('10.10.1.1', 38712) from client. Sending data ...
2018-06-30 01:20:47,633 | server           | INFO     | PID=32289 | [SUMMARY] [Sent: 46971136 bytes] [Read: 46971136 bytes (69.992% of 67108864 raw bytes)] [Duration: 33.938650131225586 seconds] [Bitrate: 11072010.423133181 bit/s]
2018-06-30 01:20:47,633 | server           | INFO     | PID=32289 | Resources closed, now exiting

 Performance counter stats for 'CPU(s) 1-2':

      87315.147644      task-clock (msec)         #    2.000 CPUs utilized            (100.00%)
             1,630      context-switches          #    0.019 K/sec                    (100.00%)
                 1      cpu-migrations            #    0.000 K/sec                    (100.00%)
            27,581      page-faults               #    0.316 K/sec                  
    91,910,239,477      cycles                    #    1.053 GHz                      (100.00%)
   <not supported>      stalled-cycles-frontend  
   <not supported>      stalled-cycles-backend   
   228,583,042,568      instructions              #    2.49  insns per cycle          (100.00%)
    46,990,940,709      branches                  #  538.176 M/sec                    (100.00%)
        29,969,043      branch-misses             #    0.06% of all branches        

      43.656473836 seconds time elapsed