LC_NUMERIC=en_US.UTF8 perf stat -B -C 1-2 taskset -c 2 /tmp/eucycles/pyben-nio/src/run --server start --bind 10.10.1.8 --size 67108864 --port 8881 --filename /tmp/eucycles/data_file --bufsize 50mb --method "match; func=lambda v: int(chr(v)) < 7; sztype=BEFORE"

2018-06-30 01:20:08,505 | server           | INFO     | PID=25496 | [bufsize: 52428800 bytes] [zerocopy: False]
2018-06-30 01:20:08,519 | methods.match    | INFO     | PID=25496 | [method: methods.match]
2018-06-30 01:20:08,519 | methods.match    | INFO     | PID=25496 | [method parameters: {'func': 'lambda v: int(chr(v)) < 7', 'sztype': 'BEFORE', 'mpws': '50MB'}]
2018-06-30 01:20:08,540 | methods.match    | INFO     | PID=25496 | Start 1 process to handle data filtering
2018-06-30 01:20:08,540 | server           | INFO     | PID=25496 | Ready to send 67108864 bytes using data file size of 1073741824 bytes
2018-06-30 01:20:08,540 | server           | INFO     | PID=25496 | Listening socket bound to port 8881
2018-06-30 01:20:14,427 | server           | INFO     | PID=25496 | Accepted incoming connection ('10.10.1.1', 39966) from client. Sending data ...
2018-06-30 01:20:48,106 | server           | INFO     | PID=25496 | [SUMMARY] [Sent: 46981794 bytes] [Read: 46981794 bytes (70.008% of 67108864 raw bytes)] [Duration: 33.67881202697754 seconds] [Bitrate: 11159964.659648078 bit/s]
2018-06-30 01:20:48,106 | server           | INFO     | PID=25496 | Resources closed, now exiting

 Performance counter stats for 'CPU(s) 1-2':

      79479.467585      task-clock (msec)         #    2.000 CPUs utilized            (100.00%)
             1,642      context-switches          #    0.021 K/sec                    (100.00%)
                 1      cpu-migrations            #    0.000 K/sec                    (100.00%)
            27,589      page-faults               #    0.347 K/sec                  
    87,969,700,080      cycles                    #    1.107 GHz                      (100.00%)
   <not supported>      stalled-cycles-frontend  
   <not supported>      stalled-cycles-backend   
   225,977,262,043      instructions              #    2.57  insns per cycle          (100.00%)
    46,305,155,465      branches                  #  582.605 M/sec                    (100.00%)
        29,946,786      branch-misses             #    0.06% of all branches        

      39.738003071 seconds time elapsed