LC_NUMERIC=en_US.UTF8 perf stat -B -C 1-2 taskset -c 2 /tmp/eucycles/pyben-nio/src/run --server start --bind 10.10.1.6 --size 89478485 --port 8881 --filename /tmp/eucycles/data_file --bufsize 50mb --method "match; func=lambda v: int(chr(v)) < 6; sztype=BEFORE"

2018-06-30 00:26:28,045 | server           | INFO     | PID=27537 | [bufsize: 52428800 bytes] [zerocopy: False]
2018-06-30 00:26:28,059 | methods.match    | INFO     | PID=27537 | [method: methods.match]
2018-06-30 00:26:28,059 | methods.match    | INFO     | PID=27537 | [method parameters: {'mpws': '50MB', 'func': 'lambda v: int(chr(v)) < 6', 'sztype': 'BEFORE'}]
2018-06-30 00:26:28,079 | methods.match    | INFO     | PID=27537 | Start 1 process to handle data filtering
2018-06-30 00:26:28,080 | server           | INFO     | PID=27537 | Ready to send 89478485 bytes using data file size of 1073741824 bytes
2018-06-30 00:26:28,080 | server           | INFO     | PID=27537 | Listening socket bound to port 8881
2018-06-30 00:26:33,907 | server           | INFO     | PID=27537 | Accepted incoming connection ('10.10.1.1', 53011) from client. Sending data ...
2018-06-30 00:27:16,843 | server           | INFO     | PID=27537 | [SUMMARY] [Sent: 53683378 bytes] [Read: 53683378 bytes (59.996% of 89478485 raw bytes)] [Duration: 42.93615698814392 seconds] [Bitrate: 10002456.06793803 bit/s]
2018-06-30 00:27:16,843 | server           | INFO     | PID=27537 | Resources closed, now exiting

 Performance counter stats for 'CPU(s) 1-2':

      97868.811996      task-clock (msec)         #    2.000 CPUs utilized            (100.00%)
             2,020      context-switches          #    0.021 K/sec                    (100.00%)
                 1      cpu-migrations            #    0.000 K/sec                    (100.00%)
            29,228      page-faults               #    0.299 K/sec                  
   125,252,695,993      cycles                    #    1.280 GHz                      (100.00%)
   <not supported>      stalled-cycles-frontend  
   <not supported>      stalled-cycles-backend   
   302,088,327,347      instructions              #    2.41  insns per cycle          (100.00%)
    62,328,547,037      branches                  #  636.858 M/sec                    (100.00%)
        49,226,262      branch-misses             #    0.08% of all branches        

      48.933517063 seconds time elapsed