LC_NUMERIC=en_US.UTF8 perf stat -B -C 1-2 taskset -c 2 /tmp/eucycles/pyben-nio/src/run --server start --bind 10.10.1.6 --size 89478485 --port 8881 --filename /tmp/eucycles/data_file --bufsize 50mb --method "match; func=lambda v: int(chr(v)) < 4; sztype=BEFORE"

2018-06-29 22:48:17,895 | server           | INFO     | PID=23207 | [bufsize: 52428800 bytes] [zerocopy: False]
2018-06-29 22:48:17,908 | methods.match    | INFO     | PID=23207 | [method: methods.match]
2018-06-29 22:48:17,909 | methods.match    | INFO     | PID=23207 | [method parameters: {'func': 'lambda v: int(chr(v)) < 4', 'sztype': 'BEFORE', 'mpws': '50MB'}]
2018-06-29 22:48:17,929 | methods.match    | INFO     | PID=23207 | Start 1 process to handle data filtering
2018-06-29 22:48:17,929 | server           | INFO     | PID=23207 | Ready to send 89478485 bytes using data file size of 1073741824 bytes
2018-06-29 22:48:17,929 | server           | INFO     | PID=23207 | Listening socket bound to port 8881
2018-06-29 22:48:23,754 | server           | INFO     | PID=23207 | Accepted incoming connection ('10.10.1.1', 38269) from client. Sending data ...
2018-06-29 22:49:02,786 | server           | INFO     | PID=23207 | [SUMMARY] [Sent: 35787616 bytes] [Read: 35787616 bytes (39.996% of 89478485 raw bytes)] [Duration: 39.03129005432129 seconds] [Bitrate: 7335164.366884734 bit/s]
2018-06-29 22:49:02,786 | server           | INFO     | PID=23207 | Resources closed, now exiting

 Performance counter stats for 'CPU(s) 1-2':

      90054.726016      task-clock (msec)         #    2.000 CPUs utilized            (100.00%)
             1,968      context-switches          #    0.022 K/sec                    (100.00%)
                 1      cpu-migrations            #    0.000 K/sec                    (100.00%)
            24,770      page-faults               #    0.275 K/sec                  
   108,921,854,159      cycles                    #    1.210 GHz                      (100.00%)
   <not supported>      stalled-cycles-frontend  
   <not supported>      stalled-cycles-backend   
   277,756,481,055      instructions              #    2.55  insns per cycle          (100.00%)
    56,908,727,893      branches                  #  631.935 M/sec                    (100.00%)
        49,105,606      branch-misses             #    0.09% of all branches        

      45.026534409 seconds time elapsed