LC_NUMERIC=en_US.UTF8 perf stat -B -C 1-2 taskset -c 2 /tmp/eucycles/pyben-nio/src/run --server start --bind 10.10.1.2 --size 268435456 --port 8881 --filename /tmp/eucycles/data_file --bufsize 50mb --method "match; func=lambda v: int(chr(v)) < 8; sztype=BEFORE"

2018-06-30 02:00:52,230 | server           | INFO     | PID=17833 | [bufsize: 52428800 bytes] [zerocopy: False]
2018-06-30 02:00:52,245 | methods.match    | INFO     | PID=17833 | [method: methods.match]
2018-06-30 02:00:52,245 | methods.match    | INFO     | PID=17833 | [method parameters: {'sztype': 'BEFORE', 'func': 'lambda v: int(chr(v)) < 8', 'mpws': '50MB'}]
2018-06-30 02:00:52,265 | methods.match    | INFO     | PID=17833 | Start 1 process to handle data filtering
2018-06-30 02:00:52,265 | server           | INFO     | PID=17833 | Ready to send 268435456 bytes using data file size of 1073741824 bytes
2018-06-30 02:00:52,266 | server           | INFO     | PID=17833 | Listening socket bound to port 8881
2018-06-30 02:00:57,850 | server           | INFO     | PID=17833 | Accepted incoming connection ('10.10.1.1', 37469) from client. Sending data ...
2018-06-30 02:03:06,201 | server           | INFO     | PID=17833 | [SUMMARY] [Sent: 214752201 bytes] [Read: 214752201 bytes (80.001% of 268435456 raw bytes)] [Duration: 128.35130190849304 seconds] [Bitrate: 13385276.05450271 bit/s]
2018-06-30 02:03:06,201 | server           | INFO     | PID=17833 | Resources closed, now exiting

 Performance counter stats for 'CPU(s) 1-2':

     268200.281494      task-clock (msec)         #    2.000 CPUs utilized            (100.00%)
             5,272      context-switches          #    0.020 K/sec                    (100.00%)
                 1      cpu-migrations            #    0.000 K/sec                    (100.00%)
            68,551      page-faults               #    0.256 K/sec                  
   325,905,032,080      cycles                    #    1.215 GHz                      (100.00%)
   <not supported>      stalled-cycles-frontend  
   <not supported>      stalled-cycles-backend   
   913,070,654,216      instructions              #    2.80  insns per cycle          (100.00%)
   186,316,846,571      branches                  #  694.693 M/sec                    (100.00%)
        84,714,264      branch-misses             #    0.05% of all branches        

     134.105682430 seconds time elapsed