LC_NUMERIC=en_US.UTF8 perf stat -B -C 1-2 taskset -c 2 /tmp/eucycles/pyben-nio/src/run --server start --bind 10.10.1.2 --size 178956971 --port 8881 --filename /tmp/eucycles/data_file --bufsize 50mb --method "match; func=lambda v: int(chr(v)) < 4; sztype=BEFORE"

2018-06-29 22:11:48,157 | server           | INFO     | PID=2125 | [bufsize: 52428800 bytes] [zerocopy: False]
2018-06-29 22:11:48,172 | methods.match    | INFO     | PID=2125 | [method: methods.match]
2018-06-29 22:11:48,172 | methods.match    | INFO     | PID=2125 | [method parameters: {'func': 'lambda v: int(chr(v)) < 4', 'sztype': 'BEFORE', 'mpws': '50MB'}]
2018-06-29 22:11:48,192 | methods.match    | INFO     | PID=2125 | Start 1 process to handle data filtering
2018-06-29 22:11:48,193 | server           | INFO     | PID=2125 | Ready to send 178956971 bytes using data file size of 1073741824 bytes
2018-06-29 22:11:48,193 | server           | INFO     | PID=2125 | Listening socket bound to port 8881
2018-06-29 22:11:55,249 | server           | INFO     | PID=2125 | Accepted incoming connection ('10.10.1.1', 47803) from client. Sending data ...
2018-06-29 22:13:13,340 | server           | INFO     | PID=2125 | [SUMMARY] [Sent: 71581575 bytes] [Read: 71581575 bytes (39.999% of 178956971 raw bytes)] [Duration: 78.09028816223145 seconds] [Bitrate: 7333211.510377865 bit/s]
2018-06-29 22:13:13,340 | server           | INFO     | PID=2125 | Resources closed, now exiting

 Performance counter stats for 'CPU(s) 1-2':

     170632.341491      task-clock (msec)         #    2.000 CPUs utilized            (100.00%)
             3,486      context-switches          #    0.020 K/sec                    (100.00%)
                 1      cpu-migrations            #    0.000 K/sec                    (100.00%)
            26,335      page-faults               #    0.154 K/sec                  
   199,678,658,634      cycles                    #    1.170 GHz                      (100.00%)
   <not supported>      stalled-cycles-frontend  
   <not supported>      stalled-cycles-backend   
   557,256,489,375      instructions              #    2.79  insns per cycle          (100.00%)
   114,087,612,073      branches                  #  668.617 M/sec                    (100.00%)
        95,711,475      branch-misses             #    0.08% of all branches        

      85.319633307 seconds time elapsed