LC_NUMERIC=en_US.UTF8 perf stat -B -C 1-2 taskset -c 2 /tmp/eucycles/pyben-nio/src/run --server start --bind 10.10.1.5 --size 107374182 --port 8881 --filename /tmp/eucycles/data_file --bufsize 50mb --method "match; func=lambda v: int(chr(v)) < 4; sztype=BEFORE"

2018-06-29 22:46:50,077 | server           | INFO     | PID=24465 | [bufsize: 52428800 bytes] [zerocopy: False]
2018-06-29 22:46:50,091 | methods.match    | INFO     | PID=24465 | [method: methods.match]
2018-06-29 22:46:50,091 | methods.match    | INFO     | PID=24465 | [method parameters: {'sztype': 'BEFORE', 'func': 'lambda v: int(chr(v)) < 4', 'mpws': '50MB'}]
2018-06-29 22:46:50,112 | methods.match    | INFO     | PID=24465 | Start 1 process to handle data filtering
2018-06-29 22:46:50,112 | server           | INFO     | PID=24465 | Ready to send 107374182 bytes using data file size of 1073741824 bytes
2018-06-29 22:46:50,112 | server           | INFO     | PID=24465 | Listening socket bound to port 8881
2018-06-29 22:46:55,814 | server           | INFO     | PID=24465 | Accepted incoming connection ('10.10.1.1', 43601) from client. Sending data ...
2018-06-29 22:47:43,427 | server           | INFO     | PID=24465 | [SUMMARY] [Sent: 42949289 bytes] [Read: 42949289 bytes (40.000% of 107374182 raw bytes)] [Duration: 47.612754106521606 seconds] [Bitrate: 7216434.303113275 bit/s]
2018-06-29 22:47:43,427 | server           | INFO     | PID=24465 | Resources closed, now exiting

 Performance counter stats for 'CPU(s) 1-2':

     106972.732019      task-clock (msec)         #    2.000 CPUs utilized            (100.00%)
             2,306      context-switches          #    0.022 K/sec                    (100.00%)
                 1      cpu-migrations            #    0.000 K/sec                    (100.00%)
            26,271      page-faults               #    0.246 K/sec                  
   124,132,878,189      cycles                    #    1.160 GHz                      (100.00%)
   <not supported>      stalled-cycles-frontend  
   <not supported>      stalled-cycles-backend   
   334,100,751,657      instructions              #    2.69  insns per cycle          (100.00%)
    68,464,264,528      branches                  #  640.016 M/sec                    (100.00%)
        58,311,917      branch-misses             #    0.09% of all branches        

      53.485054260 seconds time elapsed