LC_NUMERIC=en_US.UTF8 perf stat -B -C 1-2 taskset -c 2 /tmp/eucycles/pyben-nio/src/run --server start --bind 10.10.1.5 --size 76695845 --port 8881 --filename /tmp/eucycles/data_file --bufsize 50mb --method "match; func=lambda v: int(chr(v)) < 1; sztype=BEFORE"

2018-06-29 20:03:03,748 | server           | INFO     | PID=16581 | [bufsize: 52428800 bytes] [zerocopy: False]
2018-06-29 20:03:03,762 | methods.match    | INFO     | PID=16581 | [method: methods.match]
2018-06-29 20:03:03,762 | methods.match    | INFO     | PID=16581 | [method parameters: {'sztype': 'BEFORE', 'mpws': '50MB', 'func': 'lambda v: int(chr(v)) < 1'}]
2018-06-29 20:03:03,783 | methods.match    | INFO     | PID=16581 | Start 1 process to handle data filtering
2018-06-29 20:03:03,783 | server           | INFO     | PID=16581 | Ready to send 76695845 bytes using data file size of 1073741824 bytes
2018-06-29 20:03:03,783 | server           | INFO     | PID=16581 | Listening socket bound to port 8881
2018-06-29 20:03:12,086 | server           | INFO     | PID=16581 | Accepted incoming connection ('10.10.1.1', 56918) from client. Sending data ...
2018-06-29 20:03:42,142 | server           | INFO     | PID=16581 | [SUMMARY] [Sent: 7671047 bytes] [Read: 7671047 bytes (10.002% of 76695845 raw bytes)] [Duration: 30.05582618713379 seconds] [Bitrate: 2041812.9788849524 bit/s]
2018-06-29 20:03:42,142 | server           | INFO     | PID=16581 | Resources closed, now exiting

 Performance counter stats for 'CPU(s) 1-2':

      77060.704698      task-clock (msec)         #    2.000 CPUs utilized            (100.00%)
             1,724      context-switches          #    0.022 K/sec                    (100.00%)
                 1      cpu-migrations            #    0.000 K/sec                    (100.00%)
            17,905      page-faults               #    0.232 K/sec                  
    81,568,740,980      cycles                    #    1.058 GHz                      (100.00%)
   <not supported>      stalled-cycles-frontend  
   <not supported>      stalled-cycles-backend   
   219,691,810,288      instructions              #    2.69  insns per cycle          (100.00%)
    45,273,529,294      branches                  #  587.505 M/sec                    (100.00%)
        18,192,021      branch-misses             #    0.04% of all branches        

      38.529360737 seconds time elapsed