LC_NUMERIC=en_US.UTF8 perf stat -B -C 1-2 taskset -c 2 /tmp/eucycles/pyben-nio/src/run --server start --bind 10.10.1.3 --size 76695845 --port 8881 --filename /tmp/eucycles/data_file --bufsize 50mb --method "match; func=lambda v: int(chr(v)) < 5; sztype=BEFORE"

2018-06-29 23:21:55,453 | server           | INFO     | PID=30402 | [bufsize: 52428800 bytes] [zerocopy: False]
2018-06-29 23:21:55,467 | methods.match    | INFO     | PID=30402 | [method: methods.match]
2018-06-29 23:21:55,468 | methods.match    | INFO     | PID=30402 | [method parameters: {'func': 'lambda v: int(chr(v)) < 5', 'sztype': 'BEFORE', 'mpws': '50MB'}]
2018-06-29 23:21:55,488 | methods.match    | INFO     | PID=30402 | Start 1 process to handle data filtering
2018-06-29 23:21:55,488 | server           | INFO     | PID=30402 | Ready to send 76695845 bytes using data file size of 1073741824 bytes
2018-06-29 23:21:55,488 | server           | INFO     | PID=30402 | Listening socket bound to port 8881
2018-06-29 23:22:06,304 | server           | INFO     | PID=30402 | Accepted incoming connection ('10.10.1.1', 54900) from client. Sending data ...
2018-06-29 23:22:42,031 | server           | INFO     | PID=30402 | [SUMMARY] [Sent: 38333056 bytes] [Read: 38333056 bytes (49.981% of 76695845 raw bytes)] [Duration: 35.7269549369812 seconds] [Bitrate: 8583559.627203763 bit/s]
2018-06-29 23:22:42,031 | server           | INFO     | PID=30402 | Resources closed, now exiting

 Performance counter stats for 'CPU(s) 1-2':

      93418.536767      task-clock (msec)         #    2.000 CPUs utilized            (100.00%)
             1,780      context-switches          #    0.019 K/sec                    (100.00%)
                 1      cpu-migrations            #    0.000 K/sec                    (100.00%)
            25,391      page-faults               #    0.272 K/sec                  
    88,940,070,294      cycles                    #    0.952 GHz                      (100.00%)
   <not supported>      stalled-cycles-frontend  
   <not supported>      stalled-cycles-backend   
   247,312,713,363      instructions              #    2.78  insns per cycle          (100.00%)
    50,505,502,724      branches                  #  540.637 M/sec                    (100.00%)
        49,050,755      branch-misses             #    0.10% of all branches        

      46.714246244 seconds time elapsed