LC_NUMERIC=en_US.UTF8 perf stat -B -C 1-2 taskset -c 2 /tmp/eucycles/pyben-nio/src/run --client start --addresses 10.10.1.2  10.10.1.3 --size 512MB --port 8881 --bind 10.10.1.1 --bufsize 50mb --method "raw"

2018-06-30 01:26:21,884 | client           | INFO     | PID=32297 | [bufsize: 52428800 bytes]
2018-06-30 01:26:21,909 | client           | INFO     | PID=32299 | Connecting to server 10.10.1.2 on port 8881
2018-06-30 01:26:21,910 | client           | INFO     | PID=32298 | Connecting to server 10.10.1.3 on port 8881
2018-06-30 01:26:21,910 | client           | INFO     | PID=32299 | Connection established. Receiving data ...
2018-06-30 01:26:21,910 | methods.raw      | INFO     | PID=32299 | [method: methods.raw]
2018-06-30 01:26:21,911 | methods.raw      | INFO     | PID=32299 | [method parameters: {}]
2018-06-30 01:26:21,915 | client           | INFO     | PID=32298 | Connection established. Receiving data ...
2018-06-30 01:26:21,915 | methods.raw      | INFO     | PID=32298 | [method: methods.raw]
2018-06-30 01:26:21,916 | methods.raw      | INFO     | PID=32298 | [method parameters: {}]
2018-06-30 01:28:32,447 | client           | INFO     | PID=32298 | [Received: 214737254 bytes (214737254 raw bytes)] [Duration: 130.49426198005676 seconds] [Bitrate: 13164548.432501528 bit/s]
2018-06-30 01:28:32,447 | client           | INFO     | PID=32298 | Socket closed
2018-06-30 01:28:33,026 | client           | INFO     | PID=32299 | [Received: 214752201 bytes (214752201 raw bytes)] [Duration: 131.07287907600403 seconds] [Bitrate: 13107346.234485235 bit/s]
2018-06-30 01:28:33,026 | client           | INFO     | PID=32299 | Socket closed
2018-06-30 01:28:33,563 | client           | INFO     | PID=32297 | [SUMMARY] [Received: 429489455 bytes (100.000% of 429489455 raw bytes)] [Duration: 131.0729479789734 seconds] [Bitrate: 26213766.402440164 bit/s]

 Performance counter stats for 'CPU(s) 1-2':

     263493.277917      task-clock (msec)         #    2.000 CPUs utilized            (100.00%)
             3,625      context-switches          #    0.014 K/sec                    (100.00%)
                 1      cpu-migrations            #    0.000 K/sec                    (100.00%)
           947,750      page-faults               #    0.004 M/sec                  
    16,236,203,115      cycles                    #    0.062 GHz                      (100.00%)
   <not supported>      stalled-cycles-frontend  
   <not supported>      stalled-cycles-backend   
    36,454,420,093      instructions              #    2.25  insns per cycle          (100.00%)
     9,594,096,332      branches                  #   36.411 M/sec                    (100.00%)
        14,480,828      branch-misses             #    0.15% of all branches        

     131.752903444 seconds time elapsed