LC_NUMERIC=en_US.UTF8 perf stat -B -C 1-2 taskset -c 2 /tmp/eucycles/pyben-nio/src/run --server start --bind 10.10.1.3 --size 268435456 --port 8881 --filename /tmp/eucycles/data_file --bufsize 50mb --method "match; func=lambda v: int(chr(v)) < 6; sztype=BEFORE"

2018-06-30 00:01:51,486 | server           | INFO     | PID=300 | [bufsize: 52428800 bytes] [zerocopy: False]
2018-06-30 00:01:51,500 | methods.match    | INFO     | PID=300 | [method: methods.match]
2018-06-30 00:01:51,501 | methods.match    | INFO     | PID=300 | [method parameters: {'mpws': '50MB', 'sztype': 'BEFORE', 'func': 'lambda v: int(chr(v)) < 6'}]
2018-06-30 00:01:51,521 | methods.match    | INFO     | PID=300 | Start 1 process to handle data filtering
2018-06-30 00:01:51,521 | server           | INFO     | PID=300 | Ready to send 268435456 bytes using data file size of 1073741824 bytes
2018-06-30 00:01:51,521 | server           | INFO     | PID=300 | Listening socket bound to port 8881
2018-06-30 00:01:55,922 | server           | INFO     | PID=300 | Accepted incoming connection ('10.10.1.1', 59331) from client. Sending data ...
2018-06-30 00:04:01,049 | server           | INFO     | PID=300 | [SUMMARY] [Sent: 161042799 bytes] [Read: 161042799 bytes (59.993% of 268435456 raw bytes)] [Duration: 125.12634682655334 seconds] [Bitrate: 10296331.865149586 bit/s]
2018-06-30 00:04:01,049 | server           | INFO     | PID=300 | Resources closed, now exiting

 Performance counter stats for 'CPU(s) 1-2':

     259282.351774      task-clock (msec)         #    2.000 CPUs utilized            (100.00%)
             4,946      context-switches          #    0.019 K/sec                    (100.00%)
                 1      cpu-migrations            #    0.000 K/sec                    (100.00%)
            55,414      page-faults               #    0.214 K/sec                  
   319,029,304,489      cycles                    #    1.230 GHz                      (100.00%)
   <not supported>      stalled-cycles-frontend  
   <not supported>      stalled-cycles-backend   
   869,021,658,122      instructions              #    2.72  insns per cycle          (100.00%)
   177,496,922,764      branches                  #  684.570 M/sec                    (100.00%)
       302,420,920      branch-misses             #    0.17% of all branches        

     129.655297340 seconds time elapsed