LC_NUMERIC=en_US.UTF8 perf stat -B -C 1-2 taskset -c 2 /tmp/eucycles/pyben-nio/src/run --client start --addresses 10.10.1.2 --size 512MB --port 8881 --bind 10.10.1.1 --bufsize 50mb --method "raw"

2018-06-30 00:30:38,400 | client           | INFO     | PID=18145 | [bufsize: 52428800 bytes]
2018-06-30 00:30:38,424 | client           | INFO     | PID=18146 | Connecting to server 10.10.1.2 on port 8881
2018-06-30 00:30:38,424 | client           | INFO     | PID=18146 | Connection established. Receiving data ...
2018-06-30 00:30:38,424 | methods.raw      | INFO     | PID=18146 | [method: methods.raw]
2018-06-30 00:30:38,425 | methods.raw      | INFO     | PID=18146 | [method parameters: {}]
2018-06-30 00:34:53,130 | client           | INFO     | PID=18146 | [Received: 375815518 bytes (375815518 raw bytes)] [Duration: 254.68442583084106 seconds] [Bitrate: 11804899.864575561 bit/s]
2018-06-30 00:34:53,130 | client           | INFO     | PID=18146 | Socket closed
2018-06-30 00:34:54,012 | client           | INFO     | PID=18145 | [SUMMARY] [Received: 375815518 bytes (100.000% of 375815518 raw bytes)] [Duration: 254.68442583084106 seconds] [Bitrate: 11804899.864575561 bit/s]

 Performance counter stats for 'CPU(s) 1-2':

     511347.720732      task-clock (msec)         #    2.000 CPUs utilized            (100.00%)
             6,193      context-switches          #    0.012 K/sec                    (100.00%)
                 1      cpu-migrations            #    0.000 K/sec                    (100.00%)
           818,210      page-faults               #    0.002 M/sec                  
    16,211,735,089      cycles                    #    0.032 GHz                      (100.00%)
   <not supported>      stalled-cycles-frontend  
   <not supported>      stalled-cycles-backend   
    32,091,214,644      instructions              #    1.98  insns per cycle          (100.00%)
     8,458,724,485      branches                  #   16.542 M/sec                    (100.00%)
        13,622,378      branch-misses             #    0.16% of all branches        

     255.686180685 seconds time elapsed