LC_NUMERIC=en_US.UTF8 perf stat -B -C 1-2 taskset -c 2 /tmp/eucycles/pyben-nio/src/run --server start --bind 10.10.1.7 --size 89478485 --port 8881 --filename /tmp/eucycles/data_file --bufsize 50mb --method "match; func=lambda v: int(chr(v)) < 1; sztype=BEFORE"

2018-06-29 20:16:33,115 | server           | INFO     | PID=15822 | [bufsize: 52428800 bytes] [zerocopy: False]
2018-06-29 20:16:33,130 | methods.match    | INFO     | PID=15822 | [method: methods.match]
2018-06-29 20:16:33,130 | methods.match    | INFO     | PID=15822 | [method parameters: {'func': 'lambda v: int(chr(v)) < 1', 'sztype': 'BEFORE', 'mpws': '50MB'}]
2018-06-29 20:16:33,150 | methods.match    | INFO     | PID=15822 | Start 1 process to handle data filtering
2018-06-29 20:16:33,150 | server           | INFO     | PID=15822 | Ready to send 89478485 bytes using data file size of 1073741824 bytes
2018-06-29 20:16:33,151 | server           | INFO     | PID=15822 | Listening socket bound to port 8881
2018-06-29 20:16:37,798 | server           | INFO     | PID=15822 | Accepted incoming connection ('10.10.1.1', 49421) from client. Sending data ...
2018-06-29 20:17:12,988 | server           | INFO     | PID=15822 | [SUMMARY] [Sent: 8947473 bytes] [Read: 8947473 bytes (10.000% of 89478485 raw bytes)] [Duration: 35.19015312194824 seconds] [Bitrate: 2034085.6077535904 bit/s]
2018-06-29 20:17:12,989 | server           | INFO     | PID=15822 | Resources closed, now exiting

 Performance counter stats for 'CPU(s) 1-2':

      79937.546849      task-clock (msec)         #    2.000 CPUs utilized            (100.00%)
             1,685      context-switches          #    0.021 K/sec                    (100.00%)
                 1      cpu-migrations            #    0.000 K/sec                    (100.00%)
            18,199      page-faults               #    0.228 K/sec                  
    90,807,842,487      cycles                    #    1.136 GHz                      (100.00%)
   <not supported>      stalled-cycles-frontend  
   <not supported>      stalled-cycles-backend   
   255,595,873,656      instructions              #    2.81  insns per cycle          (100.00%)
    52,419,631,162      branches                  #  655.757 M/sec                    (100.00%)
        20,744,887      branch-misses             #    0.04% of all branches        

      39.966366778 seconds time elapsed