LC_NUMERIC=en_US.UTF8 perf stat -B -C 1-2 taskset -c 2 /tmp/eucycles/pyben-nio/src/run --client start --addresses 10.10.1.2  10.10.1.3  10.10.1.4 --size 512MB --port 8881 --bind 10.10.1.1 --bufsize 50mb --method "raw"

2018-06-29 23:31:38,696 | client           | INFO     | PID=491 | [bufsize: 52428800 bytes]
2018-06-29 23:31:38,723 | client           | INFO     | PID=494 | Connecting to server 10.10.1.2 on port 8881
2018-06-29 23:31:38,724 | client           | INFO     | PID=493 | Connecting to server 10.10.1.3 on port 8881
2018-06-29 23:31:38,725 | client           | INFO     | PID=494 | Connection established. Receiving data ...
2018-06-29 23:31:38,725 | methods.raw      | INFO     | PID=494 | [method: methods.raw]
2018-06-29 23:31:38,725 | methods.raw      | INFO     | PID=494 | [method parameters: {}]
2018-06-29 23:31:38,731 | client           | INFO     | PID=493 | Connection established. Receiving data ...
2018-06-29 23:31:38,731 | methods.raw      | INFO     | PID=493 | [method: methods.raw]
2018-06-29 23:31:38,732 | methods.raw      | INFO     | PID=493 | [method parameters: {}]
2018-06-29 23:31:38,736 | client           | INFO     | PID=492 | Connecting to server 10.10.1.4 on port 8881
2018-06-29 23:31:38,736 | client           | INFO     | PID=492 | Connection established. Receiving data ...
2018-06-29 23:31:38,736 | methods.raw      | INFO     | PID=492 | [method: methods.raw]
2018-06-29 23:31:38,736 | methods.raw      | INFO     | PID=492 | [method parameters: {}]
2018-06-29 23:33:00,348 | client           | INFO     | PID=494 | [Received: 89479697 bytes (89479697 raw bytes)] [Duration: 81.5707859992981 seconds] [Bitrate: 8775661.129539192 bit/s]
2018-06-29 23:33:00,349 | client           | INFO     | PID=494 | Socket closed
2018-06-29 23:33:00,360 | client           | INFO     | PID=493 | [Received: 89457759 bytes (89457759 raw bytes)] [Duration: 81.57779598236084 seconds] [Bitrate: 8772755.666931037 bit/s]
2018-06-29 23:33:00,361 | client           | INFO     | PID=493 | Socket closed
2018-06-29 23:33:01,235 | client           | INFO     | PID=492 | [Received: 89464236 bytes (89464236 raw bytes)] [Duration: 82.44615983963013 seconds] [Bitrate: 8680985.134931311 bit/s]
2018-06-29 23:33:01,235 | client           | INFO     | PID=492 | Socket closed
2018-06-29 23:33:01,435 | client           | INFO     | PID=491 | [SUMMARY] [Received: 268401692 bytes (100.000% of 268401692 raw bytes)] [Duration: 82.45720601081848 seconds] [Bitrate: 26040338.253982108 bit/s]

 Performance counter stats for 'CPU(s) 1-2':

     165618.552478      task-clock (msec)         #    2.000 CPUs utilized            (100.00%)
             2,500      context-switches          #    0.015 K/sec                    (100.00%)
                 1      cpu-migrations            #    0.000 K/sec                    (100.00%)
           632,604      page-faults               #    0.004 M/sec                  
    10,394,748,562      cycles                    #    0.063 GHz                      (100.00%)
   <not supported>      stalled-cycles-frontend  
   <not supported>      stalled-cycles-backend   
    23,024,497,495      instructions              #    2.22  insns per cycle          (100.00%)
     6,039,410,090      branches                  #   36.466 M/sec                    (100.00%)
        10,232,072      branch-misses             #    0.17% of all branches        

      82.813152447 seconds time elapsed