LC_NUMERIC=en_US.UTF8 perf stat -B -C 1-2 taskset -c 2 /tmp/eucycles/pyben-nio/src/run --server start --bind 10.10.1.6 --size 67108864 --port 8881 --filename /tmp/eucycles/data_file --bufsize 50mb --method "match; func=lambda v: int(chr(v)) < 9; sztype=BEFORE"

2018-06-30 03:04:43,650 | server           | INFO     | PID=1978 | [bufsize: 52428800 bytes] [zerocopy: False]
2018-06-30 03:04:43,664 | methods.match    | INFO     | PID=1978 | [method: methods.match]
2018-06-30 03:04:43,664 | methods.match    | INFO     | PID=1978 | [method parameters: {'sztype': 'BEFORE', 'func': 'lambda v: int(chr(v)) < 9', 'mpws': '50MB'}]
2018-06-30 03:04:43,684 | methods.match    | INFO     | PID=1978 | Start 1 process to handle data filtering
2018-06-30 03:04:43,684 | server           | INFO     | PID=1978 | Ready to send 67108864 bytes using data file size of 1073741824 bytes
2018-06-30 03:04:43,685 | server           | INFO     | PID=1978 | Listening socket bound to port 8881
2018-06-30 03:04:51,964 | server           | INFO     | PID=1978 | Accepted incoming connection ('10.10.1.1', 60995) from client. Sending data ...
2018-06-30 03:05:26,530 | server           | INFO     | PID=1978 | [SUMMARY] [Sent: 60395176 bytes] [Read: 60395176 bytes (89.996% of 67108864 raw bytes)] [Duration: 34.565892934799194 seconds] [Bitrate: 13977981.38504264 bit/s]
2018-06-30 03:05:26,530 | server           | INFO     | PID=1978 | Resources closed, now exiting

 Performance counter stats for 'CPU(s) 1-2':

      86032.757647      task-clock (msec)         #    2.000 CPUs utilized            (100.00%)
             1,658      context-switches          #    0.019 K/sec                    (100.00%)
                 1      cpu-migrations            #    0.000 K/sec                    (100.00%)
            30,868      page-faults               #    0.359 K/sec                  
    97,548,482,750      cycles                    #    1.134 GHz                      (100.00%)
   <not supported>      stalled-cycles-frontend  
   <not supported>      stalled-cycles-backend   
   238,445,704,150      instructions              #    2.44  insns per cycle          (100.00%)
    48,824,852,841      branches                  #  567.515 M/sec                    (100.00%)
        16,419,934      branch-misses             #    0.03% of all branches        

      43.015582415 seconds time elapsed