LC_NUMERIC=en_US.UTF8 perf stat -B -C 1-2 taskset -c 2 /tmp/eucycles/pyben-nio/src/run --server start --bind 10.10.1.3 --size 89478486 --port 8881 --filename /tmp/eucycles/data_file --bufsize 50mb --method "match; func=lambda v: int(chr(v)) < 7; sztype=BEFORE"

2018-06-30 01:00:14,952 | server           | INFO     | PID=4043 | [bufsize: 52428800 bytes] [zerocopy: False]
2018-06-30 01:00:14,966 | methods.match    | INFO     | PID=4043 | [method: methods.match]
2018-06-30 01:00:14,966 | methods.match    | INFO     | PID=4043 | [method parameters: {'sztype': 'BEFORE', 'func': 'lambda v: int(chr(v)) < 7', 'mpws': '50MB'}]
2018-06-30 01:00:14,987 | methods.match    | INFO     | PID=4043 | Start 1 process to handle data filtering
2018-06-30 01:00:14,987 | server           | INFO     | PID=4043 | Ready to send 89478486 bytes using data file size of 1073741824 bytes
2018-06-30 01:00:14,987 | server           | INFO     | PID=4043 | Listening socket bound to port 8881
2018-06-30 01:00:24,542 | server           | INFO     | PID=4043 | Accepted incoming connection ('10.10.1.1', 45402) from client. Sending data ...
2018-06-30 01:01:08,986 | server           | INFO     | PID=4043 | [SUMMARY] [Sent: 62623834 bytes] [Read: 62623834 bytes (69.988% of 89478486 raw bytes)] [Duration: 44.443852186203 seconds] [Bitrate: 11272440.334403006 bit/s]
2018-06-30 01:01:08,986 | server           | INFO     | PID=4043 | Resources closed, now exiting

 Performance counter stats for 'CPU(s) 1-2':

     108328.286176      task-clock (msec)         #    2.000 CPUs utilized            (100.00%)
             2,055      context-switches          #    0.019 K/sec                    (100.00%)
                 1      cpu-migrations            #    0.000 K/sec                    (100.00%)
            31,410      page-faults               #    0.290 K/sec                  
   107,119,157,520      cycles                    #    0.989 GHz                      (100.00%)
   <not supported>      stalled-cycles-frontend  
   <not supported>      stalled-cycles-backend   
   299,127,134,262      instructions              #    2.79  insns per cycle          (100.00%)
    60,955,086,779      branches                  #  562.689 M/sec                    (100.00%)
        39,113,658      branch-misses             #    0.06% of all branches        

      54.169941378 seconds time elapsed