LC_NUMERIC=en_US.UTF8 perf stat -B -C 1-2 taskset -c 2 /tmp/eucycles/pyben-nio/src/run --server start --bind 10.10.1.2 --size 107374183 --port 8881 --filename /tmp/eucycles/data_file --bufsize 50mb --method "match; func=lambda v: int(chr(v)) < 2; sztype=BEFORE"

2018-06-29 20:29:58,197 | server           | INFO     | PID=28122 | [bufsize: 52428800 bytes] [zerocopy: False]
2018-06-29 20:29:58,211 | methods.match    | INFO     | PID=28122 | [method: methods.match]
2018-06-29 20:29:58,211 | methods.match    | INFO     | PID=28122 | [method parameters: {'mpws': '50MB', 'func': 'lambda v: int(chr(v)) < 2', 'sztype': 'BEFORE'}]
2018-06-29 20:29:58,232 | methods.match    | INFO     | PID=28122 | Start 1 process to handle data filtering
2018-06-29 20:29:58,232 | server           | INFO     | PID=28122 | Ready to send 107374183 bytes using data file size of 1073741824 bytes
2018-06-29 20:29:58,232 | server           | INFO     | PID=28122 | Listening socket bound to port 8881
2018-06-29 20:30:07,600 | server           | INFO     | PID=28122 | Accepted incoming connection ('10.10.1.1', 40911) from client. Sending data ...
2018-06-29 20:30:50,578 | server           | INFO     | PID=28122 | [SUMMARY] [Sent: 21472400 bytes] [Read: 21472400 bytes (19.998% of 107374183 raw bytes)] [Duration: 42.97793889045715 seconds] [Bitrate: 3996915.730133861 bit/s]
2018-06-29 20:30:50,578 | server           | INFO     | PID=28122 | Resources closed, now exiting

 Performance counter stats for 'CPU(s) 1-2':

     105025.922211      task-clock (msec)         #    2.000 CPUs utilized            (100.00%)
             2,253      context-switches          #    0.021 K/sec                    (100.00%)
                 1      cpu-migrations            #    0.000 K/sec                    (100.00%)
            21,163      page-faults               #    0.202 K/sec                  
   110,587,271,224      cycles                    #    1.053 GHz                      (100.00%)
   <not supported>      stalled-cycles-frontend  
   <not supported>      stalled-cycles-backend   
   310,874,546,110      instructions              #    2.81  insns per cycle          (100.00%)
    63,453,933,402      branches                  #  604.174 M/sec                    (100.00%)
        35,232,784      branch-misses             #    0.06% of all branches        

      52.515025301 seconds time elapsed