LC_NUMERIC=en_US.UTF8 perf stat -B -C 1-2 taskset -c 2 /tmp/eucycles/pyben-nio/src/run --server start --bind 10.10.1.7 --size 67108864 --port 8881 --filename /tmp/eucycles/data_file --bufsize 50mb --method "match; func=lambda v: int(chr(v)) < 7; sztype=BEFORE"

2018-06-30 00:46:12,038 | server           | INFO     | PID=26177 | [bufsize: 52428800 bytes] [zerocopy: False]
2018-06-30 00:46:12,052 | methods.match    | INFO     | PID=26177 | [method: methods.match]
2018-06-30 00:46:12,053 | methods.match    | INFO     | PID=26177 | [method parameters: {'func': 'lambda v: int(chr(v)) < 7', 'mpws': '50MB', 'sztype': 'BEFORE'}]
2018-06-30 00:46:12,073 | methods.match    | INFO     | PID=26177 | Start 1 process to handle data filtering
2018-06-30 00:46:12,073 | server           | INFO     | PID=26177 | Ready to send 67108864 bytes using data file size of 1073741824 bytes
2018-06-30 00:46:12,074 | server           | INFO     | PID=26177 | Listening socket bound to port 8881
2018-06-30 00:46:19,125 | server           | INFO     | PID=26177 | Accepted incoming connection ('10.10.1.1', 40087) from client. Sending data ...
2018-06-30 00:46:52,888 | server           | INFO     | PID=26177 | [SUMMARY] [Sent: 46978212 bytes] [Read: 46978212 bytes (70.003% of 67108864 raw bytes)] [Duration: 33.76343894004822 seconds] [Bitrate: 11131143.85851903 bit/s]
2018-06-30 00:46:52,888 | server           | INFO     | PID=26177 | Resources closed, now exiting

 Performance counter stats for 'CPU(s) 1-2':

      81979.927654      task-clock (msec)         #    2.000 CPUs utilized            (100.00%)
             1,628      context-switches          #    0.020 K/sec                    (100.00%)
                 1      cpu-migrations            #    0.000 K/sec                    (100.00%)
            27,580      page-faults               #    0.336 K/sec                  
    88,134,544,081      cycles                    #    1.075 GHz                      (100.00%)
   <not supported>      stalled-cycles-frontend  
   <not supported>      stalled-cycles-backend   
   228,307,312,367      instructions              #    2.59  insns per cycle          (100.00%)
    46,787,456,564      branches                  #  570.718 M/sec                    (100.00%)
        29,889,283      branch-misses             #    0.06% of all branches        

      40.987501732 seconds time elapsed