LC_NUMERIC=en_US.UTF8 perf stat -B -C 1-2 taskset -c 2 /tmp/eucycles/pyben-nio/src/run --server start --bind 10.10.1.6 --size 67108864 --port 8881 --filename /tmp/eucycles/data_file --bufsize 50mb --method "match; func=lambda v: int(chr(v)) < 6; sztype=BEFORE"

2018-06-30 00:12:34,156 | server           | INFO     | PID=27056 | [bufsize: 52428800 bytes] [zerocopy: False]
2018-06-30 00:12:34,170 | methods.match    | INFO     | PID=27056 | [method: methods.match]
2018-06-30 00:12:34,170 | methods.match    | INFO     | PID=27056 | [method parameters: {'mpws': '50MB', 'func': 'lambda v: int(chr(v)) < 6', 'sztype': 'BEFORE'}]
2018-06-30 00:12:34,190 | methods.match    | INFO     | PID=27056 | Start 1 process to handle data filtering
2018-06-30 00:12:34,191 | server           | INFO     | PID=27056 | Ready to send 67108864 bytes using data file size of 1073741824 bytes
2018-06-30 00:12:34,191 | server           | INFO     | PID=27056 | Listening socket bound to port 8881
2018-06-30 00:12:42,534 | server           | INFO     | PID=27056 | Accepted incoming connection ('10.10.1.1', 52331) from client. Sending data ...
2018-06-30 00:13:15,200 | server           | INFO     | PID=27056 | [SUMMARY] [Sent: 40260702 bytes] [Read: 40260702 bytes (59.993% of 67108864 raw bytes)] [Duration: 32.6655330657959 seconds] [Bitrate: 9860105.921163004 bit/s]
2018-06-30 00:13:15,200 | server           | INFO     | PID=27056 | Resources closed, now exiting

 Performance counter stats for 'CPU(s) 1-2':

      82360.609596      task-clock (msec)         #    2.000 CPUs utilized            (100.00%)
             1,624      context-switches          #    0.020 K/sec                    (100.00%)
                 1      cpu-migrations            #    0.000 K/sec                    (100.00%)
            25,950      page-faults               #    0.315 K/sec                  
    88,007,820,781      cycles                    #    1.069 GHz                      (100.00%)
   <not supported>      stalled-cycles-frontend  
   <not supported>      stalled-cycles-backend   
   223,842,477,151      instructions              #    2.54  insns per cycle          (100.00%)
    46,096,262,401      branches                  #  559.688 M/sec                    (100.00%)
        37,600,454      branch-misses             #    0.08% of all branches        

      41.179532750 seconds time elapsed