LC_NUMERIC=en_US.UTF8 perf stat -B -C 1-2 taskset -c 2 /tmp/eucycles/pyben-nio/src/run --server start --bind 10.10.1.7 --size 89478485 --port 8881 --filename /tmp/eucycles/data_file --bufsize 50mb --method "match; func=lambda v: int(chr(v)) < 3; sztype=BEFORE"

2018-06-29 22:01:11,382 | server           | INFO     | PID=19613 | [bufsize: 52428800 bytes] [zerocopy: False]
2018-06-29 22:01:11,397 | methods.match    | INFO     | PID=19613 | [method: methods.match]
2018-06-29 22:01:11,397 | methods.match    | INFO     | PID=19613 | [method parameters: {'func': 'lambda v: int(chr(v)) < 3', 'mpws': '50MB', 'sztype': 'BEFORE'}]
2018-06-29 22:01:11,417 | methods.match    | INFO     | PID=19613 | Start 1 process to handle data filtering
2018-06-29 22:01:11,417 | server           | INFO     | PID=19613 | Ready to send 89478485 bytes using data file size of 1073741824 bytes
2018-06-29 22:01:11,417 | server           | INFO     | PID=19613 | Listening socket bound to port 8881
2018-06-29 22:01:15,991 | server           | INFO     | PID=19613 | Accepted incoming connection ('10.10.1.1', 51304) from client. Sending data ...
2018-06-29 22:01:53,874 | server           | INFO     | PID=19613 | [SUMMARY] [Sent: 26844429 bytes] [Read: 26844429 bytes (30.001% of 89478485 raw bytes)] [Duration: 37.88313412666321 seconds] [Bitrate: 5668892.950671922 bit/s]
2018-06-29 22:01:53,874 | server           | INFO     | PID=19613 | Resources closed, now exiting

 Performance counter stats for 'CPU(s) 1-2':

      85175.411795      task-clock (msec)         #    2.000 CPUs utilized            (100.00%)
             1,727      context-switches          #    0.020 K/sec                    (100.00%)
                 1      cpu-migrations            #    0.000 K/sec                    (100.00%)
            22,556      page-faults               #    0.265 K/sec                  
   104,092,114,090      cycles                    #    1.222 GHz                      (100.00%)
   <not supported>      stalled-cycles-frontend  
   <not supported>      stalled-cycles-backend   
   272,688,098,938      instructions              #    2.62  insns per cycle          (100.00%)
    56,006,937,248      branches                  #  657.548 M/sec                    (100.00%)
        38,861,081      branch-misses             #    0.07% of all branches        

      42.585154377 seconds time elapsed