LC_NUMERIC=en_US.UTF8 perf stat -B -C 1-2 taskset -c 2 /tmp/eucycles/pyben-nio/src/run --server start --bind 10.10.1.6 --size 107374182 --port 8881 --filename /tmp/eucycles/data_file --bufsize 50mb --method "match; func=lambda v: int(chr(v)) < 4; sztype=BEFORE"

2018-06-29 22:31:08,839 | server           | INFO     | PID=22371 | [bufsize: 52428800 bytes] [zerocopy: False]
2018-06-29 22:31:08,853 | methods.match    | INFO     | PID=22371 | [method: methods.match]
2018-06-29 22:31:08,853 | methods.match    | INFO     | PID=22371 | [method parameters: {'mpws': '50MB', 'func': 'lambda v: int(chr(v)) < 4', 'sztype': 'BEFORE'}]
2018-06-29 22:31:08,874 | methods.match    | INFO     | PID=22371 | Start 1 process to handle data filtering
2018-06-29 22:31:08,874 | server           | INFO     | PID=22371 | Ready to send 107374182 bytes using data file size of 1073741824 bytes
2018-06-29 22:31:08,874 | server           | INFO     | PID=22371 | Listening socket bound to port 8881
2018-06-29 22:31:13,403 | server           | INFO     | PID=22371 | Accepted incoming connection ('10.10.1.1', 32814) from client. Sending data ...
2018-06-29 22:32:00,654 | server           | INFO     | PID=22371 | [SUMMARY] [Sent: 42949179 bytes] [Read: 42949179 bytes (40.000% of 107374182 raw bytes)] [Duration: 47.25030493736267 seconds] [Bitrate: 7271771.736827611 bit/s]
2018-06-29 22:32:00,654 | server           | INFO     | PID=22371 | Resources closed, now exiting

 Performance counter stats for 'CPU(s) 1-2':

     103817.826938      task-clock (msec)         #    2.000 CPUs utilized            (100.00%)
             2,059      context-switches          #    0.020 K/sec                    (100.00%)
                 1      cpu-migrations            #    0.000 K/sec                    (100.00%)
            26,252      page-faults               #    0.253 K/sec                  
   127,655,343,381      cycles                    #    1.230 GHz                      (100.00%)
   <not supported>      stalled-cycles-frontend  
   <not supported>      stalled-cycles-backend   
   335,331,794,803      instructions              #    2.63  insns per cycle          (100.00%)
    68,772,172,202      branches                  #  662.431 M/sec                    (100.00%)
        58,431,616      branch-misses             #    0.08% of all branches        

      51.907985087 seconds time elapsed