LC_NUMERIC=en_US.UTF8 perf stat -B -C 1-2 taskset -c 2 /tmp/eucycles/pyben-nio/src/run --server start --bind 10.10.1.5 --size 67108864 --port 8881 --filename /tmp/eucycles/data_file --bufsize 50mb --method "match; func=lambda v: int(chr(v)) < 8; sztype=BEFORE"

2018-06-30 02:12:01,576 | server           | INFO     | PID=2342 | [bufsize: 52428800 bytes] [zerocopy: False]
2018-06-30 02:12:01,590 | methods.match    | INFO     | PID=2342 | [method: methods.match]
2018-06-30 02:12:01,590 | methods.match    | INFO     | PID=2342 | [method parameters: {'func': 'lambda v: int(chr(v)) < 8', 'mpws': '50MB', 'sztype': 'BEFORE'}]
2018-06-30 02:12:01,611 | methods.match    | INFO     | PID=2342 | Start 1 process to handle data filtering
2018-06-30 02:12:01,611 | server           | INFO     | PID=2342 | Ready to send 67108864 bytes using data file size of 1073741824 bytes
2018-06-30 02:12:01,611 | server           | INFO     | PID=2342 | Listening socket bound to port 8881
2018-06-30 02:12:11,180 | server           | INFO     | PID=2342 | Accepted incoming connection ('10.10.1.1', 45866) from client. Sending data ...
2018-06-30 02:12:45,507 | server           | INFO     | PID=2342 | [SUMMARY] [Sent: 53682439 bytes] [Read: 53682439 bytes (79.993% of 67108864 raw bytes)] [Duration: 34.32661199569702 seconds] [Bitrate: 12510978.713944577 bit/s]
2018-06-30 02:12:45,507 | server           | INFO     | PID=2342 | Resources closed, now exiting

 Performance counter stats for 'CPU(s) 1-2':

      88134.042959      task-clock (msec)         #    2.000 CPUs utilized            (100.00%)
             1,672      context-switches          #    0.019 K/sec                    (100.00%)
                 1      cpu-migrations            #    0.000 K/sec                    (100.00%)
            29,225      page-faults               #    0.332 K/sec                  
    88,104,623,328      cycles                    #    1.000 GHz                      (100.00%)
   <not supported>      stalled-cycles-frontend  
   <not supported>      stalled-cycles-backend   
   230,833,384,214      instructions              #    2.62  insns per cycle          (100.00%)
    47,162,141,131      branches                  #  535.118 M/sec                    (100.00%)
        23,134,271      branch-misses             #    0.05% of all branches        

      44.065910319 seconds time elapsed