LC_NUMERIC=en_US.UTF8 perf stat -B -C 1-2 taskset -c 2 /tmp/eucycles/pyben-nio/src/run --server start --bind 10.10.1.6 --size 76695844 --port 8881 --filename /tmp/eucycles/data_file --bufsize 50mb --method "match; func=lambda v: int(chr(v)) < 9; sztype=BEFORE"

2018-06-30 02:28:04,717 | server           | INFO     | PID=329 | [bufsize: 52428800 bytes] [zerocopy: False]
2018-06-30 02:28:04,731 | methods.match    | INFO     | PID=329 | [method: methods.match]
2018-06-30 02:28:04,732 | methods.match    | INFO     | PID=329 | [method parameters: {'func': 'lambda v: int(chr(v)) < 9', 'mpws': '50MB', 'sztype': 'BEFORE'}]
2018-06-30 02:28:04,752 | methods.match    | INFO     | PID=329 | Start 1 process to handle data filtering
2018-06-30 02:28:04,752 | server           | INFO     | PID=329 | Ready to send 76695844 bytes using data file size of 1073741824 bytes
2018-06-30 02:28:04,752 | server           | INFO     | PID=329 | Listening socket bound to port 8881
2018-06-30 02:28:11,841 | server           | INFO     | PID=329 | Accepted incoming connection ('10.10.1.1', 53282) from client. Sending data ...
2018-06-30 02:28:54,058 | server           | INFO     | PID=329 | [SUMMARY] [Sent: 69022153 bytes] [Read: 69022153 bytes (89.995% of 76695844 raw bytes)] [Duration: 42.21605896949768 seconds] [Bitrate: 13079790.90134785 bit/s]
2018-06-30 02:28:54,058 | server           | INFO     | PID=329 | Resources closed, now exiting

 Performance counter stats for 'CPU(s) 1-2':

      98952.503103      task-clock (msec)         #    2.000 CPUs utilized            (100.00%)
             1,839      context-switches          #    0.019 K/sec                    (100.00%)
                 1      cpu-migrations            #    0.000 K/sec                    (100.00%)
            32,984      page-faults               #    0.333 K/sec                  
   118,529,056,568      cycles                    #    1.198 GHz                      (100.00%)
   <not supported>      stalled-cycles-frontend  
   <not supported>      stalled-cycles-backend   
   273,939,532,152      instructions              #    2.31  insns per cycle          (100.00%)
    56,063,244,097      branches                  #  566.567 M/sec                    (100.00%)
        18,422,206      branch-misses             #    0.03% of all branches        

      49.475358275 seconds time elapsed