LC_NUMERIC=en_US.UTF8 perf stat -B -C 1-2 taskset -c 2 /tmp/eucycles/pyben-nio/src/run --server start --bind 10.10.1.6 --size 89478485 --port 8881 --filename /tmp/eucycles/data_file --bufsize 50mb --method "match; func=lambda v: int(chr(v)) < 6; sztype=BEFORE"

2018-06-30 00:09:45,497 | server           | INFO     | PID=26799 | [bufsize: 52428800 bytes] [zerocopy: False]
2018-06-30 00:09:45,511 | methods.match    | INFO     | PID=26799 | [method: methods.match]
2018-06-30 00:09:45,511 | methods.match    | INFO     | PID=26799 | [method parameters: {'func': 'lambda v: int(chr(v)) < 6', 'mpws': '50MB', 'sztype': 'BEFORE'}]
2018-06-30 00:09:45,531 | methods.match    | INFO     | PID=26799 | Start 1 process to handle data filtering
2018-06-30 00:09:45,532 | server           | INFO     | PID=26799 | Ready to send 89478485 bytes using data file size of 1073741824 bytes
2018-06-30 00:09:45,532 | server           | INFO     | PID=26799 | Listening socket bound to port 8881
2018-06-30 00:09:51,356 | server           | INFO     | PID=26799 | Accepted incoming connection ('10.10.1.1', 37425) from client. Sending data ...
2018-06-30 00:10:34,081 | server           | INFO     | PID=26799 | [SUMMARY] [Sent: 53683378 bytes] [Read: 53683378 bytes (59.996% of 89478485 raw bytes)] [Duration: 42.72425699234009 seconds] [Bitrate: 10052065.365981624 bit/s]
2018-06-30 00:10:34,081 | server           | INFO     | PID=26799 | Resources closed, now exiting

 Performance counter stats for 'CPU(s) 1-2':

      97440.437153      task-clock (msec)         #    2.000 CPUs utilized            (100.00%)
             2,045      context-switches          #    0.021 K/sec                    (100.00%)
                 1      cpu-migrations            #    0.000 K/sec                    (100.00%)
            29,225      page-faults               #    0.300 K/sec                  
   115,402,740,709      cycles                    #    1.184 GHz                      (100.00%)
   <not supported>      stalled-cycles-frontend  
   <not supported>      stalled-cycles-backend   
   293,944,980,777      instructions              #    2.55  insns per cycle          (100.00%)
    60,247,755,306      branches                  #  618.303 M/sec                    (100.00%)
        49,182,405      branch-misses             #    0.08% of all branches        

      48.719325773 seconds time elapsed