LC_NUMERIC=en_US.UTF8 perf stat -B -C 1-2 taskset -c 2 /tmp/eucycles/pyben-nio/src/run --server start --bind 10.10.1.8 --size 76695844 --port 8881 --filename /tmp/eucycles/data_file --bufsize 50mb --method "match; func=lambda v: int(chr(v)) < 8; sztype=BEFORE"

2018-06-30 02:10:39,777 | server           | INFO     | PID=27019 | [bufsize: 52428800 bytes] [zerocopy: False]
2018-06-30 02:10:39,791 | methods.match    | INFO     | PID=27019 | [method: methods.match]
2018-06-30 02:10:39,791 | methods.match    | INFO     | PID=27019 | [method parameters: {'sztype': 'BEFORE', 'func': 'lambda v: int(chr(v)) < 8', 'mpws': '50MB'}]
2018-06-30 02:10:39,812 | methods.match    | INFO     | PID=27019 | Start 1 process to handle data filtering
2018-06-30 02:10:39,812 | server           | INFO     | PID=27019 | Ready to send 76695844 bytes using data file size of 1073741824 bytes
2018-06-30 02:10:39,812 | server           | INFO     | PID=27019 | Listening socket bound to port 8881
2018-06-30 02:10:44,422 | server           | INFO     | PID=27019 | Accepted incoming connection ('10.10.1.1', 37824) from client. Sending data ...
2018-06-30 02:11:22,904 | server           | INFO     | PID=27019 | [SUMMARY] [Sent: 61361751 bytes] [Read: 61361751 bytes (80.007% of 76695844 raw bytes)] [Duration: 38.482069969177246 seconds] [Bitrate: 12756434.578316303 bit/s]
2018-06-30 02:11:22,904 | server           | INFO     | PID=27019 | Resources closed, now exiting

 Performance counter stats for 'CPU(s) 1-2':

      86444.193028      task-clock (msec)         #    2.000 CPUs utilized            (100.00%)
             1,573      context-switches          #    0.018 K/sec                    (100.00%)
                 1      cpu-migrations            #    0.000 K/sec                    (100.00%)
            31,061      page-faults               #    0.359 K/sec                  
   100,188,517,195      cycles                    #    1.159 GHz                      (100.00%)
   <not supported>      stalled-cycles-frontend  
   <not supported>      stalled-cycles-backend   
   264,129,289,384      instructions              #    2.64  insns per cycle          (100.00%)
    54,153,277,655      branches                  #  626.454 M/sec                    (100.00%)
        25,989,838      branch-misses             #    0.05% of all branches        

      43.220229716 seconds time elapsed