LC_NUMERIC=en_US.UTF8 perf stat -B -C 1-2 taskset -c 2 /tmp/eucycles/pyben-nio/src/run --server start --bind 10.10.1.9 --size 67108864 --port 8881 --filename /tmp/eucycles/data_file --bufsize 50mb --method "match; func=lambda v: int(chr(v)) < 0; sztype=BEFORE"

2018-06-29 19:34:53,485 | server           | INFO     | PID=13230 | [bufsize: 52428800 bytes] [zerocopy: False]
2018-06-29 19:34:53,499 | methods.match    | INFO     | PID=13230 | [method: methods.match]
2018-06-29 19:34:53,500 | methods.match    | INFO     | PID=13230 | [method parameters: {'sztype': 'BEFORE', 'func': 'lambda v: int(chr(v)) < 0', 'mpws': '50MB'}]
2018-06-29 19:34:53,520 | methods.match    | INFO     | PID=13230 | Start 1 process to handle data filtering
2018-06-29 19:34:53,520 | server           | INFO     | PID=13230 | Ready to send 67108864 bytes using data file size of 1073741824 bytes
2018-06-29 19:34:53,520 | server           | INFO     | PID=13230 | Listening socket bound to port 8881
2018-06-29 19:34:58,246 | server           | INFO     | PID=13230 | Accepted incoming connection ('10.10.1.1', 33622) from client. Sending data ...
2018-06-29 19:35:24,574 | server           | INFO     | PID=13230 | [SUMMARY] [Sent: 0 bytes] [Read: 0 bytes (0.000% of 67108864 raw bytes)] [Duration: 26.327851057052612 seconds] [Bitrate: 0.0 bit/s]
2018-06-29 19:35:24,574 | server           | INFO     | PID=13230 | Resources closed, now exiting

 Performance counter stats for 'CPU(s) 1-2':

      62367.407261      task-clock (msec)         #    2.000 CPUs utilized            (100.00%)
             1,251      context-switches          #    0.020 K/sec                    (100.00%)
                 1      cpu-migrations            #    0.000 K/sec                    (100.00%)
            16,006      page-faults               #    0.257 K/sec                  
    70,446,349,570      cycles                    #    1.130 GHz                      (100.00%)
   <not supported>      stalled-cycles-frontend  
   <not supported>      stalled-cycles-backend   
   184,980,798,667      instructions              #    2.63  insns per cycle          (100.00%)
    37,879,996,701      branches                  #  607.368 M/sec                    (100.00%)
         9,409,537      branch-misses             #    0.02% of all branches        

      31.182520106 seconds time elapsed