LC_NUMERIC=en_US.UTF8 perf stat -B -C 1-2 taskset -c 2 /tmp/eucycles/pyben-nio/src/run --server start --bind 10.10.1.6 --size 107374182 --port 8881 --filename /tmp/eucycles/data_file --bufsize 50mb --method "match; func=lambda v: int(chr(v)) < 0; sztype=BEFORE"

2018-06-29 19:15:16,319 | server           | INFO     | PID=13837 | [bufsize: 52428800 bytes] [zerocopy: False]
2018-06-29 19:15:16,333 | methods.match    | INFO     | PID=13837 | [method: methods.match]
2018-06-29 19:15:16,334 | methods.match    | INFO     | PID=13837 | [method parameters: {'mpws': '50MB', 'func': 'lambda v: int(chr(v)) < 0', 'sztype': 'BEFORE'}]
2018-06-29 19:15:16,354 | methods.match    | INFO     | PID=13837 | Start 1 process to handle data filtering
2018-06-29 19:15:16,354 | server           | INFO     | PID=13837 | Ready to send 107374182 bytes using data file size of 1073741824 bytes
2018-06-29 19:15:16,354 | server           | INFO     | PID=13837 | Listening socket bound to port 8881
2018-06-29 19:15:20,940 | server           | INFO     | PID=13837 | Accepted incoming connection ('10.10.1.1', 47659) from client. Sending data ...
2018-06-29 19:16:04,748 | server           | INFO     | PID=13837 | [SUMMARY] [Sent: 0 bytes] [Read: 0 bytes (0.000% of 107374182 raw bytes)] [Duration: 43.808692932128906 seconds] [Bitrate: 0.0 bit/s]
2018-06-29 19:16:04,749 | server           | INFO     | PID=13837 | Resources closed, now exiting

 Performance counter stats for 'CPU(s) 1-2':

      97045.720861      task-clock (msec)         #    2.000 CPUs utilized            (100.00%)
             1,913      context-switches          #    0.020 K/sec                    (100.00%)
                 1      cpu-migrations            #    0.000 K/sec                    (100.00%)
            15,998      page-faults               #    0.165 K/sec                  
   122,024,101,300      cycles                    #    1.257 GHz                      (100.00%)
   <not supported>      stalled-cycles-frontend  
   <not supported>      stalled-cycles-backend   
   294,262,679,013      instructions              #    2.41  insns per cycle          (100.00%)
    60,241,944,477      branches                  #  620.758 M/sec                    (100.00%)
        13,603,894      branch-misses             #    0.02% of all branches        

      48.521979393 seconds time elapsed