LC_NUMERIC=en_US.UTF8 perf stat -B -C 1-2 taskset -c 2 /tmp/eucycles/pyben-nio/src/run --server start --bind 10.10.1.3 --size 89478486 --port 8881 --filename /tmp/eucycles/data_file --bufsize 50mb --method "match; func=lambda v: int(chr(v)) < 6; sztype=BEFORE"

2018-06-30 00:26:26,189 | server           | INFO     | PID=1966 | [bufsize: 52428800 bytes] [zerocopy: False]
2018-06-30 00:26:26,203 | methods.match    | INFO     | PID=1966 | [method: methods.match]
2018-06-30 00:26:26,204 | methods.match    | INFO     | PID=1966 | [method parameters: {'func': 'lambda v: int(chr(v)) < 6', 'sztype': 'BEFORE', 'mpws': '50MB'}]
2018-06-30 00:26:26,224 | methods.match    | INFO     | PID=1966 | Start 1 process to handle data filtering
2018-06-30 00:26:26,224 | server           | INFO     | PID=1966 | Ready to send 89478486 bytes using data file size of 1073741824 bytes
2018-06-30 00:26:26,224 | server           | INFO     | PID=1966 | Listening socket bound to port 8881
2018-06-30 00:26:35,778 | server           | INFO     | PID=1966 | Accepted incoming connection ('10.10.1.1', 38350) from client. Sending data ...
2018-06-30 00:27:17,695 | server           | INFO     | PID=1966 | [SUMMARY] [Sent: 53672091 bytes] [Read: 53672091 bytes (59.983% of 89478486 raw bytes)] [Duration: 41.91658902168274 seconds] [Bitrate: 10243598.966936234 bit/s]
2018-06-30 00:27:17,695 | server           | INFO     | PID=1966 | Resources closed, now exiting

 Performance counter stats for 'CPU(s) 1-2':

     103270.951190      task-clock (msec)         #    2.000 CPUs utilized            (100.00%)
             2,028      context-switches          #    0.020 K/sec                    (100.00%)
                 1      cpu-migrations            #    0.000 K/sec                    (100.00%)
            29,213      page-faults               #    0.283 K/sec                  
   105,068,796,827      cycles                    #    1.017 GHz                      (100.00%)
   <not supported>      stalled-cycles-frontend  
   <not supported>      stalled-cycles-backend   
   291,511,787,069      instructions              #    2.77  insns per cycle          (100.00%)
    59,752,202,985      branches                  #  578.596 M/sec                    (100.00%)
        49,171,276      branch-misses             #    0.08% of all branches        

      51.640995896 seconds time elapsed