LC_NUMERIC=en_US.UTF8 perf stat -B -C 1-2 taskset -c 2 /tmp/eucycles/pyben-nio/src/run --server start --bind 10.10.1.5 --size 67108864 --port 8881 --filename /tmp/eucycles/data_file --bufsize 50mb --method "match; func=lambda v: int(chr(v)) < 6; sztype=BEFORE"

2018-06-30 00:12:33,187 | server           | INFO     | PID=28957 | [bufsize: 52428800 bytes] [zerocopy: False]
2018-06-30 00:12:33,200 | methods.match    | INFO     | PID=28957 | [method: methods.match]
2018-06-30 00:12:33,201 | methods.match    | INFO     | PID=28957 | [method parameters: {'func': 'lambda v: int(chr(v)) < 6', 'sztype': 'BEFORE', 'mpws': '50MB'}]
2018-06-30 00:12:33,221 | methods.match    | INFO     | PID=28957 | Start 1 process to handle data filtering
2018-06-30 00:12:33,222 | server           | INFO     | PID=28957 | Ready to send 67108864 bytes using data file size of 1073741824 bytes
2018-06-30 00:12:33,222 | server           | INFO     | PID=28957 | Listening socket bound to port 8881
2018-06-30 00:12:42,777 | server           | INFO     | PID=28957 | Accepted incoming connection ('10.10.1.1', 38354) from client. Sending data ...
2018-06-30 00:13:13,591 | server           | INFO     | PID=28957 | [SUMMARY] [Sent: 40259386 bytes] [Read: 40259386 bytes (59.991% of 67108864 raw bytes)] [Duration: 30.81416916847229 seconds] [Bitrate: 10452174.97960429 bit/s]
2018-06-30 00:13:13,591 | server           | INFO     | PID=28957 | Resources closed, now exiting

 Performance counter stats for 'CPU(s) 1-2':

      81083.013341      task-clock (msec)         #    2.000 CPUs utilized            (100.00%)
             1,643      context-switches          #    0.020 K/sec                    (100.00%)
                 1      cpu-migrations            #    0.000 K/sec                    (100.00%)
            25,957      page-faults               #    0.320 K/sec                  
    87,263,822,830      cycles                    #    1.076 GHz                      (100.00%)
   <not supported>      stalled-cycles-frontend  
   <not supported>      stalled-cycles-backend   
   218,820,237,234      instructions              #    2.51  insns per cycle          (100.00%)
    44,689,869,187      branches                  #  551.162 M/sec                    (100.00%)
        37,486,041      branch-misses             #    0.08% of all branches        

      40.540472120 seconds time elapsed