LC_NUMERIC=en_US.UTF8 perf stat -B -C 1-2 taskset -c 2 /tmp/eucycles/pyben-nio/src/run --client start --addresses 10.10.1.2  10.10.1.3 --size 512MB --port 8881 --bind 10.10.1.1 --bufsize 50mb --method "raw"

2018-06-29 22:56:45,891 | client           | INFO     | PID=23317 | [bufsize: 52428800 bytes]
2018-06-29 22:56:45,916 | client           | INFO     | PID=23319 | Connecting to server 10.10.1.2 on port 8881
2018-06-29 22:56:45,917 | client           | INFO     | PID=23318 | Connecting to server 10.10.1.3 on port 8881
2018-06-29 22:56:45,917 | client           | INFO     | PID=23319 | Connection established. Receiving data ...
2018-06-29 22:56:45,917 | methods.raw      | INFO     | PID=23319 | [method: methods.raw]
2018-06-29 22:56:45,918 | methods.raw      | INFO     | PID=23319 | [method parameters: {}]
2018-06-29 22:56:45,923 | client           | INFO     | PID=23318 | Connection established. Receiving data ...
2018-06-29 22:56:45,923 | methods.raw      | INFO     | PID=23318 | [method: methods.raw]
2018-06-29 22:56:45,924 | methods.raw      | INFO     | PID=23318 | [method parameters: {}]
2018-06-29 22:58:45,387 | client           | INFO     | PID=23318 | [Received: 134194505 bytes (134194505 raw bytes)] [Duration: 119.42695808410645 seconds] [Bitrate: 8989227.032341793 bit/s]
2018-06-29 22:58:45,387 | client           | INFO     | PID=23318 | Socket closed
2018-06-29 22:58:46,175 | client           | INFO     | PID=23319 | [Received: 134218942 bytes (134218942 raw bytes)] [Duration: 120.22095394134521 seconds] [Bitrate: 8931484.07825706 bit/s]
2018-06-29 22:58:46,176 | client           | INFO     | PID=23319 | Socket closed
2018-06-29 22:58:46,554 | client           | INFO     | PID=23317 | [SUMMARY] [Received: 268413447 bytes (100.000% of 268413447 raw bytes)] [Duration: 120.22095394134521 seconds] [Bitrate: 17861342.017362908 bit/s]

 Performance counter stats for 'CPU(s) 1-2':

     241463.659702      task-clock (msec)         #    2.000 CPUs utilized            (100.00%)
             3,158      context-switches          #    0.013 K/sec                    (100.00%)
                 1      cpu-migrations            #    0.000 K/sec                    (100.00%)
           618,102      page-faults               #    0.003 M/sec                  
    11,069,269,865      cycles                    #    0.046 GHz                      (100.00%)
   <not supported>      stalled-cycles-frontend  
   <not supported>      stalled-cycles-backend   
    23,031,220,382      instructions              #    2.08  insns per cycle          (100.00%)
     6,052,108,693      branches                  #   25.064 M/sec                    (100.00%)
        10,469,679      branch-misses             #    0.17% of all branches        

     120.737559622 seconds time elapsed