LC_NUMERIC=en_US.UTF8 perf stat -B -C 1-2 taskset -c 2 /tmp/eucycles/pyben-nio/src/run --server start --bind 10.10.1.2 --size 76695845 --port 8881 --filename /tmp/eucycles/data_file --bufsize 50mb --method "match; func=lambda v: int(chr(v)) < 0; sztype=BEFORE"

2018-06-29 19:33:26,165 | server           | INFO     | PID=23910 | [bufsize: 52428800 bytes] [zerocopy: False]
2018-06-29 19:33:26,180 | methods.match    | INFO     | PID=23910 | [method: methods.match]
2018-06-29 19:33:26,180 | methods.match    | INFO     | PID=23910 | [method parameters: {'func': 'lambda v: int(chr(v)) < 0', 'mpws': '50MB', 'sztype': 'BEFORE'}]
2018-06-29 19:33:26,201 | methods.match    | INFO     | PID=23910 | Start 1 process to handle data filtering
2018-06-29 19:33:26,201 | server           | INFO     | PID=23910 | Ready to send 76695845 bytes using data file size of 1073741824 bytes
2018-06-29 19:33:26,201 | server           | INFO     | PID=23910 | Listening socket bound to port 8881
2018-06-29 19:33:38,162 | server           | INFO     | PID=23910 | Accepted incoming connection ('10.10.1.1', 38745) from client. Sending data ...
2018-06-29 19:34:09,007 | server           | INFO     | PID=23910 | [SUMMARY] [Sent: 0 bytes] [Read: 0 bytes (0.000% of 76695845 raw bytes)] [Duration: 30.844555854797363 seconds] [Bitrate: 0.0 bit/s]
2018-06-29 19:34:09,007 | server           | INFO     | PID=23910 | Resources closed, now exiting

 Performance counter stats for 'CPU(s) 1-2':

      85949.274374      task-clock (msec)         #    2.000 CPUs utilized            (100.00%)
             1,671      context-switches          #    0.019 K/sec                    (100.00%)
                 1      cpu-migrations            #    0.000 K/sec                    (100.00%)
            16,032      page-faults               #    0.187 K/sec                  
    79,724,972,195      cycles                    #    0.928 GHz                      (100.00%)
   <not supported>      stalled-cycles-frontend  
   <not supported>      stalled-cycles-backend   
   211,727,498,422      instructions              #    2.66  insns per cycle          (100.00%)
    43,335,224,620      branches                  #  504.195 M/sec                    (100.00%)
        10,523,849      branch-misses             #    0.02% of all branches        

      42.976297440 seconds time elapsed