LC_NUMERIC=en_US.UTF8 perf stat -B -C 1-2 taskset -c 2 /tmp/eucycles/pyben-nio/src/run --server start --bind 10.10.1.4 --size 134217728 --port 8881 --filename /tmp/eucycles/data_file --bufsize 50mb --method "match; func=lambda v: int(chr(v)) < 4; sztype=BEFORE"

2018-06-29 22:13:46,715 | server           | INFO     | PID=24509 | [bufsize: 52428800 bytes] [zerocopy: False]
2018-06-29 22:13:46,729 | methods.match    | INFO     | PID=24509 | [method: methods.match]
2018-06-29 22:13:46,729 | methods.match    | INFO     | PID=24509 | [method parameters: {'func': 'lambda v: int(chr(v)) < 4', 'mpws': '50MB', 'sztype': 'BEFORE'}]
2018-06-29 22:13:46,750 | methods.match    | INFO     | PID=24509 | Start 1 process to handle data filtering
2018-06-29 22:13:46,750 | server           | INFO     | PID=24509 | Ready to send 134217728 bytes using data file size of 1073741824 bytes
2018-06-29 22:13:46,750 | server           | INFO     | PID=24509 | Listening socket bound to port 8881
2018-06-29 22:13:52,477 | server           | INFO     | PID=24509 | Accepted incoming connection ('10.10.1.1', 60662) from client. Sending data ...
2018-06-29 22:14:51,481 | server           | INFO     | PID=24509 | [SUMMARY] [Sent: 53675032 bytes] [Read: 53675032 bytes (39.991% of 134217728 raw bytes)] [Duration: 59.00352501869202 seconds] [Bitrate: 7277535.63645508 bit/s]
2018-06-29 22:14:51,481 | server           | INFO     | PID=24509 | Resources closed, now exiting

 Performance counter stats for 'CPU(s) 1-2':

     129803.618668      task-clock (msec)         #    2.000 CPUs utilized            (100.00%)
             2,732      context-switches          #    0.021 K/sec                    (100.00%)
                 1      cpu-migrations            #    0.000 K/sec                    (100.00%)
            26,269      page-faults               #    0.202 K/sec                  
   150,147,235,156      cycles                    #    1.157 GHz                      (100.00%)
   <not supported>      stalled-cycles-frontend  
   <not supported>      stalled-cycles-backend   
   418,160,586,303      instructions              #    2.79  insns per cycle          (100.00%)
    85,717,771,951      branches                  #  660.365 M/sec                    (100.00%)
        72,289,875      branch-misses             #    0.08% of all branches        

      64.904235998 seconds time elapsed