2018-05-29 08:22:10,386 | client           | INFO     | PID=11 | [bufsize: 131072 bytes]
2018-05-29 08:22:10,558 | client           | INFO     | PID=12 | Connecting to server 10.11.10.2 on port 8881
2018-05-29 08:22:10,559 | client           | INFO     | PID=12 | Connection established. Receiving data ...
2018-05-29 08:22:10,559 | methods.raw      | INFO     | PID=12 | [method: methods.raw] [input parameters: {}]
2018-05-29 08:22:10,560 | client           | INFO     | PID=13 | Connecting to server 10.11.10.3 on port 8881
2018-05-29 08:22:10,561 | client           | INFO     | PID=13 | Connection established. Receiving data ...
2018-05-29 08:22:10,561 | methods.raw      | INFO     | PID=13 | [method: methods.raw] [input parameters: {}]
2018-05-29 08:29:26,029 | client           | INFO     | PID=12 | Received 53687091200 bytes of data in 435.4691128730774 seconds (bitrate: 986285173.628794 bit/s)
2018-05-29 08:29:26,029 | client           | INFO     | PID=12 | Socket closed
2018-05-29 08:29:26,967 | client           | INFO     | PID=13 | Received 53687091200 bytes of data in 436.4058721065521 seconds (bitrate: 984168080.7978102 bit/s)
2018-05-29 08:29:26,968 | client           | INFO     | PID=13 | Socket closed
2018-05-29 08:29:27,803 | client           | INFO     | PID=11 | [SUMMARY] Total received 107374182400 (raw 107374182400, 100.000%) bytes of data in 436.40751004219055 seconds (bitrate: 1968328773.9868526 bit/s)

 Performance counter stats for '/root/pyben-nio/src/run --client start --addresses 10.11.10.2 10.11.10.3 --size 100G --port 8881 --bind 10.11.10.1 --bufsize 128k --method raw':

     872053.373191      task-clock (msec)         #    1.992 CPUs utilized          
             57116      context-switches          #    0.065 K/sec                  
                32      cpu-migrations            #    0.000 K/sec                  
          17958491      page-faults               #    0.021 M/sec                  
     2507276628091      cycles                    #    2.875 GHz                    
     6561414339805      instructions              #    2.62  insn per cycle         
     1742195904168      branches                  # 1997.809 M/sec                  
        1970509875      branch-misses             #    0.11% of all branches        

     437.732359802 seconds time elapsed

