2018-05-28 21:12:04,474 | client           | INFO     | PID=10 | [bufsize: 131072 bytes]
2018-05-28 21:12:04,565 | client           | INFO     | PID=12 | Connecting to server 10.11.10.3 on port 8881
2018-05-28 21:12:04,565 | client           | INFO     | PID=11 | Connecting to server 10.11.10.2 on port 8881
2018-05-28 21:12:04,566 | client           | INFO     | PID=12 | Connection established. Receiving data ...
2018-05-28 21:12:04,566 | methods.raw      | INFO     | PID=12 | [method: methods.raw] [input parameters: {}]
2018-05-28 21:12:04,566 | client           | INFO     | PID=11 | Connection established. Receiving data ...
2018-05-28 21:12:04,566 | methods.raw      | INFO     | PID=11 | [method: methods.raw] [input parameters: {}]
2018-05-28 21:12:04,579 | client           | INFO     | PID=12 | Received 524288 bytes of data in 0.013160943984985352 seconds (bitrate: 318693249.11534214 bit/s)
2018-05-28 21:12:04,579 | client           | INFO     | PID=12 | Socket closed
2018-05-28 21:12:04,580 | client           | INFO     | PID=11 | Received 524288 bytes of data in 0.01320505142211914 seconds (bitrate: 317628751.74982846 bit/s)
2018-05-28 21:12:04,580 | client           | INFO     | PID=11 | Socket closed
2018-05-28 21:12:04,666 | client           | INFO     | PID=10 | [SUMMARY] Total received 1048576 (raw 1048576, 100.000%) bytes of data in 0.01364588737487793 seconds (bitrate: 614735250.9623832 bit/s)

 Performance counter stats for '/root/pyben-nio/src/run --client start --addresses 10.11.10.2 10.11.10.3 --size 1M --port 8881 --bind 10.11.10.1 --bufsize 128k --method raw':

        439.068578      task-clock (msec)         #    0.847 CPUs utilized          
                43      context-switches          #    0.098 K/sec                  
                16      cpu-migrations            #    0.036 K/sec                  
             12299      page-faults               #    0.028 M/sec                  
        1035420176      cycles                    #    2.358 GHz                    
        1551377564      instructions              #    1.50  insn per cycle         
         361431166      branches                  #  823.177 M/sec                  
           7974774      branch-misses             #    2.21% of all branches        

       0.518269739 seconds time elapsed

