2018-05-28 22:00:36,099 | client           | INFO     | PID=11 | [bufsize: 131072 bytes]
2018-05-28 22:00:36,191 | client           | INFO     | PID=13 | Connecting to server 10.11.10.3 on port 8881
2018-05-28 22:00:36,191 | client           | INFO     | PID=12 | Connecting to server 10.11.10.2 on port 8881
2018-05-28 22:00:36,191 | client           | INFO     | PID=13 | Connection established. Receiving data ...
2018-05-28 22:00:36,191 | client           | INFO     | PID=12 | Connection established. Receiving data ...
2018-05-28 22:00:36,191 | methods.raw      | INFO     | PID=13 | [method: methods.raw] [input parameters: {}]
2018-05-28 22:00:36,191 | methods.raw      | INFO     | PID=12 | [method: methods.raw] [input parameters: {}]
2018-05-28 22:00:36,278 | client           | INFO     | PID=13 | Received 5242880 bytes of data in 0.08657598495483398 seconds (bitrate: 484465062.9372725 bit/s)
2018-05-28 22:00:36,278 | client           | INFO     | PID=12 | Received 5242880 bytes of data in 0.08670210838317871 seconds (bitrate: 483760323.5048604 bit/s)
2018-05-28 22:00:36,279 | client           | INFO     | PID=13 | Socket closed
2018-05-28 22:00:36,279 | client           | INFO     | PID=12 | Socket closed
2018-05-28 22:00:36,392 | client           | INFO     | PID=11 | [SUMMARY] Total received 10485760 (raw 10485760, 100.000%) bytes of data in 0.08672809600830078 seconds (bitrate: 967230734.4550862 bit/s)

 Performance counter stats for '/root/pyben-nio/src/run --client start --addresses 10.11.10.2 10.11.10.3 --size 10M --port 8881 --bind 10.11.10.1 --bufsize 128k --method raw':

        620.091589      task-clock (msec)         #    0.999 CPUs utilized          
               114      context-switches          #    0.184 K/sec                  
                22      cpu-migrations            #    0.035 K/sec                  
             31864      page-faults               #    0.051 M/sec                  
        1418001627      cycles                    #    2.287 GHz                    
        2190064847      instructions              #    1.54  insn per cycle         
         528667224      branches                  #  852.563 M/sec                  
           8717996      branch-misses             #    1.65% of all branches        

       0.620975251 seconds time elapsed

