2018-05-29 07:33:37,139 | client           | INFO     | PID=11 | [bufsize: 131072 bytes]
2018-05-29 07:33:37,231 | client           | INFO     | PID=13 | Connecting to server 10.11.10.3 on port 8881
2018-05-29 07:33:37,231 | client           | INFO     | PID=12 | Connecting to server 10.11.10.2 on port 8881
2018-05-29 07:33:37,232 | client           | INFO     | PID=13 | Connection established. Receiving data ...
2018-05-29 07:33:37,232 | methods.raw      | INFO     | PID=13 | [method: methods.raw] [input parameters: {}]
2018-05-29 07:33:37,232 | client           | INFO     | PID=12 | Connection established. Receiving data ...
2018-05-29 07:33:37,232 | methods.raw      | INFO     | PID=12 | [method: methods.raw] [input parameters: {}]
2018-05-29 07:40:53,423 | client           | INFO     | PID=13 | Received 53687091200 bytes of data in 436.1905629634857 seconds (bitrate: 984653878.5295864 bit/s)
2018-05-29 07:40:53,423 | client           | INFO     | PID=13 | Socket closed
2018-05-29 07:40:53,949 | client           | INFO     | PID=12 | Received 53687091200 bytes of data in 436.7159140110016 seconds (bitrate: 983469380.9421844 bit/s)
2018-05-29 07:40:53,949 | client           | INFO     | PID=12 | Socket closed
2018-05-29 07:40:54,777 | client           | INFO     | PID=11 | [SUMMARY] Total received 107374182400 (raw 107374182400, 100.000%) bytes of data in 436.71621584892273 seconds (bitrate: 1966937402.4278493 bit/s)

 Performance counter stats for '/root/pyben-nio/src/run --client start --addresses 10.11.10.2 10.11.10.3 --size 100G --port 8881 --bind 10.11.10.1 --bufsize 128k --method raw':

     872244.439518      task-clock (msec)         #    1.992 CPUs utilized          
             70580      context-switches          #    0.081 K/sec                  
                27      cpu-migrations            #    0.000 K/sec                  
          17958090      page-faults               #    0.021 M/sec                  
     2504744474351      cycles                    #    2.872 GHz                    
     6561621058685      instructions              #    2.62  insn per cycle         
     1742230564388      branches                  # 1997.411 M/sec                  
        1920574273      branch-misses             #    0.11% of all branches        

     437.960021007 seconds time elapsed

