2018-05-28 16:46:43,195 | client           | INFO     | PID=11 | [bufsize: 131072 bytes]
2018-05-28 16:46:43,294 | client           | INFO     | PID=12 | Connecting to server 10.11.10.2 on port 8881
2018-05-28 16:46:43,295 | client           | INFO     | PID=13 | Connecting to server 10.11.10.3 on port 8881
2018-05-28 16:46:43,295 | client           | INFO     | PID=12 | Connection established. Receiving data ...
2018-05-28 16:46:43,295 | methods.raw      | INFO     | PID=12 | [method: methods.raw] [input parameters: {}]
2018-05-28 16:46:43,295 | client           | INFO     | PID=13 | Connection established. Receiving data ...
2018-05-28 16:46:43,296 | methods.raw      | INFO     | PID=13 | [method: methods.raw] [input parameters: {}]
2018-05-28 16:46:43,297 | client           | INFO     | PID=12 | Received 512 bytes of data in 0.0012979507446289062 seconds (bitrate: 3155743.788390889 bit/s)
2018-05-28 16:46:43,297 | client           | INFO     | PID=13 | Received 512 bytes of data in 0.0008699893951416016 seconds (bitrate: 4708103.366401754 bit/s)
2018-05-28 16:46:43,297 | client           | INFO     | PID=12 | Socket closed
2018-05-28 16:46:43,297 | client           | INFO     | PID=13 | Socket closed
2018-05-28 16:46:43,396 | client           | INFO     | PID=11 | [SUMMARY] Total received 1024 (raw 1024, 100.000%) bytes of data in 0.0013360977172851562 seconds (bitrate: 6131288.074232691 bit/s)

 Performance counter stats for '/root/pyben-nio/src/run --client start --addresses 10.11.10.2 10.11.10.3 --size 1K --port 8881 --bind 10.11.10.1 --bufsize 128k --method raw':

        418.906433      task-clock (msec)         #    0.820 CPUs utilized          
                41      context-switches          #    0.098 K/sec                  
                24      cpu-migrations            #    0.057 K/sec                  
             10035      page-faults               #    0.024 M/sec                  
        1012841411      cycles                    #    2.418 GHz                    
        1477785107      instructions              #    1.46  insn per cycle         
         342326364      branches                  #  817.191 M/sec                  
           7915230      branch-misses             #    2.31% of all branches        

       0.510909682 seconds time elapsed

