2018-05-28 18:15:09,768 | client           | INFO     | PID=11 | [bufsize: 131072 bytes]
2018-05-28 18:15:09,860 | client           | INFO     | PID=12 | Connecting to server 10.11.10.2 on port 8881
2018-05-28 18:15:09,861 | client           | INFO     | PID=12 | Connection established. Receiving data ...
2018-05-28 18:15:09,861 | methods.raw      | INFO     | PID=12 | [method: methods.raw] [input parameters: {}]
2018-05-28 18:15:09,861 | client           | INFO     | PID=13 | Connecting to server 10.11.10.3 on port 8881
2018-05-28 18:15:09,862 | client           | INFO     | PID=13 | Connection established. Receiving data ...
2018-05-28 18:15:09,862 | methods.raw      | INFO     | PID=13 | [method: methods.raw] [input parameters: {}]
2018-05-28 18:15:09,864 | client           | INFO     | PID=12 | Received 51200 bytes of data in 0.002557992935180664 seconds (bitrate: 160125539.9757666 bit/s)
2018-05-28 18:15:09,864 | client           | INFO     | PID=12 | Socket closed
2018-05-28 18:15:09,865 | client           | INFO     | PID=13 | Received 51200 bytes of data in 0.002727031707763672 seconds (bitrate: 150199940.40916243 bit/s)
2018-05-28 18:15:09,865 | client           | INFO     | PID=13 | Socket closed
2018-05-28 18:15:09,961 | client           | INFO     | PID=11 | [SUMMARY] Total received 102400 (raw 102400, 100.000%) bytes of data in 0.003595113754272461 seconds (bitrate: 227864834.3258837 bit/s)

 Performance counter stats for '/root/pyben-nio/src/run --client start --addresses 10.11.10.2 10.11.10.3 --size 100K --port 8881 --bind 10.11.10.1 --bufsize 128k --method raw':

        444.868001      task-clock (msec)         #    0.836 CPUs utilized          
                53      context-switches          #    0.119 K/sec                  
                24      cpu-migrations            #    0.054 K/sec                  
             10262      page-faults               #    0.023 M/sec                  
         992232124      cycles                    #    2.230 GHz                    
        1485506079      instructions              #    1.50  insn per cycle         
         344272211      branches                  #  773.875 M/sec                  
           8217476      branch-misses             #    2.39% of all branches        

       0.532247513 seconds time elapsed

