2018-05-28 22:20:09,608 | client           | INFO     | PID=10 | [bufsize: 131072 bytes]
2018-05-28 22:20:09,704 | client           | INFO     | PID=11 | Connecting to server 10.11.10.2 on port 8881
2018-05-28 22:20:09,705 | client           | INFO     | PID=11 | Connection established. Receiving data ...
2018-05-28 22:20:09,705 | client           | INFO     | PID=12 | Connecting to server 10.11.10.3 on port 8881
2018-05-28 22:20:09,705 | methods.raw      | INFO     | PID=11 | [method: methods.raw] [input parameters: {}]
2018-05-28 22:20:09,706 | client           | INFO     | PID=12 | Connection established. Receiving data ...
2018-05-28 22:20:09,706 | methods.raw      | INFO     | PID=12 | [method: methods.raw] [input parameters: {}]
2018-05-28 22:20:10,343 | client           | INFO     | PID=12 | Received 52428800 bytes of data in 0.6370029449462891 seconds (bitrate: 658443423.7354517 bit/s)
2018-05-28 22:20:10,343 | client           | INFO     | PID=12 | Socket closed
2018-05-28 22:20:10,381 | client           | INFO     | PID=11 | Received 52428800 bytes of data in 0.6748788356781006 seconds (bitrate: 621489929.4901837 bit/s)
2018-05-28 22:20:10,381 | client           | INFO     | PID=11 | Socket closed
2018-05-28 22:20:10,606 | client           | INFO     | PID=10 | [SUMMARY] Total received 104857600 (raw 104857600, 100.000%) bytes of data in 0.6748788356781006 seconds (bitrate: 1242979858.9803674 bit/s)

 Performance counter stats for '/root/pyben-nio/src/run --client start --addresses 10.11.10.2 10.11.10.3 --size 100M --port 8881 --bind 10.11.10.1 --bufsize 128k --method raw':

       2041.868431      task-clock (msec)         #    1.529 CPUs utilized          
               127      context-switches          #    0.062 K/sec                  
                26      cpu-migrations            #    0.013 K/sec                  
            227814      page-faults               #    0.112 M/sec                  
        5070241309      cycles                    #    2.483 GHz                    
        8658991801      instructions              #    1.71  insn per cycle         
        2214619960      branches                  # 1084.605 M/sec                  
          12666682      branch-misses             #    0.57% of all branches        

       1.335482773 seconds time elapsed

