2018-05-29 16:29:32,630 | client           | INFO     | PID=10 | [bufsize: 131072 bytes]
2018-05-29 16:29:32,724 | client           | INFO     | PID=11 | Connecting to server 10.11.10.2 on port 8881
2018-05-29 16:29:32,724 | client           | INFO     | PID=11 | Connection established. Receiving data ...
2018-05-29 16:29:32,724 | methods.raw      | INFO     | PID=11 | [method: methods.raw] [input parameters: {}]
2018-05-29 16:29:32,724 | client           | INFO     | PID=12 | Connecting to server 10.11.10.3 on port 8881
2018-05-29 16:29:32,725 | client           | INFO     | PID=12 | Connection established. Receiving data ...
2018-05-29 16:29:32,725 | methods.raw      | INFO     | PID=12 | [method: methods.raw] [input parameters: {}]
2018-05-29 16:30:18,761 | client           | INFO     | PID=11 | Received 5368709120 bytes of data in 46.03634715080261 seconds (bitrate: 932951366.0001845 bit/s)
2018-05-29 16:30:18,762 | client           | INFO     | PID=11 | Socket closed
2018-05-29 16:30:19,061 | client           | INFO     | PID=12 | Received 5368709120 bytes of data in 46.33511805534363 seconds (bitrate: 926935654.0475416 bit/s)
2018-05-29 16:30:19,061 | client           | INFO     | PID=12 | Socket closed
2018-05-29 16:30:19,986 | client           | INFO     | PID=10 | [SUMMARY] Total received 10737418240 (raw 10737418240, 100.000%) bytes of data in 46.33598804473877 seconds (bitrate: 1853836500.4121988 bit/s)

 Performance counter stats for '/root/pyben-nio/src/run --client start --addresses 10.11.10.2 10.11.10.3 --size 10G --port 8881 --bind 10.11.10.1 --bufsize 128k --method raw':

      93468.452022      task-clock (msec)         #    1.960 CPUs utilized          
             18406      context-switches          #    0.197 K/sec                  
                26      cpu-migrations            #    0.000 K/sec                  
           8156205      page-faults               #    0.087 M/sec                  
      271324356563      cycles                    #    2.903 GHz                    
      666821004316      instructions              #    2.46  insn per cycle         
      176439174117      branches                  # 1887.687 M/sec                  
         220221146      branch-misses             #    0.12% of all branches        

      47.685706409 seconds time elapsed

