2018-05-29 15:53:27,731 | client           | INFO     | PID=10 | [bufsize: 131072 bytes]
2018-05-29 15:53:27,826 | client           | INFO     | PID=11 | Connecting to server 10.11.10.2 on port 8881
2018-05-29 15:53:27,827 | client           | INFO     | PID=11 | Connection established. Receiving data ...
2018-05-29 15:53:27,827 | client           | INFO     | PID=12 | Connecting to server 10.11.10.3 on port 8881
2018-05-29 15:53:27,827 | methods.raw      | INFO     | PID=11 | [method: methods.raw] [input parameters: {}]
2018-05-29 15:53:27,827 | client           | INFO     | PID=12 | Connection established. Receiving data ...
2018-05-29 15:53:27,828 | methods.raw      | INFO     | PID=12 | [method: methods.raw] [input parameters: {}]
2018-05-29 15:53:33,231 | client           | INFO     | PID=11 | Received 536870912 bytes of data in 5.40398097038269 seconds (bitrate: 794778390.1422299 bit/s)
2018-05-29 15:53:33,232 | client           | INFO     | PID=11 | Socket closed
2018-05-29 15:53:33,284 | client           | INFO     | PID=12 | Received 536870912 bytes of data in 5.455426931381226 seconds (bitrate: 787283442.7117116 bit/s)
2018-05-29 15:53:33,284 | client           | INFO     | PID=12 | Socket closed
2018-05-29 15:53:34,350 | client           | INFO     | PID=10 | [SUMMARY] Total received 1073741824 (raw 1073741824, 100.000%) bytes of data in 5.456028938293457 seconds (bitrate: 1574393150.9803848 bit/s)

 Performance counter stats for '/root/pyben-nio/src/run --client start --addresses 10.11.10.2 10.11.10.3 --size 1G --port 8881 --bind 10.11.10.1 --bufsize 128k --method raw':

      13138.234533      task-clock (msec)         #    1.893 CPUs utilized          
               243      context-switches          #    0.018 K/sec                  
                25      cpu-migrations            #    0.002 K/sec                  
           2760312      page-faults               #    0.210 M/sec                  
       37770547630      cycles                    #    2.875 GHz                    
       72311828291      instructions              #    1.91  insn per cycle         
       18881806245      branches                  # 1437.165 M/sec                  
          39262688      branch-misses             #    0.21% of all branches        

       6.941356456 seconds time elapsed

