2018-05-28 17:30:53,711 | client           | INFO     | PID=11 | [bufsize: 131072 bytes]
2018-05-28 17:30:53,804 | client           | INFO     | PID=12 | Connecting to server 10.11.10.2 on port 8881
2018-05-28 17:30:53,805 | client           | INFO     | PID=12 | Connection established. Receiving data ...
2018-05-28 17:30:53,805 | methods.raw      | INFO     | PID=12 | [method: methods.raw] [input parameters: {}]
2018-05-28 17:30:53,805 | client           | INFO     | PID=13 | Connecting to server 10.11.10.3 on port 8881
2018-05-28 17:30:53,805 | client           | INFO     | PID=13 | Connection established. Receiving data ...
2018-05-28 17:30:53,805 | methods.raw      | INFO     | PID=13 | [method: methods.raw] [input parameters: {}]
2018-05-28 17:30:53,806 | client           | INFO     | PID=12 | Received 5120 bytes of data in 0.0006840229034423828 seconds (bitrate: 59881035.84524225 bit/s)
2018-05-28 17:30:53,806 | client           | INFO     | PID=12 | Socket closed
2018-05-28 17:30:53,807 | client           | INFO     | PID=13 | Received 5120 bytes of data in 0.0009591579437255859 seconds (bitrate: 42704124.24558787 bit/s)
2018-05-28 17:30:53,807 | client           | INFO     | PID=13 | Socket closed
2018-05-28 17:30:53,906 | client           | INFO     | PID=11 | [SUMMARY] Total received 10240 (raw 10240, 100.000%) bytes of data in 0.0012660026550292969 seconds (bitrate: 64707605.21280602 bit/s)

 Performance counter stats for '/root/pyben-nio/src/run --client start --addresses 10.11.10.2 10.11.10.3 --size 10K --port 8881 --bind 10.11.10.1 --bufsize 128k --method raw':

        405.605934      task-clock (msec)         #    0.816 CPUs utilized          
                55      context-switches          #    0.136 K/sec                  
                26      cpu-migrations            #    0.064 K/sec                  
             10064      page-faults               #    0.025 M/sec                  
         990614584      cycles                    #    2.442 GHz                    
        1479089357      instructions              #    1.49  insn per cycle         
         342617668      branches                  #  844.706 M/sec                  
           8211138      branch-misses             #    2.40% of all branches        

       0.496970829 seconds time elapsed

