2018-05-28 17:40:20,971 | client           | INFO     | PID=10 | [bufsize: 131072 bytes]
2018-05-28 17:40:21,062 | client           | INFO     | PID=11 | Connecting to server 10.11.10.2 on port 8881
2018-05-28 17:40:21,063 | client           | INFO     | PID=11 | Connection established. Receiving data ...
2018-05-28 17:40:21,063 | methods.raw      | INFO     | PID=11 | [method: methods.raw] [input parameters: {}]
2018-05-28 17:40:21,063 | client           | INFO     | PID=12 | Connecting to server 10.11.10.3 on port 8881
2018-05-28 17:40:21,064 | client           | INFO     | PID=12 | Connection established. Receiving data ...
2018-05-28 17:40:21,064 | methods.raw      | INFO     | PID=12 | [method: methods.raw] [input parameters: {}]
2018-05-28 17:40:21,064 | client           | INFO     | PID=11 | Received 5120 bytes of data in 0.00045180320739746094 seconds (bitrate: 90658940.28496042 bit/s)
2018-05-28 17:40:21,064 | client           | INFO     | PID=11 | Socket closed
2018-05-28 17:40:21,065 | client           | INFO     | PID=12 | Received 5120 bytes of data in 0.0014529228210449219 seconds (bitrate: 28191449.26813259 bit/s)
2018-05-28 17:40:21,066 | client           | INFO     | PID=12 | Socket closed
2018-05-28 17:40:21,163 | client           | INFO     | PID=10 | [SUMMARY] Total received 10240 (raw 10240, 100.000%) bytes of data in 0.0017099380493164062 seconds (bitrate: 47908168.38817624 bit/s)

 Performance counter stats for '/root/pyben-nio/src/run --client start --addresses 10.11.10.2 10.11.10.3 --size 10K --port 8881 --bind 10.11.10.1 --bufsize 128k --method raw':

        433.745053      task-clock (msec)         #    0.825 CPUs utilized          
                57      context-switches          #    0.131 K/sec                  
                26      cpu-migrations            #    0.060 K/sec                  
             10033      page-faults               #    0.023 M/sec                  
         981750521      cycles                    #    2.263 GHz                    
        1478447332      instructions              #    1.51  insn per cycle         
         342463609      branches                  #  789.550 M/sec                  
           8186075      branch-misses             #    2.39% of all branches        

       0.525703488 seconds time elapsed

