LC_NUMERIC=en_US.UTF8 perf stat -B -a taskset -c 2 /tmp/eucycles/pyben-nio/src/run --server start --bind 10.10.1.6 --size 134217728 --port 8881 --filename /tmp/eucycles/data_file --bufsize 50mb --method "match; func=lambda v: int(chr(v)) < 1; sztype=BEFORE"

2018-07-01 19:41:45,422 | server           | INFO     | PID=6811 | [bufsize: 52428800 bytes] [zerocopy: False]
2018-07-01 19:41:45,437 | methods.match    | INFO     | PID=6811 | [method: methods.match]
2018-07-01 19:41:45,437 | methods.match    | INFO     | PID=6811 | [method parameters: {'func': 'lambda v: int(chr(v)) < 1', 'sztype': 'BEFORE', 'mpws': '50MB'}]
2018-07-01 19:41:45,457 | methods.match    | INFO     | PID=6811 | Start 1 process to handle data filtering
2018-07-01 19:41:45,457 | server           | INFO     | PID=6811 | Ready to send 134217728 bytes using data file size of 1073741824 bytes
2018-07-01 19:41:45,457 | server           | INFO     | PID=6811 | Listening socket bound to port 8881
2018-07-01 19:41:53,677 | server           | INFO     | PID=6811 | Accepted incoming connection ('10.10.1.1', 46202) from client. Sending data ...
2018-07-01 19:42:46,877 | server           | INFO     | PID=6811 | [SUMMARY] [Sent: 13424410 bytes] [Read: 13424410 bytes (10.002% of 134217728 raw bytes)] [Duration: 53.200052976608276 seconds] [Bitrate: 2018706.2604471657 bit/s]
2018-07-01 19:42:46,877 | server           | INFO     | PID=6811 | Resources closed, now exiting

 Performance counter stats for 'system wide':

     184756.427608      task-clock (msec)         #    3.000 CPUs utilized            (100.00%)
            16,597      context-switches          #    0.090 K/sec                    (100.00%)
               646      cpu-migrations            #    0.003 K/sec                    (100.00%)
            20,724      page-faults               #    0.112 K/sec                  
   137,413,482,481      cycles                    #    0.744 GHz                      (100.00%)
   <not supported>      stalled-cycles-frontend  
   <not supported>      stalled-cycles-backend   
   384,857,458,057      instructions              #    2.80  insns per cycle          (100.00%)
    78,892,814,715      branches                  #  427.010 M/sec                    (100.00%)
        31,157,381      branch-misses             #    0.04% of all branches        

      61.590465382 seconds time elapsed