LC_NUMERIC=en_US.UTF8 perf stat -B -a taskset -c 2 /tmp/eucycles/pyben-nio/src/run --server start --bind 10.10.1.2 --size 214748365 --port 8881 --filename /tmp/eucycles/data_file --bufsize 50mb --method "match; func=lambda v: int(chr(v)) < 2; sztype=BEFORE"

2018-07-01 21:41:23,443 | server           | INFO     | PID=14024 | [bufsize: 52428800 bytes] [zerocopy: False]
2018-07-01 21:41:23,458 | methods.match    | INFO     | PID=14024 | [method: methods.match]
2018-07-01 21:41:23,458 | methods.match    | INFO     | PID=14024 | [method parameters: {'mpws': '50MB', 'func': 'lambda v: int(chr(v)) < 2', 'sztype': 'BEFORE'}]
2018-07-01 21:41:23,478 | methods.match    | INFO     | PID=14024 | Start 1 process to handle data filtering
2018-07-01 21:41:23,479 | server           | INFO     | PID=14024 | Ready to send 214748365 bytes using data file size of 1073741824 bytes
2018-07-01 21:41:23,479 | server           | INFO     | PID=14024 | Listening socket bound to port 8881
2018-07-01 21:41:32,842 | server           | INFO     | PID=14024 | Accepted incoming connection ('10.10.1.1', 50591) from client. Sending data ...
2018-07-01 21:42:58,976 | server           | INFO     | PID=14024 | [SUMMARY] [Sent: 42948352 bytes] [Read: 42948352 bytes (19.999% of 214748365 raw bytes)] [Duration: 86.13381314277649 seconds] [Bitrate: 3988988.800837903 bit/s]
2018-07-01 21:42:58,976 | server           | INFO     | PID=14024 | Resources closed, now exiting

 Performance counter stats for 'system wide':

     287002.688327      task-clock (msec)         #    3.000 CPUs utilized            (100.00%)
            25,494      context-switches          #    0.089 K/sec                    (100.00%)
               987      cpu-migrations            #    0.003 K/sec                    (100.00%)
            24,327      page-faults               #    0.085 K/sec                  
   221,794,405,418      cycles                    #    0.773 GHz                      (100.00%)
   <not supported>      stalled-cycles-frontend  
   <not supported>      stalled-cycles-backend   
   624,153,163,876      instructions              #    2.81  insns per cycle          (100.00%)
   127,348,153,964      branches                  #  443.718 M/sec                    (100.00%)
        69,692,166      branch-misses             #    0.05% of all branches        

      95.667990112 seconds time elapsed