LC_NUMERIC=en_US.UTF8 perf stat -B -a taskset -c 2 /tmp/eucycles/pyben-nio/src/run --server start --bind 10.10.1.8 --size 153391689 --port 8881 --filename /tmp/eucycles/data_file --bufsize 50mb --method "match; func=lambda v: int(chr(v)) < 0; sztype=BEFORE"

2018-07-01 19:15:03,770 | server           | INFO     | PID=5259 | [bufsize: 52428800 bytes] [zerocopy: False]
2018-07-01 19:15:03,784 | methods.match    | INFO     | PID=5259 | [method: methods.match]
2018-07-01 19:15:03,785 | methods.match    | INFO     | PID=5259 | [method parameters: {'func': 'lambda v: int(chr(v)) < 0', 'sztype': 'BEFORE', 'mpws': '50MB'}]
2018-07-01 19:15:03,805 | methods.match    | INFO     | PID=5259 | Start 1 process to handle data filtering
2018-07-01 19:15:03,805 | server           | INFO     | PID=5259 | Ready to send 153391689 bytes using data file size of 1073741824 bytes
2018-07-01 19:15:03,805 | server           | INFO     | PID=5259 | Listening socket bound to port 8881
2018-07-01 19:15:08,456 | server           | INFO     | PID=5259 | Accepted incoming connection ('10.10.1.1', 35150) from client. Sending data ...
2018-07-01 19:16:12,951 | server           | INFO     | PID=5259 | [SUMMARY] [Sent: 0 bytes] [Read: 0 bytes (0.000% of 153391689 raw bytes)] [Duration: 64.4945650100708 seconds] [Bitrate: 0.0 bit/s]
2018-07-01 19:16:12,951 | server           | INFO     | PID=5259 | Resources closed, now exiting

 Performance counter stats for 'system wide':

     207827.191770      task-clock (msec)         #    3.000 CPUs utilized            (100.00%)
            18,267      context-switches          #    0.088 K/sec                    (100.00%)
               331      cpu-migrations            #    0.002 K/sec                    (100.00%)
            17,750      page-faults               #    0.085 K/sec                  
   178,662,729,420      cycles                    #    0.860 GHz                      (100.00%)
   <not supported>      stalled-cycles-frontend  
   <not supported>      stalled-cycles-backend   
   421,973,655,538      instructions              #    2.36  insns per cycle          (100.00%)
    86,341,506,284      branches                  #  415.449 M/sec                    (100.00%)
        19,732,438      branch-misses             #    0.02% of all branches        

      69.273440668 seconds time elapsed