LC_NUMERIC=en_US.UTF8 perf stat -B -a taskset -c 2 /tmp/eucycles/pyben-nio/src/run --server start --bind 10.10.1.2 --size 536870912 --port 8881 --filename /tmp/eucycles/data_file --bufsize 50mb --method "match; func=lambda v: int(chr(v)) < 4; sztype=BEFORE"

2018-07-01 23:42:50,553 | server           | INFO     | PID=19567 | [bufsize: 52428800 bytes] [zerocopy: False]
2018-07-01 23:42:50,567 | methods.match    | INFO     | PID=19567 | [method: methods.match]
2018-07-01 23:42:50,568 | methods.match    | INFO     | PID=19567 | [method parameters: {'func': 'lambda v: int(chr(v)) < 4', 'sztype': 'BEFORE', 'mpws': '50MB'}]
2018-07-01 23:42:50,588 | methods.match    | INFO     | PID=19567 | Start 1 process to handle data filtering
2018-07-01 23:42:50,588 | server           | INFO     | PID=19567 | Ready to send 536870912 bytes using data file size of 1073741824 bytes
2018-07-01 23:42:50,588 | server           | INFO     | PID=19567 | Listening socket bound to port 8881
2018-07-01 23:42:56,144 | server           | INFO     | PID=19567 | Accepted incoming connection ('10.10.1.1', 33121) from client. Sending data ...
2018-07-01 23:46:49,610 | server           | INFO     | PID=19567 | [SUMMARY] [Sent: 214747338 bytes] [Read: 214747338 bytes (40.000% of 536870912 raw bytes)] [Duration: 233.46609497070312 seconds] [Bitrate: 7358579.0014416585 bit/s]
2018-07-01 23:46:49,610 | server           | INFO     | PID=19567 | Resources closed, now exiting

 Performance counter stats for 'system wide':

     717572.196203      task-clock (msec)         #    3.000 CPUs utilized            (100.00%)
            63,082      context-switches          #    0.088 K/sec                    (100.00%)
             2,716      cpu-migrations            #    0.004 K/sec                    (100.00%)
            34,138      page-faults               #    0.048 K/sec                  
   598,072,705,021      cycles                    #    0.833 GHz                      (100.00%)
   <not supported>      stalled-cycles-frontend  
   <not supported>      stalled-cycles-backend   
 1,656,366,385,434      instructions              #    2.77  insns per cycle          (100.00%)
   338,544,202,431      branches                  #  471.791 M/sec                    (100.00%)
       286,368,457      branch-misses             #    0.08% of all branches        

     239.192124079 seconds time elapsed