LC_NUMERIC=en_US.UTF8 perf stat -B -a taskset -c 2 /tmp/eucycles/pyben-nio/src/run --client start --addresses 10.10.1.2  10.10.1.3 --size 1GB --port 8881 --bind 10.10.1.1 --bufsize 50mb --method "raw"

2018-07-01 23:16:07,949 | client           | INFO     | PID=29857 | [bufsize: 52428800 bytes]
2018-07-01 23:16:07,975 | client           | INFO     | PID=29859 | Connecting to server 10.10.1.2 on port 8881
2018-07-01 23:16:07,975 | client           | INFO     | PID=29858 | Connecting to server 10.10.1.3 on port 8881
2018-07-01 23:16:07,976 | client           | INFO     | PID=29859 | Connection established. Receiving data ...
2018-07-01 23:16:07,976 | methods.raw      | INFO     | PID=29859 | [method: methods.raw]
2018-07-01 23:16:07,976 | methods.raw      | INFO     | PID=29859 | [method parameters: {}]
2018-07-01 23:16:07,983 | client           | INFO     | PID=29858 | Connection established. Receiving data ...
2018-07-01 23:16:07,983 | methods.raw      | INFO     | PID=29858 | [method: methods.raw]
2018-07-01 23:16:07,984 | methods.raw      | INFO     | PID=29858 | [method parameters: {}]
2018-07-01 23:19:59,242 | client           | INFO     | PID=29859 | [Received: 214747338 bytes (214747338 raw bytes)] [Duration: 231.22904586791992 seconds] [Bitrate: 7429770.328167702 bit/s]
2018-07-01 23:19:59,242 | client           | INFO     | PID=29859 | Socket closed
2018-07-01 23:20:00,813 | client           | INFO     | PID=29858 | [Received: 214754394 bytes (214754394 raw bytes)] [Duration: 232.79479312896729 seconds] [Bitrate: 7380041.1465741685 bit/s]
2018-07-01 23:20:00,813 | client           | INFO     | PID=29858 | Socket closed
2018-07-01 23:20:01,343 | client           | INFO     | PID=29857 | [SUMMARY] [Received: 429501732 bytes (100.000% of 429501732 raw bytes)] [Duration: 232.80028295516968 seconds] [Bitrate: 14759491.751398226 bit/s]

 Performance counter stats for 'system wide':

     700351.352163      task-clock (msec)         #    3.000 CPUs utilized            (100.00%)
           492,619      context-switches          #    0.703 K/sec                    (100.00%)
             1,058      cpu-migrations            #    0.002 K/sec                    (100.00%)
           954,168      page-faults               #    0.001 M/sec                  
    28,378,811,108      cycles                    #    0.041 GHz                      (100.00%)
   <not supported>      stalled-cycles-frontend  
   <not supported>      stalled-cycles-backend   
    46,944,878,329      instructions              #    1.65  insns per cycle          (100.00%)
    11,835,802,089      branches                  #   16.900 M/sec                    (100.00%)
        34,007,322      branch-misses             #    0.29% of all branches        

     233.468052299 seconds time elapsed