LC_NUMERIC=en_US.UTF8 perf stat -B -a taskset -c 2 /tmp/eucycles/pyben-nio/src/run --server start --bind 10.10.1.5 --size 214748365 --port 8881 --filename /tmp/eucycles/data_file --bufsize 50mb --method "match; func=lambda v: int(chr(v)) < 3; sztype=BEFORE"

2018-07-01 22:07:19,550 | server           | INFO     | PID=12138 | [bufsize: 52428800 bytes] [zerocopy: False]
2018-07-01 22:07:19,564 | methods.match    | INFO     | PID=12138 | [method: methods.match]
2018-07-01 22:07:19,564 | methods.match    | INFO     | PID=12138 | [method parameters: {'sztype': 'BEFORE', 'mpws': '50MB', 'func': 'lambda v: int(chr(v)) < 3'}]
2018-07-01 22:07:19,585 | methods.match    | INFO     | PID=12138 | Start 1 process to handle data filtering
2018-07-01 22:07:19,585 | server           | INFO     | PID=12138 | Ready to send 214748365 bytes using data file size of 1073741824 bytes
2018-07-01 22:07:19,585 | server           | INFO     | PID=12138 | Listening socket bound to port 8881
2018-07-01 22:07:25,256 | server           | INFO     | PID=12138 | Accepted incoming connection ('10.10.1.1', 48478) from client. Sending data ...
2018-07-01 22:08:54,515 | server           | INFO     | PID=12138 | [SUMMARY] [Sent: 64422614 bytes] [Read: 64422614 bytes (29.999% of 214748365 raw bytes)] [Duration: 89.25859808921814 seconds] [Bitrate: 5774019.792298919 bit/s]
2018-07-01 22:08:54,515 | server           | INFO     | PID=12138 | Resources closed, now exiting

 Performance counter stats for 'system wide':

     285319.654904      task-clock (msec)         #    3.000 CPUs utilized            (100.00%)
            25,518      context-switches          #    0.089 K/sec                    (100.00%)
               322      cpu-migrations            #    0.001 K/sec                    (100.00%)
            26,562      page-faults               #    0.093 K/sec                  
   248,751,688,901      cycles                    #    0.872 GHz                      (100.00%)
   <not supported>      stalled-cycles-frontend  
   <not supported>      stalled-cycles-backend   
   646,696,212,460      instructions              #    2.60  insns per cycle          (100.00%)
   132,107,671,621      branches                  #  463.016 M/sec                    (100.00%)
        91,626,610      branch-misses             #    0.07% of all branches        

      95.099548392 seconds time elapsed