LC_NUMERIC=en_US.UTF8 perf stat -B -a taskset -c 2 /tmp/eucycles/pyben-nio/src/run --server start --bind 10.10.1.3 --size 268435456 --port 8881 --filename /tmp/eucycles/data_file --bufsize 50mb --method "match; func=lambda v: int(chr(v)) < 1; sztype=BEFORE"

2018-07-01 19:33:17,542 | server           | INFO     | PID=7312 | [bufsize: 52428800 bytes] [zerocopy: False]
2018-07-01 19:33:17,556 | methods.match    | INFO     | PID=7312 | [method: methods.match]
2018-07-01 19:33:17,556 | methods.match    | INFO     | PID=7312 | [method parameters: {'sztype': 'BEFORE', 'func': 'lambda v: int(chr(v)) < 1', 'mpws': '50MB'}]
2018-07-01 19:33:17,577 | methods.match    | INFO     | PID=7312 | Start 1 process to handle data filtering
2018-07-01 19:33:17,577 | server           | INFO     | PID=7312 | Ready to send 268435456 bytes using data file size of 1073741824 bytes
2018-07-01 19:33:17,577 | server           | INFO     | PID=7312 | Listening socket bound to port 8881
2018-07-01 19:33:24,412 | server           | INFO     | PID=7312 | Accepted incoming connection ('10.10.1.1', 44235) from client. Sending data ...
2018-07-01 19:35:11,483 | server           | INFO     | PID=7312 | [SUMMARY] [Sent: 26839488 bytes] [Read: 26839488 bytes (9.998% of 268435456 raw bytes)] [Duration: 107.0702748298645 seconds] [Bitrate: 2005373.614116385 bit/s]
2018-07-01 19:35:11,483 | server           | INFO     | PID=7312 | Resources closed, now exiting

 Performance counter stats for 'system wide':

     342216.149150      task-clock (msec)         #    3.000 CPUs utilized            (100.00%)
            30,546      context-switches          #    0.089 K/sec                    (100.00%)
               388      cpu-migrations            #    0.001 K/sec                    (100.00%)
            21,922      page-faults               #    0.064 K/sec                  
   276,069,094,936      cycles                    #    0.807 GHz                      (100.00%)
   <not supported>      stalled-cycles-frontend  
   <not supported>      stalled-cycles-backend   
   780,297,685,808      instructions              #    2.83  insns per cycle          (100.00%)
   161,451,478,010      branches                  #  471.782 M/sec                    (100.00%)
        59,520,600      branch-misses             #    0.04% of all branches        

     114.078272219 seconds time elapsed