LC_NUMERIC=en_US.UTF8 perf stat -B -a taskset -c 2 /tmp/eucycles/pyben-nio/src/run --server start --bind 10.10.1.5 --size 214748365 --port 8881 --filename /tmp/eucycles/data_file --bufsize 50mb --method "match; func=lambda v: int(chr(v)) < 8; sztype=BEFORE"

2018-07-02 06:02:32,607 | server           | INFO     | PID=27954 | [bufsize: 52428800 bytes] [zerocopy: False]
2018-07-02 06:02:32,622 | methods.match    | INFO     | PID=27954 | [method: methods.match]
2018-07-02 06:02:32,622 | methods.match    | INFO     | PID=27954 | [method parameters: {'func': 'lambda v: int(chr(v)) < 8', 'sztype': 'BEFORE', 'mpws': '50MB'}]
2018-07-02 06:02:32,642 | methods.match    | INFO     | PID=27954 | Start 1 process to handle data filtering
2018-07-02 06:02:32,642 | server           | INFO     | PID=27954 | Ready to send 214748365 bytes using data file size of 1073741824 bytes
2018-07-02 06:02:32,642 | server           | INFO     | PID=27954 | Listening socket bound to port 8881
2018-07-02 06:02:38,313 | server           | INFO     | PID=27954 | Accepted incoming connection ('10.10.1.1', 52536) from client. Sending data ...
2018-07-02 06:04:24,738 | server           | INFO     | PID=27954 | [SUMMARY] [Sent: 171789733 bytes] [Read: 171789733 bytes (79.996% of 214748365 raw bytes)] [Duration: 106.4248218536377 seconds] [Bitrate: 12913508.71030868 bit/s]
2018-07-02 06:04:24,738 | server           | INFO     | PID=27954 | Resources closed, now exiting

 Performance counter stats for 'system wide':

     336820.729773      task-clock (msec)         #    3.000 CPUs utilized            (100.00%)
            28,466      context-switches          #    0.085 K/sec                    (100.00%)
               823      cpu-migrations            #    0.002 K/sec                    (100.00%)
            61,630      page-faults               #    0.183 K/sec                  
   275,346,544,411      cycles                    #    0.817 GHz                      (100.00%)
   <not supported>      stalled-cycles-frontend  
   <not supported>      stalled-cycles-backend   
   751,864,821,983      instructions              #    2.73  insns per cycle          (100.00%)
   154,819,692,135      branches                  #  459.650 M/sec                    (100.00%)
        70,452,499      branch-misses             #    0.05% of all branches        

     112.265349618 seconds time elapsed