LC_NUMERIC=en_US.UTF8 perf stat -B -a taskset -c 2 /tmp/eucycles/pyben-nio/src/run --server start --bind 10.10.1.8 --size 134217728 --port 8881 --filename /tmp/eucycles/data_file --bufsize 50mb --method "match; func=lambda v: int(chr(v)) < 9; sztype=BEFORE"

2018-07-02 06:39:50,549 | server           | INFO     | PID=21083 | [bufsize: 52428800 bytes] [zerocopy: False]
2018-07-02 06:39:50,563 | methods.match    | INFO     | PID=21083 | [method: methods.match]
2018-07-02 06:39:50,564 | methods.match    | INFO     | PID=21083 | [method parameters: {'mpws': '50MB', 'sztype': 'BEFORE', 'func': 'lambda v: int(chr(v)) < 9'}]
2018-07-02 06:39:50,584 | methods.match    | INFO     | PID=21083 | Start 1 process to handle data filtering
2018-07-02 06:39:50,585 | server           | INFO     | PID=21083 | Ready to send 134217728 bytes using data file size of 1073741824 bytes
2018-07-02 06:39:50,585 | server           | INFO     | PID=21083 | Listening socket bound to port 8881
2018-07-02 06:39:56,373 | server           | INFO     | PID=21083 | Accepted incoming connection ('10.10.1.1', 44823) from client. Sending data ...
2018-07-02 06:41:04,805 | server           | INFO     | PID=21083 | [SUMMARY] [Sent: 120800730 bytes] [Read: 120800730 bytes (90.004% of 134217728 raw bytes)] [Duration: 68.43112897872925 seconds] [Bitrate: 14122313.257470766 bit/s]
2018-07-02 06:41:04,805 | server           | INFO     | PID=21083 | Resources closed, now exiting

 Performance counter stats for 'system wide':

     223186.505954      task-clock (msec)         #    3.000 CPUs utilized            (100.00%)
            19,574      context-switches          #    0.088 K/sec                    (100.00%)
               253      cpu-migrations            #    0.001 K/sec                    (100.00%)
            48,401      page-faults               #    0.217 K/sec                  
   179,198,909,706      cycles                    #    0.803 GHz                      (100.00%)
   <not supported>      stalled-cycles-frontend  
   <not supported>      stalled-cycles-backend   
   470,332,034,992      instructions              #    2.62  insns per cycle          (100.00%)
    95,809,830,774      branches                  #  429.281 M/sec                    (100.00%)
        31,785,569      branch-misses             #    0.03% of all branches        

      74.393057007 seconds time elapsed