LC_NUMERIC=en_US.UTF8 perf stat -B -a taskset -c 2 /tmp/eucycles/pyben-nio/src/run --server start --bind 10.10.1.2 --size 153391690 --port 8881 --filename /tmp/eucycles/data_file --bufsize 50mb --method "match; func=lambda v: int(chr(v)) < 6; sztype=BEFORE"

2018-07-02 02:44:37,864 | server           | INFO     | PID=28027 | [bufsize: 52428800 bytes] [zerocopy: False]
2018-07-02 02:44:37,878 | methods.match    | INFO     | PID=28027 | [method: methods.match]
2018-07-02 02:44:37,878 | methods.match    | INFO     | PID=28027 | [method parameters: {'func': 'lambda v: int(chr(v)) < 6', 'sztype': 'BEFORE', 'mpws': '50MB'}]
2018-07-02 02:44:37,899 | methods.match    | INFO     | PID=28027 | Start 1 process to handle data filtering
2018-07-02 02:44:37,899 | server           | INFO     | PID=28027 | Ready to send 153391690 bytes using data file size of 1073741824 bytes
2018-07-02 02:44:37,899 | server           | INFO     | PID=28027 | Listening socket bound to port 8881
2018-07-02 02:44:49,846 | server           | INFO     | PID=28027 | Accepted incoming connection ('10.10.1.1', 37863) from client. Sending data ...
2018-07-02 02:46:03,768 | server           | INFO     | PID=28027 | [SUMMARY] [Sent: 92036983 bytes] [Read: 92036983 bytes (60.001% of 153391690 raw bytes)] [Duration: 73.92142701148987 seconds] [Bitrate: 9960520.15994706 bit/s]
2018-07-02 02:46:03,768 | server           | INFO     | PID=28027 | Resources closed, now exiting

 Performance counter stats for 'system wide':

     258114.745794      task-clock (msec)         #    3.000 CPUs utilized            (100.00%)
            22,700      context-switches          #    0.088 K/sec                    (100.00%)
               898      cpu-migrations            #    0.003 K/sec                    (100.00%)
            43,186      page-faults               #    0.167 K/sec                  
   184,174,254,725      cycles                    #    0.714 GHz                      (100.00%)
   <not supported>      stalled-cycles-frontend  
   <not supported>      stalled-cycles-backend   
   505,806,582,118      instructions              #    2.75  insns per cycle          (100.00%)
   103,561,795,964      branches                  #  401.224 M/sec                    (100.00%)
        84,556,464      branch-misses             #    0.08% of all branches        

      86.038615094 seconds time elapsed