LC_NUMERIC=en_US.UTF8 perf stat -B -a taskset -c 2 /tmp/eucycles/pyben-nio/src/run --server start --bind 10.10.1.3 --size 178956971 --port 8881 --filename /tmp/eucycles/data_file --bufsize 50mb --method "match; func=lambda v: int(chr(v)) < 0; sztype=BEFORE"

2018-07-01 19:12:52,775 | server           | INFO     | PID=6515 | [bufsize: 52428800 bytes] [zerocopy: False]
2018-07-01 19:12:52,789 | methods.match    | INFO     | PID=6515 | [method: methods.match]
2018-07-01 19:12:52,790 | methods.match    | INFO     | PID=6515 | [method parameters: {'sztype': 'BEFORE', 'mpws': '50MB', 'func': 'lambda v: int(chr(v)) < 0'}]
2018-07-01 19:12:52,810 | methods.match    | INFO     | PID=6515 | Start 1 process to handle data filtering
2018-07-01 19:12:52,810 | server           | INFO     | PID=6515 | Ready to send 178956971 bytes using data file size of 1073741824 bytes
2018-07-01 19:12:52,810 | server           | INFO     | PID=6515 | Listening socket bound to port 8881
2018-07-01 19:13:02,289 | server           | INFO     | PID=6515 | Accepted incoming connection ('10.10.1.1', 43268) from client. Sending data ...
2018-07-01 19:14:17,531 | server           | INFO     | PID=6515 | [SUMMARY] [Sent: 0 bytes] [Read: 0 bytes (0.000% of 178956971 raw bytes)] [Duration: 75.24227499961853 seconds] [Bitrate: 0.0 bit/s]
2018-07-01 19:14:17,532 | server           | INFO     | PID=6515 | Resources closed, now exiting

 Performance counter stats for 'system wide':

     254666.721575      task-clock (msec)         #    3.000 CPUs utilized            (100.00%)
            22,474      context-switches          #    0.088 K/sec                    (100.00%)
               130      cpu-migrations            #    0.001 K/sec                    (100.00%)
            18,805      page-faults               #    0.074 K/sec                  
   194,426,442,546      cycles                    #    0.763 GHz                      (100.00%)
   <not supported>      stalled-cycles-frontend  
   <not supported>      stalled-cycles-backend   
   486,750,673,813      instructions              #    2.50  insns per cycle          (100.00%)
    99,478,538,176      branches                  #  390.622 M/sec                    (100.00%)
        22,796,699      branch-misses             #    0.02% of all branches        

      84.893484172 seconds time elapsed