LC_NUMERIC=en_US.UTF8 perf stat -B -a taskset -c 2 /tmp/eucycles/pyben-nio/src/run --server start --bind 10.10.1.5 --size 153391689 --port 8881 --filename /tmp/eucycles/data_file --bufsize 50mb --method "match; func=lambda v: int(chr(v)) < 3; sztype=BEFORE"

2018-07-01 23:03:52,914 | server           | INFO     | PID=14218 | [bufsize: 52428800 bytes] [zerocopy: False]
2018-07-01 23:03:52,928 | methods.match    | INFO     | PID=14218 | [method: methods.match]
2018-07-01 23:03:52,929 | methods.match    | INFO     | PID=14218 | [method parameters: {'func': 'lambda v: int(chr(v)) < 3', 'sztype': 'BEFORE', 'mpws': '50MB'}]
2018-07-01 23:03:52,949 | methods.match    | INFO     | PID=14218 | Start 1 process to handle data filtering
2018-07-01 23:03:52,949 | server           | INFO     | PID=14218 | Ready to send 153391689 bytes using data file size of 1073741824 bytes
2018-07-01 23:03:52,949 | server           | INFO     | PID=14218 | Listening socket bound to port 8881
2018-07-01 23:04:01,200 | server           | INFO     | PID=14218 | Accepted incoming connection ('10.10.1.1', 38833) from client. Sending data ...
2018-07-01 23:05:05,443 | server           | INFO     | PID=14218 | [SUMMARY] [Sent: 46016906 bytes] [Read: 46016906 bytes (30.000% of 153391689 raw bytes)] [Duration: 64.24319100379944 seconds] [Bitrate: 5730338.768169656 bit/s]
2018-07-01 23:05:05,444 | server           | INFO     | PID=14218 | Resources closed, now exiting

 Performance counter stats for 'system wide':

     218010.458269      task-clock (msec)         #    3.000 CPUs utilized            (100.00%)
            19,641      context-switches          #    0.090 K/sec                    (100.00%)
               126      cpu-migrations            #    0.001 K/sec                    (100.00%)
            27,198      page-faults               #    0.125 K/sec                  
   171,113,332,037      cycles                    #    0.785 GHz                      (100.00%)
   <not supported>      stalled-cycles-frontend  
   <not supported>      stalled-cycles-backend   
   460,218,783,818      instructions              #    2.69  insns per cycle          (100.00%)
    93,930,285,303      branches                  #  430.852 M/sec                    (100.00%)
        66,594,616      branch-misses             #    0.07% of all branches        

      72.664746065 seconds time elapsed