LC_NUMERIC=en_US.UTF8 perf stat -B -a taskset -c 2 /tmp/eucycles/pyben-nio/src/run --server start --bind 10.10.1.3 --size 178956971 --port 8881 --filename /tmp/eucycles/data_file --bufsize 50mb --method "match; func=lambda v: int(chr(v)) < 9; sztype=BEFORE"

2018-07-02 06:35:08,268 | server           | INFO     | PID=2253 | [bufsize: 52428800 bytes] [zerocopy: False]
2018-07-02 06:35:08,282 | methods.match    | INFO     | PID=2253 | [method: methods.match]
2018-07-02 06:35:08,282 | methods.match    | INFO     | PID=2253 | [method parameters: {'mpws': '50MB', 'func': 'lambda v: int(chr(v)) < 9', 'sztype': 'BEFORE'}]
2018-07-02 06:35:08,303 | methods.match    | INFO     | PID=2253 | Start 1 process to handle data filtering
2018-07-02 06:35:08,303 | server           | INFO     | PID=2253 | Ready to send 178956971 bytes using data file size of 1073741824 bytes
2018-07-02 06:35:08,303 | server           | INFO     | PID=2253 | Listening socket bound to port 8881
2018-07-02 06:35:17,789 | server           | INFO     | PID=2253 | Accepted incoming connection ('10.10.1.1', 39963) from client. Sending data ...
2018-07-02 06:36:49,841 | server           | INFO     | PID=2253 | [SUMMARY] [Sent: 161052645 bytes] [Read: 161052645 bytes (89.995% of 178956971 raw bytes)] [Duration: 92.05158996582031 seconds] [Bitrate: 13996729.0133544 bit/s]
2018-07-02 06:36:49,841 | server           | INFO     | PID=2253 | Resources closed, now exiting

 Performance counter stats for 'system wide':

     305110.565699      task-clock (msec)         #    3.000 CPUs utilized            (100.00%)
            25,526      context-switches          #    0.084 K/sec                    (100.00%)
               865      cpu-migrations            #    0.003 K/sec                    (100.00%)
            59,796      page-faults               #    0.196 K/sec                  
   227,440,086,323      cycles                    #    0.745 GHz                      (100.00%)
   <not supported>      stalled-cycles-frontend  
   <not supported>      stalled-cycles-backend   
   637,265,542,149      instructions              #    2.80  insns per cycle          (100.00%)
   130,692,159,941      branches                  #  428.344 M/sec                    (100.00%)
        41,580,772      branch-misses             #    0.03% of all branches        

     101.709044760 seconds time elapsed