LC_NUMERIC=en_US.UTF8 perf stat -B -a taskset -c 2 /tmp/eucycles/pyben-nio/src/run --server start --bind 10.10.1.4 --size 153391689 --port 8881 --filename /tmp/eucycles/data_file --bufsize 50mb --method "match; func=lambda v: int(chr(v)) < 9; sztype=BEFORE"

2018-07-02 07:37:44,963 | server           | INFO     | PID=1549 | [bufsize: 52428800 bytes] [zerocopy: False]
2018-07-02 07:37:44,978 | methods.match    | INFO     | PID=1549 | [method: methods.match]
2018-07-02 07:37:44,979 | methods.match    | INFO     | PID=1549 | [method parameters: {'func': 'lambda v: int(chr(v)) < 9', 'sztype': 'BEFORE', 'mpws': '50MB'}]
2018-07-02 07:37:44,999 | methods.match    | INFO     | PID=1549 | Start 1 process to handle data filtering
2018-07-02 07:37:44,999 | server           | INFO     | PID=1549 | Ready to send 153391689 bytes using data file size of 1073741824 bytes
2018-07-02 07:37:44,999 | server           | INFO     | PID=1549 | Listening socket bound to port 8881
2018-07-02 07:37:54,526 | server           | INFO     | PID=1549 | Accepted incoming connection ('10.10.1.1', 50654) from client. Sending data ...
2018-07-02 07:39:15,528 | server           | INFO     | PID=1549 | [SUMMARY] [Sent: 138049573 bytes] [Read: 138049573 bytes (89.998% of 153391689 raw bytes)] [Duration: 81.00111079216003 seconds] [Bitrate: 13634338.754116107 bit/s]
2018-07-02 07:39:15,528 | server           | INFO     | PID=1549 | Resources closed, now exiting

 Performance counter stats for 'system wide':

     272109.638971      task-clock (msec)         #    3.000 CPUs utilized            (100.00%)
            23,650      context-switches          #    0.087 K/sec                    (100.00%)
               107      cpu-migrations            #    0.000 K/sec                    (100.00%)
            53,957      page-faults               #    0.198 K/sec                  
   211,587,745,222      cycles                    #    0.778 GHz                      (100.00%)
   <not supported>      stalled-cycles-frontend  
   <not supported>      stalled-cycles-backend   
   543,409,354,123      instructions              #    2.57  insns per cycle          (100.00%)
   111,506,102,880      branches                  #  409.784 M/sec                    (100.00%)
        36,067,573      branch-misses             #    0.03% of all branches        

      90.701489512 seconds time elapsed