LC_NUMERIC=en_US.UTF8 perf stat -B -a taskset -c 2 /tmp/eucycles/pyben-nio/src/run --server start --bind 10.10.1.3 --size 134217728 --port 8881 --filename /tmp/eucycles/data_file --bufsize 50mb --method "match; func=lambda v: int(chr(v)) < 1; sztype=BEFORE"

2018-07-01 20:06:35,337 | server           | INFO     | PID=9001 | [bufsize: 52428800 bytes] [zerocopy: False]
2018-07-01 20:06:35,352 | methods.match    | INFO     | PID=9001 | [method: methods.match]
2018-07-01 20:06:35,352 | methods.match    | INFO     | PID=9001 | [method parameters: {'mpws': '50MB', 'sztype': 'BEFORE', 'func': 'lambda v: int(chr(v)) < 1'}]
2018-07-01 20:06:35,372 | methods.match    | INFO     | PID=9001 | Start 1 process to handle data filtering
2018-07-01 20:06:35,372 | server           | INFO     | PID=9001 | Ready to send 134217728 bytes using data file size of 1073741824 bytes
2018-07-01 20:06:35,372 | server           | INFO     | PID=9001 | Listening socket bound to port 8881
2018-07-01 20:06:47,347 | server           | INFO     | PID=9001 | Accepted incoming connection ('10.10.1.1', 57363) from client. Sending data ...
2018-07-01 20:07:39,285 | server           | INFO     | PID=9001 | [SUMMARY] [Sent: 13418899 bytes] [Read: 13418899 bytes (9.998% of 134217728 raw bytes)] [Duration: 51.93772792816162 seconds] [Bitrate: 2066921.2205140023 bit/s]
2018-07-01 20:07:39,285 | server           | INFO     | PID=9001 | Resources closed, now exiting

 Performance counter stats for 'system wide':

     192242.614463      task-clock (msec)         #    3.000 CPUs utilized            (100.00%)
            16,596      context-switches          #    0.086 K/sec                    (100.00%)
               479      cpu-migrations            #    0.002 K/sec                    (100.00%)
            21,532      page-faults               #    0.112 K/sec                  
   134,163,434,262      cycles                    #    0.698 GHz                      (100.00%)
   <not supported>      stalled-cycles-frontend  
   <not supported>      stalled-cycles-backend   
   379,284,642,846      instructions              #    2.83  insns per cycle          (100.00%)
    77,431,979,696      branches                  #  402.783 M/sec                    (100.00%)
        31,297,226      branch-misses             #    0.04% of all branches        

      64.084274706 seconds time elapsed