LC_NUMERIC=en_US.UTF8 perf stat -B -a taskset -c 2 /tmp/eucycles/pyben-nio/src/run --server start --bind 10.10.1.3 --size 357913941 --port 8881 --filename /tmp/eucycles/data_file --bufsize 50mb --method "match; func=lambda v: int(chr(v)) < 4; sztype=BEFORE"

2018-07-02 00:14:39,354 | server           | INFO     | PID=19470 | [bufsize: 52428800 bytes] [zerocopy: False]
2018-07-02 00:14:39,368 | methods.match    | INFO     | PID=19470 | [method: methods.match]
2018-07-02 00:14:39,368 | methods.match    | INFO     | PID=19470 | [method parameters: {'func': 'lambda v: int(chr(v)) < 4', 'sztype': 'BEFORE', 'mpws': '50MB'}]
2018-07-02 00:14:39,389 | methods.match    | INFO     | PID=19470 | Start 1 process to handle data filtering
2018-07-02 00:14:39,389 | server           | INFO     | PID=19470 | Ready to send 357913941 bytes using data file size of 1073741824 bytes
2018-07-02 00:14:39,389 | server           | INFO     | PID=19470 | Listening socket bound to port 8881
2018-07-02 00:14:45,052 | server           | INFO     | PID=19470 | Accepted incoming connection ('10.10.1.1', 35825) from client. Sending data ...
2018-07-02 00:17:20,482 | server           | INFO     | PID=19470 | [SUMMARY] [Sent: 143165569 bytes] [Read: 143165569 bytes (40.000% of 357913941 raw bytes)] [Duration: 155.43002009391785 seconds] [Bitrate: 7368747.371376154 bit/s]
2018-07-02 00:17:20,483 | server           | INFO     | PID=19470 | Resources closed, now exiting

 Performance counter stats for 'system wide':

     483773.625465      task-clock (msec)         #    3.000 CPUs utilized            (100.00%)
            46,760      context-switches          #    0.097 K/sec                    (100.00%)
             1,783      cpu-migrations            #    0.004 K/sec                    (100.00%)
            51,546      page-faults               #    0.107 K/sec                  
   399,243,500,036      cycles                    #    0.825 GHz                      (100.00%)
   <not supported>      stalled-cycles-frontend  
   <not supported>      stalled-cycles-backend   
 1,100,139,730,574      instructions              #    2.76  insns per cycle          (100.00%)
   224,129,150,835      branches                  #  463.293 M/sec                    (100.00%)
       198,066,134      branch-misses             #    0.09% of all branches        

     161.266758220 seconds time elapsed