LC_NUMERIC=en_US.UTF8 perf stat -B -a taskset -c 2 /tmp/eucycles/pyben-nio/src/run --server start --bind 10.10.1.2 --size 214748365 --port 8881 --filename /tmp/eucycles/data_file --bufsize 50mb --method "match; func=lambda v: int(chr(v)) < 4; sztype=BEFORE"

2018-07-02 00:20:25,997 | server           | INFO     | PID=21513 | [bufsize: 52428800 bytes] [zerocopy: False]
2018-07-02 00:20:26,011 | methods.match    | INFO     | PID=21513 | [method: methods.match]
2018-07-02 00:20:26,012 | methods.match    | INFO     | PID=21513 | [method parameters: {'func': 'lambda v: int(chr(v)) < 4', 'mpws': '50MB', 'sztype': 'BEFORE'}]
2018-07-02 00:20:26,032 | methods.match    | INFO     | PID=21513 | Start 1 process to handle data filtering
2018-07-02 00:20:26,032 | server           | INFO     | PID=21513 | Ready to send 214748365 bytes using data file size of 1073741824 bytes
2018-07-02 00:20:26,032 | server           | INFO     | PID=21513 | Listening socket bound to port 8881
2018-07-02 00:20:35,328 | server           | INFO     | PID=21513 | Accepted incoming connection ('10.10.1.1', 52656) from client. Sending data ...
2018-07-02 00:22:08,006 | server           | INFO     | PID=21513 | [SUMMARY] [Sent: 85899512 bytes] [Read: 85899512 bytes (40.000% of 214748365 raw bytes)] [Duration: 92.67734909057617 seconds] [Bitrate: 7414930.430610224 bit/s]
2018-07-02 00:22:08,006 | server           | INFO     | PID=21513 | Resources closed, now exiting

 Performance counter stats for 'system wide':

     306432.927249      task-clock (msec)         #    3.000 CPUs utilized            (100.00%)
            29,020      context-switches          #    0.095 K/sec                    (100.00%)
             1,301      cpu-migrations            #    0.004 K/sec                    (100.00%)
            39,012      page-faults               #    0.127 K/sec                  
   238,062,410,115      cycles                    #    0.777 GHz                      (100.00%)
   <not supported>      stalled-cycles-frontend  
   <not supported>      stalled-cycles-backend   
   660,075,116,768      instructions              #    2.77  insns per cycle          (100.00%)
   134,499,567,345      branches                  #  438.920 M/sec                    (100.00%)
       118,697,530      branch-misses             #    0.09% of all branches        

     102.144782478 seconds time elapsed