LC_NUMERIC=en_US.UTF8 perf stat -B -a taskset -c 2 /tmp/eucycles/pyben-nio/src/run --client start --addresses 10.10.1.2 --size 1GB --port 8881 --bind 10.10.1.1 --bufsize 50mb --method "raw"

2018-07-02 05:12:53,062 | client           | INFO     | PID=25806 | [bufsize: 52428800 bytes]
2018-07-02 05:12:53,086 | client           | INFO     | PID=25807 | Connecting to server 10.10.1.2 on port 8881
2018-07-02 05:12:53,086 | client           | INFO     | PID=25807 | Connection established. Receiving data ...
2018-07-02 05:12:53,086 | methods.raw      | INFO     | PID=25807 | [method: methods.raw]
2018-07-02 05:12:53,087 | methods.raw      | INFO     | PID=25807 | [method parameters: {}]
2018-07-02 05:21:25,907 | client           | INFO     | PID=25807 | [Received: 858995404 bytes (858995404 raw bytes)] [Duration: 512.7991859912872 seconds] [Bitrate: 13400885.60927778 bit/s]
2018-07-02 05:21:25,907 | client           | INFO     | PID=25807 | Socket closed
2018-07-02 05:21:27,054 | client           | INFO     | PID=25806 | [SUMMARY] [Received: 858995404 bytes (100.000% of 858995404 raw bytes)] [Duration: 512.7991859912872 seconds] [Bitrate: 13400885.60927778 bit/s]

 Performance counter stats for 'system wide':

    1542080.128101      task-clock (msec)         #    3.000 CPUs utilized            (100.00%)
         1,083,390      context-switches          #    0.703 K/sec                    (100.00%)
             1,928      cpu-migrations            #    0.001 K/sec                    (100.00%)
         1,129,272      page-faults               #    0.732 K/sec                  
    57,989,087,020      cycles                    #    0.038 GHz                      (100.00%)
   <not supported>      stalled-cycles-frontend  
   <not supported>      stalled-cycles-backend   
    97,226,205,347      instructions              #    1.68  insns per cycle          (100.00%)
    23,778,549,940      branches                  #   15.420 M/sec                    (100.00%)
        65,947,583      branch-misses             #    0.28% of all branches        

     514.065784323 seconds time elapsed