LC_NUMERIC=en_US.UTF8 perf stat -B -a taskset -c 2 /tmp/eucycles/pyben-nio/src/run --server start --bind 10.10.1.2 --size 1073741824 --port 8881 --filename /tmp/eucycles/data_file --bufsize 50mb --method "match; func=lambda v: int(chr(v)) < 9; sztype=BEFORE"

2018-07-02 06:41:52,697 | server           | INFO     | PID=5723 | [bufsize: 52428800 bytes] [zerocopy: False]
2018-07-02 06:41:52,711 | methods.match    | INFO     | PID=5723 | [method: methods.match]
2018-07-02 06:41:52,712 | methods.match    | INFO     | PID=5723 | [method parameters: {'mpws': '50MB', 'func': 'lambda v: int(chr(v)) < 9', 'sztype': 'BEFORE'}]
2018-07-02 06:41:52,732 | methods.match    | INFO     | PID=5723 | Start 1 process to handle data filtering
2018-07-02 06:41:52,732 | server           | INFO     | PID=5723 | Ready to send 1073741824 bytes using data file size of 1073741824 bytes
2018-07-02 06:41:52,732 | server           | INFO     | PID=5723 | Listening socket bound to port 8881
2018-07-02 06:41:57,097 | server           | INFO     | PID=5723 | Accepted incoming connection ('10.10.1.1', 32776) from client. Sending data ...
2018-07-02 06:50:47,869 | server           | INFO     | PID=5723 | [SUMMARY] [Sent: 966374520 bytes] [Read: 966374520 bytes (90.001% of 1073741824 raw bytes)] [Duration: 530.771281003952 seconds] [Bitrate: 14565588.675741551 bit/s]
2018-07-02 06:50:47,869 | server           | INFO     | PID=5723 | Resources closed, now exiting

 Performance counter stats for 'system wide':

    1605909.069913      task-clock (msec)         #    3.000 CPUs utilized            (100.00%)
           138,419      context-switches          #    0.086 K/sec                    (100.00%)
             5,768      cpu-migrations            #    0.004 K/sec                    (100.00%)
           262,020      page-faults               #    0.163 K/sec                  
 1,346,149,855,116      cycles                    #    0.838 GHz                      (100.00%)
   <not supported>      stalled-cycles-frontend  
   <not supported>      stalled-cycles-backend   
 3,723,745,304,742      instructions              #    2.77  insns per cycle          (100.00%)
   757,655,034,596      branches                  #  471.792 M/sec                    (100.00%)
       233,072,007      branch-misses             #    0.03% of all branches        

     535.306391649 seconds time elapsed