LC_NUMERIC=en_US.UTF8 perf stat -B -a taskset -c 2 /tmp/eucycles/pyben-nio/src/run --server start --bind 10.10.1.3 --size 178956971 --port 8881 --filename /tmp/eucycles/data_file --bufsize 50mb --method "match; func=lambda v: int(chr(v)) < 4; sztype=BEFORE"

2018-07-02 00:22:48,521 | server           | INFO     | PID=20113 | [bufsize: 52428800 bytes] [zerocopy: False]
2018-07-02 00:22:48,535 | methods.match    | INFO     | PID=20113 | [method: methods.match]
2018-07-02 00:22:48,535 | methods.match    | INFO     | PID=20113 | [method parameters: {'sztype': 'BEFORE', 'func': 'lambda v: int(chr(v)) < 4', 'mpws': '50MB'}]
2018-07-02 00:22:48,556 | methods.match    | INFO     | PID=20113 | Start 1 process to handle data filtering
2018-07-02 00:22:48,556 | server           | INFO     | PID=20113 | Ready to send 178956971 bytes using data file size of 1073741824 bytes
2018-07-02 00:22:48,556 | server           | INFO     | PID=20113 | Listening socket bound to port 8881
2018-07-02 00:22:58,041 | server           | INFO     | PID=20113 | Accepted incoming connection ('10.10.1.1', 42151) from client. Sending data ...
2018-07-02 00:24:16,558 | server           | INFO     | PID=20113 | [SUMMARY] [Sent: 71572310 bytes] [Read: 71572310 bytes (39.994% of 178956971 raw bytes)] [Duration: 78.51679301261902 seconds] [Bitrate: 7292433.351270176 bit/s]
2018-07-02 00:24:16,558 | server           | INFO     | PID=20113 | Resources closed, now exiting

 Performance counter stats for 'system wide':

     264506.043114      task-clock (msec)         #    3.000 CPUs utilized            (100.00%)
            24,733      context-switches          #    0.094 K/sec                    (100.00%)
               928      cpu-migrations            #    0.004 K/sec                    (100.00%)
            36,570      page-faults               #    0.138 K/sec                  
   200,658,140,001      cycles                    #    0.759 GHz                      (100.00%)
   <not supported>      stalled-cycles-frontend  
   <not supported>      stalled-cycles-backend   
   555,716,663,590      instructions              #    2.77  insns per cycle          (100.00%)
   113,720,075,058      branches                  #  429.934 M/sec                    (100.00%)
        99,412,556      branch-misses             #    0.09% of all branches        

      88.173443259 seconds time elapsed