LC_NUMERIC=en_US.UTF8 perf stat -B -a taskset -c 2 /tmp/eucycles/pyben-nio/src/run --server start --bind 10.10.1.9 --size 134217728 --port 8881 --filename /tmp/eucycles/data_file --bufsize 50mb --method "match; func=lambda v: int(chr(v)) < 7; sztype=BEFORE"

2018-07-02 04:12:41,014 | server           | INFO     | PID=15293 | [bufsize: 52428800 bytes] [zerocopy: False]
2018-07-02 04:12:41,028 | methods.match    | INFO     | PID=15293 | [method: methods.match]
2018-07-02 04:12:41,029 | methods.match    | INFO     | PID=15293 | [method parameters: {'sztype': 'BEFORE', 'mpws': '50MB', 'func': 'lambda v: int(chr(v)) < 7'}]
2018-07-02 04:12:41,049 | methods.match    | INFO     | PID=15293 | Start 1 process to handle data filtering
2018-07-02 04:12:41,049 | server           | INFO     | PID=15293 | Ready to send 134217728 bytes using data file size of 1073741824 bytes
2018-07-02 04:12:41,049 | server           | INFO     | PID=15293 | Listening socket bound to port 8881
2018-07-02 04:12:45,742 | server           | INFO     | PID=15293 | Accepted incoming connection ('10.10.1.1', 56612) from client. Sending data ...
2018-07-02 04:13:49,760 | server           | INFO     | PID=15293 | [SUMMARY] [Sent: 93943318 bytes] [Read: 93943318 bytes (69.993% of 134217728 raw bytes)] [Duration: 64.01813292503357 seconds] [Bitrate: 11739588.608122561 bit/s]
2018-07-02 04:13:49,760 | server           | INFO     | PID=15293 | Resources closed, now exiting

 Performance counter stats for 'system wide':

     206511.181246      task-clock (msec)         #    3.000 CPUs utilized            (100.00%)
            18,249      context-switches          #    0.088 K/sec                    (100.00%)
               746      cpu-migrations            #    0.004 K/sec                    (100.00%)
            41,902      page-faults               #    0.203 K/sec                  
   159,854,044,389      cycles                    #    0.774 GHz                      (100.00%)
   <not supported>      stalled-cycles-frontend  
   <not supported>      stalled-cycles-backend   
   445,307,098,486      instructions              #    2.79  insns per cycle          (100.00%)
    90,646,923,534      branches                  #  438.944 M/sec                    (100.00%)
        58,788,342      branch-misses             #    0.06% of all branches        

      68.840960639 seconds time elapsed