LC_NUMERIC=en_US.UTF8 perf stat -B -a taskset -c 2 /tmp/eucycles/pyben-nio/src/run --server start --bind 10.10.1.6 --size 134217728 --port 8881 --filename /tmp/eucycles/data_file --bufsize 50mb --method "match; func=lambda v: int(chr(v)) < 6; sztype=BEFORE"

2018-07-02 02:46:47,992 | server           | INFO     | PID=20002 | [bufsize: 52428800 bytes] [zerocopy: False]
2018-07-02 02:46:48,007 | methods.match    | INFO     | PID=20002 | [method: methods.match]
2018-07-02 02:46:48,007 | methods.match    | INFO     | PID=20002 | [method parameters: {'func': 'lambda v: int(chr(v)) < 6', 'sztype': 'BEFORE', 'mpws': '50MB'}]
2018-07-02 02:46:48,027 | methods.match    | INFO     | PID=20002 | Start 1 process to handle data filtering
2018-07-02 02:46:48,027 | server           | INFO     | PID=20002 | Ready to send 134217728 bytes using data file size of 1073741824 bytes
2018-07-02 02:46:48,028 | server           | INFO     | PID=20002 | Listening socket bound to port 8881
2018-07-02 02:46:56,246 | server           | INFO     | PID=20002 | Accepted incoming connection ('10.10.1.1', 37047) from client. Sending data ...
2018-07-02 02:47:57,371 | server           | INFO     | PID=20002 | [SUMMARY] [Sent: 80530239 bytes] [Read: 80530239 bytes (60.000% of 134217728 raw bytes)] [Duration: 61.12472987174988 seconds] [Bitrate: 10539791.559843775 bit/s]
2018-07-02 02:47:57,371 | server           | INFO     | PID=20002 | Resources closed, now exiting

 Performance counter stats for 'system wide':

     208524.792261      task-clock (msec)         #    3.000 CPUs utilized            (100.00%)
            18,530      context-switches          #    0.089 K/sec                    (100.00%)
               714      cpu-migrations            #    0.003 K/sec                    (100.00%)
            38,676      page-faults               #    0.185 K/sec                  
   155,756,558,873      cycles                    #    0.747 GHz                      (100.00%)
   <not supported>      stalled-cycles-frontend  
   <not supported>      stalled-cycles-backend   
   432,861,872,168      instructions              #    2.78  insns per cycle          (100.00%)
    88,186,964,216      branches                  #  422.909 M/sec                    (100.00%)
        73,971,145      branch-misses             #    0.08% of all branches        

      69.513919265 seconds time elapsed