LC_NUMERIC=en_US.UTF8 perf stat -B -a taskset -c 2 /tmp/eucycles/pyben-nio/src/run --server start --bind 10.10.1.5 --size 178956971 --port 8881 --filename /tmp/eucycles/data_file --bufsize 50mb --method "match; func=lambda v: int(chr(v)) < 9; sztype=BEFORE"

2018-07-02 06:35:08,337 | server           | INFO     | PID=29145 | [bufsize: 52428800 bytes] [zerocopy: False]
2018-07-02 06:35:08,351 | methods.match    | INFO     | PID=29145 | [method: methods.match]
2018-07-02 06:35:08,351 | methods.match    | INFO     | PID=29145 | [method parameters: {'mpws': '50MB', 'func': 'lambda v: int(chr(v)) < 9', 'sztype': 'BEFORE'}]
2018-07-02 06:35:08,372 | methods.match    | INFO     | PID=29145 | Start 1 process to handle data filtering
2018-07-02 06:35:08,372 | server           | INFO     | PID=29145 | Ready to send 178956971 bytes using data file size of 1073741824 bytes
2018-07-02 06:35:08,372 | server           | INFO     | PID=29145 | Listening socket bound to port 8881
2018-07-02 06:35:15,371 | server           | INFO     | PID=29145 | Accepted incoming connection ('10.10.1.1', 37660) from client. Sending data ...
2018-07-02 06:36:49,341 | server           | INFO     | PID=29145 | [SUMMARY] [Sent: 161055608 bytes] [Read: 161055608 bytes (89.997% of 178956971 raw bytes)] [Duration: 93.96990299224854 seconds] [Bitrate: 13711250.336251622 bit/s]
2018-07-02 06:36:49,341 | server           | INFO     | PID=29145 | Resources closed, now exiting

 Performance counter stats for 'system wide':

     303439.053157      task-clock (msec)         #    3.000 CPUs utilized            (100.00%)
            25,361      context-switches          #    0.084 K/sec                    (100.00%)
               804      cpu-migrations            #    0.003 K/sec                    (100.00%)
            59,086      page-faults               #    0.195 K/sec                  
   238,419,811,420      cycles                    #    0.786 GHz                      (100.00%)
   <not supported>      stalled-cycles-frontend  
   <not supported>      stalled-cycles-backend   
   641,239,465,288      instructions              #    2.69  insns per cycle          (100.00%)
   131,238,619,072      branches                  #  432.504 M/sec                    (100.00%)
        41,469,982      branch-misses             #    0.03% of all branches        

     101.138919968 seconds time elapsed