LC_NUMERIC=en_US.UTF8 perf stat -B -a taskset -c 2 /tmp/eucycles/pyben-nio/src/run --server start --bind 10.10.1.4 --size 178956971 --port 8881 --filename /tmp/eucycles/data_file --bufsize 50mb --method "match; func=lambda v: int(chr(v)) < 0; sztype=BEFORE"

2018-07-01 18:19:04,400 | server           | INFO     | PID=4232 | [bufsize: 52428800 bytes] [zerocopy: False]
2018-07-01 18:19:04,415 | methods.match    | INFO     | PID=4232 | [method: methods.match]
2018-07-01 18:19:04,415 | methods.match    | INFO     | PID=4232 | [method parameters: {'sztype': 'BEFORE', 'func': 'lambda v: int(chr(v)) < 0', 'mpws': '50MB'}]
2018-07-01 18:19:04,436 | methods.match    | INFO     | PID=4232 | Start 1 process to handle data filtering
2018-07-01 18:19:04,436 | server           | INFO     | PID=4232 | Ready to send 178956971 bytes using data file size of 1073741824 bytes
2018-07-01 18:19:04,436 | server           | INFO     | PID=4232 | Listening socket bound to port 8881
2018-07-01 18:19:12,630 | server           | INFO     | PID=4232 | Accepted incoming connection ('10.10.1.1', 39679) from client. Sending data ...
2018-07-01 18:20:29,413 | server           | INFO     | PID=4232 | [SUMMARY] [Sent: 0 bytes] [Read: 0 bytes (0.000% of 178956971 raw bytes)] [Duration: 76.78342294692993 seconds] [Bitrate: 0.0 bit/s]
2018-07-01 18:20:29,414 | server           | INFO     | PID=4232 | Resources closed, now exiting

 Performance counter stats for 'system wide':

     255462.936184      task-clock (msec)         #    3.000 CPUs utilized            (100.00%)
            22,566      context-switches          #    0.088 K/sec                    (100.00%)
               374      cpu-migrations            #    0.001 K/sec                    (100.00%)
            18,519      page-faults               #    0.072 K/sec                  
   208,815,541,256      cycles                    #    0.817 GHz                      (100.00%)
   <not supported>      stalled-cycles-frontend  
   <not supported>      stalled-cycles-backend   
   491,366,638,876      instructions              #    2.35  insns per cycle          (100.00%)
   100,498,416,316      branches                  #  393.397 M/sec                    (100.00%)
        23,137,633      branch-misses             #    0.02% of all branches        

      85.152680162 seconds time elapsed