LC_NUMERIC=en_US.UTF8 perf stat -B -a taskset -c 2 /tmp/eucycles/pyben-nio/src/run --server start --bind 10.10.1.7 --size 134217728 --port 8881 --filename /tmp/eucycles/data_file --bufsize 50mb --method "match; func=lambda v: int(chr(v)) < 1; sztype=BEFORE"

2018-07-01 20:31:29,803 | server           | INFO     | PID=7803 | [bufsize: 52428800 bytes] [zerocopy: False]
2018-07-01 20:31:29,818 | methods.match    | INFO     | PID=7803 | [method: methods.match]
2018-07-01 20:31:29,818 | methods.match    | INFO     | PID=7803 | [method parameters: {'mpws': '50MB', 'sztype': 'BEFORE', 'func': 'lambda v: int(chr(v)) < 1'}]
2018-07-01 20:31:29,839 | methods.match    | INFO     | PID=7803 | Start 1 process to handle data filtering
2018-07-01 20:31:29,839 | server           | INFO     | PID=7803 | Ready to send 134217728 bytes using data file size of 1073741824 bytes
2018-07-01 20:31:29,839 | server           | INFO     | PID=7803 | Listening socket bound to port 8881
2018-07-01 20:31:36,839 | server           | INFO     | PID=7803 | Accepted incoming connection ('10.10.1.1', 57468) from client. Sending data ...
2018-07-01 20:32:28,789 | server           | INFO     | PID=7803 | [SUMMARY] [Sent: 13422160 bytes] [Read: 13422160 bytes (10.000% of 134217728 raw bytes)] [Duration: 51.95021915435791 seconds] [Bitrate: 2066926.4104729483 bit/s]
2018-07-01 20:32:28,789 | server           | INFO     | PID=7803 | Resources closed, now exiting

 Performance counter stats for 'system wide':

     177373.766911      task-clock (msec)         #    3.000 CPUs utilized            (100.00%)
            15,994      context-switches          #    0.090 K/sec                    (100.00%)
               190      cpu-migrations            #    0.001 K/sec                    (100.00%)
            20,831      page-faults               #    0.117 K/sec                  
   134,126,426,655      cycles                    #    0.756 GHz                      (100.00%)
   <not supported>      stalled-cycles-frontend  
   <not supported>      stalled-cycles-backend   
   379,202,766,759      instructions              #    2.83  insns per cycle          (100.00%)
    77,412,111,507      branches                  #  436.435 M/sec                    (100.00%)
        31,093,068      branch-misses             #    0.04% of all branches        

      59.124800729 seconds time elapsed