LC_NUMERIC=en_US.UTF8 perf stat -B -a taskset -c 2 /tmp/eucycles/pyben-nio/src/run --server start --bind 10.10.1.8 --size 153391689 --port 8881 --filename /tmp/eucycles/data_file --bufsize 50mb --method "match; func=lambda v: int(chr(v)) < 2; sztype=BEFORE"

2018-07-01 20:55:00,090 | server           | INFO     | PID=7646 | [bufsize: 52428800 bytes] [zerocopy: False]
2018-07-01 20:55:00,105 | methods.match    | INFO     | PID=7646 | [method: methods.match]
2018-07-01 20:55:00,105 | methods.match    | INFO     | PID=7646 | [method parameters: {'sztype': 'BEFORE', 'func': 'lambda v: int(chr(v)) < 2', 'mpws': '50MB'}]
2018-07-01 20:55:00,125 | methods.match    | INFO     | PID=7646 | Start 1 process to handle data filtering
2018-07-01 20:55:00,125 | server           | INFO     | PID=7646 | Ready to send 153391689 bytes using data file size of 1073741824 bytes
2018-07-01 20:55:00,125 | server           | INFO     | PID=7646 | Listening socket bound to port 8881
2018-07-01 20:55:04,782 | server           | INFO     | PID=7646 | Accepted incoming connection ('10.10.1.1', 59106) from client. Sending data ...
2018-07-01 20:56:07,512 | server           | INFO     | PID=7646 | [SUMMARY] [Sent: 30690552 bytes] [Read: 30690552 bytes (20.008% of 153391689 raw bytes)] [Duration: 62.73028802871704 seconds] [Bitrate: 3913969.211931601 bit/s]
2018-07-01 20:56:07,513 | server           | INFO     | PID=7646 | Resources closed, now exiting

 Performance counter stats for 'system wide':

     202551.642170      task-clock (msec)         #    3.000 CPUs utilized            (100.00%)
            18,111      context-switches          #    0.089 K/sec                    (100.00%)
               208      cpu-migrations            #    0.001 K/sec                    (100.00%)
            23,643      page-faults               #    0.117 K/sec                  
   166,886,199,919      cycles                    #    0.824 GHz                      (100.00%)
   <not supported>      stalled-cycles-frontend  
   <not supported>      stalled-cycles-backend   
   454,887,516,924      instructions              #    2.73  insns per cycle          (100.00%)
    93,646,888,590      branches                  #  462.336 M/sec                    (100.00%)
        50,573,750      branch-misses             #    0.05% of all branches        

      67.514976493 seconds time elapsed