LC_NUMERIC=en_US.UTF8 perf stat -B -a taskset -c 2 /tmp/eucycles/pyben-nio/src/run --server start --bind 10.10.1.2 --size 357913942 --port 8881 --filename /tmp/eucycles/data_file --bufsize 50mb --method "match; func=lambda v: int(chr(v)) < 0; sztype=BEFORE"

2018-07-01 19:04:42,637 | server           | INFO     | PID=6541 | [bufsize: 52428800 bytes] [zerocopy: False]
2018-07-01 19:04:42,652 | methods.match    | INFO     | PID=6541 | [method: methods.match]
2018-07-01 19:04:42,652 | methods.match    | INFO     | PID=6541 | [method parameters: {'mpws': '50MB', 'sztype': 'BEFORE', 'func': 'lambda v: int(chr(v)) < 0'}]
2018-07-01 19:04:42,673 | methods.match    | INFO     | PID=6541 | Start 1 process to handle data filtering
2018-07-01 19:04:42,673 | server           | INFO     | PID=6541 | Ready to send 357913942 bytes using data file size of 1073741824 bytes
2018-07-01 19:04:42,673 | server           | INFO     | PID=6541 | Listening socket bound to port 8881
2018-07-01 19:04:49,619 | server           | INFO     | PID=6541 | Accepted incoming connection ('10.10.1.1', 36705) from client. Sending data ...
2018-07-01 19:07:25,057 | server           | INFO     | PID=6541 | [SUMMARY] [Sent: 0 bytes] [Read: 0 bytes (0.000% of 357913942 raw bytes)] [Duration: 155.43723702430725 seconds] [Bitrate: 0.0 bit/s]
2018-07-01 19:07:25,057 | server           | INFO     | PID=6541 | Resources closed, now exiting

 Performance counter stats for 'system wide':

     487658.257432      task-clock (msec)         #    3.000 CPUs utilized            (100.00%)
            42,501      context-switches          #    0.087 K/sec                    (100.00%)
             1,772      cpu-migrations            #    0.004 K/sec                    (100.00%)
            19,340      page-faults               #    0.040 K/sec                  
   401,153,551,290      cycles                    #    0.823 GHz                      (100.00%)
   <not supported>      stalled-cycles-frontend  
   <not supported>      stalled-cycles-backend   
   984,090,550,384      instructions              #    2.45  insns per cycle          (100.00%)
   202,065,668,257      branches                  #  414.359 M/sec                    (100.00%)
        42,644,331      branch-misses             #    0.02% of all branches        

     162.553629200 seconds time elapsed