LC_NUMERIC=en_US.UTF8 perf stat -B -a taskset -c 2 /tmp/eucycles/pyben-nio/src/run --server start --bind 10.10.1.7 --size 134217728 --port 8881 --filename /tmp/eucycles/data_file --bufsize 50mb --method "match; func=lambda v: int(chr(v)) < 5; sztype=BEFORE"

2018-07-02 00:54:39,876 | server           | INFO     | PID=15148 | [bufsize: 52428800 bytes] [zerocopy: False]
2018-07-02 00:54:39,890 | methods.match    | INFO     | PID=15148 | [method: methods.match]
2018-07-02 00:54:39,890 | methods.match    | INFO     | PID=15148 | [method parameters: {'mpws': '50MB', 'func': 'lambda v: int(chr(v)) < 5', 'sztype': 'BEFORE'}]
2018-07-02 00:54:39,911 | methods.match    | INFO     | PID=15148 | Start 1 process to handle data filtering
2018-07-02 00:54:39,911 | server           | INFO     | PID=15148 | Ready to send 134217728 bytes using data file size of 1073741824 bytes
2018-07-02 00:54:39,911 | server           | INFO     | PID=15148 | Listening socket bound to port 8881
2018-07-02 00:54:46,902 | server           | INFO     | PID=15148 | Accepted incoming connection ('10.10.1.1', 42079) from client. Sending data ...
2018-07-02 00:55:47,768 | server           | INFO     | PID=15148 | [SUMMARY] [Sent: 67111196 bytes] [Read: 67111196 bytes (50.002% of 134217728 raw bytes)] [Duration: 60.86613917350769 seconds] [Bitrate: 8820825.097342202 bit/s]
2018-07-02 00:55:47,768 | server           | INFO     | PID=15148 | Resources closed, now exiting

 Performance counter stats for 'system wide':

     204097.215464      task-clock (msec)         #    3.000 CPUs utilized            (100.00%)
            18,413      context-switches          #    0.090 K/sec                    (100.00%)
               149      cpu-migrations            #    0.001 K/sec                    (100.00%)
            32,036      page-faults               #    0.157 K/sec                  
   152,734,945,196      cycles                    #    0.748 GHz                      (100.00%)
   <not supported>      stalled-cycles-frontend  
   <not supported>      stalled-cycles-backend   
   423,305,002,684      instructions              #    2.77  insns per cycle          (100.00%)
    86,245,027,602      branches                  #  422.568 M/sec                    (100.00%)
        85,347,301      branch-misses             #    0.10% of all branches        

      68.032679606 seconds time elapsed