LC_NUMERIC=en_US.UTF8 perf stat -B -a taskset -c 2 /tmp/eucycles/pyben-nio/src/run --server start --bind 10.10.1.3 --size 178956971 --port 8881 --filename /tmp/eucycles/data_file --bufsize 50mb --method "match; func=lambda v: int(chr(v)) < 3; sztype=BEFORE"

2018-07-01 23:01:47,919 | server           | INFO     | PID=16390 | [bufsize: 52428800 bytes] [zerocopy: False]
2018-07-01 23:01:47,933 | methods.match    | INFO     | PID=16390 | [method: methods.match]
2018-07-01 23:01:47,933 | methods.match    | INFO     | PID=16390 | [method parameters: {'func': 'lambda v: int(chr(v)) < 3', 'sztype': 'BEFORE', 'mpws': '50MB'}]
2018-07-01 23:01:47,954 | methods.match    | INFO     | PID=16390 | Start 1 process to handle data filtering
2018-07-01 23:01:47,954 | server           | INFO     | PID=16390 | Ready to send 178956971 bytes using data file size of 1073741824 bytes
2018-07-01 23:01:47,954 | server           | INFO     | PID=16390 | Listening socket bound to port 8881
2018-07-01 23:01:57,437 | server           | INFO     | PID=16390 | Accepted incoming connection ('10.10.1.1', 60042) from client. Sending data ...
2018-07-01 23:03:11,987 | server           | INFO     | PID=16390 | [SUMMARY] [Sent: 53679368 bytes] [Read: 53679368 bytes (29.996% of 178956971 raw bytes)] [Duration: 74.55028319358826 seconds] [Bitrate: 5760339.540023824 bit/s]
2018-07-01 23:03:11,988 | server           | INFO     | PID=16390 | Resources closed, now exiting

 Performance counter stats for 'system wide':

     252603.092306      task-clock (msec)         #    3.000 CPUs utilized            (100.00%)
            21,607      context-switches          #    0.086 K/sec                    (100.00%)
               722      cpu-migrations            #    0.003 K/sec                    (100.00%)
            26,915      page-faults               #    0.107 K/sec                  
   191,569,786,619      cycles                    #    0.758 GHz                      (100.00%)
   <not supported>      stalled-cycles-frontend  
   <not supported>      stalled-cycles-backend   
   536,875,667,930      instructions              #    2.80  insns per cycle          (100.00%)
   109,443,868,924      branches                  #  433.264 M/sec                    (100.00%)
        76,943,739      branch-misses             #    0.07% of all branches        

      84.205567590 seconds time elapsed