LC_NUMERIC=en_US.UTF8 perf stat -B -a taskset -c 2 /tmp/eucycles/pyben-nio/src/run --server start --bind 10.10.1.4 --size 214748365 --port 8881 --filename /tmp/eucycles/data_file --bufsize 50mb --method "match; func=lambda v: int(chr(v)) < 4; sztype=BEFORE"

2018-07-01 23:26:21,689 | server           | INFO     | PID=16027 | [bufsize: 52428800 bytes] [zerocopy: False]
2018-07-01 23:26:21,704 | methods.match    | INFO     | PID=16027 | [method: methods.match]
2018-07-01 23:26:21,704 | methods.match    | INFO     | PID=16027 | [method parameters: {'sztype': 'BEFORE', 'mpws': '50MB', 'func': 'lambda v: int(chr(v)) < 4'}]
2018-07-01 23:26:21,725 | methods.match    | INFO     | PID=16027 | Start 1 process to handle data filtering
2018-07-01 23:26:21,725 | server           | INFO     | PID=16027 | Ready to send 214748365 bytes using data file size of 1073741824 bytes
2018-07-01 23:26:21,725 | server           | INFO     | PID=16027 | Listening socket bound to port 8881
2018-07-01 23:26:28,749 | server           | INFO     | PID=16027 | Accepted incoming connection ('10.10.1.1', 57063) from client. Sending data ...
2018-07-01 23:28:02,277 | server           | INFO     | PID=16027 | [SUMMARY] [Sent: 85884093 bytes] [Read: 85884093 bytes (39.993% of 214748365 raw bytes)] [Duration: 93.52794814109802 seconds] [Bitrate: 7346175.743783764 bit/s]
2018-07-01 23:28:02,277 | server           | INFO     | PID=16027 | Resources closed, now exiting

 Performance counter stats for 'system wide':

     302188.259698      task-clock (msec)         #    3.000 CPUs utilized            (100.00%)
            26,649      context-switches          #    0.088 K/sec                    (100.00%)
               127      cpu-migrations            #    0.000 K/sec                    (100.00%)
            29,301      page-faults               #    0.097 K/sec                  
   250,410,353,923      cycles                    #    0.829 GHz                      (100.00%)
   <not supported>      stalled-cycles-frontend  
   <not supported>      stalled-cycles-backend   
   659,891,548,607      instructions              #    2.64  insns per cycle          (100.00%)
   134,691,880,342      branches                  #  445.722 M/sec                    (100.00%)
       116,126,407      branch-misses             #    0.09% of all branches        

     100.727522561 seconds time elapsed