LC_NUMERIC=en_US.UTF8 perf stat -B -a taskset -c 2 /tmp/eucycles/pyben-nio/src/run --server start --bind 10.10.1.2 --size 357913942 --port 8881 --filename /tmp/eucycles/data_file --bufsize 50mb --method "match; func=lambda v: int(chr(v)) < 2; sztype=BEFORE"

2018-07-01 21:10:23,529 | server           | INFO     | PID=12529 | [bufsize: 52428800 bytes] [zerocopy: False]
2018-07-01 21:10:23,543 | methods.match    | INFO     | PID=12529 | [method: methods.match]
2018-07-01 21:10:23,543 | methods.match    | INFO     | PID=12529 | [method parameters: {'mpws': '50MB', 'func': 'lambda v: int(chr(v)) < 2', 'sztype': 'BEFORE'}]
2018-07-01 21:10:23,564 | methods.match    | INFO     | PID=12529 | Start 1 process to handle data filtering
2018-07-01 21:10:23,564 | server           | INFO     | PID=12529 | Ready to send 357913942 bytes using data file size of 1073741824 bytes
2018-07-01 21:10:23,564 | server           | INFO     | PID=12529 | Listening socket bound to port 8881
2018-07-01 21:10:30,373 | server           | INFO     | PID=12529 | Accepted incoming connection ('10.10.1.1', 52059) from client. Sending data ...
2018-07-01 21:12:54,782 | server           | INFO     | PID=12529 | [SUMMARY] [Sent: 71583076 bytes] [Read: 71583076 bytes (20.000% of 357913942 raw bytes)] [Duration: 144.40910720825195 seconds] [Bitrate: 3965571.279200293 bit/s]
2018-07-01 21:12:54,782 | server           | INFO     | PID=12529 | Resources closed, now exiting

 Performance counter stats for 'system wide':

     454163.125398      task-clock (msec)         #    3.000 CPUs utilized            (100.00%)
            40,178      context-switches          #    0.088 K/sec                    (100.00%)
             1,625      cpu-migrations            #    0.004 K/sec                    (100.00%)
            24,567      page-faults               #    0.054 K/sec                  
   371,426,984,249      cycles                    #    0.818 GHz                      (100.00%)
   <not supported>      stalled-cycles-frontend  
   <not supported>      stalled-cycles-backend   
 1,035,929,905,913      instructions              #    2.79  insns per cycle          (100.00%)
   211,444,465,307      branches                  #  465.569 M/sec                    (100.00%)
       185,389,278      branch-misses             #    0.09% of all branches        

     151.388511947 seconds time elapsed