LC_NUMERIC=en_US.UTF8 perf stat -B -a taskset -c 2 /tmp/eucycles/pyben-nio/src/run --server start --bind 10.10.1.3 --size 153391689 --port 8881 --filename /tmp/eucycles/data_file --bufsize 50mb --method "match; func=lambda v: int(chr(v)) < 5; sztype=BEFORE"

2018-07-02 00:52:32,376 | server           | INFO     | PID=21397 | [bufsize: 52428800 bytes] [zerocopy: False]
2018-07-02 00:52:32,390 | methods.match    | INFO     | PID=21397 | [method: methods.match]
2018-07-02 00:52:32,390 | methods.match    | INFO     | PID=21397 | [method parameters: {'mpws': '50MB', 'func': 'lambda v: int(chr(v)) < 5', 'sztype': 'BEFORE'}]
2018-07-02 00:52:32,411 | methods.match    | INFO     | PID=21397 | Start 1 process to handle data filtering
2018-07-02 00:52:32,411 | server           | INFO     | PID=21397 | Ready to send 153391689 bytes using data file size of 1073741824 bytes
2018-07-02 00:52:32,411 | server           | INFO     | PID=21397 | Listening socket bound to port 8881
2018-07-02 00:52:43,144 | server           | INFO     | PID=21397 | Accepted incoming connection ('10.10.1.1', 53246) from client. Sending data ...
2018-07-02 00:53:52,964 | server           | INFO     | PID=21397 | [SUMMARY] [Sent: 76676689 bytes] [Read: 76676689 bytes (49.988% of 153391689 raw bytes)] [Duration: 69.81972098350525 seconds] [Bitrate: 8785676.931377562 bit/s]
2018-07-02 00:53:52,964 | server           | INFO     | PID=21397 | Resources closed, now exiting

 Performance counter stats for 'system wide':

     242167.722490      task-clock (msec)         #    3.000 CPUs utilized            (100.00%)
            20,713      context-switches          #    0.086 K/sec                    (100.00%)
               699      cpu-migrations            #    0.003 K/sec                    (100.00%)
            32,557      page-faults               #    0.134 K/sec                  
   175,935,376,263      cycles                    #    0.727 GHz                      (100.00%)
   <not supported>      stalled-cycles-frontend  
   <not supported>      stalled-cycles-backend   
   483,774,343,438      instructions              #    2.75  insns per cycle          (100.00%)
    98,568,293,094      branches                  #  407.025 M/sec                    (100.00%)
        97,109,884      branch-misses             #    0.10% of all branches        

      80.726912855 seconds time elapsed