LC_NUMERIC=en_US.UTF8 perf stat -B -a taskset -c 2 /tmp/eucycles/pyben-nio/src/run --server start --bind 10.10.1.5 --size 134217728 --port 8881 --filename /tmp/eucycles/data_file --bufsize 50mb --method "match; func=lambda v: int(chr(v)) < 6; sztype=BEFORE"

2018-07-02 02:18:40,222 | server           | INFO     | PID=21135 | [bufsize: 52428800 bytes] [zerocopy: False]
2018-07-02 02:18:40,237 | methods.match    | INFO     | PID=21135 | [method: methods.match]
2018-07-02 02:18:40,237 | methods.match    | INFO     | PID=21135 | [method parameters: {'sztype': 'BEFORE', 'func': 'lambda v: int(chr(v)) < 6', 'mpws': '50MB'}]
2018-07-02 02:18:40,257 | methods.match    | INFO     | PID=21135 | Start 1 process to handle data filtering
2018-07-02 02:18:40,257 | server           | INFO     | PID=21135 | Ready to send 134217728 bytes using data file size of 1073741824 bytes
2018-07-02 02:18:40,257 | server           | INFO     | PID=21135 | Listening socket bound to port 8881
2018-07-02 02:18:49,750 | server           | INFO     | PID=21135 | Accepted incoming connection ('10.10.1.1', 33973) from client. Sending data ...
2018-07-02 02:19:52,575 | server           | INFO     | PID=21135 | [SUMMARY] [Sent: 80520420 bytes] [Read: 80520420 bytes (59.992% of 134217728 raw bytes)] [Duration: 62.82455921173096 seconds] [Bitrate: 10253368.556539243 bit/s]
2018-07-02 02:19:52,575 | server           | INFO     | PID=21135 | Resources closed, now exiting

 Performance counter stats for 'system wide':

     217478.862776      task-clock (msec)         #    3.000 CPUs utilized            (100.00%)
            18,983      context-switches          #    0.087 K/sec                    (100.00%)
               602      cpu-migrations            #    0.003 K/sec                    (100.00%)
            39,819      page-faults               #    0.183 K/sec                  
   164,225,569,890      cycles                    #    0.755 GHz                      (100.00%)
   <not supported>      stalled-cycles-frontend  
   <not supported>      stalled-cycles-backend   
   434,844,964,569      instructions              #    2.65  insns per cycle          (100.00%)
    88,673,903,936      branches                  #  407.736 M/sec                    (100.00%)
        74,343,066      branch-misses             #    0.08% of all branches        

      72.487570235 seconds time elapsed