LC_NUMERIC=en_US.UTF8 perf stat -B -a taskset -c 2 /tmp/eucycles/pyben-nio/src/run --server start --bind 10.10.1.8 --size 153391689 --port 8881 --filename /tmp/eucycles/data_file --bufsize 50mb --method "match; func=lambda v: int(chr(v)) < 2; sztype=BEFORE"

2018-07-01 21:20:18,320 | server           | INFO     | PID=8241 | [bufsize: 52428800 bytes] [zerocopy: False]
2018-07-01 21:20:18,334 | methods.match    | INFO     | PID=8241 | [method: methods.match]
2018-07-01 21:20:18,334 | methods.match    | INFO     | PID=8241 | [method parameters: {'sztype': 'BEFORE', 'func': 'lambda v: int(chr(v)) < 2', 'mpws': '50MB'}]
2018-07-01 21:20:18,355 | methods.match    | INFO     | PID=8241 | Start 1 process to handle data filtering
2018-07-01 21:20:18,355 | server           | INFO     | PID=8241 | Ready to send 153391689 bytes using data file size of 1073741824 bytes
2018-07-01 21:20:18,355 | server           | INFO     | PID=8241 | Listening socket bound to port 8881
2018-07-01 21:20:22,993 | server           | INFO     | PID=8241 | Accepted incoming connection ('10.10.1.1', 41856) from client. Sending data ...
2018-07-01 21:21:24,995 | server           | INFO     | PID=8241 | [SUMMARY] [Sent: 30690552 bytes] [Read: 30690552 bytes (20.008% of 153391689 raw bytes)] [Duration: 62.00191617012024 seconds] [Bitrate: 3959948.839747671 bit/s]
2018-07-01 21:21:24,995 | server           | INFO     | PID=8241 | Resources closed, now exiting

 Performance counter stats for 'system wide':

     200313.849992      task-clock (msec)         #    3.000 CPUs utilized            (100.00%)
            17,934      context-switches          #    0.090 K/sec                    (100.00%)
               224      cpu-migrations            #    0.001 K/sec                    (100.00%)
            23,043      page-faults               #    0.115 K/sec                  
   165,120,685,610      cycles                    #    0.824 GHz                      (100.00%)
   <not supported>      stalled-cycles-frontend  
   <not supported>      stalled-cycles-backend   
   449,129,550,066      instructions              #    2.72  insns per cycle          (100.00%)
    91,670,900,282      branches                  #  457.636 M/sec                    (100.00%)
        50,479,676      branch-misses             #    0.06% of all branches        

      66.769069066 seconds time elapsed