LC_NUMERIC=en_US.UTF8 perf stat -B -a taskset -c 2 /tmp/eucycles/pyben-nio/src/run --server start --bind 10.10.1.4 --size 153391689 --port 8881 --filename /tmp/eucycles/data_file --bufsize 50mb --method "match; func=lambda v: int(chr(v)) < 8; sztype=BEFORE"

2018-07-02 05:08:33,799 | server           | INFO     | PID=28858 | [bufsize: 52428800 bytes] [zerocopy: False]
2018-07-02 05:08:33,814 | methods.match    | INFO     | PID=28858 | [method: methods.match]
2018-07-02 05:08:33,814 | methods.match    | INFO     | PID=28858 | [method parameters: {'func': 'lambda v: int(chr(v)) < 8', 'mpws': '50MB', 'sztype': 'BEFORE'}]
2018-07-02 05:08:33,835 | methods.match    | INFO     | PID=28858 | Start 1 process to handle data filtering
2018-07-02 05:08:33,835 | server           | INFO     | PID=28858 | Ready to send 153391689 bytes using data file size of 1073741824 bytes
2018-07-02 05:08:33,835 | server           | INFO     | PID=28858 | Listening socket bound to port 8881
2018-07-02 05:08:43,221 | server           | INFO     | PID=28858 | Accepted incoming connection ('10.10.1.1', 56791) from client. Sending data ...
2018-07-02 05:10:02,266 | server           | INFO     | PID=28858 | [SUMMARY] [Sent: 122703228 bytes] [Read: 122703228 bytes (79.993% of 153391689 raw bytes)] [Duration: 79.04517006874084 seconds] [Bitrate: 12418542.754052384 bit/s]
2018-07-02 05:10:02,267 | server           | INFO     | PID=28858 | Resources closed, now exiting

 Performance counter stats for 'system wide':

     265821.129979      task-clock (msec)         #    3.000 CPUs utilized            (100.00%)
            23,034      context-switches          #    0.087 K/sec                    (100.00%)
               292      cpu-migrations            #    0.001 K/sec                    (100.00%)
            49,887      page-faults               #    0.188 K/sec                  
   198,483,123,989      cycles                    #    0.747 GHz                      (100.00%)
   <not supported>      stalled-cycles-frontend  
   <not supported>      stalled-cycles-backend   
   532,414,211,127      instructions              #    2.68  insns per cycle          (100.00%)
   108,962,496,228      branches                  #  409.909 M/sec                    (100.00%)
        51,346,336      branch-misses             #    0.05% of all branches        

      88.605352024 seconds time elapsed