LC_NUMERIC=en_US.UTF8 perf stat -B -a taskset -c 2 /tmp/eucycles/pyben-nio/src/run --server start --bind 10.10.1.7 --size 153391689 --port 8881 --filename /tmp/eucycles/data_file --bufsize 50mb --method "match; func=lambda v: int(chr(v)) < 9; sztype=BEFORE"

2018-07-02 06:37:33,391 | server           | INFO     | PID=23492 | [bufsize: 52428800 bytes] [zerocopy: False]
2018-07-02 06:37:33,405 | methods.match    | INFO     | PID=23492 | [method: methods.match]
2018-07-02 06:37:33,406 | methods.match    | INFO     | PID=23492 | [method parameters: {'func': 'lambda v: int(chr(v)) < 9', 'mpws': '50MB', 'sztype': 'BEFORE'}]
2018-07-02 06:37:33,426 | methods.match    | INFO     | PID=23492 | Start 1 process to handle data filtering
2018-07-02 06:37:33,426 | server           | INFO     | PID=23492 | Ready to send 153391689 bytes using data file size of 1073741824 bytes
2018-07-02 06:37:33,426 | server           | INFO     | PID=23492 | Listening socket bound to port 8881
2018-07-02 06:37:39,249 | server           | INFO     | PID=23492 | Accepted incoming connection ('10.10.1.1', 59360) from client. Sending data ...
2018-07-02 06:38:58,854 | server           | INFO     | PID=23492 | [SUMMARY] [Sent: 138056352 bytes] [Read: 138056352 bytes (90.002% of 153391689 raw bytes)] [Duration: 79.60488986968994 seconds] [Bitrate: 13874157.954466647 bit/s]
2018-07-02 06:38:58,854 | server           | INFO     | PID=23492 | Resources closed, now exiting

 Performance counter stats for 'system wide':

     256807.063381      task-clock (msec)         #    3.000 CPUs utilized            (100.00%)
            21,763      context-switches          #    0.085 K/sec                    (100.00%)
               582      cpu-migrations            #    0.002 K/sec                    (100.00%)
            52,977      page-faults               #    0.206 K/sec                  
   194,396,018,798      cycles                    #    0.757 GHz                      (100.00%)
   <not supported>      stalled-cycles-frontend  
   <not supported>      stalled-cycles-backend   
   540,980,519,533      instructions              #    2.78  insns per cycle          (100.00%)
   110,478,210,766      branches                  #  430.199 M/sec                    (100.00%)
        35,898,968      branch-misses             #    0.03% of all branches        

      85.602754283 seconds time elapsed