LC_NUMERIC=en_US.UTF8 perf stat -B -a taskset -c 2 /tmp/eucycles/pyben-nio/src/run --server start --bind 10.10.1.4 --size 134217728 --port 8881 --filename /tmp/eucycles/data_file --bufsize 50mb --method "match; func=lambda v: int(chr(v)) < 8; sztype=BEFORE"

2018-07-02 05:10:46,323 | server           | INFO     | PID=29005 | [bufsize: 52428800 bytes] [zerocopy: False]
2018-07-02 05:10:46,338 | methods.match    | INFO     | PID=29005 | [method: methods.match]
2018-07-02 05:10:46,338 | methods.match    | INFO     | PID=29005 | [method parameters: {'func': 'lambda v: int(chr(v)) < 8', 'sztype': 'BEFORE', 'mpws': '50MB'}]
2018-07-02 05:10:46,359 | methods.match    | INFO     | PID=29005 | Start 1 process to handle data filtering
2018-07-02 05:10:46,359 | server           | INFO     | PID=29005 | Ready to send 134217728 bytes using data file size of 1073741824 bytes
2018-07-02 05:10:46,359 | server           | INFO     | PID=29005 | Listening socket bound to port 8881
2018-07-02 05:10:57,050 | server           | INFO     | PID=29005 | Accepted incoming connection ('10.10.1.1', 49658) from client. Sending data ...
2018-07-02 05:12:06,503 | server           | INFO     | PID=29005 | [SUMMARY] [Sent: 107363541 bytes] [Read: 107363541 bytes (79.992% of 134217728 raw bytes)] [Duration: 69.45252895355225 seconds] [Bitrate: 12366840.21361428 bit/s]
2018-07-02 05:12:06,503 | server           | INFO     | PID=29005 | Resources closed, now exiting

 Performance counter stats for 'system wide':

     240954.296985      task-clock (msec)         #    3.000 CPUs utilized            (100.00%)
            21,159      context-switches          #    0.088 K/sec                    (100.00%)
               170      cpu-migrations            #    0.001 K/sec                    (100.00%)
            46,714      page-faults               #    0.194 K/sec                  
   176,981,584,401      cycles                    #    0.735 GHz                      (100.00%)
   <not supported>      stalled-cycles-frontend  
   <not supported>      stalled-cycles-backend   
   468,438,010,073      instructions              #    2.65  insns per cycle          (100.00%)
    95,942,095,126      branches                  #  398.175 M/sec                    (100.00%)
        45,560,456      branch-misses             #    0.05% of all branches        

      80.316549733 seconds time elapsed