LC_NUMERIC=en_US.UTF8 perf stat -B -a taskset -c 2 /tmp/eucycles/pyben-nio/src/run --server start --bind 10.10.1.4 --size 268435456 --port 8881 --filename /tmp/eucycles/data_file --bufsize 50mb --method "match; func=lambda v: int(chr(v)) < 7; sztype=BEFORE"

2018-07-02 03:34:07,076 | server           | INFO     | PID=25374 | [bufsize: 52428800 bytes] [zerocopy: False]
2018-07-02 03:34:07,091 | methods.match    | INFO     | PID=25374 | [method: methods.match]
2018-07-02 03:34:07,091 | methods.match    | INFO     | PID=25374 | [method parameters: {'sztype': 'BEFORE', 'mpws': '50MB', 'func': 'lambda v: int(chr(v)) < 7'}]
2018-07-02 03:34:07,112 | methods.match    | INFO     | PID=25374 | Start 1 process to handle data filtering
2018-07-02 03:34:07,112 | server           | INFO     | PID=25374 | Ready to send 268435456 bytes using data file size of 1073741824 bytes
2018-07-02 03:34:07,112 | server           | INFO     | PID=25374 | Listening socket bound to port 8881
2018-07-02 03:34:12,806 | server           | INFO     | PID=25374 | Accepted incoming connection ('10.10.1.1', 49435) from client. Sending data ...
2018-07-02 03:36:21,124 | server           | INFO     | PID=25374 | [SUMMARY] [Sent: 187894879 bytes] [Read: 187894879 bytes (69.996% of 268435456 raw bytes)] [Duration: 128.31787991523743 seconds] [Bitrate: 11714338.1186857 bit/s]
2018-07-02 03:36:21,124 | server           | INFO     | PID=25374 | Resources closed, now exiting

 Performance counter stats for 'system wide':

     402565.590435      task-clock (msec)         #    3.000 CPUs utilized            (100.00%)
            35,727      context-switches          #    0.089 K/sec                    (100.00%)
               379      cpu-migrations            #    0.001 K/sec                    (100.00%)
            67,336      page-faults               #    0.167 K/sec                  
   338,063,993,408      cycles                    #    0.840 GHz                      (100.00%)
   <not supported>      stalled-cycles-frontend  
   <not supported>      stalled-cycles-backend   
   899,926,142,942      instructions              #    2.66  insns per cycle          (100.00%)
   184,503,630,752      branches                  #  458.319 M/sec                    (100.00%)
       114,855,408      branch-misses             #    0.06% of all branches        

     134.186076093 seconds time elapsed