LC_NUMERIC=en_US.UTF8 perf stat -B -a taskset -c 2 /tmp/eucycles/pyben-nio/src/run --server start --bind 10.10.1.8 --size 153391689 --port 8881 --filename /tmp/eucycles/data_file --bufsize 50mb --method "match; func=lambda v: int(chr(v)) < 8; sztype=BEFORE"

2018-07-02 05:08:36,883 | server           | INFO     | PID=18993 | [bufsize: 52428800 bytes] [zerocopy: False]
2018-07-02 05:08:36,897 | methods.match    | INFO     | PID=18993 | [method: methods.match]
2018-07-02 05:08:36,898 | methods.match    | INFO     | PID=18993 | [method parameters: {'func': 'lambda v: int(chr(v)) < 8', 'mpws': '50MB', 'sztype': 'BEFORE'}]
2018-07-02 05:08:36,918 | methods.match    | INFO     | PID=18993 | Start 1 process to handle data filtering
2018-07-02 05:08:36,918 | server           | INFO     | PID=18993 | Ready to send 153391689 bytes using data file size of 1073741824 bytes
2018-07-02 05:08:36,918 | server           | INFO     | PID=18993 | Listening socket bound to port 8881
2018-07-02 05:08:41,502 | server           | INFO     | PID=18993 | Accepted incoming connection ('10.10.1.1', 45424) from client. Sending data ...
2018-07-02 05:10:00,161 | server           | INFO     | PID=18993 | [SUMMARY] [Sent: 122711925 bytes] [Read: 122711925 bytes (79.999% of 153391689 raw bytes)] [Duration: 78.65872478485107 seconds] [Bitrate: 12480438.790295076 bit/s]
2018-07-02 05:10:00,161 | server           | INFO     | PID=18993 | Resources closed, now exiting

 Performance counter stats for 'system wide':

     250119.393838      task-clock (msec)         #    3.000 CPUs utilized            (100.00%)
            21,865      context-switches          #    0.087 K/sec                    (100.00%)
               281      cpu-migrations            #    0.001 K/sec                    (100.00%)
            49,494      page-faults               #    0.198 K/sec                  
   198,692,526,921      cycles                    #    0.794 GHz                      (100.00%)
   <not supported>      stalled-cycles-frontend  
   <not supported>      stalled-cycles-backend   
   529,641,764,618      instructions              #    2.67  insns per cycle          (100.00%)
   108,419,813,602      branches                  #  433.472 M/sec                    (100.00%)
        51,335,025      branch-misses             #    0.05% of all branches        

      83.370416048 seconds time elapsed