LC_NUMERIC=en_US.UTF8 perf stat -B -a taskset -c 2 /tmp/eucycles/pyben-nio/src/run --client start --addresses 10.10.1.2 --size 1GB --port 8881 --bind 10.10.1.1 --bufsize 50mb --method "raw"

2018-07-02 00:01:36,429 | client           | INFO     | PID=6395 | [bufsize: 52428800 bytes]
2018-07-02 00:01:36,453 | client           | INFO     | PID=6396 | Connecting to server 10.10.1.2 on port 8881
2018-07-02 00:01:36,453 | client           | INFO     | PID=6396 | Connection established. Receiving data ...
2018-07-02 00:01:36,454 | methods.raw      | INFO     | PID=6396 | [method: methods.raw]
2018-07-02 00:01:36,454 | methods.raw      | INFO     | PID=6396 | [method parameters: {}]
2018-07-02 00:09:31,204 | client           | INFO     | PID=6396 | [Received: 429511103 bytes (429511103 raw bytes)] [Duration: 474.7286810874939 seconds] [Bitrate: 7238005.540614721 bit/s]
2018-07-02 00:09:31,204 | client           | INFO     | PID=6396 | Socket closed
2018-07-02 00:09:32,202 | client           | INFO     | PID=6395 | [SUMMARY] [Received: 429511103 bytes (100.000% of 429511103 raw bytes)] [Duration: 474.7286810874939 seconds] [Bitrate: 7238005.540614721 bit/s]

 Performance counter stats for 'system wide':

    1427431.172449      task-clock (msec)         #    3.000 CPUs utilized            (100.00%)
         1,007,880      context-switches          #    0.706 K/sec                    (100.00%)
             2,537      cpu-migrations            #    0.002 K/sec                    (100.00%)
           950,767      page-faults               #    0.666 K/sec                  
    42,918,390,692      cycles                    #    0.030 GHz                      (100.00%)
   <not supported>      stalled-cycles-frontend  
   <not supported>      stalled-cycles-backend   
    59,391,683,697      instructions              #    1.38  insns per cycle          (100.00%)
    14,379,778,442      branches                  #   10.074 M/sec                    (100.00%)
        61,343,937      branch-misses             #    0.43% of all branches        

     475.846546514 seconds time elapsed