LC_NUMERIC=en_US.UTF8 perf stat -B -a taskset -c 2 /tmp/eucycles/pyben-nio/src/run --server start --bind 10.10.1.5 --size 153391689 --port 8881 --filename /tmp/eucycles/data_file --bufsize 50mb --method "match; func=lambda v: int(chr(v)) < 0; sztype=BEFORE"

2018-07-01 18:21:07,629 | server           | INFO     | PID=4401 | [bufsize: 52428800 bytes] [zerocopy: False]
2018-07-01 18:21:07,644 | methods.match    | INFO     | PID=4401 | [method: methods.match]
2018-07-01 18:21:07,644 | methods.match    | INFO     | PID=4401 | [method parameters: {'sztype': 'BEFORE', 'mpws': '50MB', 'func': 'lambda v: int(chr(v)) < 0'}]
2018-07-01 18:21:07,664 | methods.match    | INFO     | PID=4401 | Start 1 process to handle data filtering
2018-07-01 18:21:07,665 | server           | INFO     | PID=4401 | Ready to send 153391689 bytes using data file size of 1073741824 bytes
2018-07-01 18:21:07,665 | server           | INFO     | PID=4401 | Listening socket bound to port 8881
2018-07-01 18:21:15,828 | server           | INFO     | PID=4401 | Accepted incoming connection ('10.10.1.1', 38895) from client. Sending data ...
2018-07-01 18:22:20,338 | server           | INFO     | PID=4401 | [SUMMARY] [Sent: 0 bytes] [Read: 0 bytes (0.000% of 153391689 raw bytes)] [Duration: 64.51023197174072 seconds] [Bitrate: 0.0 bit/s]
2018-07-01 18:22:20,338 | server           | INFO     | PID=4401 | Resources closed, now exiting

 Performance counter stats for 'system wide':

     218549.892631      task-clock (msec)         #    3.000 CPUs utilized            (100.00%)
            19,912      context-switches          #    0.091 K/sec                    (100.00%)
               224      cpu-migrations            #    0.001 K/sec                    (100.00%)
            20,967      page-faults               #    0.096 K/sec                  
   172,577,104,509      cycles                    #    0.790 GHz                      (100.00%)
   <not supported>      stalled-cycles-frontend  
   <not supported>      stalled-cycles-backend   
   422,903,855,004      instructions              #    2.45  insns per cycle          (100.00%)
    86,585,983,356      branches                  #  396.184 M/sec                    (100.00%)
        20,781,936      branch-misses             #    0.02% of all branches        

      72.844550395 seconds time elapsed