LC_NUMERIC=en_US.UTF8 perf stat -B -a taskset -c 2 /tmp/eucycles/pyben-nio/src/run --server start --bind 10.10.1.9 --size 134217728 --port 8881 --filename /tmp/eucycles/data_file --bufsize 50mb --method "match; func=lambda v: int(chr(v)) < 3; sztype=BEFORE"

2018-07-01 22:39:53,598 | server           | INFO     | PID=8958 | [bufsize: 52428800 bytes] [zerocopy: False]
2018-07-01 22:39:53,612 | methods.match    | INFO     | PID=8958 | [method: methods.match]
2018-07-01 22:39:53,612 | methods.match    | INFO     | PID=8958 | [method parameters: {'mpws': '50MB', 'sztype': 'BEFORE', 'func': 'lambda v: int(chr(v)) < 3'}]
2018-07-01 22:39:53,633 | methods.match    | INFO     | PID=8958 | Start 1 process to handle data filtering
2018-07-01 22:39:53,633 | server           | INFO     | PID=8958 | Ready to send 134217728 bytes using data file size of 1073741824 bytes
2018-07-01 22:39:53,633 | server           | INFO     | PID=8958 | Listening socket bound to port 8881
2018-07-01 22:39:58,323 | server           | INFO     | PID=8958 | Accepted incoming connection ('10.10.1.1', 60711) from client. Sending data ...
2018-07-01 22:40:54,332 | server           | INFO     | PID=8958 | [SUMMARY] [Sent: 40259692 bytes] [Read: 40259692 bytes (29.996% of 134217728 raw bytes)] [Duration: 56.00877404212952 seconds] [Bitrate: 5750483.589548575 bit/s]
2018-07-01 22:40:54,332 | server           | INFO     | PID=8958 | Resources closed, now exiting

 Performance counter stats for 'system wide':

     182476.014827      task-clock (msec)         #    3.000 CPUs utilized            (100.00%)
            16,206      context-switches          #    0.089 K/sec                    (100.00%)
               653      cpu-migrations            #    0.004 K/sec                    (100.00%)
            25,643      page-faults               #    0.141 K/sec                  
   143,790,878,464      cycles                    #    0.788 GHz                      (100.00%)
   <not supported>      stalled-cycles-frontend  
   <not supported>      stalled-cycles-backend   
   401,188,781,634      instructions              #    2.79  insns per cycle          (100.00%)
    81,814,024,884      branches                  #  448.355 M/sec                    (100.00%)
        58,208,519      branch-misses             #    0.07% of all branches        

      60.828747640 seconds time elapsed