LC_NUMERIC=en_US.UTF8 perf stat -B -a taskset -c 2 /tmp/eucycles/pyben-nio/src/run --server start --bind 10.10.1.5 --size 268435456 --port 8881 --filename /tmp/eucycles/data_file --bufsize 50mb --method "match; func=lambda v: int(chr(v)) < 2; sztype=BEFORE"

2018-07-01 21:13:29,040 | server           | INFO     | PID=10203 | [bufsize: 52428800 bytes] [zerocopy: False]
2018-07-01 21:13:29,054 | methods.match    | INFO     | PID=10203 | [method: methods.match]
2018-07-01 21:13:29,054 | methods.match    | INFO     | PID=10203 | [method parameters: {'sztype': 'BEFORE', 'func': 'lambda v: int(chr(v)) < 2', 'mpws': '50MB'}]
2018-07-01 21:13:29,075 | methods.match    | INFO     | PID=10203 | Start 1 process to handle data filtering
2018-07-01 21:13:29,075 | server           | INFO     | PID=10203 | Ready to send 268435456 bytes using data file size of 1073741824 bytes
2018-07-01 21:13:29,075 | server           | INFO     | PID=10203 | Listening socket bound to port 8881
2018-07-01 21:13:33,540 | server           | INFO     | PID=10203 | Accepted incoming connection ('10.10.1.1', 35014) from client. Sending data ...
2018-07-01 21:15:21,030 | server           | INFO     | PID=10203 | [SUMMARY] [Sent: 53683993 bytes] [Read: 53683993 bytes (19.999% of 268435456 raw bytes)] [Duration: 107.48997688293457 seconds] [Bitrate: 3995460.3810895807 bit/s]
2018-07-01 21:15:21,031 | server           | INFO     | PID=10203 | Resources closed, now exiting

 Performance counter stats for 'system wide':

     336275.478579      task-clock (msec)         #    3.000 CPUs utilized            (100.00%)
            29,904      context-switches          #    0.089 K/sec                    (100.00%)
               366      cpu-migrations            #    0.001 K/sec                    (100.00%)
            24,355      page-faults               #    0.072 K/sec                  
   286,371,813,092      cycles                    #    0.852 GHz                      (100.00%)
   <not supported>      stalled-cycles-frontend  
   <not supported>      stalled-cycles-backend   
   779,609,315,131      instructions              #    2.72  insns per cycle          (100.00%)
   159,245,358,591      branches                  #  473.556 M/sec                    (100.00%)
        86,377,533      branch-misses             #    0.05% of all branches        

     112.083610527 seconds time elapsed