LC_NUMERIC=en_US.UTF8 perf stat -B -a taskset -c 2 /tmp/eucycles/pyben-nio/src/run --server start --bind 10.10.1.5 --size 268435456 --port 8881 --filename /tmp/eucycles/data_file --bufsize 50mb --method "match; func=lambda v: int(chr(v)) < 4; sztype=BEFORE"

2018-07-01 23:50:28,912 | server           | INFO     | PID=15562 | [bufsize: 52428800 bytes] [zerocopy: False]
2018-07-01 23:50:28,927 | methods.match    | INFO     | PID=15562 | [method: methods.match]
2018-07-01 23:50:28,927 | methods.match    | INFO     | PID=15562 | [method parameters: {'sztype': 'BEFORE', 'mpws': '50MB', 'func': 'lambda v: int(chr(v)) < 4'}]
2018-07-01 23:50:28,947 | methods.match    | INFO     | PID=15562 | Start 1 process to handle data filtering
2018-07-01 23:50:28,948 | server           | INFO     | PID=15562 | Ready to send 268435456 bytes using data file size of 1073741824 bytes
2018-07-01 23:50:28,948 | server           | INFO     | PID=15562 | Listening socket bound to port 8881
2018-07-01 23:50:33,414 | server           | INFO     | PID=15562 | Accepted incoming connection ('10.10.1.1', 39346) from client. Sending data ...
2018-07-01 23:52:31,264 | server           | INFO     | PID=15562 | [SUMMARY] [Sent: 107364076 bytes] [Read: 107364076 bytes (39.996% of 268435456 raw bytes)] [Duration: 117.84979510307312 seconds] [Bitrate: 7288197.720231781 bit/s]
2018-07-01 23:52:31,265 | server           | INFO     | PID=15562 | Resources closed, now exiting

 Performance counter stats for 'system wide':

     367362.747135      task-clock (msec)         #    3.000 CPUs utilized            (100.00%)
            32,252      context-switches          #    0.088 K/sec                    (100.00%)
               412      cpu-migrations            #    0.001 K/sec                    (100.00%)
            29,418      page-faults               #    0.080 K/sec                  
   311,430,949,342      cycles                    #    0.848 GHz                      (100.00%)
   <not supported>      stalled-cycles-frontend  
   <not supported>      stalled-cycles-backend   
   843,384,817,091      instructions              #    2.71  insns per cycle          (100.00%)
   173,132,684,527      branches                  #  471.285 M/sec                    (100.00%)
       144,547,054      branch-misses             #    0.08% of all branches        

     122.445296517 seconds time elapsed