LC_NUMERIC=en_US.UTF8 perf stat -B -a taskset -c 2 /tmp/eucycles/pyben-nio/src/run --server start --bind 10.10.1.5 --size 178956971 --port 8881 --filename /tmp/eucycles/data_file --bufsize 50mb --method "match; func=lambda v: int(chr(v)) < 8; sztype=BEFORE"

2018-07-02 05:06:12,728 | server           | INFO     | PID=26293 | [bufsize: 52428800 bytes] [zerocopy: False]
2018-07-02 05:06:12,742 | methods.match    | INFO     | PID=26293 | [method: methods.match]
2018-07-02 05:06:12,742 | methods.match    | INFO     | PID=26293 | [method parameters: {'func': 'lambda v: int(chr(v)) < 8', 'mpws': '50MB', 'sztype': 'BEFORE'}]
2018-07-02 05:06:12,763 | methods.match    | INFO     | PID=26293 | Start 1 process to handle data filtering
2018-07-02 05:06:12,763 | server           | INFO     | PID=26293 | Ready to send 178956971 bytes using data file size of 1073741824 bytes
2018-07-02 05:06:12,763 | server           | INFO     | PID=26293 | Listening socket bound to port 8881
2018-07-02 05:06:19,683 | server           | INFO     | PID=26293 | Accepted incoming connection ('10.10.1.1', 60543) from client. Sending data ...
2018-07-02 05:07:49,872 | server           | INFO     | PID=26293 | [SUMMARY] [Sent: 143156415 bytes] [Read: 143156415 bytes (79.995% of 178956971 raw bytes)] [Duration: 90.18817520141602 seconds] [Bitrate: 12698464.265878825 bit/s]
2018-07-02 05:07:49,872 | server           | INFO     | PID=26293 | Resources closed, now exiting

 Performance counter stats for 'system wide':

     291857.536457      task-clock (msec)         #    3.000 CPUs utilized            (100.00%)
            24,556      context-switches          #    0.084 K/sec                    (100.00%)
               848      cpu-migrations            #    0.003 K/sec                    (100.00%)
            54,774      page-faults               #    0.188 K/sec                  
   258,901,943,127      cycles                    #    0.887 GHz                      (100.00%)
   <not supported>      stalled-cycles-frontend  
   <not supported>      stalled-cycles-backend   
   632,703,605,677      instructions              #    2.44  insns per cycle          (100.00%)
   129,969,517,593      branches                  #  445.318 M/sec                    (100.00%)
        59,381,368      branch-misses             #    0.05% of all branches        

      97.278690451 seconds time elapsed