LC_NUMERIC=en_US.UTF8 perf stat -B -a taskset -c 2 /tmp/eucycles/pyben-nio/src/run --server start --bind 10.10.1.4 --size 134217728 --port 8881 --filename /tmp/eucycles/data_file --bufsize 50mb --method "match; func=lambda v: int(chr(v)) < 7; sztype=BEFORE"

2018-07-02 04:12:35,414 | server           | INFO     | PID=26977 | [bufsize: 52428800 bytes] [zerocopy: False]
2018-07-02 04:12:35,428 | methods.match    | INFO     | PID=26977 | [method: methods.match]
2018-07-02 04:12:35,429 | methods.match    | INFO     | PID=26977 | [method parameters: {'mpws': '50MB', 'sztype': 'BEFORE', 'func': 'lambda v: int(chr(v)) < 7'}]
2018-07-02 04:12:35,449 | methods.match    | INFO     | PID=26977 | Start 1 process to handle data filtering
2018-07-02 04:12:35,449 | server           | INFO     | PID=26977 | Ready to send 134217728 bytes using data file size of 1073741824 bytes
2018-07-02 04:12:35,449 | server           | INFO     | PID=26977 | Listening socket bound to port 8881
2018-07-02 04:12:46,158 | server           | INFO     | PID=26977 | Accepted incoming connection ('10.10.1.1', 34021) from client. Sending data ...
2018-07-02 04:13:52,927 | server           | INFO     | PID=26977 | [SUMMARY] [Sent: 93943775 bytes] [Read: 93943775 bytes (69.994% of 134217728 raw bytes)] [Duration: 66.76839089393616 seconds] [Bitrate: 11256077.762812389 bit/s]
2018-07-02 04:13:52,927 | server           | INFO     | PID=26977 | Resources closed, now exiting

 Performance counter stats for 'system wide':

     232958.551584      task-clock (msec)         #    3.000 CPUs utilized            (100.00%)
            20,723      context-switches          #    0.089 K/sec                    (100.00%)
               309      cpu-migrations            #    0.001 K/sec                    (100.00%)
            43,551      page-faults               #    0.187 K/sec                  
   174,167,270,005      cycles                    #    0.748 GHz                      (100.00%)
   <not supported>      stalled-cycles-frontend  
   <not supported>      stalled-cycles-backend   
   450,824,673,313      instructions              #    2.59  insns per cycle          (100.00%)
    92,225,087,998      branches                  #  395.886 M/sec                    (100.00%)
        59,166,407      branch-misses             #    0.06% of all branches        

      77.651331556 seconds time elapsed