LC_NUMERIC=en_US.UTF8 perf stat -B -a taskset -c 2 /tmp/eucycles/pyben-nio/src/run --server start --bind 10.10.1.9 --size 134217728 --port 8881 --filename /tmp/eucycles/data_file --bufsize 50mb --method "match; func=lambda v: int(chr(v)) < 4; sztype=BEFORE"

2018-07-01 23:32:57,220 | server           | INFO     | PID=9923 | [bufsize: 52428800 bytes] [zerocopy: False]
2018-07-01 23:32:57,234 | methods.match    | INFO     | PID=9923 | [method: methods.match]
2018-07-01 23:32:57,234 | methods.match    | INFO     | PID=9923 | [method parameters: {'mpws': '50MB', 'func': 'lambda v: int(chr(v)) < 4', 'sztype': 'BEFORE'}]
2018-07-01 23:32:57,255 | methods.match    | INFO     | PID=9923 | Start 1 process to handle data filtering
2018-07-01 23:32:57,255 | server           | INFO     | PID=9923 | Ready to send 134217728 bytes using data file size of 1073741824 bytes
2018-07-01 23:32:57,255 | server           | INFO     | PID=9923 | Listening socket bound to port 8881
2018-07-01 23:33:01,946 | server           | INFO     | PID=9923 | Accepted incoming connection ('10.10.1.1', 54551) from client. Sending data ...
2018-07-01 23:34:01,419 | server           | INFO     | PID=9923 | [SUMMARY] [Sent: 53683241 bytes] [Read: 53683241 bytes (39.997% of 134217728 raw bytes)] [Duration: 59.47309494018555 seconds] [Bitrate: 7221180.071962472 bit/s]
2018-07-01 23:34:01,420 | server           | INFO     | PID=9923 | Resources closed, now exiting

 Performance counter stats for 'system wide':

     192871.589724      task-clock (msec)         #    3.000 CPUs utilized            (100.00%)
            16,917      context-switches          #    0.088 K/sec                    (100.00%)
               680      cpu-migrations            #    0.004 K/sec                    (100.00%)
            28,080      page-faults               #    0.146 K/sec                  
   149,696,795,151      cycles                    #    0.776 GHz                      (100.00%)
   <not supported>      stalled-cycles-frontend  
   <not supported>      stalled-cycles-backend   
   417,850,308,907      instructions              #    2.79  insns per cycle          (100.00%)
    85,498,442,438      branches                  #  443.292 M/sec                    (100.00%)
        73,741,527      branch-misses             #    0.09% of all branches        

      64.294155894 seconds time elapsed