LC_NUMERIC=en_US.UTF8 perf stat -B -a taskset -c 2 /tmp/eucycles/pyben-nio/src/run --server start --bind 10.10.1.7 --size 153391689 --port 8881 --filename /tmp/eucycles/data_file --bufsize 50mb --method "match; func=lambda v: int(chr(v)) < 3; sztype=BEFORE"

2018-07-01 22:11:42,489 | server           | INFO     | PID=10389 | [bufsize: 52428800 bytes] [zerocopy: False]
2018-07-01 22:11:42,503 | methods.match    | INFO     | PID=10389 | [method: methods.match]
2018-07-01 22:11:42,503 | methods.match    | INFO     | PID=10389 | [method parameters: {'func': 'lambda v: int(chr(v)) < 3', 'mpws': '50MB', 'sztype': 'BEFORE'}]
2018-07-01 22:11:42,524 | methods.match    | INFO     | PID=10389 | Start 1 process to handle data filtering
2018-07-01 22:11:42,524 | server           | INFO     | PID=10389 | Ready to send 153391689 bytes using data file size of 1073741824 bytes
2018-07-01 22:11:42,524 | server           | INFO     | PID=10389 | Listening socket bound to port 8881
2018-07-01 22:11:48,345 | server           | INFO     | PID=10389 | Accepted incoming connection ('10.10.1.1', 50839) from client. Sending data ...
2018-07-01 22:12:53,221 | server           | INFO     | PID=10389 | [SUMMARY] [Sent: 46021806 bytes] [Read: 46021806 bytes (30.003% of 153391689 raw bytes)] [Duration: 64.87642097473145 seconds] [Bitrate: 5675011.698678621 bit/s]
2018-07-01 22:12:53,221 | server           | INFO     | PID=10389 | Resources closed, now exiting

 Performance counter stats for 'system wide':

     212615.077160      task-clock (msec)         #    3.000 CPUs utilized            (100.00%)
            18,999      context-switches          #    0.089 K/sec                    (100.00%)
               120      cpu-migrations            #    0.001 K/sec                    (100.00%)
            25,918      page-faults               #    0.122 K/sec                  
   165,699,399,641      cycles                    #    0.779 GHz                      (100.00%)
   <not supported>      stalled-cycles-frontend  
   <not supported>      stalled-cycles-backend   
   463,723,255,582      instructions              #    2.80  insns per cycle          (100.00%)
    95,037,913,312      branches                  #  446.995 M/sec                    (100.00%)
        66,322,493      branch-misses             #    0.07% of all branches        

      70.871986682 seconds time elapsed