LC_NUMERIC=en_US.UTF8 perf stat -B -a taskset -c 2 /tmp/eucycles/pyben-nio/src/run --server start --bind 10.10.1.8 --size 134217728 --port 8881 --filename /tmp/eucycles/data_file --bufsize 50mb --method "match; func=lambda v: int(chr(v)) < 3; sztype=BEFORE"

2018-07-01 23:05:59,237 | server           | INFO     | PID=10824 | [bufsize: 52428800 bytes] [zerocopy: False]
2018-07-01 23:05:59,251 | methods.match    | INFO     | PID=10824 | [method: methods.match]
2018-07-01 23:05:59,251 | methods.match    | INFO     | PID=10824 | [method parameters: {'sztype': 'BEFORE', 'mpws': '50MB', 'func': 'lambda v: int(chr(v)) < 3'}]
2018-07-01 23:05:59,272 | methods.match    | INFO     | PID=10824 | Start 1 process to handle data filtering
2018-07-01 23:05:59,272 | server           | INFO     | PID=10824 | Ready to send 134217728 bytes using data file size of 1073741824 bytes
2018-07-01 23:05:59,272 | server           | INFO     | PID=10824 | Listening socket bound to port 8881
2018-07-01 23:06:05,137 | server           | INFO     | PID=10824 | Accepted incoming connection ('10.10.1.1', 36310) from client. Sending data ...
2018-07-01 23:07:02,013 | server           | INFO     | PID=10824 | [SUMMARY] [Sent: 40275907 bytes] [Read: 40275907 bytes (30.008% of 134217728 raw bytes)] [Duration: 56.87582492828369 seconds] [Bitrate: 5665100.355138235 bit/s]
2018-07-01 23:07:02,013 | server           | INFO     | PID=10824 | Resources closed, now exiting

 Performance counter stats for 'system wide':

     188749.409017      task-clock (msec)         #    3.000 CPUs utilized            (100.00%)
            16,972      context-switches          #    0.090 K/sec                    (100.00%)
                81      cpu-migrations            #    0.000 K/sec                    (100.00%)
            25,771      page-faults               #    0.137 K/sec                  
   154,338,339,163      cycles                    #    0.818 GHz                      (100.00%)
   <not supported>      stalled-cycles-frontend  
   <not supported>      stalled-cycles-backend   
   406,243,961,004      instructions              #    2.63  insns per cycle          (100.00%)
    83,277,560,655      branches                  #  441.207 M/sec                    (100.00%)
        58,374,118      branch-misses             #    0.07% of all branches        

      62.914366905 seconds time elapsed