LC_NUMERIC=en_US.UTF8 perf stat -B -a taskset -c 2 /tmp/eucycles/pyben-nio/src/run --server start --bind 10.10.1.3 --size 357913941 --port 8881 --filename /tmp/eucycles/data_file --bufsize 50mb --method "match; func=lambda v: int(chr(v)) < 8; sztype=BEFORE"

2018-07-02 05:26:42,529 | server           | INFO     | PID=31904 | [bufsize: 52428800 bytes] [zerocopy: False]
2018-07-02 05:26:42,543 | methods.match    | INFO     | PID=31904 | [method: methods.match]
2018-07-02 05:26:42,544 | methods.match    | INFO     | PID=31904 | [method parameters: {'func': 'lambda v: int(chr(v)) < 8', 'sztype': 'BEFORE', 'mpws': '50MB'}]
2018-07-02 05:26:42,564 | methods.match    | INFO     | PID=31904 | Start 1 process to handle data filtering
2018-07-02 05:26:42,564 | server           | INFO     | PID=31904 | Ready to send 357913941 bytes using data file size of 1073741824 bytes
2018-07-02 05:26:42,564 | server           | INFO     | PID=31904 | Listening socket bound to port 8881
2018-07-02 05:26:48,156 | server           | INFO     | PID=31904 | Accepted incoming connection ('10.10.1.1', 59143) from client. Sending data ...
2018-07-02 05:29:38,677 | server           | INFO     | PID=31904 | [SUMMARY] [Sent: 286324971 bytes] [Read: 286324971 bytes (79.998% of 357913941 raw bytes)] [Duration: 170.5206971168518 seconds] [Bitrate: 13432972.106783805 bit/s]
2018-07-02 05:29:38,677 | server           | INFO     | PID=31904 | Resources closed, now exiting

 Performance counter stats for 'system wide':

     528823.993708      task-clock (msec)         #    3.000 CPUs utilized            (100.00%)
            44,582      context-switches          #    0.084 K/sec                    (100.00%)
             1,511      cpu-migrations            #    0.003 K/sec                    (100.00%)
            90,434      page-faults               #    0.171 K/sec                  
   433,500,265,997      cycles                    #    0.820 GHz                      (100.00%)
   <not supported>      stalled-cycles-frontend  
   <not supported>      stalled-cycles-backend   
 1,212,226,981,658      instructions              #    2.80  insns per cycle          (100.00%)
   246,748,846,546      branches                  #  466.599 M/sec                    (100.00%)
       115,225,176      branch-misses             #    0.05% of all branches        

     176.284390902 seconds time elapsed