LC_NUMERIC=en_US.UTF8 perf stat -B -a taskset -c 2 /tmp/eucycles/pyben-nio/src/run --server start --bind 10.10.1.7 --size 153391689 --port 8881 --filename /tmp/eucycles/data_file --bufsize 50mb --method "match; func=lambda v: int(chr(v)) < 2; sztype=BEFORE"

2018-07-01 21:20:15,151 | server           | INFO     | PID=9022 | [bufsize: 52428800 bytes] [zerocopy: False]
2018-07-01 21:20:15,165 | methods.match    | INFO     | PID=9022 | [method: methods.match]
2018-07-01 21:20:15,165 | methods.match    | INFO     | PID=9022 | [method parameters: {'mpws': '50MB', 'sztype': 'BEFORE', 'func': 'lambda v: int(chr(v)) < 2'}]
2018-07-01 21:20:15,186 | methods.match    | INFO     | PID=9022 | Start 1 process to handle data filtering
2018-07-01 21:20:15,186 | server           | INFO     | PID=9022 | Ready to send 153391689 bytes using data file size of 1073741824 bytes
2018-07-01 21:20:15,186 | server           | INFO     | PID=9022 | Listening socket bound to port 8881
2018-07-01 21:20:20,991 | server           | INFO     | PID=9022 | Accepted incoming connection ('10.10.1.1', 57570) from client. Sending data ...
2018-07-01 21:21:22,217 | server           | INFO     | PID=9022 | [SUMMARY] [Sent: 30686459 bytes] [Read: 30686459 bytes (20.005% of 153391689 raw bytes)] [Duration: 61.22523903846741 seconds] [Bitrate: 4009648.240748545 bit/s]
2018-07-01 21:21:22,217 | server           | INFO     | PID=9022 | Resources closed, now exiting

 Performance counter stats for 'system wide':

     201616.025906      task-clock (msec)         #    3.000 CPUs utilized            (100.00%)
            18,214      context-switches          #    0.090 K/sec                    (100.00%)
               108      cpu-migrations            #    0.001 K/sec                    (100.00%)
            23,286      page-faults               #    0.115 K/sec                  
   157,692,017,647      cycles                    #    0.782 GHz                      (100.00%)
   <not supported>      stalled-cycles-frontend  
   <not supported>      stalled-cycles-backend   
   444,211,504,107      instructions              #    2.82  insns per cycle          (100.00%)
    90,670,984,162      branches                  #  449.721 M/sec                    (100.00%)
        50,525,319      branch-misses             #    0.06% of all branches        

      67.205610755 seconds time elapsed