LC_NUMERIC=en_US.UTF8 perf stat -B -a taskset -c 2 /tmp/eucycles/pyben-nio/src/run --server start --bind 10.10.1.6 --size 134217728 --port 8881 --filename /tmp/eucycles/data_file --bufsize 50mb --method "match; func=lambda v: int(chr(v)) < 6; sztype=BEFORE"

2018-07-02 03:15:01,982 | server           | INFO     | PID=20810 | [bufsize: 52428800 bytes] [zerocopy: False]
2018-07-02 03:15:01,997 | methods.match    | INFO     | PID=20810 | [method: methods.match]
2018-07-02 03:15:01,997 | methods.match    | INFO     | PID=20810 | [method parameters: {'func': 'lambda v: int(chr(v)) < 6', 'mpws': '50MB', 'sztype': 'BEFORE'}]
2018-07-02 03:15:02,018 | methods.match    | INFO     | PID=20810 | Start 1 process to handle data filtering
2018-07-02 03:15:02,018 | server           | INFO     | PID=20810 | Ready to send 134217728 bytes using data file size of 1073741824 bytes
2018-07-02 03:15:02,018 | server           | INFO     | PID=20810 | Listening socket bound to port 8881
2018-07-02 03:15:10,307 | server           | INFO     | PID=20810 | Accepted incoming connection ('10.10.1.1', 43665) from client. Sending data ...
2018-07-02 03:16:15,235 | server           | INFO     | PID=20810 | [SUMMARY] [Sent: 80530239 bytes] [Read: 80530239 bytes (60.000% of 134217728 raw bytes)] [Duration: 64.92816805839539 seconds] [Bitrate: 9922379.319567107 bit/s]
2018-07-02 03:16:15,236 | server           | INFO     | PID=20810 | Resources closed, now exiting

 Performance counter stats for 'system wide':

     220147.563852      task-clock (msec)         #    3.000 CPUs utilized            (100.00%)
            19,580      context-switches          #    0.089 K/sec                    (100.00%)
               753      cpu-migrations            #    0.003 K/sec                    (100.00%)
            39,290      page-faults               #    0.178 K/sec                  
   160,282,296,620      cycles                    #    0.728 GHz                      (100.00%)
   <not supported>      stalled-cycles-frontend  
   <not supported>      stalled-cycles-backend   
   445,436,980,350      instructions              #    2.78  insns per cycle          (100.00%)
    91,825,323,959      branches                  #  417.108 M/sec                    (100.00%)
        74,308,246      branch-misses             #    0.08% of all branches        

      73.388505549 seconds time elapsed