LC_NUMERIC=en_US.UTF8 perf stat -B -a taskset -c 2 /tmp/eucycles/pyben-nio/src/run --server start --bind 10.10.1.6 --size 134217728 --port 8881 --filename /tmp/eucycles/data_file --bufsize 50mb --method "match; func=lambda v: int(chr(v)) < 5; sztype=BEFORE"

2018-07-02 00:54:37,384 | server           | INFO     | PID=16766 | [bufsize: 52428800 bytes] [zerocopy: False]
2018-07-02 00:54:37,398 | methods.match    | INFO     | PID=16766 | [method: methods.match]
2018-07-02 00:54:37,399 | methods.match    | INFO     | PID=16766 | [method parameters: {'sztype': 'BEFORE', 'func': 'lambda v: int(chr(v)) < 5', 'mpws': '50MB'}]
2018-07-02 00:54:37,419 | methods.match    | INFO     | PID=16766 | Start 1 process to handle data filtering
2018-07-02 00:54:37,419 | server           | INFO     | PID=16766 | Ready to send 134217728 bytes using data file size of 1073741824 bytes
2018-07-02 00:54:37,419 | server           | INFO     | PID=16766 | Listening socket bound to port 8881
2018-07-02 00:54:45,627 | server           | INFO     | PID=16766 | Accepted incoming connection ('10.10.1.1', 53629) from client. Sending data ...
2018-07-02 00:55:46,311 | server           | INFO     | PID=16766 | [SUMMARY] [Sent: 67110187 bytes] [Read: 67110187 bytes (50.001% of 134217728 raw bytes)] [Duration: 60.6835241317749 seconds] [Bitrate: 8847236.604686245 bit/s]
2018-07-02 00:55:46,311 | server           | INFO     | PID=16766 | Resources closed, now exiting

 Performance counter stats for 'system wide':

     207172.991165      task-clock (msec)         #    3.000 CPUs utilized            (100.00%)
            18,564      context-switches          #    0.090 K/sec                    (100.00%)
               715      cpu-migrations            #    0.003 K/sec                    (100.00%)
            32,190      page-faults               #    0.155 K/sec                  
   152,318,412,482      cycles                    #    0.735 GHz                      (100.00%)
   <not supported>      stalled-cycles-frontend  
   <not supported>      stalled-cycles-backend   
   421,846,543,809      instructions              #    2.77  insns per cycle          (100.00%)
    85,981,163,072      branches                  #  415.021 M/sec                    (100.00%)
        85,390,184      branch-misses             #    0.10% of all branches        

      69.063278418 seconds time elapsed