LC_NUMERIC=en_US.UTF8 perf stat -B -a taskset -c 2 /tmp/eucycles/pyben-nio/src/run --server start --bind 10.10.1.5 --size 214748365 --port 8881 --filename /tmp/eucycles/data_file --bufsize 50mb --method "match; func=lambda v: int(chr(v)) < 1; sztype=BEFORE"

2018-07-01 19:35:44,313 | server           | INFO     | PID=6793 | [bufsize: 52428800 bytes] [zerocopy: False]
2018-07-01 19:35:44,327 | methods.match    | INFO     | PID=6793 | [method: methods.match]
2018-07-01 19:35:44,327 | methods.match    | INFO     | PID=6793 | [method parameters: {'func': 'lambda v: int(chr(v)) < 1', 'sztype': 'BEFORE', 'mpws': '50MB'}]
2018-07-01 19:35:44,348 | methods.match    | INFO     | PID=6793 | Start 1 process to handle data filtering
2018-07-01 19:35:44,348 | server           | INFO     | PID=6793 | Ready to send 214748365 bytes using data file size of 1073741824 bytes
2018-07-01 19:35:44,348 | server           | INFO     | PID=6793 | Listening socket bound to port 8881
2018-07-01 19:35:50,015 | server           | INFO     | PID=6793 | Accepted incoming connection ('10.10.1.1', 57004) from client. Sending data ...
2018-07-01 19:37:12,889 | server           | INFO     | PID=6793 | [SUMMARY] [Sent: 21475306 bytes] [Read: 21475306 bytes (10.000% of 214748365 raw bytes)] [Duration: 82.87357091903687 seconds] [Bitrate: 2073066.7943323208 bit/s]
2018-07-01 19:37:12,889 | server           | INFO     | PID=6793 | Resources closed, now exiting

 Performance counter stats for 'system wide':

     266155.444392      task-clock (msec)         #    3.000 CPUs utilized            (100.00%)
            23,861      context-switches          #    0.090 K/sec                    (100.00%)
               243      cpu-migrations            #    0.001 K/sec                    (100.00%)
            20,880      page-faults               #    0.078 K/sec                  
   226,046,350,975      cycles                    #    0.849 GHz                      (100.00%)
   <not supported>      stalled-cycles-frontend  
   <not supported>      stalled-cycles-backend   
   607,247,552,720      instructions              #    2.69  insns per cycle          (100.00%)
   124,159,479,138      branches                  #  466.492 M/sec                    (100.00%)
        48,038,219      branch-misses             #    0.04% of all branches        

      88.711935816 seconds time elapsed