LC_NUMERIC=en_US.UTF8 perf stat -B -a taskset -c 2 /tmp/eucycles/pyben-nio/src/run --server start --bind 10.10.1.2 --size 268435456 --port 8881 --filename /tmp/eucycles/data_file --bufsize 50mb --method "match; func=lambda v: int(chr(v)) < 5; sztype=BEFORE"

2018-07-02 00:45:12,652 | server           | INFO     | PID=22737 | [bufsize: 52428800 bytes] [zerocopy: False]
2018-07-02 00:45:12,666 | methods.match    | INFO     | PID=22737 | [method: methods.match]
2018-07-02 00:45:12,666 | methods.match    | INFO     | PID=22737 | [method parameters: {'sztype': 'BEFORE', 'mpws': '50MB', 'func': 'lambda v: int(chr(v)) < 5'}]
2018-07-02 00:45:12,687 | methods.match    | INFO     | PID=22737 | Start 1 process to handle data filtering
2018-07-02 00:45:12,687 | server           | INFO     | PID=22737 | Ready to send 268435456 bytes using data file size of 1073741824 bytes
2018-07-02 00:45:12,687 | server           | INFO     | PID=22737 | Listening socket bound to port 8881
2018-07-02 00:45:20,739 | server           | INFO     | PID=22737 | Accepted incoming connection ('10.10.1.1', 51862) from client. Sending data ...
2018-07-02 00:47:19,312 | server           | INFO     | PID=22737 | [SUMMARY] [Sent: 134218942 bytes] [Read: 134218942 bytes (50.000% of 268435456 raw bytes)] [Duration: 118.5729660987854 seconds] [Bitrate: 9055618.4206899 bit/s]
2018-07-02 00:47:19,313 | server           | INFO     | PID=22737 | Resources closed, now exiting

 Performance counter stats for 'system wide':

     380387.945686      task-clock (msec)         #    3.000 CPUs utilized            (100.00%)
            33,907      context-switches          #    0.089 K/sec                    (100.00%)
             1,396      cpu-migrations            #    0.004 K/sec                    (100.00%)
            36,320      page-faults               #    0.095 K/sec                  
   303,559,201,034      cycles                    #    0.798 GHz                      (100.00%)
   <not supported>      stalled-cycles-frontend  
   <not supported>      stalled-cycles-backend   
   843,328,501,865      instructions              #    2.78  insns per cycle          (100.00%)
   171,885,696,757      branches                  #  451.869 M/sec                    (100.00%)
       170,081,139      branch-misses             #    0.10% of all branches        

     126.796620681 seconds time elapsed