LC_NUMERIC=en_US.UTF8 perf stat -B -a taskset -c 2 /tmp/eucycles/pyben-nio/src/run --server start --bind 10.10.1.5 --size 134217728 --port 8881 --filename /tmp/eucycles/data_file --bufsize 50mb --method "match; func=lambda v: int(chr(v)) < 7; sztype=BEFORE"

2018-07-02 04:12:33,198 | server           | INFO     | PID=24758 | [bufsize: 52428800 bytes] [zerocopy: False]
2018-07-02 04:12:33,212 | methods.match    | INFO     | PID=24758 | [method: methods.match]
2018-07-02 04:12:33,212 | methods.match    | INFO     | PID=24758 | [method parameters: {'sztype': 'BEFORE', 'mpws': '50MB', 'func': 'lambda v: int(chr(v)) < 7'}]
2018-07-02 04:12:33,233 | methods.match    | INFO     | PID=24758 | Start 1 process to handle data filtering
2018-07-02 04:12:33,233 | server           | INFO     | PID=24758 | Ready to send 134217728 bytes using data file size of 1073741824 bytes
2018-07-02 04:12:33,233 | server           | INFO     | PID=24758 | Listening socket bound to port 8881
2018-07-02 04:12:42,732 | server           | INFO     | PID=24758 | Accepted incoming connection ('10.10.1.1', 58730) from client. Sending data ...
2018-07-02 04:13:45,376 | server           | INFO     | PID=24758 | [SUMMARY] [Sent: 93944062 bytes] [Read: 93944062 bytes (69.994% of 134217728 raw bytes)] [Duration: 62.64396691322327 seconds] [Bitrate: 11997204.727489213 bit/s]
2018-07-02 04:13:45,377 | server           | INFO     | PID=24758 | Resources closed, now exiting

 Performance counter stats for 'system wide':

     216956.047211      task-clock (msec)         #    3.000 CPUs utilized            (100.00%)
            18,840      context-switches          #    0.087 K/sec                    (100.00%)
               635      cpu-migrations            #    0.003 K/sec                    (100.00%)
            43,812      page-faults               #    0.202 K/sec                  
   177,383,717,384      cycles                    #    0.818 GHz                      (100.00%)
   <not supported>      stalled-cycles-frontend  
   <not supported>      stalled-cycles-backend   
   448,679,896,245      instructions              #    2.53  insns per cycle          (100.00%)
    91,580,635,481      branches                  #  422.116 M/sec                    (100.00%)
        59,207,573      branch-misses             #    0.06% of all branches        

      72.313303996 seconds time elapsed