LC_NUMERIC=en_US.UTF8 perf stat -B -a taskset -c 2 /tmp/eucycles/pyben-nio/src/run --server start --bind 10.10.1.2 --size 357913942 --port 8881 --filename /tmp/eucycles/data_file --bufsize 50mb --method "match; func=lambda v: int(chr(v)) < 9; sztype=BEFORE"

2018-07-02 06:26:00,557 | server           | INFO     | PID=4836 | [bufsize: 52428800 bytes] [zerocopy: False]
2018-07-02 06:26:00,572 | methods.match    | INFO     | PID=4836 | [method: methods.match]
2018-07-02 06:26:00,572 | methods.match    | INFO     | PID=4836 | [method parameters: {'func': 'lambda v: int(chr(v)) < 9', 'sztype': 'BEFORE', 'mpws': '50MB'}]
2018-07-02 06:26:00,592 | methods.match    | INFO     | PID=4836 | Start 1 process to handle data filtering
2018-07-02 06:26:00,592 | server           | INFO     | PID=4836 | Ready to send 357913942 bytes using data file size of 1073741824 bytes
2018-07-02 06:26:00,593 | server           | INFO     | PID=4836 | Listening socket bound to port 8881
2018-07-02 06:26:07,397 | server           | INFO     | PID=4836 | Accepted incoming connection ('10.10.1.1', 42981) from client. Sending data ...
2018-07-02 06:29:03,111 | server           | INFO     | PID=4836 | [SUMMARY] [Sent: 322126122 bytes] [Read: 322126122 bytes (90.001% of 357913942 raw bytes)] [Duration: 175.71382594108582 seconds] [Bitrate: 14665943.116303392 bit/s]
2018-07-02 06:29:03,111 | server           | INFO     | PID=4836 | Resources closed, now exiting

 Performance counter stats for 'system wide':

     548063.118172      task-clock (msec)         #    3.000 CPUs utilized            (100.00%)
            47,748      context-switches          #    0.087 K/sec                    (100.00%)
             1,951      cpu-migrations            #    0.004 K/sec                    (100.00%)
            99,705      page-faults               #    0.182 K/sec                  
   445,502,387,470      cycles                    #    0.813 GHz                      (100.00%)
   <not supported>      stalled-cycles-frontend  
   <not supported>      stalled-cycles-backend   
 1,250,946,485,959      instructions              #    2.81  insns per cycle          (100.00%)
   254,786,993,026      branches                  #  464.886 M/sec                    (100.00%)
        79,651,555      branch-misses             #    0.03% of all branches        

     182.688718261 seconds time elapsed