LC_NUMERIC=en_US.UTF8 perf stat -B -a taskset -c 2 /tmp/eucycles/pyben-nio/src/run --server start --bind 10.10.1.3 --size 134217728 --port 8881 --filename /tmp/eucycles/data_file --bufsize 50mb --method "match; func=lambda v: int(chr(v)) < 6; sztype=BEFORE"

2018-07-02 03:15:01,934 | server           | INFO     | PID=27104 | [bufsize: 52428800 bytes] [zerocopy: False]
2018-07-02 03:15:01,949 | methods.match    | INFO     | PID=27104 | [method: methods.match]
2018-07-02 03:15:01,949 | methods.match    | INFO     | PID=27104 | [method parameters: {'func': 'lambda v: int(chr(v)) < 6', 'sztype': 'BEFORE', 'mpws': '50MB'}]
2018-07-02 03:15:01,969 | methods.match    | INFO     | PID=27104 | Start 1 process to handle data filtering
2018-07-02 03:15:01,970 | server           | INFO     | PID=27104 | Ready to send 134217728 bytes using data file size of 1073741824 bytes
2018-07-02 03:15:01,970 | server           | INFO     | PID=27104 | Listening socket bound to port 8881
2018-07-02 03:15:13,957 | server           | INFO     | PID=27104 | Accepted incoming connection ('10.10.1.1', 50131) from client. Sending data ...
2018-07-02 03:16:17,189 | server           | INFO     | PID=27104 | [SUMMARY] [Sent: 80511570 bytes] [Read: 80511570 bytes (59.986% of 134217728 raw bytes)] [Duration: 63.232346057891846 seconds] [Bitrate: 10186124.668066347 bit/s]
2018-07-02 03:16:17,189 | server           | INFO     | PID=27104 | Resources closed, now exiting

 Performance counter stats for 'system wide':

     226165.856582      task-clock (msec)         #    3.000 CPUs utilized            (100.00%)
            19,134      context-switches          #    0.085 K/sec                    (100.00%)
               567      cpu-migrations            #    0.003 K/sec                    (100.00%)
            39,644      page-faults               #    0.175 K/sec                  
   158,298,499,119      cycles                    #    0.700 GHz                      (100.00%)
   <not supported>      stalled-cycles-frontend  
   <not supported>      stalled-cycles-backend   
   437,924,547,718      instructions              #    2.77  insns per cycle          (100.00%)
    89,284,610,351      branches                  #  394.775 M/sec                    (100.00%)
        74,125,964      branch-misses             #    0.08% of all branches        

      75.392655310 seconds time elapsed