LC_NUMERIC=en_US.UTF8 perf stat -B -a taskset -c 2 /tmp/eucycles/pyben-nio/src/run --server start --bind 10.10.1.3 --size 357913941 --port 8881 --filename /tmp/eucycles/data_file --bufsize 50mb --method "match; func=lambda v: int(chr(v)) < 9; sztype=BEFORE"

2018-07-02 07:26:16,676 | server           | INFO     | PID=4019 | [bufsize: 52428800 bytes] [zerocopy: False]
2018-07-02 07:26:16,690 | methods.match    | INFO     | PID=4019 | [method: methods.match]
2018-07-02 07:26:16,690 | methods.match    | INFO     | PID=4019 | [method parameters: {'func': 'lambda v: int(chr(v)) < 9', 'mpws': '50MB', 'sztype': 'BEFORE'}]
2018-07-02 07:26:16,710 | methods.match    | INFO     | PID=4019 | Start 1 process to handle data filtering
2018-07-02 07:26:16,710 | server           | INFO     | PID=4019 | Ready to send 357913941 bytes using data file size of 1073741824 bytes
2018-07-02 07:26:16,711 | server           | INFO     | PID=4019 | Listening socket bound to port 8881
2018-07-02 07:26:22,301 | server           | INFO     | PID=4019 | Accepted incoming connection ('10.10.1.1', 57081) from client. Sending data ...
2018-07-02 07:29:21,531 | server           | INFO     | PID=4019 | [SUMMARY] [Sent: 322112475 bytes] [Read: 322112475 bytes (89.997% of 357913941 raw bytes)] [Duration: 179.2289490699768 seconds] [Bitrate: 14377698.543519856 bit/s]
2018-07-02 07:29:21,531 | server           | INFO     | PID=4019 | Resources closed, now exiting

 Performance counter stats for 'system wide':

     554945.282177      task-clock (msec)         #    3.000 CPUs utilized            (100.00%)
            46,752      context-switches          #    0.084 K/sec                    (100.00%)
             1,513      cpu-migrations            #    0.003 K/sec                    (100.00%)
            99,898      page-faults               #    0.180 K/sec                  
   451,915,079,256      cycles                    #    0.814 GHz                      (100.00%)
   <not supported>      stalled-cycles-frontend  
   <not supported>      stalled-cycles-backend   
 1,260,997,419,194      instructions              #    2.79  insns per cycle          (100.00%)
   256,938,285,900      branches                  #  462.998 M/sec                    (100.00%)
        79,815,832      branch-misses             #    0.03% of all branches        

     184.991978066 seconds time elapsed