LC_NUMERIC=en_US.UTF8 perf stat -B -a taskset -c 2 /tmp/eucycles/pyben-nio/src/run --server start --bind 10.10.1.8 --size 153391689 --port 8881 --filename /tmp/eucycles/data_file --bufsize 50mb --method "match; func=lambda v: int(chr(v)) < 4; sztype=BEFORE"

2018-07-01 23:30:52,710 | server           | INFO     | PID=11266 | [bufsize: 52428800 bytes] [zerocopy: False]
2018-07-01 23:30:52,724 | methods.match    | INFO     | PID=11266 | [method: methods.match]
2018-07-01 23:30:52,724 | methods.match    | INFO     | PID=11266 | [method parameters: {'sztype': 'BEFORE', 'mpws': '50MB', 'func': 'lambda v: int(chr(v)) < 4'}]
2018-07-01 23:30:52,744 | methods.match    | INFO     | PID=11266 | Start 1 process to handle data filtering
2018-07-01 23:30:52,745 | server           | INFO     | PID=11266 | Ready to send 153391689 bytes using data file size of 1073741824 bytes
2018-07-01 23:30:52,745 | server           | INFO     | PID=11266 | Listening socket bound to port 8881
2018-07-01 23:30:57,328 | server           | INFO     | PID=11266 | Accepted incoming connection ('10.10.1.1', 57467) from client. Sending data ...
2018-07-01 23:32:04,858 | server           | INFO     | PID=11266 | [SUMMARY] [Sent: 61357554 bytes] [Read: 61357554 bytes (40.001% of 153391689 raw bytes)] [Duration: 67.52930092811584 seconds] [Bitrate: 7268851.080252041 bit/s]
2018-07-01 23:32:04,858 | server           | INFO     | PID=11266 | Resources closed, now exiting

 Performance counter stats for 'system wide':

     216732.095438      task-clock (msec)         #    3.000 CPUs utilized            (100.00%)
            19,158      context-switches          #    0.088 K/sec                    (100.00%)
               277      cpu-migrations            #    0.001 K/sec                    (100.00%)
            28,544      page-faults               #    0.132 K/sec                  
   184,602,243,099      cycles                    #    0.852 GHz                      (100.00%)
   <not supported>      stalled-cycles-frontend  
   <not supported>      stalled-cycles-backend   
   479,419,075,584      instructions              #    2.60  insns per cycle          (100.00%)
    98,374,841,864      branches                  #  453.901 M/sec                    (100.00%)
        83,709,529      branch-misses             #    0.09% of all branches        

      72.241653485 seconds time elapsed