LC_NUMERIC=en_US.UTF8 perf stat -B -a taskset -c 2 /tmp/eucycles/pyben-nio/src/run --server start --bind 10.10.1.2 --size 134217728 --port 8881 --filename /tmp/eucycles/data_file --bufsize 50mb --method "match; func=lambda v: int(chr(v)) < 1; sztype=BEFORE"

2018-07-01 19:41:42,739 | server           | INFO     | PID=8475 | [bufsize: 52428800 bytes] [zerocopy: False]
2018-07-01 19:41:42,753 | methods.match    | INFO     | PID=8475 | [method: methods.match]
2018-07-01 19:41:42,754 | methods.match    | INFO     | PID=8475 | [method parameters: {'mpws': '50MB', 'func': 'lambda v: int(chr(v)) < 1', 'sztype': 'BEFORE'}]
2018-07-01 19:41:42,774 | methods.match    | INFO     | PID=8475 | Start 1 process to handle data filtering
2018-07-01 19:41:42,774 | server           | INFO     | PID=8475 | Ready to send 134217728 bytes using data file size of 1073741824 bytes
2018-07-01 19:41:42,774 | server           | INFO     | PID=8475 | Listening socket bound to port 8881
2018-07-01 19:41:55,834 | server           | INFO     | PID=8475 | Accepted incoming connection ('10.10.1.1', 45976) from client. Sending data ...
2018-07-01 19:42:47,824 | server           | INFO     | PID=8475 | [SUMMARY] [Sent: 13420838 bytes] [Read: 13420838 bytes (9.999% of 134217728 raw bytes)] [Duration: 51.989163875579834 seconds] [Bitrate: 2065174.6632615477 bit/s]
2018-07-01 19:42:47,824 | server           | INFO     | PID=8475 | Resources closed, now exiting

 Performance counter stats for 'system wide':

     195658.303217      task-clock (msec)         #    3.000 CPUs utilized            (100.00%)
            17,411      context-switches          #    0.089 K/sec                    (100.00%)
               584      cpu-migrations            #    0.003 K/sec                    (100.00%)
            21,404      page-faults               #    0.109 K/sec                  
   134,096,288,687      cycles                    #    0.685 GHz                      (100.00%)
   <not supported>      stalled-cycles-frontend  
   <not supported>      stalled-cycles-backend   
   379,286,576,091      instructions              #    2.83  insns per cycle          (100.00%)
    77,432,375,881      branches                  #  395.753 M/sec                    (100.00%)
        31,323,287      branch-misses             #    0.04% of all branches        

      65.219660295 seconds time elapsed