LC_NUMERIC=en_US.UTF8 perf stat -B -a taskset -c 2 /tmp/eucycles/pyben-nio/src/run --client start --addresses 10.10.1.2  10.10.1.3 --size 1GB --port 8881 --bind 10.10.1.1 --bufsize 50mb --method "raw"

2018-07-01 18:06:29,730 | client           | INFO     | PID=6150 | [bufsize: 52428800 bytes]
2018-07-01 18:06:29,756 | client           | INFO     | PID=6152 | Connecting to server 10.10.1.2 on port 8881
2018-07-01 18:06:29,757 | client           | INFO     | PID=6151 | Connecting to server 10.10.1.3 on port 8881
2018-07-01 18:06:29,757 | client           | INFO     | PID=6152 | Connection established. Receiving data ...
2018-07-01 18:06:29,757 | methods.raw      | INFO     | PID=6152 | [method: methods.raw]
2018-07-01 18:06:29,757 | methods.raw      | INFO     | PID=6152 | [method parameters: {}]
2018-07-01 18:06:29,763 | client           | INFO     | PID=6151 | Connection established. Receiving data ...
2018-07-01 18:06:29,763 | methods.raw      | INFO     | PID=6151 | [method: methods.raw]
2018-07-01 18:06:29,764 | methods.raw      | INFO     | PID=6151 | [method parameters: {}]
2018-07-01 18:10:24,717 | client           | INFO     | PID=6151 | [Received: 0 bytes (0 raw bytes)] [Duration: 234.9176321029663 seconds] [Bitrate: 0.0 bit/s]
2018-07-01 18:10:24,717 | client           | INFO     | PID=6151 | Socket closed
2018-07-01 18:10:29,600 | client           | INFO     | PID=6152 | [Received: 0 bytes (0 raw bytes)] [Duration: 239.80584692955017 seconds] [Bitrate: 0.0 bit/s]
2018-07-01 18:10:29,600 | client           | INFO     | PID=6152 | Socket closed
2018-07-01 18:10:29,628 | client           | INFO     | PID=6150 | [SUMMARY] [Received: 0 bytes] [Duration: 239.80584692955017 seconds] [Bitrate: 0.0 bit/s]

 Performance counter stats for 'system wide':

     719863.101301      task-clock (msec)         #    3.000 CPUs utilized            (100.00%)
           507,873      context-switches          #    0.706 K/sec                    (100.00%)
               876      cpu-migrations            #    0.001 K/sec                    (100.00%)
            34,641      page-faults               #    0.048 K/sec                  
    14,025,258,484      cycles                    #    0.019 GHz                      (100.00%)
   <not supported>      stalled-cycles-frontend  
   <not supported>      stalled-cycles-backend   
    11,390,706,620      instructions              #    0.81  insns per cycle          (100.00%)
     2,440,212,829      branches                  #    3.390 M/sec                    (100.00%)
        23,177,141      branch-misses             #    0.95% of all branches        

     239.972493451 seconds time elapsed