LC_NUMERIC=en_US.UTF8 perf stat -B -a taskset -c 2 /tmp/eucycles/pyben-nio/src/run --server start --bind 10.10.1.9 --size 134217728 --port 8881 --filename /tmp/eucycles/data_file --bufsize 50mb --method "match; func=lambda v: int(chr(v)) < 4; sztype=BEFORE"

2018-07-01 23:59:44,676 | server           | INFO     | PID=10418 | [bufsize: 52428800 bytes] [zerocopy: False]
2018-07-01 23:59:44,690 | methods.match    | INFO     | PID=10418 | [method: methods.match]
2018-07-01 23:59:44,691 | methods.match    | INFO     | PID=10418 | [method parameters: {'mpws': '50MB', 'func': 'lambda v: int(chr(v)) < 4', 'sztype': 'BEFORE'}]
2018-07-01 23:59:44,711 | methods.match    | INFO     | PID=10418 | Start 1 process to handle data filtering
2018-07-01 23:59:44,711 | server           | INFO     | PID=10418 | Ready to send 134217728 bytes using data file size of 1073741824 bytes
2018-07-01 23:59:44,711 | server           | INFO     | PID=10418 | Listening socket bound to port 8881
2018-07-01 23:59:49,326 | server           | INFO     | PID=10418 | Accepted incoming connection ('10.10.1.1', 34624) from client. Sending data ...
2018-07-02 00:00:47,899 | server           | INFO     | PID=10418 | [SUMMARY] [Sent: 53683241 bytes] [Read: 53683241 bytes (39.997% of 134217728 raw bytes)] [Duration: 58.57299995422363 seconds] [Bitrate: 7332148.401748913 bit/s]
2018-07-02 00:00:47,899 | server           | INFO     | PID=10418 | Resources closed, now exiting

 Performance counter stats for 'system wide':

     189942.010399      task-clock (msec)         #    3.000 CPUs utilized            (100.00%)
            16,740      context-switches          #    0.088 K/sec                    (100.00%)
               656      cpu-migrations            #    0.003 K/sec                    (100.00%)
            28,117      page-faults               #    0.148 K/sec                  
   148,717,828,282      cycles                    #    0.783 GHz                      (100.00%)
   <not supported>      stalled-cycles-frontend  
   <not supported>      stalled-cycles-backend   
   410,739,270,329      instructions              #    2.76  insns per cycle          (100.00%)
    83,754,040,568      branches                  #  440.945 M/sec                    (100.00%)
        73,497,958      branch-misses             #    0.09% of all branches        

      63.317575162 seconds time elapsed