LC_NUMERIC=en_US.UTF8 perf stat -B -a taskset -c 2 /tmp/eucycles/pyben-nio/src/run --server start --bind 10.10.1.5 --size 134217728 --port 8881 --filename /tmp/eucycles/data_file --bufsize 50mb --method "match; func=lambda v: int(chr(v)) < 3; sztype=BEFORE"

2018-07-01 22:39:45,958 | server           | INFO     | PID=13476 | [bufsize: 52428800 bytes] [zerocopy: False]
2018-07-01 22:39:45,972 | methods.match    | INFO     | PID=13476 | [method: methods.match]
2018-07-01 22:39:45,973 | methods.match    | INFO     | PID=13476 | [method parameters: {'sztype': 'BEFORE', 'mpws': '50MB', 'func': 'lambda v: int(chr(v)) < 3'}]
2018-07-01 22:39:45,993 | methods.match    | INFO     | PID=13476 | Start 1 process to handle data filtering
2018-07-01 22:39:45,993 | server           | INFO     | PID=13476 | Ready to send 134217728 bytes using data file size of 1073741824 bytes
2018-07-01 22:39:45,993 | server           | INFO     | PID=13476 | Listening socket bound to port 8881
2018-07-01 22:39:55,490 | server           | INFO     | PID=13476 | Accepted incoming connection ('10.10.1.1', 55993) from client. Sending data ...
2018-07-01 22:40:52,936 | server           | INFO     | PID=13476 | [SUMMARY] [Sent: 40263329 bytes] [Read: 40263329 bytes (29.999% of 134217728 raw bytes)] [Duration: 57.44627404212952 seconds] [Bitrate: 5607093.538630127 bit/s]
2018-07-01 22:40:52,937 | server           | INFO     | PID=13476 | Resources closed, now exiting

 Performance counter stats for 'system wide':

     201354.926587      task-clock (msec)         #    3.000 CPUs utilized            (100.00%)
            18,067      context-switches          #    0.090 K/sec                    (100.00%)
               151      cpu-migrations            #    0.001 K/sec                    (100.00%)
            26,635      page-faults               #    0.132 K/sec                  
   155,609,492,466      cycles                    #    0.773 GHz                      (100.00%)
   <not supported>      stalled-cycles-frontend  
   <not supported>      stalled-cycles-backend   
   410,648,742,418      instructions              #    2.64  insns per cycle          (100.00%)
    84,579,493,248      branches                  #  420.052 M/sec                    (100.00%)
        58,562,880      branch-misses             #    0.07% of all branches        

      67.113304811 seconds time elapsed