LC_NUMERIC=en_US.UTF8 perf stat -B -a taskset -c 2 /tmp/eucycles/pyben-nio/src/run --server start --bind 10.10.1.2 --size 214748365 --port 8881 --filename /tmp/eucycles/data_file --bufsize 50mb --method "match; func=lambda v: int(chr(v)) < 9; sztype=BEFORE"

2018-07-02 07:02:34,237 | server           | INFO     | PID=6339 | [bufsize: 52428800 bytes] [zerocopy: False]
2018-07-02 07:02:34,251 | methods.match    | INFO     | PID=6339 | [method: methods.match]
2018-07-02 07:02:34,252 | methods.match    | INFO     | PID=6339 | [method parameters: {'mpws': '50MB', 'sztype': 'BEFORE', 'func': 'lambda v: int(chr(v)) < 9'}]
2018-07-02 07:02:34,272 | methods.match    | INFO     | PID=6339 | Start 1 process to handle data filtering
2018-07-02 07:02:34,272 | server           | INFO     | PID=6339 | Ready to send 214748365 bytes using data file size of 1073741824 bytes
2018-07-02 07:02:34,272 | server           | INFO     | PID=6339 | Listening socket bound to port 8881
2018-07-02 07:02:43,722 | server           | INFO     | PID=6339 | Accepted incoming connection ('10.10.1.1', 39310) from client. Sending data ...
2018-07-02 07:04:33,396 | server           | INFO     | PID=6339 | [SUMMARY] [Sent: 193274319 bytes] [Read: 193274319 bytes (90.000% of 214748365 raw bytes)] [Duration: 109.67378211021423 seconds] [Bitrate: 14098123.747079188 bit/s]
2018-07-02 07:04:33,396 | server           | INFO     | PID=6339 | Resources closed, now exiting

 Performance counter stats for 'system wide':

     357878.129596      task-clock (msec)         #    3.000 CPUs utilized            (100.00%)
            31,201      context-switches          #    0.087 K/sec                    (100.00%)
             1,224      cpu-migrations            #    0.003 K/sec                    (100.00%)
            68,318      page-faults               #    0.191 K/sec                  
   272,697,834,956      cycles                    #    0.762 GHz                      (100.00%)
   <not supported>      stalled-cycles-frontend  
   <not supported>      stalled-cycles-backend   
   756,028,262,910      instructions              #    2.77  insns per cycle          (100.00%)
   154,874,460,070      branches                  #  432.758 M/sec                    (100.00%)
        49,306,141      branch-misses             #    0.03% of all branches        

     119.293295574 seconds time elapsed