LC_NUMERIC=en_US.UTF8 perf stat -B -a taskset -c 2 /tmp/eucycles/pyben-nio/src/run --server start --bind 10.10.1.3 --size 153391689 --port 8881 --filename /tmp/eucycles/data_file --bufsize 50mb --method "match; func=lambda v: int(chr(v)) < 7; sztype=BEFORE"

2018-07-02 04:10:22,487 | server           | INFO     | PID=29164 | [bufsize: 52428800 bytes] [zerocopy: False]
2018-07-02 04:10:22,502 | methods.match    | INFO     | PID=29164 | [method: methods.match]
2018-07-02 04:10:22,502 | methods.match    | INFO     | PID=29164 | [method parameters: {'sztype': 'BEFORE', 'mpws': '50MB', 'func': 'lambda v: int(chr(v)) < 7'}]
2018-07-02 04:10:22,522 | methods.match    | INFO     | PID=29164 | Start 1 process to handle data filtering
2018-07-02 04:10:22,523 | server           | INFO     | PID=29164 | Ready to send 153391689 bytes using data file size of 1073741824 bytes
2018-07-02 04:10:22,523 | server           | INFO     | PID=29164 | Listening socket bound to port 8881
2018-07-02 04:10:33,185 | server           | INFO     | PID=29164 | Accepted incoming connection ('10.10.1.1', 36175) from client. Sending data ...
2018-07-02 04:11:50,168 | server           | INFO     | PID=29164 | [SUMMARY] [Sent: 107357975 bytes] [Read: 107357975 bytes (69.989% of 153391689 raw bytes)] [Duration: 76.98269391059875 seconds] [Bitrate: 11156582.815839265 bit/s]
2018-07-02 04:11:50,168 | server           | INFO     | PID=29164 | Resources closed, now exiting

 Performance counter stats for 'system wide':

     263439.588065      task-clock (msec)         #    3.000 CPUs utilized            (100.00%)
            22,233      context-switches          #    0.084 K/sec                    (100.00%)
               639      cpu-migrations            #    0.002 K/sec                    (100.00%)
            46,558      page-faults               #    0.177 K/sec                  
   188,455,975,222      cycles                    #    0.715 GHz                      (100.00%)
   <not supported>      stalled-cycles-frontend  
   <not supported>      stalled-cycles-backend   
   517,299,693,157      instructions              #    2.74  insns per cycle          (100.00%)
   105,465,075,291      branches                  #  400.339 M/sec                    (100.00%)
        66,982,190      branch-misses             #    0.06% of all branches        

      87.817936773 seconds time elapsed