LC_NUMERIC=en_US.UTF8 perf stat -B -a taskset -c 2 /tmp/eucycles/pyben-nio/src/run --server start --bind 10.10.1.6 --size 153391689 --port 8881 --filename /tmp/eucycles/data_file --bufsize 50mb --method "match; func=lambda v: int(chr(v)) < 7; sztype=BEFORE"

2018-07-02 04:10:22,488 | server           | INFO     | PID=22262 | [bufsize: 52428800 bytes] [zerocopy: False]
2018-07-02 04:10:22,503 | methods.match    | INFO     | PID=22262 | [method: methods.match]
2018-07-02 04:10:22,503 | methods.match    | INFO     | PID=22262 | [method parameters: {'func': 'lambda v: int(chr(v)) < 7', 'mpws': '50MB', 'sztype': 'BEFORE'}]
2018-07-02 04:10:22,524 | methods.match    | INFO     | PID=22262 | Start 1 process to handle data filtering
2018-07-02 04:10:22,524 | server           | INFO     | PID=22262 | Ready to send 153391689 bytes using data file size of 1073741824 bytes
2018-07-02 04:10:22,524 | server           | INFO     | PID=22262 | Listening socket bound to port 8881
2018-07-02 04:10:29,564 | server           | INFO     | PID=22262 | Accepted incoming connection ('10.10.1.1', 46006) from client. Sending data ...
2018-07-02 04:11:43,418 | server           | INFO     | PID=22262 | [SUMMARY] [Sent: 107374881 bytes] [Read: 107374881 bytes (70.000% of 153391689 raw bytes)] [Duration: 73.85403180122375 seconds] [Bitrate: 11631037.968407385 bit/s]
2018-07-02 04:11:43,418 | server           | INFO     | PID=22262 | Resources closed, now exiting

 Performance counter stats for 'system wide':

     243176.313762      task-clock (msec)         #    3.000 CPUs utilized            (100.00%)
            21,498      context-switches          #    0.088 K/sec                    (100.00%)
               829      cpu-migrations            #    0.003 K/sec                    (100.00%)
            45,607      page-faults               #    0.188 K/sec                  
   183,088,416,824      cycles                    #    0.753 GHz                      (100.00%)
   <not supported>      stalled-cycles-frontend  
   <not supported>      stalled-cycles-backend   
   507,224,760,395      instructions              #    2.77  insns per cycle          (100.00%)
   103,291,938,165      branches                  #  424.762 M/sec                    (100.00%)
        66,785,044      branch-misses             #    0.06% of all branches        

      81.065400379 seconds time elapsed