LC_NUMERIC=en_US.UTF8 perf stat -B -a taskset -c 2 /tmp/eucycles/pyben-nio/src/run --server start --bind 10.10.1.5 --size 268435456 --port 8881 --filename /tmp/eucycles/data_file --bufsize 50mb --method "match; func=lambda v: int(chr(v)) < 5; sztype=BEFORE"

2018-07-02 00:45:15,653 | server           | INFO     | PID=17805 | [bufsize: 52428800 bytes] [zerocopy: False]
2018-07-02 00:45:15,667 | methods.match    | INFO     | PID=17805 | [method: methods.match]
2018-07-02 00:45:15,667 | methods.match    | INFO     | PID=17805 | [method parameters: {'func': 'lambda v: int(chr(v)) < 5', 'sztype': 'BEFORE', 'mpws': '50MB'}]
2018-07-02 00:45:15,687 | methods.match    | INFO     | PID=17805 | Start 1 process to handle data filtering
2018-07-02 00:45:15,688 | server           | INFO     | PID=17805 | Ready to send 268435456 bytes using data file size of 1073741824 bytes
2018-07-02 00:45:15,688 | server           | INFO     | PID=17805 | Listening socket bound to port 8881
2018-07-02 00:45:20,153 | server           | INFO     | PID=17805 | Accepted incoming connection ('10.10.1.1', 60969) from client. Sending data ...
2018-07-02 00:47:22,093 | server           | INFO     | PID=17805 | [SUMMARY] [Sent: 134215078 bytes] [Read: 134215078 bytes (49.999% of 268435456 raw bytes)] [Duration: 121.94024395942688 seconds] [Bitrate: 8805301.589828363 bit/s]
2018-07-02 00:47:22,093 | server           | INFO     | PID=17805 | Resources closed, now exiting

 Performance counter stats for 'system wide':

     379629.665526      task-clock (msec)         #    3.000 CPUs utilized            (100.00%)
            32,499      context-switches          #    0.086 K/sec                    (100.00%)
             1,075      cpu-migrations            #    0.003 K/sec                    (100.00%)
            34,984      page-faults               #    0.092 K/sec                  
   371,636,527,751      cycles                    #    0.979 GHz                      (100.00%)
   <not supported>      stalled-cycles-frontend  
   <not supported>      stalled-cycles-backend   
   885,048,185,675      instructions              #    2.38  insns per cycle          (100.00%)
   182,116,539,145      branches                  #  479.722 M/sec                    (100.00%)
       167,603,132      branch-misses             #    0.09% of all branches        

     126.533976541 seconds time elapsed