LC_NUMERIC=en_US.UTF8 perf stat -B -a taskset -c 2 /tmp/eucycles/pyben-nio/src/run --server start --bind 10.10.1.7 --size 178956970 --port 8881 --filename /tmp/eucycles/data_file --bufsize 50mb --method "match; func=lambda v: int(chr(v)) < 9; sztype=BEFORE"

2018-07-02 06:35:10,606 | server           | INFO     | PID=23346 | [bufsize: 52428800 bytes] [zerocopy: False]
2018-07-02 06:35:10,620 | methods.match    | INFO     | PID=23346 | [method: methods.match]
2018-07-02 06:35:10,621 | methods.match    | INFO     | PID=23346 | [method parameters: {'sztype': 'BEFORE', 'func': 'lambda v: int(chr(v)) < 9', 'mpws': '50MB'}]
2018-07-02 06:35:10,641 | methods.match    | INFO     | PID=23346 | Start 1 process to handle data filtering
2018-07-02 06:35:10,641 | server           | INFO     | PID=23346 | Ready to send 178956970 bytes using data file size of 1073741824 bytes
2018-07-02 06:35:10,641 | server           | INFO     | PID=23346 | Listening socket bound to port 8881
2018-07-02 06:35:15,262 | server           | INFO     | PID=23346 | Accepted incoming connection ('10.10.1.1', 55747) from client. Sending data ...
2018-07-02 06:36:48,793 | server           | INFO     | PID=23346 | [SUMMARY] [Sent: 161063752 bytes] [Read: 161063752 bytes (90.001% of 178956970 raw bytes)] [Duration: 93.53059911727905 seconds] [Bitrate: 13776347.293406332 bit/s]
2018-07-02 06:36:48,793 | server           | INFO     | PID=23346 | Resources closed, now exiting

 Performance counter stats for 'system wide':

     294837.416534      task-clock (msec)         #    3.000 CPUs utilized            (100.00%)
            24,569      context-switches          #    0.083 K/sec                    (100.00%)
               699      cpu-migrations            #    0.002 K/sec                    (100.00%)
            58,321      page-faults               #    0.198 K/sec                  
   227,987,857,731      cycles                    #    0.773 GHz                      (100.00%)
   <not supported>      stalled-cycles-frontend  
   <not supported>      stalled-cycles-backend   
   636,224,109,061      instructions              #    2.79  insns per cycle          (100.00%)
   130,119,899,031      branches                  #  441.328 M/sec                    (100.00%)
        41,245,216      branch-misses             #    0.03% of all branches        

      98.279627886 seconds time elapsed