LC_NUMERIC=en_US.UTF8 perf stat -B -a taskset -c 2 /tmp/eucycles/pyben-nio/src/run --server start --bind 10.10.1.7 --size 153391689 --port 8881 --filename /tmp/eucycles/data_file --bufsize 50mb --method "match; func=lambda v: int(chr(v)) < 9; sztype=BEFORE"

2018-07-02 07:37:44,965 | server           | INFO     | PID=24934 | [bufsize: 52428800 bytes] [zerocopy: False]
2018-07-02 07:37:44,979 | methods.match    | INFO     | PID=24934 | [method: methods.match]
2018-07-02 07:37:44,980 | methods.match    | INFO     | PID=24934 | [method parameters: {'sztype': 'BEFORE', 'func': 'lambda v: int(chr(v)) < 9', 'mpws': '50MB'}]
2018-07-02 07:37:45,000 | methods.match    | INFO     | PID=24934 | Start 1 process to handle data filtering
2018-07-02 07:37:45,000 | server           | INFO     | PID=24934 | Ready to send 153391689 bytes using data file size of 1073741824 bytes
2018-07-02 07:37:45,000 | server           | INFO     | PID=24934 | Listening socket bound to port 8881
2018-07-02 07:37:50,822 | server           | INFO     | PID=24934 | Accepted incoming connection ('10.10.1.1', 60707) from client. Sending data ...
2018-07-02 07:39:10,994 | server           | INFO     | PID=24934 | [SUMMARY] [Sent: 138056352 bytes] [Read: 138056352 bytes (90.002% of 153391689 raw bytes)] [Duration: 80.17170786857605 seconds] [Bitrate: 13776066.96130891 bit/s]
2018-07-02 07:39:10,994 | server           | INFO     | PID=24934 | Resources closed, now exiting

 Performance counter stats for 'system wide':

     258500.872463      task-clock (msec)         #    3.000 CPUs utilized            (100.00%)
            21,832      context-switches          #    0.084 K/sec                    (100.00%)
               603      cpu-migrations            #    0.002 K/sec                    (100.00%)
            52,833      page-faults               #    0.204 K/sec                  
   194,397,126,543      cycles                    #    0.752 GHz                      (100.00%)
   <not supported>      stalled-cycles-frontend  
   <not supported>      stalled-cycles-backend   
   536,535,928,819      instructions              #    2.76  insns per cycle          (100.00%)
   109,405,538,597      branches                  #  423.231 M/sec                    (100.00%)
        35,893,532      branch-misses             #    0.03% of all branches        

      86.167360697 seconds time elapsed