LC_NUMERIC=en_US.UTF8 perf stat -B -a taskset -c 2 /tmp/eucycles/pyben-nio/src/run --server start --bind 10.10.1.7 --size 153391689 --port 8881 --filename /tmp/eucycles/data_file --bufsize 50mb --method "match; func=lambda v: int(chr(v)) < 5; sztype=BEFORE"

2018-07-02 01:20:19,442 | server           | INFO     | PID=15692 | [bufsize: 52428800 bytes] [zerocopy: False]
2018-07-02 01:20:19,457 | methods.match    | INFO     | PID=15692 | [method: methods.match]
2018-07-02 01:20:19,457 | methods.match    | INFO     | PID=15692 | [method parameters: {'sztype': 'BEFORE', 'func': 'lambda v: int(chr(v)) < 5', 'mpws': '50MB'}]
2018-07-02 01:20:19,477 | methods.match    | INFO     | PID=15692 | Start 1 process to handle data filtering
2018-07-02 01:20:19,477 | server           | INFO     | PID=15692 | Ready to send 153391689 bytes using data file size of 1073741824 bytes
2018-07-02 01:20:19,478 | server           | INFO     | PID=15692 | Listening socket bound to port 8881
2018-07-02 01:20:25,282 | server           | INFO     | PID=15692 | Accepted incoming connection ('10.10.1.1', 56136) from client. Sending data ...
2018-07-02 01:21:34,238 | server           | INFO     | PID=15692 | [SUMMARY] [Sent: 76698389 bytes] [Read: 76698389 bytes (50.002% of 153391689 raw bytes)] [Duration: 68.9559440612793 seconds] [Bitrate: 8898248.299736446 bit/s]
2018-07-02 01:21:34,238 | server           | INFO     | PID=15692 | Resources closed, now exiting

 Performance counter stats for 'system wide':

     224813.940799      task-clock (msec)         #    3.000 CPUs utilized            (100.00%)
            19,942      context-switches          #    0.089 K/sec                    (100.00%)
                82      cpu-migrations            #    0.000 K/sec                    (100.00%)
            31,315      page-faults               #    0.139 K/sec                  
   174,516,274,417      cycles                    #    0.776 GHz                      (100.00%)
   <not supported>      stalled-cycles-frontend  
   <not supported>      stalled-cycles-backend   
   483,676,670,437      instructions              #    2.77  insns per cycle          (100.00%)
    98,543,996,083      branches                  #  438.336 M/sec                    (100.00%)
        96,849,827      branch-misses             #    0.10% of all branches        

      74.938304357 seconds time elapsed