LC_NUMERIC=en_US.UTF8 perf stat -B -a taskset -c 2 /tmp/eucycles/pyben-nio/src/run --server start --bind 10.10.1.2 --size 134217728 --port 8881 --filename /tmp/eucycles/data_file --bufsize 50mb --method "match; func=lambda v: int(chr(v)) < 5; sztype=BEFORE"

2018-07-02 00:54:34,666 | server           | INFO     | PID=23338 | [bufsize: 52428800 bytes] [zerocopy: False]
2018-07-02 00:54:34,681 | methods.match    | INFO     | PID=23338 | [method: methods.match]
2018-07-02 00:54:34,681 | methods.match    | INFO     | PID=23338 | [method parameters: {'func': 'lambda v: int(chr(v)) < 5', 'mpws': '50MB', 'sztype': 'BEFORE'}]
2018-07-02 00:54:34,701 | methods.match    | INFO     | PID=23338 | Start 1 process to handle data filtering
2018-07-02 00:54:34,701 | server           | INFO     | PID=23338 | Ready to send 134217728 bytes using data file size of 1073741824 bytes
2018-07-02 00:54:34,701 | server           | INFO     | PID=23338 | Listening socket bound to port 8881
2018-07-02 00:54:47,748 | server           | INFO     | PID=23338 | Accepted incoming connection ('10.10.1.1', 54241) from client. Sending data ...
2018-07-02 00:55:48,219 | server           | INFO     | PID=23338 | [SUMMARY] [Sent: 67109793 bytes] [Read: 67109793 bytes (50.001% of 134217728 raw bytes)] [Duration: 60.470946073532104 seconds] [Bitrate: 8878285.83576584 bit/s]
2018-07-02 00:55:48,219 | server           | INFO     | PID=23338 | Resources closed, now exiting

 Performance counter stats for 'system wide':

     221064.775899      task-clock (msec)         #    3.000 CPUs utilized            (100.00%)
            19,653      context-switches          #    0.089 K/sec                    (100.00%)
               756      cpu-migrations            #    0.003 K/sec                    (100.00%)
            33,348      page-faults               #    0.151 K/sec                  
   152,631,949,532      cycles                    #    0.690 GHz                      (100.00%)
   <not supported>      stalled-cycles-frontend  
   <not supported>      stalled-cycles-backend   
   423,430,062,623      instructions              #    2.77  insns per cycle          (100.00%)
    86,275,015,234      branches                  #  390.270 M/sec                    (100.00%)
        85,622,310      branch-misses             #    0.10% of all branches        

      73.688539421 seconds time elapsed