LC_NUMERIC=en_US.UTF8 perf stat -B -a taskset -c 2 /tmp/eucycles/pyben-nio/src/run --server start --bind 10.10.1.3 --size 214748365 --port 8881 --filename /tmp/eucycles/data_file --bufsize 50mb --method "match; func=lambda v: int(chr(v)) < 8; sztype=BEFORE"

2018-07-02 06:02:32,593 | server           | INFO     | PID=858 | [bufsize: 52428800 bytes] [zerocopy: False]
2018-07-02 06:02:32,607 | methods.match    | INFO     | PID=858 | [method: methods.match]
2018-07-02 06:02:32,607 | methods.match    | INFO     | PID=858 | [method parameters: {'func': 'lambda v: int(chr(v)) < 8', 'sztype': 'BEFORE', 'mpws': '50MB'}]
2018-07-02 06:02:32,628 | methods.match    | INFO     | PID=858 | Start 1 process to handle data filtering
2018-07-02 06:02:32,628 | server           | INFO     | PID=858 | Ready to send 214748365 bytes using data file size of 1073741824 bytes
2018-07-02 06:02:32,628 | server           | INFO     | PID=858 | Listening socket bound to port 8881
2018-07-02 06:02:40,711 | server           | INFO     | PID=858 | Accepted incoming connection ('10.10.1.1', 53907) from client. Sending data ...
2018-07-02 06:04:23,195 | server           | INFO     | PID=858 | [SUMMARY] [Sent: 171787723 bytes] [Read: 171787723 bytes (79.995% of 214748365 raw bytes)] [Duration: 102.48384618759155 seconds] [Bitrate: 13409935.664245166 bit/s]
2018-07-02 06:04:23,195 | server           | INFO     | PID=858 | Resources closed, now exiting

 Performance counter stats for 'system wide':

     332197.945829      task-clock (msec)         #    3.000 CPUs utilized            (100.00%)
            27,963      context-switches          #    0.084 K/sec                    (100.00%)
               826      cpu-migrations            #    0.002 K/sec                    (100.00%)
            62,347      page-faults               #    0.188 K/sec                  
   260,199,638,209      cycles                    #    0.783 GHz                      (100.00%)
   <not supported>      stalled-cycles-frontend  
   <not supported>      stalled-cycles-backend   
   727,601,361,365      instructions              #    2.80  insns per cycle          (100.00%)
   148,109,611,267      branches                  #  445.847 M/sec                    (100.00%)
        70,437,872      branch-misses             #    0.05% of all branches        

     110.738679693 seconds time elapsed