LC_NUMERIC=en_US.UTF8 perf stat -B -a taskset -c 2 /tmp/eucycles/pyben-nio/src/run --server start --bind 10.10.1.4 --size 268435456 --port 8881 --filename /tmp/eucycles/data_file --bufsize 50mb --method "match; func=lambda v: int(chr(v)) < 9; sztype=BEFORE"

2018-07-02 06:59:44,632 | server           | INFO     | PID=32551 | [bufsize: 52428800 bytes] [zerocopy: False]
2018-07-02 06:59:44,647 | methods.match    | INFO     | PID=32551 | [method: methods.match]
2018-07-02 06:59:44,647 | methods.match    | INFO     | PID=32551 | [method parameters: {'sztype': 'BEFORE', 'func': 'lambda v: int(chr(v)) < 9', 'mpws': '50MB'}]
2018-07-02 06:59:44,668 | methods.match    | INFO     | PID=32551 | Start 1 process to handle data filtering
2018-07-02 06:59:44,668 | server           | INFO     | PID=32551 | Ready to send 268435456 bytes using data file size of 1073741824 bytes
2018-07-02 06:59:44,668 | server           | INFO     | PID=32551 | Listening socket bound to port 8881
2018-07-02 06:59:50,362 | server           | INFO     | PID=32551 | Accepted incoming connection ('10.10.1.1', 59227) from client. Sending data ...
2018-07-02 07:02:05,800 | server           | INFO     | PID=32551 | [SUMMARY] [Sent: 241589578 bytes] [Read: 241589578 bytes (89.999% of 268435456 raw bytes)] [Duration: 135.43743181228638 seconds] [Bitrate: 14270180.688885974 bit/s]
2018-07-02 07:02:05,800 | server           | INFO     | PID=32551 | Resources closed, now exiting

 Performance counter stats for 'system wide':

     423930.430219      task-clock (msec)         #    3.000 CPUs utilized            (100.00%)
            36,775      context-switches          #    0.087 K/sec                    (100.00%)
               425      cpu-migrations            #    0.001 K/sec                    (100.00%)
            79,480      page-faults               #    0.187 K/sec                  
   360,352,234,088      cycles                    #    0.850 GHz                      (100.00%)
   <not supported>      stalled-cycles-frontend  
   <not supported>      stalled-cycles-backend   
   946,367,327,415      instructions              #    2.63  insns per cycle          (100.00%)
   194,065,213,195      branches                  #  457.776 M/sec                    (100.00%)
        60,570,654      branch-misses             #    0.03% of all branches        

     141.307576040 seconds time elapsed