LC_NUMERIC=en_US.UTF8 perf stat -B -a taskset -c 2 /tmp/eucycles/pyben-nio/src/run --server start --bind 10.10.1.3 --size 153391689 --port 8881 --filename /tmp/eucycles/data_file --bufsize 50mb --method "match; func=lambda v: int(chr(v)) < 2; sztype=BEFORE"

2018-07-01 21:45:40,609 | server           | INFO     | PID=13242 | [bufsize: 52428800 bytes] [zerocopy: False]
2018-07-01 21:45:40,623 | methods.match    | INFO     | PID=13242 | [method: methods.match]
2018-07-01 21:45:40,624 | methods.match    | INFO     | PID=13242 | [method parameters: {'sztype': 'BEFORE', 'func': 'lambda v: int(chr(v)) < 2', 'mpws': '50MB'}]
2018-07-01 21:45:40,644 | methods.match    | INFO     | PID=13242 | Start 1 process to handle data filtering
2018-07-01 21:45:40,644 | server           | INFO     | PID=13242 | Ready to send 153391689 bytes using data file size of 1073741824 bytes
2018-07-01 21:45:40,644 | server           | INFO     | PID=13242 | Listening socket bound to port 8881
2018-07-01 21:45:51,232 | server           | INFO     | PID=13242 | Accepted incoming connection ('10.10.1.1', 47111) from client. Sending data ...
2018-07-01 21:46:53,641 | server           | INFO     | PID=13242 | [SUMMARY] [Sent: 30676488 bytes] [Read: 30676488 bytes (19.999% of 153391689 raw bytes)] [Duration: 62.40886116027832 seconds] [Bitrate: 3932324.664116745 bit/s]
2018-07-01 21:46:53,641 | server           | INFO     | PID=13242 | Resources closed, now exiting

 Performance counter stats for 'system wide':

     219493.869741      task-clock (msec)         #    3.000 CPUs utilized            (100.00%)
            19,292      context-switches          #    0.088 K/sec                    (100.00%)
               689      cpu-migrations            #    0.003 K/sec                    (100.00%)
            27,424      page-faults               #    0.125 K/sec                  
   160,893,490,350      cycles                    #    0.733 GHz                      (100.00%)
   <not supported>      stalled-cycles-frontend  
   <not supported>      stalled-cycles-backend   
   450,104,258,079      instructions              #    2.80  insns per cycle          (100.00%)
    91,949,198,852      branches                  #  418.915 M/sec                    (100.00%)
        51,133,943      branch-misses             #    0.06% of all branches        

      73.168542658 seconds time elapsed