LC_NUMERIC=en_US.UTF8 perf stat -B -a taskset -c 2 /tmp/eucycles/pyben-nio/src/run --server start --bind 10.10.1.5 --size 178956971 --port 8881 --filename /tmp/eucycles/data_file --bufsize 50mb --method "match; func=lambda v: int(chr(v)) < 1; sztype=BEFORE"

2018-07-01 20:02:42,544 | server           | INFO     | PID=7834 | [bufsize: 52428800 bytes] [zerocopy: False]
2018-07-01 20:02:42,558 | methods.match    | INFO     | PID=7834 | [method: methods.match]
2018-07-01 20:02:42,558 | methods.match    | INFO     | PID=7834 | [method parameters: {'func': 'lambda v: int(chr(v)) < 1', 'sztype': 'BEFORE', 'mpws': '50MB'}]
2018-07-01 20:02:42,579 | methods.match    | INFO     | PID=7834 | Start 1 process to handle data filtering
2018-07-01 20:02:42,579 | server           | INFO     | PID=7834 | Ready to send 178956971 bytes using data file size of 1073741824 bytes
2018-07-01 20:02:42,579 | server           | INFO     | PID=7834 | Listening socket bound to port 8881
2018-07-01 20:02:49,496 | server           | INFO     | PID=7834 | Accepted incoming connection ('10.10.1.1', 37918) from client. Sending data ...
2018-07-01 20:03:59,414 | server           | INFO     | PID=7834 | [SUMMARY] [Sent: 17894178 bytes] [Read: 17894178 bytes (9.999% of 178956971 raw bytes)] [Duration: 69.91795206069946 seconds] [Bitrate: 2047448.7564469988 bit/s]
2018-07-01 20:03:59,414 | server           | INFO     | PID=7834 | Resources closed, now exiting

 Performance counter stats for 'system wide':

     231034.191028      task-clock (msec)         #    3.000 CPUs utilized            (100.00%)
            20,761      context-switches          #    0.090 K/sec                    (100.00%)
               244      cpu-migrations            #    0.001 K/sec                    (100.00%)
            20,925      page-faults               #    0.091 K/sec                  
   198,704,838,440      cycles                    #    0.860 GHz                      (100.00%)
   <not supported>      stalled-cycles-frontend  
   <not supported>      stalled-cycles-backend   
   510,161,466,731      instructions              #    2.57  insns per cycle          (100.00%)
   104,360,004,715      branches                  #  451.708 M/sec                    (100.00%)
        40,570,982      branch-misses             #    0.04% of all branches        

      77.005688174 seconds time elapsed