LC_NUMERIC=en_US.UTF8 perf stat -B -a taskset -c 2 /tmp/eucycles/pyben-nio/src/run --server start --bind 10.10.1.9 --size 134217728 --port 8881 --filename /tmp/eucycles/data_file --bufsize 50mb --method "match; func=lambda v: int(chr(v)) < 9; sztype=BEFORE"

2018-07-02 06:39:53,015 | server           | INFO     | PID=17901 | [bufsize: 52428800 bytes] [zerocopy: False]
2018-07-02 06:39:53,029 | methods.match    | INFO     | PID=17901 | [method: methods.match]
2018-07-02 06:39:53,029 | methods.match    | INFO     | PID=17901 | [method parameters: {'mpws': '50MB', 'sztype': 'BEFORE', 'func': 'lambda v: int(chr(v)) < 9'}]
2018-07-02 06:39:53,050 | methods.match    | INFO     | PID=17901 | Start 1 process to handle data filtering
2018-07-02 06:39:53,050 | server           | INFO     | PID=17901 | Ready to send 134217728 bytes using data file size of 1073741824 bytes
2018-07-02 06:39:53,050 | server           | INFO     | PID=17901 | Listening socket bound to port 8881
2018-07-02 06:39:57,682 | server           | INFO     | PID=17901 | Accepted incoming connection ('10.10.1.1', 52707) from client. Sending data ...
2018-07-02 06:41:08,534 | server           | INFO     | PID=17901 | [SUMMARY] [Sent: 120794040 bytes] [Read: 120794040 bytes (89.999% of 134217728 raw bytes)] [Duration: 70.8520679473877 seconds] [Bitrate: 13639013.623675458 bit/s]
2018-07-02 06:41:08,535 | server           | INFO     | PID=17901 | Resources closed, now exiting

 Performance counter stats for 'system wide':

     226801.971698      task-clock (msec)         #    3.000 CPUs utilized            (100.00%)
            19,654      context-switches          #    0.087 K/sec                    (100.00%)
               800      cpu-migrations            #    0.004 K/sec                    (100.00%)
            47,998      page-faults               #    0.212 K/sec                  
   168,762,017,251      cycles                    #    0.744 GHz                      (100.00%)
   <not supported>      stalled-cycles-frontend  
   <not supported>      stalled-cycles-backend   
   471,485,501,441      instructions              #    2.79  insns per cycle          (100.00%)
    96,266,891,092      branches                  #  424.454 M/sec                    (100.00%)
        31,705,397      branch-misses             #    0.03% of all branches        

      75.604962664 seconds time elapsed