LC_NUMERIC=en_US.UTF8 perf stat -B -a taskset -c 2 /tmp/eucycles/pyben-nio/src/run --server start --bind 10.10.1.3 --size 214748365 --port 8881 --filename /tmp/eucycles/data_file --bufsize 50mb --method "match; func=lambda v: int(chr(v)) < 1; sztype=BEFORE"

2018-07-01 19:35:43,882 | server           | INFO     | PID=7463 | [bufsize: 52428800 bytes] [zerocopy: False]
2018-07-01 19:35:43,896 | methods.match    | INFO     | PID=7463 | [method: methods.match]
2018-07-01 19:35:43,896 | methods.match    | INFO     | PID=7463 | [method parameters: {'sztype': 'BEFORE', 'mpws': '50MB', 'func': 'lambda v: int(chr(v)) < 1'}]
2018-07-01 19:35:43,917 | methods.match    | INFO     | PID=7463 | Start 1 process to handle data filtering
2018-07-01 19:35:43,917 | server           | INFO     | PID=7463 | Ready to send 214748365 bytes using data file size of 1073741824 bytes
2018-07-01 19:35:43,917 | server           | INFO     | PID=7463 | Listening socket bound to port 8881
2018-07-01 19:35:51,999 | server           | INFO     | PID=7463 | Accepted incoming connection ('10.10.1.1', 46323) from client. Sending data ...
2018-07-01 19:37:15,876 | server           | INFO     | PID=7463 | [SUMMARY] [Sent: 21470103 bytes] [Read: 21470103 bytes (9.998% of 214748365 raw bytes)] [Duration: 83.87742710113525 seconds] [Bitrate: 2047759.8078074008 bit/s]
2018-07-01 19:37:15,876 | server           | INFO     | PID=7463 | Resources closed, now exiting

 Performance counter stats for 'system wide':

     276381.257345      task-clock (msec)         #    3.000 CPUs utilized            (100.00%)
            24,663      context-switches          #    0.089 K/sec                    (100.00%)
               149      cpu-migrations            #    0.001 K/sec                    (100.00%)
            21,204      page-faults               #    0.077 K/sec                  
   216,131,393,846      cycles                    #    0.782 GHz                      (100.00%)
   <not supported>      stalled-cycles-frontend  
   <not supported>      stalled-cycles-backend   
   609,725,457,236      instructions              #    2.82  insns per cycle          (100.00%)
   124,671,680,373      branches                  #  451.086 M/sec                    (100.00%)
        48,084,674      branch-misses             #    0.04% of all branches        

      92.132070141 seconds time elapsed