2018-06-07 06:47:19,468 | client           | INFO     | PID=10 | [bufsize: 131072 bytes]
2018-06-07 06:47:19,558 | client           | INFO     | PID=12 | Connecting to server 10.11.10.3 on port 8881
2018-06-07 06:47:19,559 | client           | INFO     | PID=11 | Connecting to server 10.11.10.2 on port 8881
2018-06-07 06:47:19,559 | client           | INFO     | PID=12 | Connection established. Receiving data ...
2018-06-07 06:47:19,559 | client           | INFO     | PID=11 | Connection established. Receiving data ...
2018-06-07 06:47:19,559 | methods.raw      | INFO     | PID=12 | [method: methods.raw]
2018-06-07 06:47:19,560 | methods.raw      | INFO     | PID=12 | [method parameters: {}]
2018-06-07 06:47:19,560 | methods.raw      | INFO     | PID=11 | [method: methods.raw]
2018-06-07 06:47:19,561 | methods.raw      | INFO     | PID=11 | [method parameters: {}]
2018-06-07 07:05:36,564 | client           | INFO     | PID=12 | [Received: 2684346080 bytes (2684346080 raw bytes)] [Duration: 1097.003695011139 seconds] [Bitrate: 19575839.84234615 bit/s]
2018-06-07 07:05:36,564 | client           | INFO     | PID=12 | Socket closed
2018-06-07 07:05:37,217 | client           | INFO     | PID=11 | [Received: 2684341701 bytes (2684341701 raw bytes)] [Duration: 1097.6554141044617 seconds] [Bitrate: 19564185.01841079 bit/s]
2018-06-07 07:05:37,217 | client           | INFO     | PID=11 | Socket closed
2018-06-07 07:05:38,128 | client           | INFO     | PID=10 | [SUMMARY] [Received: 5368687781 bytes (100.000% of 5368687781 raw bytes)] [Duration: 1097.6565160751343 seconds] [Bitrate: 39128362.66993027 bit/s]

 Performance counter stats for '/root/pyben-nio/src/run --client start --addresses 10.11.10.2 10.11.10.3 --size 50G --port 8881 --bind 10.11.10.1 --bufsize 128kb --method raw':

      57142.430884      task-clock (msec)         #    0.052 CPUs utilized          
             11307      context-switches          #    0.198 K/sec                  
               600      cpu-migrations            #    0.011 K/sec                  
           6395510      page-faults               #    0.112 M/sec                  
      155777318952      cycles                    #    2.726 GHz                    
      338250450728      instructions              #    2.17  insn per cycle         
       89239353456      branches                  # 1561.700 M/sec                  
         126785390      branch-misses             #    0.14% of all branches        

    1099.002746110 seconds time elapsed

