LC_NUMERIC=en_US.UTF8 perf stat -B -C 1-2 taskset -c 2 /tmp/eucycles/pyben-nio/src/run --server start --bind 10.10.1.8 --size 178956970 --port 8881 --filename /tmp/eucycles/data_file --bufsize 50mb --method "match; func=lambda v: v - 48 < 7; sztype=BEFORE"

2018-07-06 18:40:50,006 | server           | INFO     | PID=15353 | [bufsize: 52428800 bytes] [zerocopy: False]
2018-07-06 18:40:50,020 | methods.match    | INFO     | PID=15353 | [method: methods.match]
2018-07-06 18:40:50,021 | methods.match    | INFO     | PID=15353 | [method parameters: {'mpws': '50MB', 'sztype': 'BEFORE', 'func': 'lambda v: v - 48 < 7'}]
2018-07-06 18:40:50,043 | methods.match    | INFO     | PID=15353 | Start 1 process to handle data filtering
2018-07-06 18:40:50,043 | server           | INFO     | PID=15353 | Ready to send 178956970 bytes using data file size of 1073741824 bytes
2018-07-06 18:40:50,043 | server           | INFO     | PID=15353 | Listening socket bound to port 8881
2018-07-06 18:40:54,599 | server           | INFO     | PID=15353 | Accepted incoming connection ('10.10.1.2', 33762) from client. Sending data ...
2018-07-06 18:41:39,498 | server           | INFO     | PID=15353 | [SUMMARY] [Sent: 125266362 bytes] [Read: 125266362 bytes (69.998% of 178956970 raw bytes)] [Duration: 44.89913511276245 seconds] [Bitrate: 22319603.562144056 bit/s]
2018-07-06 18:41:39,498 | server           | INFO     | PID=15353 | Resources closed, now exiting

 Performance counter stats for 'CPU(s) 1-2':

      99176.722418      task-clock (msec)         #    2.000 CPUs utilized            (100.00%)
             3,212      context-switches          #    0.032 K/sec                    (100.00%)
                 1      cpu-migrations            #    0.000 K/sec                    (100.00%)
            77,249      page-faults               #    0.779 K/sec                  
   106,280,531,029      cycles                    #    1.072 GHz                      (100.00%)
   <not supported>      stalled-cycles-frontend  
   <not supported>      stalled-cycles-backend   
   299,895,454,441      instructions              #    2.82  insns per cycle          (100.00%)
    56,705,997,393      branches                  #  571.767 M/sec                    (100.00%)
        80,993,001      branch-misses             #    0.14% of all branches        

      49.590933109 seconds time elapsed