LC_NUMERIC=en_US.UTF8 perf stat -B -C 1-2 taskset -c 2 /tmp/eucycles/pyben-nio/src/run --server start --bind 10.10.1.3 --size 536870912 --port 8881 --filename /tmp/eucycles/data_file --bufsize 50mb --method "match; func=lambda v: v - 48 < 8; sztype=BEFORE"

2018-07-06 19:05:17,903 | server           | INFO     | PID=28452 | [bufsize: 52428800 bytes] [zerocopy: False]
2018-07-06 19:05:17,918 | methods.match    | INFO     | PID=28452 | [method: methods.match]
2018-07-06 19:05:17,919 | methods.match    | INFO     | PID=28452 | [method parameters: {'func': 'lambda v: v - 48 < 8', 'mpws': '50MB', 'sztype': 'BEFORE'}]
2018-07-06 19:05:17,941 | methods.match    | INFO     | PID=28452 | Start 1 process to handle data filtering
2018-07-06 19:05:17,941 | server           | INFO     | PID=28452 | Ready to send 536870912 bytes using data file size of 1073741824 bytes
2018-07-06 19:05:17,941 | server           | INFO     | PID=28452 | Listening socket bound to port 8881
2018-07-06 19:05:23,513 | server           | INFO     | PID=28452 | Accepted incoming connection ('10.10.1.2', 55754) from client. Sending data ...
2018-07-06 19:07:47,110 | server           | INFO     | PID=28452 | [SUMMARY] [Sent: 429498971 bytes] [Read: 429498971 bytes (80.000% of 536870912 raw bytes)] [Duration: 143.5972580909729 seconds] [Bitrate: 23927976.15831357 bit/s]
2018-07-06 19:07:47,110 | server           | INFO     | PID=28452 | Resources closed, now exiting

 Performance counter stats for 'CPU(s) 1-2':

     298695.255941      task-clock (msec)         #    2.000 CPUs utilized            (100.00%)
             9,608      context-switches          #    0.032 K/sec                    (100.00%)
                 1      cpu-migrations            #    0.000 K/sec                    (100.00%)
           225,856      page-faults               #    0.756 K/sec                  
   406,039,518,736      cycles                    #    1.359 GHz                      (100.00%)
   <not supported>      stalled-cycles-frontend  
   <not supported>      stalled-cycles-backend   
   968,794,178,403      instructions              #    2.39  insns per cycle          (100.00%)
   185,758,132,062      branches                  #  621.899 M/sec                    (100.00%)
       176,216,019      branch-misses             #    0.09% of all branches        

     149.347321899 seconds time elapsed