LC_NUMERIC=en_US.UTF8 perf stat -B -C 1-2 taskset -c 2 /tmp/eucycles/pyben-nio/src/run --server start --bind 10.10.1.5 --size 357913941 --port 8881 --filename /tmp/eucycles/data_file --bufsize 50mb --method "match; func=lambda v: v - 48 < 2; sztype=BEFORE"

2018-07-06 14:54:31,685 | server           | INFO     | PID=9980 | [bufsize: 52428800 bytes] [zerocopy: False]
2018-07-06 14:54:31,700 | methods.match    | INFO     | PID=9980 | [method: methods.match]
2018-07-06 14:54:31,700 | methods.match    | INFO     | PID=9980 | [method parameters: {'func': 'lambda v: v - 48 < 2', 'mpws': '50MB', 'sztype': 'BEFORE'}]
2018-07-06 14:54:31,722 | methods.match    | INFO     | PID=9980 | Start 1 process to handle data filtering
2018-07-06 14:54:31,722 | server           | INFO     | PID=9980 | Ready to send 357913941 bytes using data file size of 1073741824 bytes
2018-07-06 14:54:31,722 | server           | INFO     | PID=9980 | Listening socket bound to port 8881
2018-07-06 14:54:36,241 | server           | INFO     | PID=9980 | Accepted incoming connection ('10.10.1.2', 54123) from client. Sending data ...
2018-07-06 14:55:42,594 | server           | INFO     | PID=9980 | [SUMMARY] [Sent: 71574588 bytes] [Read: 71574588 bytes (19.998% of 357913941 raw bytes)] [Duration: 66.3527672290802 seconds] [Bitrate: 8629582.878181003 bit/s]
2018-07-06 14:55:42,594 | server           | INFO     | PID=9980 | Resources closed, now exiting

 Performance counter stats for 'CPU(s) 1-2':

     142014.546335      task-clock (msec)         #    2.000 CPUs utilized            (100.00%)
             5,912      context-switches          #    0.042 K/sec                    (100.00%)
                 1      cpu-migrations            #    0.000 K/sec                    (100.00%)
            26,564      page-faults               #    0.187 K/sec                  
   156,253,654,381      cycles                    #    1.100 GHz                      (100.00%)
   <not supported>      stalled-cycles-frontend  
   <not supported>      stalled-cycles-backend   
   458,177,620,309      instructions              #    2.93  insns per cycle          (100.00%)
    85,701,463,968      branches                  #  603.470 M/sec                    (100.00%)
       116,468,819      branch-misses             #    0.14% of all branches        

      71.007714425 seconds time elapsed