LC_NUMERIC=en_US.UTF8 perf stat -B -C 1-2 taskset -c 2 /tmp/eucycles/pyben-nio/src/run --server start --bind 10.10.1.7 --size 153391689 --port 8881 --filename /tmp/eucycles/data_file --bufsize 50mb --method "match; func=lambda v: v - 48 < 5; sztype=BEFORE"

2018-07-06 16:52:28,891 | server           | INFO     | PID=13407 | [bufsize: 52428800 bytes] [zerocopy: False]
2018-07-06 16:52:28,906 | methods.match    | INFO     | PID=13407 | [method: methods.match]
2018-07-06 16:52:28,906 | methods.match    | INFO     | PID=13407 | [method parameters: {'func': 'lambda v: v - 48 < 5', 'sztype': 'BEFORE', 'mpws': '50MB'}]
2018-07-06 16:52:28,928 | methods.match    | INFO     | PID=13407 | Start 1 process to handle data filtering
2018-07-06 16:52:28,928 | server           | INFO     | PID=13407 | Ready to send 153391689 bytes using data file size of 1073741824 bytes
2018-07-06 16:52:28,928 | server           | INFO     | PID=13407 | Listening socket bound to port 8881
2018-07-06 16:52:35,921 | server           | INFO     | PID=13407 | Accepted incoming connection ('10.10.1.2', 54111) from client. Sending data ...
2018-07-06 16:53:11,312 | server           | INFO     | PID=13407 | [SUMMARY] [Sent: 76698389 bytes] [Read: 76698389 bytes (50.002% of 153391689 raw bytes)] [Duration: 35.39151191711426 seconds] [Bitrate: 17337126.298446942 bit/s]
2018-07-06 16:53:11,313 | server           | INFO     | PID=13407 | Resources closed, now exiting

 Performance counter stats for 'CPU(s) 1-2':

      85122.690489      task-clock (msec)         #    2.000 CPUs utilized            (100.00%)
             2,970      context-switches          #    0.035 K/sec                    (100.00%)
                 1      cpu-migrations            #    0.000 K/sec                    (100.00%)
            41,627      page-faults               #    0.489 K/sec                  
    83,821,619,717      cycles                    #    0.985 GHz                      (100.00%)
   <not supported>      stalled-cycles-frontend  
   <not supported>      stalled-cycles-backend   
   231,892,656,342      instructions              #    2.77  insns per cycle          (100.00%)
    43,570,211,109      branches                  #  511.852 M/sec                    (100.00%)
        97,045,256      branch-misses             #    0.22% of all branches        

      42.564218605 seconds time elapsed