LC_NUMERIC=en_US.UTF8 perf stat -B -C 1-2 taskset -c 2 /tmp/eucycles/pyben-nio/src/run --client start --addresses 10.10.1.3  10.10.1.4 --size 1GB --port 8881 --bind 10.10.1.2 --bufsize 50mb --cache 0b --method "raw"

2018-07-06 17:13:41,477 | client           | INFO     | PID=12086 | [bufsize: 52428800 bytes]
2018-07-06 17:13:41,504 | client           | INFO     | PID=12088 | Connecting to server 10.10.1.3 on port 8881
2018-07-06 17:13:41,505 | client           | INFO     | PID=12087 | Connecting to server 10.10.1.4 on port 8881
2018-07-06 17:13:41,505 | client           | INFO     | PID=12088 | Connection established. Receiving data ...
2018-07-06 17:13:41,505 | methods.raw      | INFO     | PID=12088 | [method: methods.raw]
2018-07-06 17:13:41,506 | methods.raw      | INFO     | PID=12088 | [method parameters: {}]
2018-07-06 17:13:41,513 | client           | INFO     | PID=12087 | Connection established. Receiving data ...
2018-07-06 17:13:41,513 | methods.raw      | INFO     | PID=12087 | [method: methods.raw]
2018-07-06 17:13:41,513 | methods.raw      | INFO     | PID=12087 | [method parameters: {}]
2018-07-06 17:15:52,479 | client           | INFO     | PID=12087 | [Received: 322117436 bytes (322117436 raw bytes)] [Duration: 130.92836999893188 seconds] [Bitrate: 19682055.829619072 bit/s]
2018-07-06 17:15:52,479 | client           | INFO     | PID=12087 | Socket closed
2018-07-06 17:15:53,203 | client           | INFO     | PID=12088 | [Received: 322121174 bytes (322121174 raw bytes)] [Duration: 131.65935587882996 seconds] [Bitrate: 19573006.22351261 bit/s]
2018-07-06 17:15:53,203 | client           | INFO     | PID=12088 | Socket closed
2018-07-06 17:15:53,261 | client           | INFO     | PID=12086 | [SUMMARY] [Received: 644238610 bytes (100.000% of 644238610 raw bytes)] [Duration: 131.65935587882996 seconds] [Bitrate: 39145785.3154264 bit/s]

 Performance counter stats for 'CPU(s) 1-2':

     263699.947513      task-clock (msec)         #    2.000 CPUs utilized            (100.00%)
             8,013      context-switches          #    0.030 K/sec                    (100.00%)
                 1      cpu-migrations            #    0.000 K/sec                    (100.00%)
            34,632      page-faults               #    0.131 K/sec                  
     2,512,519,928      cycles                    #    0.010 GHz                      (100.00%)
   <not supported>      stalled-cycles-frontend  
   <not supported>      stalled-cycles-backend   
     1,590,638,213      instructions              #    0.63  insns per cycle          (100.00%)
       307,275,037      branches                  #    1.165 M/sec                    (100.00%)
         7,572,616      branch-misses             #    2.46% of all branches        

     131.863228208 seconds time elapsed