LC_NUMERIC=en_US.UTF8 perf stat -B -C 1-2 taskset -c 2 /tmp/eucycles/pyben-nio/src/run --server start --bind 10.10.1.3 --size 153391690 --port 8881 --filename /tmp/eucycles/data_file --bufsize 50mb --method "match; func=lambda v: v - 48 < 2; sztype=BEFORE"

2018-07-06 14:34:40,046 | server           | INFO     | PID=10464 | [bufsize: 52428800 bytes] [zerocopy: False]
2018-07-06 14:34:40,061 | methods.match    | INFO     | PID=10464 | [method: methods.match]
2018-07-06 14:34:40,062 | methods.match    | INFO     | PID=10464 | [method parameters: {'mpws': '50MB', 'sztype': 'BEFORE', 'func': 'lambda v: v - 48 < 2'}]
2018-07-06 14:34:40,084 | methods.match    | INFO     | PID=10464 | Start 1 process to handle data filtering
2018-07-06 14:34:40,084 | server           | INFO     | PID=10464 | Ready to send 153391690 bytes using data file size of 1073741824 bytes
2018-07-06 14:34:40,084 | server           | INFO     | PID=10464 | Listening socket bound to port 8881
2018-07-06 14:34:52,110 | server           | INFO     | PID=10464 | Accepted incoming connection ('10.10.1.2', 43777) from client. Sending data ...
2018-07-06 14:35:20,861 | server           | INFO     | PID=10464 | [SUMMARY] [Sent: 30676488 bytes] [Read: 30676488 bytes (19.999% of 153391690 raw bytes)] [Duration: 28.751585006713867 seconds] [Bitrate: 8535595.652994197 bit/s]
2018-07-06 14:35:20,862 | server           | INFO     | PID=10464 | Resources closed, now exiting

 Performance counter stats for 'CPU(s) 1-2':

      81909.662014      task-clock (msec)         #    2.000 CPUs utilized            (100.00%)
             2,906      context-switches          #    0.035 K/sec                    (100.00%)
                 1      cpu-migrations            #    0.000 K/sec                    (100.00%)
            26,596      page-faults               #    0.325 K/sec                  
    91,880,679,709      cycles                    #    1.122 GHz                      (100.00%)
   <not supported>      stalled-cycles-frontend  
   <not supported>      stalled-cycles-backend   
   205,023,642,133      instructions              #    2.23  insns per cycle          (100.00%)
    38,925,308,986      branches                  #  475.222 M/sec                    (100.00%)
        51,388,648      branch-misses             #    0.13% of all branches        

      40.954617962 seconds time elapsed