LC_NUMERIC=en_US.UTF8 perf stat -B -C 1-2 taskset -c 2 /tmp/eucycles/pyben-nio/src/run --server start --bind 10.10.1.8 --size 153391689 --port 8881 --filename /tmp/eucycles/data_file --bufsize 50mb --method "match; func=lambda v: v - 48 < 5; sztype=BEFORE"

2018-07-06 17:07:35,064 | server           | INFO     | PID=12518 | [bufsize: 52428800 bytes] [zerocopy: False]
2018-07-06 17:07:35,079 | methods.match    | INFO     | PID=12518 | [method: methods.match]
2018-07-06 17:07:35,079 | methods.match    | INFO     | PID=12518 | [method parameters: {'mpws': '50MB', 'func': 'lambda v: v - 48 < 5', 'sztype': 'BEFORE'}]
2018-07-06 17:07:35,101 | methods.match    | INFO     | PID=12518 | Start 1 process to handle data filtering
2018-07-06 17:07:35,101 | server           | INFO     | PID=12518 | Ready to send 153391689 bytes using data file size of 1073741824 bytes
2018-07-06 17:07:35,101 | server           | INFO     | PID=12518 | Listening socket bound to port 8881
2018-07-06 17:07:40,875 | server           | INFO     | PID=12518 | Accepted incoming connection ('10.10.1.2', 41057) from client. Sending data ...
2018-07-06 17:08:15,869 | server           | INFO     | PID=12518 | [SUMMARY] [Sent: 76695776 bytes] [Read: 76695776 bytes (50.000% of 153391689 raw bytes)] [Duration: 34.99329400062561 seconds] [Bitrate: 17533822.565804485 bit/s]
2018-07-06 17:08:15,869 | server           | INFO     | PID=12518 | Resources closed, now exiting

 Performance counter stats for 'CPU(s) 1-2':

      81895.175627      task-clock (msec)         #    2.000 CPUs utilized            (100.00%)
             2,973      context-switches          #    0.036 K/sec                    (100.00%)
                 1      cpu-migrations            #    0.000 K/sec                    (100.00%)
            41,642      page-faults               #    0.508 K/sec                  
    82,794,204,322      cycles                    #    1.011 GHz                      (100.00%)
   <not supported>      stalled-cycles-frontend  
   <not supported>      stalled-cycles-backend   
   231,894,481,128      instructions              #    2.80  insns per cycle          (100.00%)
    43,570,360,590      branches                  #  532.026 M/sec                    (100.00%)
        97,070,665      branch-misses             #    0.22% of all branches        

      40.949651249 seconds time elapsed