LC_NUMERIC=en_US.UTF8 perf stat -B -C 1-2 taskset -c 2 /tmp/eucycles/pyben-nio/src/run --server start --bind 10.10.1.7 --size 178956970 --port 8881 --filename /tmp/eucycles/data_file --bufsize 50mb --method "match; func=lambda v: v - 48 < 1; sztype=BEFORE"

2018-07-06 13:56:50,855 | server           | INFO     | PID=5840 | [bufsize: 52428800 bytes] [zerocopy: False]
2018-07-06 13:56:50,870 | methods.match    | INFO     | PID=5840 | [method: methods.match]
2018-07-06 13:56:50,870 | methods.match    | INFO     | PID=5840 | [method parameters: {'mpws': '50MB', 'func': 'lambda v: v - 48 < 1', 'sztype': 'BEFORE'}]
2018-07-06 13:56:50,892 | methods.match    | INFO     | PID=5840 | Start 1 process to handle data filtering
2018-07-06 13:56:50,892 | server           | INFO     | PID=5840 | Ready to send 178956970 bytes using data file size of 1073741824 bytes
2018-07-06 13:56:50,892 | server           | INFO     | PID=5840 | Listening socket bound to port 8881
2018-07-06 13:56:56,725 | server           | INFO     | PID=5840 | Accepted incoming connection ('10.10.1.2', 54727) from client. Sending data ...
2018-07-06 13:57:27,514 | server           | INFO     | PID=5840 | [SUMMARY] [Sent: 17897093 bytes] [Read: 17897093 bytes (10.001% of 178956970 raw bytes)] [Duration: 30.788125038146973 seconds] [Bitrate: 4650388.545018632 bit/s]
2018-07-06 13:57:27,514 | server           | INFO     | PID=5840 | Resources closed, now exiting

 Performance counter stats for 'CPU(s) 1-2':

      73595.551280      task-clock (msec)         #    2.000 CPUs utilized            (100.00%)
             3,262      context-switches          #    0.044 K/sec                    (100.00%)
                 1      cpu-migrations            #    0.000 K/sec                    (100.00%)
            21,155      page-faults               #    0.287 K/sec                  
    72,559,909,975      cycles                    #    0.986 GHz                      (100.00%)
   <not supported>      stalled-cycles-frontend  
   <not supported>      stalled-cycles-backend   
   217,278,290,936      instructions              #    2.99  insns per cycle          (100.00%)
    40,666,897,633      branches                  #  552.573 M/sec                    (100.00%)
        38,844,038      branch-misses             #    0.10% of all branches        

      36.800233137 seconds time elapsed