LC_NUMERIC=en_US.UTF8 perf stat -B -C 1-2 taskset -c 2 /tmp/eucycles/pyben-nio/src/run --server start --bind 10.10.1.7 --size 214748364 --port 8881 --filename /tmp/eucycles/data_file --bufsize 50mb --method "match; func=lambda v: v - 48 < 2; sztype=BEFORE"

2018-07-06 14:44:58,933 | server           | INFO     | PID=8003 | [bufsize: 52428800 bytes] [zerocopy: False]
2018-07-06 14:44:58,949 | methods.match    | INFO     | PID=8003 | [method: methods.match]
2018-07-06 14:44:58,949 | methods.match    | INFO     | PID=8003 | [method parameters: {'func': 'lambda v: v - 48 < 2', 'sztype': 'BEFORE', 'mpws': '50MB'}]
2018-07-06 14:44:58,971 | methods.match    | INFO     | PID=8003 | Start 1 process to handle data filtering
2018-07-06 14:44:58,971 | server           | INFO     | PID=8003 | Ready to send 214748364 bytes using data file size of 1073741824 bytes
2018-07-06 14:44:58,971 | server           | INFO     | PID=8003 | Listening socket bound to port 8881
2018-07-06 14:45:03,481 | server           | INFO     | PID=8003 | Accepted incoming connection ('10.10.1.2', 46962) from client. Sending data ...
2018-07-06 14:45:42,748 | server           | INFO     | PID=8003 | [SUMMARY] [Sent: 42959607 bytes] [Read: 42959607 bytes (20.005% of 214748364 raw bytes)] [Duration: 39.267369985580444 seconds] [Bitrate: 8752224.9676055 bit/s]
2018-07-06 14:45:42,748 | server           | INFO     | PID=8003 | Resources closed, now exiting

 Performance counter stats for 'CPU(s) 1-2':

      87823.427198      task-clock (msec)         #    2.000 CPUs utilized            (100.00%)
             3,619      context-switches          #    0.041 K/sec                    (100.00%)
                 1      cpu-migrations            #    0.000 K/sec                    (100.00%)
            26,297      page-faults               #    0.299 K/sec                  
    92,521,451,318      cycles                    #    1.053 GHz                      (100.00%)
   <not supported>      stalled-cycles-frontend  
   <not supported>      stalled-cycles-backend   
   271,623,014,997      instructions              #    2.94  insns per cycle          (100.00%)
    50,379,381,595      branches                  #  573.644 M/sec                    (100.00%)
        70,808,780      branch-misses             #    0.14% of all branches        

      43.914682410 seconds time elapsed