LC_NUMERIC=en_US.UTF8 perf stat -B -C 1-2 taskset -c 2 /tmp/eucycles/pyben-nio/src/run --server start --bind 10.10.1.4 --size 214748365 --port 8881 --filename /tmp/eucycles/data_file --bufsize 50mb --method "match; func=lambda v: v - 48 < 7; sztype=BEFORE"

2018-07-06 18:39:09,301 | server           | INFO     | PID=24471 | [bufsize: 52428800 bytes] [zerocopy: False]
2018-07-06 18:39:09,316 | methods.match    | INFO     | PID=24471 | [method: methods.match]
2018-07-06 18:39:09,316 | methods.match    | INFO     | PID=24471 | [method parameters: {'sztype': 'BEFORE', 'mpws': '50MB', 'func': 'lambda v: v - 48 < 7'}]
2018-07-06 18:39:09,338 | methods.match    | INFO     | PID=24471 | Start 1 process to handle data filtering
2018-07-06 18:39:09,339 | server           | INFO     | PID=24471 | Ready to send 214748365 bytes using data file size of 1073741824 bytes
2018-07-06 18:39:09,339 | server           | INFO     | PID=24471 | Listening socket bound to port 8881
2018-07-06 18:39:17,472 | server           | INFO     | PID=24471 | Accepted incoming connection ('10.10.1.2', 41560) from client. Sending data ...
2018-07-06 18:40:12,159 | server           | INFO     | PID=24471 | [SUMMARY] [Sent: 150316705 bytes] [Read: 150316705 bytes (69.997% of 214748365 raw bytes)] [Duration: 54.68740487098694 seconds] [Bitrate: 21989224.810299505 bit/s]
2018-07-06 18:40:12,159 | server           | INFO     | PID=24471 | Resources closed, now exiting

 Performance counter stats for 'CPU(s) 1-2':

     125982.849403      task-clock (msec)         #    2.000 CPUs utilized            (100.00%)
             4,067      context-switches          #    0.032 K/sec                    (100.00%)
                 1      cpu-migrations            #    0.000 K/sec                    (100.00%)
            89,526      page-faults               #    0.711 K/sec                  
   129,574,466,942      cycles                    #    1.029 GHz                      (100.00%)
   <not supported>      stalled-cycles-frontend  
   <not supported>      stalled-cycles-backend   
   366,472,980,757      instructions              #    2.83  insns per cycle          (100.00%)
    69,967,739,854      branches                  #  555.375 M/sec                    (100.00%)
        96,385,765      branch-misses             #    0.14% of all branches        

      62.997162796 seconds time elapsed