LC_NUMERIC=en_US.UTF8 perf stat -B -C 1-2 taskset -c 2 /tmp/eucycles/pyben-nio/src/run --server start --bind 10.10.1.3 --size 268435456 --port 8881 --filename /tmp/eucycles/data_file --bufsize 50mb --method "match; func=lambda v: v - 48 < 8; sztype=BEFORE"

2018-07-06 19:10:17,301 | server           | INFO     | PID=28747 | [bufsize: 52428800 bytes] [zerocopy: False]
2018-07-06 19:10:17,316 | methods.match    | INFO     | PID=28747 | [method: methods.match]
2018-07-06 19:10:17,317 | methods.match    | INFO     | PID=28747 | [method parameters: {'mpws': '50MB', 'func': 'lambda v: v - 48 < 8', 'sztype': 'BEFORE'}]
2018-07-06 19:10:17,339 | methods.match    | INFO     | PID=28747 | Start 1 process to handle data filtering
2018-07-06 19:10:17,339 | server           | INFO     | PID=28747 | Ready to send 268435456 bytes using data file size of 1073741824 bytes
2018-07-06 19:10:17,339 | server           | INFO     | PID=28747 | Listening socket bound to port 8881
2018-07-06 19:10:25,509 | server           | INFO     | PID=28747 | Accepted incoming connection ('10.10.1.2', 36023) from client. Sending data ...
2018-07-06 19:11:36,799 | server           | INFO     | PID=28747 | [SUMMARY] [Sent: 214737254 bytes] [Read: 214737254 bytes (79.996% of 268435456 raw bytes)] [Duration: 71.28931903839111 seconds] [Bitrate: 24097551.430879403 bit/s]
2018-07-06 19:11:36,799 | server           | INFO     | PID=28747 | Resources closed, now exiting

 Performance counter stats for 'CPU(s) 1-2':

     159273.616600      task-clock (msec)         #    2.000 CPUs utilized            (100.00%)
             5,037      context-switches          #    0.032 K/sec                    (100.00%)
                 1      cpu-migrations            #    0.000 K/sec                    (100.00%)
           120,981      page-faults               #    0.760 K/sec                  
   198,395,293,173      cycles                    #    1.246 GHz                      (100.00%)
   <not supported>      stalled-cycles-frontend  
   <not supported>      stalled-cycles-backend   
   479,319,863,696      instructions              #    2.42  insns per cycle          (100.00%)
    91,336,678,286      branches                  #  573.458 M/sec                    (100.00%)
        89,261,449      branch-misses             #    0.10% of all branches        

      79.636558343 seconds time elapsed