LC_NUMERIC=en_US.UTF8 perf stat -B -C 1-2 taskset -c 2 /tmp/eucycles/pyben-nio/src/run --server start --bind 10.10.1.5 --size 178956971 --port 8881 --filename /tmp/eucycles/data_file --bufsize 50mb --method "match; func=lambda v: v - 48 < 5; sztype=BEFORE"

2018-07-06 16:51:04,640 | server           | INFO     | PID=16605 | [bufsize: 52428800 bytes] [zerocopy: False]
2018-07-06 16:51:04,655 | methods.match    | INFO     | PID=16605 | [method: methods.match]
2018-07-06 16:51:04,655 | methods.match    | INFO     | PID=16605 | [method parameters: {'func': 'lambda v: v - 48 < 5', 'sztype': 'BEFORE', 'mpws': '50MB'}]
2018-07-06 16:51:04,677 | methods.match    | INFO     | PID=16605 | Start 1 process to handle data filtering
2018-07-06 16:51:04,677 | server           | INFO     | PID=16605 | Ready to send 178956971 bytes using data file size of 1073741824 bytes
2018-07-06 16:51:04,677 | server           | INFO     | PID=16605 | Listening socket bound to port 8881
2018-07-06 16:51:13,823 | server           | INFO     | PID=16605 | Accepted incoming connection ('10.10.1.2', 47902) from client. Sending data ...
2018-07-06 16:51:55,232 | server           | INFO     | PID=16605 | [SUMMARY] [Sent: 89475589 bytes] [Read: 89475589 bytes (49.998% of 178956971 raw bytes)] [Duration: 41.408764123916626 seconds] [Bitrate: 17286309.48409711 bit/s]
2018-07-06 16:51:55,232 | server           | INFO     | PID=16605 | Resources closed, now exiting

 Performance counter stats for 'CPU(s) 1-2':

     101466.823685      task-clock (msec)         #    2.000 CPUs utilized            (100.00%)
             3,414      context-switches          #    0.034 K/sec                    (100.00%)
                 1      cpu-migrations            #    0.000 K/sec                    (100.00%)
            41,629      page-faults               #    0.410 K/sec                  
    98,135,367,149      cycles                    #    0.967 GHz                      (100.00%)
   <not supported>      stalled-cycles-frontend  
   <not supported>      stalled-cycles-backend   
   270,477,648,441      instructions              #    2.76  insns per cycle          (100.00%)
    50,818,734,281      branches                  #  500.841 M/sec                    (100.00%)
       112,839,657      branch-misses             #    0.22% of all branches        

      50.733672202 seconds time elapsed