LC_NUMERIC=en_US.UTF8 perf stat -B -C 1-2 taskset -c 2 /tmp/eucycles/pyben-nio/src/run --client start --addresses 10.10.1.3  10.10.1.4  10.10.1.5 --size 1GB --port 8881 --bind 10.10.1.2 --bufsize 50mb --cache 0b --method "raw"

2018-07-06 20:33:22,803 | client           | INFO     | PID=17612 | [bufsize: 52428800 bytes]
2018-07-06 20:33:22,832 | client           | INFO     | PID=17615 | Connecting to server 10.10.1.3 on port 8881
2018-07-06 20:33:22,832 | client           | INFO     | PID=17614 | Connecting to server 10.10.1.4 on port 8881
2018-07-06 20:33:22,833 | client           | INFO     | PID=17615 | Connection established. Receiving data ...
2018-07-06 20:33:22,833 | methods.raw      | INFO     | PID=17615 | [method: methods.raw]
2018-07-06 20:33:22,833 | methods.raw      | INFO     | PID=17615 | [method parameters: {}]
2018-07-06 20:33:22,837 | client           | INFO     | PID=17614 | Connection established. Receiving data ...
2018-07-06 20:33:22,837 | methods.raw      | INFO     | PID=17614 | [method: methods.raw]
2018-07-06 20:33:22,837 | methods.raw      | INFO     | PID=17614 | [method parameters: {}]
2018-07-06 20:33:22,841 | client           | INFO     | PID=17613 | Connecting to server 10.10.1.5 on port 8881
2018-07-06 20:33:22,841 | client           | INFO     | PID=17613 | Connection established. Receiving data ...
2018-07-06 20:33:22,841 | methods.raw      | INFO     | PID=17613 | [method: methods.raw]
2018-07-06 20:33:22,842 | methods.raw      | INFO     | PID=17613 | [method parameters: {}]
2018-07-06 20:35:04,279 | client           | INFO     | PID=17614 | [Received: 357913941 bytes (357913941 raw bytes)] [Duration: 101.38498497009277 seconds] [Bitrate: 28241968.264281332 bit/s]
2018-07-06 20:35:04,279 | client           | INFO     | PID=17614 | Socket closed
2018-07-06 20:35:04,320 | client           | INFO     | PID=17615 | [Received: 357913942 bytes (357913942 raw bytes)] [Duration: 101.43340110778809 seconds] [Bitrate: 28228487.901705135 bit/s]
2018-07-06 20:35:04,321 | client           | INFO     | PID=17615 | Socket closed
2018-07-06 20:35:05,596 | client           | INFO     | PID=17613 | [Received: 357913941 bytes (357913941 raw bytes)] [Duration: 102.69495296478271 seconds] [Bitrate: 27881716.144141167 bit/s]
2018-07-06 20:35:05,596 | client           | INFO     | PID=17613 | Socket closed
2018-07-06 20:35:05,656 | client           | INFO     | PID=17612 | [SUMMARY] [Received: 1073741824 bytes (100.000% of 1073741824 raw bytes)] [Duration: 102.70875406265259 seconds] [Bitrate: 83633909.01188539 bit/s]

 Performance counter stats for 'CPU(s) 1-2':

     205846.153855      task-clock (msec)         #    2.000 CPUs utilized            (100.00%)
            10,098      context-switches          #    0.049 K/sec                    (100.00%)
                 1      cpu-migrations            #    0.000 K/sec                    (100.00%)
            56,166      page-faults               #    0.273 K/sec                  
     3,101,089,882      cycles                    #    0.015 GHz                      (100.00%)
   <not supported>      stalled-cycles-frontend  
   <not supported>      stalled-cycles-backend   
     2,258,518,459      instructions              #    0.73  insns per cycle          (100.00%)
       412,861,108      branches                  #    2.006 M/sec                    (100.00%)
        10,280,405      branch-misses             #    2.49% of all branches        

     102.933382617 seconds time elapsed