LC_NUMERIC=en_US.UTF8 perf stat -B -C 1-2 taskset -c 2 /tmp/eucycles/pyben-nio/src/run --server start --bind 10.10.1.9 --size 153391689 --port 8881 --filename /tmp/eucycles/data_file --bufsize 50mb --method "match; func=lambda v: v - 48 < 0; sztype=BEFORE"

2018-07-06 13:23:49,931 | server           | INFO     | PID=4110 | [bufsize: 52428800 bytes] [zerocopy: False]
2018-07-06 13:23:49,946 | methods.match    | INFO     | PID=4110 | [method: methods.match]
2018-07-06 13:23:49,947 | methods.match    | INFO     | PID=4110 | [method parameters: {'func': 'lambda v: v - 48 < 0', 'sztype': 'BEFORE', 'mpws': '50MB'}]
2018-07-06 13:23:49,969 | methods.match    | INFO     | PID=4110 | Start 1 process to handle data filtering
2018-07-06 13:23:49,969 | server           | INFO     | PID=4110 | Ready to send 153391689 bytes using data file size of 1073741824 bytes
2018-07-06 13:23:49,969 | server           | INFO     | PID=4110 | Listening socket bound to port 8881
2018-07-06 13:23:54,630 | server           | INFO     | PID=4110 | Accepted incoming connection ('10.10.1.2', 55232) from client. Sending data ...
2018-07-06 13:24:17,851 | server           | INFO     | PID=4110 | [SUMMARY] [Sent: 0 bytes] [Read: 0 bytes (0.000% of 153391689 raw bytes)] [Duration: 23.2209210395813 seconds] [Bitrate: 0.0 bit/s]
2018-07-06 13:24:17,852 | server           | INFO     | PID=4110 | Resources closed, now exiting

 Performance counter stats for 'CPU(s) 1-2':

      56037.441547      task-clock (msec)         #    2.000 CPUs utilized            (100.00%)
             2,581      context-switches          #    0.046 K/sec                    (100.00%)
                 1      cpu-migrations            #    0.000 K/sec                    (100.00%)
            16,007      page-faults               #    0.286 K/sec                  
    68,883,677,579      cycles                    #    1.229 GHz                      (100.00%)
   <not supported>      stalled-cycles-frontend  
   <not supported>      stalled-cycles-backend   
   170,762,192,264      instructions              #    2.48  insns per cycle          (100.00%)
    31,513,807,106      branches                  #  562.371 M/sec                    (100.00%)
        18,144,492      branch-misses             #    0.06% of all branches        

      28.018514642 seconds time elapsed