LC_NUMERIC=en_US.UTF8 perf stat -B -C 1-2 taskset -c 2 /tmp/eucycles/pyben-nio/src/run --server start --bind 10.10.1.6 --size 214748365 --port 8881 --filename /tmp/eucycles/data_file --bufsize 50mb --method "match; func=lambda v: v - 48 < 3; sztype=BEFORE"

2018-07-06 15:37:39,339 | server           | INFO     | PID=11347 | [bufsize: 52428800 bytes] [zerocopy: False]
2018-07-06 15:37:39,354 | methods.match    | INFO     | PID=11347 | [method: methods.match]
2018-07-06 15:37:39,355 | methods.match    | INFO     | PID=11347 | [method parameters: {'sztype': 'BEFORE', 'mpws': '50MB', 'func': 'lambda v: v - 48 < 3'}]
2018-07-06 15:37:39,376 | methods.match    | INFO     | PID=11347 | Start 1 process to handle data filtering
2018-07-06 15:37:39,377 | server           | INFO     | PID=11347 | Ready to send 214748365 bytes using data file size of 1073741824 bytes
2018-07-06 15:37:39,377 | server           | INFO     | PID=11347 | Listening socket bound to port 8881
2018-07-06 15:37:45,126 | server           | INFO     | PID=11347 | Accepted incoming connection ('10.10.1.2', 45835) from client. Sending data ...
2018-07-06 15:38:28,060 | server           | INFO     | PID=11347 | [SUMMARY] [Sent: 64424800 bytes] [Read: 64424800 bytes (30.000% of 214748365 raw bytes)] [Duration: 42.93391680717468 seconds] [Bitrate: 12004457.974676836 bit/s]
2018-07-06 15:38:28,060 | server           | INFO     | PID=11347 | Resources closed, now exiting

 Performance counter stats for 'CPU(s) 1-2':

      97716.100074      task-clock (msec)         #    2.000 CPUs utilized            (100.00%)
             3,902      context-switches          #    0.040 K/sec                    (100.00%)
                 1      cpu-migrations            #    0.000 K/sec                    (100.00%)
            31,393      page-faults               #    0.321 K/sec                  
   101,331,025,261      cycles                    #    1.037 GHz                      (100.00%)
   <not supported>      stalled-cycles-frontend  
   <not supported>      stalled-cycles-backend   
   292,677,430,626      instructions              #    2.89  insns per cycle          (100.00%)
    54,980,870,209      branches                  #  562.659 M/sec                    (100.00%)
        94,970,865      branch-misses             #    0.17% of all branches        

      48.862110906 seconds time elapsed