LC_NUMERIC=en_US.UTF8 perf stat -B -C 1-2 taskset -c 2 /tmp/eucycles/pyben-nio/src/run --client start --addresses 10.10.1.3  10.10.1.4 --size 1GB --port 8881 --bind 10.10.1.2 --bufsize 50mb --cache 0b --method "raw"

2018-07-06 21:05:27,907 | client           | INFO     | PID=18459 | [bufsize: 52428800 bytes]
2018-07-06 21:05:27,934 | client           | INFO     | PID=18461 | Connecting to server 10.10.1.3 on port 8881
2018-07-06 21:05:27,935 | client           | INFO     | PID=18460 | Connecting to server 10.10.1.4 on port 8881
2018-07-06 21:05:27,935 | client           | INFO     | PID=18461 | Connection established. Receiving data ...
2018-07-06 21:05:27,935 | methods.raw      | INFO     | PID=18461 | [method: methods.raw]
2018-07-06 21:05:27,936 | methods.raw      | INFO     | PID=18461 | [method parameters: {}]
2018-07-06 21:05:27,941 | client           | INFO     | PID=18460 | Connection established. Receiving data ...
2018-07-06 21:05:27,941 | methods.raw      | INFO     | PID=18460 | [method: methods.raw]
2018-07-06 21:05:27,941 | methods.raw      | INFO     | PID=18460 | [method parameters: {}]
2018-07-06 21:07:59,927 | client           | INFO     | PID=18461 | [Received: 536870912 bytes (536870912 raw bytes)] [Duration: 151.946790933609 seconds] [Bitrate: 28266258.66601306 bit/s]
2018-07-06 21:07:59,927 | client           | INFO     | PID=18461 | Socket closed
2018-07-06 21:08:05,895 | client           | INFO     | PID=18460 | [Received: 536870912 bytes (536870912 raw bytes)] [Duration: 157.91565012931824 seconds] [Bitrate: 27197857.162876643 bit/s]
2018-07-06 21:08:05,895 | client           | INFO     | PID=18460 | Socket closed
2018-07-06 21:08:05,922 | client           | INFO     | PID=18459 | [SUMMARY] [Received: 1073741824 bytes (100.000% of 1073741824 raw bytes)] [Duration: 157.91565012931824 seconds] [Bitrate: 54395714.32575329 bit/s]

 Performance counter stats for 'CPU(s) 1-2':

     316157.988354      task-clock (msec)         #    2.000 CPUs utilized            (100.00%)
            11,403      context-switches          #    0.036 K/sec                    (100.00%)
                 1      cpu-migrations            #    0.000 K/sec                    (100.00%)
            35,486      page-faults               #    0.112 K/sec                  
     3,429,944,341      cycles                    #    0.011 GHz                      (100.00%)
   <not supported>      stalled-cycles-frontend  
   <not supported>      stalled-cycles-backend   
     2,277,946,845      instructions              #    0.66  insns per cycle          (100.00%)
       426,690,272      branches                  #    1.350 M/sec                    (100.00%)
        10,462,400      branch-misses             #    2.45% of all branches        

     158.094921659 seconds time elapsed