LC_NUMERIC=en_US.UTF8 perf stat -B -C 1-2 taskset -c 2 /tmp/eucycles/pyben-nio/src/run --server start --bind 10.10.1.7 --size 178956970 --port 8881 --filename /tmp/eucycles/data_file --bufsize 50mb --method "match; func=lambda v: v - 48 < 2; sztype=BEFORE"

2018-07-06 14:58:57,446 | server           | INFO     | PID=8695 | [bufsize: 52428800 bytes] [zerocopy: False]
2018-07-06 14:58:57,461 | methods.match    | INFO     | PID=8695 | [method: methods.match]
2018-07-06 14:58:57,461 | methods.match    | INFO     | PID=8695 | [method parameters: {'mpws': '50MB', 'func': 'lambda v: v - 48 < 2', 'sztype': 'BEFORE'}]
2018-07-06 14:58:57,483 | methods.match    | INFO     | PID=8695 | Start 1 process to handle data filtering
2018-07-06 14:58:57,483 | server           | INFO     | PID=8695 | Ready to send 178956970 bytes using data file size of 1073741824 bytes
2018-07-06 14:58:57,483 | server           | INFO     | PID=8695 | Listening socket bound to port 8881
2018-07-06 14:59:03,216 | server           | INFO     | PID=8695 | Accepted incoming connection ('10.10.1.2', 46687) from client. Sending data ...
2018-07-06 14:59:36,354 | server           | INFO     | PID=8695 | [SUMMARY] [Sent: 35800375 bytes] [Read: 35800375 bytes (20.005% of 178956970 raw bytes)] [Duration: 33.137919902801514 seconds] [Bitrate: 8642757.325748354 bit/s]
2018-07-06 14:59:36,354 | server           | INFO     | PID=8695 | Resources closed, now exiting

 Performance counter stats for 'CPU(s) 1-2':

      78095.041807      task-clock (msec)         #    2.000 CPUs utilized            (100.00%)
             3,298      context-switches          #    0.042 K/sec                    (100.00%)
                 1      cpu-migrations            #    0.000 K/sec                    (100.00%)
            26,288      page-faults               #    0.337 K/sec                  
    78,204,568,628      cycles                    #    1.001 GHz                      (100.00%)
   <not supported>      stalled-cycles-frontend  
   <not supported>      stalled-cycles-backend   
   226,421,935,903      instructions              #    2.90  insns per cycle          (100.00%)
    41,997,715,413      branches                  #  537.777 M/sec                    (100.00%)
        59,488,302      branch-misses             #    0.14% of all branches        

      39.050142959 seconds time elapsed