LC_NUMERIC=en_US.UTF8 perf stat -B -C 1-2 taskset -c 2 /tmp/eucycles/pyben-nio/src/run --server start --bind 10.10.1.6 --size 268435456 --port 8881 --filename /tmp/eucycles/data_file --bufsize 50mb --method "match; func=lambda v: v - 48 < 1; sztype=BEFORE"

2018-07-06 13:54:08,664 | server           | INFO     | PID=5920 | [bufsize: 52428800 bytes] [zerocopy: False]
2018-07-06 13:54:08,678 | methods.match    | INFO     | PID=5920 | [method: methods.match]
2018-07-06 13:54:08,679 | methods.match    | INFO     | PID=5920 | [method parameters: {'func': 'lambda v: v - 48 < 1', 'sztype': 'BEFORE', 'mpws': '50MB'}]
2018-07-06 13:54:08,701 | methods.match    | INFO     | PID=5920 | Start 1 process to handle data filtering
2018-07-06 13:54:08,701 | server           | INFO     | PID=5920 | Ready to send 268435456 bytes using data file size of 1073741824 bytes
2018-07-06 13:54:08,701 | server           | INFO     | PID=5920 | Listening socket bound to port 8881
2018-07-06 13:54:13,195 | server           | INFO     | PID=5920 | Accepted incoming connection ('10.10.1.2', 49905) from client. Sending data ...
2018-07-06 13:54:59,994 | server           | INFO     | PID=5920 | [SUMMARY] [Sent: 26843462 bytes] [Read: 26843462 bytes (10.000% of 268435456 raw bytes)] [Duration: 46.798409938812256 seconds] [Bitrate: 4588781.889828676 bit/s]
2018-07-06 13:54:59,994 | server           | INFO     | PID=5920 | Resources closed, now exiting

 Performance counter stats for 'CPU(s) 1-2':

     102848.787370      task-clock (msec)         #    2.000 CPUs utilized            (100.00%)
             4,477      context-switches          #    0.044 K/sec                    (100.00%)
                 1      cpu-migrations            #    0.000 K/sec                    (100.00%)
            21,124      page-faults               #    0.205 K/sec                  
   110,525,809,603      cycles                    #    1.075 GHz                      (100.00%)
   <not supported>      stalled-cycles-frontend  
   <not supported>      stalled-cycles-backend   
   325,859,086,740      instructions              #    2.95  insns per cycle          (100.00%)
    60,992,504,203      branches                  #  593.031 M/sec                    (100.00%)
        56,909,070      branch-misses             #    0.09% of all branches        

      51.428677642 seconds time elapsed