LC_NUMERIC=en_US.UTF8 perf stat -B -C 1-2 taskset -c 2 /tmp/eucycles/pyben-nio/src/run --server start --bind 10.10.1.5 --size 214748365 --port 8881 --filename /tmp/eucycles/data_file --bufsize 50mb --method "match; func=lambda v: v - 48 < 6; sztype=BEFORE"

2018-07-06 17:35:48,220 | server           | INFO     | PID=18814 | [bufsize: 52428800 bytes] [zerocopy: False]
2018-07-06 17:35:48,235 | methods.match    | INFO     | PID=18814 | [method: methods.match]
2018-07-06 17:35:48,235 | methods.match    | INFO     | PID=18814 | [method parameters: {'sztype': 'BEFORE', 'func': 'lambda v: v - 48 < 6', 'mpws': '50MB'}]
2018-07-06 17:35:48,257 | methods.match    | INFO     | PID=18814 | Start 1 process to handle data filtering
2018-07-06 17:35:48,257 | server           | INFO     | PID=18814 | Ready to send 214748365 bytes using data file size of 1073741824 bytes
2018-07-06 17:35:48,257 | server           | INFO     | PID=18814 | Listening socket bound to port 8881
2018-07-06 17:35:55,248 | server           | INFO     | PID=18814 | Accepted incoming connection ('10.10.1.2', 46490) from client. Sending data ...
2018-07-06 17:36:46,809 | server           | INFO     | PID=18814 | [SUMMARY] [Sent: 128845106 bytes] [Read: 128845106 bytes (59.998% of 214748365 raw bytes)] [Duration: 51.560713052749634 seconds] [Bitrate: 19991206.229934625 bit/s]
2018-07-06 17:36:46,809 | server           | INFO     | PID=18814 | Resources closed, now exiting

 Performance counter stats for 'CPU(s) 1-2':

     117460.073582      task-clock (msec)         #    2.000 CPUs utilized            (100.00%)
             3,992      context-switches          #    0.034 K/sec                    (100.00%)
                 1      cpu-migrations            #    0.000 K/sec                    (100.00%)
            62,121      page-faults               #    0.529 K/sec                  
   122,127,374,772      cycles                    #    1.040 GHz                      (100.00%)
   <not supported>      stalled-cycles-frontend  
   <not supported>      stalled-cycles-backend   
   342,163,140,501      instructions              #    2.80  insns per cycle          (100.00%)
    64,497,486,924      branches                  #  549.101 M/sec                    (100.00%)
       122,330,041      branch-misses             #    0.19% of all branches        

      58.730355363 seconds time elapsed