LC_NUMERIC=en_US.UTF8 perf stat -B -C 1-2 taskset -c 2 /tmp/eucycles/pyben-nio/src/run --server start --bind 10.10.1.6 --size 153391689 --port 8881 --filename /tmp/eucycles/data_file --bufsize 50mb --method "match; func=lambda v: v - 48 < 5; sztype=BEFORE"

2018-07-06 16:52:24,234 | server           | INFO     | PID=14997 | [bufsize: 52428800 bytes] [zerocopy: False]
2018-07-06 16:52:24,249 | methods.match    | INFO     | PID=14997 | [method: methods.match]
2018-07-06 16:52:24,250 | methods.match    | INFO     | PID=14997 | [method parameters: {'mpws': '50MB', 'sztype': 'BEFORE', 'func': 'lambda v: v - 48 < 5'}]
2018-07-06 16:52:24,272 | methods.match    | INFO     | PID=14997 | Start 1 process to handle data filtering
2018-07-06 16:52:24,272 | server           | INFO     | PID=14997 | Ready to send 153391689 bytes using data file size of 1073741824 bytes
2018-07-06 16:52:24,272 | server           | INFO     | PID=14997 | Listening socket bound to port 8881
2018-07-06 16:52:32,490 | server           | INFO     | PID=14997 | Accepted incoming connection ('10.10.1.2', 57078) from client. Sending data ...
2018-07-06 16:53:07,882 | server           | INFO     | PID=14997 | [SUMMARY] [Sent: 76699135 bytes] [Read: 76699135 bytes (50.002% of 153391689 raw bytes)] [Duration: 35.39193797111511 seconds] [Bitrate: 17337086.217227772 bit/s]
2018-07-06 16:53:07,882 | server           | INFO     | PID=14997 | Resources closed, now exiting

 Performance counter stats for 'CPU(s) 1-2':

      87573.395314      task-clock (msec)         #    2.000 CPUs utilized            (100.00%)
             2,978      context-switches          #    0.034 K/sec                    (100.00%)
                 1      cpu-migrations            #    0.000 K/sec                    (100.00%)
            41,641      page-faults               #    0.475 K/sec                  
    83,772,835,558      cycles                    #    0.957 GHz                      (100.00%)
   <not supported>      stalled-cycles-frontend  
   <not supported>      stalled-cycles-backend   
   231,897,702,826      instructions              #    2.77  insns per cycle          (100.00%)
    43,571,427,277      branches                  #  497.542 M/sec                    (100.00%)
        97,090,395      branch-misses             #    0.22% of all branches        

      43.790317753 seconds time elapsed