LC_NUMERIC=en_US.UTF8 perf stat -B -C 1-2 taskset -c 2 /tmp/eucycles/pyben-nio/src/run --server start --bind 10.10.1.3 --size 536870912 --port 8881 --filename /tmp/eucycles/data_file --bufsize 50mb --method "match; func=lambda v: v - 48 < 10; sztype=BEFORE"

2018-07-06 20:47:50,358 | server           | INFO     | PID=2090 | [bufsize: 52428800 bytes] [zerocopy: False]
2018-07-06 20:47:50,373 | methods.match    | INFO     | PID=2090 | [method: methods.match]
2018-07-06 20:47:50,373 | methods.match    | INFO     | PID=2090 | [method parameters: {'func': 'lambda v: v - 48 < 10', 'mpws': '50MB', 'sztype': 'BEFORE'}]
2018-07-06 20:47:50,395 | methods.match    | INFO     | PID=2090 | Start 1 process to handle data filtering
2018-07-06 20:47:50,395 | server           | INFO     | PID=2090 | Ready to send 536870912 bytes using data file size of 1073741824 bytes
2018-07-06 20:47:50,395 | server           | INFO     | PID=2090 | Listening socket bound to port 8881
2018-07-06 20:47:55,971 | server           | INFO     | PID=2090 | Accepted incoming connection ('10.10.1.2', 60721) from client. Sending data ...
2018-07-06 20:50:33,510 | server           | INFO     | PID=2090 | [SUMMARY] [Sent: 536870912 bytes] [Read: 536870912 bytes (100.000% of 536870912 raw bytes)] [Duration: 157.5385730266571 seconds] [Bitrate: 27262956.70631248 bit/s]
2018-07-06 20:50:33,510 | server           | INFO     | PID=2090 | Resources closed, now exiting

 Performance counter stats for 'CPU(s) 1-2':

     326583.610759      task-clock (msec)         #    2.000 CPUs utilized            (100.00%)
             9,758      context-switches          #    0.030 K/sec                    (100.00%)
                 1      cpu-migrations            #    0.000 K/sec                    (100.00%)
           278,280      page-faults               #    0.852 K/sec                  
   452,180,112,708      cycles                    #    1.385 GHz                      (100.00%)
   <not supported>      stalled-cycles-frontend  
   <not supported>      stalled-cycles-backend   
 1,069,516,154,251      instructions              #    2.37  insns per cycle          (100.00%)
   206,642,416,145      branches                  #  632.740 M/sec                    (100.00%)
        60,486,204      branch-misses             #    0.03% of all branches        

     163.291484950 seconds time elapsed