LC_NUMERIC=en_US.UTF8 perf stat -B -C 1-2 taskset -c 2 /tmp/eucycles/pyben-nio/src/run --server start --bind 10.10.1.8 --size 153391689 --port 8881 --filename /tmp/eucycles/data_file --bufsize 50mb --method "match; func=lambda v: v - 48 < 4; sztype=BEFORE"

2018-07-06 16:22:56,170 | server           | INFO     | PID=11042 | [bufsize: 52428800 bytes] [zerocopy: False]
2018-07-06 16:22:56,185 | methods.match    | INFO     | PID=11042 | [method: methods.match]
2018-07-06 16:22:56,185 | methods.match    | INFO     | PID=11042 | [method parameters: {'func': 'lambda v: v - 48 < 4', 'sztype': 'BEFORE', 'mpws': '50MB'}]
2018-07-06 16:22:56,207 | methods.match    | INFO     | PID=11042 | Start 1 process to handle data filtering
2018-07-06 16:22:56,207 | server           | INFO     | PID=11042 | Ready to send 153391689 bytes using data file size of 1073741824 bytes
2018-07-06 16:22:56,207 | server           | INFO     | PID=11042 | Listening socket bound to port 8881
2018-07-06 16:23:01,970 | server           | INFO     | PID=11042 | Accepted incoming connection ('10.10.1.2', 59080) from client. Sending data ...
2018-07-06 16:23:34,776 | server           | INFO     | PID=11042 | [SUMMARY] [Sent: 61357554 bytes] [Read: 61357554 bytes (40.001% of 153391689 raw bytes)] [Duration: 32.80505990982056 seconds] [Bitrate: 14962948.8057437 bit/s]
2018-07-06 16:23:34,776 | server           | INFO     | PID=11042 | Resources closed, now exiting

 Performance counter stats for 'CPU(s) 1-2':

      77497.222445      task-clock (msec)         #    2.000 CPUs utilized            (100.00%)
             2,942      context-switches          #    0.038 K/sec                    (100.00%)
                 1      cpu-migrations            #    0.000 K/sec                    (100.00%)
            36,519      page-faults               #    0.471 K/sec                  
    77,590,364,508      cycles                    #    1.001 GHz                      (100.00%)
   <not supported>      stalled-cycles-frontend  
   <not supported>      stalled-cycles-backend   
   219,305,040,966      instructions              #    2.83  insns per cycle          (100.00%)
    41,049,732,417      branches                  #  529.693 M/sec                    (100.00%)
        86,336,321      branch-misses             #    0.21% of all branches        

      38.750578930 seconds time elapsed