LC_NUMERIC=en_US.UTF8 perf stat -B -C 1-2 taskset -c 2 /tmp/eucycles/pyben-nio/src/run --client start --addresses 10.10.1.3  10.10.1.4  10.10.1.5 --size 1GB --port 8881 --bind 10.10.1.2 --bufsize 50mb --cache 0b --method "raw"

2018-07-06 17:16:27,240 | client           | INFO     | PID=12153 | [bufsize: 52428800 bytes]
2018-07-06 17:16:27,269 | client           | INFO     | PID=12156 | Connecting to server 10.10.1.3 on port 8881
2018-07-06 17:16:27,270 | client           | INFO     | PID=12155 | Connecting to server 10.10.1.4 on port 8881
2018-07-06 17:16:27,270 | client           | INFO     | PID=12156 | Connection established. Receiving data ...
2018-07-06 17:16:27,270 | methods.raw      | INFO     | PID=12156 | [method: methods.raw]
2018-07-06 17:16:27,271 | methods.raw      | INFO     | PID=12156 | [method parameters: {}]
2018-07-06 17:16:27,277 | client           | INFO     | PID=12155 | Connection established. Receiving data ...
2018-07-06 17:16:27,277 | methods.raw      | INFO     | PID=12155 | [method: methods.raw]
2018-07-06 17:16:27,277 | methods.raw      | INFO     | PID=12155 | [method parameters: {}]
2018-07-06 17:16:27,281 | client           | INFO     | PID=12154 | Connecting to server 10.10.1.5 on port 8881
2018-07-06 17:16:27,281 | client           | INFO     | PID=12154 | Connection established. Receiving data ...
2018-07-06 17:16:27,281 | methods.raw      | INFO     | PID=12154 | [method: methods.raw]
2018-07-06 17:16:27,282 | methods.raw      | INFO     | PID=12154 | [method parameters: {}]
2018-07-06 17:17:52,512 | client           | INFO     | PID=12154 | [Received: 214743769 bytes (214743769 raw bytes)] [Duration: 85.1734209060669 seconds] [Bitrate: 20170026.443984598 bit/s]
2018-07-06 17:17:52,512 | client           | INFO     | PID=12154 | Socket closed
2018-07-06 17:17:53,752 | client           | INFO     | PID=12155 | [Received: 214747442 bytes (214747442 raw bytes)] [Duration: 86.42115998268127 seconds] [Bitrate: 19879153.859359 bit/s]
2018-07-06 17:17:53,752 | client           | INFO     | PID=12155 | Socket closed
2018-07-06 17:17:53,941 | client           | INFO     | PID=12156 | [Received: 214736805 bytes (214736805 raw bytes)] [Duration: 86.60244488716125 seconds] [Bitrate: 19836558.220017143 bit/s]
2018-07-06 17:17:53,941 | client           | INFO     | PID=12156 | Socket closed
2018-07-06 17:17:53,974 | client           | INFO     | PID=12153 | [SUMMARY] [Received: 644228016 bytes (100.000% of 644228016 raw bytes)] [Duration: 86.61014795303345 seconds] [Bitrate: 59506007.66546193 bit/s]

 Performance counter stats for 'CPU(s) 1-2':

     173609.464392      task-clock (msec)         #    2.000 CPUs utilized            (100.00%)
             7,056      context-switches          #    0.041 K/sec                    (100.00%)
                 1      cpu-migrations            #    0.000 K/sec                    (100.00%)
            50,240      page-faults               #    0.289 K/sec                  
     2,244,662,228      cycles                    #    0.013 GHz                      (100.00%)
   <not supported>      stalled-cycles-frontend  
   <not supported>      stalled-cycles-backend   
     1,580,144,577      instructions              #    0.70  insns per cycle          (100.00%)
       297,355,526      branches                  #    1.713 M/sec                    (100.00%)
         7,474,714      branch-misses             #    2.51% of all branches        

      86.813395915 seconds time elapsed