LC_NUMERIC=en_US.UTF8 perf stat -B -C 1-2 taskset -c 2 /tmp/eucycles/pyben-nio/src/run --server start --bind 10.10.1.6 --size 214748365 --port 8881 --filename /tmp/eucycles/data_file --bufsize 50mb --method "match; func=lambda v: v - 48 < 5; sztype=BEFORE"

2018-07-06 17:04:37,376 | server           | INFO     | PID=15409 | [bufsize: 52428800 bytes] [zerocopy: False]
2018-07-06 17:04:37,391 | methods.match    | INFO     | PID=15409 | [method: methods.match]
2018-07-06 17:04:37,391 | methods.match    | INFO     | PID=15409 | [method parameters: {'sztype': 'BEFORE', 'mpws': '50MB', 'func': 'lambda v: v - 48 < 5'}]
2018-07-06 17:04:37,413 | methods.match    | INFO     | PID=15409 | Start 1 process to handle data filtering
2018-07-06 17:04:37,413 | server           | INFO     | PID=15409 | Ready to send 214748365 bytes using data file size of 1073741824 bytes
2018-07-06 17:04:37,414 | server           | INFO     | PID=15409 | Listening socket bound to port 8881
2018-07-06 17:04:43,140 | server           | INFO     | PID=15409 | Accepted incoming connection ('10.10.1.2', 43297) from client. Sending data ...
2018-07-06 17:05:32,333 | server           | INFO     | PID=15409 | [SUMMARY] [Sent: 107379616 bytes] [Read: 107379616 bytes (50.003% of 214748365 raw bytes)] [Duration: 49.19243597984314 seconds] [Bitrate: 17462784.895466346 bit/s]
2018-07-06 17:05:32,333 | server           | INFO     | PID=15409 | Resources closed, now exiting

 Performance counter stats for 'CPU(s) 1-2':

     110188.740181      task-clock (msec)         #    2.000 CPUs utilized            (100.00%)
             3,998      context-switches          #    0.036 K/sec                    (100.00%)
                 1      cpu-migrations            #    0.000 K/sec                    (100.00%)
            41,635      page-faults               #    0.378 K/sec                  
   116,335,955,122      cycles                    #    1.056 GHz                      (100.00%)
   <not supported>      stalled-cycles-frontend  
   <not supported>      stalled-cycles-backend   
   324,486,020,382      instructions              #    2.79  insns per cycle          (100.00%)
    60,963,907,328      branches                  #  553.268 M/sec                    (100.00%)
       134,759,576      branch-misses             #    0.22% of all branches        

      55.098972138 seconds time elapsed