LC_NUMERIC=en_US.UTF8 perf stat -B -C 1-2 taskset -c 2 /tmp/eucycles/pyben-nio/src/run --server start --bind 10.10.1.6 --size 178956971 --port 8881 --filename /tmp/eucycles/data_file --bufsize 50mb --method "match; func=lambda v: v - 48 < 7; sztype=BEFORE"

2018-07-06 18:40:40,600 | server           | INFO     | PID=19710 | [bufsize: 52428800 bytes] [zerocopy: False]
2018-07-06 18:40:40,615 | methods.match    | INFO     | PID=19710 | [method: methods.match]
2018-07-06 18:40:40,615 | methods.match    | INFO     | PID=19710 | [method parameters: {'func': 'lambda v: v - 48 < 7', 'mpws': '50MB', 'sztype': 'BEFORE'}]
2018-07-06 18:40:40,637 | methods.match    | INFO     | PID=19710 | Start 1 process to handle data filtering
2018-07-06 18:40:40,637 | server           | INFO     | PID=19710 | Ready to send 178956971 bytes using data file size of 1073741824 bytes
2018-07-06 18:40:40,637 | server           | INFO     | PID=19710 | Listening socket bound to port 8881
2018-07-06 18:40:47,588 | server           | INFO     | PID=19710 | Accepted incoming connection ('10.10.1.2', 45950) from client. Sending data ...
2018-07-06 18:41:35,032 | server           | INFO     | PID=19710 | [SUMMARY] [Sent: 125271205 bytes] [Read: 125271205 bytes (70.001% of 178956971 raw bytes)] [Duration: 47.443373918533325 seconds] [Bitrate: 21123490.11520261 bit/s]
2018-07-06 18:41:35,032 | server           | INFO     | PID=19710 | Resources closed, now exiting

 Performance counter stats for 'CPU(s) 1-2':

     109136.385566      task-clock (msec)         #    2.000 CPUs utilized            (100.00%)
             3,457      context-switches          #    0.032 K/sec                    (100.00%)
                 1      cpu-migrations            #    0.000 K/sec                    (100.00%)
            77,301      page-faults               #    0.708 K/sec                  
   113,863,021,277      cycles                    #    1.043 GHz                      (100.00%)
   <not supported>      stalled-cycles-frontend  
   <not supported>      stalled-cycles-backend   
   308,318,902,222      instructions              #    2.71  insns per cycle          (100.00%)
    58,945,754,590      branches                  #  540.111 M/sec                    (100.00%)
        81,239,405      branch-misses             #    0.14% of all branches        

      54.572750633 seconds time elapsed