LC_NUMERIC=en_US.UTF8 perf stat -B -C 1-2 taskset -c 2 /tmp/eucycles/pyben-nio/src/run --server start --bind 10.10.1.6 --size 268435456 --port 8881 --filename /tmp/eucycles/data_file --bufsize 50mb --method "match; func=lambda v: v - 48 < 7; sztype=BEFORE"

2018-07-06 18:21:23,714 | server           | INFO     | PID=18717 | [bufsize: 52428800 bytes] [zerocopy: False]
2018-07-06 18:21:23,729 | methods.match    | INFO     | PID=18717 | [method: methods.match]
2018-07-06 18:21:23,729 | methods.match    | INFO     | PID=18717 | [method parameters: {'mpws': '50MB', 'func': 'lambda v: v - 48 < 7', 'sztype': 'BEFORE'}]
2018-07-06 18:21:23,751 | methods.match    | INFO     | PID=18717 | Start 1 process to handle data filtering
2018-07-06 18:21:23,751 | server           | INFO     | PID=18717 | Ready to send 268435456 bytes using data file size of 1073741824 bytes
2018-07-06 18:21:23,751 | server           | INFO     | PID=18717 | Listening socket bound to port 8881
2018-07-06 18:21:28,229 | server           | INFO     | PID=18717 | Accepted incoming connection ('10.10.1.2', 49993) from client. Sending data ...
2018-07-06 18:22:36,133 | server           | INFO     | PID=18717 | [SUMMARY] [Sent: 187908432 bytes] [Read: 187908432 bytes (70.001% of 268435456 raw bytes)] [Duration: 67.90329599380493 seconds] [Bitrate: 22138357.704126008 bit/s]
2018-07-06 18:22:36,133 | server           | INFO     | PID=18717 | Resources closed, now exiting

 Performance counter stats for 'CPU(s) 1-2':

     145022.145647      task-clock (msec)         #    2.000 CPUs utilized            (100.00%)
             4,758      context-switches          #    0.033 K/sec                    (100.00%)
                 1      cpu-migrations            #    0.000 K/sec                    (100.00%)
           107,856      page-faults               #    0.744 K/sec                  
   160,590,521,414      cycles                    #    1.107 GHz                      (100.00%)
   <not supported>      stalled-cycles-frontend  
   <not supported>      stalled-cycles-backend   
   453,978,315,205      instructions              #    2.83  insns per cycle          (100.00%)
    86,366,713,927      branches                  #  595.542 M/sec                    (100.00%)
       120,074,916      branch-misses             #    0.14% of all branches        

      72.517187029 seconds time elapsed