LC_NUMERIC=en_US.UTF8 perf stat -B -C 1-2 taskset -c 2 /tmp/eucycles/pyben-nio/src/run --server start --bind 10.10.1.9 --size 153391689 --port 8881 --filename /tmp/eucycles/data_file --bufsize 50mb --method "match; func=lambda v: v - 48 < 10; sztype=BEFORE"

2018-07-06 21:16:18,421 | server           | INFO     | PID=16998 | [bufsize: 52428800 bytes] [zerocopy: False]
2018-07-06 21:16:18,436 | methods.match    | INFO     | PID=16998 | [method: methods.match]
2018-07-06 21:16:18,437 | methods.match    | INFO     | PID=16998 | [method parameters: {'mpws': '50MB', 'func': 'lambda v: v - 48 < 10', 'sztype': 'BEFORE'}]
2018-07-06 21:16:18,459 | methods.match    | INFO     | PID=16998 | Start 1 process to handle data filtering
2018-07-06 21:16:18,459 | server           | INFO     | PID=16998 | Ready to send 153391689 bytes using data file size of 1073741824 bytes
2018-07-06 21:16:18,459 | server           | INFO     | PID=16998 | Listening socket bound to port 8881
2018-07-06 21:16:23,055 | server           | INFO     | PID=16998 | Accepted incoming connection ('10.10.1.2', 45853) from client. Sending data ...
2018-07-06 21:17:06,640 | server           | INFO     | PID=16998 | [SUMMARY] [Sent: 153391689 bytes] [Read: 153391689 bytes (100.000% of 153391689 raw bytes)] [Duration: 43.58476781845093 seconds] [Bitrate: 28155100.35780235 bit/s]
2018-07-06 21:17:06,640 | server           | INFO     | PID=16998 | Resources closed, now exiting

 Performance counter stats for 'CPU(s) 1-2':

      96636.589366      task-clock (msec)         #    2.000 CPUs utilized            (100.00%)
             2,877      context-switches          #    0.030 K/sec                    (100.00%)
                 1      cpu-migrations            #    0.000 K/sec                    (100.00%)
            90,984      page-faults               #    0.942 K/sec                  
   124,460,641,226      cycles                    #    1.288 GHz                      (100.00%)
   <not supported>      stalled-cycles-frontend  
   <not supported>      stalled-cycles-backend   
   300,715,817,479      instructions              #    2.42  insns per cycle          (100.00%)
    57,625,365,562      branches                  #  596.310 M/sec                    (100.00%)
        19,073,240      branch-misses             #    0.03% of all branches        

      48.318075906 seconds time elapsed