LC_NUMERIC=en_US.UTF8 perf stat -B -C 1-2 taskset -c 2 /tmp/eucycles/pyben-nio/src/run --server start --bind 10.10.1.6 --size 214748365 --port 8881 --filename /tmp/eucycles/data_file --bufsize 50mb --method "match; func=lambda v: v - 48 < 9; sztype=BEFORE"

2018-07-06 20:19:47,270 | server           | INFO     | PID=23769 | [bufsize: 52428800 bytes] [zerocopy: False]
2018-07-06 20:19:47,285 | methods.match    | INFO     | PID=23769 | [method: methods.match]
2018-07-06 20:19:47,285 | methods.match    | INFO     | PID=23769 | [method parameters: {'func': 'lambda v: v - 48 < 9', 'mpws': '50MB', 'sztype': 'BEFORE'}]
2018-07-06 20:19:47,307 | methods.match    | INFO     | PID=23769 | Start 1 process to handle data filtering
2018-07-06 20:19:47,307 | server           | INFO     | PID=23769 | Ready to send 214748365 bytes using data file size of 1073741824 bytes
2018-07-06 20:19:47,307 | server           | INFO     | PID=23769 | Listening socket bound to port 8881
2018-07-06 20:19:53,077 | server           | INFO     | PID=23769 | Accepted incoming connection ('10.10.1.2', 44622) from client. Sending data ...
2018-07-06 20:20:57,271 | server           | INFO     | PID=23769 | [SUMMARY] [Sent: 193274584 bytes] [Read: 193274584 bytes (90.000% of 214748365 raw bytes)] [Duration: 64.19365096092224 seconds] [Bitrate: 24086442.33276659 bit/s]
2018-07-06 20:20:57,271 | server           | INFO     | PID=23769 | Resources closed, now exiting

 Performance counter stats for 'CPU(s) 1-2':

     140270.828318      task-clock (msec)         #    2.000 CPUs utilized            (100.00%)
             4,156      context-switches          #    0.030 K/sec                    (100.00%)
                 1      cpu-migrations            #    0.000 K/sec                    (100.00%)
           110,496      page-faults               #    0.788 K/sec                  
   152,271,239,448      cycles                    #    1.086 GHz                      (100.00%)
   <not supported>      stalled-cycles-frontend  
   <not supported>      stalled-cycles-backend   
   404,755,021,223      instructions              #    2.66  insns per cycle          (100.00%)
    77,674,202,298      branches                  #  553.745 M/sec                    (100.00%)
        47,136,015      branch-misses             #    0.06% of all branches        

      70.141325001 seconds time elapsed