LC_NUMERIC=en_US.UTF8 perf stat -B -C 1-2 taskset -c 2 /tmp/eucycles/pyben-nio/src/run --server start --bind 10.10.1.3 --size 214748365 --port 8881 --filename /tmp/eucycles/data_file --bufsize 50mb --method "match; func=lambda v: v - 48 < 7; sztype=BEFORE"

2018-07-06 18:23:13,658 | server           | INFO     | PID=25903 | [bufsize: 52428800 bytes] [zerocopy: False]
2018-07-06 18:23:13,673 | methods.match    | INFO     | PID=25903 | [method: methods.match]
2018-07-06 18:23:13,674 | methods.match    | INFO     | PID=25903 | [method parameters: {'func': 'lambda v: v - 48 < 7', 'mpws': '50MB', 'sztype': 'BEFORE'}]
2018-07-06 18:23:13,695 | methods.match    | INFO     | PID=25903 | Start 1 process to handle data filtering
2018-07-06 18:23:13,696 | server           | INFO     | PID=25903 | Ready to send 214748365 bytes using data file size of 1073741824 bytes
2018-07-06 18:23:13,696 | server           | INFO     | PID=25903 | Listening socket bound to port 8881
2018-07-06 18:23:23,054 | server           | INFO     | PID=25903 | Accepted incoming connection ('10.10.1.2', 44161) from client. Sending data ...
2018-07-06 18:24:17,161 | server           | INFO     | PID=25903 | [SUMMARY] [Sent: 150310007 bytes] [Read: 150310007 bytes (69.994% of 214748365 raw bytes)] [Duration: 54.10679602622986 seconds] [Bitrate: 22224196.299057562 bit/s]
2018-07-06 18:24:17,161 | server           | INFO     | PID=25903 | Resources closed, now exiting

 Performance counter stats for 'CPU(s) 1-2':

     127284.205180      task-clock (msec)         #    2.000 CPUs utilized            (100.00%)
             4,098      context-switches          #    0.032 K/sec                    (100.00%)
                 1      cpu-migrations            #    0.000 K/sec                    (100.00%)
            89,525      page-faults               #    0.703 K/sec                  
   157,589,086,598      cycles                    #    1.238 GHz                      (100.00%)
   <not supported>      stalled-cycles-frontend  
   <not supported>      stalled-cycles-backend   
   367,426,493,946      instructions              #    2.33  insns per cycle          (100.00%)
    69,938,052,092      branches                  #  549.464 M/sec                    (100.00%)
        96,822,646      branch-misses             #    0.14% of all branches        

      63.641856828 seconds time elapsed