LC_NUMERIC=en_US.UTF8 perf stat -B -C 1-2 taskset -c 2 /tmp/eucycles/pyben-nio/src/run --server start --bind 10.10.1.4 --size 178956971 --port 8881 --filename /tmp/eucycles/data_file --bufsize 50mb --method "match; func=lambda v: v - 48 < 10; sztype=BEFORE"

2018-07-06 20:39:17,246 | server           | INFO     | PID=31015 | [bufsize: 52428800 bytes] [zerocopy: False]
2018-07-06 20:39:17,261 | methods.match    | INFO     | PID=31015 | [method: methods.match]
2018-07-06 20:39:17,262 | methods.match    | INFO     | PID=31015 | [method parameters: {'sztype': 'BEFORE', 'func': 'lambda v: v - 48 < 10', 'mpws': '50MB'}]
2018-07-06 20:39:17,284 | methods.match    | INFO     | PID=31015 | Start 1 process to handle data filtering
2018-07-06 20:39:17,284 | server           | INFO     | PID=31015 | Ready to send 178956971 bytes using data file size of 1073741824 bytes
2018-07-06 20:39:17,284 | server           | INFO     | PID=31015 | Listening socket bound to port 8881
2018-07-06 20:39:26,682 | server           | INFO     | PID=31015 | Accepted incoming connection ('10.10.1.2', 51931) from client. Sending data ...
2018-07-06 20:40:17,716 | server           | INFO     | PID=31015 | [SUMMARY] [Sent: 178956971 bytes] [Read: 178956971 bytes (100.000% of 178956971 raw bytes)] [Duration: 51.03363394737244 seconds] [Bitrate: 28053180.956628926 bit/s]
2018-07-06 20:40:17,717 | server           | INFO     | PID=31015 | Resources closed, now exiting

 Performance counter stats for 'CPU(s) 1-2':

     121207.727462      task-clock (msec)         #    2.000 CPUs utilized            (100.00%)
             3,544      context-switches          #    0.029 K/sec                    (100.00%)
                 1      cpu-migrations            #    0.000 K/sec                    (100.00%)
           103,510      page-faults               #    0.854 K/sec                  
   121,074,716,573      cycles                    #    0.999 GHz                      (100.00%)
   <not supported>      stalled-cycles-frontend  
   <not supported>      stalled-cycles-backend   
   344,407,517,300      instructions              #    2.84  insns per cycle          (100.00%)
    65,624,806,989      branches                  #  541.424 M/sec                    (100.00%)
        21,890,389      branch-misses             #    0.03% of all branches        

      60.609377101 seconds time elapsed