LC_NUMERIC=en_US.UTF8 perf stat -B -C 1-2 taskset -c 2 /tmp/eucycles/pyben-nio/src/run --client start --addresses 10.10.1.3  10.10.1.4  10.10.1.5 --size 1GB --port 8881 --bind 10.10.1.2 --bufsize 50mb --cache 0b --method "raw"

2018-07-06 15:48:19,248 | client           | INFO     | PID=9431 | [bufsize: 52428800 bytes]
2018-07-06 15:48:19,277 | client           | INFO     | PID=9434 | Connecting to server 10.10.1.3 on port 8881
2018-07-06 15:48:19,278 | client           | INFO     | PID=9433 | Connecting to server 10.10.1.4 on port 8881
2018-07-06 15:48:19,278 | client           | INFO     | PID=9434 | Connection established. Receiving data ...
2018-07-06 15:48:19,278 | methods.raw      | INFO     | PID=9434 | [method: methods.raw]
2018-07-06 15:48:19,278 | methods.raw      | INFO     | PID=9434 | [method parameters: {}]
2018-07-06 15:48:19,285 | client           | INFO     | PID=9433 | Connection established. Receiving data ...
2018-07-06 15:48:19,285 | methods.raw      | INFO     | PID=9433 | [method: methods.raw]
2018-07-06 15:48:19,285 | methods.raw      | INFO     | PID=9433 | [method parameters: {}]
2018-07-06 15:48:19,289 | client           | INFO     | PID=9432 | Connecting to server 10.10.1.5 on port 8881
2018-07-06 15:48:19,289 | client           | INFO     | PID=9432 | Connection established. Receiving data ...
2018-07-06 15:48:19,289 | methods.raw      | INFO     | PID=9432 | [method: methods.raw]
2018-07-06 15:48:19,290 | methods.raw      | INFO     | PID=9432 | [method parameters: {}]
2018-07-06 15:49:35,965 | client           | INFO     | PID=9432 | [Received: 143154393 bytes (143154393 raw bytes)] [Duration: 76.61897206306458 seconds] [Bitrate: 14947148.378046164 bit/s]
2018-07-06 15:49:35,965 | client           | INFO     | PID=9432 | Socket closed
2018-07-06 15:49:37,165 | client           | INFO     | PID=9433 | [Received: 143151592 bytes (143151592 raw bytes)] [Duration: 77.82609915733337 seconds] [Bitrate: 14715021.675245935 bit/s]
2018-07-06 15:49:37,165 | client           | INFO     | PID=9433 | Socket closed
2018-07-06 15:49:37,249 | client           | INFO     | PID=9434 | [Received: 143165569 bytes (143165569 raw bytes)] [Duration: 77.91625380516052 seconds] [Bitrate: 14699430.42775169 bit/s]
2018-07-06 15:49:37,249 | client           | INFO     | PID=9434 | Socket closed
2018-07-06 15:49:37,271 | client           | INFO     | PID=9431 | [SUMMARY] [Received: 429471554 bytes (100.000% of 429471554 raw bytes)] [Duration: 77.91625380516052 seconds] [Bitrate: 44095708.715559974 bit/s]

 Performance counter stats for 'CPU(s) 1-2':

     156189.734017      task-clock (msec)         #    2.000 CPUs utilized            (100.00%)
             5,227      context-switches          #    0.033 K/sec                    (100.00%)
                 1      cpu-migrations            #    0.000 K/sec                    (100.00%)
            55,968      page-faults               #    0.358 K/sec                  
     1,835,955,417      cycles                    #    0.012 GHz                      (100.00%)
   <not supported>      stalled-cycles-frontend  
   <not supported>      stalled-cycles-backend   
     1,250,211,070      instructions              #    0.68  insns per cycle          (100.00%)
       240,693,672      branches                  #    1.541 M/sec                    (100.00%)
         6,044,626      branch-misses             #    2.51% of all branches        

      78.102641229 seconds time elapsed