LC_NUMERIC=en_US.UTF8 perf stat -B -C 1-2 taskset -c 2 /tmp/eucycles/pyben-nio/src/run --server start --bind 10.10.1.5 --size 153391689 --port 8881 --filename /tmp/eucycles/data_file --bufsize 50mb --method "match; func=lambda v: v - 48 < 1; sztype=BEFORE"

2018-07-06 14:10:00,501 | server           | INFO     | PID=7455 | [bufsize: 52428800 bytes] [zerocopy: False]
2018-07-06 14:10:00,516 | methods.match    | INFO     | PID=7455 | [method: methods.match]
2018-07-06 14:10:00,516 | methods.match    | INFO     | PID=7455 | [method parameters: {'func': 'lambda v: v - 48 < 1', 'mpws': '50MB', 'sztype': 'BEFORE'}]
2018-07-06 14:10:00,538 | methods.match    | INFO     | PID=7455 | Start 1 process to handle data filtering
2018-07-06 14:10:00,538 | server           | INFO     | PID=7455 | Ready to send 153391689 bytes using data file size of 1073741824 bytes
2018-07-06 14:10:00,538 | server           | INFO     | PID=7455 | Listening socket bound to port 8881
2018-07-06 14:10:09,980 | server           | INFO     | PID=7455 | Accepted incoming connection ('10.10.1.2', 45738) from client. Sending data ...
2018-07-06 14:10:35,854 | server           | INFO     | PID=7455 | [SUMMARY] [Sent: 15338696 bytes] [Read: 15338696 bytes (10.000% of 153391689 raw bytes)] [Duration: 25.87454605102539 seconds] [Bitrate: 4742481.965017396 bit/s]
2018-07-06 14:10:35,855 | server           | INFO     | PID=7455 | Resources closed, now exiting

 Performance counter stats for 'CPU(s) 1-2':

      70988.431221      task-clock (msec)         #    2.000 CPUs utilized            (100.00%)
             2,890      context-switches          #    0.041 K/sec                    (100.00%)
                 1      cpu-migrations            #    0.000 K/sec                    (100.00%)
            21,292      page-faults               #    0.300 K/sec                  
    61,090,463,921      cycles                    #    0.861 GHz                      (100.00%)
   <not supported>      stalled-cycles-frontend  
   <not supported>      stalled-cycles-backend   
   181,537,946,076      instructions              #    2.97  insns per cycle          (100.00%)
    33,488,948,584      branches                  #  471.752 M/sec                    (100.00%)
        33,676,823      branch-misses             #    0.10% of all branches        

      35.494343414 seconds time elapsed