LC_NUMERIC=en_US.UTF8 perf stat -B -C 1-2 taskset -c 2 /tmp/eucycles/pyben-nio/src/run --server start --bind 10.10.1.3 --size 268435456 --port 8881 --filename /tmp/eucycles/data_file --bufsize 50mb --method "match; func=lambda v: v - 48 < 6; sztype=BEFORE"

2018-07-06 17:34:07,059 | server           | INFO     | PID=22758 | [bufsize: 52428800 bytes] [zerocopy: False]
2018-07-06 17:34:07,073 | methods.match    | INFO     | PID=22758 | [method: methods.match]
2018-07-06 17:34:07,074 | methods.match    | INFO     | PID=22758 | [method parameters: {'func': 'lambda v: v - 48 < 6', 'sztype': 'BEFORE', 'mpws': '50MB'}]
2018-07-06 17:34:07,096 | methods.match    | INFO     | PID=22758 | Start 1 process to handle data filtering
2018-07-06 17:34:07,096 | server           | INFO     | PID=22758 | Ready to send 268435456 bytes using data file size of 1073741824 bytes
2018-07-06 17:34:07,096 | server           | INFO     | PID=22758 | Listening socket bound to port 8881
2018-07-06 17:34:15,195 | server           | INFO     | PID=22758 | Accepted incoming connection ('10.10.1.2', 54489) from client. Sending data ...
2018-07-06 17:35:19,855 | server           | INFO     | PID=22758 | [SUMMARY] [Sent: 161042799 bytes] [Read: 161042799 bytes (59.993% of 268435456 raw bytes)] [Duration: 64.65970706939697 seconds] [Bitrate: 19924964.872130767 bit/s]
2018-07-06 17:35:19,856 | server           | INFO     | PID=22758 | Resources closed, now exiting

 Performance counter stats for 'CPU(s) 1-2':

     145874.450700      task-clock (msec)         #    2.000 CPUs utilized            (100.00%)
             4,842      context-switches          #    0.033 K/sec                    (100.00%)
                 1      cpu-migrations            #    0.000 K/sec                    (100.00%)
            69,796      page-faults               #    0.478 K/sec                  
   200,927,192,321      cycles                    #    1.377 GHz                      (100.00%)
   <not supported>      stalled-cycles-frontend  
   <not supported>      stalled-cycles-backend   
   444,311,414,793      instructions              #    2.21  insns per cycle          (100.00%)
    85,046,065,281      branches                  #  583.009 M/sec                    (100.00%)
       151,980,646      branch-misses             #    0.18% of all branches        

      72.936983172 seconds time elapsed