LC_NUMERIC=en_US.UTF8 perf stat -B -C 1-2 taskset -c 2 /tmp/eucycles/pyben-nio/src/run --server start --bind 10.10.1.6 --size 153391689 --port 8881 --filename /tmp/eucycles/data_file --bufsize 50mb --method "match; func=lambda v: v - 48 < 10; sztype=BEFORE"

2018-07-06 20:40:49,242 | server           | INFO     | PID=24776 | [bufsize: 52428800 bytes] [zerocopy: False]
2018-07-06 20:40:49,258 | methods.match    | INFO     | PID=24776 | [method: methods.match]
2018-07-06 20:40:49,258 | methods.match    | INFO     | PID=24776 | [method parameters: {'sztype': 'BEFORE', 'mpws': '50MB', 'func': 'lambda v: v - 48 < 10'}]
2018-07-06 20:40:49,280 | methods.match    | INFO     | PID=24776 | Start 1 process to handle data filtering
2018-07-06 20:40:49,280 | server           | INFO     | PID=24776 | Ready to send 153391689 bytes using data file size of 1073741824 bytes
2018-07-06 20:40:49,280 | server           | INFO     | PID=24776 | Listening socket bound to port 8881
2018-07-06 20:40:57,557 | server           | INFO     | PID=24776 | Accepted incoming connection ('10.10.1.2', 57244) from client. Sending data ...
2018-07-06 20:41:41,608 | server           | INFO     | PID=24776 | [SUMMARY] [Sent: 153391689 bytes] [Read: 153391689 bytes (100.000% of 153391689 raw bytes)] [Duration: 44.05076503753662 seconds] [Bitrate: 27857257.665203605 bit/s]
2018-07-06 20:41:41,608 | server           | INFO     | PID=24776 | Resources closed, now exiting

 Performance counter stats for 'CPU(s) 1-2':

     105002.798277      task-clock (msec)         #    2.000 CPUs utilized            (100.00%)
             3,121      context-switches          #    0.030 K/sec                    (100.00%)
                 1      cpu-migrations            #    0.000 K/sec                    (100.00%)
            91,010      page-faults               #    0.867 K/sec                  
   104,568,630,369      cycles                    #    0.996 GHz                      (100.00%)
   <not supported>      stalled-cycles-frontend  
   <not supported>      stalled-cycles-backend   
   295,248,993,766      instructions              #    2.82  insns per cycle          (100.00%)
    56,259,006,239      branches                  #  535.786 M/sec                    (100.00%)
        19,103,500      branch-misses             #    0.03% of all branches        

      52.505774523 seconds time elapsed