LC_NUMERIC=en_US.UTF8 perf stat -B -C 1-2 taskset -c 2 /tmp/eucycles/pyben-nio/src/run --server start --bind 10.10.1.5 --size 178956971 --port 8881 --filename /tmp/eucycles/data_file --bufsize 50mb --method "match; func=lambda v: v - 48 < 5; sztype=BEFORE"

2018-07-06 17:06:06,165 | server           | INFO     | PID=17373 | [bufsize: 52428800 bytes] [zerocopy: False]
2018-07-06 17:06:06,180 | methods.match    | INFO     | PID=17373 | [method: methods.match]
2018-07-06 17:06:06,180 | methods.match    | INFO     | PID=17373 | [method parameters: {'mpws': '50MB', 'sztype': 'BEFORE', 'func': 'lambda v: v - 48 < 5'}]
2018-07-06 17:06:06,202 | methods.match    | INFO     | PID=17373 | Start 1 process to handle data filtering
2018-07-06 17:06:06,202 | server           | INFO     | PID=17373 | Ready to send 178956971 bytes using data file size of 1073741824 bytes
2018-07-06 17:06:06,202 | server           | INFO     | PID=17373 | Listening socket bound to port 8881
2018-07-06 17:06:14,451 | server           | INFO     | PID=17373 | Accepted incoming connection ('10.10.1.2', 36324) from client. Sending data ...
2018-07-06 17:06:56,519 | server           | INFO     | PID=17373 | [SUMMARY] [Sent: 89475589 bytes] [Read: 89475589 bytes (49.998% of 178956971 raw bytes)] [Duration: 42.06775879859924 seconds] [Bitrate: 17015518.117495593 bit/s]
2018-07-06 17:06:56,519 | server           | INFO     | PID=17373 | Resources closed, now exiting

 Performance counter stats for 'CPU(s) 1-2':

     100991.501697      task-clock (msec)         #    2.000 CPUs utilized            (100.00%)
             3,376      context-switches          #    0.033 K/sec                    (100.00%)
                 1      cpu-migrations            #    0.000 K/sec                    (100.00%)
            41,645      page-faults               #    0.412 K/sec                  
    99,697,039,184      cycles                    #    0.987 GHz                      (100.00%)
   <not supported>      stalled-cycles-frontend  
   <not supported>      stalled-cycles-backend   
   276,022,213,706      instructions              #    2.77  insns per cycle          (100.00%)
    52,428,736,330      branches                  #  519.140 M/sec                    (100.00%)
       112,770,066      branch-misses             #    0.22% of all branches        

      50.496010628 seconds time elapsed