LC_NUMERIC=en_US.UTF8 perf stat -B -C 1-2 taskset -c 2 /tmp/eucycles/pyben-nio/src/run --server start --bind 10.10.1.9 --size 153391689 --port 8881 --filename /tmp/eucycles/data_file --bufsize 50mb --method "match; func=lambda v: v - 48 < 0; sztype=BEFORE"

2018-07-06 13:35:00,749 | server           | INFO     | PID=4501 | [bufsize: 52428800 bytes] [zerocopy: False]
2018-07-06 13:35:00,764 | methods.match    | INFO     | PID=4501 | [method: methods.match]
2018-07-06 13:35:00,764 | methods.match    | INFO     | PID=4501 | [method parameters: {'func': 'lambda v: v - 48 < 0', 'sztype': 'BEFORE', 'mpws': '50MB'}]
2018-07-06 13:35:00,786 | methods.match    | INFO     | PID=4501 | Start 1 process to handle data filtering
2018-07-06 13:35:00,786 | server           | INFO     | PID=4501 | Ready to send 153391689 bytes using data file size of 1073741824 bytes
2018-07-06 13:35:00,786 | server           | INFO     | PID=4501 | Listening socket bound to port 8881
2018-07-06 13:35:05,377 | server           | INFO     | PID=4501 | Accepted incoming connection ('10.10.1.2', 42385) from client. Sending data ...
2018-07-06 13:35:29,302 | server           | INFO     | PID=4501 | [SUMMARY] [Sent: 0 bytes] [Read: 0 bytes (0.000% of 153391689 raw bytes)] [Duration: 23.924998998641968 seconds] [Bitrate: 0.0 bit/s]
2018-07-06 13:35:29,302 | server           | INFO     | PID=4501 | Resources closed, now exiting

 Performance counter stats for 'CPU(s) 1-2':

      57306.275662      task-clock (msec)         #    2.000 CPUs utilized            (100.00%)
             2,575      context-switches          #    0.045 K/sec                    (100.00%)
                 1      cpu-migrations            #    0.000 K/sec                    (100.00%)
            16,012      page-faults               #    0.279 K/sec                  
    69,650,417,505      cycles                    #    1.215 GHz                      (100.00%)
   <not supported>      stalled-cycles-frontend  
   <not supported>      stalled-cycles-backend   
   175,253,372,333      instructions              #    2.52  insns per cycle          (100.00%)
    32,828,372,758      branches                  #  572.858 M/sec                    (100.00%)
        18,147,769      branch-misses             #    0.06% of all branches        

      28.652930434 seconds time elapsed