LC_NUMERIC=en_US.UTF8 perf stat -B -C 1-2 taskset -c 2 /tmp/eucycles/pyben-nio/src/run --server start --bind 10.10.1.6 --size 214748365 --port 8881 --filename /tmp/eucycles/data_file --bufsize 50mb --method "match; func=lambda v: v - 48 < 4; sztype=BEFORE"

2018-07-06 15:51:41,073 | server           | INFO     | PID=12028 | [bufsize: 52428800 bytes] [zerocopy: False]
2018-07-06 15:51:41,088 | methods.match    | INFO     | PID=12028 | [method: methods.match]
2018-07-06 15:51:41,088 | methods.match    | INFO     | PID=12028 | [method parameters: {'sztype': 'BEFORE', 'mpws': '50MB', 'func': 'lambda v: v - 48 < 4'}]
2018-07-06 15:51:41,110 | methods.match    | INFO     | PID=12028 | Start 1 process to handle data filtering
2018-07-06 15:51:41,110 | server           | INFO     | PID=12028 | Ready to send 214748365 bytes using data file size of 1073741824 bytes
2018-07-06 15:51:41,110 | server           | INFO     | PID=12028 | Listening socket bound to port 8881
2018-07-06 15:51:46,884 | server           | INFO     | PID=12028 | Accepted incoming connection ('10.10.1.2', 44632) from client. Sending data ...
2018-07-06 15:52:32,926 | server           | INFO     | PID=12028 | [SUMMARY] [Sent: 85908147 bytes] [Read: 85908147 bytes (40.004% of 214748365 raw bytes)] [Duration: 46.04183006286621 seconds] [Bitrate: 14926973.473069983 bit/s]
2018-07-06 15:52:32,926 | server           | INFO     | PID=12028 | Resources closed, now exiting

 Performance counter stats for 'CPU(s) 1-2':

     103981.059172      task-clock (msec)         #    2.000 CPUs utilized            (100.00%)
             3,932      context-switches          #    0.038 K/sec                    (100.00%)
                 1      cpu-migrations            #    0.000 K/sec                    (100.00%)
            36,518      page-faults               #    0.351 K/sec                  
   108,747,148,447      cycles                    #    1.046 GHz                      (100.00%)
   <not supported>      stalled-cycles-frontend  
   <not supported>      stalled-cycles-backend   
   306,870,411,861      instructions              #    2.82  insns per cycle          (100.00%)
    57,436,849,466      branches                  #  552.378 M/sec                    (100.00%)
       119,664,816      branch-misses             #    0.21% of all branches        

      51.994861648 seconds time elapsed