LC_NUMERIC=en_US.UTF8 perf stat -B -C 1-2 taskset -c 2 /tmp/eucycles/pyben-nio/src/run --server start --bind 10.10.1.5 --size 153391689 --port 8881 --filename /tmp/eucycles/data_file --bufsize 50mb --method "match; func=lambda v: v - 48 < 1; sztype=BEFORE"

2018-07-06 13:58:00,586 | server           | INFO     | PID=6708 | [bufsize: 52428800 bytes] [zerocopy: False]
2018-07-06 13:58:00,601 | methods.match    | INFO     | PID=6708 | [method: methods.match]
2018-07-06 13:58:00,602 | methods.match    | INFO     | PID=6708 | [method parameters: {'func': 'lambda v: v - 48 < 1', 'mpws': '50MB', 'sztype': 'BEFORE'}]
2018-07-06 13:58:00,624 | methods.match    | INFO     | PID=6708 | Start 1 process to handle data filtering
2018-07-06 13:58:00,624 | server           | INFO     | PID=6708 | Ready to send 153391689 bytes using data file size of 1073741824 bytes
2018-07-06 13:58:00,624 | server           | INFO     | PID=6708 | Listening socket bound to port 8881
2018-07-06 13:58:10,196 | server           | INFO     | PID=6708 | Accepted incoming connection ('10.10.1.2', 41361) from client. Sending data ...
2018-07-06 13:58:35,763 | server           | INFO     | PID=6708 | [SUMMARY] [Sent: 15338696 bytes] [Read: 15338696 bytes (10.000% of 153391689 raw bytes)] [Duration: 25.566436052322388 seconds] [Bitrate: 4799635.261984565 bit/s]
2018-07-06 13:58:35,763 | server           | INFO     | PID=6708 | Resources closed, now exiting

 Performance counter stats for 'CPU(s) 1-2':

      70634.615917      task-clock (msec)         #    2.000 CPUs utilized            (100.00%)
             2,900      context-switches          #    0.041 K/sec                    (100.00%)
                 1      cpu-migrations            #    0.000 K/sec                    (100.00%)
            21,297      page-faults               #    0.302 K/sec                  
    60,353,002,604      cycles                    #    0.854 GHz                      (100.00%)
   <not supported>      stalled-cycles-frontend  
   <not supported>      stalled-cycles-backend   
   181,538,555,552      instructions              #    3.01  insns per cycle          (100.00%)
    33,489,048,028      branches                  #  474.117 M/sec                    (100.00%)
        33,666,437      branch-misses             #    0.10% of all branches        

      35.317433629 seconds time elapsed