LC_NUMERIC=en_US.UTF8 perf stat -B -C 1-2 taskset -c 2 /tmp/eucycles/pyben-nio/src/run --client start --addresses 10.10.1.3 --size 1GB --port 8881 --bind 10.10.1.2 --bufsize 50mb --cache 0b --method "raw"

2018-07-06 15:28:11,293 | client           | INFO     | PID=8852 | [bufsize: 52428800 bytes]
2018-07-06 15:28:11,319 | client           | INFO     | PID=8853 | Connecting to server 10.10.1.3 on port 8881
2018-07-06 15:28:11,319 | client           | INFO     | PID=8853 | Connection established. Receiving data ...
2018-07-06 15:28:11,319 | methods.raw      | INFO     | PID=8853 | [method: methods.raw]
2018-07-06 15:28:11,320 | methods.raw      | INFO     | PID=8853 | [method parameters: {}]
2018-07-06 15:31:46,359 | client           | INFO     | PID=8853 | [Received: 322133168 bytes (322133168 raw bytes)] [Duration: 215.0177788734436 seconds] [Bitrate: 11985359.338665776 bit/s]
2018-07-06 15:31:46,359 | client           | INFO     | PID=8853 | Socket closed
2018-07-06 15:31:46,371 | client           | INFO     | PID=8852 | [SUMMARY] [Received: 322133168 bytes (100.000% of 322133168 raw bytes)] [Duration: 215.0177788734436 seconds] [Bitrate: 11985359.338665776 bit/s]

 Performance counter stats for 'CPU(s) 1-2':

     430271.556906      task-clock (msec)         #    2.000 CPUs utilized            (100.00%)
             7,143      context-switches          #    0.017 K/sec                    (100.00%)
                 1      cpu-migrations            #    0.000 K/sec                    (100.00%)
            20,365      page-faults               #    0.047 K/sec                  
     2,670,961,967      cycles                    #    0.006 GHz                      (100.00%)
   <not supported>      stalled-cycles-frontend  
   <not supported>      stalled-cycles-backend   
     1,186,931,034      instructions              #    0.44  insns per cycle          (100.00%)
       258,125,722      branches                  #    0.600 M/sec                    (100.00%)
         5,695,925      branch-misses             #    2.21% of all branches        

     215.157517091 seconds time elapsed