LC_NUMERIC=en_US.UTF8 perf stat -B -C 1-2 taskset -c 2 /tmp/eucycles/pyben-nio/src/run --server start --bind 10.10.1.3 --size 178956971 --port 8881 --filename /tmp/eucycles/data_file --bufsize 50mb --method "match; func=lambda v: v - 48 < 1; sztype=BEFORE"

2018-07-06 13:56:50,539 | server           | INFO     | PID=7481 | [bufsize: 52428800 bytes] [zerocopy: False]
2018-07-06 13:56:50,554 | methods.match    | INFO     | PID=7481 | [method: methods.match]
2018-07-06 13:56:50,554 | methods.match    | INFO     | PID=7481 | [method parameters: {'sztype': 'BEFORE', 'func': 'lambda v: v - 48 < 1', 'mpws': '50MB'}]
2018-07-06 13:56:50,576 | methods.match    | INFO     | PID=7481 | Start 1 process to handle data filtering
2018-07-06 13:56:50,576 | server           | INFO     | PID=7481 | Ready to send 178956971 bytes using data file size of 1073741824 bytes
2018-07-06 13:56:50,577 | server           | INFO     | PID=7481 | Listening socket bound to port 8881
2018-07-06 13:57:01,388 | server           | INFO     | PID=7481 | Accepted incoming connection ('10.10.1.2', 42445) from client. Sending data ...
2018-07-06 13:57:32,722 | server           | INFO     | PID=7481 | [SUMMARY] [Sent: 17892712 bytes] [Read: 17892712 bytes (9.998% of 178956971 raw bytes)] [Duration: 31.333056211471558 seconds] [Bitrate: 4568392.404300268 bit/s]
2018-07-06 13:57:32,722 | server           | INFO     | PID=7481 | Resources closed, now exiting

 Performance counter stats for 'CPU(s) 1-2':

      84643.787376      task-clock (msec)         #    2.000 CPUs utilized            (100.00%)
             3,278      context-switches          #    0.039 K/sec                    (100.00%)
                 1      cpu-migrations            #    0.000 K/sec                    (100.00%)
            21,167      page-faults               #    0.250 K/sec                  
    94,013,882,369      cycles                    #    1.111 GHz                      (100.00%)
   <not supported>      stalled-cycles-frontend  
   <not supported>      stalled-cycles-backend   
   216,913,350,918      instructions              #    2.31  insns per cycle          (100.00%)
    40,352,818,770      branches                  #  476.737 M/sec                    (100.00%)
        38,824,995      branch-misses             #    0.10% of all branches        

      42.321674914 seconds time elapsed