LC_NUMERIC=en_US.UTF8 perf stat -B -C 1-2 taskset -c 2 /tmp/eucycles/pyben-nio/src/run --server start --bind 10.10.1.6 --size 153391689 --port 8881 --filename /tmp/eucycles/data_file --bufsize 50mb --method "match; func=lambda v: v - 48 < 2; sztype=BEFORE"

2018-07-06 14:47:24,726 | server           | INFO     | PID=8944 | [bufsize: 52428800 bytes] [zerocopy: False]
2018-07-06 14:47:24,741 | methods.match    | INFO     | PID=8944 | [method: methods.match]
2018-07-06 14:47:24,741 | methods.match    | INFO     | PID=8944 | [method parameters: {'mpws': '50MB', 'sztype': 'BEFORE', 'func': 'lambda v: v - 48 < 2'}]
2018-07-06 14:47:24,763 | methods.match    | INFO     | PID=8944 | Start 1 process to handle data filtering
2018-07-06 14:47:24,763 | server           | INFO     | PID=8944 | Ready to send 153391689 bytes using data file size of 1073741824 bytes
2018-07-06 14:47:24,763 | server           | INFO     | PID=8944 | Listening socket bound to port 8881
2018-07-06 14:47:32,981 | server           | INFO     | PID=8944 | Accepted incoming connection ('10.10.1.2', 34238) from client. Sending data ...
2018-07-06 14:48:01,695 | server           | INFO     | PID=8944 | [SUMMARY] [Sent: 30681308 bytes] [Read: 30681308 bytes (20.002% of 153391689 raw bytes)] [Duration: 28.713550090789795 seconds] [Bitrate: 8548245.10462505 bit/s]
2018-07-06 14:48:01,695 | server           | INFO     | PID=8944 | Resources closed, now exiting

 Performance counter stats for 'CPU(s) 1-2':

      74212.412961      task-clock (msec)         #    2.000 CPUs utilized            (100.00%)
             2,886      context-switches          #    0.039 K/sec                    (100.00%)
                 1      cpu-migrations            #    0.000 K/sec                    (100.00%)
            26,664      page-faults               #    0.359 K/sec                  
    67,831,142,299      cycles                    #    0.914 GHz                      (100.00%)
   <not supported>      stalled-cycles-frontend  
   <not supported>      stalled-cycles-backend   
   194,131,304,209      instructions              #    2.86  insns per cycle          (100.00%)
    36,010,107,634      branches                  #  485.230 M/sec                    (100.00%)
        51,435,148      branch-misses             #    0.14% of all branches        

      37.109238149 seconds time elapsed