LC_NUMERIC=en_US.UTF8 perf stat -B -C 1-2 taskset -c 2 /tmp/eucycles/pyben-nio/src/run --server start --bind 10.10.1.3 --size 268435456 --port 8881 --filename /tmp/eucycles/data_file --bufsize 50mb --method "match; func=lambda v: v - 48 < 9; sztype=BEFORE"

2018-07-06 20:17:56,731 | server           | INFO     | PID=312 | [bufsize: 52428800 bytes] [zerocopy: False]
2018-07-06 20:17:56,746 | methods.match    | INFO     | PID=312 | [method: methods.match]
2018-07-06 20:17:56,746 | methods.match    | INFO     | PID=312 | [method parameters: {'sztype': 'BEFORE', 'mpws': '50MB', 'func': 'lambda v: v - 48 < 9'}]
2018-07-06 20:17:56,768 | methods.match    | INFO     | PID=312 | Start 1 process to handle data filtering
2018-07-06 20:17:56,768 | server           | INFO     | PID=312 | Ready to send 268435456 bytes using data file size of 1073741824 bytes
2018-07-06 20:17:56,768 | server           | INFO     | PID=312 | Listening socket bound to port 8881
2018-07-06 20:18:04,864 | server           | INFO     | PID=312 | Accepted incoming connection ('10.10.1.2', 52489) from client. Sending data ...
2018-07-06 20:19:19,434 | server           | INFO     | PID=312 | [SUMMARY] [Sent: 241581077 bytes] [Read: 241581077 bytes (89.996% of 268435456 raw bytes)] [Duration: 74.56957197189331 seconds] [Bitrate: 25917389.1561085 bit/s]
2018-07-06 20:19:19,434 | server           | INFO     | PID=312 | Resources closed, now exiting

 Performance counter stats for 'CPU(s) 1-2':

     165685.215249      task-clock (msec)         #    2.000 CPUs utilized            (100.00%)
             5,109      context-switches          #    0.031 K/sec                    (100.00%)
                 1      cpu-migrations            #    0.000 K/sec                    (100.00%)
           134,101      page-faults               #    0.809 K/sec                  
   225,746,672,691      cycles                    #    1.363 GHz                      (100.00%)
   <not supported>      stalled-cycles-frontend  
   <not supported>      stalled-cycles-backend   
   514,720,826,066      instructions              #    2.28  insns per cycle          (100.00%)
    99,424,628,120      branches                  #  600.081 M/sec                    (100.00%)
        58,204,969      branch-misses             #    0.06% of all branches        

      82.842355818 seconds time elapsed