LC_NUMERIC=en_US.UTF8 perf stat -B -C 1-2 taskset -c 2 /tmp/eucycles/pyben-nio/src/run --server start --bind 10.10.1.3 --size 153391690 --port 8881 --filename /tmp/eucycles/data_file --bufsize 50mb --method "match; func=lambda v: v - 48 < 7; sztype=BEFORE"

2018-07-06 18:42:12,615 | server           | INFO     | PID=27166 | [bufsize: 52428800 bytes] [zerocopy: False]
2018-07-06 18:42:12,629 | methods.match    | INFO     | PID=27166 | [method: methods.match]
2018-07-06 18:42:12,630 | methods.match    | INFO     | PID=27166 | [method parameters: {'func': 'lambda v: v - 48 < 7', 'mpws': '50MB', 'sztype': 'BEFORE'}]
2018-07-06 18:42:12,652 | methods.match    | INFO     | PID=27166 | Start 1 process to handle data filtering
2018-07-06 18:42:12,652 | server           | INFO     | PID=27166 | Ready to send 153391690 bytes using data file size of 1073741824 bytes
2018-07-06 18:42:12,652 | server           | INFO     | PID=27166 | Listening socket bound to port 8881
2018-07-06 18:42:24,598 | server           | INFO     | PID=27166 | Accepted incoming connection ('10.10.1.2', 39705) from client. Sending data ...
2018-07-06 18:43:03,051 | server           | INFO     | PID=27166 | [SUMMARY] [Sent: 107357976 bytes] [Read: 107357976 bytes (69.989% of 153391690 raw bytes)] [Duration: 38.45268201828003 seconds] [Bitrate: 22335602.17182522 bit/s]
2018-07-06 18:43:03,051 | server           | INFO     | PID=27166 | Resources closed, now exiting

 Performance counter stats for 'CPU(s) 1-2':

     101151.146416      task-clock (msec)         #    2.000 CPUs utilized            (100.00%)
             3,056      context-switches          #    0.030 K/sec                    (100.00%)
                 1      cpu-migrations            #    0.000 K/sec                    (100.00%)
            68,551      page-faults               #    0.678 K/sec                  
   119,871,781,531      cycles                    #    1.185 GHz                      (100.00%)
   <not supported>      stalled-cycles-frontend  
   <not supported>      stalled-cycles-backend   
   264,473,919,368      instructions              #    2.21  insns per cycle          (100.00%)
    50,459,449,465      branches                  #  498.852 M/sec                    (100.00%)
        69,742,512      branch-misses             #    0.14% of all branches        

      50.575341194 seconds time elapsed