LC_NUMERIC=en_US.UTF8 perf stat -B -C 1-2 taskset -c 2 /tmp/eucycles/pyben-nio/src/run --server start --bind 10.10.1.3 --size 1073741824 --port 8881 --filename /tmp/eucycles/data_file --bufsize 50mb --method "match; func=lambda v: v - 48 < 8; sztype=BEFORE"

2018-07-06 19:00:08,048 | server           | INFO     | PID=28301 | [bufsize: 52428800 bytes] [zerocopy: False]
2018-07-06 19:00:08,063 | methods.match    | INFO     | PID=28301 | [method: methods.match]
2018-07-06 19:00:08,063 | methods.match    | INFO     | PID=28301 | [method parameters: {'func': 'lambda v: v - 48 < 8', 'mpws': '50MB', 'sztype': 'BEFORE'}]
2018-07-06 19:00:08,085 | methods.match    | INFO     | PID=28301 | Start 1 process to handle data filtering
2018-07-06 19:00:08,085 | server           | INFO     | PID=28301 | Ready to send 1073741824 bytes using data file size of 1073741824 bytes
2018-07-06 19:00:08,085 | server           | INFO     | PID=28301 | Listening socket bound to port 8881
2018-07-06 19:00:12,397 | server           | INFO     | PID=28301 | Accepted incoming connection ('10.10.1.2', 46467) from client. Sending data ...
2018-07-06 19:04:58,400 | server           | INFO     | PID=28301 | [SUMMARY] [Sent: 858997830 bytes] [Read: 858997830 bytes (80.000% of 1073741824 raw bytes)] [Duration: 286.0028700828552 seconds] [Bitrate: 24027670.204880048 bit/s]
2018-07-06 19:04:58,400 | server           | INFO     | PID=28301 | Resources closed, now exiting

 Performance counter stats for 'CPU(s) 1-2':

     580983.694330      task-clock (msec)         #    2.000 CPUs utilized            (100.00%)
            18,777      context-switches          #    0.032 K/sec                    (100.00%)
                 1      cpu-migrations            #    0.000 K/sec                    (100.00%)
           435,559      page-faults               #    0.750 K/sec                  
   805,712,552,051      cycles                    #    1.387 GHz                      (100.00%)
   <not supported>      stalled-cycles-frontend  
   <not supported>      stalled-cycles-backend   
 1,952,694,015,806      instructions              #    2.42  insns per cycle          (100.00%)
   375,573,486,453      branches                  #  646.444 M/sec                    (100.00%)
       349,979,840      branch-misses             #    0.09% of all branches        

     290.491424362 seconds time elapsed