LC_NUMERIC=en_US.UTF8 perf stat -B -C 1-2 taskset -c 2 /tmp/eucycles/pyben-nio/src/run --server start --bind 10.10.1.7 --size 214748364 --port 8881 --filename /tmp/eucycles/data_file --bufsize 50mb --method "match; func=lambda v: v - 48 < 9; sztype=BEFORE"

2018-07-06 20:19:51,725 | server           | INFO     | PID=20850 | [bufsize: 52428800 bytes] [zerocopy: False]
2018-07-06 20:19:51,741 | methods.match    | INFO     | PID=20850 | [method: methods.match]
2018-07-06 20:19:51,741 | methods.match    | INFO     | PID=20850 | [method parameters: {'mpws': '50MB', 'func': 'lambda v: v - 48 < 9', 'sztype': 'BEFORE'}]
2018-07-06 20:19:51,763 | methods.match    | INFO     | PID=20850 | Start 1 process to handle data filtering
2018-07-06 20:19:51,763 | server           | INFO     | PID=20850 | Ready to send 214748364 bytes using data file size of 1073741824 bytes
2018-07-06 20:19:51,763 | server           | INFO     | PID=20850 | Listening socket bound to port 8881
2018-07-06 20:19:56,349 | server           | INFO     | PID=20850 | Accepted incoming connection ('10.10.1.2', 35761) from client. Sending data ...
2018-07-06 20:20:55,588 | server           | INFO     | PID=20850 | [SUMMARY] [Sent: 193274808 bytes] [Read: 193274808 bytes (90.001% of 214748364 raw bytes)] [Duration: 59.23824906349182 seconds] [Bitrate: 26101353.237884827 bit/s]
2018-07-06 20:20:55,588 | server           | INFO     | PID=20850 | Resources closed, now exiting

 Performance counter stats for 'CPU(s) 1-2':

     127916.222268      task-clock (msec)         #    2.000 CPUs utilized            (100.00%)
             3,897      context-switches          #    0.030 K/sec                    (100.00%)
                 1      cpu-migrations            #    0.000 K/sec                    (100.00%)
           110,483      page-faults               #    0.864 K/sec                  
   140,415,776,411      cycles                    #    1.098 GHz                      (100.00%)
   <not supported>      stalled-cycles-frontend  
   <not supported>      stalled-cycles-backend   
   398,509,544,309      instructions              #    2.84  insns per cycle          (100.00%)
    76,166,705,590      branches                  #  595.442 M/sec                    (100.00%)
        47,041,145      branch-misses             #    0.06% of all branches        

      63.962522046 seconds time elapsed