LC_NUMERIC=en_US.UTF8 perf stat -B -C 1-2 taskset -c 2 /tmp/eucycles/pyben-nio/src/run --server start --bind 10.10.1.5 --size 214748365 --port 8881 --filename /tmp/eucycles/data_file --bufsize 50mb --method "match; func=lambda v: v - 48 < 8; sztype=BEFORE"

2018-07-06 19:28:35,640 | server           | INFO     | PID=24402 | [bufsize: 52428800 bytes] [zerocopy: False]
2018-07-06 19:28:35,656 | methods.match    | INFO     | PID=24402 | [method: methods.match]
2018-07-06 19:28:35,656 | methods.match    | INFO     | PID=24402 | [method parameters: {'func': 'lambda v: v - 48 < 8', 'mpws': '50MB', 'sztype': 'BEFORE'}]
2018-07-06 19:28:35,678 | methods.match    | INFO     | PID=24402 | Start 1 process to handle data filtering
2018-07-06 19:28:35,678 | server           | INFO     | PID=24402 | Ready to send 214748365 bytes using data file size of 1073741824 bytes
2018-07-06 19:28:35,678 | server           | INFO     | PID=24402 | Listening socket bound to port 8881
2018-07-06 19:28:42,649 | server           | INFO     | PID=24402 | Accepted incoming connection ('10.10.1.2', 56529) from client. Sending data ...
2018-07-06 19:29:40,627 | server           | INFO     | PID=24402 | [SUMMARY] [Sent: 171789733 bytes] [Read: 171789733 bytes (79.996% of 214748365 raw bytes)] [Duration: 57.97738194465637 seconds] [Bitrate: 23704379.49943801 bit/s]
2018-07-06 19:29:40,627 | server           | INFO     | PID=24402 | Resources closed, now exiting

 Performance counter stats for 'CPU(s) 1-2':

     130253.819669      task-clock (msec)         #    2.000 CPUs utilized            (100.00%)
             4,111      context-switches          #    0.032 K/sec                    (100.00%)
                 1      cpu-migrations            #    0.000 K/sec                    (100.00%)
           100,014      page-faults               #    0.768 K/sec                  
   137,508,771,341      cycles                    #    1.056 GHz                      (100.00%)
   <not supported>      stalled-cycles-frontend  
   <not supported>      stalled-cycles-backend   
   390,118,640,685      instructions              #    2.84  insns per cycle          (100.00%)
    74,786,124,464      branches                  #  574.157 M/sec                    (100.00%)
        72,012,317      branch-misses             #    0.10% of all branches        

      65.127291704 seconds time elapsed