LC_NUMERIC=en_US.UTF8 perf stat -B -C 1-2 taskset -c 2 /tmp/eucycles/pyben-nio/src/run --server start --bind 10.10.1.4 --size 357913941 --port 8881 --filename /tmp/eucycles/data_file --bufsize 50mb --method "match; func=lambda v: v - 48 < 5; sztype=BEFORE"

2018-07-06 17:01:04,447 | server           | INFO     | PID=18802 | [bufsize: 52428800 bytes] [zerocopy: False]
2018-07-06 17:01:04,462 | methods.match    | INFO     | PID=18802 | [method: methods.match]
2018-07-06 17:01:04,463 | methods.match    | INFO     | PID=18802 | [method parameters: {'func': 'lambda v: v - 48 < 5', 'sztype': 'BEFORE', 'mpws': '50MB'}]
2018-07-06 17:01:04,484 | methods.match    | INFO     | PID=18802 | Start 1 process to handle data filtering
2018-07-06 17:01:04,485 | server           | INFO     | PID=18802 | Ready to send 357913941 bytes using data file size of 1073741824 bytes
2018-07-06 17:01:04,485 | server           | INFO     | PID=18802 | Listening socket bound to port 8881
2018-07-06 17:01:10,682 | server           | INFO     | PID=18802 | Accepted incoming connection ('10.10.1.2', 37891) from client. Sending data ...
2018-07-06 17:02:34,217 | server           | INFO     | PID=18802 | [SUMMARY] [Sent: 178947117 bytes] [Read: 178947117 bytes (49.997% of 357913941 raw bytes)] [Duration: 83.53540992736816 seconds] [Bitrate: 17137366.50415337 bit/s]
2018-07-06 17:02:34,218 | server           | INFO     | PID=18802 | Resources closed, now exiting

 Performance counter stats for 'CPU(s) 1-2':

     179808.046136      task-clock (msec)         #    2.000 CPUs utilized            (100.00%)
             6,277      context-switches          #    0.035 K/sec                    (100.00%)
                 1      cpu-migrations            #    0.000 K/sec                    (100.00%)
            41,804      page-faults               #    0.232 K/sec                  
   197,368,366,777      cycles                    #    1.098 GHz                      (100.00%)
   <not supported>      stalled-cycles-frontend  
   <not supported>      stalled-cycles-backend   
   556,633,797,795      instructions              #    2.82  insns per cycle          (100.00%)
   105,842,817,371      branches                  #  588.643 M/sec                    (100.00%)
       222,923,329      branch-misses             #    0.21% of all branches        

      89.912288306 seconds time elapsed