LC_NUMERIC=en_US.UTF8 perf stat -B -C 1-2 taskset -c 2 /tmp/eucycles/pyben-nio/src/run --server start --bind 10.10.1.6 --size 268435456 --port 8881 --filename /tmp/eucycles/data_file --bufsize 50mb --method "match; func=lambda v: v - 48 < 3; sztype=BEFORE"

2018-07-06 15:09:20,598 | server           | INFO     | PID=9859 | [bufsize: 52428800 bytes] [zerocopy: False]
2018-07-06 15:09:20,613 | methods.match    | INFO     | PID=9859 | [method: methods.match]
2018-07-06 15:09:20,613 | methods.match    | INFO     | PID=9859 | [method parameters: {'mpws': '50MB', 'sztype': 'BEFORE', 'func': 'lambda v: v - 48 < 3'}]
2018-07-06 15:09:20,636 | methods.match    | INFO     | PID=9859 | Start 1 process to handle data filtering
2018-07-06 15:09:20,636 | server           | INFO     | PID=9859 | Ready to send 268435456 bytes using data file size of 1073741824 bytes
2018-07-06 15:09:20,636 | server           | INFO     | PID=9859 | Listening socket bound to port 8881
2018-07-06 15:09:25,184 | server           | INFO     | PID=9859 | Accepted incoming connection ('10.10.1.2', 43705) from client. Sending data ...
2018-07-06 15:10:18,694 | server           | INFO     | PID=9859 | [SUMMARY] [Sent: 80531849 bytes] [Read: 80531849 bytes (30.000% of 268435456 raw bytes)] [Duration: 53.50909399986267 seconds] [Bitrate: 12040099.053100273 bit/s]
2018-07-06 15:10:18,694 | server           | INFO     | PID=9859 | Resources closed, now exiting

 Performance counter stats for 'CPU(s) 1-2':

     116378.503296      task-clock (msec)         #    2.000 CPUs utilized            (100.00%)
             4,512      context-switches          #    0.039 K/sec                    (100.00%)
                 1      cpu-migrations            #    0.000 K/sec                    (100.00%)
            31,360      page-faults               #    0.269 K/sec                  
   126,126,645,546      cycles                    #    1.084 GHz                      (100.00%)
   <not supported>      stalled-cycles-frontend  
   <not supported>      stalled-cycles-backend   
   361,451,460,750      instructions              #    2.87  insns per cycle          (100.00%)
    67,362,655,715      branches                  #  578.824 M/sec                    (100.00%)
       118,390,998      branch-misses             #    0.18% of all branches        

      58.194121214 seconds time elapsed