LC_NUMERIC=en_US.UTF8 perf stat -B -C 1-2 taskset -c 2 /tmp/eucycles/pyben-nio/src/run --server start --bind 10.10.1.4 --size 178956971 --port 8881 --filename /tmp/eucycles/data_file --bufsize 50mb --method "match; func=lambda v: v - 48 < 6; sztype=BEFORE"

2018-07-06 17:52:48,130 | server           | INFO     | PID=21921 | [bufsize: 52428800 bytes] [zerocopy: False]
2018-07-06 17:52:48,145 | methods.match    | INFO     | PID=21921 | [method: methods.match]
2018-07-06 17:52:48,145 | methods.match    | INFO     | PID=21921 | [method parameters: {'func': 'lambda v: v - 48 < 6', 'mpws': '50MB', 'sztype': 'BEFORE'}]
2018-07-06 17:52:48,167 | methods.match    | INFO     | PID=21921 | Start 1 process to handle data filtering
2018-07-06 17:52:48,167 | server           | INFO     | PID=21921 | Ready to send 178956971 bytes using data file size of 1073741824 bytes
2018-07-06 17:52:48,167 | server           | INFO     | PID=21921 | Listening socket bound to port 8881
2018-07-06 17:52:57,559 | server           | INFO     | PID=21921 | Accepted incoming connection ('10.10.1.2', 39329) from client. Sending data ...
2018-07-06 17:53:40,764 | server           | INFO     | PID=21921 | [SUMMARY] [Sent: 107364167 bytes] [Read: 107364167 bytes (59.994% of 178956971 raw bytes)] [Duration: 43.205636978149414 seconds] [Bitrate: 19879659.138792057 bit/s]
2018-07-06 17:53:40,765 | server           | INFO     | PID=21921 | Resources closed, now exiting

 Performance counter stats for 'CPU(s) 1-2':

     105539.871604      task-clock (msec)         #    2.000 CPUs utilized            (100.00%)
             3,384      context-switches          #    0.032 K/sec                    (100.00%)
                 1      cpu-migrations            #    0.000 K/sec                    (100.00%)
            54,443      page-faults               #    0.516 K/sec                  
   102,371,301,557      cycles                    #    0.970 GHz                      (100.00%)
   <not supported>      stalled-cycles-frontend  
   <not supported>      stalled-cycles-backend   
   288,052,990,628      instructions              #    2.81  insns per cycle          (100.00%)
    54,655,414,201      branches                  #  517.865 M/sec                    (100.00%)
       102,443,341      branch-misses             #    0.19% of all branches        

      52.774711901 seconds time elapsed