LC_NUMERIC=en_US.UTF8 perf stat -B -C 1-2 taskset -c 2 /tmp/eucycles/pyben-nio/src/run --server start --bind 10.10.1.3 --size 178956971 --port 8881 --filename /tmp/eucycles/data_file --bufsize 50mb --method "match; func=lambda v: v - 48 < 7; sztype=BEFORE"

2018-07-06 18:40:45,028 | server           | INFO     | PID=27040 | [bufsize: 52428800 bytes] [zerocopy: False]
2018-07-06 18:40:45,043 | methods.match    | INFO     | PID=27040 | [method: methods.match]
2018-07-06 18:40:45,043 | methods.match    | INFO     | PID=27040 | [method parameters: {'func': 'lambda v: v - 48 < 7', 'mpws': '50MB', 'sztype': 'BEFORE'}]
2018-07-06 18:40:45,065 | methods.match    | INFO     | PID=27040 | Start 1 process to handle data filtering
2018-07-06 18:40:45,065 | server           | INFO     | PID=27040 | Ready to send 178956971 bytes using data file size of 1073741824 bytes
2018-07-06 18:40:45,066 | server           | INFO     | PID=27040 | Listening socket bound to port 8881
2018-07-06 18:40:55,674 | server           | INFO     | PID=27040 | Accepted incoming connection ('10.10.1.2', 46638) from client. Sending data ...
2018-07-06 18:41:40,476 | server           | INFO     | PID=27040 | [SUMMARY] [Sent: 125253844 bytes] [Read: 125253844 bytes (69.991% of 178956971 raw bytes)] [Duration: 44.80189514160156 seconds] [Bitrate: 22365811.73258332 bit/s]
2018-07-06 18:41:40,476 | server           | INFO     | PID=27040 | Resources closed, now exiting

 Performance counter stats for 'CPU(s) 1-2':

     111177.831687      task-clock (msec)         #    2.000 CPUs utilized            (100.00%)
             3,466      context-switches          #    0.031 K/sec                    (100.00%)
                 1      cpu-migrations            #    0.000 K/sec                    (100.00%)
            77,281      page-faults               #    0.695 K/sec                  
   130,542,400,386      cycles                    #    1.174 GHz                      (100.00%)
   <not supported>      stalled-cycles-frontend  
   <not supported>      stalled-cycles-backend   
   306,179,243,647      instructions              #    2.35  insns per cycle          (100.00%)
    58,277,529,510      branches                  #  524.183 M/sec                    (100.00%)
        81,096,684      branch-misses             #    0.14% of all branches        

      55.588500125 seconds time elapsed