LC_NUMERIC=en_US.UTF8 perf stat -B -C 1-2 taskset -c 2 /tmp/eucycles/pyben-nio/src/run --server start --bind 10.10.1.5 --size 178956971 --port 8881 --filename /tmp/eucycles/data_file --bufsize 50mb --method "match; func=lambda v: v - 48 < 7; sztype=BEFORE"

2018-07-06 18:08:44,665 | server           | INFO     | PID=20548 | [bufsize: 52428800 bytes] [zerocopy: False]
2018-07-06 18:08:44,680 | methods.match    | INFO     | PID=20548 | [method: methods.match]
2018-07-06 18:08:44,680 | methods.match    | INFO     | PID=20548 | [method parameters: {'mpws': '50MB', 'func': 'lambda v: v - 48 < 7', 'sztype': 'BEFORE'}]
2018-07-06 18:08:44,702 | methods.match    | INFO     | PID=20548 | Start 1 process to handle data filtering
2018-07-06 18:08:44,702 | server           | INFO     | PID=20548 | Ready to send 178956971 bytes using data file size of 1073741824 bytes
2018-07-06 18:08:44,702 | server           | INFO     | PID=20548 | Listening socket bound to port 8881
2018-07-06 18:08:52,873 | server           | INFO     | PID=20548 | Accepted incoming connection ('10.10.1.2', 50137) from client. Sending data ...
2018-07-06 18:09:38,583 | server           | INFO     | PID=20548 | [SUMMARY] [Sent: 125265630 bytes] [Read: 125265630 bytes (69.998% of 178956971 raw bytes)] [Duration: 45.70955300331116 seconds] [Bitrate: 21923754.97365741 bit/s]
2018-07-06 18:09:38,583 | server           | INFO     | PID=20548 | Resources closed, now exiting

 Performance counter stats for 'CPU(s) 1-2':

     108117.232060      task-clock (msec)         #    2.000 CPUs utilized            (100.00%)
             3,500      context-switches          #    0.032 K/sec                    (100.00%)
                 1      cpu-migrations            #    0.000 K/sec                    (100.00%)
            77,286      page-faults               #    0.715 K/sec                  
   108,421,099,362      cycles                    #    1.003 GHz                      (100.00%)
   <not supported>      stalled-cycles-frontend  
   <not supported>      stalled-cycles-backend   
   305,454,053,161      instructions              #    2.82  insns per cycle          (100.00%)
    58,319,420,655      branches                  #  539.409 M/sec                    (100.00%)
        80,654,338      branch-misses             #    0.14% of all branches        

      54.058906814 seconds time elapsed