LC_NUMERIC=en_US.UTF8 perf stat -B -C 1-2 taskset -c 2 /tmp/eucycles/pyben-nio/src/run --server start --bind 10.10.1.6 --size 268435456 --port 8881 --filename /tmp/eucycles/data_file --bufsize 50mb --method "match; func=lambda v: v - 48 < 1; sztype=BEFORE"

2018-07-06 14:18:13,694 | server           | INFO     | PID=7216 | [bufsize: 52428800 bytes] [zerocopy: False]
2018-07-06 14:18:13,708 | methods.match    | INFO     | PID=7216 | [method: methods.match]
2018-07-06 14:18:13,709 | methods.match    | INFO     | PID=7216 | [method parameters: {'func': 'lambda v: v - 48 < 1', 'sztype': 'BEFORE', 'mpws': '50MB'}]
2018-07-06 14:18:13,730 | methods.match    | INFO     | PID=7216 | Start 1 process to handle data filtering
2018-07-06 14:18:13,731 | server           | INFO     | PID=7216 | Ready to send 268435456 bytes using data file size of 1073741824 bytes
2018-07-06 14:18:13,731 | server           | INFO     | PID=7216 | Listening socket bound to port 8881
2018-07-06 14:18:18,212 | server           | INFO     | PID=7216 | Accepted incoming connection ('10.10.1.2', 36176) from client. Sending data ...
2018-07-06 14:19:04,721 | server           | INFO     | PID=7216 | [SUMMARY] [Sent: 26843462 bytes] [Read: 26843462 bytes (10.000% of 268435456 raw bytes)] [Duration: 46.5094530582428 seconds] [Bitrate: 4617291.365071011 bit/s]
2018-07-06 14:19:04,721 | server           | INFO     | PID=7216 | Resources closed, now exiting

 Performance counter stats for 'CPU(s) 1-2':

     102243.243096      task-clock (msec)         #    2.000 CPUs utilized            (100.00%)
             4,447      context-switches          #    0.043 K/sec                    (100.00%)
                 1      cpu-migrations            #    0.000 K/sec                    (100.00%)
            21,127      page-faults               #    0.207 K/sec                  
   109,371,166,832      cycles                    #    1.070 GHz                      (100.00%)
   <not supported>      stalled-cycles-frontend  
   <not supported>      stalled-cycles-backend   
   329,489,012,303      instructions              #    3.01  insns per cycle          (100.00%)
    61,765,816,966      branches                  #  604.107 M/sec                    (100.00%)
        56,969,747      branch-misses             #    0.09% of all branches        

      51.125878915 seconds time elapsed