LC_NUMERIC=en_US.UTF8 perf stat -B -C 1-2 taskset -c 2 /tmp/eucycles/pyben-nio/src/run --server start --bind 10.10.1.8 --size 178956970 --port 8881 --filename /tmp/eucycles/data_file --bufsize 50mb --method "match; func=lambda v: v - 48 < 9; sztype=BEFORE"

2018-07-06 20:04:29,357 | server           | INFO     | PID=17878 | [bufsize: 52428800 bytes] [zerocopy: False]
2018-07-06 20:04:29,372 | methods.match    | INFO     | PID=17878 | [method: methods.match]
2018-07-06 20:04:29,372 | methods.match    | INFO     | PID=17878 | [method parameters: {'func': 'lambda v: v - 48 < 9', 'mpws': '50MB', 'sztype': 'BEFORE'}]
2018-07-06 20:04:29,394 | methods.match    | INFO     | PID=17878 | Start 1 process to handle data filtering
2018-07-06 20:04:29,394 | server           | INFO     | PID=17878 | Ready to send 178956970 bytes using data file size of 1073741824 bytes
2018-07-06 20:04:29,394 | server           | INFO     | PID=17878 | Listening socket bound to port 8881
2018-07-06 20:04:33,954 | server           | INFO     | PID=17878 | Accepted incoming connection ('10.10.1.2', 36135) from client. Sending data ...
2018-07-06 20:05:23,526 | server           | INFO     | PID=17878 | [SUMMARY] [Sent: 161062601 bytes] [Read: 161062601 bytes (90.001% of 178956970 raw bytes)] [Duration: 49.57153296470642 seconds] [Bitrate: 25992756.9501911 bit/s]
2018-07-06 20:05:23,526 | server           | INFO     | PID=17878 | Resources closed, now exiting

 Performance counter stats for 'CPU(s) 1-2':

     108528.958981      task-clock (msec)         #    2.000 CPUs utilized            (100.00%)
             3,290      context-switches          #    0.030 K/sec                    (100.00%)
                 1      cpu-migrations            #    0.000 K/sec                    (100.00%)
            94,732      page-faults               #    0.873 K/sec                  
   117,493,507,433      cycles                    #    1.083 GHz                      (100.00%)
   <not supported>      stalled-cycles-frontend  
   <not supported>      stalled-cycles-backend   
   329,287,704,748      instructions              #    2.80  insns per cycle          (100.00%)
    62,590,180,120      branches                  #  576.714 M/sec                    (100.00%)
        39,627,610      branch-misses             #    0.06% of all branches        

      54.267310915 seconds time elapsed