LC_NUMERIC=en_US.UTF8 perf stat -B -C 1-2 taskset -c 2 /tmp/eucycles/pyben-nio/src/run --server start --bind 10.10.1.5 --size 214748365 --port 8881 --filename /tmp/eucycles/data_file --bufsize 50mb --method "match; func=lambda v: v - 48 < 3; sztype=BEFORE"

2018-07-06 15:24:17,077 | server           | INFO     | PID=11802 | [bufsize: 52428800 bytes] [zerocopy: False]
2018-07-06 15:24:17,092 | methods.match    | INFO     | PID=11802 | [method: methods.match]
2018-07-06 15:24:17,092 | methods.match    | INFO     | PID=11802 | [method parameters: {'mpws': '50MB', 'func': 'lambda v: v - 48 < 3', 'sztype': 'BEFORE'}]
2018-07-06 15:24:17,114 | methods.match    | INFO     | PID=11802 | Start 1 process to handle data filtering
2018-07-06 15:24:17,115 | server           | INFO     | PID=11802 | Ready to send 214748365 bytes using data file size of 1073741824 bytes
2018-07-06 15:24:17,115 | server           | INFO     | PID=11802 | Listening socket bound to port 8881
2018-07-06 15:24:24,026 | server           | INFO     | PID=11802 | Accepted incoming connection ('10.10.1.2', 44953) from client. Sending data ...
2018-07-06 15:25:06,940 | server           | INFO     | PID=11802 | [SUMMARY] [Sent: 64422614 bytes] [Read: 64422614 bytes (29.999% of 214748365 raw bytes)] [Duration: 42.91355776786804 seconds] [Bitrate: 12009745.609717231 bit/s]
2018-07-06 15:25:06,940 | server           | INFO     | PID=11802 | Resources closed, now exiting

 Performance counter stats for 'CPU(s) 1-2':

     100007.301407      task-clock (msec)         #    2.000 CPUs utilized            (100.00%)
             3,876      context-switches          #    0.039 K/sec                    (100.00%)
                 1      cpu-migrations            #    0.000 K/sec                    (100.00%)
            31,395      page-faults               #    0.314 K/sec                  
   101,389,244,719      cycles                    #    1.014 GHz                      (100.00%)
   <not supported>      stalled-cycles-frontend  
   <not supported>      stalled-cycles-backend   
   292,679,567,189      instructions              #    2.89  insns per cycle          (100.00%)
    54,981,542,849      branches                  #  549.775 M/sec                    (100.00%)
        94,952,681      branch-misses             #    0.17% of all branches        

      50.003905225 seconds time elapsed