LC_NUMERIC=en_US.UTF8 perf stat -B -C 1-2 taskset -c 2 /tmp/eucycles/pyben-nio/src/run --server start --bind 10.10.1.4 --size 178956971 --port 8881 --filename /tmp/eucycles/data_file --bufsize 50mb --method "match; func=lambda v: v - 48 < 5; sztype=BEFORE"

2018-07-06 16:51:08,501 | server           | INFO     | PID=18352 | [bufsize: 52428800 bytes] [zerocopy: False]
2018-07-06 16:51:08,516 | methods.match    | INFO     | PID=18352 | [method: methods.match]
2018-07-06 16:51:08,516 | methods.match    | INFO     | PID=18352 | [method parameters: {'mpws': '50MB', 'sztype': 'BEFORE', 'func': 'lambda v: v - 48 < 5'}]
2018-07-06 16:51:08,538 | methods.match    | INFO     | PID=18352 | Start 1 process to handle data filtering
2018-07-06 16:51:08,538 | server           | INFO     | PID=18352 | Ready to send 178956971 bytes using data file size of 1073741824 bytes
2018-07-06 16:51:08,538 | server           | INFO     | PID=18352 | Listening socket bound to port 8881
2018-07-06 16:51:18,903 | server           | INFO     | PID=18352 | Accepted incoming connection ('10.10.1.2', 49062) from client. Sending data ...
2018-07-06 16:51:59,647 | server           | INFO     | PID=18352 | [SUMMARY] [Sent: 89464236 bytes] [Read: 89464236 bytes (49.992% of 178956971 raw bytes)] [Duration: 40.74325203895569 seconds] [Bitrate: 17566439.893302754 bit/s]
2018-07-06 16:51:59,647 | server           | INFO     | PID=18352 | Resources closed, now exiting

 Performance counter stats for 'CPU(s) 1-2':

     102565.577956      task-clock (msec)         #    2.000 CPUs utilized            (100.00%)
             3,391      context-switches          #    0.033 K/sec                    (100.00%)
                 1      cpu-migrations            #    0.000 K/sec                    (100.00%)
            41,635      page-faults               #    0.406 K/sec                  
    96,499,208,870      cycles                    #    0.941 GHz                      (100.00%)
   <not supported>      stalled-cycles-frontend  
   <not supported>      stalled-cycles-backend   
   270,468,856,977      instructions              #    2.80  insns per cycle          (100.00%)
    50,817,161,087      branches                  #  495.460 M/sec                    (100.00%)
       112,820,162      branch-misses             #    0.22% of all branches        

      51.287422582 seconds time elapsed