LC_NUMERIC=en_US.UTF8 perf stat -B -C 1-2 taskset -c 2 /tmp/eucycles/pyben-nio/src/run --server start --bind 10.10.1.3 --size 357913942 --port 8881 --filename /tmp/eucycles/data_file --bufsize 50mb --method "match; func=lambda v: v - 48 < 0; sztype=BEFORE"

2018-07-06 13:40:57,241 | server           | INFO     | PID=6118 | [bufsize: 52428800 bytes] [zerocopy: False]
2018-07-06 13:40:57,256 | methods.match    | INFO     | PID=6118 | [method: methods.match]
2018-07-06 13:40:57,256 | methods.match    | INFO     | PID=6118 | [method parameters: {'sztype': 'BEFORE', 'mpws': '50MB', 'func': 'lambda v: v - 48 < 0'}]
2018-07-06 13:40:57,278 | methods.match    | INFO     | PID=6118 | Start 1 process to handle data filtering
2018-07-06 13:40:57,278 | server           | INFO     | PID=6118 | Ready to send 357913942 bytes using data file size of 1073741824 bytes
2018-07-06 13:40:57,278 | server           | INFO     | PID=6118 | Listening socket bound to port 8881
2018-07-06 13:41:04,185 | server           | INFO     | PID=6118 | Accepted incoming connection ('10.10.1.2', 47142) from client. Sending data ...
2018-07-06 13:41:58,551 | server           | INFO     | PID=6118 | [SUMMARY] [Sent: 0 bytes] [Read: 0 bytes (0.000% of 357913942 raw bytes)] [Duration: 54.36575698852539 seconds] [Bitrate: 0.0 bit/s]
2018-07-06 13:41:58,551 | server           | INFO     | PID=6118 | Resources closed, now exiting

 Performance counter stats for 'CPU(s) 1-2':

     122899.593851      task-clock (msec)         #    2.000 CPUs utilized            (100.00%)
             6,000      context-switches          #    0.049 K/sec                    (100.00%)
                 1      cpu-migrations            #    0.000 K/sec                    (100.00%)
            16,024      page-faults               #    0.130 K/sec                  
   149,040,620,451      cycles                    #    1.213 GHz                      (100.00%)
   <not supported>      stalled-cycles-frontend  
   <not supported>      stalled-cycles-backend   
   395,018,577,529      instructions              #    2.65  insns per cycle          (100.00%)
    72,690,619,448      branches                  #  591.463 M/sec                    (100.00%)
        39,099,035      branch-misses             #    0.05% of all branches        

      61.449561186 seconds time elapsed