LC_NUMERIC=en_US.UTF8 perf stat -B -C 1-2 taskset -c 2 /tmp/eucycles/pyben-nio/src/run --server start --bind 10.10.1.6 --size 153391689 --port 8881 --filename /tmp/eucycles/data_file --bufsize 50mb --method "match; func=lambda v: v - 48 < 3; sztype=BEFORE"

2018-07-06 15:40:16,622 | server           | INFO     | PID=11600 | [bufsize: 52428800 bytes] [zerocopy: False]
2018-07-06 15:40:16,637 | methods.match    | INFO     | PID=11600 | [method: methods.match]
2018-07-06 15:40:16,637 | methods.match    | INFO     | PID=11600 | [method parameters: {'func': 'lambda v: v - 48 < 3', 'sztype': 'BEFORE', 'mpws': '50MB'}]
2018-07-06 15:40:16,659 | methods.match    | INFO     | PID=11600 | Start 1 process to handle data filtering
2018-07-06 15:40:16,660 | server           | INFO     | PID=11600 | Ready to send 153391689 bytes using data file size of 1073741824 bytes
2018-07-06 15:40:16,660 | server           | INFO     | PID=11600 | Listening socket bound to port 8881
2018-07-06 15:40:24,910 | server           | INFO     | PID=11600 | Accepted incoming connection ('10.10.1.2', 49638) from client. Sending data ...
2018-07-06 15:40:55,485 | server           | INFO     | PID=11600 | [SUMMARY] [Sent: 46019806 bytes] [Read: 46019806 bytes (30.001% of 153391689 raw bytes)] [Duration: 30.575046062469482 seconds] [Bitrate: 12041141.238112811 bit/s]
2018-07-06 15:40:55,485 | server           | INFO     | PID=11600 | Resources closed, now exiting

 Performance counter stats for 'CPU(s) 1-2':

      78000.855144      task-clock (msec)         #    2.000 CPUs utilized            (100.00%)
             2,948      context-switches          #    0.038 K/sec                    (100.00%)
                 1      cpu-migrations            #    0.000 K/sec                    (100.00%)
            31,652      page-faults               #    0.406 K/sec                  
    72,294,019,130      cycles                    #    0.927 GHz                      (100.00%)
   <not supported>      stalled-cycles-frontend  
   <not supported>      stalled-cycles-backend   
   206,721,903,349      instructions              #    2.86  insns per cycle          (100.00%)
    38,530,805,955      branches                  #  493.979 M/sec                    (100.00%)
        68,744,160      branch-misses             #    0.18% of all branches        

      39.003632778 seconds time elapsed