LC_NUMERIC=en_US.UTF8 perf stat -B -C 1-2 taskset -c 2 /tmp/eucycles/pyben-nio/src/run --server start --bind 10.10.1.3 --size 268435456 --port 8881 --filename /tmp/eucycles/data_file --bufsize 50mb --method "match; func=lambda v: v - 48 < 4; sztype=BEFORE"

2018-07-06 16:04:18,285 | server           | INFO     | PID=16866 | [bufsize: 52428800 bytes] [zerocopy: False]
2018-07-06 16:04:18,300 | methods.match    | INFO     | PID=16866 | [method: methods.match]
2018-07-06 16:04:18,300 | methods.match    | INFO     | PID=16866 | [method parameters: {'mpws': '50MB', 'func': 'lambda v: v - 48 < 4', 'sztype': 'BEFORE'}]
2018-07-06 16:04:18,322 | methods.match    | INFO     | PID=16866 | Start 1 process to handle data filtering
2018-07-06 16:04:18,322 | server           | INFO     | PID=16866 | Ready to send 268435456 bytes using data file size of 1073741824 bytes
2018-07-06 16:04:18,322 | server           | INFO     | PID=16866 | Listening socket bound to port 8881
2018-07-06 16:04:26,491 | server           | INFO     | PID=16866 | Accepted incoming connection ('10.10.1.2', 33339) from client. Sending data ...
2018-07-06 16:05:24,028 | server           | INFO     | PID=16866 | [SUMMARY] [Sent: 107366570 bytes] [Read: 107366570 bytes (39.997% of 268435456 raw bytes)] [Duration: 57.53712511062622 seconds] [Bitrate: 14928319.034858562 bit/s]
2018-07-06 16:05:24,028 | server           | INFO     | PID=16866 | Resources closed, now exiting

 Performance counter stats for 'CPU(s) 1-2':

     131768.307053      task-clock (msec)         #    2.000 CPUs utilized            (100.00%)
             4,804      context-switches          #    0.036 K/sec                    (100.00%)
                 1      cpu-migrations            #    0.000 K/sec                    (100.00%)
            36,522      page-faults               #    0.277 K/sec                  
   166,917,686,405      cycles                    #    1.267 GHz                      (100.00%)
   <not supported>      stalled-cycles-frontend  
   <not supported>      stalled-cycles-backend   
   395,722,487,319      instructions              #    2.37  insns per cycle          (100.00%)
    75,103,089,905      branches                  #  569.963 M/sec                    (100.00%)
       148,988,427      branch-misses             #    0.20% of all branches        

      65.883917175 seconds time elapsed