LC_NUMERIC=en_US.UTF8 perf stat -B -C 1-2 taskset -c 2 /tmp/eucycles/pyben-nio/src/run --server start --bind 10.10.1.3 --size 357913942 --port 8881 --filename /tmp/eucycles/data_file --bufsize 50mb --method "match; func=lambda v: v - 48 < 9; sztype=BEFORE"

2018-07-06 19:41:28,707 | server           | INFO     | PID=30594 | [bufsize: 52428800 bytes] [zerocopy: False]
2018-07-06 19:41:28,722 | methods.match    | INFO     | PID=30594 | [method: methods.match]
2018-07-06 19:41:28,722 | methods.match    | INFO     | PID=30594 | [method parameters: {'sztype': 'BEFORE', 'func': 'lambda v: v - 48 < 9', 'mpws': '50MB'}]
2018-07-06 19:41:28,744 | methods.match    | INFO     | PID=30594 | Start 1 process to handle data filtering
2018-07-06 19:41:28,744 | server           | INFO     | PID=30594 | Ready to send 357913942 bytes using data file size of 1073741824 bytes
2018-07-06 19:41:28,744 | server           | INFO     | PID=30594 | Listening socket bound to port 8881
2018-07-06 19:41:35,719 | server           | INFO     | PID=30594 | Accepted incoming connection ('10.10.1.2', 54101) from client. Sending data ...
2018-07-06 19:43:14,235 | server           | INFO     | PID=30594 | [SUMMARY] [Sent: 322112476 bytes] [Read: 322112476 bytes (89.997% of 357913942 raw bytes)] [Duration: 98.51619076728821 seconds] [Bitrate: 26157119.83918532 bit/s]
2018-07-06 19:43:14,236 | server           | INFO     | PID=30594 | Resources closed, now exiting

 Performance counter stats for 'CPU(s) 1-2':

     211334.611513      task-clock (msec)         #    2.000 CPUs utilized            (100.00%)
             6,597      context-switches          #    0.031 K/sec                    (100.00%)
                 1      cpu-migrations            #    0.000 K/sec                    (100.00%)
           173,404      page-faults               #    0.821 K/sec                  
   281,515,214,452      cycles                    #    1.332 GHz                      (100.00%)
   <not supported>      stalled-cycles-frontend  
   <not supported>      stalled-cycles-backend   
   676,358,764,681      instructions              #    2.40  insns per cycle          (100.00%)
   129,996,614,777      branches                  #  615.122 M/sec                    (100.00%)
        76,703,133      branch-misses             #    0.06% of all branches        

     105.667038435 seconds time elapsed