2018-06-09 00:04:59,412 | client           | INFO     | PID=11 | [bufsize: 131072 bytes]
2018-06-09 00:04:59,490 | client           | INFO     | PID=12 | Connecting to server 10.11.10.2 on port 8881
2018-06-09 00:04:59,491 | client           | INFO     | PID=12 | Connection established. Receiving data ...
2018-06-09 00:04:59,491 | client           | INFO     | PID=13 | Connecting to server 10.11.10.3 on port 8881
2018-06-09 00:04:59,491 | methods.raw      | INFO     | PID=12 | [method: methods.raw]
2018-06-09 00:04:59,492 | methods.raw      | INFO     | PID=12 | [method parameters: {}]
2018-06-09 00:04:59,492 | client           | INFO     | PID=13 | Connection established. Receiving data ...
2018-06-09 00:04:59,492 | methods.raw      | INFO     | PID=13 | [method: methods.raw]
2018-06-09 00:04:59,493 | methods.raw      | INFO     | PID=13 | [method parameters: {}]
2018-06-09 00:26:36,610 | client           | INFO     | PID=12 | [Received: 21474757427 bytes (21474757427 raw bytes)] [Duration: 1297.1178450584412 seconds] [Bitrate: 132445991.75818115 bit/s]
2018-06-09 00:26:36,610 | client           | INFO     | PID=12 | Socket closed
2018-06-09 00:26:39,259 | client           | INFO     | PID=13 | [Received: 21474712498 bytes (21474712498 raw bytes)] [Duration: 1299.765450000763 seconds] [Bitrate: 132175924.49768469 bit/s]
2018-06-09 00:26:39,259 | client           | INFO     | PID=13 | Socket closed
2018-06-09 00:26:39,906 | client           | INFO     | PID=11 | [SUMMARY] [Received: 42949469925 bytes (100.000% of 42949469925 raw bytes)] [Duration: 1299.7669670581818 seconds] [Bitrate: 264351816.9858363 bit/s]

 Performance counter stats for '/root/pyben-nio/src/run --client start --addresses 10.11.10.2 10.11.10.3 --size 50G --port 8881 --bind 10.11.10.1 --bufsize 128kb --method raw':

     350708.481930      task-clock (msec)         #    0.270 CPUs utilized          
             15175      context-switches          #    0.043 K/sec                  
               272      cpu-migrations            #    0.001 K/sec                  
          13081071      page-faults               #    0.037 M/sec                  
     1012663053910      cycles                    #    2.887 GHz                    
     2633569695177      instructions              #    2.60  insn per cycle         
      698651144478      branches                  # 1992.114 M/sec                  
         780587334      branch-misses             #    0.11% of all branches        

    1300.785124069 seconds time elapsed

