2018-06-08 21:59:55,616 | client           | INFO     | PID=12 | [bufsize: 131072 bytes]
2018-06-08 21:59:55,708 | client           | INFO     | PID=13 | Connecting to server 10.11.10.2 on port 8881
2018-06-08 21:59:55,708 | client           | INFO     | PID=13 | Connection established. Receiving data ...
2018-06-08 21:59:55,708 | client           | INFO     | PID=14 | Connecting to server 10.11.10.3 on port 8881
2018-06-08 21:59:55,709 | client           | INFO     | PID=14 | Connection established. Receiving data ...
2018-06-08 21:59:55,709 | methods.raw      | INFO     | PID=13 | [method: methods.raw]
2018-06-08 21:59:55,709 | methods.raw      | INFO     | PID=13 | [method parameters: {}]
2018-06-08 21:59:55,709 | methods.raw      | INFO     | PID=14 | [method: methods.raw]
2018-06-08 21:59:55,709 | methods.raw      | INFO     | PID=14 | [method parameters: {}]
2018-06-08 22:21:04,066 | client           | INFO     | PID=14 | [Received: 18790375233 bytes (18790375233 raw bytes)] [Duration: 1268.3556590080261 seconds] [Bitrate: 118518020.39624026 bit/s]
2018-06-08 22:21:04,066 | client           | INFO     | PID=14 | Socket closed
2018-06-08 22:21:21,841 | client           | INFO     | PID=13 | [Received: 18790428553 bytes (18790428553 raw bytes)] [Duration: 1286.1315908432007 seconds] [Bitrate: 116880286.19641204 bit/s]
2018-06-08 22:21:21,842 | client           | INFO     | PID=13 | Socket closed
2018-06-08 22:21:22,551 | client           | INFO     | PID=12 | [SUMMARY] [Received: 37580803786 bytes (100.000% of 37580803786 raw bytes)] [Duration: 1286.1315908432007 seconds] [Bitrate: 233760240.7315827 bit/s]

 Performance counter stats for '/root/pyben-nio/src/run --client start --addresses 10.11.10.2 10.11.10.3 --size 50G --port 8881 --bind 10.11.10.1 --bufsize 128kb --method raw':

     307478.880071      task-clock (msec)         #    0.239 CPUs utilized          
             14009      context-switches          #    0.046 K/sec                  
               367      cpu-migrations            #    0.001 K/sec                  
          12516016      page-faults               #    0.041 M/sec                  
      897726376885      cycles                    #    2.920 GHz                    
     2306408454684      instructions              #    2.57  insn per cycle         
      611761061551      branches                  # 1989.604 M/sec                  
         722650808      branch-misses             #    0.12% of all branches        

    1287.251837331 seconds time elapsed

