2018-06-08 19:55:49,146 | client           | INFO     | PID=11 | [bufsize: 131072 bytes]
2018-06-08 19:55:49,239 | client           | INFO     | PID=12 | Connecting to server 10.11.10.2 on port 8881
2018-06-08 19:55:49,240 | client           | INFO     | PID=12 | Connection established. Receiving data ...
2018-06-08 19:55:49,239 | client           | INFO     | PID=13 | Connecting to server 10.11.10.3 on port 8881
2018-06-08 19:55:49,240 | client           | INFO     | PID=13 | Connection established. Receiving data ...
2018-06-08 19:55:49,240 | methods.raw      | INFO     | PID=12 | [method: methods.raw]
2018-06-08 19:55:49,240 | methods.raw      | INFO     | PID=12 | [method parameters: {}]
2018-06-08 19:55:49,240 | methods.raw      | INFO     | PID=13 | [method: methods.raw]
2018-06-08 19:55:49,242 | methods.raw      | INFO     | PID=13 | [method parameters: {}]
2018-06-08 20:17:03,430 | client           | INFO     | PID=13 | [Received: 18790375233 bytes (18790375233 raw bytes)] [Duration: 1274.1882050037384 seconds] [Bitrate: 117975508.85629094 bit/s]
2018-06-08 20:17:03,431 | client           | INFO     | PID=13 | Socket closed
2018-06-08 20:17:09,041 | client           | INFO     | PID=12 | [Received: 18790428553 bytes (18790428553 raw bytes)] [Duration: 1279.8001818656921 seconds] [Bitrate: 117458514.66035782 bit/s]
2018-06-08 20:17:09,041 | client           | INFO     | PID=12 | Socket closed
2018-06-08 20:17:09,721 | client           | INFO     | PID=11 | [SUMMARY] [Received: 37580803786 bytes (100.000% of 37580803786 raw bytes)] [Duration: 1279.8001818656921 seconds] [Bitrate: 234916696.01868454 bit/s]

 Performance counter stats for '/root/pyben-nio/src/run --client start --addresses 10.11.10.2 10.11.10.3 --size 50G --port 8881 --bind 10.11.10.1 --bufsize 128kb --method raw':

     314740.549905      task-clock (msec)         #    0.246 CPUs utilized          
             15147      context-switches          #    0.048 K/sec                  
               549      cpu-migrations            #    0.002 K/sec                  
          12647043      page-faults               #    0.040 M/sec                  
      907841513364      cycles                    #    2.884 GHz                    
     2312954772625      instructions              #    2.55  insn per cycle         
      612870840505      branches                  # 1947.226 M/sec                  
         727252317      branch-misses             #    0.12% of all branches        

    1280.918305556 seconds time elapsed

