LC_NUMERIC=en_US.UTF8 perf stat -B -C 1-2 taskset -c 2 /tmp/eucycles/pyben-nio/src/run --server start --bind 10.10.1.5 --size 107374182 --port 8881 --filename /tmp/eucycles/data_file --bufsize 50mb --method "match; func=lambda v: int(chr(v)) < 5; sztype=BEFORE"

2018-06-29 23:02:52,791 | server           | INFO     | PID=25280 | [bufsize: 52428800 bytes] [zerocopy: False]
2018-06-29 23:02:52,804 | methods.match    | INFO     | PID=25280 | [method: methods.match]
2018-06-29 23:02:52,805 | methods.match    | INFO     | PID=25280 | [method parameters: {'mpws': '50MB', 'sztype': 'BEFORE', 'func': 'lambda v: int(chr(v)) < 5'}]
2018-06-29 23:02:52,825 | methods.match    | INFO     | PID=25280 | Start 1 process to handle data filtering
2018-06-29 23:02:52,825 | server           | INFO     | PID=25280 | Ready to send 107374182 bytes using data file size of 1073741824 bytes
2018-06-29 23:02:52,825 | server           | INFO     | PID=25280 | Listening socket bound to port 8881
2018-06-29 23:02:58,529 | server           | INFO     | PID=25280 | Accepted incoming connection ('10.10.1.1', 44428) from client. Sending data ...
2018-06-29 23:03:46,212 | server           | INFO     | PID=25280 | [SUMMARY] [Sent: 53686745 bytes] [Read: 53686745 bytes (50.000% of 107374182 raw bytes)] [Duration: 47.683680057525635 seconds] [Bitrate: 9007147.927380146 bit/s]
2018-06-29 23:03:46,213 | server           | INFO     | PID=25280 | Resources closed, now exiting

 Performance counter stats for 'CPU(s) 1-2':

     107118.584933      task-clock (msec)         #    2.000 CPUs utilized            (100.00%)
             2,318      context-switches          #    0.022 K/sec                    (100.00%)
                 1      cpu-migrations            #    0.000 K/sec                    (100.00%)
            28,843      page-faults               #    0.269 K/sec                  
   126,829,090,526      cycles                    #    1.184 GHz                      (100.00%)
   <not supported>      stalled-cycles-frontend  
   <not supported>      stalled-cycles-backend   
   339,778,413,710      instructions              #    2.68  insns per cycle          (100.00%)
    69,284,318,964      branches                  #  646.800 M/sec                    (100.00%)
        67,551,716      branch-misses             #    0.10% of all branches        

      53.557981091 seconds time elapsed