LC_NUMERIC=en_US.UTF8 perf stat -B -C 1-2 taskset -c 2 /tmp/eucycles/pyben-nio/src/run --server start --bind 10.10.1.4 --size 67108864 --port 8881 --filename /tmp/eucycles/data_file --bufsize 50mb --method "match; func=lambda v: int(chr(v)) < 3; sztype=BEFORE"

2018-06-29 21:33:00,585 | server           | INFO     | PID=22302 | [bufsize: 52428800 bytes] [zerocopy: False]
2018-06-29 21:33:00,599 | methods.match    | INFO     | PID=22302 | [method: methods.match]
2018-06-29 21:33:00,599 | methods.match    | INFO     | PID=22302 | [method parameters: {'sztype': 'BEFORE', 'mpws': '50MB', 'func': 'lambda v: int(chr(v)) < 3'}]
2018-06-29 21:33:00,620 | methods.match    | INFO     | PID=22302 | Start 1 process to handle data filtering
2018-06-29 21:33:00,620 | server           | INFO     | PID=22302 | Ready to send 67108864 bytes using data file size of 1073741824 bytes
2018-06-29 21:33:00,620 | server           | INFO     | PID=22302 | Listening socket bound to port 8881
2018-06-29 21:33:11,482 | server           | INFO     | PID=22302 | Accepted incoming connection ('10.10.1.1', 36511) from client. Sending data ...
2018-06-29 21:33:39,762 | server           | INFO     | PID=22302 | [SUMMARY] [Sent: 20128844 bytes] [Read: 20128844 bytes (29.994% of 67108864 raw bytes)] [Duration: 28.27991795539856 seconds] [Bitrate: 5694173.238195681 bit/s]
2018-06-29 21:33:39,762 | server           | INFO     | PID=22302 | Resources closed, now exiting

 Performance counter stats for 'CPU(s) 1-2':

      78628.081385      task-clock (msec)         #    2.000 CPUs utilized            (100.00%)
             1,598      context-switches          #    0.020 K/sec                    (100.00%)
                 1      cpu-migrations            #    0.000 K/sec                    (100.00%)
            20,946      page-faults               #    0.266 K/sec                  
    72,158,197,433      cycles                    #    0.918 GHz                      (100.00%)
   <not supported>      stalled-cycles-frontend  
   <not supported>      stalled-cycles-backend   
   201,140,978,871      instructions              #    2.79  insns per cycle          (100.00%)
    41,192,493,208      branches                  #  523.890 M/sec                    (100.00%)
        29,827,602      branch-misses             #    0.07% of all branches        

      39.315444867 seconds time elapsed