LC_NUMERIC=en_US.UTF8 perf stat -B -C 1-2 taskset -c 2 /tmp/eucycles/pyben-nio/src/run --server start --bind 10.10.1.3 --size 268435456 --port 8881 --filename /tmp/eucycles/data_file --bufsize 50mb --method "match; func=lambda v: int(chr(v)) < 7; sztype=BEFORE"

2018-06-30 00:52:13,692 | server           | INFO     | PID=3448 | [bufsize: 52428800 bytes] [zerocopy: False]
2018-06-30 00:52:13,706 | methods.match    | INFO     | PID=3448 | [method: methods.match]
2018-06-30 00:52:13,707 | methods.match    | INFO     | PID=3448 | [method parameters: {'mpws': '50MB', 'func': 'lambda v: int(chr(v)) < 7', 'sztype': 'BEFORE'}]
2018-06-30 00:52:13,727 | methods.match    | INFO     | PID=3448 | Start 1 process to handle data filtering
2018-06-30 00:52:13,727 | server           | INFO     | PID=3448 | Ready to send 268435456 bytes using data file size of 1073741824 bytes
2018-06-30 00:52:13,728 | server           | INFO     | PID=3448 | Listening socket bound to port 8881
2018-06-30 00:52:18,128 | server           | INFO     | PID=3448 | Accepted incoming connection ('10.10.1.1', 36227) from client. Sending data ...
2018-06-30 00:54:25,059 | server           | INFO     | PID=3448 | [SUMMARY] [Sent: 187890503 bytes] [Read: 187890503 bytes (69.995% of 268435456 raw bytes)] [Duration: 126.93126511573792 seconds] [Bitrate: 11842031.375244137 bit/s]
2018-06-30 00:54:25,059 | server           | INFO     | PID=3448 | Resources closed, now exiting

 Performance counter stats for 'CPU(s) 1-2':

     262890.443659      task-clock (msec)         #    2.000 CPUs utilized            (100.00%)
             4,935      context-switches          #    0.019 K/sec                    (100.00%)
                 1      cpu-migrations            #    0.000 K/sec                    (100.00%)
            61,981      page-faults               #    0.236 K/sec                  
   322,037,189,066      cycles                    #    1.225 GHz                      (100.00%)
   <not supported>      stalled-cycles-frontend  
   <not supported>      stalled-cycles-backend   
   898,817,380,683      instructions              #    2.79  insns per cycle          (100.00%)
   183,783,193,094      branches                  #  699.087 M/sec                    (100.00%)
       112,044,597      branch-misses             #    0.06% of all branches        

     131.459541437 seconds time elapsed