LC_NUMERIC=en_US.UTF8 perf stat -B -C 1-2 taskset -c 2 /tmp/eucycles/pyben-nio/src/run --server start --bind 10.10.1.2 --size 76695845 --port 8881 --filename /tmp/eucycles/data_file --bufsize 50mb --method "match; func=lambda v: int(chr(v)) < 9; sztype=BEFORE"

2018-06-30 02:27:59,764 | server           | INFO     | PID=19716 | [bufsize: 52428800 bytes] [zerocopy: False]
2018-06-30 02:27:59,779 | methods.match    | INFO     | PID=19716 | [method: methods.match]
2018-06-30 02:27:59,779 | methods.match    | INFO     | PID=19716 | [method parameters: {'mpws': '50MB', 'sztype': 'BEFORE', 'func': 'lambda v: int(chr(v)) < 9'}]
2018-06-30 02:27:59,799 | methods.match    | INFO     | PID=19716 | Start 1 process to handle data filtering
2018-06-30 02:27:59,800 | server           | INFO     | PID=19716 | Ready to send 76695845 bytes using data file size of 1073741824 bytes
2018-06-30 02:27:59,800 | server           | INFO     | PID=19716 | Listening socket bound to port 8881
2018-06-30 02:28:11,848 | server           | INFO     | PID=19716 | Accepted incoming connection ('10.10.1.1', 45244) from client. Sending data ...
2018-06-30 02:28:53,928 | server           | INFO     | PID=19716 | [SUMMARY] [Sent: 69026720 bytes] [Read: 69026720 bytes (90.001% of 76695845 raw bytes)] [Duration: 42.080143213272095 seconds] [Bitrate: 13122905.908405548 bit/s]
2018-06-30 02:28:53,928 | server           | INFO     | PID=19716 | Resources closed, now exiting

 Performance counter stats for 'CPU(s) 1-2':

     108592.536071      task-clock (msec)         #    2.000 CPUs utilized            (100.00%)
             1,882      context-switches          #    0.017 K/sec                    (100.00%)
                 1      cpu-migrations            #    0.000 K/sec                    (100.00%)
            33,038      page-faults               #    0.304 K/sec                  
    96,609,337,857      cycles                    #    0.890 GHz                      (100.00%)
   <not supported>      stalled-cycles-frontend  
   <not supported>      stalled-cycles-backend   
   268,581,135,662      instructions              #    2.78  insns per cycle          (100.00%)
    54,857,716,699      branches                  #  505.170 M/sec                    (100.00%)
        18,433,773      branch-misses             #    0.03% of all branches        

      54.298408684 seconds time elapsed