LC_NUMERIC=en_US.UTF8 perf stat -B -C 1-2 taskset -c 2 /tmp/eucycles/pyben-nio/src/run --server start --bind 10.10.1.3 --size 107374183 --port 8881 --filename /tmp/eucycles/data_file --bufsize 50mb --method "match; func=lambda v: int(chr(v)) < 1; sztype=BEFORE"

2018-06-29 19:45:36,057 | server           | INFO     | PID=16882 | [bufsize: 52428800 bytes] [zerocopy: False]
2018-06-29 19:45:36,071 | methods.match    | INFO     | PID=16882 | [method: methods.match]
2018-06-29 19:45:36,072 | methods.match    | INFO     | PID=16882 | [method parameters: {'mpws': '50MB', 'func': 'lambda v: int(chr(v)) < 1', 'sztype': 'BEFORE'}]
2018-06-29 19:45:36,092 | methods.match    | INFO     | PID=16882 | Start 1 process to handle data filtering
2018-06-29 19:45:36,092 | server           | INFO     | PID=16882 | Ready to send 107374183 bytes using data file size of 1073741824 bytes
2018-06-29 19:45:36,092 | server           | INFO     | PID=16882 | Listening socket bound to port 8881
2018-06-29 19:45:44,230 | server           | INFO     | PID=16882 | Accepted incoming connection ('10.10.1.1', 38781) from client. Sending data ...
2018-06-29 19:46:26,832 | server           | INFO     | PID=16882 | [SUMMARY] [Sent: 10734325 bytes] [Read: 10734325 bytes (9.997% of 107374183 raw bytes)] [Duration: 42.602259159088135 seconds] [Bitrate: 2015728.782816927 bit/s]
2018-06-29 19:46:26,832 | server           | INFO     | PID=16882 | Resources closed, now exiting

 Performance counter stats for 'CPU(s) 1-2':

     101809.464330      task-clock (msec)         #    2.000 CPUs utilized            (100.00%)
             2,256      context-switches          #    0.022 K/sec                    (100.00%)
                 1      cpu-migrations            #    0.000 K/sec                    (100.00%)
            18,592      page-faults               #    0.183 K/sec                  
   109,646,141,294      cycles                    #    1.077 GHz                      (100.00%)
   <not supported>      stalled-cycles-frontend  
   <not supported>      stalled-cycles-backend   
   308,403,940,241      instructions              #    2.81  insns per cycle          (100.00%)
    63,301,323,959      branches                  #  621.763 M/sec                    (100.00%)
        24,468,299      branch-misses             #    0.04% of all branches        

      50.910172921 seconds time elapsed