LC_NUMERIC=en_US.UTF8 perf stat -B -C 1-2 taskset -c 2 /tmp/eucycles/pyben-nio/src/run --server start --bind 10.10.1.2 --size 134217728 --port 8881 --filename /tmp/eucycles/data_file --bufsize 50mb --method "match; func=lambda v: int(chr(v)) < 0; sztype=BEFORE"

2018-06-29 19:29:08,270 | server           | INFO     | PID=23504 | [bufsize: 52428800 bytes] [zerocopy: False]
2018-06-29 19:29:08,284 | methods.match    | INFO     | PID=23504 | [method: methods.match]
2018-06-29 19:29:08,285 | methods.match    | INFO     | PID=23504 | [method parameters: {'func': 'lambda v: int(chr(v)) < 0', 'mpws': '50MB', 'sztype': 'BEFORE'}]
2018-06-29 19:29:08,305 | methods.match    | INFO     | PID=23504 | Start 1 process to handle data filtering
2018-06-29 19:29:08,305 | server           | INFO     | PID=23504 | Ready to send 134217728 bytes using data file size of 1073741824 bytes
2018-06-29 19:29:08,305 | server           | INFO     | PID=23504 | Listening socket bound to port 8881
2018-06-29 19:29:16,484 | server           | INFO     | PID=23504 | Accepted incoming connection ('10.10.1.1', 45052) from client. Sending data ...
2018-06-29 19:30:12,147 | server           | INFO     | PID=23504 | [SUMMARY] [Sent: 0 bytes] [Read: 0 bytes (0.000% of 134217728 raw bytes)] [Duration: 55.6632080078125 seconds] [Bitrate: 0.0 bit/s]
2018-06-29 19:30:12,147 | server           | INFO     | PID=23504 | Resources closed, now exiting

 Performance counter stats for 'CPU(s) 1-2':

     128017.633040      task-clock (msec)         #    2.000 CPUs utilized            (100.00%)
             2,590      context-switches          #    0.020 K/sec                    (100.00%)
                 1      cpu-migrations            #    0.000 K/sec                    (100.00%)
            16,041      page-faults               #    0.125 K/sec                  
   143,573,618,352      cycles                    #    1.122 GHz                      (100.00%)
   <not supported>      stalled-cycles-frontend  
   <not supported>      stalled-cycles-backend   
   366,367,889,330      instructions              #    2.55  insns per cycle          (100.00%)
    74,839,411,353      branches                  #  584.602 M/sec                    (100.00%)
        16,497,211      branch-misses             #    0.02% of all branches        

      64.011372436 seconds time elapsed