LC_NUMERIC=en_US.UTF8 perf stat -B -C 1-2 taskset -c 2 /tmp/eucycles/pyben-nio/src/run --server start --bind 10.10.1.2 --size 268435456 --port 8881 --filename /tmp/eucycles/data_file --bufsize 50mb --method "match; func=lambda v: int(chr(v)) < 7; sztype=BEFORE"

2018-06-30 00:52:10,675 | server           | INFO     | PID=13281 | [bufsize: 52428800 bytes] [zerocopy: False]
2018-06-30 00:52:10,689 | methods.match    | INFO     | PID=13281 | [method: methods.match]
2018-06-30 00:52:10,689 | methods.match    | INFO     | PID=13281 | [method parameters: {'mpws': '50MB', 'func': 'lambda v: int(chr(v)) < 7', 'sztype': 'BEFORE'}]
2018-06-30 00:52:10,710 | methods.match    | INFO     | PID=13281 | Start 1 process to handle data filtering
2018-06-30 00:52:10,710 | server           | INFO     | PID=13281 | Ready to send 268435456 bytes using data file size of 1073741824 bytes
2018-06-30 00:52:10,710 | server           | INFO     | PID=13281 | Listening socket bound to port 8881
2018-06-30 00:52:16,291 | server           | INFO     | PID=13281 | Accepted incoming connection ('10.10.1.1', 60506) from client. Sending data ...
2018-06-30 00:54:23,659 | server           | INFO     | PID=13281 | [SUMMARY] [Sent: 187907216 bytes] [Read: 187907216 bytes (70.001% of 268435456 raw bytes)] [Duration: 127.36752510070801 seconds] [Bitrate: 11802519.730295394 bit/s]
2018-06-30 00:54:23,659 | server           | INFO     | PID=13281 | Resources closed, now exiting

 Performance counter stats for 'CPU(s) 1-2':

     266226.571765      task-clock (msec)         #    2.000 CPUs utilized            (100.00%)
             5,179      context-switches          #    0.019 K/sec                    (100.00%)
                 1      cpu-migrations            #    0.000 K/sec                    (100.00%)
            61,991      page-faults               #    0.233 K/sec                  
   322,316,864,013      cycles                    #    1.211 GHz                      (100.00%)
   <not supported>      stalled-cycles-frontend  
   <not supported>      stalled-cycles-backend   
   896,691,105,137      instructions              #    2.78  insns per cycle          (100.00%)
   182,713,927,500      branches                  #  686.310 M/sec                    (100.00%)
       111,953,811      branch-misses             #    0.06% of all branches        

     133.118782940 seconds time elapsed