LC_NUMERIC=en_US.UTF8 perf stat -B -C 1-2 taskset -c 2 /tmp/eucycles/pyben-nio/src/run --server start --bind 10.10.1.3 --size 107374183 --port 8881 --filename /tmp/eucycles/data_file --bufsize 50mb --method "match; func=lambda v: int(chr(v)) < 3; sztype=BEFORE"

2018-06-29 21:28:54,064 | server           | INFO     | PID=23006 | [bufsize: 52428800 bytes] [zerocopy: False]
2018-06-29 21:28:54,079 | methods.match    | INFO     | PID=23006 | [method: methods.match]
2018-06-29 21:28:54,079 | methods.match    | INFO     | PID=23006 | [method parameters: {'mpws': '50MB', 'sztype': 'BEFORE', 'func': 'lambda v: int(chr(v)) < 3'}]
2018-06-29 21:28:54,100 | methods.match    | INFO     | PID=23006 | Start 1 process to handle data filtering
2018-06-29 21:28:54,100 | server           | INFO     | PID=23006 | Ready to send 107374183 bytes using data file size of 1073741824 bytes
2018-06-29 21:28:54,100 | server           | INFO     | PID=23006 | Listening socket bound to port 8881
2018-06-29 21:29:02,302 | server           | INFO     | PID=23006 | Accepted incoming connection ('10.10.1.1', 33501) from client. Sending data ...
2018-06-29 21:29:48,206 | server           | INFO     | PID=23006 | [SUMMARY] [Sent: 32206693 bytes] [Read: 32206693 bytes (29.995% of 107374183 raw bytes)] [Duration: 45.90373206138611 seconds] [Bitrate: 5612910.594185354 bit/s]
2018-06-29 21:29:48,206 | server           | INFO     | PID=23006 | Resources closed, now exiting

 Performance counter stats for 'CPU(s) 1-2':

     108542.490109      task-clock (msec)         #    2.000 CPUs utilized            (100.00%)
             2,286      context-switches          #    0.021 K/sec                    (100.00%)
                 1      cpu-migrations            #    0.000 K/sec                    (100.00%)
            23,716      page-faults               #    0.218 K/sec                  
   117,585,085,066      cycles                    #    1.083 GHz                      (100.00%)
   <not supported>      stalled-cycles-frontend  
   <not supported>      stalled-cycles-backend   
   327,734,381,392      instructions              #    2.79  insns per cycle          (100.00%)
    67,472,379,898      branches                  #  621.622 M/sec                    (100.00%)
        46,198,437      branch-misses             #    0.07% of all branches        

      54.277057177 seconds time elapsed