LC_NUMERIC=en_US.UTF8 perf stat -B -C 1-2 taskset -c 2 /tmp/eucycles/pyben-nio/src/run --server start --bind 10.10.1.3 --size 134217728 --port 8881 --filename /tmp/eucycles/data_file --bufsize 50mb --method "match; func=lambda v: int(chr(v)) < 7; sztype=BEFORE"

2018-06-30 01:13:49,759 | server           | INFO     | PID=4789 | [bufsize: 52428800 bytes] [zerocopy: False]
2018-06-30 01:13:49,774 | methods.match    | INFO     | PID=4789 | [method: methods.match]
2018-06-30 01:13:49,774 | methods.match    | INFO     | PID=4789 | [method parameters: {'sztype': 'BEFORE', 'mpws': '50MB', 'func': 'lambda v: int(chr(v)) < 7'}]
2018-06-30 01:13:49,795 | methods.match    | INFO     | PID=4789 | Start 1 process to handle data filtering
2018-06-30 01:13:49,795 | server           | INFO     | PID=4789 | Ready to send 134217728 bytes using data file size of 1073741824 bytes
2018-06-30 01:13:49,795 | server           | INFO     | PID=4789 | Listening socket bound to port 8881
2018-06-30 01:13:56,807 | server           | INFO     | PID=4789 | Accepted incoming connection ('10.10.1.1', 52480) from client. Sending data ...
2018-06-30 01:15:01,728 | server           | INFO     | PID=4789 | [SUMMARY] [Sent: 93936731 bytes] [Read: 93936731 bytes (69.988% of 134217728 raw bytes)] [Duration: 64.92086601257324 seconds] [Bitrate: 11575536.405420993 bit/s]
2018-06-30 01:15:01,728 | server           | INFO     | PID=4789 | Resources closed, now exiting

 Performance counter stats for 'CPU(s) 1-2':

     144192.248123      task-clock (msec)         #    2.000 CPUs utilized            (100.00%)
             2,849      context-switches          #    0.020 K/sec                    (100.00%)
                 1      cpu-migrations            #    0.000 K/sec                    (100.00%)
            39,056      page-faults               #    0.271 K/sec                  
   160,649,398,853      cycles                    #    1.114 GHz                      (100.00%)
   <not supported>      stalled-cycles-frontend  
   <not supported>      stalled-cycles-backend   
   445,019,858,466      instructions              #    2.77  insns per cycle          (100.00%)
    90,587,513,169      branches                  #  628.241 M/sec                    (100.00%)
        57,317,490      branch-misses             #    0.06% of all branches        

      72.103898960 seconds time elapsed