LC_NUMERIC=en_US.UTF8 perf stat -B -C 1-2 taskset -c 2 /tmp/eucycles/pyben-nio/src/run --server start --bind 10.10.1.7 --size 89478485 --port 8881 --filename /tmp/eucycles/data_file --bufsize 50mb --method "match; func=lambda v: int(chr(v)) < 8; sztype=BEFORE"

2018-06-30 01:34:31,311 | server           | INFO     | PID=27797 | [bufsize: 52428800 bytes] [zerocopy: False]
2018-06-30 01:34:31,325 | methods.match    | INFO     | PID=27797 | [method: methods.match]
2018-06-30 01:34:31,325 | methods.match    | INFO     | PID=27797 | [method parameters: {'func': 'lambda v: int(chr(v)) < 8', 'sztype': 'BEFORE', 'mpws': '50MB'}]
2018-06-30 01:34:31,346 | methods.match    | INFO     | PID=27797 | Start 1 process to handle data filtering
2018-06-30 01:34:31,346 | server           | INFO     | PID=27797 | Ready to send 89478485 bytes using data file size of 1073741824 bytes
2018-06-30 01:34:31,346 | server           | INFO     | PID=27797 | Listening socket bound to port 8881
2018-06-30 01:34:35,992 | server           | INFO     | PID=27797 | Accepted incoming connection ('10.10.1.1', 45422) from client. Sending data ...
2018-06-30 01:35:21,384 | server           | INFO     | PID=27797 | [SUMMARY] [Sent: 71581414 bytes] [Read: 71581414 bytes (79.998% of 89478485 raw bytes)] [Duration: 45.39125609397888 seconds] [Bitrate: 12615894.80613562 bit/s]
2018-06-30 01:35:21,384 | server           | INFO     | PID=27797 | Resources closed, now exiting

 Performance counter stats for 'CPU(s) 1-2':

     100338.175960      task-clock (msec)         #    2.000 CPUs utilized            (100.00%)
             1,807      context-switches          #    0.018 K/sec                    (100.00%)
                 1      cpu-migrations            #    0.000 K/sec                    (100.00%)
            33,570      page-faults               #    0.335 K/sec                  
   114,954,550,428      cycles                    #    1.146 GHz                      (100.00%)
   <not supported>      stalled-cycles-frontend  
   <not supported>      stalled-cycles-backend   
   306,909,298,983      instructions              #    2.67  insns per cycle          (100.00%)
    62,669,227,572      branches                  #  624.580 M/sec                    (100.00%)
        29,888,368      branch-misses             #    0.05% of all branches        

      50.166111728 seconds time elapsed