LC_NUMERIC=en_US.UTF8 perf stat -B -C 1-2 taskset -c 2 /tmp/eucycles/pyben-nio/src/run --server start --bind 10.10.1.2 --size 107374183 --port 8881 --filename /tmp/eucycles/data_file --bufsize 50mb --method "match; func=lambda v: int(chr(v)) < 8; sztype=BEFORE"

2018-06-30 01:32:46,545 | server           | INFO     | PID=16006 | [bufsize: 52428800 bytes] [zerocopy: False]
2018-06-30 01:32:46,559 | methods.match    | INFO     | PID=16006 | [method: methods.match]
2018-06-30 01:32:46,559 | methods.match    | INFO     | PID=16006 | [method parameters: {'sztype': 'BEFORE', 'mpws': '50MB', 'func': 'lambda v: int(chr(v)) < 8'}]
2018-06-30 01:32:46,580 | methods.match    | INFO     | PID=16006 | Start 1 process to handle data filtering
2018-06-30 01:32:46,580 | server           | INFO     | PID=16006 | Ready to send 107374183 bytes using data file size of 1073741824 bytes
2018-06-30 01:32:46,580 | server           | INFO     | PID=16006 | Listening socket bound to port 8881
2018-06-30 01:32:55,946 | server           | INFO     | PID=16006 | Accepted incoming connection ('10.10.1.1', 48422) from client. Sending data ...
2018-06-30 01:33:50,364 | server           | INFO     | PID=16006 | [SUMMARY] [Sent: 85899700 bytes] [Read: 85899700 bytes (80.000% of 107374183 raw bytes)] [Duration: 54.41837692260742 seconds] [Bitrate: 12628042.930742253 bit/s]
2018-06-30 01:33:50,364 | server           | INFO     | PID=16006 | Resources closed, now exiting

 Performance counter stats for 'CPU(s) 1-2':

     127903.989186      task-clock (msec)         #    2.000 CPUs utilized            (100.00%)
             2,387      context-switches          #    0.019 K/sec                    (100.00%)
                 1      cpu-migrations            #    0.000 K/sec                    (100.00%)
            37,090      page-faults               #    0.290 K/sec                  
   133,631,442,357      cycles                    #    1.045 GHz                      (100.00%)
   <not supported>      stalled-cycles-frontend  
   <not supported>      stalled-cycles-backend   
   366,519,326,839      instructions              #    2.74  insns per cycle          (100.00%)
    74,681,744,864      branches                  #  583.889 M/sec                    (100.00%)
        35,474,518      branch-misses             #    0.05% of all branches        

      63.954547344 seconds time elapsed