LC_NUMERIC=en_US.UTF8 perf stat -B -C 1-2 taskset -c 2 /tmp/eucycles/pyben-nio/src/run --server start --bind 10.10.1.4 --size 178956970 --port 8881 --filename /tmp/eucycles/data_file --bufsize 50mb --method "match; func=lambda v: int(chr(v)) < 3; sztype=BEFORE"

2018-06-29 21:56:18,456 | server           | INFO     | PID=23440 | [bufsize: 52428800 bytes] [zerocopy: False]
2018-06-29 21:56:18,470 | methods.match    | INFO     | PID=23440 | [method: methods.match]
2018-06-29 21:56:18,470 | methods.match    | INFO     | PID=23440 | [method parameters: {'sztype': 'BEFORE', 'mpws': '50MB', 'func': 'lambda v: int(chr(v)) < 3'}]
2018-06-29 21:56:18,491 | methods.match    | INFO     | PID=23440 | Start 1 process to handle data filtering
2018-06-29 21:56:18,491 | server           | INFO     | PID=23440 | Ready to send 178956970 bytes using data file size of 1073741824 bytes
2018-06-29 21:56:18,491 | server           | INFO     | PID=23440 | Listening socket bound to port 8881
2018-06-29 21:56:22,934 | server           | INFO     | PID=23440 | Accepted incoming connection ('10.10.1.1', 46286) from client. Sending data ...
2018-06-29 21:57:38,881 | server           | INFO     | PID=23440 | [SUMMARY] [Sent: 53676832 bytes] [Read: 53676832 bytes (29.994% of 178956970 raw bytes)] [Duration: 75.94614696502686 seconds] [Bitrate: 5654199.3657393195 bit/s]
2018-06-29 21:57:38,881 | server           | INFO     | PID=23440 | Resources closed, now exiting

 Performance counter stats for 'CPU(s) 1-2':

     161031.147219      task-clock (msec)         #    2.000 CPUs utilized            (100.00%)
             3,221      context-switches          #    0.020 K/sec                    (100.00%)
                 1      cpu-migrations            #    0.000 K/sec                    (100.00%)
            23,675      page-faults               #    0.147 K/sec                  
   193,882,126,302      cycles                    #    1.204 GHz                      (100.00%)
   <not supported>      stalled-cycles-frontend  
   <not supported>      stalled-cycles-backend   
   539,167,988,830      instructions              #    2.78  insns per cycle          (100.00%)
   110,072,221,632      branches                  #  683.546 M/sec                    (100.00%)
        75,259,373      branch-misses             #    0.07% of all branches        

      80.518629879 seconds time elapsed