LC_NUMERIC=en_US.UTF8 perf stat -B -C 1-2 taskset -c 2 /tmp/eucycles/pyben-nio/src/run --server start --bind 10.10.1.4 --size 67108864 --port 8881 --filename /tmp/eucycles/data_file --bufsize 50mb --method "match; func=lambda v: int(chr(v)) < 5; sztype=BEFORE"

2018-06-29 23:39:27,934 | server           | INFO     | PID=29637 | [bufsize: 52428800 bytes] [zerocopy: False]
2018-06-29 23:39:27,948 | methods.match    | INFO     | PID=29637 | [method: methods.match]
2018-06-29 23:39:27,948 | methods.match    | INFO     | PID=29637 | [method parameters: {'mpws': '50MB', 'func': 'lambda v: int(chr(v)) < 5', 'sztype': 'BEFORE'}]
2018-06-29 23:39:27,969 | methods.match    | INFO     | PID=29637 | Start 1 process to handle data filtering
2018-06-29 23:39:27,969 | server           | INFO     | PID=29637 | Ready to send 67108864 bytes using data file size of 1073741824 bytes
2018-06-29 23:39:27,969 | server           | INFO     | PID=29637 | Listening socket bound to port 8881
2018-06-29 23:39:38,762 | server           | INFO     | PID=29637 | Accepted incoming connection ('10.10.1.1', 36522) from client. Sending data ...
2018-06-29 23:40:09,169 | server           | INFO     | PID=29637 | [SUMMARY] [Sent: 33550320 bytes] [Read: 33550320 bytes (49.994% of 67108864 raw bytes)] [Duration: 30.406025886535645 seconds] [Bitrate: 8827281.835567128 bit/s]
2018-06-29 23:40:09,169 | server           | INFO     | PID=29637 | Resources closed, now exiting

 Performance counter stats for 'CPU(s) 1-2':

      82744.059878      task-clock (msec)         #    2.000 CPUs utilized            (100.00%)
             1,618      context-switches          #    0.020 K/sec                    (100.00%)
                 1      cpu-migrations            #    0.000 K/sec                    (100.00%)
            24,235      page-faults               #    0.293 K/sec                  
    76,645,821,545      cycles                    #    0.926 GHz                      (100.00%)
   <not supported>      stalled-cycles-frontend  
   <not supported>      stalled-cycles-backend   
   212,689,743,649      instructions              #    2.77  insns per cycle          (100.00%)
    43,397,529,926      branches                  #  524.479 M/sec                    (100.00%)
        43,223,899      branch-misses             #    0.10% of all branches        

      41.373516183 seconds time elapsed