LC_NUMERIC=en_US.UTF8 perf stat -B -C 1-2 taskset -c 2 /tmp/eucycles/pyben-nio/src/run --server start --bind 10.10.1.6 --size 67108864 --port 8881 --filename /tmp/eucycles/data_file --bufsize 50mb --method "match; func=lambda v: int(chr(v)) < 5; sztype=BEFORE"

2018-06-29 23:07:07,945 | server           | INFO     | PID=24178 | [bufsize: 52428800 bytes] [zerocopy: False]
2018-06-29 23:07:07,959 | methods.match    | INFO     | PID=24178 | [method: methods.match]
2018-06-29 23:07:07,959 | methods.match    | INFO     | PID=24178 | [method parameters: {'func': 'lambda v: int(chr(v)) < 5', 'mpws': '50MB', 'sztype': 'BEFORE'}]
2018-06-29 23:07:07,979 | methods.match    | INFO     | PID=24178 | Start 1 process to handle data filtering
2018-06-29 23:07:07,980 | server           | INFO     | PID=24178 | Ready to send 67108864 bytes using data file size of 1073741824 bytes
2018-06-29 23:07:07,980 | server           | INFO     | PID=24178 | Listening socket bound to port 8881
2018-06-29 23:07:16,338 | server           | INFO     | PID=24178 | Accepted incoming connection ('10.10.1.1', 47597) from client. Sending data ...
2018-06-29 23:07:47,182 | server           | INFO     | PID=24178 | [SUMMARY] [Sent: 33548046 bytes] [Read: 33548046 bytes (49.990% of 67108864 raw bytes)] [Duration: 30.84392285346985 seconds] [Bitrate: 8701369.448854253 bit/s]
2018-06-29 23:07:47,182 | server           | INFO     | PID=24178 | Resources closed, now exiting

 Performance counter stats for 'CPU(s) 1-2':

      78746.430239      task-clock (msec)         #    2.000 CPUs utilized            (100.00%)
             1,618      context-switches          #    0.021 K/sec                    (100.00%)
                 1      cpu-migrations            #    0.000 K/sec                    (100.00%)
            24,235      page-faults               #    0.308 K/sec                  
    86,601,749,194      cycles                    #    1.100 GHz                      (100.00%)
   <not supported>      stalled-cycles-frontend  
   <not supported>      stalled-cycles-backend   
   213,550,154,873      instructions              #    2.47  insns per cycle          (100.00%)
    43,646,185,341      branches                  #  554.262 M/sec                    (100.00%)
        43,203,906      branch-misses             #    0.10% of all branches        

      39.372468363 seconds time elapsed