LC_NUMERIC=en_US.UTF8 perf stat -B -C 1-2 taskset -c 2 /tmp/eucycles/pyben-nio/src/run --server start --bind 10.10.1.2 --size 67108864 --port 8881 --filename /tmp/eucycles/data_file --bufsize 50mb --method "match; func=lambda v: int(chr(v)) < 5; sztype=BEFORE"

2018-06-29 23:39:23,015 | server           | INFO     | PID=8440 | [bufsize: 52428800 bytes] [zerocopy: False]
2018-06-29 23:39:23,030 | methods.match    | INFO     | PID=8440 | [method: methods.match]
2018-06-29 23:39:23,030 | methods.match    | INFO     | PID=8440 | [method parameters: {'sztype': 'BEFORE', 'mpws': '50MB', 'func': 'lambda v: int(chr(v)) < 5'}]
2018-06-29 23:39:23,050 | methods.match    | INFO     | PID=8440 | Start 1 process to handle data filtering
2018-06-29 23:39:23,051 | server           | INFO     | PID=8440 | Ready to send 67108864 bytes using data file size of 1073741824 bytes
2018-06-29 23:39:23,051 | server           | INFO     | PID=8440 | Listening socket bound to port 8881
2018-06-29 23:39:36,361 | server           | INFO     | PID=8440 | Accepted incoming connection ('10.10.1.1', 50637) from client. Sending data ...
2018-06-29 23:40:06,164 | server           | INFO     | PID=8440 | [SUMMARY] [Sent: 33558992 bytes] [Read: 33558992 bytes (50.007% of 67108864 raw bytes)] [Duration: 29.803107023239136 seconds] [Bitrate: 9008186.152895318 bit/s]
2018-06-29 23:40:06,164 | server           | INFO     | PID=8440 | Resources closed, now exiting

 Performance counter stats for 'CPU(s) 1-2':

      86564.923322      task-clock (msec)         #    2.000 CPUs utilized            (100.00%)
             1,642      context-switches          #    0.019 K/sec                    (100.00%)
                 1      cpu-migrations            #    0.000 K/sec                    (100.00%)
            24,228      page-faults               #    0.280 K/sec                  
    76,232,744,439      cycles                    #    0.881 GHz                      (100.00%)
   <not supported>      stalled-cycles-frontend  
   <not supported>      stalled-cycles-backend   
   210,953,185,778      instructions              #    2.77  insns per cycle          (100.00%)
    42,996,850,141      branches                  #  496.701 M/sec                    (100.00%)
        43,227,352      branch-misses             #    0.10% of all branches        

      43.284133977 seconds time elapsed