LC_NUMERIC=en_US.UTF8 perf stat -B -C 1-2 taskset -c 2 /tmp/eucycles/pyben-nio/src/run --server start --bind 10.10.1.2 --size 89478486 --port 8881 --filename /tmp/eucycles/data_file --bufsize 50mb --method "match; func=lambda v: int(chr(v)) < 5; sztype=BEFORE"

2018-06-29 23:36:37,469 | server           | INFO     | PID=8181 | [bufsize: 52428800 bytes] [zerocopy: False]
2018-06-29 23:36:37,484 | methods.match    | INFO     | PID=8181 | [method: methods.match]
2018-06-29 23:36:37,484 | methods.match    | INFO     | PID=8181 | [method parameters: {'sztype': 'BEFORE', 'mpws': '50MB', 'func': 'lambda v: int(chr(v)) < 5'}]
2018-06-29 23:36:37,504 | methods.match    | INFO     | PID=8181 | Start 1 process to handle data filtering
2018-06-29 23:36:37,505 | server           | INFO     | PID=8181 | Ready to send 89478486 bytes using data file size of 1073741824 bytes
2018-06-29 23:36:37,505 | server           | INFO     | PID=8181 | Listening socket bound to port 8881
2018-06-29 23:36:48,289 | server           | INFO     | PID=8181 | Accepted incoming connection ('10.10.1.1', 37576) from client. Sending data ...
2018-06-29 23:37:29,586 | server           | INFO     | PID=8181 | [SUMMARY] [Sent: 44743139 bytes] [Read: 44743139 bytes (50.004% of 89478486 raw bytes)] [Duration: 41.296339988708496 seconds] [Bitrate: 8667719.998863619 bit/s]
2018-06-29 23:37:29,586 | server           | INFO     | PID=8181 | Resources closed, now exiting

 Performance counter stats for 'CPU(s) 1-2':

     104501.226484      task-clock (msec)         #    2.000 CPUs utilized            (100.00%)
             2,014      context-switches          #    0.019 K/sec                    (100.00%)
                 1      cpu-migrations            #    0.000 K/sec                    (100.00%)
            26,953      page-faults               #    0.258 K/sec                  
   102,755,951,074      cycles                    #    0.983 GHz                      (100.00%)
   <not supported>      stalled-cycles-frontend  
   <not supported>      stalled-cycles-backend   
   285,176,220,528      instructions              #    2.78  insns per cycle          (100.00%)
    58,376,234,393      branches                  #  558.618 M/sec                    (100.00%)
        56,766,201      branch-misses             #    0.10% of all branches        

      52.252666620 seconds time elapsed