LC_NUMERIC=en_US.UTF8 perf stat -B -C 1-2 taskset -c 2 /tmp/eucycles/pyben-nio/src/run --client start --addresses 10.10.1.2  10.10.1.3 --size 512MB --port 8881 --bind 10.10.1.1 --bufsize 50mb --method "raw"

2018-06-30 02:00:58,417 | client           | INFO     | PID=9066 | [bufsize: 52428800 bytes]
2018-06-30 02:00:58,442 | client           | INFO     | PID=9068 | Connecting to server 10.10.1.2 on port 8881
2018-06-30 02:00:58,443 | client           | INFO     | PID=9067 | Connecting to server 10.10.1.3 on port 8881
2018-06-30 02:00:58,443 | client           | INFO     | PID=9068 | Connection established. Receiving data ...
2018-06-30 02:00:58,443 | methods.raw      | INFO     | PID=9068 | [method: methods.raw]
2018-06-30 02:00:58,444 | methods.raw      | INFO     | PID=9068 | [method parameters: {}]
2018-06-30 02:00:58,447 | client           | INFO     | PID=9067 | Connection established. Receiving data ...
2018-06-30 02:00:58,447 | methods.raw      | INFO     | PID=9067 | [method: methods.raw]
2018-06-30 02:00:58,448 | methods.raw      | INFO     | PID=9067 | [method parameters: {}]
2018-06-30 02:03:06,835 | client           | INFO     | PID=9068 | [Received: 214752201 bytes (214752201 raw bytes)] [Duration: 128.34940886497498 seconds] [Bitrate: 13385473.475825462 bit/s]
2018-06-30 02:03:06,835 | client           | INFO     | PID=9068 | Socket closed
2018-06-30 02:03:08,241 | client           | INFO     | PID=9067 | [Received: 214737254 bytes (214737254 raw bytes)] [Duration: 129.75603008270264 seconds] [Bitrate: 13239446.605333585 bit/s]
2018-06-30 02:03:08,241 | client           | INFO     | PID=9067 | Socket closed
2018-06-30 02:03:08,798 | client           | INFO     | PID=9066 | [SUMMARY] [Received: 429489455 bytes (100.000% of 429489455 raw bytes)] [Duration: 129.75603008270264 seconds] [Bitrate: 26479814.755507313 bit/s]

 Performance counter stats for 'CPU(s) 1-2':

     260898.878651      task-clock (msec)         #    2.000 CPUs utilized            (100.00%)
             3,484      context-switches          #    0.013 K/sec                    (100.00%)
                 1      cpu-migrations            #    0.000 K/sec                    (100.00%)
           948,196      page-faults               #    0.004 M/sec                  
    16,170,263,829      cycles                    #    0.062 GHz                      (100.00%)
   <not supported>      stalled-cycles-frontend  
   <not supported>      stalled-cycles-backend   
    36,449,992,670      instructions              #    2.25  insns per cycle          (100.00%)
     9,592,217,834      branches                  #   36.766 M/sec                    (100.00%)
        14,501,751      branch-misses             #    0.15% of all branches        

     130.455642365 seconds time elapsed