LC_NUMERIC=en_US.UTF8 perf stat -B -C 1-2 taskset -c 2 /tmp/eucycles/pyben-nio/src/run --server start --bind 10.10.1.2 --size 178956971 --port 8881 --filename /tmp/eucycles/data_file --bufsize 50mb --method "match; func=lambda v: int(chr(v)) < 9; sztype=BEFORE"

2018-06-30 02:38:31,009 | server           | INFO     | PID=20279 | [bufsize: 52428800 bytes] [zerocopy: False]
2018-06-30 02:38:31,024 | methods.match    | INFO     | PID=20279 | [method: methods.match]
2018-06-30 02:38:31,024 | methods.match    | INFO     | PID=20279 | [method parameters: {'mpws': '50MB', 'func': 'lambda v: int(chr(v)) < 9', 'sztype': 'BEFORE'}]
2018-06-30 02:38:31,045 | methods.match    | INFO     | PID=20279 | Start 1 process to handle data filtering
2018-06-30 02:38:31,045 | server           | INFO     | PID=20279 | Ready to send 178956971 bytes using data file size of 1073741824 bytes
2018-06-30 02:38:31,045 | server           | INFO     | PID=20279 | Listening socket bound to port 8881
2018-06-30 02:38:37,951 | server           | INFO     | PID=20279 | Accepted incoming connection ('10.10.1.1', 41453) from client. Sending data ...
2018-06-30 02:40:09,192 | server           | INFO     | PID=20279 | [SUMMARY] [Sent: 161063802 bytes] [Read: 161063802 bytes (90.001% of 178956971 raw bytes)] [Duration: 91.24099111557007 seconds] [Bitrate: 14122056.328475356 bit/s]
2018-06-30 02:40:09,192 | server           | INFO     | PID=20279 | Resources closed, now exiting

 Performance counter stats for 'CPU(s) 1-2':

     196626.342080      task-clock (msec)         #    2.000 CPUs utilized            (100.00%)
             3,667      context-switches          #    0.019 K/sec                    (100.00%)
                 1      cpu-migrations            #    0.000 K/sec                    (100.00%)
            55,458      page-faults               #    0.282 K/sec                  
   230,928,275,979      cycles                    #    1.174 GHz                      (100.00%)
   <not supported>      stalled-cycles-frontend  
   <not supported>      stalled-cycles-backend   
   651,070,977,200      instructions              #    2.82  insns per cycle          (100.00%)
   133,440,220,613      branches                  #  678.649 M/sec                    (100.00%)
        39,487,551      branch-misses             #    0.03% of all branches        

      98.317185185 seconds time elapsed