LC_NUMERIC=en_US.UTF8 perf stat -B -C 1-2 taskset -c 2 /tmp/eucycles/pyben-nio/src/run --server start --bind 10.10.1.6 --size 107374182 --port 8881 --filename /tmp/eucycles/data_file --bufsize 50mb --method "match; func=lambda v: int(chr(v)) < 4; sztype=BEFORE"

2018-06-29 22:15:25,434 | server           | INFO     | PID=21658 | [bufsize: 52428800 bytes] [zerocopy: False]
2018-06-29 22:15:25,448 | methods.match    | INFO     | PID=21658 | [method: methods.match]
2018-06-29 22:15:25,448 | methods.match    | INFO     | PID=21658 | [method parameters: {'sztype': 'BEFORE', 'mpws': '50MB', 'func': 'lambda v: int(chr(v)) < 4'}]
2018-06-29 22:15:25,468 | methods.match    | INFO     | PID=21658 | Start 1 process to handle data filtering
2018-06-29 22:15:25,468 | server           | INFO     | PID=21658 | Ready to send 107374182 bytes using data file size of 1073741824 bytes
2018-06-29 22:15:25,469 | server           | INFO     | PID=21658 | Listening socket bound to port 8881
2018-06-29 22:15:29,998 | server           | INFO     | PID=21658 | Accepted incoming connection ('10.10.1.1', 40363) from client. Sending data ...
2018-06-29 22:16:16,105 | server           | INFO     | PID=21658 | [SUMMARY] [Sent: 42949179 bytes] [Read: 42949179 bytes (40.000% of 107374182 raw bytes)] [Duration: 46.107171058654785 seconds] [Bitrate: 7452060.5821359325 bit/s]
2018-06-29 22:16:16,105 | server           | INFO     | PID=21658 | Resources closed, now exiting

 Performance counter stats for 'CPU(s) 1-2':

     101531.127944      task-clock (msec)         #    2.000 CPUs utilized            (100.00%)
             2,073      context-switches          #    0.020 K/sec                    (100.00%)
                 1      cpu-migrations            #    0.000 K/sec                    (100.00%)
            26,246      page-faults               #    0.259 K/sec                  
   130,723,450,626      cycles                    #    1.288 GHz                      (100.00%)
   <not supported>      stalled-cycles-frontend  
   <not supported>      stalled-cycles-backend   
   331,675,932,787      instructions              #    2.54  insns per cycle          (100.00%)
    67,777,561,544      branches                  #  667.555 M/sec                    (100.00%)
        58,490,699      branch-misses             #    0.09% of all branches        

      50.764655794 seconds time elapsed