LC_NUMERIC=en_US.UTF8 perf stat -B -C 1-2 taskset -c 2 /tmp/eucycles/pyben-nio/src/run --server start --bind 10.10.1.3 --size 89478486 --port 8881 --filename /tmp/eucycles/data_file --bufsize 50mb --method "match; func=lambda v: int(chr(v)) < 2; sztype=BEFORE"

2018-06-29 20:31:24,240 | server           | INFO     | PID=20057 | [bufsize: 52428800 bytes] [zerocopy: False]
2018-06-29 20:31:24,254 | methods.match    | INFO     | PID=20057 | [method: methods.match]
2018-06-29 20:31:24,254 | methods.match    | INFO     | PID=20057 | [method parameters: {'mpws': '50MB', 'func': 'lambda v: int(chr(v)) < 2', 'sztype': 'BEFORE'}]
2018-06-29 20:31:24,275 | methods.match    | INFO     | PID=20057 | Start 1 process to handle data filtering
2018-06-29 20:31:24,275 | server           | INFO     | PID=20057 | Ready to send 89478486 bytes using data file size of 1073741824 bytes
2018-06-29 20:31:24,275 | server           | INFO     | PID=20057 | Listening socket bound to port 8881
2018-06-29 20:31:33,832 | server           | INFO     | PID=20057 | Accepted incoming connection ('10.10.1.1', 44391) from client. Sending data ...
2018-06-29 20:32:10,172 | server           | INFO     | PID=20057 | [SUMMARY] [Sent: 17892905 bytes] [Read: 17892905 bytes (19.997% of 89478486 raw bytes)] [Duration: 36.339494943618774 seconds] [Bitrate: 3939054.194949289 bit/s]
2018-06-29 20:32:10,172 | server           | INFO     | PID=20057 | Resources closed, now exiting

 Performance counter stats for 'CPU(s) 1-2':

      92125.271820      task-clock (msec)         #    2.000 CPUs utilized            (100.00%)
             1,964      context-switches          #    0.021 K/sec                    (100.00%)
                 1      cpu-migrations            #    0.000 K/sec                    (100.00%)
            20,409      page-faults               #    0.222 K/sec                  
    92,844,942,131      cycles                    #    1.008 GHz                      (100.00%)
   <not supported>      stalled-cycles-frontend  
   <not supported>      stalled-cycles-backend   
   260,732,555,285      instructions              #    2.81  insns per cycle          (100.00%)
    53,428,310,748      branches                  #  579.953 M/sec                    (100.00%)
        29,792,354      branch-misses             #    0.06% of all branches        

      46.067542433 seconds time elapsed