LC_NUMERIC=en_US.UTF8 perf stat -B -C 1-2 taskset -c 2 /tmp/eucycles/pyben-nio/src/run --server start --bind 10.10.1.2 --size 178956971 --port 8881 --filename /tmp/eucycles/data_file --bufsize 50mb --method "match; func=lambda v: int(chr(v)) < 5; sztype=BEFORE"

2018-06-29 23:15:22,426 | server           | INFO     | PID=6635 | [bufsize: 52428800 bytes] [zerocopy: False]
2018-06-29 23:15:22,440 | methods.match    | INFO     | PID=6635 | [method: methods.match]
2018-06-29 23:15:22,441 | methods.match    | INFO     | PID=6635 | [method parameters: {'func': 'lambda v: int(chr(v)) < 5', 'sztype': 'BEFORE', 'mpws': '50MB'}]
2018-06-29 23:15:22,461 | methods.match    | INFO     | PID=6635 | Start 1 process to handle data filtering
2018-06-29 23:15:22,461 | server           | INFO     | PID=6635 | Ready to send 178956971 bytes using data file size of 1073741824 bytes
2018-06-29 23:15:22,461 | server           | INFO     | PID=6635 | Listening socket bound to port 8881
2018-06-29 23:15:29,303 | server           | INFO     | PID=6635 | Accepted incoming connection ('10.10.1.1', 37057) from client. Sending data ...
2018-06-29 23:16:51,373 | server           | INFO     | PID=6635 | [SUMMARY] [Sent: 89479697 bytes] [Read: 89479697 bytes (50.001% of 178956971 raw bytes)] [Duration: 82.06940793991089 seconds] [Bitrate: 8722343.61096059 bit/s]
2018-06-29 23:16:51,373 | server           | INFO     | PID=6635 | Resources closed, now exiting

 Performance counter stats for 'CPU(s) 1-2':

     178158.660693      task-clock (msec)         #    2.000 CPUs utilized            (100.00%)
             3,528      context-switches          #    0.020 K/sec                    (100.00%)
                 1      cpu-migrations            #    0.000 K/sec                    (100.00%)
            28,837      page-faults               #    0.162 K/sec                  
   206,562,474,324      cycles                    #    1.159 GHz                      (100.00%)
   <not supported>      stalled-cycles-frontend  
   <not supported>      stalled-cycles-backend   
   575,335,414,875      instructions              #    2.79  insns per cycle          (100.00%)
   118,279,899,497      branches                  #  663.902 M/sec                    (100.00%)
       110,918,427      branch-misses             #    0.09% of all branches        

      89.082952331 seconds time elapsed