LC_NUMERIC=en_US.UTF8 perf stat -B -C 1-2 taskset -c 2 /tmp/eucycles/pyben-nio/src/run --server start --bind 10.10.1.4 --size 89478485 --port 8881 --filename /tmp/eucycles/data_file --bufsize 50mb --method "match; func=lambda v: int(chr(v)) < 7; sztype=BEFORE"

2018-06-30 01:00:16,804 | server           | INFO     | PID=1606 | [bufsize: 52428800 bytes] [zerocopy: False]
2018-06-30 01:00:16,819 | methods.match    | INFO     | PID=1606 | [method: methods.match]
2018-06-30 01:00:16,819 | methods.match    | INFO     | PID=1606 | [method parameters: {'func': 'lambda v: int(chr(v)) < 7', 'sztype': 'BEFORE', 'mpws': '50MB'}]
2018-06-30 01:00:16,840 | methods.match    | INFO     | PID=1606 | Start 1 process to handle data filtering
2018-06-30 01:00:16,840 | server           | INFO     | PID=1606 | Ready to send 89478485 bytes using data file size of 1073741824 bytes
2018-06-30 01:00:16,840 | server           | INFO     | PID=1606 | Listening socket bound to port 8881
2018-06-30 01:00:25,101 | server           | INFO     | PID=1606 | Accepted incoming connection ('10.10.1.1', 60291) from client. Sending data ...
2018-06-30 01:01:09,414 | server           | INFO     | PID=1606 | [SUMMARY] [Sent: 62626449 bytes] [Read: 62626449 bytes (69.991% of 89478485 raw bytes)] [Duration: 44.31233596801758 seconds] [Bitrate: 11306368.32961379 bit/s]
2018-06-30 01:01:09,414 | server           | INFO     | PID=1606 | Resources closed, now exiting

 Performance counter stats for 'CPU(s) 1-2':

     105490.922783      task-clock (msec)         #    2.000 CPUs utilized            (100.00%)
             2,035      context-switches          #    0.019 K/sec                    (100.00%)
                 1      cpu-migrations            #    0.000 K/sec                    (100.00%)
            31,409      page-faults               #    0.298 K/sec                  
   107,021,812,419      cycles                    #    1.015 GHz                      (100.00%)
   <not supported>      stalled-cycles-frontend  
   <not supported>      stalled-cycles-backend   
   295,814,146,556      instructions              #    2.76  insns per cycle          (100.00%)
    60,238,587,150      branches                  #  571.031 M/sec                    (100.00%)
        39,051,256      branch-misses             #    0.06% of all branches        

      52.747402669 seconds time elapsed