LC_NUMERIC=en_US.UTF8 perf stat -B -C 1-2 taskset -c 2 /tmp/eucycles/pyben-nio/src/run --server start --bind 10.10.1.3 --size 89478486 --port 8881 --filename /tmp/eucycles/data_file --bufsize 50mb --method "match; func=lambda v: int(chr(v)) < 1; sztype=BEFORE"

2018-06-29 20:01:44,825 | server           | INFO     | PID=18027 | [bufsize: 52428800 bytes] [zerocopy: False]
2018-06-29 20:01:44,839 | methods.match    | INFO     | PID=18027 | [method: methods.match]
2018-06-29 20:01:44,839 | methods.match    | INFO     | PID=18027 | [method parameters: {'func': 'lambda v: int(chr(v)) < 1', 'sztype': 'BEFORE', 'mpws': '50MB'}]
2018-06-29 20:01:44,860 | methods.match    | INFO     | PID=18027 | Start 1 process to handle data filtering
2018-06-29 20:01:44,860 | server           | INFO     | PID=18027 | Ready to send 89478486 bytes using data file size of 1073741824 bytes
2018-06-29 20:01:44,860 | server           | INFO     | PID=18027 | Listening socket bound to port 8881
2018-06-29 20:01:54,411 | server           | INFO     | PID=18027 | Accepted incoming connection ('10.10.1.1', 33559) from client. Sending data ...
2018-06-29 20:02:29,352 | server           | INFO     | PID=18027 | [SUMMARY] [Sent: 8945630 bytes] [Read: 8945630 bytes (9.998% of 89478486 raw bytes)] [Duration: 34.94010400772095 seconds] [Bitrate: 2048220.5772537424 bit/s]
2018-06-29 20:02:29,352 | server           | INFO     | PID=18027 | Resources closed, now exiting

 Performance counter stats for 'CPU(s) 1-2':

      89315.716422      task-clock (msec)         #    2.000 CPUs utilized            (100.00%)
             1,934      context-switches          #    0.022 K/sec                    (100.00%)
                 1      cpu-migrations            #    0.000 K/sec                    (100.00%)
            18,211      page-faults               #    0.204 K/sec                  
    90,125,264,062      cycles                    #    1.009 GHz                      (100.00%)
   <not supported>      stalled-cycles-frontend  
   <not supported>      stalled-cycles-backend   
   253,213,924,914      instructions              #    2.81  insns per cycle          (100.00%)
    51,869,040,704      branches                  #  580.738 M/sec                    (100.00%)
        20,801,583      branch-misses             #    0.04% of all branches        

      44.662608778 seconds time elapsed