LC_NUMERIC=en_US.UTF8 perf stat -B -C 1-2 taskset -c 2 /tmp/eucycles/pyben-nio/src/run --client start --addresses 10.10.1.2  10.10.1.3 --size 512MB --port 8881 --bind 10.10.1.1 --bufsize 50mb --method "raw"

2018-06-30 00:35:20,742 | client           | INFO     | PID=18508 | [bufsize: 52428800 bytes]
2018-06-30 00:35:20,768 | client           | INFO     | PID=18510 | Connecting to server 10.10.1.2 on port 8881
2018-06-30 00:35:20,769 | client           | INFO     | PID=18509 | Connecting to server 10.10.1.3 on port 8881
2018-06-30 00:35:20,769 | client           | INFO     | PID=18510 | Connection established. Receiving data ...
2018-06-30 00:35:20,769 | methods.raw      | INFO     | PID=18510 | [method: methods.raw]
2018-06-30 00:35:20,769 | methods.raw      | INFO     | PID=18510 | [method parameters: {}]
2018-06-30 00:35:20,775 | client           | INFO     | PID=18509 | Connection established. Receiving data ...
2018-06-30 00:35:20,775 | methods.raw      | INFO     | PID=18509 | [method: methods.raw]
2018-06-30 00:35:20,776 | methods.raw      | INFO     | PID=18509 | [method parameters: {}]
2018-06-30 00:37:26,856 | client           | INFO     | PID=18510 | [Received: 187907216 bytes (187907216 raw bytes)] [Duration: 126.04960608482361 seconds] [Bitrate: 11925921.664431067 bit/s]
2018-06-30 00:37:26,856 | client           | INFO     | PID=18510 | Socket closed
2018-06-30 00:37:28,120 | client           | INFO     | PID=18509 | [Received: 187890503 bytes (187890503 raw bytes)] [Duration: 127.30895519256592 seconds] [Bitrate: 11806899.378966654 bit/s]
2018-06-30 00:37:28,120 | client           | INFO     | PID=18509 | Socket closed
2018-06-30 00:37:28,620 | client           | INFO     | PID=18508 | [SUMMARY] [Received: 375797719 bytes (100.000% of 375797719 raw bytes)] [Duration: 127.31431412696838 seconds] [Bitrate: 23613854.990427762 bit/s]

 Performance counter stats for 'CPU(s) 1-2':

     255891.897949      task-clock (msec)         #    2.000 CPUs utilized            (100.00%)
             3,349      context-switches          #    0.013 K/sec                    (100.00%)
                 1      cpu-migrations            #    0.000 K/sec                    (100.00%)
           835,584      page-faults               #    0.003 M/sec                  
    14,317,864,118      cycles                    #    0.056 GHz                      (100.00%)
   <not supported>      stalled-cycles-frontend  
   <not supported>      stalled-cycles-backend   
    31,969,729,407      instructions              #    2.23  insns per cycle          (100.00%)
     8,403,434,006      branches                  #   32.840 M/sec                    (100.00%)
        13,256,324      branch-misses             #    0.16% of all branches        

     127.952028137 seconds time elapsed