LC_NUMERIC=en_US.UTF8 perf stat -B -C 1-2 taskset -c 2 /tmp/eucycles/pyben-nio/src/run --server start --bind 10.10.1.9 --size 67108864 --port 8881 --filename /tmp/eucycles/data_file --bufsize 50mb --method "match; func=lambda v: int(chr(v)) < 8; sztype=BEFORE"

2018-06-30 01:37:31,430 | server           | INFO     | PID=23405 | [bufsize: 52428800 bytes] [zerocopy: False]
2018-06-30 01:37:31,444 | methods.match    | INFO     | PID=23405 | [method: methods.match]
2018-06-30 01:37:31,445 | methods.match    | INFO     | PID=23405 | [method parameters: {'func': 'lambda v: int(chr(v)) < 8', 'mpws': '50MB', 'sztype': 'BEFORE'}]
2018-06-30 01:37:31,465 | methods.match    | INFO     | PID=23405 | Start 1 process to handle data filtering
2018-06-30 01:37:31,465 | server           | INFO     | PID=23405 | Ready to send 67108864 bytes using data file size of 1073741824 bytes
2018-06-30 01:37:31,465 | server           | INFO     | PID=23405 | Listening socket bound to port 8881
2018-06-30 01:37:36,196 | server           | INFO     | PID=23405 | Accepted incoming connection ('10.10.1.1', 37999) from client. Sending data ...
2018-06-30 01:38:11,627 | server           | INFO     | PID=23405 | [SUMMARY] [Sent: 53685508 bytes] [Read: 53685508 bytes (79.998% of 67108864 raw bytes)] [Duration: 35.431416034698486 seconds] [Bitrate: 12121560.808616856 bit/s]
2018-06-30 01:38:11,627 | server           | INFO     | PID=23405 | Resources closed, now exiting

 Performance counter stats for 'CPU(s) 1-2':

      80584.607364      task-clock (msec)         #    2.000 CPUs utilized            (100.00%)
             1,421      context-switches          #    0.018 K/sec                    (100.00%)
                 1      cpu-migrations            #    0.000 K/sec                    (100.00%)
            29,186      page-faults               #    0.362 K/sec                  
    88,138,300,031      cycles                    #    1.094 GHz                      (100.00%)
   <not supported>      stalled-cycles-frontend  
   <not supported>      stalled-cycles-backend   
   238,123,082,414      instructions              #    2.70  insns per cycle          (100.00%)
    48,934,005,645      branches                  #  607.238 M/sec                    (100.00%)
        23,077,381      branch-misses             #    0.05% of all branches        

      40.290820650 seconds time elapsed