LC_NUMERIC=en_US.UTF8 perf stat -B -C 1-2 taskset -c 2 /tmp/eucycles/pyben-nio/src/run --server start --bind 10.10.1.4 --size 178956970 --port 8881 --filename /tmp/eucycles/data_file --bufsize 50mb --method "match; func=lambda v: int(chr(v)) < 2; sztype=BEFORE"

2018-06-29 21:10:15,950 | server           | INFO     | PID=20711 | [bufsize: 52428800 bytes] [zerocopy: False]
2018-06-29 21:10:15,964 | methods.match    | INFO     | PID=20711 | [method: methods.match]
2018-06-29 21:10:15,964 | methods.match    | INFO     | PID=20711 | [method parameters: {'sztype': 'BEFORE', 'func': 'lambda v: int(chr(v)) < 2', 'mpws': '50MB'}]
2018-06-29 21:10:15,985 | methods.match    | INFO     | PID=20711 | Start 1 process to handle data filtering
2018-06-29 21:10:15,985 | server           | INFO     | PID=20711 | Ready to send 178956970 bytes using data file size of 1073741824 bytes
2018-06-29 21:10:15,985 | server           | INFO     | PID=20711 | Listening socket bound to port 8881
2018-06-29 21:10:20,565 | server           | INFO     | PID=20711 | Accepted incoming connection ('10.10.1.1', 33345) from client. Sending data ...
2018-06-29 21:11:32,756 | server           | INFO     | PID=20711 | [SUMMARY] [Sent: 35781468 bytes] [Read: 35781468 bytes (19.994% of 178956970 raw bytes)] [Duration: 72.19073009490967 seconds] [Bitrate: 3965214.697561069 bit/s]
2018-06-29 21:11:32,756 | server           | INFO     | PID=20711 | Resources closed, now exiting

 Performance counter stats for 'CPU(s) 1-2':

     153792.483799      task-clock (msec)         #    2.000 CPUs utilized            (100.00%)
             3,169      context-switches          #    0.021 K/sec                    (100.00%)
                 1      cpu-migrations            #    0.000 K/sec                    (100.00%)
            21,116      page-faults               #    0.137 K/sec                  
   185,454,574,667      cycles                    #    1.206 GHz                      (100.00%)
   <not supported>      stalled-cycles-frontend  
   <not supported>      stalled-cycles-backend   
   517,869,418,056      instructions              #    2.79  insns per cycle          (100.00%)
   105,701,332,398      branches                  #  687.298 M/sec                    (100.00%)
        56,906,340      branch-misses             #    0.05% of all branches        

      76.899152447 seconds time elapsed