LC_NUMERIC=en_US.UTF8 perf stat -B -C 1-2 taskset -c 2 /tmp/eucycles/pyben-nio/src/run --server start --bind 10.10.1.3 --size 76695845 --port 8881 --filename /tmp/eucycles/data_file --bufsize 50mb --method "match; func=lambda v: int(chr(v)) < 0; sztype=BEFORE"

2018-06-29 19:33:29,327 | server           | INFO     | PID=16126 | [bufsize: 52428800 bytes] [zerocopy: False]
2018-06-29 19:33:29,342 | methods.match    | INFO     | PID=16126 | [method: methods.match]
2018-06-29 19:33:29,342 | methods.match    | INFO     | PID=16126 | [method parameters: {'mpws': '50MB', 'sztype': 'BEFORE', 'func': 'lambda v: int(chr(v)) < 0'}]
2018-06-29 19:33:29,362 | methods.match    | INFO     | PID=16126 | Start 1 process to handle data filtering
2018-06-29 19:33:29,363 | server           | INFO     | PID=16126 | Ready to send 76695845 bytes using data file size of 1073741824 bytes
2018-06-29 19:33:29,363 | server           | INFO     | PID=16126 | Listening socket bound to port 8881
2018-06-29 19:33:40,099 | server           | INFO     | PID=16126 | Accepted incoming connection ('10.10.1.1', 60191) from client. Sending data ...
2018-06-29 19:34:10,926 | server           | INFO     | PID=16126 | [SUMMARY] [Sent: 0 bytes] [Read: 0 bytes (0.000% of 76695845 raw bytes)] [Duration: 30.82657289505005 seconds] [Bitrate: 0.0 bit/s]
2018-06-29 19:34:10,926 | server           | INFO     | PID=16126 | Resources closed, now exiting

 Performance counter stats for 'CPU(s) 1-2':

      83458.412552      task-clock (msec)         #    2.000 CPUs utilized            (100.00%)
             1,662      context-switches          #    0.020 K/sec                    (100.00%)
                 1      cpu-migrations            #    0.000 K/sec                    (100.00%)
            16,033      page-faults               #    0.192 K/sec                  
    79,695,415,391      cycles                    #    0.955 GHz                      (100.00%)
   <not supported>      stalled-cycles-frontend  
   <not supported>      stalled-cycles-backend   
   213,872,077,829      instructions              #    2.68  insns per cycle          (100.00%)
    43,794,615,635      branches                  #  524.748 M/sec                    (100.00%)
        10,504,400      branch-misses             #    0.02% of all branches        

      41.733634679 seconds time elapsed