LC_NUMERIC=en_US.UTF8 perf stat -B -C 1-2 taskset -c 2 /tmp/eucycles/pyben-nio/src/run --server start --bind 10.10.1.5 --size 107374182 --port 8881 --filename /tmp/eucycles/data_file --bufsize 50mb --method "match; func=lambda v: int(chr(v)) < 3; sztype=BEFORE"

2018-06-29 21:44:22,148 | server           | INFO     | PID=21209 | [bufsize: 52428800 bytes] [zerocopy: False]
2018-06-29 21:44:22,162 | methods.match    | INFO     | PID=21209 | [method: methods.match]
2018-06-29 21:44:22,162 | methods.match    | INFO     | PID=21209 | [method parameters: {'func': 'lambda v: int(chr(v)) < 3', 'mpws': '50MB', 'sztype': 'BEFORE'}]
2018-06-29 21:44:22,183 | methods.match    | INFO     | PID=21209 | Start 1 process to handle data filtering
2018-06-29 21:44:22,183 | server           | INFO     | PID=21209 | Ready to send 107374182 bytes using data file size of 1073741824 bytes
2018-06-29 21:44:22,183 | server           | INFO     | PID=21209 | Listening socket bound to port 8881
2018-06-29 21:44:27,885 | server           | INFO     | PID=21209 | Accepted incoming connection ('10.10.1.1', 49936) from client. Sending data ...
2018-06-29 21:45:12,553 | server           | INFO     | PID=21209 | [SUMMARY] [Sent: 32215487 bytes] [Read: 32215487 bytes (30.003% of 107374182 raw bytes)] [Duration: 44.66718006134033 seconds] [Bitrate: 5769871.651760289 bit/s]
2018-06-29 21:45:12,553 | server           | INFO     | PID=21209 | Resources closed, now exiting

 Performance counter stats for 'CPU(s) 1-2':

     101082.998946      task-clock (msec)         #    2.000 CPUs utilized            (100.00%)
             2,279      context-switches          #    0.023 K/sec                    (100.00%)
                 1      cpu-migrations            #    0.000 K/sec                    (100.00%)
            23,730      page-faults               #    0.235 K/sec                  
   120,905,379,035      cycles                    #    1.196 GHz                      (100.00%)
   <not supported>      stalled-cycles-frontend  
   <not supported>      stalled-cycles-backend   
   322,512,325,147      instructions              #    2.67  insns per cycle          (100.00%)
    65,844,043,153      branches                  #  651.386 M/sec                    (100.00%)
        46,179,181      branch-misses             #    0.07% of all branches        

      50.540255596 seconds time elapsed