LC_NUMERIC=en_US.UTF8 perf stat -B -C 1-2 taskset -c 2 /tmp/eucycles/pyben-nio/src/run --server start --bind 10.10.1.3 --size 76695845 --port 8881 --filename /tmp/eucycles/data_file --bufsize 50mb --method "match; func=lambda v: int(chr(v)) < 1; sztype=BEFORE"

2018-06-29 20:17:47,656 | server           | INFO     | PID=19166 | [bufsize: 52428800 bytes] [zerocopy: False]
2018-06-29 20:17:47,671 | methods.match    | INFO     | PID=19166 | [method: methods.match]
2018-06-29 20:17:47,671 | methods.match    | INFO     | PID=19166 | [method parameters: {'mpws': '50MB', 'sztype': 'BEFORE', 'func': 'lambda v: int(chr(v)) < 1'}]
2018-06-29 20:17:47,692 | methods.match    | INFO     | PID=19166 | Start 1 process to handle data filtering
2018-06-29 20:17:47,692 | server           | INFO     | PID=19166 | Ready to send 76695845 bytes using data file size of 1073741824 bytes
2018-06-29 20:17:47,692 | server           | INFO     | PID=19166 | Listening socket bound to port 8881
2018-06-29 20:17:58,358 | server           | INFO     | PID=19166 | Accepted incoming connection ('10.10.1.1', 57634) from client. Sending data ...
2018-06-29 20:18:28,584 | server           | INFO     | PID=19166 | [SUMMARY] [Sent: 7667017 bytes] [Read: 7667017 bytes (9.997% of 76695845 raw bytes)] [Duration: 30.22510600090027 seconds] [Bitrate: 2029310.8648873912 bit/s]
2018-06-29 20:18:28,584 | server           | INFO     | PID=19166 | Resources closed, now exiting

 Performance counter stats for 'CPU(s) 1-2':

      82116.786942      task-clock (msec)         #    2.000 CPUs utilized            (100.00%)
             1,736      context-switches          #    0.021 K/sec                    (100.00%)
                 1      cpu-migrations            #    0.000 K/sec                    (100.00%)
            17,912      page-faults               #    0.218 K/sec                  
    78,087,255,454      cycles                    #    0.951 GHz                      (100.00%)
   <not supported>      stalled-cycles-frontend  
   <not supported>      stalled-cycles-backend   
   219,929,867,780      instructions              #    2.82  insns per cycle          (100.00%)
    45,084,130,801      branches                  #  549.025 M/sec                    (100.00%)
        18,215,500      branch-misses             #    0.04% of all branches        

      41.062747925 seconds time elapsed