LC_NUMERIC=en_US.UTF8 perf stat -B -C 1-2 taskset -c 2 /tmp/eucycles/pyben-nio/src/run --server start --bind 10.10.1.7 --size 76695844 --port 8881 --filename /tmp/eucycles/data_file --bufsize 50mb --method "match; func=lambda v: int(chr(v)) < 5; sztype=BEFORE"

2018-06-29 23:05:47,142 | server           | INFO     | PID=22273 | [bufsize: 52428800 bytes] [zerocopy: False]
2018-06-29 23:05:47,156 | methods.match    | INFO     | PID=22273 | [method: methods.match]
2018-06-29 23:05:47,156 | methods.match    | INFO     | PID=22273 | [method parameters: {'mpws': '50MB', 'func': 'lambda v: int(chr(v)) < 5', 'sztype': 'BEFORE'}]
2018-06-29 23:05:47,177 | methods.match    | INFO     | PID=22273 | Start 1 process to handle data filtering
2018-06-29 23:05:47,177 | server           | INFO     | PID=22273 | Ready to send 76695844 bytes using data file size of 1073741824 bytes
2018-06-29 23:05:47,177 | server           | INFO     | PID=22273 | Listening socket bound to port 8881
2018-06-29 23:05:53,035 | server           | INFO     | PID=22273 | Accepted incoming connection ('10.10.1.1', 54581) from client. Sending data ...
2018-06-29 23:06:27,914 | server           | INFO     | PID=22273 | [SUMMARY] [Sent: 38349176 bytes] [Read: 38349176 bytes (50.002% of 76695844 raw bytes)] [Duration: 34.87849807739258 seconds] [Bitrate: 8796061.324637607 bit/s]
2018-06-29 23:06:27,914 | server           | INFO     | PID=22273 | Resources closed, now exiting

 Performance counter stats for 'CPU(s) 1-2':

      81827.602990      task-clock (msec)         #    2.000 CPUs utilized            (100.00%)
             1,776      context-switches          #    0.022 K/sec                    (100.00%)
                 1      cpu-migrations            #    0.000 K/sec                    (100.00%)
            25,396      page-faults               #    0.310 K/sec                  
    90,571,007,185      cycles                    #    1.107 GHz                      (100.00%)
   <not supported>      stalled-cycles-frontend  
   <not supported>      stalled-cycles-backend   
   242,979,209,198      instructions              #    2.68  insns per cycle          (100.00%)
    49,689,449,983      branches                  #  607.246 M/sec                    (100.00%)
        49,037,073      branch-misses             #    0.10% of all branches        

      40.911341237 seconds time elapsed