LC_NUMERIC=en_US.UTF8 perf stat -B -C 1-2 taskset -c 2 /tmp/eucycles/pyben-nio/src/run --server start --bind 10.10.1.7 --size 67108864 --port 8881 --filename /tmp/eucycles/data_file --bufsize 50mb --method "match; func=lambda v: int(chr(v)) < 5; sztype=BEFORE"

2018-06-29 23:39:28,779 | server           | INFO     | PID=23658 | [bufsize: 52428800 bytes] [zerocopy: False]
2018-06-29 23:39:28,793 | methods.match    | INFO     | PID=23658 | [method: methods.match]
2018-06-29 23:39:28,794 | methods.match    | INFO     | PID=23658 | [method parameters: {'func': 'lambda v: int(chr(v)) < 5', 'mpws': '50MB', 'sztype': 'BEFORE'}]
2018-06-29 23:39:28,814 | methods.match    | INFO     | PID=23658 | Start 1 process to handle data filtering
2018-06-29 23:39:28,814 | server           | INFO     | PID=23658 | Ready to send 67108864 bytes using data file size of 1073741824 bytes
2018-06-29 23:39:28,814 | server           | INFO     | PID=23658 | Listening socket bound to port 8881
2018-06-29 23:39:35,944 | server           | INFO     | PID=23658 | Accepted incoming connection ('10.10.1.1', 43948) from client. Sending data ...
2018-06-29 23:40:07,635 | server           | INFO     | PID=23658 | [SUMMARY] [Sent: 33555737 bytes] [Read: 33555737 bytes (50.002% of 67108864 raw bytes)] [Duration: 31.691179037094116 seconds] [Bitrate: 8470681.879200125 bit/s]
2018-06-29 23:40:07,635 | server           | INFO     | PID=23658 | Resources closed, now exiting

 Performance counter stats for 'CPU(s) 1-2':

      77992.493515      task-clock (msec)         #    2.000 CPUs utilized            (100.00%)
             1,634      context-switches          #    0.021 K/sec                    (100.00%)
                 1      cpu-migrations            #    0.000 K/sec                    (100.00%)
            24,229      page-faults               #    0.311 K/sec                  
    84,159,781,644      cycles                    #    1.079 GHz                      (100.00%)
   <not supported>      stalled-cycles-frontend  
   <not supported>      stalled-cycles-backend   
   212,465,776,307      instructions              #    2.52  insns per cycle          (100.00%)
    43,374,536,202      branches                  #  556.137 M/sec                    (100.00%)
        43,230,968      branch-misses             #    0.10% of all branches        

      38.993886914 seconds time elapsed