LC_NUMERIC=en_US.UTF8 perf stat -B -C 1-2 taskset -c 2 /tmp/eucycles/pyben-nio/src/run --server start --bind 10.10.1.6 --size 67108864 --port 8881 --filename /tmp/eucycles/data_file --bufsize 50mb --method "match; func=lambda v: int(chr(v)) < 0; sztype=BEFORE"

2018-06-29 19:03:43,742 | server           | INFO     | PID=13507 | [bufsize: 52428800 bytes] [zerocopy: False]
2018-06-29 19:03:43,756 | methods.match    | INFO     | PID=13507 | [method: methods.match]
2018-06-29 19:03:43,756 | methods.match    | INFO     | PID=13507 | [method parameters: {'mpws': '50MB', 'sztype': 'BEFORE', 'func': 'lambda v: int(chr(v)) < 0'}]
2018-06-29 19:03:43,777 | methods.match    | INFO     | PID=13507 | Start 1 process to handle data filtering
2018-06-29 19:03:43,777 | server           | INFO     | PID=13507 | Ready to send 67108864 bytes using data file size of 1073741824 bytes
2018-06-29 19:03:43,777 | server           | INFO     | PID=13507 | Listening socket bound to port 8881
2018-06-29 19:03:52,124 | server           | INFO     | PID=13507 | Accepted incoming connection ('10.10.1.1', 40440) from client. Sending data ...
2018-06-29 19:04:18,559 | server           | INFO     | PID=13507 | [SUMMARY] [Sent: 0 bytes] [Read: 0 bytes (0.000% of 67108864 raw bytes)] [Duration: 26.43519902229309 seconds] [Bitrate: 0.0 bit/s]
2018-06-29 19:04:18,559 | server           | INFO     | PID=13507 | Resources closed, now exiting

 Performance counter stats for 'CPU(s) 1-2':

      69905.241084      task-clock (msec)         #    2.000 CPUs utilized            (100.00%)
             1,512      context-switches          #    0.022 K/sec                    (100.00%)
                 1      cpu-migrations            #    0.000 K/sec                    (100.00%)
            16,043      page-faults               #    0.229 K/sec                  
    81,358,726,703      cycles                    #    1.164 GHz                      (100.00%)
   <not supported>      stalled-cycles-frontend  
   <not supported>      stalled-cycles-backend   
   188,501,237,902      instructions              #    2.32  insns per cycle          (100.00%)
    38,760,052,940      branches                  #  554.466 M/sec                    (100.00%)
         9,493,618      branch-misses             #    0.02% of all branches        

      34.951943621 seconds time elapsed