LC_NUMERIC=en_US.UTF8 perf stat -B -C 1-2 taskset -c 2 /tmp/eucycles/pyben-nio/src/run --server start --bind 10.10.1.6 --size 89478485 --port 8881 --filename /tmp/eucycles/data_file --bufsize 50mb --method "match; func=lambda v: int(chr(v)) < 6; sztype=BEFORE"

2018-06-29 23:53:12,654 | server           | INFO     | PID=26062 | [bufsize: 52428800 bytes] [zerocopy: False]
2018-06-29 23:53:12,668 | methods.match    | INFO     | PID=26062 | [method: methods.match]
2018-06-29 23:53:12,669 | methods.match    | INFO     | PID=26062 | [method parameters: {'func': 'lambda v: int(chr(v)) < 6', 'sztype': 'BEFORE', 'mpws': '50MB'}]
2018-06-29 23:53:12,689 | methods.match    | INFO     | PID=26062 | Start 1 process to handle data filtering
2018-06-29 23:53:12,689 | server           | INFO     | PID=26062 | Ready to send 89478485 bytes using data file size of 1073741824 bytes
2018-06-29 23:53:12,689 | server           | INFO     | PID=26062 | Listening socket bound to port 8881
2018-06-29 23:53:18,522 | server           | INFO     | PID=26062 | Accepted incoming connection ('10.10.1.1', 54792) from client. Sending data ...
2018-06-29 23:54:00,483 | server           | INFO     | PID=26062 | [SUMMARY] [Sent: 53683378 bytes] [Read: 53683378 bytes (59.996% of 89478485 raw bytes)] [Duration: 41.96019983291626 seconds] [Bitrate: 10235104.35389058 bit/s]
2018-06-29 23:54:00,483 | server           | INFO     | PID=26062 | Resources closed, now exiting

 Performance counter stats for 'CPU(s) 1-2':

      95928.267292      task-clock (msec)         #    2.000 CPUs utilized            (100.00%)
             2,020      context-switches          #    0.021 K/sec                    (100.00%)
                 1      cpu-migrations            #    0.000 K/sec                    (100.00%)
            29,223      page-faults               #    0.305 K/sec                  
   114,094,538,411      cycles                    #    1.189 GHz                      (100.00%)
   <not supported>      stalled-cycles-frontend  
   <not supported>      stalled-cycles-backend   
   293,299,941,399      instructions              #    2.57  insns per cycle          (100.00%)
    59,997,096,744      branches                  #  625.437 M/sec                    (100.00%)
        49,138,621      branch-misses             #    0.08% of all branches        

      47.963259269 seconds time elapsed