LC_NUMERIC=en_US.UTF8 perf stat -B -C 1-2 taskset -c 2 /tmp/eucycles/pyben-nio/src/run --server start --bind 10.10.1.5 --size 76695845 --port 8881 --filename /tmp/eucycles/data_file --bufsize 50mb --method "match; func=lambda v: int(chr(v)) < 3; sztype=BEFORE"

2018-06-29 22:02:29,834 | server           | INFO     | PID=22287 | [bufsize: 52428800 bytes] [zerocopy: False]
2018-06-29 22:02:29,847 | methods.match    | INFO     | PID=22287 | [method: methods.match]
2018-06-29 22:02:29,848 | methods.match    | INFO     | PID=22287 | [method parameters: {'mpws': '50MB', 'sztype': 'BEFORE', 'func': 'lambda v: int(chr(v)) < 3'}]
2018-06-29 22:02:29,868 | methods.match    | INFO     | PID=22287 | Start 1 process to handle data filtering
2018-06-29 22:02:29,868 | server           | INFO     | PID=22287 | Ready to send 76695845 bytes using data file size of 1073741824 bytes
2018-06-29 22:02:29,868 | server           | INFO     | PID=22287 | Listening socket bound to port 8881
2018-06-29 22:02:38,167 | server           | INFO     | PID=22287 | Accepted incoming connection ('10.10.1.1', 41258) from client. Sending data ...
2018-06-29 22:03:11,189 | server           | INFO     | PID=22287 | [SUMMARY] [Sent: 23010661 bytes] [Read: 23010661 bytes (30.002% of 76695845 raw bytes)] [Duration: 33.022024154663086 seconds] [Bitrate: 5574621.565831696 bit/s]
2018-06-29 22:03:11,189 | server           | INFO     | PID=22287 | Resources closed, now exiting

 Performance counter stats for 'CPU(s) 1-2':

      82983.894112      task-clock (msec)         #    2.000 CPUs utilized            (100.00%)
             1,782      context-switches          #    0.021 K/sec                    (100.00%)
                 1      cpu-migrations            #    0.000 K/sec                    (100.00%)
            21,646      page-faults               #    0.261 K/sec                  
    92,012,468,577      cycles                    #    1.109 GHz                      (100.00%)
   <not supported>      stalled-cycles-frontend  
   <not supported>      stalled-cycles-backend   
   237,077,240,505      instructions              #    2.58  insns per cycle          (100.00%)
    48,744,526,526      branches                  #  587.397 M/sec                    (100.00%)
        33,738,712      branch-misses             #    0.07% of all branches        

      41.490890721 seconds time elapsed