LC_NUMERIC=en_US.UTF8 perf stat -B -C 1-2 taskset -c 2 /tmp/eucycles/pyben-nio/src/run --server start --bind 10.10.1.8 --size 76695844 --port 8881 --filename /tmp/eucycles/data_file --bufsize 50mb --method "match; func=lambda v: int(chr(v)) < 3; sztype=BEFORE"

2018-06-29 21:47:11,363 | server           | INFO     | PID=18153 | [bufsize: 52428800 bytes] [zerocopy: False]
2018-06-29 21:47:11,377 | methods.match    | INFO     | PID=18153 | [method: methods.match]
2018-06-29 21:47:11,378 | methods.match    | INFO     | PID=18153 | [method parameters: {'func': 'lambda v: int(chr(v)) < 3', 'mpws': '50MB', 'sztype': 'BEFORE'}]
2018-06-29 21:47:11,398 | methods.match    | INFO     | PID=18153 | Start 1 process to handle data filtering
2018-06-29 21:47:11,398 | server           | INFO     | PID=18153 | Ready to send 76695844 bytes using data file size of 1073741824 bytes
2018-06-29 21:47:11,398 | server           | INFO     | PID=18153 | Listening socket bound to port 8881
2018-06-29 21:47:16,013 | server           | INFO     | PID=18153 | Accepted incoming connection ('10.10.1.1', 36865) from client. Sending data ...
2018-06-29 21:47:49,341 | server           | INFO     | PID=18153 | [SUMMARY] [Sent: 23014250 bytes] [Read: 23014250 bytes (30.007% of 76695844 raw bytes)] [Duration: 33.328481912612915 seconds] [Bitrate: 5524224.010044797 bit/s]
2018-06-29 21:47:49,342 | server           | INFO     | PID=18153 | Resources closed, now exiting

 Performance counter stats for 'CPU(s) 1-2':

      76145.743606      task-clock (msec)         #    2.000 CPUs utilized            (100.00%)
             1,521      context-switches          #    0.020 K/sec                    (100.00%)
                 1      cpu-migrations            #    0.000 K/sec                    (100.00%)
            21,616      page-faults               #    0.284 K/sec                  
    90,139,858,104      cycles                    #    1.184 GHz                      (100.00%)
   <not supported>      stalled-cycles-frontend  
   <not supported>      stalled-cycles-backend   
   232,394,293,725      instructions              #    2.58  insns per cycle          (100.00%)
    47,497,090,871      branches                  #  623.766 M/sec                    (100.00%)
        33,662,063      branch-misses             #    0.07% of all branches        

      38.071211199 seconds time elapsed