LC_NUMERIC=en_US.UTF8 perf stat -B -C 1-2 taskset -c 2 /tmp/eucycles/pyben-nio/src/run --client start --addresses 10.10.1.2 --size 512MB --port 8881 --bind 10.10.1.1 --bufsize 50mb --method "raw"

2018-06-29 19:20:30,860 | client           | INFO     | PID=28113 | [bufsize: 52428800 bytes]
2018-06-29 19:20:30,884 | client           | INFO     | PID=28114 | Connecting to server 10.10.1.2 on port 8881
2018-06-29 19:20:30,885 | client           | INFO     | PID=28114 | Connection established. Receiving data ...
2018-06-29 19:20:30,885 | methods.raw      | INFO     | PID=28114 | [method: methods.raw]
2018-06-29 19:20:30,885 | methods.raw      | INFO     | PID=28114 | [method parameters: {}]
2018-06-29 19:24:28,714 | client           | INFO     | PID=28114 | [Received: 0 bytes (0 raw bytes)] [Duration: 237.80821204185486 seconds] [Bitrate: 0.0 bit/s]
2018-06-29 19:24:28,714 | client           | INFO     | PID=28114 | Socket closed
2018-06-29 19:24:28,751 | client           | INFO     | PID=28113 | [SUMMARY] [Received: 0 bytes] [Duration: 237.80821204185486 seconds] [Bitrate: 0.0 bit/s]

 Performance counter stats for 'CPU(s) 1-2':

     475907.808039      task-clock (msec)         #    2.000 CPUs utilized            (100.00%)
             5,380      context-switches          #    0.011 K/sec                    (100.00%)
                 1      cpu-migrations            #    0.000 K/sec                    (100.00%)
            19,254      page-faults               #    0.040 K/sec                  
     2,251,601,721      cycles                    #    0.005 GHz                      (100.00%)
   <not supported>      stalled-cycles-frontend  
   <not supported>      stalled-cycles-backend   
       693,550,636      instructions              #    0.31  insns per cycle          (100.00%)
       179,449,775      branches                  #    0.377 M/sec                    (100.00%)
         3,664,437      branch-misses             #    2.04% of all branches        

     237.965358151 seconds time elapsed