LC_NUMERIC=en_US.UTF8 perf stat -B -C 1-2 taskset -c 2 /tmp/eucycles/pyben-nio/src/run --server start --bind 10.10.1.2 --size 67108864 --port 8881 --filename /tmp/eucycles/data_file --bufsize 50mb --method "match; func=lambda v: int(chr(v)) < 9; sztype=BEFORE"

2018-06-30 02:29:28,990 | server           | INFO     | PID=19844 | [bufsize: 52428800 bytes] [zerocopy: False]
2018-06-30 02:29:29,005 | methods.match    | INFO     | PID=19844 | [method: methods.match]
2018-06-30 02:29:29,005 | methods.match    | INFO     | PID=19844 | [method parameters: {'mpws': '50MB', 'func': 'lambda v: int(chr(v)) < 9', 'sztype': 'BEFORE'}]
2018-06-30 02:29:29,025 | methods.match    | INFO     | PID=19844 | Start 1 process to handle data filtering
2018-06-30 02:29:29,026 | server           | INFO     | PID=19844 | Ready to send 67108864 bytes using data file size of 1073741824 bytes
2018-06-30 02:29:29,026 | server           | INFO     | PID=19844 | Listening socket bound to port 8881
2018-06-30 02:29:42,329 | server           | INFO     | PID=19844 | Accepted incoming connection ('10.10.1.1', 60829) from client. Sending data ...
2018-06-30 02:30:18,154 | server           | INFO     | PID=19844 | [SUMMARY] [Sent: 60398525 bytes] [Read: 60398525 bytes (90.001% of 67108864 raw bytes)] [Duration: 35.82553005218506 seconds] [Bitrate: 13487258.926697431 bit/s]
2018-06-30 02:30:18,154 | server           | INFO     | PID=19844 | Resources closed, now exiting

 Performance counter stats for 'CPU(s) 1-2':

      98593.357904      task-clock (msec)         #    2.000 CPUs utilized            (100.00%)
             1,696      context-switches          #    0.017 K/sec                    (100.00%)
                 1      cpu-migrations            #    0.000 K/sec                    (100.00%)
            30,871      page-faults               #    0.313 K/sec                  
    84,029,212,555      cycles                    #    0.852 GHz                      (100.00%)
   <not supported>      stalled-cycles-frontend  
   <not supported>      stalled-cycles-backend   
   233,709,599,585      instructions              #    2.78  insns per cycle          (100.00%)
    47,540,280,523      branches                  #  482.185 M/sec                    (100.00%)
        16,461,158      branch-misses             #    0.03% of all branches        

      49.298605815 seconds time elapsed