LC_NUMERIC=en_US.UTF8 perf stat -B -C 1-2 taskset -c 2 /tmp/eucycles/pyben-nio/src/run --server start --bind 10.10.1.2 --size 67108864 --port 8881 --filename /tmp/eucycles/data_file --bufsize 50mb --method "match; func=lambda v: int(chr(v)) < 9; sztype=BEFORE"

2018-06-30 03:04:38,699 | server           | INFO     | PID=22111 | [bufsize: 52428800 bytes] [zerocopy: False]
2018-06-30 03:04:38,714 | methods.match    | INFO     | PID=22111 | [method: methods.match]
2018-06-30 03:04:38,714 | methods.match    | INFO     | PID=22111 | [method parameters: {'func': 'lambda v: int(chr(v)) < 9', 'mpws': '50MB', 'sztype': 'BEFORE'}]
2018-06-30 03:04:38,735 | methods.match    | INFO     | PID=22111 | Start 1 process to handle data filtering
2018-06-30 03:04:38,735 | server           | INFO     | PID=22111 | Ready to send 67108864 bytes using data file size of 1073741824 bytes
2018-06-30 03:04:38,735 | server           | INFO     | PID=22111 | Listening socket bound to port 8881
2018-06-30 03:04:51,965 | server           | INFO     | PID=22111 | Accepted incoming connection ('10.10.1.1', 56140) from client. Sending data ...
2018-06-30 03:05:28,288 | server           | INFO     | PID=22111 | [SUMMARY] [Sent: 60398525 bytes] [Read: 60398525 bytes (90.001% of 67108864 raw bytes)] [Duration: 36.32235407829285 seconds] [Bitrate: 13302777.64922636 bit/s]
2018-06-30 03:05:28,288 | server           | INFO     | PID=22111 | Resources closed, now exiting

 Performance counter stats for 'CPU(s) 1-2':

      99442.843121      task-clock (msec)         #    2.000 CPUs utilized            (100.00%)
             1,662      context-switches          #    0.017 K/sec                    (100.00%)
                 1      cpu-migrations            #    0.000 K/sec                    (100.00%)
            30,865      page-faults               #    0.310 K/sec                  
    85,434,859,356      cycles                    #    0.859 GHz                      (100.00%)
   <not supported>      stalled-cycles-frontend  
   <not supported>      stalled-cycles-backend   
   236,257,573,214      instructions              #    2.77  insns per cycle          (100.00%)
    48,412,292,431      branches                  #  486.835 M/sec                    (100.00%)
        16,443,096      branch-misses             #    0.03% of all branches        

      49.723359153 seconds time elapsed