LC_NUMERIC=en_US.UTF8 perf stat -B -C 1-2 taskset -c 2 /tmp/eucycles/pyben-nio/src/run --server start --bind 10.10.1.3 --size 134217728 --port 8881 --filename /tmp/eucycles/data_file --bufsize 50mb --method "match; func=lambda v: int(chr(v)) < 9; sztype=BEFORE"

2018-06-30 02:40:40,259 | server           | INFO     | PID=10016 | [bufsize: 52428800 bytes] [zerocopy: False]
2018-06-30 02:40:40,274 | methods.match    | INFO     | PID=10016 | [method: methods.match]
2018-06-30 02:40:40,274 | methods.match    | INFO     | PID=10016 | [method parameters: {'mpws': '50MB', 'func': 'lambda v: int(chr(v)) < 9', 'sztype': 'BEFORE'}]
2018-06-30 02:40:40,294 | methods.match    | INFO     | PID=10016 | Start 1 process to handle data filtering
2018-06-30 02:40:40,295 | server           | INFO     | PID=10016 | Ready to send 134217728 bytes using data file size of 1073741824 bytes
2018-06-30 02:40:40,295 | server           | INFO     | PID=10016 | Listening socket bound to port 8881
2018-06-30 02:40:47,247 | server           | INFO     | PID=10016 | Accepted incoming connection ('10.10.1.1', 41550) from client. Sending data ...
2018-06-30 02:41:53,764 | server           | INFO     | PID=10016 | [SUMMARY] [Sent: 120788090 bytes] [Read: 120788090 bytes (89.994% of 134217728 raw bytes)] [Duration: 66.51673197746277 seconds] [Bitrate: 14527242.864658533 bit/s]
2018-06-30 02:41:53,764 | server           | INFO     | PID=10016 | Resources closed, now exiting

 Performance counter stats for 'CPU(s) 1-2':

     147264.792843      task-clock (msec)         #    2.000 CPUs utilized            (100.00%)
             2,861      context-switches          #    0.019 K/sec                    (100.00%)
                 1      cpu-migrations            #    0.000 K/sec                    (100.00%)
            45,612      page-faults               #    0.310 K/sec                  
   166,854,115,705      cycles                    #    1.133 GHz                      (100.00%)
   <not supported>      stalled-cycles-frontend  
   <not supported>      stalled-cycles-backend   
   465,561,459,736      instructions              #    2.79  insns per cycle          (100.00%)
    94,727,656,011      branches                  #  643.247 M/sec                    (100.00%)
        30,277,065      branch-misses             #    0.03% of all branches        

      73.640342227 seconds time elapsed