LC_NUMERIC=en_US.UTF8 perf stat -B -C 1-2 taskset -c 2 /tmp/eucycles/pyben-nio/src/run --server start --bind 10.10.1.5 --size 134217728 --port 8881 --filename /tmp/eucycles/data_file --bufsize 50mb --method "match; func=lambda v: int(chr(v)) < 2; sztype=BEFORE"

2018-06-29 20:28:27,851 | server           | INFO     | PID=17797 | [bufsize: 52428800 bytes] [zerocopy: False]
2018-06-29 20:28:27,864 | methods.match    | INFO     | PID=17797 | [method: methods.match]
2018-06-29 20:28:27,865 | methods.match    | INFO     | PID=17797 | [method parameters: {'func': 'lambda v: int(chr(v)) < 2', 'mpws': '50MB', 'sztype': 'BEFORE'}]
2018-06-29 20:28:27,885 | methods.match    | INFO     | PID=17797 | Start 1 process to handle data filtering
2018-06-29 20:28:27,885 | server           | INFO     | PID=17797 | Ready to send 134217728 bytes using data file size of 1073741824 bytes
2018-06-29 20:28:27,885 | server           | INFO     | PID=17797 | Listening socket bound to port 8881
2018-06-29 20:28:32,451 | server           | INFO     | PID=17797 | Accepted incoming connection ('10.10.1.1', 56023) from client. Sending data ...
2018-06-29 20:29:27,205 | server           | INFO     | PID=17797 | [SUMMARY] [Sent: 26841823 bytes] [Read: 26841823 bytes (19.999% of 134217728 raw bytes)] [Duration: 54.75363278388977 seconds] [Bitrate: 3921832.6361567304 bit/s]
2018-06-29 20:29:27,205 | server           | INFO     | PID=17797 | Resources closed, now exiting

 Performance counter stats for 'CPU(s) 1-2':

     118897.342053      task-clock (msec)         #    2.000 CPUs utilized            (100.00%)
             2,470      context-switches          #    0.021 K/sec                    (100.00%)
                 1      cpu-migrations            #    0.000 K/sec                    (100.00%)
            21,125      page-faults               #    0.178 K/sec                  
   153,316,569,845      cycles                    #    1.289 GHz                      (100.00%)
   <not supported>      stalled-cycles-frontend  
   <not supported>      stalled-cycles-backend   
   398,973,030,365      instructions              #    2.60  insns per cycle          (100.00%)
    81,714,195,145      branches                  #  687.267 M/sec                    (100.00%)
        43,302,808      branch-misses             #    0.05% of all branches        

      59.447229753 seconds time elapsed