LC_NUMERIC=en_US.UTF8 perf stat -B -C 1-2 taskset -c 2 /tmp/eucycles/pyben-nio/src/run --server start --bind 10.10.1.8 --size 67108864 --port 8881 --filename /tmp/eucycles/data_file --bufsize 50mb --method "match; func=lambda v: int(chr(v)) < 3; sztype=BEFORE"

2018-06-29 21:48:30,406 | server           | INFO     | PID=18280 | [bufsize: 52428800 bytes] [zerocopy: False]
2018-06-29 21:48:30,420 | methods.match    | INFO     | PID=18280 | [method: methods.match]
2018-06-29 21:48:30,420 | methods.match    | INFO     | PID=18280 | [method parameters: {'mpws': '50MB', 'sztype': 'BEFORE', 'func': 'lambda v: int(chr(v)) < 3'}]
2018-06-29 21:48:30,441 | methods.match    | INFO     | PID=18280 | Start 1 process to handle data filtering
2018-06-29 21:48:30,441 | server           | INFO     | PID=18280 | Ready to send 67108864 bytes using data file size of 1073741824 bytes
2018-06-29 21:48:30,441 | server           | INFO     | PID=18280 | Listening socket bound to port 8881
2018-06-29 21:48:36,344 | server           | INFO     | PID=18280 | Accepted incoming connection ('10.10.1.1', 60255) from client. Sending data ...
2018-06-29 21:49:04,847 | server           | INFO     | PID=18280 | [SUMMARY] [Sent: 20138580 bytes] [Read: 20138580 bytes (30.009% of 67108864 raw bytes)] [Duration: 28.50224995613098 seconds] [Bitrate: 5652488.496450951 bit/s]
2018-06-29 21:49:04,847 | server           | INFO     | PID=18280 | Resources closed, now exiting

 Performance counter stats for 'CPU(s) 1-2':

      69157.907399      task-clock (msec)         #    2.000 CPUs utilized            (100.00%)
             1,569      context-switches          #    0.023 K/sec                    (100.00%)
                 1      cpu-migrations            #    0.000 K/sec                    (100.00%)
            20,958      page-faults               #    0.303 K/sec                  
    75,781,114,843      cycles                    #    1.096 GHz                      (100.00%)
   <not supported>      stalled-cycles-frontend  
   <not supported>      stalled-cycles-backend   
   202,898,927,322      instructions              #    2.68  insns per cycle          (100.00%)
    41,614,411,966      branches                  #  601.730 M/sec                    (100.00%)
        29,805,554      branch-misses             #    0.07% of all branches        

      34.577427468 seconds time elapsed