LC_NUMERIC=en_US.UTF8 perf stat -B -C 1-2 taskset -c 2 /tmp/eucycles/pyben-nio/src/run --server start --bind 10.10.1.5 --size 89478485 --port 8881 --filename /tmp/eucycles/data_file --bufsize 50mb --method "match; func=lambda v: int(chr(v)) < 9; sztype=BEFORE"

2018-06-30 02:44:10,226 | server           | INFO     | PID=3793 | [bufsize: 52428800 bytes] [zerocopy: False]
2018-06-30 02:44:10,240 | methods.match    | INFO     | PID=3793 | [method: methods.match]
2018-06-30 02:44:10,240 | methods.match    | INFO     | PID=3793 | [method parameters: {'sztype': 'BEFORE', 'func': 'lambda v: int(chr(v)) < 9', 'mpws': '50MB'}]
2018-06-30 02:44:10,260 | methods.match    | INFO     | PID=3793 | Start 1 process to handle data filtering
2018-06-30 02:44:10,260 | server           | INFO     | PID=3793 | Ready to send 89478485 bytes using data file size of 1073741824 bytes
2018-06-30 02:44:10,260 | server           | INFO     | PID=3793 | Listening socket bound to port 8881
2018-06-30 02:44:17,303 | server           | INFO     | PID=3793 | Accepted incoming connection ('10.10.1.1', 32772) from client. Sending data ...
2018-06-30 02:45:05,098 | server           | INFO     | PID=3793 | [SUMMARY] [Sent: 80525881 bytes] [Read: 80525881 bytes (89.995% of 89478485 raw bytes)] [Duration: 47.79540705680847 seconds] [Bitrate: 13478429.99295541 bit/s]
2018-06-30 02:45:05,098 | server           | INFO     | PID=3793 | Resources closed, now exiting

 Performance counter stats for 'CPU(s) 1-2':

     110017.064038      task-clock (msec)         #    2.000 CPUs utilized            (100.00%)
             2,064      context-switches          #    0.019 K/sec                    (100.00%)
                 1      cpu-migrations            #    0.000 K/sec                    (100.00%)
            35,788      page-faults               #    0.325 K/sec                  
   118,537,676,473      cycles                    #    1.077 GHz                      (100.00%)
   <not supported>      stalled-cycles-frontend  
   <not supported>      stalled-cycles-backend   
   320,258,503,583      instructions              #    2.70  insns per cycle          (100.00%)
    65,574,321,122      branches                  #  596.038 M/sec                    (100.00%)
        21,027,839      branch-misses             #    0.03% of all branches        

      55.007190018 seconds time elapsed