LC_NUMERIC=en_US.UTF8 perf stat -B -C 1-2 taskset -c 2 /tmp/eucycles/pyben-nio/src/run --server start --bind 10.10.1.2 --size 268435456 --port 8881 --filename /tmp/eucycles/data_file --bufsize 50mb --method "match; func=lambda v: int(chr(v)) < 5; sztype=BEFORE"

2018-06-29 23:29:00,549 | server           | INFO     | PID=7604 | [bufsize: 52428800 bytes] [zerocopy: False]
2018-06-29 23:29:00,563 | methods.match    | INFO     | PID=7604 | [method: methods.match]
2018-06-29 23:29:00,563 | methods.match    | INFO     | PID=7604 | [method parameters: {'sztype': 'BEFORE', 'func': 'lambda v: int(chr(v)) < 5', 'mpws': '50MB'}]
2018-06-29 23:29:00,584 | methods.match    | INFO     | PID=7604 | Start 1 process to handle data filtering
2018-06-29 23:29:00,584 | server           | INFO     | PID=7604 | Ready to send 268435456 bytes using data file size of 1073741824 bytes
2018-06-29 23:29:00,584 | server           | INFO     | PID=7604 | Listening socket bound to port 8881
2018-06-29 23:29:06,165 | server           | INFO     | PID=7604 | Accepted incoming connection ('10.10.1.1', 46177) from client. Sending data ...
2018-06-29 23:31:06,462 | server           | INFO     | PID=7604 | [SUMMARY] [Sent: 134218942 bytes] [Read: 134218942 bytes (50.000% of 268435456 raw bytes)] [Duration: 120.29673290252686 seconds] [Bitrate: 8925857.83580699 bit/s]
2018-06-29 23:31:06,462 | server           | INFO     | PID=7604 | Resources closed, now exiting

 Performance counter stats for 'CPU(s) 1-2':

     252085.441926      task-clock (msec)         #    2.000 CPUs utilized            (100.00%)
             4,988      context-switches          #    0.020 K/sec                    (100.00%)
                 1      cpu-migrations            #    0.000 K/sec                    (100.00%)
            28,833      page-faults               #    0.114 K/sec                  
   306,672,687,897      cycles                    #    1.217 GHz                      (100.00%)
   <not supported>      stalled-cycles-frontend  
   <not supported>      stalled-cycles-backend   
   851,797,621,947      instructions              #    2.78  insns per cycle          (100.00%)
   174,692,654,107      branches                  #  692.990 M/sec                    (100.00%)
       165,015,501      branch-misses             #    0.09% of all branches        

     126.047916919 seconds time elapsed