LC_NUMERIC=en_US.UTF8 perf stat -B -C 1-2 taskset -c 2 /tmp/eucycles/pyben-nio/src/run --server start --bind 10.10.1.5 --size 89478485 --port 8881 --filename /tmp/eucycles/data_file --bufsize 50mb --method "match; func=lambda v: int(chr(v)) < 0; sztype=BEFORE"

2018-06-29 19:16:38,676 | server           | INFO     | PID=14026 | [bufsize: 52428800 bytes] [zerocopy: False]
2018-06-29 19:16:38,690 | methods.match    | INFO     | PID=14026 | [method: methods.match]
2018-06-29 19:16:38,690 | methods.match    | INFO     | PID=14026 | [method parameters: {'sztype': 'BEFORE', 'func': 'lambda v: int(chr(v)) < 0', 'mpws': '50MB'}]
2018-06-29 19:16:38,711 | methods.match    | INFO     | PID=14026 | Start 1 process to handle data filtering
2018-06-29 19:16:38,711 | server           | INFO     | PID=14026 | Ready to send 89478485 bytes using data file size of 1073741824 bytes
2018-06-29 19:16:38,711 | server           | INFO     | PID=14026 | Listening socket bound to port 8881
2018-06-29 19:16:45,748 | server           | INFO     | PID=14026 | Accepted incoming connection ('10.10.1.1', 55653) from client. Sending data ...
2018-06-29 19:17:22,473 | server           | INFO     | PID=14026 | [SUMMARY] [Sent: 0 bytes] [Read: 0 bytes (0.000% of 89478485 raw bytes)] [Duration: 36.72482919692993 seconds] [Bitrate: 0.0 bit/s]
2018-06-29 19:17:22,473 | server           | INFO     | PID=14026 | Resources closed, now exiting

 Performance counter stats for 'CPU(s) 1-2':

      87866.431679      task-clock (msec)         #    2.000 CPUs utilized            (100.00%)
             1,884      context-switches          #    0.021 K/sec                    (100.00%)
                 1      cpu-migrations            #    0.000 K/sec                    (100.00%)
            16,041      page-faults               #    0.183 K/sec                  
    99,377,103,972      cycles                    #    1.131 GHz                      (100.00%)
   <not supported>      stalled-cycles-frontend  
   <not supported>      stalled-cycles-backend   
   251,147,873,871      instructions              #    2.53  insns per cycle          (100.00%)
    51,816,003,300      branches                  #  589.713 M/sec                    (100.00%)
        11,837,975      branch-misses             #    0.02% of all branches        

      43.932108489 seconds time elapsed