LC_NUMERIC=en_US.UTF8 perf stat -B -C 1-2 taskset -c 2 /tmp/eucycles/pyben-nio/src/run --server start --bind 10.10.1.3 --size 89478486 --port 8881 --filename /tmp/eucycles/data_file --bufsize 50mb --method "match; func=lambda v: int(chr(v)) < 2; sztype=BEFORE"

2018-06-29 20:59:53,739 | server           | INFO     | PID=21097 | [bufsize: 52428800 bytes] [zerocopy: False]
2018-06-29 20:59:53,754 | methods.match    | INFO     | PID=21097 | [method: methods.match]
2018-06-29 20:59:53,754 | methods.match    | INFO     | PID=21097 | [method parameters: {'sztype': 'BEFORE', 'func': 'lambda v: int(chr(v)) < 2', 'mpws': '50MB'}]
2018-06-29 20:59:53,774 | methods.match    | INFO     | PID=21097 | Start 1 process to handle data filtering
2018-06-29 20:59:53,775 | server           | INFO     | PID=21097 | Ready to send 89478486 bytes using data file size of 1073741824 bytes
2018-06-29 20:59:53,775 | server           | INFO     | PID=21097 | Listening socket bound to port 8881
2018-06-29 21:00:03,333 | server           | INFO     | PID=21097 | Accepted incoming connection ('10.10.1.1', 40312) from client. Sending data ...
2018-06-29 21:00:39,653 | server           | INFO     | PID=21097 | [SUMMARY] [Sent: 17892905 bytes] [Read: 17892905 bytes (19.997% of 89478486 raw bytes)] [Duration: 36.31967902183533 seconds] [Bitrate: 3941203.3326049643 bit/s]
2018-06-29 21:00:39,653 | server           | INFO     | PID=21097 | Resources closed, now exiting

 Performance counter stats for 'CPU(s) 1-2':

      92089.888473      task-clock (msec)         #    2.000 CPUs utilized            (100.00%)
             1,951      context-switches          #    0.021 K/sec                    (100.00%)
                 1      cpu-migrations            #    0.000 K/sec                    (100.00%)
            20,413      page-faults               #    0.222 K/sec                  
    93,134,958,148      cycles                    #    1.011 GHz                      (100.00%)
   <not supported>      stalled-cycles-frontend  
   <not supported>      stalled-cycles-backend   
   261,894,787,895      instructions              #    2.81  insns per cycle          (100.00%)
    53,696,467,566      branches                  #  583.088 M/sec                    (100.00%)
        29,783,245      branch-misses             #    0.06% of all branches        

      46.049848674 seconds time elapsed