LC_NUMERIC=en_US.UTF8 perf stat -B -C 1-2 taskset -c 2 /tmp/eucycles/pyben-nio/src/run --server start --bind 10.10.1.6 --size 76695844 --port 8881 --filename /tmp/eucycles/data_file --bufsize 50mb --method "match; func=lambda v: int(chr(v)) < 4; sztype=BEFORE"

2018-06-29 22:33:57,050 | server           | INFO     | PID=22630 | [bufsize: 52428800 bytes] [zerocopy: False]
2018-06-29 22:33:57,064 | methods.match    | INFO     | PID=22630 | [method: methods.match]
2018-06-29 22:33:57,065 | methods.match    | INFO     | PID=22630 | [method parameters: {'func': 'lambda v: int(chr(v)) < 4', 'sztype': 'BEFORE', 'mpws': '50MB'}]
2018-06-29 22:33:57,085 | methods.match    | INFO     | PID=22630 | Start 1 process to handle data filtering
2018-06-29 22:33:57,085 | server           | INFO     | PID=22630 | Ready to send 76695844 bytes using data file size of 1073741824 bytes
2018-06-29 22:33:57,085 | server           | INFO     | PID=22630 | Listening socket bound to port 8881
2018-06-29 22:34:04,170 | server           | INFO     | PID=22630 | Accepted incoming connection ('10.10.1.1', 53211) from client. Sending data ...
2018-06-29 22:34:38,311 | server           | INFO     | PID=22630 | [SUMMARY] [Sent: 30675104 bytes] [Read: 30675104 bytes (39.996% of 76695844 raw bytes)] [Duration: 34.14081597328186 seconds] [Bitrate: 7187901.782782443 bit/s]
2018-06-29 22:34:38,311 | server           | INFO     | PID=22630 | Resources closed, now exiting

 Performance counter stats for 'CPU(s) 1-2':

      82791.655916      task-clock (msec)         #    2.000 CPUs utilized            (100.00%)
             1,790      context-switches          #    0.022 K/sec                    (100.00%)
                 1      cpu-migrations            #    0.000 K/sec                    (100.00%)
            23,519      page-faults               #    0.284 K/sec                  
    98,769,093,432      cycles                    #    1.193 GHz                      (100.00%)
   <not supported>      stalled-cycles-frontend  
   <not supported>      stalled-cycles-backend   
   241,897,053,750      instructions              #    2.45  insns per cycle          (100.00%)
    49,847,393,611      branches                  #  602.082 M/sec                    (100.00%)
        42,385,375      branch-misses             #    0.09% of all branches        

      41.395052534 seconds time elapsed