LC_NUMERIC=en_US.UTF8 perf stat -B -C 1-2 taskset -c 2 /tmp/eucycles/pyben-nio/src/run --server start --bind 10.10.1.4 --size 89478485 --port 8881 --filename /tmp/eucycles/data_file --bufsize 50mb --method "match; func=lambda v: int(chr(v)) < 7; sztype=BEFORE"

2018-06-30 00:43:20,135 | server           | INFO     | PID=652 | [bufsize: 52428800 bytes] [zerocopy: False]
2018-06-30 00:43:20,149 | methods.match    | INFO     | PID=652 | [method: methods.match]
2018-06-30 00:43:20,149 | methods.match    | INFO     | PID=652 | [method parameters: {'sztype': 'BEFORE', 'func': 'lambda v: int(chr(v)) < 7', 'mpws': '50MB'}]
2018-06-30 00:43:20,170 | methods.match    | INFO     | PID=652 | Start 1 process to handle data filtering
2018-06-30 00:43:20,170 | server           | INFO     | PID=652 | Ready to send 89478485 bytes using data file size of 1073741824 bytes
2018-06-30 00:43:20,170 | server           | INFO     | PID=652 | Listening socket bound to port 8881
2018-06-30 00:43:28,431 | server           | INFO     | PID=652 | Accepted incoming connection ('10.10.1.1', 57016) from client. Sending data ...
2018-06-30 00:44:11,459 | server           | INFO     | PID=652 | [SUMMARY] [Sent: 62626449 bytes] [Read: 62626449 bytes (69.991% of 89478485 raw bytes)] [Duration: 43.02836489677429 seconds] [Bitrate: 11643751.585772188 bit/s]
2018-06-30 00:44:11,459 | server           | INFO     | PID=652 | Resources closed, now exiting

 Performance counter stats for 'CPU(s) 1-2':

     102920.061973      task-clock (msec)         #    2.000 CPUs utilized            (100.00%)
             2,046      context-switches          #    0.020 K/sec                    (100.00%)
                 1      cpu-migrations            #    0.000 K/sec                    (100.00%)
            31,407      page-faults               #    0.305 K/sec                  
   106,660,865,928      cycles                    #    1.036 GHz                      (100.00%)
   <not supported>      stalled-cycles-frontend  
   <not supported>      stalled-cycles-backend   
   298,141,345,695      instructions              #    2.80  insns per cycle          (100.00%)
    60,775,470,059      branches                  #  590.511 M/sec                    (100.00%)
        39,068,532      branch-misses             #    0.06% of all branches        

      51.461923138 seconds time elapsed