LC_NUMERIC=en_US.UTF8 perf stat -B -C 1-2 taskset -c 2 /tmp/eucycles/pyben-nio/src/run --server start --bind 10.10.1.3 --size 268435456 --port 8881 --filename /tmp/eucycles/data_file --bufsize 50mb --method "match; func=lambda v: int(chr(v)) < 0; sztype=BEFORE"

2018-06-29 18:53:49,978 | server           | INFO     | PID=13382 | [bufsize: 52428800 bytes] [zerocopy: False]
2018-06-29 18:53:49,991 | methods.match    | INFO     | PID=13382 | [method: methods.match]
2018-06-29 18:53:49,991 | methods.match    | INFO     | PID=13382 | [method parameters: {'sztype': 'BEFORE', 'func': 'lambda v: int(chr(v)) < 0', 'mpws': '50MB'}]
2018-06-29 18:53:50,011 | methods.match    | INFO     | PID=13382 | Start 1 process to handle data filtering
2018-06-29 18:53:50,011 | server           | INFO     | PID=13382 | Ready to send 268435456 bytes using data file size of 1073741824 bytes
2018-06-29 18:53:50,011 | server           | INFO     | PID=13382 | Listening socket bound to port 8881
2018-06-29 18:53:54,453 | server           | INFO     | PID=13382 | Accepted incoming connection ('10.10.1.1', 34766) from client. Sending data ...
2018-06-29 18:55:49,106 | server           | INFO     | PID=13382 | [SUMMARY] [Sent: 0 bytes] [Read: 0 bytes (0.000% of 268435456 raw bytes)] [Duration: 114.6530990600586 seconds] [Bitrate: 0.0 bit/s]
2018-06-29 18:55:49,107 | server           | INFO     | PID=13382 | Resources closed, now exiting

 Performance counter stats for 'CPU(s) 1-2':

     238385.281956      task-clock (msec)         #    2.000 CPUs utilized            (100.00%)
             3,331      context-switches          #    0.014 K/sec                    (100.00%)
                 1      cpu-migrations            #    0.000 K/sec                    (100.00%)
            15,993      page-faults               #    0.067 K/sec                  
   296,113,488,994      cycles                    #    1.242 GHz                      (100.00%)
   <not supported>      stalled-cycles-frontend  
   <not supported>      stalled-cycles-backend   
   732,352,118,388      instructions              #    2.47  insns per cycle          (100.00%)
   149,596,681,329      branches                  #  627.542 M/sec                    (100.00%)
        30,285,395      branch-misses             #    0.02% of all branches        

     119.205607888 seconds time elapsed