LC_NUMERIC=en_US.UTF8 perf stat -B -C 1-2 taskset -c 2 /tmp/eucycles/pyben-nio/src/run --server start --bind 10.10.1.4 --size 107374182 --port 8881 --filename /tmp/eucycles/data_file --bufsize 50mb --method "match; func=lambda v: int(chr(v)) < 6; sztype=BEFORE"

2018-06-29 23:51:36,860 | server           | INFO     | PID=30161 | [bufsize: 52428800 bytes] [zerocopy: False]
2018-06-29 23:51:36,874 | methods.match    | INFO     | PID=30161 | [method: methods.match]
2018-06-29 23:51:36,875 | methods.match    | INFO     | PID=30161 | [method parameters: {'func': 'lambda v: int(chr(v)) < 6', 'sztype': 'BEFORE', 'mpws': '50MB'}]
2018-06-29 23:51:36,895 | methods.match    | INFO     | PID=30161 | Start 1 process to handle data filtering
2018-06-29 23:51:36,895 | server           | INFO     | PID=30161 | Ready to send 107374182 bytes using data file size of 1073741824 bytes
2018-06-29 23:51:36,895 | server           | INFO     | PID=30161 | Listening socket bound to port 8881
2018-06-29 23:51:43,967 | server           | INFO     | PID=30161 | Accepted incoming connection ('10.10.1.1', 45547) from client. Sending data ...
2018-06-29 23:52:34,365 | server           | INFO     | PID=30161 | [SUMMARY] [Sent: 64418239 bytes] [Read: 64418239 bytes (59.994% of 107374182 raw bytes)] [Duration: 50.397696018218994 seconds] [Bitrate: 10225584.75319388 bit/s]
2018-06-29 23:52:34,365 | server           | INFO     | PID=30161 | Resources closed, now exiting

 Performance counter stats for 'CPU(s) 1-2':

     115280.995346      task-clock (msec)         #    2.000 CPUs utilized            (100.00%)
             2,350      context-switches          #    0.020 K/sec                    (100.00%)
                 1      cpu-migrations            #    0.000 K/sec                    (100.00%)
            31,856      page-faults               #    0.276 K/sec                  
   126,103,044,646      cycles                    #    1.094 GHz                      (100.00%)
   <not supported>      stalled-cycles-frontend  
   <not supported>      stalled-cycles-backend   
   350,826,191,743      instructions              #    2.78  insns per cycle          (100.00%)
    71,796,158,350      branches                  #  622.793 M/sec                    (100.00%)
        58,428,408      branch-misses             #    0.08% of all branches        

      57.642637328 seconds time elapsed