LC_NUMERIC=en_US.UTF8 perf stat -B -C 1-2 taskset -c 2 /tmp/eucycles/pyben-nio/src/run --server start --bind 10.10.1.9 --size 67108864 --port 8881 --filename /tmp/eucycles/data_file --bufsize 50mb --method "match; func=lambda v: int(chr(v)) < 7; sztype=BEFORE"

2018-06-30 01:03:14,416 | server           | INFO     | PID=22491 | [bufsize: 52428800 bytes] [zerocopy: False]
2018-06-30 01:03:14,430 | methods.match    | INFO     | PID=22491 | [method: methods.match]
2018-06-30 01:03:14,430 | methods.match    | INFO     | PID=22491 | [method parameters: {'sztype': 'BEFORE', 'func': 'lambda v: int(chr(v)) < 7', 'mpws': '50MB'}]
2018-06-30 01:03:14,451 | methods.match    | INFO     | PID=22491 | Start 1 process to handle data filtering
2018-06-30 01:03:14,451 | server           | INFO     | PID=22491 | Ready to send 67108864 bytes using data file size of 1073741824 bytes
2018-06-30 01:03:14,451 | server           | INFO     | PID=22491 | Listening socket bound to port 8881
2018-06-30 01:03:19,164 | server           | INFO     | PID=22491 | Accepted incoming connection ('10.10.1.1', 40055) from client. Sending data ...
2018-06-30 01:03:53,559 | server           | INFO     | PID=22491 | [SUMMARY] [Sent: 46974726 bytes] [Read: 46974726 bytes (69.998% of 67108864 raw bytes)] [Duration: 34.394567012786865 seconds] [Bitrate: 10926080.501617877 bit/s]
2018-06-30 01:03:53,559 | server           | INFO     | PID=22491 | Resources closed, now exiting

 Performance counter stats for 'CPU(s) 1-2':

      78478.177992      task-clock (msec)         #    2.000 CPUs utilized            (100.00%)
             1,403      context-switches          #    0.018 K/sec                    (100.00%)
                 1      cpu-migrations            #    0.000 K/sec                    (100.00%)
            27,562      page-faults               #    0.351 K/sec                  
    88,451,080,531      cycles                    #    1.127 GHz                      (100.00%)
   <not supported>      stalled-cycles-frontend  
   <not supported>      stalled-cycles-backend   
   235,441,746,620      instructions              #    2.66  insns per cycle          (100.00%)
    48,336,153,238      branches                  #  615.918 M/sec                    (100.00%)
        29,879,401      branch-misses             #    0.06% of all branches        

      39.237643379 seconds time elapsed