LC_NUMERIC=en_US.UTF8 perf stat -B -C 1-2 taskset -c 2 /tmp/eucycles/pyben-nio/src/run --server start --bind 10.10.1.2 --size 178956971 --port 8881 --filename /tmp/eucycles/data_file --bufsize 50mb --method "match; func=lambda v: int(chr(v)) < 5; sztype=BEFORE"

2018-06-29 23:31:31,177 | server           | INFO     | PID=7752 | [bufsize: 52428800 bytes] [zerocopy: False]
2018-06-29 23:31:31,192 | methods.match    | INFO     | PID=7752 | [method: methods.match]
2018-06-29 23:31:31,192 | methods.match    | INFO     | PID=7752 | [method parameters: {'func': 'lambda v: int(chr(v)) < 5', 'sztype': 'BEFORE', 'mpws': '50MB'}]
2018-06-29 23:31:31,213 | methods.match    | INFO     | PID=7752 | Start 1 process to handle data filtering
2018-06-29 23:31:31,213 | server           | INFO     | PID=7752 | Ready to send 178956971 bytes using data file size of 1073741824 bytes
2018-06-29 23:31:31,213 | server           | INFO     | PID=7752 | Listening socket bound to port 8881
2018-06-29 23:31:38,064 | server           | INFO     | PID=7752 | Accepted incoming connection ('10.10.1.1', 53864) from client. Sending data ...
2018-06-29 23:32:59,554 | server           | INFO     | PID=7752 | [SUMMARY] [Sent: 89479697 bytes] [Read: 89479697 bytes (50.001% of 178956971 raw bytes)] [Duration: 81.48989701271057 seconds] [Bitrate: 8784372.078520918 bit/s]
2018-06-29 23:32:59,554 | server           | INFO     | PID=7752 | Resources closed, now exiting

 Performance counter stats for 'CPU(s) 1-2':

     177018.333202      task-clock (msec)         #    2.000 CPUs utilized            (100.00%)
             3,502      context-switches          #    0.020 K/sec                    (100.00%)
                 1      cpu-migrations            #    0.000 K/sec                    (100.00%)
            28,834      page-faults               #    0.163 K/sec                  
   206,861,575,135      cycles                    #    1.169 GHz                      (100.00%)
   <not supported>      stalled-cycles-frontend  
   <not supported>      stalled-cycles-backend   
   576,585,162,479      instructions              #    2.79  insns per cycle          (100.00%)
   118,100,275,095      branches                  #  667.164 M/sec                    (100.00%)
       110,887,765      branch-misses             #    0.09% of all branches        

      88.512766374 seconds time elapsed