LC_NUMERIC=en_US.UTF8 perf stat -B -C 1-2 taskset -c 2 /tmp/eucycles/pyben-nio/src/run --server start --bind 10.10.1.6 --size 89478485 --port 8881 --filename /tmp/eucycles/data_file --bufsize 50mb --method "match; func=lambda v: int(chr(v)) < 7; sztype=BEFORE"

2018-06-30 00:43:20,150 | server           | INFO     | PID=28262 | [bufsize: 52428800 bytes] [zerocopy: False]
2018-06-30 00:43:20,164 | methods.match    | INFO     | PID=28262 | [method: methods.match]
2018-06-30 00:43:20,164 | methods.match    | INFO     | PID=28262 | [method parameters: {'mpws': '50MB', 'func': 'lambda v: int(chr(v)) < 7', 'sztype': 'BEFORE'}]
2018-06-30 00:43:20,185 | methods.match    | INFO     | PID=28262 | Start 1 process to handle data filtering
2018-06-30 00:43:20,185 | server           | INFO     | PID=28262 | Ready to send 89478485 bytes using data file size of 1073741824 bytes
2018-06-30 00:43:20,185 | server           | INFO     | PID=28262 | Listening socket bound to port 8881
2018-06-30 00:43:26,009 | server           | INFO     | PID=28262 | Accepted incoming connection ('10.10.1.1', 59760) from client. Sending data ...
2018-06-30 00:44:09,262 | server           | INFO     | PID=28262 | [SUMMARY] [Sent: 62628595 bytes] [Read: 62628595 bytes (69.993% of 89478485 raw bytes)] [Duration: 43.25233697891235 seconds] [Bitrate: 11583854.075775748 bit/s]
2018-06-30 00:44:09,262 | server           | INFO     | PID=28262 | Resources closed, now exiting

 Performance counter stats for 'CPU(s) 1-2':

      98494.624214      task-clock (msec)         #    2.000 CPUs utilized            (100.00%)
             2,070      context-switches          #    0.021 K/sec                    (100.00%)
                 1      cpu-migrations            #    0.000 K/sec                    (100.00%)
            31,404      page-faults               #    0.319 K/sec                  
   125,602,103,262      cycles                    #    1.275 GHz                      (100.00%)
   <not supported>      stalled-cycles-frontend  
   <not supported>      stalled-cycles-backend   
   301,555,230,361      instructions              #    2.40  insns per cycle          (100.00%)
    61,606,255,068      branches                  #  625.478 M/sec                    (100.00%)
        47,902,119      branch-misses             #    0.08% of all branches        

      49.246423892 seconds time elapsed