LC_NUMERIC=en_US.UTF8 perf stat -B -C 1-2 taskset -c 2 /tmp/eucycles/pyben-nio/src/run --server start --bind 10.10.1.2 --size 536870912 --port 8881 --filename /tmp/eucycles/data_file --bufsize 50mb --method "match; func=lambda v: int(chr(v)) < 0; sztype=BEFORE"

2018-06-29 18:49:26,848 | server           | INFO     | PID=20587 | [bufsize: 52428800 bytes] [zerocopy: False]
2018-06-29 18:49:26,860 | methods.match    | INFO     | PID=20587 | [method: methods.match]
2018-06-29 18:49:26,861 | methods.match    | INFO     | PID=20587 | [method parameters: {'mpws': '50MB', 'sztype': 'BEFORE', 'func': 'lambda v: int(chr(v)) < 0'}]
2018-06-29 18:49:26,881 | methods.match    | INFO     | PID=20587 | Start 1 process to handle data filtering
2018-06-29 18:49:26,881 | server           | INFO     | PID=20587 | Ready to send 536870912 bytes using data file size of 1073741824 bytes
2018-06-29 18:49:26,881 | server           | INFO     | PID=20587 | Listening socket bound to port 8881
2018-06-29 18:49:31,359 | server           | INFO     | PID=20587 | Accepted incoming connection ('10.10.1.1', 53289) from client. Sending data ...
2018-06-29 18:53:26,068 | server           | INFO     | PID=20587 | [SUMMARY] [Sent: 0 bytes] [Read: 0 bytes (0.000% of 536870912 raw bytes)] [Duration: 234.70890712738037 seconds] [Bitrate: 0.0 bit/s]
2018-06-29 18:53:26,068 | server           | INFO     | PID=20587 | Resources closed, now exiting

 Performance counter stats for 'CPU(s) 1-2':

     478574.489723      task-clock (msec)         #    2.000 CPUs utilized            (100.00%)
             7,710      context-switches          #    0.016 K/sec                    (100.00%)
                 1      cpu-migrations            #    0.000 K/sec                    (100.00%)
            15,993      page-faults               #    0.033 K/sec                  
   605,157,527,842      cycles                    #    1.265 GHz                      (100.00%)
   <not supported>      stalled-cycles-frontend  
   <not supported>      stalled-cycles-backend   
 1,467,113,710,864      instructions              #    2.42  insns per cycle          (100.00%)
   300,743,967,683      branches                  #  628.416 M/sec                    (100.00%)
        58,285,713      branch-misses             #    0.02% of all branches        

     239.297264285 seconds time elapsed