LC_NUMERIC=en_US.UTF8 perf stat -B -C 1-2 taskset -c 2 /tmp/eucycles/pyben-nio/src/run --client start --addresses 10.10.1.2 --size 512MB --port 8881 --bind 10.10.1.1 --bufsize 50mb --method "raw"

2018-06-30 00:47:34,674 | client           | INFO     | PID=22746 | [bufsize: 52428800 bytes]
2018-06-30 00:47:34,698 | client           | INFO     | PID=22747 | Connecting to server 10.10.1.2 on port 8881
2018-06-30 00:47:34,698 | client           | INFO     | PID=22747 | Connection established. Receiving data ...
2018-06-30 00:47:34,698 | methods.raw      | INFO     | PID=22747 | [method: methods.raw]
2018-06-30 00:47:34,698 | methods.raw      | INFO     | PID=22747 | [method parameters: {}]
2018-06-30 00:51:49,349 | client           | INFO     | PID=22747 | [Received: 375815518 bytes (375815518 raw bytes)] [Duration: 254.62976503372192 seconds] [Bitrate: 11807433.995793188 bit/s]
2018-06-30 00:51:49,349 | client           | INFO     | PID=22747 | Socket closed
2018-06-30 00:51:50,186 | client           | INFO     | PID=22746 | [SUMMARY] [Received: 375815518 bytes (100.000% of 375815518 raw bytes)] [Duration: 254.62976503372192 seconds] [Bitrate: 11807433.995793188 bit/s]

 Performance counter stats for 'CPU(s) 1-2':

     511147.406383      task-clock (msec)         #    2.000 CPUs utilized            (100.00%)
             6,188      context-switches          #    0.012 K/sec                    (100.00%)
                 1      cpu-migrations            #    0.000 K/sec                    (100.00%)
           816,908      page-faults               #    0.002 M/sec                  
    15,258,082,731      cycles                    #    0.030 GHz                      (100.00%)
   <not supported>      stalled-cycles-frontend  
   <not supported>      stalled-cycles-backend   
    32,085,422,759      instructions              #    2.10  insns per cycle          (100.00%)
     8,456,862,670      branches                  #   16.545 M/sec                    (100.00%)
        13,652,653      branch-misses             #    0.16% of all branches        

     255.586018557 seconds time elapsed