LC_NUMERIC=en_US.UTF8 perf stat -B -a taskset -c 2 /tmp/eucycles/pyben-nio/src/run --server start --bind 10.10.1.6 --size 134217728 --port 8881 --filename /tmp/eucycles/data_file --bufsize 50mb --method "match; func=lambda v: int(chr(v)) < 6; sztype=BEFORE"

2018-07-01 10:11:28,168 | server           | INFO     | PID=13180 | [bufsize: 52428800 bytes] [zerocopy: False]
2018-07-01 10:11:28,182 | methods.match    | INFO     | PID=13180 | [method: methods.match]
2018-07-01 10:11:28,183 | methods.match    | INFO     | PID=13180 | [method parameters: {'func': 'lambda v: int(chr(v)) < 6', 'sztype': 'BEFORE', 'mpws': '50MB'}]
2018-07-01 10:11:28,203 | methods.match    | INFO     | PID=13180 | Start 1 process to handle data filtering
2018-07-01 10:11:28,203 | server           | INFO     | PID=13180 | Ready to send 134217728 bytes using data file size of 1073741824 bytes
2018-07-01 10:11:28,203 | server           | INFO     | PID=13180 | Listening socket bound to port 8881
2018-07-01 10:11:36,617 | server           | INFO     | PID=13180 | Accepted incoming connection ('10.10.1.1', 57615) from client. Sending data ...
2018-07-01 10:12:39,800 | server           | INFO     | PID=13180 | [SUMMARY] [Sent: 80530239 bytes] [Read: 80530239 bytes (60.000% of 134217728 raw bytes)] [Duration: 63.18323111534119 seconds] [Bitrate: 10196406.556415806 bit/s]
2018-07-01 10:12:39,801 | server           | INFO     | PID=13180 | Resources closed, now exiting

 Performance counter stats for 'system wide':

     215304.919882      task-clock (msec)         #    3.000 CPUs utilized            (100.00%)
            15,885      context-switches          #    0.074 K/sec                    (100.00%)
                 1      cpu-migrations            #    0.000 K/sec                    (100.00%)
            37,217      page-faults               #    0.173 K/sec                  
   185,090,047,231      cycles                    #    0.860 GHz                      (100.00%)
   <not supported>      stalled-cycles-frontend  
   <not supported>      stalled-cycles-backend   
   443,510,800,897      instructions              #    2.40  insns per cycle          (100.00%)
    90,884,622,344      branches                  #  422.121 M/sec                    (100.00%)
        74,745,364      branch-misses             #    0.08% of all branches        

      71.767049402 seconds time elapsed