LC_NUMERIC=en_US.UTF8 perf stat -B -a taskset -c 2 /tmp/eucycles/pyben-nio/src/run --server start --bind 10.10.1.3 --size 268435456 --port 8881 --filename /tmp/eucycles/data_file --bufsize 50mb --method "match; func=lambda v: int(chr(v)) < 0; sztype=BEFORE"

2018-07-01 01:09:57,424 | server           | INFO     | PID=15525 | [bufsize: 52428800 bytes] [zerocopy: False]
2018-07-01 01:09:57,438 | methods.match    | INFO     | PID=15525 | [method: methods.match]
2018-07-01 01:09:57,438 | methods.match    | INFO     | PID=15525 | [method parameters: {'mpws': '50MB', 'func': 'lambda v: int(chr(v)) < 0', 'sztype': 'BEFORE'}]
2018-07-01 01:09:57,459 | methods.match    | INFO     | PID=15525 | Start 1 process to handle data filtering
2018-07-01 01:09:57,459 | server           | INFO     | PID=15525 | Ready to send 268435456 bytes using data file size of 1073741824 bytes
2018-07-01 01:09:57,459 | server           | INFO     | PID=15525 | Listening socket bound to port 8881
2018-07-01 01:10:04,407 | server           | INFO     | PID=15525 | Accepted incoming connection ('10.10.1.1', 56327) from client. Sending data ...
2018-07-01 01:12:00,646 | server           | INFO     | PID=15525 | [SUMMARY] [Sent: 0 bytes] [Read: 0 bytes (0.000% of 268435456 raw bytes)] [Duration: 116.23890709877014 seconds] [Bitrate: 0.0 bit/s]
2018-07-01 01:12:00,646 | server           | INFO     | PID=15525 | Resources closed, now exiting

 Performance counter stats for 'system wide':

     370033.767912      task-clock (msec)         #    3.000 CPUs utilized            (100.00%)
            26,483      context-switches          #    0.072 K/sec                    (100.00%)
                 1      cpu-migrations            #    0.000 K/sec                    (100.00%)
            23,661      page-faults               #    0.064 K/sec                  
   300,319,600,024      cycles                    #    0.812 GHz                      (100.00%)
   <not supported>      stalled-cycles-frontend  
   <not supported>      stalled-cycles-backend   
   741,530,396,447      instructions              #    2.47  insns per cycle          (100.00%)
   152,207,236,889      branches                  #  411.333 M/sec                    (100.00%)
        32,905,930      branch-misses             #    0.02% of all branches        

     123.357976237 seconds time elapsed