LC_NUMERIC=en_US.UTF8 perf stat -B -a taskset -c 2 /tmp/eucycles/pyben-nio/src/run --client start --addresses 10.10.1.2  10.10.1.3 --size 1GB --port 8881 --bind 10.10.1.1 --bufsize 50mb --method "raw"

2018-07-01 11:49:22,714 | client           | INFO     | PID=28242 | [bufsize: 52428800 bytes]
2018-07-01 11:49:22,740 | client           | INFO     | PID=28244 | Connecting to server 10.10.1.2 on port 8881
2018-07-01 11:49:22,741 | client           | INFO     | PID=28243 | Connecting to server 10.10.1.3 on port 8881
2018-07-01 11:49:22,741 | client           | INFO     | PID=28244 | Connection established. Receiving data ...
2018-07-01 11:49:22,741 | methods.raw      | INFO     | PID=28244 | [method: methods.raw]
2018-07-01 11:49:22,741 | methods.raw      | INFO     | PID=28244 | [method parameters: {}]
2018-07-01 11:49:22,747 | client           | INFO     | PID=28243 | Connection established. Receiving data ...
2018-07-01 11:49:22,747 | methods.raw      | INFO     | PID=28243 | [method: methods.raw]
2018-07-01 11:49:22,748 | methods.raw      | INFO     | PID=28243 | [method parameters: {}]
2018-07-01 11:53:39,048 | client           | INFO     | PID=28243 | [Received: 429498971 bytes (429498971 raw bytes)] [Duration: 256.2643520832062 seconds] [Bitrate: 13407997.406070633 bit/s]
2018-07-01 11:53:39,048 | client           | INFO     | PID=28243 | Socket closed
2018-07-01 11:53:42,210 | client           | INFO     | PID=28244 | [Received: 429499849 bytes (429499849 raw bytes)] [Duration: 259.43176198005676 seconds] [Bitrate: 13244325.851913748 bit/s]
2018-07-01 11:53:42,210 | client           | INFO     | PID=28244 | Socket closed
2018-07-01 11:53:42,832 | client           | INFO     | PID=28242 | [SUMMARY] [Received: 858998820 bytes (100.000% of 858998820 raw bytes)] [Duration: 259.43176198005676 seconds] [Bitrate: 26488624.629270602 bit/s]

 Performance counter stats for 'system wide':

     780540.358120      task-clock (msec)         #    3.000 CPUs utilized            (100.00%)
           539,131      context-switches          #    0.691 K/sec                    (100.00%)
                 1      cpu-migrations            #    0.000 K/sec                    (100.00%)
         1,176,383      page-faults               #    0.002 M/sec                  
    43,830,393,211      cycles                    #    0.056 GHz                      (100.00%)
   <not supported>      stalled-cycles-frontend  
   <not supported>      stalled-cycles-backend   
    85,937,034,164      instructions              #    1.96  insns per cycle          (100.00%)
    21,334,573,068      branches                  #   27.333 M/sec                    (100.00%)
        45,417,355      branch-misses             #    0.21% of all branches        

     260.192618809 seconds time elapsed