LC_NUMERIC=en_US.UTF8 perf stat -B -a taskset -c 2 /tmp/eucycles/pyben-nio/src/run --client start --addresses 10.10.1.2  10.10.1.3 --size 1GB --port 8881 --bind 10.10.1.1 --bufsize 50mb --method "raw"

2018-07-01 09:53:53,608 | client           | INFO     | PID=9585 | [bufsize: 52428800 bytes]
2018-07-01 09:53:53,634 | client           | INFO     | PID=9587 | Connecting to server 10.10.1.2 on port 8881
2018-07-01 09:53:53,635 | client           | INFO     | PID=9586 | Connecting to server 10.10.1.3 on port 8881
2018-07-01 09:53:53,635 | client           | INFO     | PID=9587 | Connection established. Receiving data ...
2018-07-01 09:53:53,635 | methods.raw      | INFO     | PID=9587 | [method: methods.raw]
2018-07-01 09:53:53,635 | methods.raw      | INFO     | PID=9587 | [method parameters: {}]
2018-07-01 09:53:53,639 | client           | INFO     | PID=9586 | Connection established. Receiving data ...
2018-07-01 09:53:53,639 | methods.raw      | INFO     | PID=9586 | [method: methods.raw]
2018-07-01 09:53:53,640 | methods.raw      | INFO     | PID=9586 | [method parameters: {}]
2018-07-01 09:58:01,068 | client           | INFO     | PID=9587 | [Received: 322127767 bytes (322127767 raw bytes)] [Duration: 247.39114594459534 seconds] [Bitrate: 10416792.105313012 bit/s]
2018-07-01 09:58:01,068 | client           | INFO     | PID=9587 | Socket closed
2018-07-01 09:58:01,654 | client           | INFO     | PID=9586 | [Received: 322121174 bytes (322121174 raw bytes)] [Duration: 247.97708201408386 seconds] [Bitrate: 10391965.947295247 bit/s]
2018-07-01 09:58:01,654 | client           | INFO     | PID=9586 | Socket closed
2018-07-01 09:58:02,355 | client           | INFO     | PID=9585 | [SUMMARY] [Received: 644248941 bytes (100.000% of 644248941 raw bytes)] [Duration: 247.97708201408386 seconds] [Bitrate: 20784144.591665447 bit/s]

 Performance counter stats for 'system wide':

     746426.986121      task-clock (msec)         #    3.000 CPUs utilized            (100.00%)
           515,397      context-switches          #    0.690 K/sec                    (100.00%)
                 1      cpu-migrations            #    0.000 K/sec                    (100.00%)
         1,167,754      page-faults               #    0.002 M/sec                  
    36,405,339,141      cycles                    #    0.049 GHz                      (100.00%)
   <not supported>      stalled-cycles-frontend  
   <not supported>      stalled-cycles-backend   
    66,211,157,076      instructions              #    1.82  insns per cycle          (100.00%)
    16,623,997,900      branches                  #   22.271 M/sec                    (100.00%)
        39,447,362      branch-misses             #    0.24% of all branches        

     248.820937233 seconds time elapsed