LC_NUMERIC=en_US.UTF8 perf stat -B -a taskset -c 2 /tmp/eucycles/pyben-nio/src/run --server start --bind 10.10.1.7 --size 134217728 --port 8881 --filename /tmp/eucycles/data_file --bufsize 50mb --method "match; func=lambda v: int(chr(v)) < 1; sztype=BEFORE"

2018-07-01 02:37:57,094 | server           | INFO     | PID=25400 | [bufsize: 52428800 bytes] [zerocopy: False]
2018-07-01 02:37:57,108 | methods.match    | INFO     | PID=25400 | [method: methods.match]
2018-07-01 02:37:57,108 | methods.match    | INFO     | PID=25400 | [method parameters: {'func': 'lambda v: int(chr(v)) < 1', 'sztype': 'BEFORE', 'mpws': '50MB'}]
2018-07-01 02:37:57,129 | methods.match    | INFO     | PID=25400 | Start 1 process to handle data filtering
2018-07-01 02:37:57,129 | server           | INFO     | PID=25400 | Ready to send 134217728 bytes using data file size of 1073741824 bytes
2018-07-01 02:37:57,129 | server           | INFO     | PID=25400 | Listening socket bound to port 8881
2018-07-01 02:38:04,308 | server           | INFO     | PID=25400 | Accepted incoming connection ('10.10.1.1', 33001) from client. Sending data ...
2018-07-01 02:38:56,546 | server           | INFO     | PID=25400 | [SUMMARY] [Sent: 13422160 bytes] [Read: 13422160 bytes (10.000% of 134217728 raw bytes)] [Duration: 52.2370970249176 seconds] [Bitrate: 2055575.177709052 bit/s]
2018-07-01 02:38:56,546 | server           | INFO     | PID=25400 | Resources closed, now exiting

 Performance counter stats for 'system wide':

     178778.795620      task-clock (msec)         #    3.000 CPUs utilized            (100.00%)
            13,152      context-switches          #    0.074 K/sec                    (100.00%)
                 1      cpu-migrations            #    0.000 K/sec                    (100.00%)
            24,246      page-faults               #    0.136 K/sec                  
   145,030,283,255      cycles                    #    0.811 GHz                      (100.00%)
   <not supported>      stalled-cycles-frontend  
   <not supported>      stalled-cycles-backend   
   382,758,258,010      instructions              #    2.64  insns per cycle          (100.00%)
    78,533,007,780      branches                  #  439.275 M/sec                    (100.00%)
        31,377,613      branch-misses             #    0.04% of all branches        

      59.589389458 seconds time elapsed