LC_NUMERIC=en_US.UTF8 perf stat -B -a taskset -c 2 /tmp/eucycles/pyben-nio/src/run --server start --bind 10.10.1.9 --size 134217728 --port 8881 --filename /tmp/eucycles/data_file --bufsize 50mb --method "match; func=lambda v: int(chr(v)) < 4; sztype=BEFORE"

2018-07-01 07:23:34,062 | server           | INFO     | PID=18223 | [bufsize: 52428800 bytes] [zerocopy: False]
2018-07-01 07:23:34,076 | methods.match    | INFO     | PID=18223 | [method: methods.match]
2018-07-01 07:23:34,076 | methods.match    | INFO     | PID=18223 | [method parameters: {'sztype': 'BEFORE', 'mpws': '50MB', 'func': 'lambda v: int(chr(v)) < 4'}]
2018-07-01 07:23:34,097 | methods.match    | INFO     | PID=18223 | Start 1 process to handle data filtering
2018-07-01 07:23:34,097 | server           | INFO     | PID=18223 | Ready to send 134217728 bytes using data file size of 1073741824 bytes
2018-07-01 07:23:34,097 | server           | INFO     | PID=18223 | Listening socket bound to port 8881
2018-07-01 07:23:38,746 | server           | INFO     | PID=18223 | Accepted incoming connection ('10.10.1.1', 59378) from client. Sending data ...
2018-07-01 07:24:37,324 | server           | INFO     | PID=18223 | [SUMMARY] [Sent: 53683241 bytes] [Read: 53683241 bytes (39.997% of 134217728 raw bytes)] [Duration: 58.578267097473145 seconds] [Bitrate: 7331489.121816743 bit/s]
2018-07-01 07:24:37,324 | server           | INFO     | PID=18223 | Resources closed, now exiting

 Performance counter stats for 'system wide':

     190075.617641      task-clock (msec)         #    3.000 CPUs utilized            (100.00%)
            14,210      context-switches          #    0.075 K/sec                    (100.00%)
                 1      cpu-migrations            #    0.000 K/sec                    (100.00%)
            27,992      page-faults               #    0.147 K/sec                  
   159,016,341,490      cycles                    #    0.837 GHz                      (100.00%)
   <not supported>      stalled-cycles-frontend  
   <not supported>      stalled-cycles-backend   
   414,816,266,906      instructions              #    2.61  insns per cycle          (100.00%)
    84,669,793,796      branches                  #  445.453 M/sec                    (100.00%)
        73,620,929      branch-misses             #    0.09% of all branches        

      63.356269528 seconds time elapsed