LC_NUMERIC=en_US.UTF8 perf stat -B -a taskset -c 2 /tmp/eucycles/pyben-nio/src/run --server start --bind 10.10.1.3 --size 214748365 --port 8881 --filename /tmp/eucycles/data_file --bufsize 50mb --method "match; func=lambda v: int(chr(v)) < 7; sztype=BEFORE"

2018-07-01 11:02:16,994 | server           | INFO     | PID=7481 | [bufsize: 52428800 bytes] [zerocopy: False]
2018-07-01 11:02:17,008 | methods.match    | INFO     | PID=7481 | [method: methods.match]
2018-07-01 11:02:17,008 | methods.match    | INFO     | PID=7481 | [method parameters: {'sztype': 'BEFORE', 'mpws': '50MB', 'func': 'lambda v: int(chr(v)) < 7'}]
2018-07-01 11:02:17,029 | methods.match    | INFO     | PID=7481 | Start 1 process to handle data filtering
2018-07-01 11:02:17,029 | server           | INFO     | PID=7481 | Ready to send 214748365 bytes using data file size of 1073741824 bytes
2018-07-01 11:02:17,029 | server           | INFO     | PID=7481 | Listening socket bound to port 8881
2018-07-01 11:02:25,163 | server           | INFO     | PID=7481 | Accepted incoming connection ('10.10.1.1', 51152) from client. Sending data ...
2018-07-01 11:04:08,478 | server           | INFO     | PID=7481 | [SUMMARY] [Sent: 150310007 bytes] [Read: 150310007 bytes (69.994% of 214748365 raw bytes)] [Duration: 103.31564903259277 seconds] [Bitrate: 11638895.629650995 bit/s]
2018-07-01 11:04:08,479 | server           | INFO     | PID=7481 | Resources closed, now exiting

 Performance counter stats for 'system wide':

     334824.487973      task-clock (msec)         #    3.000 CPUs utilized            (100.00%)
            23,805      context-switches          #    0.071 K/sec                    (100.00%)
                 1      cpu-migrations            #    0.000 K/sec                    (100.00%)
            54,891      page-faults               #    0.164 K/sec                  
   260,018,623,694      cycles                    #    0.777 GHz                      (100.00%)
   <not supported>      stalled-cycles-frontend  
   <not supported>      stalled-cycles-backend   
   724,796,205,219      instructions              #    2.79  insns per cycle          (100.00%)
   148,180,761,182      branches                  #  442.562 M/sec                    (100.00%)
        92,240,393      branch-misses             #    0.06% of all branches        

     111.620256238 seconds time elapsed