LC_NUMERIC=en_US.UTF8 perf stat -B -a taskset -c 2 /tmp/eucycles/pyben-nio/src/run --client start --addresses 10.10.1.2  10.10.1.3 --size 1GB --port 8881 --bind 10.10.1.1 --bufsize 50mb --method "raw"

2018-07-01 04:02:19,924 | client           | INFO     | PID=13665 | [bufsize: 52428800 bytes]
2018-07-01 04:02:19,949 | client           | INFO     | PID=13667 | Connecting to server 10.10.1.2 on port 8881
2018-07-01 04:02:19,950 | client           | INFO     | PID=13666 | Connecting to server 10.10.1.3 on port 8881
2018-07-01 04:02:19,951 | client           | INFO     | PID=13667 | Connection established. Receiving data ...
2018-07-01 04:02:19,951 | methods.raw      | INFO     | PID=13667 | [method: methods.raw]
2018-07-01 04:02:19,951 | methods.raw      | INFO     | PID=13667 | [method parameters: {}]
2018-07-01 04:02:19,955 | client           | INFO     | PID=13666 | Connection established. Receiving data ...
2018-07-01 04:02:19,955 | methods.raw      | INFO     | PID=13666 | [method: methods.raw]
2018-07-01 04:02:19,956 | methods.raw      | INFO     | PID=13666 | [method parameters: {}]
2018-07-01 04:05:57,050 | client           | INFO     | PID=13666 | [Received: 107383964 bytes (107383964 raw bytes)] [Duration: 217.0576992034912 seconds] [Bitrate: 3957803.4557282478 bit/s]
2018-07-01 04:05:57,050 | client           | INFO     | PID=13666 | Socket closed
2018-07-01 04:06:00,103 | client           | INFO     | PID=13667 | [Received: 107376912 bytes (107376912 raw bytes)] [Duration: 220.10966110229492 seconds] [Bitrate: 3902669.65883327 bit/s]
2018-07-01 04:06:00,103 | client           | INFO     | PID=13667 | Socket closed
2018-07-01 04:06:00,400 | client           | INFO     | PID=13665 | [SUMMARY] [Received: 214760876 bytes (100.000% of 214760876 raw bytes)] [Duration: 220.10991311073303 seconds] [Bitrate: 7805586.689481194 bit/s]

 Performance counter stats for 'system wide':

     661619.972085      task-clock (msec)         #    3.000 CPUs utilized            (100.00%)
           456,701      context-switches          #    0.690 K/sec                    (100.00%)
                 1      cpu-migrations            #    0.000 K/sec                    (100.00%)
           495,571      page-faults               #    0.749 K/sec                  
    20,691,360,339      cycles                    #    0.031 GHz                      (100.00%)
   <not supported>      stalled-cycles-frontend  
   <not supported>      stalled-cycles-backend   
    28,897,602,948      instructions              #    1.40  insns per cycle          (100.00%)
     7,080,172,027      branches                  #   10.701 M/sec                    (100.00%)
        27,817,947      branch-misses             #    0.39% of all branches        

     220.550552525 seconds time elapsed