LC_NUMERIC=en_US.UTF8 perf stat -B -a taskset -c 2 /tmp/eucycles/pyben-nio/src/run --server start --bind 10.10.1.2 --size 178956971 --port 8881 --filename /tmp/eucycles/data_file --bufsize 50mb --method "match; func=lambda v: int(chr(v)) < 1; sztype=BEFORE"

2018-07-01 02:33:57,597 | server           | INFO     | PID=437 | [bufsize: 52428800 bytes] [zerocopy: False]
2018-07-01 02:33:57,611 | methods.match    | INFO     | PID=437 | [method: methods.match]
2018-07-01 02:33:57,612 | methods.match    | INFO     | PID=437 | [method parameters: {'mpws': '50MB', 'func': 'lambda v: int(chr(v)) < 1', 'sztype': 'BEFORE'}]
2018-07-01 02:33:57,632 | methods.match    | INFO     | PID=437 | Start 1 process to handle data filtering
2018-07-01 02:33:57,632 | server           | INFO     | PID=437 | Ready to send 178956971 bytes using data file size of 1073741824 bytes
2018-07-01 02:33:57,632 | server           | INFO     | PID=437 | Listening socket bound to port 8881
2018-07-01 02:34:08,408 | server           | INFO     | PID=437 | Accepted incoming connection ('10.10.1.1', 55757) from client. Sending data ...
2018-07-01 02:35:18,461 | server           | INFO     | PID=437 | [SUMMARY] [Sent: 17894941 bytes] [Read: 17894941 bytes (10.000% of 178956971 raw bytes)] [Duration: 70.05289888381958 seconds] [Bitrate: 2043591.7753728558 bit/s]
2018-07-01 02:35:18,461 | server           | INFO     | PID=437 | Resources closed, now exiting

 Performance counter stats for 'system wide':

     242985.852487      task-clock (msec)         #    3.000 CPUs utilized            (100.00%)
            18,370      context-switches          #    0.076 K/sec                    (100.00%)
                 1      cpu-migrations            #    0.000 K/sec                    (100.00%)
            27,617      page-faults               #    0.114 K/sec                  
   180,971,016,550      cycles                    #    0.745 GHz                      (100.00%)
   <not supported>      stalled-cycles-frontend  
   <not supported>      stalled-cycles-backend   
   511,514,544,073      instructions              #    2.83  insns per cycle          (100.00%)
   104,916,440,466      branches                  #  431.780 M/sec                    (100.00%)
        41,190,187      branch-misses             #    0.04% of all branches        

      80.998523612 seconds time elapsed