LC_NUMERIC=en_US.UTF8 perf stat -B -a taskset -c 2 /tmp/eucycles/pyben-nio/src/run --server start --bind 10.10.1.6 --size 178956970 --port 8881 --filename /tmp/eucycles/data_file --bufsize 50mb --method "match; func=lambda v: int(chr(v)) < 9; sztype=BEFORE"

2018-07-01 14:32:44,895 | server           | INFO     | PID=20065 | [bufsize: 52428800 bytes] [zerocopy: False]
2018-07-01 14:32:44,910 | methods.match    | INFO     | PID=20065 | [method: methods.match]
2018-07-01 14:32:44,910 | methods.match    | INFO     | PID=20065 | [method parameters: {'mpws': '50MB', 'sztype': 'BEFORE', 'func': 'lambda v: int(chr(v)) < 9'}]
2018-07-01 14:32:44,930 | methods.match    | INFO     | PID=20065 | Start 1 process to handle data filtering
2018-07-01 14:32:44,930 | server           | INFO     | PID=20065 | Ready to send 178956970 bytes using data file size of 1073741824 bytes
2018-07-01 14:32:44,930 | server           | INFO     | PID=20065 | Listening socket bound to port 8881
2018-07-01 14:32:50,753 | server           | INFO     | PID=20065 | Accepted incoming connection ('10.10.1.1', 59684) from client. Sending data ...
2018-07-01 14:34:23,771 | server           | INFO     | PID=20065 | [SUMMARY] [Sent: 161058644 bytes] [Read: 161058644 bytes (89.999% of 178956970 raw bytes)] [Duration: 93.01765298843384 seconds] [Bitrate: 13851877.687778395 bit/s]
2018-07-01 14:34:23,771 | server           | INFO     | PID=20065 | Resources closed, now exiting

 Performance counter stats for 'system wide':

     297033.357518      task-clock (msec)         #    3.000 CPUs utilized            (100.00%)
            21,550      context-switches          #    0.073 K/sec                    (100.00%)
                 1      cpu-migrations            #    0.000 K/sec                    (100.00%)
            57,506      page-faults               #    0.194 K/sec                  
   260,137,384,831      cycles                    #    0.876 GHz                      (100.00%)
   <not supported>      stalled-cycles-frontend  
   <not supported>      stalled-cycles-backend   
   640,192,495,285      instructions              #    2.46  insns per cycle          (100.00%)
   131,337,134,483      branches                  #  442.163 M/sec                    (100.00%)
        41,163,502      branch-misses             #    0.03% of all branches        

      99.009459221 seconds time elapsed