LC_NUMERIC=en_US.UTF8 perf stat -B -a taskset -c 2 /tmp/eucycles/pyben-nio/src/run --server start --bind 10.10.1.4 --size 153391689 --port 8881 --filename /tmp/eucycles/data_file --bufsize 50mb --method "match; func=lambda v: int(chr(v)) < 7; sztype=BEFORE"

2018-07-01 10:38:12,288 | server           | INFO     | PID=30835 | [bufsize: 52428800 bytes] [zerocopy: False]
2018-07-01 10:38:12,303 | methods.match    | INFO     | PID=30835 | [method: methods.match]
2018-07-01 10:38:12,303 | methods.match    | INFO     | PID=30835 | [method parameters: {'mpws': '50MB', 'func': 'lambda v: int(chr(v)) < 7', 'sztype': 'BEFORE'}]
2018-07-01 10:38:12,324 | methods.match    | INFO     | PID=30835 | Start 1 process to handle data filtering
2018-07-01 10:38:12,324 | server           | INFO     | PID=30835 | Ready to send 153391689 bytes using data file size of 1073741824 bytes
2018-07-01 10:38:12,324 | server           | INFO     | PID=30835 | Listening socket bound to port 8881
2018-07-01 10:38:21,927 | server           | INFO     | PID=30835 | Accepted incoming connection ('10.10.1.1', 48772) from client. Sending data ...
2018-07-01 10:39:34,304 | server           | INFO     | PID=30835 | [SUMMARY] [Sent: 107363251 bytes] [Read: 107363251 bytes (69.993% of 153391689 raw bytes)] [Duration: 72.37695407867432 seconds] [Bitrate: 11867120.120395817 bit/s]
2018-07-01 10:39:34,304 | server           | INFO     | PID=30835 | Resources closed, now exiting

 Performance counter stats for 'system wide':

     246454.193240      task-clock (msec)         #    3.000 CPUs utilized            (100.00%)
            17,615      context-switches          #    0.071 K/sec                    (100.00%)
                 1      cpu-migrations            #    0.000 K/sec                    (100.00%)
            44,049      page-faults               #    0.179 K/sec                  
   182,703,503,645      cycles                    #    0.741 GHz                      (100.00%)
   <not supported>      stalled-cycles-frontend  
   <not supported>      stalled-cycles-backend   
   508,776,088,406      instructions              #    2.78  insns per cycle          (100.00%)
   103,567,577,082      branches                  #  420.231 M/sec                    (100.00%)
        66,475,842      branch-misses             #    0.06% of all branches        

      82.154481899 seconds time elapsed