LC_NUMERIC=en_US.UTF8 perf stat -B -a taskset -c 2 /tmp/eucycles/pyben-nio/src/run --server start --bind 10.10.1.6 --size 214748364 --port 8881 --filename /tmp/eucycles/data_file --bufsize 50mb --method "match; func=lambda v: int(chr(v)) < 4; sztype=BEFORE"

2018-07-01 06:50:03,226 | server           | INFO     | PID=7206 | [bufsize: 52428800 bytes] [zerocopy: False]
2018-07-01 06:50:03,240 | methods.match    | INFO     | PID=7206 | [method: methods.match]
2018-07-01 06:50:03,241 | methods.match    | INFO     | PID=7206 | [method parameters: {'sztype': 'BEFORE', 'func': 'lambda v: int(chr(v)) < 4', 'mpws': '50MB'}]
2018-07-01 06:50:03,261 | methods.match    | INFO     | PID=7206 | Start 1 process to handle data filtering
2018-07-01 06:50:03,261 | server           | INFO     | PID=7206 | Ready to send 214748364 bytes using data file size of 1073741824 bytes
2018-07-01 06:50:03,261 | server           | INFO     | PID=7206 | Listening socket bound to port 8881
2018-07-01 06:50:07,873 | server           | INFO     | PID=7206 | Accepted incoming connection ('10.10.1.1', 37061) from client. Sending data ...
2018-07-01 06:51:41,393 | server           | INFO     | PID=7206 | [SUMMARY] [Sent: 85908147 bytes] [Read: 85908147 bytes (40.004% of 214748364 raw bytes)] [Duration: 93.52013397216797 seconds] [Bitrate: 7348847.214061235 bit/s]
2018-07-01 06:51:41,393 | server           | INFO     | PID=7206 | Resources closed, now exiting

 Performance counter stats for 'system wide':

     294761.104996      task-clock (msec)         #    3.000 CPUs utilized            (100.00%)
            21,587      context-switches          #    0.073 K/sec                    (100.00%)
                 1      cpu-migrations            #    0.000 K/sec                    (100.00%)
            27,404      page-faults               #    0.093 K/sec                  
   259,839,288,450      cycles                    #    0.882 GHz                      (100.00%)
   <not supported>      stalled-cycles-frontend  
   <not supported>      stalled-cycles-backend   
   667,946,838,996      instructions              #    2.57  insns per cycle          (100.00%)
   136,600,884,030      branches                  #  463.429 M/sec                    (100.00%)
       115,413,785      branch-misses             #    0.08% of all branches        

      98.252049553 seconds time elapsed