LC_NUMERIC=en_US.UTF8 perf stat -B -a taskset -c 2 /tmp/eucycles/pyben-nio/src/run --client start --addresses 10.10.1.2  10.10.1.3  10.10.1.4 --size 1GB --port 8881 --bind 10.10.1.1 --bufsize 50mb --method "raw"

2018-07-01 02:51:10,762 | client           | INFO     | PID=32529 | [bufsize: 52428800 bytes]
2018-07-01 02:51:10,789 | client           | INFO     | PID=32532 | Connecting to server 10.10.1.2 on port 8881
2018-07-01 02:51:10,789 | client           | INFO     | PID=32531 | Connecting to server 10.10.1.3 on port 8881
2018-07-01 02:51:10,790 | client           | INFO     | PID=32532 | Connection established. Receiving data ...
2018-07-01 02:51:10,790 | methods.raw      | INFO     | PID=32532 | [method: methods.raw]
2018-07-01 02:51:10,790 | methods.raw      | INFO     | PID=32532 | [method parameters: {}]
2018-07-01 02:51:10,795 | client           | INFO     | PID=32531 | Connection established. Receiving data ...
2018-07-01 02:51:10,795 | methods.raw      | INFO     | PID=32531 | [method: methods.raw]
2018-07-01 02:51:10,796 | methods.raw      | INFO     | PID=32531 | [method parameters: {}]
2018-07-01 02:51:10,800 | client           | INFO     | PID=32530 | Connecting to server 10.10.1.4 on port 8881
2018-07-01 02:51:10,800 | client           | INFO     | PID=32530 | Connection established. Receiving data ...
2018-07-01 02:51:10,800 | methods.raw      | INFO     | PID=32530 | [method: methods.raw]
2018-07-01 02:51:10,800 | methods.raw      | INFO     | PID=32530 | [method parameters: {}]
2018-07-01 02:53:29,193 | client           | INFO     | PID=32531 | [Received: 35788115 bytes (35788115 raw bytes)] [Duration: 138.34514021873474 seconds] [Bitrate: 2069497.4868457902 bit/s]
2018-07-01 02:53:29,193 | client           | INFO     | PID=32531 | Socket closed
2018-07-01 02:53:29,942 | client           | INFO     | PID=32530 | [Received: 35784134 bytes (35784134 raw bytes)] [Duration: 139.087993144989 seconds] [Bitrate: 2058215.5621555438 bit/s]
2018-07-01 02:53:29,942 | client           | INFO     | PID=32530 | Socket closed
2018-07-01 02:53:35,242 | client           | INFO     | PID=32532 | [Received: 35795554 bytes (35795554 raw bytes)] [Duration: 144.39951610565186 seconds] [Bitrate: 1983139.8312337666 bit/s]
2018-07-01 02:53:35,243 | client           | INFO     | PID=32532 | Socket closed
2018-07-01 02:53:35,356 | client           | INFO     | PID=32529 | [SUMMARY] [Received: 107367803 bytes (100.000% of 107367803 raw bytes)] [Duration: 144.39951610565186 seconds] [Bitrate: 5948374.670255426 bit/s]

 Performance counter stats for 'system wide':

     433985.360319      task-clock (msec)         #    3.000 CPUs utilized            (100.00%)
           299,238      context-switches          #    0.690 K/sec                    (100.00%)
                 1      cpu-migrations            #    0.000 K/sec                    (100.00%)
           275,413      page-faults               #    0.635 K/sec                  
    12,748,781,950      cycles                    #    0.029 GHz                      (100.00%)
   <not supported>      stalled-cycles-frontend  
   <not supported>      stalled-cycles-backend   
    16,194,799,297      instructions              #    1.27  insns per cycle          (100.00%)
     3,918,504,222      branches                  #    9.029 M/sec                    (100.00%)
        18,096,453      branch-misses             #    0.46% of all branches        

     144.668644106 seconds time elapsed