LC_NUMERIC=en_US.UTF8 perf stat -B -a taskset -c 2 /tmp/eucycles/pyben-nio/src/run --server start --bind 10.10.1.3 --size 153391689 --port 8881 --filename /tmp/eucycles/data_file --bufsize 50mb --method "match; func=lambda v: int(chr(v)) < 3; sztype=BEFORE"

2018-07-01 05:34:09,200 | server           | INFO     | PID=26896 | [bufsize: 52428800 bytes] [zerocopy: False]
2018-07-01 05:34:09,214 | methods.match    | INFO     | PID=26896 | [method: methods.match]
2018-07-01 05:34:09,215 | methods.match    | INFO     | PID=26896 | [method parameters: {'mpws': '50MB', 'sztype': 'BEFORE', 'func': 'lambda v: int(chr(v)) < 3'}]
2018-07-01 05:34:09,235 | methods.match    | INFO     | PID=26896 | Start 1 process to handle data filtering
2018-07-01 05:34:09,235 | server           | INFO     | PID=26896 | Ready to send 153391689 bytes using data file size of 1073741824 bytes
2018-07-01 05:34:09,235 | server           | INFO     | PID=26896 | Listening socket bound to port 8881
2018-07-01 05:34:20,047 | server           | INFO     | PID=26896 | Accepted incoming connection ('10.10.1.1', 57723) from client. Sending data ...
2018-07-01 05:35:24,546 | server           | INFO     | PID=26896 | [SUMMARY] [Sent: 46013729 bytes] [Read: 46013729 bytes (29.998% of 153391689 raw bytes)] [Duration: 64.49891185760498 seconds] [Bitrate: 5707225.461612135 bit/s]
2018-07-01 05:35:24,546 | server           | INFO     | PID=26896 | Resources closed, now exiting

 Performance counter stats for 'system wide':

     226418.688234      task-clock (msec)         #    3.000 CPUs utilized            (100.00%)
            16,371      context-switches          #    0.072 K/sec                    (100.00%)
                 1      cpu-migrations            #    0.000 K/sec                    (100.00%)
            32,561      page-faults               #    0.144 K/sec                  
   164,936,039,650      cycles                    #    0.728 GHz                      (100.00%)
   <not supported>      stalled-cycles-frontend  
   <not supported>      stalled-cycles-backend   
   461,319,541,654      instructions              #    2.80  insns per cycle          (100.00%)
    94,240,275,253      branches                  #  416.221 M/sec                    (100.00%)
        66,925,593      branch-misses             #    0.07% of all branches        

      75.481005572 seconds time elapsed