LC_NUMERIC=en_US.UTF8 perf stat -B -a taskset -c 2 /tmp/eucycles/pyben-nio/src/run --server start --bind 10.10.1.4 --size 357913941 --port 8881 --filename /tmp/eucycles/data_file --bufsize 50mb --method "match; func=lambda v: int(chr(v)) < 0; sztype=BEFORE"

2018-07-01 02:00:51,649 | server           | INFO     | PID=11171 | [bufsize: 52428800 bytes] [zerocopy: False]
2018-07-01 02:00:51,664 | methods.match    | INFO     | PID=11171 | [method: methods.match]
2018-07-01 02:00:51,664 | methods.match    | INFO     | PID=11171 | [method parameters: {'mpws': '50MB', 'sztype': 'BEFORE', 'func': 'lambda v: int(chr(v)) < 0'}]
2018-07-01 02:00:51,685 | methods.match    | INFO     | PID=11171 | Start 1 process to handle data filtering
2018-07-01 02:00:51,685 | server           | INFO     | PID=11171 | Ready to send 357913941 bytes using data file size of 1073741824 bytes
2018-07-01 02:00:51,685 | server           | INFO     | PID=11171 | Listening socket bound to port 8881
2018-07-01 02:00:56,191 | server           | INFO     | PID=11171 | Accepted incoming connection ('10.10.1.1', 34813) from client. Sending data ...
2018-07-01 02:03:31,841 | server           | INFO     | PID=11171 | [SUMMARY] [Sent: 0 bytes] [Read: 0 bytes (0.000% of 357913941 raw bytes)] [Duration: 155.64922189712524 seconds] [Bitrate: 0.0 bit/s]
2018-07-01 02:03:31,841 | server           | INFO     | PID=11171 | Resources closed, now exiting

 Performance counter stats for 'system wide':

     480837.670025      task-clock (msec)         #    3.000 CPUs utilized            (100.00%)
            35,326      context-switches          #    0.073 K/sec                    (100.00%)
                 1      cpu-migrations            #    0.000 K/sec                    (100.00%)
            28,560      page-faults               #    0.059 K/sec                  
   401,950,861,597      cycles                    #    0.836 GHz                      (100.00%)
   <not supported>      stalled-cycles-frontend  
   <not supported>      stalled-cycles-backend   
   983,271,025,553      instructions              #    2.45  insns per cycle          (100.00%)
   201,496,740,383      branches                  #  419.054 M/sec                    (100.00%)
        43,185,427      branch-misses             #    0.02% of all branches        

     160.285437296 seconds time elapsed