LC_NUMERIC=en_US.UTF8 perf stat -B -a taskset -c 2 /tmp/eucycles/pyben-nio/src/run --server start --bind 10.10.1.3 --size 214748365 --port 8881 --filename /tmp/eucycles/data_file --bufsize 50mb --method "match; func=lambda v: int(chr(v)) < 9; sztype=BEFORE"

2018-07-01 13:29:29,079 | server           | INFO     | PID=12965 | [bufsize: 52428800 bytes] [zerocopy: False]
2018-07-01 13:29:29,093 | methods.match    | INFO     | PID=12965 | [method: methods.match]
2018-07-01 13:29:29,093 | methods.match    | INFO     | PID=12965 | [method parameters: {'sztype': 'BEFORE', 'mpws': '50MB', 'func': 'lambda v: int(chr(v)) < 9'}]
2018-07-01 13:29:29,114 | methods.match    | INFO     | PID=12965 | Start 1 process to handle data filtering
2018-07-01 13:29:29,114 | server           | INFO     | PID=12965 | Ready to send 214748365 bytes using data file size of 1073741824 bytes
2018-07-01 13:29:29,114 | server           | INFO     | PID=12965 | Listening socket bound to port 8881
2018-07-01 13:29:37,251 | server           | INFO     | PID=12965 | Accepted incoming connection ('10.10.1.1', 46864) from client. Sending data ...
2018-07-01 13:31:24,966 | server           | INFO     | PID=12965 | [SUMMARY] [Sent: 193264327 bytes] [Read: 193264327 bytes (89.996% of 214748365 raw bytes)] [Duration: 107.71492910385132 seconds] [Bitrate: 14353763.48351251 bit/s]
2018-07-01 13:31:24,966 | server           | INFO     | PID=12965 | Resources closed, now exiting

 Performance counter stats for 'system wide':

     348027.804192      task-clock (msec)         #    3.000 CPUs utilized            (100.00%)
            24,820      context-switches          #    0.071 K/sec                    (100.00%)
                 1      cpu-migrations            #    0.000 K/sec                    (100.00%)
            66,405      page-faults               #    0.191 K/sec                  
   267,024,697,326      cycles                    #    0.767 GHz                      (100.00%)
   <not supported>      stalled-cycles-frontend  
   <not supported>      stalled-cycles-backend   
   745,039,818,637      instructions              #    2.79  insns per cycle          (100.00%)
   151,594,660,477      branches                  #  435.582 M/sec                    (100.00%)
        48,811,782      branch-misses             #    0.03% of all branches        

     116.021844993 seconds time elapsed