LC_NUMERIC=en_US.UTF8 perf stat -B -a taskset -c 2 /tmp/eucycles/pyben-nio/src/run --server start --bind 10.10.1.7 --size 134217728 --port 8881 --filename /tmp/eucycles/data_file --bufsize 50mb --method "match; func=lambda v: int(chr(v)) < 2; sztype=BEFORE"

2018-07-01 04:18:12,567 | server           | INFO     | PID=28140 | [bufsize: 52428800 bytes] [zerocopy: False]
2018-07-01 04:18:12,581 | methods.match    | INFO     | PID=28140 | [method: methods.match]
2018-07-01 04:18:12,581 | methods.match    | INFO     | PID=28140 | [method parameters: {'sztype': 'BEFORE', 'mpws': '50MB', 'func': 'lambda v: int(chr(v)) < 2'}]
2018-07-01 04:18:12,602 | methods.match    | INFO     | PID=28140 | Start 1 process to handle data filtering
2018-07-01 04:18:12,602 | server           | INFO     | PID=28140 | Ready to send 134217728 bytes using data file size of 1073741824 bytes
2018-07-01 04:18:12,602 | server           | INFO     | PID=28140 | Listening socket bound to port 8881
2018-07-01 04:18:19,645 | server           | INFO     | PID=28140 | Accepted incoming connection ('10.10.1.1', 57848) from client. Sending data ...
2018-07-01 04:19:15,871 | server           | INFO     | PID=28140 | [SUMMARY] [Sent: 26850802 bytes] [Read: 26850802 bytes (20.005% of 134217728 raw bytes)] [Duration: 56.225630044937134 seconds] [Bitrate: 3820435.9084695103 bit/s]
2018-07-01 04:19:15,871 | server           | INFO     | PID=28140 | Resources closed, now exiting

 Performance counter stats for 'system wide':

     190337.453053      task-clock (msec)         #    3.000 CPUs utilized            (100.00%)
            13,999      context-switches          #    0.074 K/sec                    (100.00%)
                 1      cpu-migrations            #    0.000 K/sec                    (100.00%)
            27,015      page-faults               #    0.142 K/sec                  
   162,473,504,849      cycles                    #    0.854 GHz                      (100.00%)
   <not supported>      stalled-cycles-frontend  
   <not supported>      stalled-cycles-backend   
   412,479,593,571      instructions              #    2.54  insns per cycle          (100.00%)
    84,978,661,662      branches                  #  446.463 M/sec                    (100.00%)
        44,949,515      branch-misses             #    0.05% of all branches        

      63.442058545 seconds time elapsed