LC_NUMERIC=en_US.UTF8 perf stat -B -a taskset -c 2 /tmp/eucycles/pyben-nio/src/run --server start --bind 10.10.1.2 --size 214748365 --port 8881 --filename /tmp/eucycles/data_file --bufsize 50mb --method "match; func=lambda v: int(chr(v)) < 4; sztype=BEFORE"

2018-07-01 06:23:01,397 | server           | INFO     | PID=11121 | [bufsize: 52428800 bytes] [zerocopy: False]
2018-07-01 06:23:01,412 | methods.match    | INFO     | PID=11121 | [method: methods.match]
2018-07-01 06:23:01,412 | methods.match    | INFO     | PID=11121 | [method parameters: {'mpws': '50MB', 'sztype': 'BEFORE', 'func': 'lambda v: int(chr(v)) < 4'}]
2018-07-01 06:23:01,433 | methods.match    | INFO     | PID=11121 | Start 1 process to handle data filtering
2018-07-01 06:23:01,433 | server           | INFO     | PID=11121 | Ready to send 214748365 bytes using data file size of 1073741824 bytes
2018-07-01 06:23:01,433 | server           | INFO     | PID=11121 | Listening socket bound to port 8881
2018-07-01 06:23:10,870 | server           | INFO     | PID=11121 | Accepted incoming connection ('10.10.1.1', 55836) from client. Sending data ...
2018-07-01 06:24:44,923 | server           | INFO     | PID=11121 | [SUMMARY] [Sent: 85899512 bytes] [Read: 85899512 bytes (40.000% of 214748365 raw bytes)] [Duration: 94.05333399772644 seconds] [Bitrate: 7306451.210082693 bit/s]
2018-07-01 06:24:44,923 | server           | INFO     | PID=11121 | Resources closed, now exiting

 Performance counter stats for 'system wide':

     310965.830333      task-clock (msec)         #    3.000 CPUs utilized            (100.00%)
            22,248      context-switches          #    0.072 K/sec                    (100.00%)
                 1      cpu-migrations            #    0.000 K/sec                    (100.00%)
            35,437      page-faults               #    0.114 K/sec                  
   239,710,290,681      cycles                    #    0.771 GHz                      (100.00%)
   <not supported>      stalled-cycles-frontend  
   <not supported>      stalled-cycles-backend   
   665,420,391,664      instructions              #    2.78  insns per cycle          (100.00%)
   135,800,370,723      branches                  #  436.705 M/sec                    (100.00%)
       116,542,433      branch-misses             #    0.09% of all branches        

     103.659478020 seconds time elapsed