LC_NUMERIC=en_US.UTF8 perf stat -B -a taskset -c 2 /tmp/eucycles/pyben-nio/src/run --server start --bind 10.10.1.5 --size 134217728 --port 8881 --filename /tmp/eucycles/data_file --bufsize 50mb --method "match; func=lambda v: int(chr(v)) < 1; sztype=BEFORE"

2018-07-01 03:02:36,522 | server           | INFO     | PID=6926 | [bufsize: 52428800 bytes] [zerocopy: False]
2018-07-01 03:02:36,536 | methods.match    | INFO     | PID=6926 | [method: methods.match]
2018-07-01 03:02:36,536 | methods.match    | INFO     | PID=6926 | [method parameters: {'mpws': '50MB', 'func': 'lambda v: int(chr(v)) < 1', 'sztype': 'BEFORE'}]
2018-07-01 03:02:36,557 | methods.match    | INFO     | PID=6926 | Start 1 process to handle data filtering
2018-07-01 03:02:36,557 | server           | INFO     | PID=6926 | Ready to send 134217728 bytes using data file size of 1073741824 bytes
2018-07-01 03:02:36,557 | server           | INFO     | PID=6926 | Listening socket bound to port 8881
2018-07-01 03:02:46,101 | server           | INFO     | PID=6926 | Accepted incoming connection ('10.10.1.1', 48109) from client. Sending data ...
2018-07-01 03:03:38,305 | server           | INFO     | PID=6926 | [SUMMARY] [Sent: 13421228 bytes] [Read: 13421228 bytes (10.000% of 134217728 raw bytes)] [Duration: 52.20441913604736 seconds] [Bitrate: 2056719.0628093916 bit/s]
2018-07-01 03:03:38,306 | server           | INFO     | PID=6926 | Resources closed, now exiting

 Performance counter stats for 'system wide':

     185759.184347      task-clock (msec)         #    3.000 CPUs utilized            (100.00%)
            13,843      context-switches          #    0.075 K/sec                    (100.00%)
                 1      cpu-migrations            #    0.000 K/sec                    (100.00%)
            25,410      page-faults               #    0.137 K/sec                  
   146,185,076,802      cycles                    #    0.787 GHz                      (100.00%)
   <not supported>      stalled-cycles-frontend  
   <not supported>      stalled-cycles-backend   
   383,477,058,593      instructions              #    2.62  insns per cycle          (100.00%)
    78,778,761,708      branches                  #  424.091 M/sec                    (100.00%)
        31,612,469      branch-misses             #    0.04% of all branches        

      61.918198984 seconds time elapsed