LC_NUMERIC=en_US.UTF8 perf stat -B -a taskset -c 2 /tmp/eucycles/pyben-nio/src/run --server start --bind 10.10.1.8 --size 134217728 --port 8881 --filename /tmp/eucycles/data_file --bufsize 50mb --method "match; func=lambda v: int(chr(v)) < 9; sztype=BEFORE"

2018-07-01 14:37:23,483 | server           | INFO     | PID=3218 | [bufsize: 52428800 bytes] [zerocopy: False]
2018-07-01 14:37:23,497 | methods.match    | INFO     | PID=3218 | [method: methods.match]
2018-07-01 14:37:23,497 | methods.match    | INFO     | PID=3218 | [method parameters: {'mpws': '50MB', 'sztype': 'BEFORE', 'func': 'lambda v: int(chr(v)) < 9'}]
2018-07-01 14:37:23,517 | methods.match    | INFO     | PID=3218 | Start 1 process to handle data filtering
2018-07-01 14:37:23,518 | server           | INFO     | PID=3218 | Ready to send 134217728 bytes using data file size of 1073741824 bytes
2018-07-01 14:37:23,518 | server           | INFO     | PID=3218 | Listening socket bound to port 8881
2018-07-01 14:37:29,339 | server           | INFO     | PID=3218 | Accepted incoming connection ('10.10.1.1', 33121) from client. Sending data ...
2018-07-01 14:38:36,744 | server           | INFO     | PID=3218 | [SUMMARY] [Sent: 120800730 bytes] [Read: 120800730 bytes (90.004% of 134217728 raw bytes)] [Duration: 67.40490412712097 seconds] [Bitrate: 14337322.373123262 bit/s]
2018-07-01 14:38:36,744 | server           | INFO     | PID=3218 | Resources closed, now exiting

 Performance counter stats for 'system wide':

     220201.050498      task-clock (msec)         #    3.000 CPUs utilized            (100.00%)
            16,596      context-switches          #    0.075 K/sec                    (100.00%)
                 1      cpu-migrations            #    0.000 K/sec                    (100.00%)
            48,557      page-faults               #    0.221 K/sec                  
   187,157,490,516      cycles                    #    0.850 GHz                      (100.00%)
   <not supported>      stalled-cycles-frontend  
   <not supported>      stalled-cycles-backend   
   471,143,038,951      instructions              #    2.52  insns per cycle          (100.00%)
    96,105,676,072      branches                  #  436.445 M/sec                    (100.00%)
        31,921,639      branch-misses             #    0.03% of all branches        

      73.397261902 seconds time elapsed