LC_NUMERIC=en_US.UTF8 perf stat -B -a taskset -c 2 /tmp/eucycles/pyben-nio/src/run --server start --bind 10.10.1.8 --size 153391689 --port 8881 --filename /tmp/eucycles/data_file --bufsize 50mb --method "match; func=lambda v: int(chr(v)) < 3; sztype=BEFORE"

2018-07-01 05:34:13,458 | server           | INFO     | PID=23991 | [bufsize: 52428800 bytes] [zerocopy: False]
2018-07-01 05:34:13,472 | methods.match    | INFO     | PID=23991 | [method: methods.match]
2018-07-01 05:34:13,472 | methods.match    | INFO     | PID=23991 | [method parameters: {'sztype': 'BEFORE', 'func': 'lambda v: int(chr(v)) < 3', 'mpws': '50MB'}]
2018-07-01 05:34:13,493 | methods.match    | INFO     | PID=23991 | Start 1 process to handle data filtering
2018-07-01 05:34:13,493 | server           | INFO     | PID=23991 | Ready to send 153391689 bytes using data file size of 1073741824 bytes
2018-07-01 05:34:13,493 | server           | INFO     | PID=23991 | Listening socket bound to port 8881
2018-07-01 05:34:18,182 | server           | INFO     | PID=23991 | Accepted incoming connection ('10.10.1.1', 53479) from client. Sending data ...
2018-07-01 05:35:22,071 | server           | INFO     | PID=23991 | [SUMMARY] [Sent: 46030695 bytes] [Read: 46030695 bytes (30.009% of 153391689 raw bytes)] [Duration: 63.888752937316895 seconds] [Bitrate: 5763855.812951872 bit/s]
2018-07-01 05:35:22,071 | server           | INFO     | PID=23991 | Resources closed, now exiting

 Performance counter stats for 'system wide':

     206126.261843      task-clock (msec)         #    3.000 CPUs utilized            (100.00%)
            15,462      context-switches          #    0.075 K/sec                    (100.00%)
                 1      cpu-migrations            #    0.000 K/sec                    (100.00%)
            29,771      page-faults               #    0.144 K/sec                  
   178,244,014,115      cycles                    #    0.865 GHz                      (100.00%)
   <not supported>      stalled-cycles-frontend  
   <not supported>      stalled-cycles-backend   
   460,708,156,033      instructions              #    2.58  insns per cycle          (100.00%)
    94,166,633,666      branches                  #  456.840 M/sec                    (100.00%)
        66,519,111      branch-misses             #    0.07% of all branches        

      68.705850021 seconds time elapsed