LC_NUMERIC=en_US.UTF8 perf stat -B -a taskset -c 2 /tmp/eucycles/pyben-nio/src/run --server start --bind 10.10.1.7 --size 153391689 --port 8881 --filename /tmp/eucycles/data_file --bufsize 50mb --method "match; func=lambda v: int(chr(v)) < 5; sztype=BEFORE"

2018-07-01 08:16:52,437 | server           | INFO     | PID=1894 | [bufsize: 52428800 bytes] [zerocopy: False]
2018-07-01 08:16:52,451 | methods.match    | INFO     | PID=1894 | [method: methods.match]
2018-07-01 08:16:52,451 | methods.match    | INFO     | PID=1894 | [method parameters: {'func': 'lambda v: int(chr(v)) < 5', 'sztype': 'BEFORE', 'mpws': '50MB'}]
2018-07-01 08:16:52,472 | methods.match    | INFO     | PID=1894 | Start 1 process to handle data filtering
2018-07-01 08:16:52,472 | server           | INFO     | PID=1894 | Ready to send 153391689 bytes using data file size of 1073741824 bytes
2018-07-01 08:16:52,472 | server           | INFO     | PID=1894 | Listening socket bound to port 8881
2018-07-01 08:16:58,255 | server           | INFO     | PID=1894 | Accepted incoming connection ('10.10.1.1', 59288) from client. Sending data ...
2018-07-01 08:18:07,167 | server           | INFO     | PID=1894 | [SUMMARY] [Sent: 76698389 bytes] [Read: 76698389 bytes (50.002% of 153391689 raw bytes)] [Duration: 68.91172790527344 seconds] [Bitrate: 8903957.724633481 bit/s]
2018-07-01 08:18:07,168 | server           | INFO     | PID=1894 | Resources closed, now exiting

 Performance counter stats for 'system wide':

     224618.704505      task-clock (msec)         #    3.000 CPUs utilized            (100.00%)
            16,678      context-switches          #    0.074 K/sec                    (100.00%)
                 1      cpu-migrations            #    0.000 K/sec                    (100.00%)
            30,979      page-faults               #    0.138 K/sec                  
   196,126,469,348      cycles                    #    0.873 GHz                      (100.00%)
   <not supported>      stalled-cycles-frontend  
   <not supported>      stalled-cycles-backend   
   491,771,965,422      instructions              #    2.51  insns per cycle          (100.00%)
   100,791,301,405      branches                  #  448.722 M/sec                    (100.00%)
        96,930,650      branch-misses             #    0.10% of all branches        

      74.868504368 seconds time elapsed