LC_NUMERIC=en_US.UTF8 perf stat -B -a taskset -c 2 /tmp/eucycles/pyben-nio/src/run --server start --bind 10.10.1.2 --size 268435456 --port 8881 --filename /tmp/eucycles/data_file --bufsize 50mb --method "match; func=lambda v: int(chr(v)) < 1; sztype=BEFORE"

2018-07-01 02:54:02,950 | server           | INFO     | PID=1360 | [bufsize: 52428800 bytes] [zerocopy: False]
2018-07-01 02:54:02,964 | methods.match    | INFO     | PID=1360 | [method: methods.match]
2018-07-01 02:54:02,965 | methods.match    | INFO     | PID=1360 | [method parameters: {'func': 'lambda v: int(chr(v)) < 1', 'sztype': 'BEFORE', 'mpws': '50MB'}]
2018-07-01 02:54:02,985 | methods.match    | INFO     | PID=1360 | Start 1 process to handle data filtering
2018-07-01 02:54:02,985 | server           | INFO     | PID=1360 | Ready to send 268435456 bytes using data file size of 1073741824 bytes
2018-07-01 02:54:02,986 | server           | INFO     | PID=1360 | Listening socket bound to port 8881
2018-07-01 02:54:11,242 | server           | INFO     | PID=1360 | Accepted incoming connection ('10.10.1.1', 53252) from client. Sending data ...
2018-07-01 02:55:58,205 | server           | INFO     | PID=1360 | [SUMMARY] [Sent: 26842296 bytes] [Read: 26842296 bytes (10.000% of 268435456 raw bytes)] [Duration: 106.962965965271 seconds] [Bitrate: 2007595.4893558372 bit/s]
2018-07-01 02:55:58,205 | server           | INFO     | PID=1360 | Resources closed, now exiting

 Performance counter stats for 'system wide':

     346154.703135      task-clock (msec)         #    3.000 CPUs utilized            (100.00%)
            25,879      context-switches          #    0.075 K/sec                    (100.00%)
                 1      cpu-migrations            #    0.000 K/sec                    (100.00%)
            27,668      page-faults               #    0.080 K/sec                  
   275,934,920,252      cycles                    #    0.797 GHz                      (100.00%)
   <not supported>      stalled-cycles-frontend  
   <not supported>      stalled-cycles-backend   
   774,832,348,467      instructions              #    2.81  insns per cycle          (100.00%)
   159,140,862,589      branches                  #  459.739 M/sec                    (100.00%)
        59,968,349      branch-misses             #    0.04% of all branches        

     115.389606540 seconds time elapsed