LC_NUMERIC=en_US.UTF8 perf stat -B -a taskset -c 2 /tmp/eucycles/pyben-nio/src/run --server start --bind 10.10.1.6 --size 153391689 --port 8881 --filename /tmp/eucycles/data_file --bufsize 50mb --method "match; func=lambda v: int(chr(v)) < 0; sztype=BEFORE"

2018-07-01 02:11:09,689 | server           | INFO     | PID=31068 | [bufsize: 52428800 bytes] [zerocopy: False]
2018-07-01 02:11:09,703 | methods.match    | INFO     | PID=31068 | [method: methods.match]
2018-07-01 02:11:09,704 | methods.match    | INFO     | PID=31068 | [method parameters: {'mpws': '50MB', 'sztype': 'BEFORE', 'func': 'lambda v: int(chr(v)) < 0'}]
2018-07-01 02:11:09,724 | methods.match    | INFO     | PID=31068 | Start 1 process to handle data filtering
2018-07-01 02:11:09,724 | server           | INFO     | PID=31068 | Ready to send 153391689 bytes using data file size of 1073741824 bytes
2018-07-01 02:11:09,724 | server           | INFO     | PID=31068 | Listening socket bound to port 8881
2018-07-01 02:11:16,804 | server           | INFO     | PID=31068 | Accepted incoming connection ('10.10.1.1', 53464) from client. Sending data ...
2018-07-01 02:12:20,756 | server           | INFO     | PID=31068 | [SUMMARY] [Sent: 0 bytes] [Read: 0 bytes (0.000% of 153391689 raw bytes)] [Duration: 63.951977014541626 seconds] [Bitrate: 0.0 bit/s]
2018-07-01 02:12:20,756 | server           | INFO     | PID=31068 | Resources closed, now exiting

 Performance counter stats for 'system wide':

     213610.049842      task-clock (msec)         #    3.000 CPUs utilized            (100.00%)
            16,024      context-switches          #    0.075 K/sec                    (100.00%)
                 1      cpu-migrations            #    0.000 K/sec                    (100.00%)
            22,182      page-faults               #    0.104 K/sec                  
   186,755,114,489      cycles                    #    0.874 GHz                      (100.00%)
   <not supported>      stalled-cycles-frontend  
   <not supported>      stalled-cycles-backend   
   422,994,357,795      instructions              #    2.26  insns per cycle          (100.00%)
    86,707,389,141      branches                  #  405.914 M/sec                    (100.00%)
        20,198,742      branch-misses             #    0.02% of all branches        

      71.202101163 seconds time elapsed