LC_NUMERIC=en_US.UTF8 perf stat -B -a taskset -c 2 /tmp/eucycles/pyben-nio/src/run --client start --addresses 10.10.1.2  10.10.1.3  10.10.1.4 --size 1GB --port 8881 --bind 10.10.1.1 --bufsize 50mb --method "raw"

2018-07-01 06:44:07,723 | client           | INFO     | PID=9800 | [bufsize: 52428800 bytes]
2018-07-01 06:44:07,750 | client           | INFO     | PID=9803 | Connecting to server 10.10.1.2 on port 8881
2018-07-01 06:44:07,750 | client           | INFO     | PID=9802 | Connecting to server 10.10.1.3 on port 8881
2018-07-01 06:44:07,751 | client           | INFO     | PID=9803 | Connection established. Receiving data ...
2018-07-01 06:44:07,751 | methods.raw      | INFO     | PID=9803 | [method: methods.raw]
2018-07-01 06:44:07,751 | methods.raw      | INFO     | PID=9803 | [method parameters: {}]
2018-07-01 06:44:07,755 | client           | INFO     | PID=9802 | Connection established. Receiving data ...
2018-07-01 06:44:07,755 | methods.raw      | INFO     | PID=9802 | [method: methods.raw]
2018-07-01 06:44:07,756 | methods.raw      | INFO     | PID=9802 | [method parameters: {}]
2018-07-01 06:44:07,760 | client           | INFO     | PID=9801 | Connecting to server 10.10.1.4 on port 8881
2018-07-01 06:44:07,760 | client           | INFO     | PID=9801 | Connection established. Receiving data ...
2018-07-01 06:44:07,760 | methods.raw      | INFO     | PID=9801 | [method: methods.raw]
2018-07-01 06:44:07,760 | methods.raw      | INFO     | PID=9801 | [method parameters: {}]
2018-07-01 06:46:42,197 | client           | INFO     | PID=9803 | [Received: 143164433 bytes (143164433 raw bytes)] [Duration: 154.3930790424347 seconds] [Bitrate: 7418178.788216354 bit/s]
2018-07-01 06:46:42,197 | client           | INFO     | PID=9803 | Socket closed
2018-07-01 06:46:43,681 | client           | INFO     | PID=9801 | [Received: 143151592 bytes (143151592 raw bytes)] [Duration: 155.8658549785614 seconds] [Bitrate: 7347425.362389463 bit/s]
2018-07-01 06:46:43,681 | client           | INFO     | PID=9801 | Socket closed
2018-07-01 06:46:47,206 | client           | INFO     | PID=9802 | [Received: 143165569 bytes (143165569 raw bytes)] [Duration: 159.39709997177124 seconds] [Bitrate: 7185353.762413706 bit/s]
2018-07-01 06:46:47,206 | client           | INFO     | PID=9802 | Socket closed
2018-07-01 06:46:47,535 | client           | INFO     | PID=9800 | [SUMMARY] [Received: 429481594 bytes (100.000% of 429481594 raw bytes)] [Duration: 159.4020869731903 seconds] [Bitrate: 21554628.4069535 bit/s]

 Performance counter stats for 'system wide':

     479637.793323      task-clock (msec)         #    3.000 CPUs utilized            (100.00%)
           331,089      context-switches          #    0.690 K/sec                    (100.00%)
                 1      cpu-migrations            #    0.000 K/sec                    (100.00%)
           980,101      page-faults               #    0.002 M/sec                  
    24,338,660,153      cycles                    #    0.051 GHz                      (100.00%)
   <not supported>      stalled-cycles-frontend  
   <not supported>      stalled-cycles-backend   
    43,716,459,268      instructions              #    1.80  insns per cycle          (100.00%)
    11,128,723,307      branches                  #   23.202 M/sec                    (100.00%)
        27,581,675      branch-misses             #    0.25% of all branches        

     159.886865440 seconds time elapsed