LC_NUMERIC=en_US.UTF8 perf stat -B -a taskset -c 2 /tmp/eucycles/pyben-nio/src/run --server start --bind 10.10.1.3 --size 357913941 --port 8881 --filename /tmp/eucycles/data_file --bufsize 50mb --method "match; func=lambda v: int(chr(v)) < 4; sztype=BEFORE"

2018-07-01 06:17:13,987 | server           | INFO     | PID=28486 | [bufsize: 52428800 bytes] [zerocopy: False]
2018-07-01 06:17:14,001 | methods.match    | INFO     | PID=28486 | [method: methods.match]
2018-07-01 06:17:14,001 | methods.match    | INFO     | PID=28486 | [method parameters: {'sztype': 'BEFORE', 'func': 'lambda v: int(chr(v)) < 4', 'mpws': '50MB'}]
2018-07-01 06:17:14,022 | methods.match    | INFO     | PID=28486 | Start 1 process to handle data filtering
2018-07-01 06:17:14,022 | server           | INFO     | PID=28486 | Ready to send 357913941 bytes using data file size of 1073741824 bytes
2018-07-01 06:17:14,022 | server           | INFO     | PID=28486 | Listening socket bound to port 8881
2018-07-01 06:17:19,768 | server           | INFO     | PID=28486 | Accepted incoming connection ('10.10.1.1', 41683) from client. Sending data ...
2018-07-01 06:19:56,315 | server           | INFO     | PID=28486 | [SUMMARY] [Sent: 143165569 bytes] [Read: 143165569 bytes (40.000% of 357913941 raw bytes)] [Duration: 156.54721903800964 seconds] [Bitrate: 7316160.319155305 bit/s]
2018-07-01 06:19:56,315 | server           | INFO     | PID=28486 | Resources closed, now exiting

 Performance counter stats for 'system wide':

     487343.680401      task-clock (msec)         #    3.000 CPUs utilized            (100.00%)
            34,854      context-switches          #    0.072 K/sec                    (100.00%)
                 1      cpu-migrations            #    0.000 K/sec                    (100.00%)
            35,092      page-faults               #    0.072 K/sec                  
   400,884,346,808      cycles                    #    0.823 GHz                      (100.00%)
   <not supported>      stalled-cycles-frontend  
   <not supported>      stalled-cycles-backend   
 1,109,379,031,731      instructions              #    2.77  insns per cycle          (100.00%)
   226,883,489,337      branches                  #  465.551 M/sec                    (100.00%)
       191,339,728      branch-misses             #    0.08% of all branches        

     162.465593478 seconds time elapsed