LC_NUMERIC=en_US.UTF8 perf stat -B -a taskset -c 2 /tmp/eucycles/pyben-nio/src/run --server start --bind 10.10.1.2 --size 134217728 --port 8881 --filename /tmp/eucycles/data_file --bufsize 50mb --method "match; func=lambda v: int(chr(v)) < 7; sztype=BEFORE"

2018-07-01 11:09:10,307 | server           | INFO     | PID=23707 | [bufsize: 52428800 bytes] [zerocopy: False]
2018-07-01 11:09:10,322 | methods.match    | INFO     | PID=23707 | [method: methods.match]
2018-07-01 11:09:10,322 | methods.match    | INFO     | PID=23707 | [method parameters: {'sztype': 'BEFORE', 'func': 'lambda v: int(chr(v)) < 7', 'mpws': '50MB'}]
2018-07-01 11:09:10,342 | methods.match    | INFO     | PID=23707 | Start 1 process to handle data filtering
2018-07-01 11:09:10,343 | server           | INFO     | PID=23707 | Ready to send 134217728 bytes using data file size of 1073741824 bytes
2018-07-01 11:09:10,343 | server           | INFO     | PID=23707 | Listening socket bound to port 8881
2018-07-01 11:09:23,476 | server           | INFO     | PID=23707 | Accepted incoming connection ('10.10.1.1', 37340) from client. Sending data ...
2018-07-01 11:10:29,808 | server           | INFO     | PID=23707 | [SUMMARY] [Sent: 93950831 bytes] [Read: 93950831 bytes (69.999% of 134217728 raw bytes)] [Duration: 66.33188700675964 seconds] [Bitrate: 11331000.54764621 bit/s]
2018-07-01 11:10:29,808 | server           | INFO     | PID=23707 | Resources closed, now exiting

 Performance counter stats for 'system wide':

     238894.917935      task-clock (msec)         #    3.000 CPUs utilized            (100.00%)
            16,926      context-switches          #    0.071 K/sec                    (100.00%)
                 1      cpu-migrations            #    0.000 K/sec                    (100.00%)
            40,908      page-faults               #    0.171 K/sec                  
   161,204,744,063      cycles                    #    0.675 GHz                      (100.00%)
   <not supported>      stalled-cycles-frontend  
   <not supported>      stalled-cycles-backend   
   447,423,082,022      instructions              #    2.78  insns per cycle          (100.00%)
    91,314,560,970      branches                  #  382.237 M/sec                    (100.00%)
        58,672,503      branch-misses             #    0.06% of all branches        

      79.634819401 seconds time elapsed