LC_NUMERIC=en_US.UTF8 perf stat -B -a taskset -c 2 /tmp/eucycles/pyben-nio/src/run --server start --bind 10.10.1.6 --size 214748364 --port 8881 --filename /tmp/eucycles/data_file --bufsize 50mb --method "match; func=lambda v: int(chr(v)) < 9; sztype=BEFORE"

2018-07-01 14:30:09,303 | server           | INFO     | PID=19913 | [bufsize: 52428800 bytes] [zerocopy: False]
2018-07-01 14:30:09,317 | methods.match    | INFO     | PID=19913 | [method: methods.match]
2018-07-01 14:30:09,318 | methods.match    | INFO     | PID=19913 | [method parameters: {'func': 'lambda v: int(chr(v)) < 9', 'sztype': 'BEFORE', 'mpws': '50MB'}]
2018-07-01 14:30:09,338 | methods.match    | INFO     | PID=19913 | Start 1 process to handle data filtering
2018-07-01 14:30:09,338 | server           | INFO     | PID=19913 | Ready to send 214748364 bytes using data file size of 1073741824 bytes
2018-07-01 14:30:09,338 | server           | INFO     | PID=19913 | Listening socket bound to port 8881
2018-07-01 14:30:13,867 | server           | INFO     | PID=19913 | Accepted incoming connection ('10.10.1.1', 43274) from client. Sending data ...
2018-07-01 14:32:04,363 | server           | INFO     | PID=19913 | [SUMMARY] [Sent: 193274583 bytes] [Read: 193274583 bytes (90.000% of 214748364 raw bytes)] [Duration: 110.49607491493225 seconds] [Bitrate: 13993227.04621293 bit/s]
2018-07-01 14:32:04,363 | server           | INFO     | PID=19913 | Resources closed, now exiting

 Performance counter stats for 'system wide':

     345463.234959      task-clock (msec)         #    3.000 CPUs utilized            (100.00%)
            25,307      context-switches          #    0.073 K/sec                    (100.00%)
                 1      cpu-migrations            #    0.000 K/sec                    (100.00%)
            66,752      page-faults               #    0.193 K/sec                  
   292,100,870,735      cycles                    #    0.846 GHz                      (100.00%)
   <not supported>      stalled-cycles-frontend  
   <not supported>      stalled-cycles-backend   
   754,038,103,008      instructions              #    2.58  insns per cycle          (100.00%)
   154,050,442,590      branches                  #  445.924 M/sec                    (100.00%)
        49,005,166      branch-misses             #    0.03% of all branches        

     115.152519078 seconds time elapsed