LC_NUMERIC=en_US.UTF8 perf stat -B -a taskset -c 2 /tmp/eucycles/pyben-nio/src/run --server start --bind 10.10.1.3 --size 178956971 --port 8881 --filename /tmp/eucycles/data_file --bufsize 50mb --method "match; func=lambda v: int(chr(v)) < 8; sztype=BEFORE"

2018-07-01 13:02:01,823 | server           | INFO     | PID=12025 | [bufsize: 52428800 bytes] [zerocopy: False]
2018-07-01 13:02:01,838 | methods.match    | INFO     | PID=12025 | [method: methods.match]
2018-07-01 13:02:01,838 | methods.match    | INFO     | PID=12025 | [method parameters: {'func': 'lambda v: int(chr(v)) < 8', 'sztype': 'BEFORE', 'mpws': '50MB'}]
2018-07-01 13:02:01,858 | methods.match    | INFO     | PID=12025 | Start 1 process to handle data filtering
2018-07-01 13:02:01,859 | server           | INFO     | PID=12025 | Ready to send 178956971 bytes using data file size of 1073741824 bytes
2018-07-01 13:02:01,859 | server           | INFO     | PID=12025 | Listening socket bound to port 8881
2018-07-01 13:02:11,406 | server           | INFO     | PID=12025 | Accepted incoming connection ('10.10.1.1', 44214) from client. Sending data ...
2018-07-01 13:03:41,004 | server           | INFO     | PID=12025 | [SUMMARY] [Sent: 143154033 bytes] [Read: 143154033 bytes (79.994% of 178956971 raw bytes)] [Duration: 89.59821200370789 seconds] [Bitrate: 12781865.155440895 bit/s]
2018-07-01 13:03:41,005 | server           | INFO     | PID=12025 | Resources closed, now exiting

 Performance counter stats for 'system wide':

     297919.371394      task-clock (msec)         #    3.000 CPUs utilized            (100.00%)
            20,950      context-switches          #    0.070 K/sec                    (100.00%)
                 1      cpu-migrations            #    0.000 K/sec                    (100.00%)
            53,200      page-faults               #    0.179 K/sec                  
   219,974,075,015      cycles                    #    0.738 GHz                      (100.00%)
   <not supported>      stalled-cycles-frontend  
   <not supported>      stalled-cycles-backend   
   608,224,799,944      instructions              #    2.76  insns per cycle          (100.00%)
   123,763,263,106      branches                  #  415.425 M/sec                    (100.00%)
        58,991,615      branch-misses             #    0.05% of all branches        

      99.317181903 seconds time elapsed