LC_NUMERIC=en_US.UTF8 perf stat -B -a taskset -c 2 /tmp/eucycles/pyben-nio/src/run --server start --bind 10.10.1.4 --size 357913941 --port 8881 --filename /tmp/eucycles/data_file --bufsize 50mb --method "match; func=lambda v: int(chr(v)) < 6; sztype=BEFORE"

2018-07-01 09:01:56,385 | server           | INFO     | PID=27251 | [bufsize: 52428800 bytes] [zerocopy: False]
2018-07-01 09:01:56,400 | methods.match    | INFO     | PID=27251 | [method: methods.match]
2018-07-01 09:01:56,400 | methods.match    | INFO     | PID=27251 | [method parameters: {'mpws': '50MB', 'sztype': 'BEFORE', 'func': 'lambda v: int(chr(v)) < 6'}]
2018-07-01 09:01:56,420 | methods.match    | INFO     | PID=27251 | Start 1 process to handle data filtering
2018-07-01 09:01:56,421 | server           | INFO     | PID=27251 | Ready to send 357913941 bytes using data file size of 1073741824 bytes
2018-07-01 09:01:56,421 | server           | INFO     | PID=27251 | Listening socket bound to port 8881
2018-07-01 09:02:00,945 | server           | INFO     | PID=27251 | Accepted incoming connection ('10.10.1.1', 34933) from client. Sending data ...
2018-07-01 09:04:44,430 | server           | INFO     | PID=27251 | [SUMMARY] [Sent: 214747442 bytes] [Read: 214747442 bytes (60.000% of 357913941 raw bytes)] [Duration: 163.4839849472046 seconds] [Bitrate: 10508549.424916472 bit/s]
2018-07-01 09:04:44,430 | server           | INFO     | PID=27251 | Resources closed, now exiting

 Performance counter stats for 'system wide':

     504392.999191      task-clock (msec)         #    3.000 CPUs utilized            (100.00%)
            36,882      context-switches          #    0.073 K/sec                    (100.00%)
                 1      cpu-migrations            #    0.000 K/sec                    (100.00%)
            70,231      page-faults               #    0.139 K/sec                  
   419,268,889,650      cycles                    #    0.831 GHz                      (100.00%)
   <not supported>      stalled-cycles-frontend  
   <not supported>      stalled-cycles-backend   
 1,153,892,062,953      instructions              #    2.75  insns per cycle          (100.00%)
   235,091,789,099      branches                  #  466.089 M/sec                    (100.00%)
       191,287,034      branch-misses             #    0.08% of all branches        

     168.137528442 seconds time elapsed