LC_NUMERIC=en_US.UTF8 perf stat -B -a taskset -c 2 /tmp/eucycles/pyben-nio/src/run --server start --bind 10.10.1.3 --size 268435456 --port 8881 --filename /tmp/eucycles/data_file --bufsize 50mb --method "match; func=lambda v: int(chr(v)) < 3; sztype=BEFORE"

2018-07-01 05:53:44,615 | server           | INFO     | PID=27535 | [bufsize: 52428800 bytes] [zerocopy: False]
2018-07-01 05:53:44,629 | methods.match    | INFO     | PID=27535 | [method: methods.match]
2018-07-01 05:53:44,629 | methods.match    | INFO     | PID=27535 | [method parameters: {'sztype': 'BEFORE', 'func': 'lambda v: int(chr(v)) < 3', 'mpws': '50MB'}]
2018-07-01 05:53:44,650 | methods.match    | INFO     | PID=27535 | Start 1 process to handle data filtering
2018-07-01 05:53:44,650 | server           | INFO     | PID=27535 | Ready to send 268435456 bytes using data file size of 1073741824 bytes
2018-07-01 05:53:44,650 | server           | INFO     | PID=27535 | Listening socket bound to port 8881
2018-07-01 05:53:51,599 | server           | INFO     | PID=27535 | Accepted incoming connection ('10.10.1.1', 41913) from client. Sending data ...
2018-07-01 05:55:44,989 | server           | INFO     | PID=27535 | [SUMMARY] [Sent: 80526208 bytes] [Read: 80526208 bytes (29.998% of 268435456 raw bytes)] [Duration: 113.39018702507019 seconds] [Bitrate: 5681352.86572521 bit/s]
2018-07-01 05:55:44,989 | server           | INFO     | PID=27535 | Resources closed, now exiting

 Performance counter stats for 'system wide':

     361494.008975      task-clock (msec)         #    3.000 CPUs utilized            (100.00%)
            26,111      context-switches          #    0.072 K/sec                    (100.00%)
                 1      cpu-migrations            #    0.000 K/sec                    (100.00%)
            32,776      page-faults               #    0.091 K/sec                  
   290,007,920,667      cycles                    #    0.802 GHz                      (100.00%)
   <not supported>      stalled-cycles-frontend  
   <not supported>      stalled-cycles-backend   
   810,278,598,839      instructions              #    2.79  insns per cycle          (100.00%)
   165,813,238,371      branches                  #  458.689 M/sec                    (100.00%)
       114,316,011      branch-misses             #    0.07% of all branches        

     120.511073355 seconds time elapsed