LC_NUMERIC=en_US.UTF8 perf stat -B -a taskset -c 2 /tmp/eucycles/pyben-nio/src/run --server start --bind 10.10.1.4 --size 268435456 --port 8881 --filename /tmp/eucycles/data_file --bufsize 50mb --method "match; func=lambda v: int(chr(v)) < 0; sztype=BEFORE"

2018-07-01 01:09:59,555 | server           | INFO     | PID=9349 | [bufsize: 52428800 bytes] [zerocopy: False]
2018-07-01 01:09:59,569 | methods.match    | INFO     | PID=9349 | [method: methods.match]
2018-07-01 01:09:59,569 | methods.match    | INFO     | PID=9349 | [method parameters: {'mpws': '50MB', 'sztype': 'BEFORE', 'func': 'lambda v: int(chr(v)) < 0'}]
2018-07-01 01:09:59,590 | methods.match    | INFO     | PID=9349 | Start 1 process to handle data filtering
2018-07-01 01:09:59,590 | server           | INFO     | PID=9349 | Ready to send 268435456 bytes using data file size of 1073741824 bytes
2018-07-01 01:09:59,590 | server           | INFO     | PID=9349 | Listening socket bound to port 8881
2018-07-01 01:10:05,314 | server           | INFO     | PID=9349 | Accepted incoming connection ('10.10.1.1', 58116) from client. Sending data ...
2018-07-01 01:12:02,341 | server           | INFO     | PID=9349 | [SUMMARY] [Sent: 0 bytes] [Read: 0 bytes (0.000% of 268435456 raw bytes)] [Duration: 117.02697420120239 seconds] [Bitrate: 0.0 bit/s]
2018-07-01 01:12:02,341 | server           | INFO     | PID=9349 | Resources closed, now exiting

 Performance counter stats for 'system wide':

     368758.977710      task-clock (msec)         #    3.000 CPUs utilized            (100.00%)
            27,141      context-switches          #    0.074 K/sec                    (100.00%)
                 1      cpu-migrations            #    0.000 K/sec                    (100.00%)
            23,340      page-faults               #    0.063 K/sec                  
   302,232,391,340      cycles                    #    0.820 GHz                      (100.00%)
   <not supported>      stalled-cycles-frontend  
   <not supported>      stalled-cycles-backend   
   737,462,797,853      instructions              #    2.44  insns per cycle          (100.00%)
   151,123,054,976      branches                  #  409.815 M/sec                    (100.00%)
        32,912,107      branch-misses             #    0.02% of all branches        

     122.924364526 seconds time elapsed