LC_NUMERIC=en_US.UTF8 perf stat -B -a taskset -c 2 /tmp/eucycles/pyben-nio/src/run --client start --addresses 10.10.1.2 --size 1GB --port 8881 --bind 10.10.1.1 --bufsize 50mb --method "raw"

2018-07-01 08:48:35,240 | client           | INFO     | PID=32324 | [bufsize: 52428800 bytes]
2018-07-01 08:48:35,264 | client           | INFO     | PID=32325 | Connecting to server 10.10.1.2 on port 8881
2018-07-01 08:48:35,264 | client           | INFO     | PID=32325 | Connection established. Receiving data ...
2018-07-01 08:48:35,264 | methods.raw      | INFO     | PID=32325 | [method: methods.raw]
2018-07-01 08:48:35,264 | methods.raw      | INFO     | PID=32325 | [method parameters: {}]
2018-07-01 08:56:49,715 | client           | INFO     | PID=32325 | [Received: 644260845 bytes (644260845 raw bytes)] [Duration: 494.4293189048767 seconds] [Bitrate: 10424314.58436953 bit/s]
2018-07-01 08:56:49,715 | client           | INFO     | PID=32325 | Socket closed
2018-07-01 08:56:50,853 | client           | INFO     | PID=32324 | [SUMMARY] [Received: 644260845 bytes (100.000% of 644260845 raw bytes)] [Duration: 494.4293189048767 seconds] [Bitrate: 10424314.58436953 bit/s]

 Performance counter stats for 'system wide':

    1486989.640862      task-clock (msec)         #    3.000 CPUs utilized            (100.00%)
         1,024,275      context-switches          #    0.689 K/sec                    (100.00%)
                 1      cpu-migrations            #    0.000 K/sec                    (100.00%)
         1,134,318      page-faults               #    0.763 K/sec                  
    50,344,263,085      cycles                    #    0.034 GHz                      (100.00%)
   <not supported>      stalled-cycles-frontend  
   <not supported>      stalled-cycles-backend   
    77,370,445,938      instructions              #    1.54  insns per cycle          (100.00%)
    19,030,253,985      branches                  #   12.798 M/sec                    (100.00%)
        60,672,741      branch-misses             #    0.32% of all branches        

     495.687216893 seconds time elapsed