LC_NUMERIC=en_US.UTF8 perf stat -B -a taskset -c 2 /tmp/eucycles/pyben-nio/src/run --server start --bind 10.10.1.5 --size 178956971 --port 8881 --filename /tmp/eucycles/data_file --bufsize 50mb --method "match; func=lambda v: int(chr(v)) < 8; sztype=BEFORE"

2018-07-01 12:32:35,298 | server           | INFO     | PID=25557 | [bufsize: 52428800 bytes] [zerocopy: False]
2018-07-01 12:32:35,312 | methods.match    | INFO     | PID=25557 | [method: methods.match]
2018-07-01 12:32:35,312 | methods.match    | INFO     | PID=25557 | [method parameters: {'mpws': '50MB', 'func': 'lambda v: int(chr(v)) < 8', 'sztype': 'BEFORE'}]
2018-07-01 12:32:35,333 | methods.match    | INFO     | PID=25557 | Start 1 process to handle data filtering
2018-07-01 12:32:35,333 | server           | INFO     | PID=25557 | Ready to send 178956971 bytes using data file size of 1073741824 bytes
2018-07-01 12:32:35,333 | server           | INFO     | PID=25557 | Listening socket bound to port 8881
2018-07-01 12:32:42,371 | server           | INFO     | PID=25557 | Accepted incoming connection ('10.10.1.1', 43853) from client. Sending data ...
2018-07-01 12:34:12,807 | server           | INFO     | PID=25557 | [SUMMARY] [Sent: 143156415 bytes] [Read: 143156415 bytes (79.995% of 178956971 raw bytes)] [Duration: 90.43618893623352 seconds] [Bitrate: 12663639.782604238 bit/s]
2018-07-01 12:34:12,807 | server           | INFO     | PID=25557 | Resources closed, now exiting

 Performance counter stats for 'system wide':

     292935.475853      task-clock (msec)         #    3.000 CPUs utilized            (100.00%)
            20,800      context-switches          #    0.071 K/sec                    (100.00%)
                 1      cpu-migrations            #    0.000 K/sec                    (100.00%)
            52,827      page-faults               #    0.180 K/sec                  
   258,194,030,783      cycles                    #    0.881 GHz                      (100.00%)
   <not supported>      stalled-cycles-frontend  
   <not supported>      stalled-cycles-backend   
   624,521,389,155      instructions              #    2.42  insns per cycle          (100.00%)
   128,463,846,664      branches                  #  438.540 M/sec                    (100.00%)
        58,982,616      branch-misses             #    0.05% of all branches        

      97.642873291 seconds time elapsed