LC_NUMERIC=en_US.UTF8 perf stat -B -a taskset -c 2 /tmp/eucycles/pyben-nio/src/run --server start --bind 10.10.1.3 --size 536870912 --port 8881 --filename /tmp/eucycles/data_file --bufsize 50mb --method "match; func=lambda v: int(chr(v)) < 9; sztype=BEFORE"

2018-07-01 14:18:34,536 | server           | INFO     | PID=14707 | [bufsize: 52428800 bytes] [zerocopy: False]
2018-07-01 14:18:34,550 | methods.match    | INFO     | PID=14707 | [method: methods.match]
2018-07-01 14:18:34,550 | methods.match    | INFO     | PID=14707 | [method parameters: {'sztype': 'BEFORE', 'func': 'lambda v: int(chr(v)) < 9', 'mpws': '50MB'}]
2018-07-01 14:18:34,571 | methods.match    | INFO     | PID=14707 | Start 1 process to handle data filtering
2018-07-01 14:18:34,571 | server           | INFO     | PID=14707 | Ready to send 536870912 bytes using data file size of 1073741824 bytes
2018-07-01 14:18:34,571 | server           | INFO     | PID=14707 | Listening socket bound to port 8881
2018-07-01 14:18:38,970 | server           | INFO     | PID=14707 | Accepted incoming connection ('10.10.1.1', 52667) from client. Sending data ...
2018-07-01 14:23:04,898 | server           | INFO     | PID=14707 | [SUMMARY] [Sent: 483177255 bytes] [Read: 483177255 bytes (89.999% of 536870912 raw bytes)] [Duration: 265.927855014801 seconds] [Bitrate: 14535589.134823272 bit/s]
2018-07-01 14:23:04,898 | server           | INFO     | PID=14707 | Resources closed, now exiting

 Performance counter stats for 'system wide':

     811274.840822      task-clock (msec)         #    3.000 CPUs utilized            (100.00%)
            57,299      context-switches          #    0.071 K/sec                    (100.00%)
                 1      cpu-migrations            #    0.000 K/sec                    (100.00%)
           140,131      page-faults               #    0.173 K/sec                  
   674,476,703,437      cycles                    #    0.831 GHz                      (100.00%)
   <not supported>      stalled-cycles-frontend  
   <not supported>      stalled-cycles-backend   
 1,892,203,927,326      instructions              #    2.81  insns per cycle          (100.00%)
   386,380,876,918      branches                  #  476.264 M/sec                    (100.00%)
       118,094,260      branch-misses             #    0.03% of all branches        

     270.454550473 seconds time elapsed