LC_NUMERIC=en_US.UTF8 perf stat -B -a taskset -c 2 /tmp/eucycles/pyben-nio/src/run --server start --bind 10.10.1.3 --size 134217728 --port 8881 --filename /tmp/eucycles/data_file --bufsize 50mb --method "match; func=lambda v: int(chr(v)) < 0; sztype=BEFORE"

2018-07-01 01:18:57,137 | server           | INFO     | PID=16114 | [bufsize: 52428800 bytes] [zerocopy: False]
2018-07-01 01:18:57,151 | methods.match    | INFO     | PID=16114 | [method: methods.match]
2018-07-01 01:18:57,152 | methods.match    | INFO     | PID=16114 | [method parameters: {'sztype': 'BEFORE', 'mpws': '50MB', 'func': 'lambda v: int(chr(v)) < 0'}]
2018-07-01 01:18:57,172 | methods.match    | INFO     | PID=16114 | Start 1 process to handle data filtering
2018-07-01 01:18:57,172 | server           | INFO     | PID=16114 | Ready to send 134217728 bytes using data file size of 1073741824 bytes
2018-07-01 01:18:57,172 | server           | INFO     | PID=16114 | Listening socket bound to port 8881
2018-07-01 01:19:09,244 | server           | INFO     | PID=16114 | Accepted incoming connection ('10.10.1.1', 34905) from client. Sending data ...
2018-07-01 01:20:05,815 | server           | INFO     | PID=16114 | [SUMMARY] [Sent: 0 bytes] [Read: 0 bytes (0.000% of 134217728 raw bytes)] [Duration: 56.57077622413635 seconds] [Bitrate: 0.0 bit/s]
2018-07-01 01:20:05,815 | server           | INFO     | PID=16114 | Resources closed, now exiting

 Performance counter stats for 'system wide':

     206415.415355      task-clock (msec)         #    3.000 CPUs utilized            (100.00%)
            14,859      context-switches          #    0.072 K/sec                    (100.00%)
                 1      cpu-migrations            #    0.000 K/sec                    (100.00%)
            23,706      page-faults               #    0.115 K/sec                  
   146,615,349,493      cycles                    #    0.710 GHz                      (100.00%)
   <not supported>      stalled-cycles-frontend  
   <not supported>      stalled-cycles-backend   
   374,469,544,659      instructions              #    2.55  insns per cycle          (100.00%)
    76,751,854,748      branches                  #  371.832 M/sec                    (100.00%)
        18,291,422      branch-misses             #    0.02% of all branches        

      68.812514321 seconds time elapsed