LC_NUMERIC=en_US.UTF8 perf stat -B -a taskset -c 2 /tmp/eucycles/pyben-nio/src/run --server start --bind 10.10.1.2 --size 536870912 --port 8881 --filename /tmp/eucycles/data_file --bufsize 50mb --method "match; func=lambda v: int(chr(v)) < 6; sztype=BEFORE"

2018-07-01 09:53:48,296 | server           | INFO     | PID=20406 | [bufsize: 52428800 bytes] [zerocopy: False]
2018-07-01 09:53:48,311 | methods.match    | INFO     | PID=20406 | [method: methods.match]
2018-07-01 09:53:48,311 | methods.match    | INFO     | PID=20406 | [method parameters: {'sztype': 'BEFORE', 'mpws': '50MB', 'func': 'lambda v: int(chr(v)) < 6'}]
2018-07-01 09:53:48,332 | methods.match    | INFO     | PID=20406 | Start 1 process to handle data filtering
2018-07-01 09:53:48,332 | server           | INFO     | PID=20406 | Ready to send 536870912 bytes using data file size of 1073741824 bytes
2018-07-01 09:53:48,332 | server           | INFO     | PID=20406 | Listening socket bound to port 8881
2018-07-01 09:53:53,915 | server           | INFO     | PID=20406 | Accepted incoming connection ('10.10.1.1', 50820) from client. Sending data ...
2018-07-01 09:58:01,288 | server           | INFO     | PID=20406 | [SUMMARY] [Sent: 322127767 bytes] [Read: 322127767 bytes (60.001% of 536870912 raw bytes)] [Duration: 247.37271809577942 seconds] [Bitrate: 10417568.09658457 bit/s]
2018-07-01 09:58:01,288 | server           | INFO     | PID=20406 | Resources closed, now exiting

 Performance counter stats for 'system wide':

     759346.489815      task-clock (msec)         #    3.000 CPUs utilized            (100.00%)
            53,940      context-switches          #    0.071 K/sec                    (100.00%)
                 1      cpu-migrations            #    0.000 K/sec                    (100.00%)
            97,726      page-faults               #    0.129 K/sec                  
   628,186,892,409      cycles                    #    0.827 GHz                      (100.00%)
   <not supported>      stalled-cycles-frontend  
   <not supported>      stalled-cycles-backend   
 1,738,322,125,177      instructions              #    2.77  insns per cycle          (100.00%)
   355,046,151,783      branches                  #  467.568 M/sec                    (100.00%)
       286,990,203      branch-misses             #    0.08% of all branches        

     253.126066281 seconds time elapsed