LC_NUMERIC=en_US.UTF8 perf stat -B -a taskset -c 2 /tmp/eucycles/pyben-nio/src/run --server start --bind 10.10.1.6 --size 178956970 --port 8881 --filename /tmp/eucycles/data_file --bufsize 50mb --method "match; func=lambda v: int(chr(v)) < 4; sztype=BEFORE"

2018-07-01 06:25:25,243 | server           | INFO     | PID=6507 | [bufsize: 52428800 bytes] [zerocopy: False]
2018-07-01 06:25:25,257 | methods.match    | INFO     | PID=6507 | [method: methods.match]
2018-07-01 06:25:25,257 | methods.match    | INFO     | PID=6507 | [method parameters: {'func': 'lambda v: int(chr(v)) < 4', 'sztype': 'BEFORE', 'mpws': '50MB'}]
2018-07-01 06:25:25,278 | methods.match    | INFO     | PID=6507 | Start 1 process to handle data filtering
2018-07-01 06:25:25,278 | server           | INFO     | PID=6507 | Ready to send 178956970 bytes using data file size of 1073741824 bytes
2018-07-01 06:25:25,278 | server           | INFO     | PID=6507 | Listening socket bound to port 8881
2018-07-01 06:25:31,181 | server           | INFO     | PID=6507 | Accepted incoming connection ('10.10.1.1', 39500) from client. Sending data ...
2018-07-01 06:26:49,402 | server           | INFO     | PID=6507 | [SUMMARY] [Sent: 71587882 bytes] [Read: 71587882 bytes (40.003% of 178956970 raw bytes)] [Duration: 78.2209939956665 seconds] [Bitrate: 7321602.893869236 bit/s]
2018-07-01 06:26:49,402 | server           | INFO     | PID=6507 | Resources closed, now exiting

 Performance counter stats for 'system wide':

     252889.212918      task-clock (msec)         #    3.000 CPUs utilized            (100.00%)
            18,924      context-switches          #    0.075 K/sec                    (100.00%)
                 1      cpu-migrations            #    0.000 K/sec                    (100.00%)
            27,307      page-faults               #    0.108 K/sec                  
   230,258,500,366      cycles                    #    0.911 GHz                      (100.00%)
   <not supported>      stalled-cycles-frontend  
   <not supported>      stalled-cycles-backend   
   562,848,432,073      instructions              #    2.44  insns per cycle          (100.00%)
   115,566,506,207      branches                  #  456.985 M/sec                    (100.00%)
        97,187,880      branch-misses             #    0.08% of all branches        

      84.294962591 seconds time elapsed