LC_NUMERIC=en_US.UTF8 perf stat -B -a taskset -c 2 /tmp/eucycles/pyben-nio/src/run --server start --bind 10.10.1.3 --size 536870912 --port 8881 --filename /tmp/eucycles/data_file --bufsize 50mb --method "match; func=lambda v: int(chr(v)) < 5; sztype=BEFORE"

2018-07-01 07:33:51,877 | server           | INFO     | PID=31786 | [bufsize: 52428800 bytes] [zerocopy: False]
2018-07-01 07:33:51,891 | methods.match    | INFO     | PID=31786 | [method: methods.match]
2018-07-01 07:33:51,891 | methods.match    | INFO     | PID=31786 | [method parameters: {'mpws': '50MB', 'func': 'lambda v: int(chr(v)) < 5', 'sztype': 'BEFORE'}]
2018-07-01 07:33:51,912 | methods.match    | INFO     | PID=31786 | Start 1 process to handle data filtering
2018-07-01 07:33:51,912 | server           | INFO     | PID=31786 | Ready to send 536870912 bytes using data file size of 1073741824 bytes
2018-07-01 07:33:51,912 | server           | INFO     | PID=31786 | Listening socket bound to port 8881
2018-07-01 07:33:56,312 | server           | INFO     | PID=31786 | Accepted incoming connection ('10.10.1.1', 56247) from client. Sending data ...
2018-07-01 07:37:57,653 | server           | INFO     | PID=31786 | [SUMMARY] [Sent: 268425977 bytes] [Read: 268425977 bytes (49.998% of 536870912 raw bytes)] [Duration: 241.34162592887878 seconds] [Bitrate: 8897792.94282546 bit/s]
2018-07-01 07:37:57,654 | server           | INFO     | PID=31786 | Resources closed, now exiting

 Performance counter stats for 'system wide':

     737529.755057      task-clock (msec)         #    3.000 CPUs utilized            (100.00%)
            51,830      context-switches          #    0.070 K/sec                    (100.00%)
                 1      cpu-migrations            #    0.000 K/sec                    (100.00%)
            30,646      page-faults               #    0.042 K/sec                  
   616,937,485,319      cycles                    #    0.836 GHz                      (100.00%)
   <not supported>      stalled-cycles-frontend  
   <not supported>      stalled-cycles-backend   
 1,709,600,355,986      instructions              #    2.77  insns per cycle          (100.00%)
   350,477,644,467      branches                  #  475.205 M/sec                    (100.00%)
       330,728,435      branch-misses             #    0.09% of all branches        

     245.870144605 seconds time elapsed