LC_NUMERIC=en_US.UTF8 perf stat -B -a taskset -c 2 /tmp/eucycles/pyben-nio/src/run --server start --bind 10.10.1.3 --size 536870912 --port 8881 --filename /tmp/eucycles/data_file --bufsize 50mb --method "match; func=lambda v: int(chr(v)) < 8; sztype=BEFORE"

2018-07-01 12:18:54,388 | server           | INFO     | PID=10320 | [bufsize: 52428800 bytes] [zerocopy: False]
2018-07-01 12:18:54,402 | methods.match    | INFO     | PID=10320 | [method: methods.match]
2018-07-01 12:18:54,402 | methods.match    | INFO     | PID=10320 | [method parameters: {'func': 'lambda v: int(chr(v)) < 8', 'sztype': 'BEFORE', 'mpws': '50MB'}]
2018-07-01 12:18:54,422 | methods.match    | INFO     | PID=10320 | Start 1 process to handle data filtering
2018-07-01 12:18:54,423 | server           | INFO     | PID=10320 | Ready to send 536870912 bytes using data file size of 1073741824 bytes
2018-07-01 12:18:54,423 | server           | INFO     | PID=10320 | Listening socket bound to port 8881
2018-07-01 12:18:58,820 | server           | INFO     | PID=10320 | Accepted incoming connection ('10.10.1.1', 36348) from client. Sending data ...
2018-07-01 12:23:17,730 | server           | INFO     | PID=10320 | [SUMMARY] [Sent: 429498971 bytes] [Read: 429498971 bytes (80.000% of 536870912 raw bytes)] [Duration: 258.90965390205383 seconds] [Bitrate: 13271006.763231179 bit/s]
2018-07-01 12:23:17,730 | server           | INFO     | PID=10320 | Resources closed, now exiting

 Performance counter stats for 'system wide':

     790219.808029      task-clock (msec)         #    3.000 CPUs utilized            (100.00%)
            55,733      context-switches          #    0.071 K/sec                    (100.00%)
                 1      cpu-migrations            #    0.000 K/sec                    (100.00%)
           125,919      page-faults               #    0.159 K/sec                  
   656,883,336,430      cycles                    #    0.831 GHz                      (100.00%)
   <not supported>      stalled-cycles-frontend  
   <not supported>      stalled-cycles-backend   
 1,831,955,606,487      instructions              #    2.79  insns per cycle          (100.00%)
   373,246,561,669      branches                  #  472.333 M/sec                    (100.00%)
       171,280,260      branch-misses             #    0.05% of all branches        

     263.435431383 seconds time elapsed