LC_NUMERIC=en_US.UTF8 perf stat -B -a taskset -c 2 /tmp/eucycles/pyben-nio/src/run --server start --bind 10.10.1.3 --size 357913941 --port 8881 --filename /tmp/eucycles/data_file --bufsize 50mb --method "match; func=lambda v: int(chr(v)) < 9; sztype=BEFORE"

2018-07-01 13:22:59,306 | server           | INFO     | PID=12669 | [bufsize: 52428800 bytes] [zerocopy: False]
2018-07-01 13:22:59,320 | methods.match    | INFO     | PID=12669 | [method: methods.match]
2018-07-01 13:22:59,320 | methods.match    | INFO     | PID=12669 | [method parameters: {'func': 'lambda v: int(chr(v)) < 9', 'sztype': 'BEFORE', 'mpws': '50MB'}]
2018-07-01 13:22:59,340 | methods.match    | INFO     | PID=12669 | Start 1 process to handle data filtering
2018-07-01 13:22:59,340 | server           | INFO     | PID=12669 | Ready to send 357913941 bytes using data file size of 1073741824 bytes
2018-07-01 13:22:59,340 | server           | INFO     | PID=12669 | Listening socket bound to port 8881
2018-07-01 13:23:04,953 | server           | INFO     | PID=12669 | Accepted incoming connection ('10.10.1.1', 56318) from client. Sending data ...
2018-07-01 13:26:04,158 | server           | INFO     | PID=12669 | [SUMMARY] [Sent: 322112475 bytes] [Read: 322112475 bytes (89.997% of 357913941 raw bytes)] [Duration: 179.20445585250854 seconds] [Bitrate: 14379663.65144892 bit/s]
2018-07-01 13:26:04,158 | server           | INFO     | PID=12669 | Resources closed, now exiting

 Performance counter stats for 'system wide':

     554904.998507      task-clock (msec)         #    3.000 CPUs utilized            (100.00%)
            39,335      context-switches          #    0.071 K/sec                    (100.00%)
                 1      cpu-migrations            #    0.000 K/sec                    (100.00%)
            97,598      page-faults               #    0.176 K/sec                  
   453,374,928,687      cycles                    #    0.817 GHz                      (100.00%)
   <not supported>      stalled-cycles-frontend  
   <not supported>      stalled-cycles-backend   
 1,267,164,699,060      instructions              #    2.79  insns per cycle          (100.00%)
   259,025,466,190      branches                  #  466.792 M/sec                    (100.00%)
        79,251,449      branch-misses             #    0.03% of all branches        

     184.988514736 seconds time elapsed