LC_NUMERIC=en_US.UTF8 perf stat -B -a taskset -c 2 /tmp/eucycles/pyben-nio/src/run --server start --bind 10.10.1.5 --size 153391689 --port 8881 --filename /tmp/eucycles/data_file --bufsize 50mb --method "match; func=lambda v: int(chr(v)) < 9; sztype=BEFORE"

2018-07-01 14:35:03,799 | server           | INFO     | PID=29319 | [bufsize: 52428800 bytes] [zerocopy: False]
2018-07-01 14:35:03,813 | methods.match    | INFO     | PID=29319 | [method: methods.match]
2018-07-01 14:35:03,813 | methods.match    | INFO     | PID=29319 | [method parameters: {'sztype': 'BEFORE', 'func': 'lambda v: int(chr(v)) < 9', 'mpws': '50MB'}]
2018-07-01 14:35:03,834 | methods.match    | INFO     | PID=29319 | Start 1 process to handle data filtering
2018-07-01 14:35:03,834 | server           | INFO     | PID=29319 | Ready to send 153391689 bytes using data file size of 1073741824 bytes
2018-07-01 14:35:03,834 | server           | INFO     | PID=29319 | Listening socket bound to port 8881
2018-07-01 14:35:12,144 | server           | INFO     | PID=29319 | Accepted incoming connection ('10.10.1.1', 36943) from client. Sending data ...
2018-07-01 14:36:29,380 | server           | INFO     | PID=29319 | [SUMMARY] [Sent: 138047009 bytes] [Read: 138047009 bytes (89.996% of 153391689 raw bytes)] [Duration: 77.23622584342957 seconds] [Bitrate: 14298679.925644614 bit/s]
2018-07-01 14:36:29,380 | server           | INFO     | PID=29319 | Resources closed, now exiting

 Performance counter stats for 'system wide':

     257148.883294      task-clock (msec)         #    3.000 CPUs utilized            (100.00%)
            18,571      context-switches          #    0.072 K/sec                    (100.00%)
                 1      cpu-migrations            #    0.000 K/sec                    (100.00%)
            52,378      page-faults               #    0.204 K/sec                  
   220,748,867,547      cycles                    #    0.858 GHz                      (100.00%)
   <not supported>      stalled-cycles-frontend  
   <not supported>      stalled-cycles-backend   
   541,543,353,215      instructions              #    2.45  insns per cycle          (100.00%)
   110,498,178,549      branches                  #  429.705 M/sec                    (100.00%)
        35,863,202      branch-misses             #    0.03% of all branches        

      85.714258650 seconds time elapsed