LC_NUMERIC=en_US.UTF8 perf stat -B -a taskset -c 2 /tmp/eucycles/pyben-nio/src/run --client start --addresses 10.10.1.2  10.10.1.3  10.10.1.4 --size 1GB --port 8881 --bind 10.10.1.1 --bufsize 50mb --method "raw"

2018-07-01 14:23:38,278 | client           | INFO     | PID=19624 | [bufsize: 52428800 bytes]
2018-07-01 14:23:38,305 | client           | INFO     | PID=19627 | Connecting to server 10.10.1.2 on port 8881
2018-07-01 14:23:38,306 | client           | INFO     | PID=19626 | Connecting to server 10.10.1.3 on port 8881
2018-07-01 14:23:38,307 | client           | INFO     | PID=19627 | Connection established. Receiving data ...
2018-07-01 14:23:38,307 | methods.raw      | INFO     | PID=19627 | [method: methods.raw]
2018-07-01 14:23:38,307 | methods.raw      | INFO     | PID=19627 | [method parameters: {}]
2018-07-01 14:23:38,311 | client           | INFO     | PID=19626 | Connection established. Receiving data ...
2018-07-01 14:23:38,311 | methods.raw      | INFO     | PID=19626 | [method: methods.raw]
2018-07-01 14:23:38,312 | methods.raw      | INFO     | PID=19626 | [method parameters: {}]
2018-07-01 14:23:38,316 | client           | INFO     | PID=19625 | Connecting to server 10.10.1.4 on port 8881
2018-07-01 14:23:38,316 | client           | INFO     | PID=19625 | Connection established. Receiving data ...
2018-07-01 14:23:38,316 | methods.raw      | INFO     | PID=19625 | [method: methods.raw]
2018-07-01 14:23:38,316 | methods.raw      | INFO     | PID=19625 | [method parameters: {}]
2018-07-01 14:26:34,870 | client           | INFO     | PID=19626 | [Received: 322112475 bytes (322112475 raw bytes)] [Duration: 176.50958108901978 seconds] [Bitrate: 14599206.36659594 bit/s]
2018-07-01 14:26:34,870 | client           | INFO     | PID=19626 | Socket closed
2018-07-01 14:26:35,678 | client           | INFO     | PID=19627 | [Received: 322126122 bytes (322126122 raw bytes)] [Duration: 177.31272387504578 seconds] [Bitrate: 14533694.591573961 bit/s]
2018-07-01 14:26:35,678 | client           | INFO     | PID=19627 | Socket closed
2018-07-01 14:26:39,654 | client           | INFO     | PID=19625 | [Received: 322119208 bytes (322119208 raw bytes)] [Duration: 181.2829110622406 seconds] [Bitrate: 14215094.235304087 bit/s]
2018-07-01 14:26:39,654 | client           | INFO     | PID=19625 | Socket closed
2018-07-01 14:26:40,130 | client           | INFO     | PID=19624 | [SUMMARY] [Received: 966357805 bytes (100.000% of 966357805 raw bytes)] [Duration: 181.29304909706116 seconds] [Bitrate: 42642905.93877667 bit/s]

 Performance counter stats for 'system wide':

     545750.539695      task-clock (msec)         #    3.000 CPUs utilized            (100.00%)
           377,285      context-switches          #    0.691 K/sec                    (100.00%)
                 1      cpu-migrations            #    0.000 K/sec                    (100.00%)
         1,188,467      page-faults               #    0.002 M/sec                  
    42,990,923,783      cycles                    #    0.079 GHz                      (100.00%)
   <not supported>      stalled-cycles-frontend  
   <not supported>      stalled-cycles-backend   
    91,865,294,211      instructions              #    2.14  insns per cycle          (100.00%)
    22,857,613,294      branches                  #   41.883 M/sec                    (100.00%)
        47,994,967      branch-misses             #    0.21% of all branches        

     181.925521695 seconds time elapsed