LC_NUMERIC=en_US.UTF8 perf stat -B -a taskset -c 2 /tmp/eucycles/pyben-nio/src/run --server start --bind 10.10.1.8 --size 134217728 --port 8881 --filename /tmp/eucycles/data_file --bufsize 50mb --method "match; func=lambda v: int(chr(v)) < 5; sztype=BEFORE"

2018-07-01 08:46:36,240 | server           | INFO     | PID=28497 | [bufsize: 52428800 bytes] [zerocopy: False]
2018-07-01 08:46:36,254 | methods.match    | INFO     | PID=28497 | [method: methods.match]
2018-07-01 08:46:36,254 | methods.match    | INFO     | PID=28497 | [method parameters: {'func': 'lambda v: int(chr(v)) < 5', 'sztype': 'BEFORE', 'mpws': '50MB'}]
2018-07-01 08:46:36,275 | methods.match    | INFO     | PID=28497 | Start 1 process to handle data filtering
2018-07-01 08:46:36,275 | server           | INFO     | PID=28497 | Ready to send 134217728 bytes using data file size of 1073741824 bytes
2018-07-01 08:46:36,275 | server           | INFO     | PID=28497 | Listening socket bound to port 8881
2018-07-01 08:46:42,173 | server           | INFO     | PID=28497 | Accepted incoming connection ('10.10.1.1', 55122) from client. Sending data ...
2018-07-01 08:47:42,476 | server           | INFO     | PID=28497 | [SUMMARY] [Sent: 67109270 bytes] [Read: 67109270 bytes (50.000% of 134217728 raw bytes)] [Duration: 60.30324602127075 seconds] [Bitrate: 8902906.483850446 bit/s]
2018-07-01 08:47:42,477 | server           | INFO     | PID=28497 | Resources closed, now exiting

 Performance counter stats for 'system wide':

     199129.396424      task-clock (msec)         #    3.000 CPUs utilized            (100.00%)
            14,972      context-switches          #    0.075 K/sec                    (100.00%)
                 1      cpu-migrations            #    0.000 K/sec                    (100.00%)
            30,025      page-faults               #    0.151 K/sec                  
   161,588,370,831      cycles                    #    0.811 GHz                      (100.00%)
   <not supported>      stalled-cycles-frontend  
   <not supported>      stalled-cycles-backend   
   424,080,042,131      instructions              #    2.62  insns per cycle          (100.00%)
    86,542,366,602      branches                  #  434.604 M/sec                    (100.00%)
        84,982,458      branch-misses             #    0.10% of all branches        

      66.373649515 seconds time elapsed