LC_NUMERIC=en_US.UTF8 perf stat -B -a taskset -c 2 /tmp/eucycles/pyben-nio/src/run --server start --bind 10.10.1.4 --size 178956971 --port 8881 --filename /tmp/eucycles/data_file --bufsize 50mb --method "match; func=lambda v: int(chr(v)) < 8; sztype=BEFORE"

2018-07-01 12:03:12,676 | server           | INFO     | PID=1238 | [bufsize: 52428800 bytes] [zerocopy: False]
2018-07-01 12:03:12,691 | methods.match    | INFO     | PID=1238 | [method: methods.match]
2018-07-01 12:03:12,691 | methods.match    | INFO     | PID=1238 | [method parameters: {'sztype': 'BEFORE', 'mpws': '50MB', 'func': 'lambda v: int(chr(v)) < 8'}]
2018-07-01 12:03:12,711 | methods.match    | INFO     | PID=1238 | Start 1 process to handle data filtering
2018-07-01 12:03:12,712 | server           | INFO     | PID=1238 | Ready to send 178956971 bytes using data file size of 1073741824 bytes
2018-07-01 12:03:12,712 | server           | INFO     | PID=1238 | Listening socket bound to port 8881
2018-07-01 12:03:20,972 | server           | INFO     | PID=1238 | Accepted incoming connection ('10.10.1.1', 49028) from client. Sending data ...
2018-07-01 12:04:49,969 | server           | INFO     | PID=1238 | [SUMMARY] [Sent: 143157465 bytes] [Read: 143157465 bytes (79.995% of 178956971 raw bytes)] [Duration: 88.99722981452942 seconds] [Bitrate: 12868487.281983111 bit/s]
2018-07-01 12:04:49,969 | server           | INFO     | PID=1238 | Resources closed, now exiting

 Performance counter stats for 'system wide':

     292284.578221      task-clock (msec)         #    3.000 CPUs utilized            (100.00%)
            20,866      context-switches          #    0.071 K/sec                    (100.00%)
                 1      cpu-migrations            #    0.000 K/sec                    (100.00%)
            53,190      page-faults               #    0.182 K/sec                  
   219,686,680,496      cycles                    #    0.752 GHz                      (100.00%)
   <not supported>      stalled-cycles-frontend  
   <not supported>      stalled-cycles-backend   
   613,753,630,925      instructions              #    2.79  insns per cycle          (100.00%)
   125,368,935,308      branches                  #  428.928 M/sec                    (100.00%)
        58,964,400      branch-misses             #    0.05% of all branches        

      97.431888875 seconds time elapsed