LC_NUMERIC=en_US.UTF8 perf stat -B -a taskset -c 2 /tmp/eucycles/pyben-nio/src/run --server start --bind 10.10.1.4 --size 153391689 --port 8881 --filename /tmp/eucycles/data_file --bufsize 50mb --method "match; func=lambda v: int(chr(v)) < 5; sztype=BEFORE"

2018-07-01 08:44:28,596 | server           | INFO     | PID=26848 | [bufsize: 52428800 bytes] [zerocopy: False]
2018-07-01 08:44:28,611 | methods.match    | INFO     | PID=26848 | [method: methods.match]
2018-07-01 08:44:28,611 | methods.match    | INFO     | PID=26848 | [method parameters: {'mpws': '50MB', 'func': 'lambda v: int(chr(v)) < 5', 'sztype': 'BEFORE'}]
2018-07-01 08:44:28,631 | methods.match    | INFO     | PID=26848 | Start 1 process to handle data filtering
2018-07-01 08:44:28,632 | server           | INFO     | PID=26848 | Ready to send 153391689 bytes using data file size of 1073741824 bytes
2018-07-01 08:44:28,632 | server           | INFO     | PID=26848 | Listening socket bound to port 8881
2018-07-01 08:44:38,079 | server           | INFO     | PID=26848 | Accepted incoming connection ('10.10.1.1', 42037) from client. Sending data ...
2018-07-01 08:45:48,703 | server           | INFO     | PID=26848 | [SUMMARY] [Sent: 76682448 bytes] [Read: 76682448 bytes (49.991% of 153391689 raw bytes)] [Duration: 70.62366485595703 seconds] [Bitrate: 8686317.613949984 bit/s]
2018-07-01 08:45:48,703 | server           | INFO     | PID=26848 | Resources closed, now exiting

 Performance counter stats for 'system wide':

     240728.265077      task-clock (msec)         #    3.000 CPUs utilized            (100.00%)
            17,649      context-switches          #    0.073 K/sec                    (100.00%)
                 1      cpu-migrations            #    0.000 K/sec                    (100.00%)
            30,572      page-faults               #    0.127 K/sec                  
   177,924,468,032      cycles                    #    0.739 GHz                      (100.00%)
   <not supported>      stalled-cycles-frontend  
   <not supported>      stalled-cycles-backend   
   485,880,232,139      instructions              #    2.73  insns per cycle          (100.00%)
    99,135,782,520      branches                  #  411.816 M/sec                    (100.00%)
       158,719,930      branch-misses             #    0.16% of all branches        

      80.245760949 seconds time elapsed