LC_NUMERIC=en_US.UTF8 perf stat -B -a taskset -c 2 /tmp/eucycles/pyben-nio/src/run --server start --bind 10.10.1.2 --size 357913942 --port 8881 --filename /tmp/eucycles/data_file --bufsize 50mb --method "match; func=lambda v: int(chr(v)) < 8; sztype=BEFORE"

2018-07-01 12:23:41,642 | server           | INFO     | PID=26574 | [bufsize: 52428800 bytes] [zerocopy: False]
2018-07-01 12:23:41,657 | methods.match    | INFO     | PID=26574 | [method: methods.match]
2018-07-01 12:23:41,657 | methods.match    | INFO     | PID=26574 | [method parameters: {'sztype': 'BEFORE', 'mpws': '50MB', 'func': 'lambda v: int(chr(v)) < 8'}]
2018-07-01 12:23:41,677 | methods.match    | INFO     | PID=26574 | Start 1 process to handle data filtering
2018-07-01 12:23:41,678 | server           | INFO     | PID=26574 | Ready to send 357913942 bytes using data file size of 1073741824 bytes
2018-07-01 12:23:41,678 | server           | INFO     | PID=26574 | Listening socket bound to port 8881
2018-07-01 12:23:48,528 | server           | INFO     | PID=26574 | Accepted incoming connection ('10.10.1.1', 49603) from client. Sending data ...
2018-07-01 12:26:40,196 | server           | INFO     | PID=26574 | [SUMMARY] [Sent: 286337390 bytes] [Read: 286337390 bytes (80.002% of 357913942 raw bytes)] [Duration: 171.66728901863098 seconds] [Bitrate: 13343829.992861316 bit/s]
2018-07-01 12:26:40,196 | server           | INFO     | PID=26574 | Resources closed, now exiting

 Performance counter stats for 'system wide':

     536038.796085      task-clock (msec)         #    3.000 CPUs utilized            (100.00%)
            38,027      context-switches          #    0.071 K/sec                    (100.00%)
                 1      cpu-migrations            #    0.000 K/sec                    (100.00%)
            88,687      page-faults               #    0.165 K/sec                  
   435,494,532,232      cycles                    #    0.812 GHz                      (100.00%)
   <not supported>      stalled-cycles-frontend  
   <not supported>      stalled-cycles-backend   
 1,212,022,305,811      instructions              #    2.78  insns per cycle          (100.00%)
   246,700,882,352      branches                  #  460.230 M/sec                    (100.00%)
       114,740,386      branch-misses             #    0.05% of all branches        

     178.686998237 seconds time elapsed