LC_NUMERIC=en_US.UTF8 perf stat -B -a taskset -c 2 /tmp/eucycles/pyben-nio/src/run --server start --bind 10.10.1.3 --size 536870912 --port 8881 --filename /tmp/eucycles/data_file --bufsize 50mb --method "match; func=lambda v: int(chr(v)) < 3; sztype=BEFORE"

2018-07-01 05:46:09,347 | server           | INFO     | PID=27240 | [bufsize: 52428800 bytes] [zerocopy: False]
2018-07-01 05:46:09,360 | methods.match    | INFO     | PID=27240 | [method: methods.match]
2018-07-01 05:46:09,361 | methods.match    | INFO     | PID=27240 | [method parameters: {'func': 'lambda v: int(chr(v)) < 3', 'sztype': 'BEFORE', 'mpws': '50MB'}]
2018-07-01 05:46:09,381 | methods.match    | INFO     | PID=27240 | Start 1 process to handle data filtering
2018-07-01 05:46:09,381 | server           | INFO     | PID=27240 | Ready to send 536870912 bytes using data file size of 1073741824 bytes
2018-07-01 05:46:09,381 | server           | INFO     | PID=27240 | Listening socket bound to port 8881
2018-07-01 05:46:13,779 | server           | INFO     | PID=27240 | Accepted incoming connection ('10.10.1.1', 58723) from client. Sending data ...
2018-07-01 05:50:00,092 | server           | INFO     | PID=27240 | [SUMMARY] [Sent: 161070148 bytes] [Read: 161070148 bytes (30.002% of 536870912 raw bytes)] [Duration: 226.31247210502625 seconds] [Bitrate: 5693725.900364914 bit/s]
2018-07-01 05:50:00,092 | server           | INFO     | PID=27240 | Resources closed, now exiting

 Performance counter stats for 'system wide':

     692440.163948      task-clock (msec)         #    3.000 CPUs utilized            (100.00%)
            49,038      context-switches          #    0.071 K/sec                    (100.00%)
                 1      cpu-migrations            #    0.000 K/sec                    (100.00%)
            32,425      page-faults               #    0.047 K/sec                  
   580,707,899,854      cycles                    #    0.839 GHz                      (100.00%)
   <not supported>      stalled-cycles-frontend  
   <not supported>      stalled-cycles-backend   
 1,625,940,219,740      instructions              #    2.80  insns per cycle          (100.00%)
   332,457,952,087      branches                  #  480.125 M/sec                    (100.00%)
       224,602,799      branch-misses             #    0.07% of all branches        

     230.838623731 seconds time elapsed