LC_NUMERIC=en_US.UTF8 perf stat -B -a taskset -c 2 /tmp/eucycles/pyben-nio/src/run --server start --bind 10.10.1.9 --size 134217728 --port 8881 --filename /tmp/eucycles/data_file --bufsize 50mb --method "match; func=lambda v: int(chr(v)) < 6; sztype=BEFORE"

2018-07-01 09:14:58,602 | server           | INFO     | PID=20160 | [bufsize: 52428800 bytes] [zerocopy: False]
2018-07-01 09:14:58,616 | methods.match    | INFO     | PID=20160 | [method: methods.match]
2018-07-01 09:14:58,616 | methods.match    | INFO     | PID=20160 | [method parameters: {'func': 'lambda v: int(chr(v)) < 6', 'mpws': '50MB', 'sztype': 'BEFORE'}]
2018-07-01 09:14:58,637 | methods.match    | INFO     | PID=20160 | Start 1 process to handle data filtering
2018-07-01 09:14:58,637 | server           | INFO     | PID=20160 | Ready to send 134217728 bytes using data file size of 1073741824 bytes
2018-07-01 09:14:58,637 | server           | INFO     | PID=20160 | Listening socket bound to port 8881
2018-07-01 09:15:03,280 | server           | INFO     | PID=20160 | Accepted incoming connection ('10.10.1.1', 57048) from client. Sending data ...
2018-07-01 09:16:05,879 | server           | INFO     | PID=20160 | [SUMMARY] [Sent: 80521866 bytes] [Read: 80521866 bytes (59.993% of 134217728 raw bytes)] [Duration: 62.59942102432251 seconds] [Bitrate: 10290429.48735438 bit/s]
2018-07-01 09:16:05,880 | server           | INFO     | PID=20160 | Resources closed, now exiting

 Performance counter stats for 'system wide':

     202121.121042      task-clock (msec)         #    3.000 CPUs utilized            (100.00%)
            14,867      context-switches          #    0.074 K/sec                    (100.00%)
                 1      cpu-migrations            #    0.000 K/sec                    (100.00%)
            37,292      page-faults               #    0.185 K/sec                  
   163,612,446,213      cycles                    #    0.809 GHz                      (100.00%)
   <not supported>      stalled-cycles-frontend  
   <not supported>      stalled-cycles-backend   
   435,861,433,991      instructions              #    2.66  insns per cycle          (100.00%)
    88,838,696,121      branches                  #  439.532 M/sec                    (100.00%)
        73,635,919      branch-misses             #    0.08% of all branches        

      67.371305816 seconds time elapsed