LC_NUMERIC=en_US.UTF8 perf stat -B -a taskset -c 2 /tmp/eucycles/pyben-nio/src/run --server start --bind 10.10.1.9 --size 134217728 --port 8881 --filename /tmp/eucycles/data_file --bufsize 50mb --method "match; func=lambda v: int(chr(v)) < 1; sztype=BEFORE"

2018-07-01 03:02:44,284 | server           | INFO     | PID=13282 | [bufsize: 52428800 bytes] [zerocopy: False]
2018-07-01 03:02:44,298 | methods.match    | INFO     | PID=13282 | [method: methods.match]
2018-07-01 03:02:44,298 | methods.match    | INFO     | PID=13282 | [method parameters: {'sztype': 'BEFORE', 'mpws': '50MB', 'func': 'lambda v: int(chr(v)) < 1'}]
2018-07-01 03:02:44,318 | methods.match    | INFO     | PID=13282 | Start 1 process to handle data filtering
2018-07-01 03:02:44,319 | server           | INFO     | PID=13282 | Ready to send 134217728 bytes using data file size of 1073741824 bytes
2018-07-01 03:02:44,319 | server           | INFO     | PID=13282 | Listening socket bound to port 8881
2018-07-01 03:02:49,025 | server           | INFO     | PID=13282 | Accepted incoming connection ('10.10.1.1', 40428) from client. Sending data ...
2018-07-01 03:03:41,118 | server           | INFO     | PID=13282 | [SUMMARY] [Sent: 13420560 bytes] [Read: 13420560 bytes (9.999% of 134217728 raw bytes)] [Duration: 52.092127084732056 seconds] [Bitrate: 2061050.0282578785 bit/s]
2018-07-01 03:03:41,118 | server           | INFO     | PID=13282 | Resources closed, now exiting

 Performance counter stats for 'system wide':

     170791.092313      task-clock (msec)         #    3.000 CPUs utilized            (100.00%)
            12,911      context-switches          #    0.076 K/sec                    (100.00%)
                 1      cpu-migrations            #    0.000 K/sec                    (100.00%)
            23,149      page-faults               #    0.136 K/sec                  
   143,234,100,122      cycles                    #    0.839 GHz                      (100.00%)
   <not supported>      stalled-cycles-frontend  
   <not supported>      stalled-cycles-backend   
   382,602,180,718      instructions              #    2.67  insns per cycle          (100.00%)
    78,562,856,301      branches                  #  459.994 M/sec                    (100.00%)
        31,199,075      branch-misses             #    0.04% of all branches        

      56.928303146 seconds time elapsed