LC_NUMERIC=en_US.UTF8 perf stat -B -a taskset -c 2 /tmp/eucycles/pyben-nio/src/run --server start --bind 10.10.1.3 --size 178956971 --port 8881 --filename /tmp/eucycles/data_file --bufsize 50mb --method "match; func=lambda v: int(chr(v)) < 5; sztype=BEFORE"

2018-07-01 07:46:45,433 | server           | INFO     | PID=32382 | [bufsize: 52428800 bytes] [zerocopy: False]
2018-07-01 07:46:45,448 | methods.match    | INFO     | PID=32382 | [method: methods.match]
2018-07-01 07:46:45,448 | methods.match    | INFO     | PID=32382 | [method parameters: {'func': 'lambda v: int(chr(v)) < 5', 'mpws': '50MB', 'sztype': 'BEFORE'}]
2018-07-01 07:46:45,468 | methods.match    | INFO     | PID=32382 | Start 1 process to handle data filtering
2018-07-01 07:46:45,468 | server           | INFO     | PID=32382 | Ready to send 178956971 bytes using data file size of 1073741824 bytes
2018-07-01 07:46:45,468 | server           | INFO     | PID=32382 | Listening socket bound to port 8881
2018-07-01 07:46:54,870 | server           | INFO     | PID=32382 | Accepted incoming connection ('10.10.1.1', 46663) from client. Sending data ...
2018-07-01 07:48:14,881 | server           | INFO     | PID=32382 | [SUMMARY] [Sent: 89457759 bytes] [Read: 89457759 bytes (49.988% of 178956971 raw bytes)] [Duration: 80.01038789749146 seconds] [Bitrate: 8944614.453274485 bit/s]
2018-07-01 07:48:14,881 | server           | INFO     | PID=32382 | Resources closed, now exiting

 Performance counter stats for 'system wide':

     268723.181658      task-clock (msec)         #    3.000 CPUs utilized            (100.00%)
            19,245      context-switches          #    0.072 K/sec                    (100.00%)
                 1      cpu-migrations            #    0.000 K/sec                    (100.00%)
            30,059      page-faults               #    0.112 K/sec                  
   203,618,624,613      cycles                    #    0.758 GHz                      (100.00%)
   <not supported>      stalled-cycles-frontend  
   <not supported>      stalled-cycles-backend   
   562,105,254,327      instructions              #    2.76  insns per cycle          (100.00%)
   114,562,261,198      branches                  #  426.321 M/sec                    (100.00%)
       112,277,337      branch-misses             #    0.10% of all branches        

      89.584059692 seconds time elapsed