LC_NUMERIC=en_US.UTF8 perf stat -B -a taskset -c 2 /tmp/eucycles/pyben-nio/src/run --server start --bind 10.10.1.2 --size 153391690 --port 8881 --filename /tmp/eucycles/data_file --bufsize 50mb --method "match; func=lambda v: int(chr(v)) < 0; sztype=BEFORE"

2018-07-01 01:43:59,470 | server           | INFO     | PID=30646 | [bufsize: 52428800 bytes] [zerocopy: False]
2018-07-01 01:43:59,485 | methods.match    | INFO     | PID=30646 | [method: methods.match]
2018-07-01 01:43:59,485 | methods.match    | INFO     | PID=30646 | [method parameters: {'mpws': '50MB', 'sztype': 'BEFORE', 'func': 'lambda v: int(chr(v)) < 0'}]
2018-07-01 01:43:59,505 | methods.match    | INFO     | PID=30646 | Start 1 process to handle data filtering
2018-07-01 01:43:59,506 | server           | INFO     | PID=30646 | Ready to send 153391690 bytes using data file size of 1073741824 bytes
2018-07-01 01:43:59,506 | server           | INFO     | PID=30646 | Listening socket bound to port 8881
2018-07-01 01:44:11,480 | server           | INFO     | PID=30646 | Accepted incoming connection ('10.10.1.1', 48276) from client. Sending data ...
2018-07-01 01:45:15,435 | server           | INFO     | PID=30646 | [SUMMARY] [Sent: 0 bytes] [Read: 0 bytes (0.000% of 153391690 raw bytes)] [Duration: 63.95474696159363 seconds] [Bitrate: 0.0 bit/s]
2018-07-01 01:45:15,435 | server           | INFO     | PID=30646 | Resources closed, now exiting

 Performance counter stats for 'system wide':

     228286.328142      task-clock (msec)         #    3.000 CPUs utilized            (100.00%)
            16,349      context-switches          #    0.072 K/sec                    (100.00%)
                 1      cpu-migrations            #    0.000 K/sec                    (100.00%)
            24,670      page-faults               #    0.108 K/sec                  
   165,634,412,040      cycles                    #    0.726 GHz                      (100.00%)
   <not supported>      stalled-cycles-frontend  
   <not supported>      stalled-cycles-backend   
   417,726,367,269      instructions              #    2.52  insns per cycle          (100.00%)
    85,388,172,534      branches                  #  374.040 M/sec                    (100.00%)
        20,526,060      branch-misses             #    0.02% of all branches        

      76.098463596 seconds time elapsed