LC_NUMERIC=en_US.UTF8 perf stat -B -a taskset -c 2 /tmp/eucycles/pyben-nio/src/run --server start --bind 10.10.1.7 --size 134217728 --port 8881 --filename /tmp/eucycles/data_file --bufsize 50mb --method "match; func=lambda v: int(chr(v)) < 9; sztype=BEFORE"

2018-07-01 13:36:43,681 | server           | INFO     | PID=9653 | [bufsize: 52428800 bytes] [zerocopy: False]
2018-07-01 13:36:43,695 | methods.match    | INFO     | PID=9653 | [method: methods.match]
2018-07-01 13:36:43,696 | methods.match    | INFO     | PID=9653 | [method parameters: {'mpws': '50MB', 'func': 'lambda v: int(chr(v)) < 9', 'sztype': 'BEFORE'}]
2018-07-01 13:36:43,716 | methods.match    | INFO     | PID=9653 | Start 1 process to handle data filtering
2018-07-01 13:36:43,716 | server           | INFO     | PID=9653 | Ready to send 134217728 bytes using data file size of 1073741824 bytes
2018-07-01 13:36:43,716 | server           | INFO     | PID=9653 | Listening socket bound to port 8881
2018-07-01 13:36:50,841 | server           | INFO     | PID=9653 | Accepted incoming connection ('10.10.1.1', 60032) from client. Sending data ...
2018-07-01 13:37:59,357 | server           | INFO     | PID=9653 | [SUMMARY] [Sent: 120798757 bytes] [Read: 120798757 bytes (90.002% of 134217728 raw bytes)] [Duration: 68.51640510559082 seconds] [Bitrate: 14104506.132665507 bit/s]
2018-07-01 13:37:59,357 | server           | INFO     | PID=9653 | Resources closed, now exiting

 Performance counter stats for 'system wide':

     227451.979395      task-clock (msec)         #    3.000 CPUs utilized            (100.00%)
            16,296      context-switches          #    0.072 K/sec                    (100.00%)
                 1      cpu-migrations            #    0.000 K/sec                    (100.00%)
            47,487      page-faults               #    0.209 K/sec                  
   185,309,444,018      cycles                    #    0.815 GHz                      (100.00%)
   <not supported>      stalled-cycles-frontend  
   <not supported>      stalled-cycles-backend   
   470,513,686,804      instructions              #    2.54  insns per cycle          (100.00%)
    95,957,733,814      branches                  #  421.881 M/sec                    (100.00%)
        31,590,879      branch-misses             #    0.03% of all branches        

      75.812876988 seconds time elapsed