LC_NUMERIC=en_US.UTF8 perf stat -B -a taskset -c 2 /tmp/eucycles/pyben-nio/src/run --server start --bind 10.10.1.3 --size 134217728 --port 8881 --filename /tmp/eucycles/data_file --bufsize 50mb --method "match; func=lambda v: int(chr(v)) < 8; sztype=BEFORE"

2018-07-01 12:37:09,078 | server           | INFO     | PID=11218 | [bufsize: 52428800 bytes] [zerocopy: False]
2018-07-01 12:37:09,092 | methods.match    | INFO     | PID=11218 | [method: methods.match]
2018-07-01 12:37:09,093 | methods.match    | INFO     | PID=11218 | [method parameters: {'mpws': '50MB', 'func': 'lambda v: int(chr(v)) < 8', 'sztype': 'BEFORE'}]
2018-07-01 12:37:09,113 | methods.match    | INFO     | PID=11218 | Start 1 process to handle data filtering
2018-07-01 12:37:09,113 | server           | INFO     | PID=11218 | Ready to send 134217728 bytes using data file size of 1073741824 bytes
2018-07-01 12:37:09,113 | server           | INFO     | PID=11218 | Listening socket bound to port 8881
2018-07-01 12:37:21,100 | server           | INFO     | PID=11218 | Accepted incoming connection ('10.10.1.1', 52552) from client. Sending data ...
2018-07-01 12:38:27,395 | server           | INFO     | PID=11218 | [SUMMARY] [Sent: 107363767 bytes] [Read: 107363767 bytes (79.992% of 134217728 raw bytes)] [Duration: 66.29440498352051 seconds] [Bitrate: 12955997.360765336 bit/s]
2018-07-01 12:38:27,395 | server           | INFO     | PID=11218 | Resources closed, now exiting

 Performance counter stats for 'system wide':

     235328.041930      task-clock (msec)         #    3.000 CPUs utilized            (100.00%)
            16,723      context-switches          #    0.071 K/sec                    (100.00%)
                 1      cpu-migrations            #    0.000 K/sec                    (100.00%)
            44,404      page-faults               #    0.189 K/sec                  
   163,473,625,967      cycles                    #    0.695 GHz                      (100.00%)
   <not supported>      stalled-cycles-frontend  
   <not supported>      stalled-cycles-backend   
   454,809,810,301      instructions              #    2.78  insns per cycle          (100.00%)
    92,580,156,223      branches                  #  393.409 M/sec                    (100.00%)
        45,026,772      branch-misses             #    0.05% of all branches        

      78.451119064 seconds time elapsed