LC_NUMERIC=en_US.UTF8 perf stat -B -a taskset -c 2 /tmp/eucycles/pyben-nio/src/run --server start --bind 10.10.1.4 --size 268435456 --port 8881 --filename /tmp/eucycles/data_file --bufsize 50mb --method "match; func=lambda v: int(chr(v)) < 9; sztype=BEFORE"

2018-07-01 13:56:51,461 | server           | INFO     | PID=4954 | [bufsize: 52428800 bytes] [zerocopy: False]
2018-07-01 13:56:51,475 | methods.match    | INFO     | PID=4954 | [method: methods.match]
2018-07-01 13:56:51,475 | methods.match    | INFO     | PID=4954 | [method parameters: {'sztype': 'BEFORE', 'func': 'lambda v: int(chr(v)) < 9', 'mpws': '50MB'}]
2018-07-01 13:56:51,496 | methods.match    | INFO     | PID=4954 | Start 1 process to handle data filtering
2018-07-01 13:56:51,496 | server           | INFO     | PID=4954 | Ready to send 268435456 bytes using data file size of 1073741824 bytes
2018-07-01 13:56:51,496 | server           | INFO     | PID=4954 | Listening socket bound to port 8881
2018-07-01 13:56:57,222 | server           | INFO     | PID=4954 | Accepted incoming connection ('10.10.1.1', 50629) from client. Sending data ...
2018-07-01 13:59:10,317 | server           | INFO     | PID=4954 | [SUMMARY] [Sent: 241589578 bytes] [Read: 241589578 bytes (89.999% of 268435456 raw bytes)] [Duration: 133.09508895874023 seconds] [Bitrate: 14521321.854325866 bit/s]
2018-07-01 13:59:10,317 | server           | INFO     | PID=4954 | Resources closed, now exiting

 Performance counter stats for 'system wide':

     416963.781772      task-clock (msec)         #    3.000 CPUs utilized            (100.00%)
            29,630      context-switches          #    0.071 K/sec                    (100.00%)
                 1      cpu-migrations            #    0.000 K/sec                    (100.00%)
            77,483      page-faults               #    0.186 K/sec                  
   336,016,579,838      cycles                    #    0.806 GHz                      (100.00%)
   <not supported>      stalled-cycles-frontend  
   <not supported>      stalled-cycles-backend   
   940,285,851,514      instructions              #    2.80  insns per cycle          (100.00%)
   192,146,078,956      branches                  #  460.822 M/sec                    (100.00%)
        60,076,446      branch-misses             #    0.03% of all branches        

     138.993290968 seconds time elapsed