LC_NUMERIC=en_US.UTF8 perf stat -B -a taskset -c 2 /tmp/eucycles/pyben-nio/src/run --server start --bind 10.10.1.2 --size 357913942 --port 8881 --filename /tmp/eucycles/data_file --bufsize 50mb --method "match; func=lambda v: int(chr(v)) < 9; sztype=BEFORE"

2018-07-01 13:53:10,458 | server           | INFO     | PID=30168 | [bufsize: 52428800 bytes] [zerocopy: False]
2018-07-01 13:53:10,472 | methods.match    | INFO     | PID=30168 | [method: methods.match]
2018-07-01 13:53:10,472 | methods.match    | INFO     | PID=30168 | [method parameters: {'mpws': '50MB', 'sztype': 'BEFORE', 'func': 'lambda v: int(chr(v)) < 9'}]
2018-07-01 13:53:10,493 | methods.match    | INFO     | PID=30168 | Start 1 process to handle data filtering
2018-07-01 13:53:10,493 | server           | INFO     | PID=30168 | Ready to send 357913942 bytes using data file size of 1073741824 bytes
2018-07-01 13:53:10,493 | server           | INFO     | PID=30168 | Listening socket bound to port 8881
2018-07-01 13:53:17,415 | server           | INFO     | PID=30168 | Accepted incoming connection ('10.10.1.1', 32867) from client. Sending data ...
2018-07-01 13:56:14,328 | server           | INFO     | PID=30168 | [SUMMARY] [Sent: 322126122 bytes] [Read: 322126122 bytes (90.001% of 357913942 raw bytes)] [Duration: 176.91315722465515 seconds] [Bitrate: 14566519.621418301 bit/s]
2018-07-01 13:56:14,329 | server           | INFO     | PID=30168 | Resources closed, now exiting

 Performance counter stats for 'system wide':

     551987.773946      task-clock (msec)         #    3.000 CPUs utilized            (100.00%)
            38,870      context-switches          #    0.070 K/sec                    (100.00%)
                 1      cpu-migrations            #    0.000 K/sec                    (100.00%)
            97,665      page-faults               #    0.177 K/sec                  
   448,539,252,622      cycles                    #    0.813 GHz                      (100.00%)
   <not supported>      stalled-cycles-frontend  
   <not supported>      stalled-cycles-backend   
 1,245,339,707,889      instructions              #    2.78  insns per cycle          (100.00%)
   253,300,562,611      branches                  #  458.888 M/sec                    (100.00%)
        79,111,283      branch-misses             #    0.03% of all branches        

     184.003536633 seconds time elapsed