LC_NUMERIC=en_US.UTF8 perf stat -B -a taskset -c 2 /tmp/eucycles/pyben-nio/src/run --server start --bind 10.10.1.3 --size 153391689 --port 8881 --filename /tmp/eucycles/data_file --bufsize 50mb --method "match; func=lambda v: int(chr(v)) < 9; sztype=BEFORE"

2018-07-01 14:35:04,568 | server           | INFO     | PID=15467 | [bufsize: 52428800 bytes] [zerocopy: False]
2018-07-01 14:35:04,582 | methods.match    | INFO     | PID=15467 | [method: methods.match]
2018-07-01 14:35:04,582 | methods.match    | INFO     | PID=15467 | [method parameters: {'func': 'lambda v: int(chr(v)) < 9', 'sztype': 'BEFORE', 'mpws': '50MB'}]
2018-07-01 14:35:04,603 | methods.match    | INFO     | PID=15467 | Start 1 process to handle data filtering
2018-07-01 14:35:04,603 | server           | INFO     | PID=15467 | Ready to send 153391689 bytes using data file size of 1073741824 bytes
2018-07-01 14:35:04,603 | server           | INFO     | PID=15467 | Listening socket bound to port 8881
2018-07-01 14:35:15,416 | server           | INFO     | PID=15467 | Accepted incoming connection ('10.10.1.1', 45239) from client. Sending data ...
2018-07-01 14:36:36,084 | server           | INFO     | PID=15467 | [SUMMARY] [Sent: 138044192 bytes] [Read: 138044192 bytes (89.995% of 153391689 raw bytes)] [Duration: 80.66756796836853 seconds] [Bitrate: 13690180.128314275 bit/s]
2018-07-01 14:36:36,084 | server           | INFO     | PID=15467 | Resources closed, now exiting

 Performance counter stats for 'system wide':

     274923.765717      task-clock (msec)         #    3.000 CPUs utilized            (100.00%)
            19,285      context-switches          #    0.070 K/sec                    (100.00%)
                 1      cpu-migrations            #    0.000 K/sec                    (100.00%)
            52,071      page-faults               #    0.189 K/sec                  
   195,727,174,881      cycles                    #    0.712 GHz                      (100.00%)
   <not supported>      stalled-cycles-frontend  
   <not supported>      stalled-cycles-backend   
   543,065,181,292      instructions              #    2.77  insns per cycle          (100.00%)
   110,925,184,605      branches                  #  403.476 M/sec                    (100.00%)
        35,765,141      branch-misses             #    0.03% of all branches        

      91.651149630 seconds time elapsed