LC_NUMERIC=en_US.UTF8 perf stat -B -a taskset -c 2 /tmp/eucycles/pyben-nio/src/run --server start --bind 10.10.1.8 --size 134217728 --port 8881 --filename /tmp/eucycles/data_file --bufsize 50mb --method "match; func=lambda v: int(chr(v)) < 4; sztype=BEFORE"

2018-07-01 07:23:30,856 | server           | INFO     | PID=26694 | [bufsize: 52428800 bytes] [zerocopy: False]
2018-07-01 07:23:30,870 | methods.match    | INFO     | PID=26694 | [method: methods.match]
2018-07-01 07:23:30,870 | methods.match    | INFO     | PID=26694 | [method parameters: {'func': 'lambda v: int(chr(v)) < 4', 'mpws': '50MB', 'sztype': 'BEFORE'}]
2018-07-01 07:23:30,891 | methods.match    | INFO     | PID=26694 | Start 1 process to handle data filtering
2018-07-01 07:23:30,891 | server           | INFO     | PID=26694 | Ready to send 134217728 bytes using data file size of 1073741824 bytes
2018-07-01 07:23:30,891 | server           | INFO     | PID=26694 | Listening socket bound to port 8881
2018-07-01 07:23:36,718 | server           | INFO     | PID=26694 | Accepted incoming connection ('10.10.1.1', 56859) from client. Sending data ...
2018-07-01 07:24:37,084 | server           | INFO     | PID=26694 | [SUMMARY] [Sent: 53685743 bytes] [Read: 53685743 bytes (39.999% of 134217728 raw bytes)] [Duration: 60.3662588596344 seconds] [Bitrate: 7114668.891419208 bit/s]
2018-07-01 07:24:37,085 | server           | INFO     | PID=26694 | Resources closed, now exiting

 Performance counter stats for 'system wide':

     199104.824653      task-clock (msec)         #    3.000 CPUs utilized            (100.00%)
            15,082      context-switches          #    0.076 K/sec                    (100.00%)
                 1      cpu-migrations            #    0.000 K/sec                    (100.00%)
            27,950      page-faults               #    0.140 K/sec                  
   166,531,997,166      cycles                    #    0.836 GHz                      (100.00%)
   <not supported>      stalled-cycles-frontend  
   <not supported>      stalled-cycles-backend   
   424,141,866,727      instructions              #    2.55  insns per cycle          (100.00%)
    87,101,310,893      branches                  #  437.465 M/sec                    (100.00%)
        73,682,900      branch-misses             #    0.08% of all branches        

      66.365460529 seconds time elapsed