LC_NUMERIC=en_US.UTF8 perf stat -B -a taskset -c 2 /tmp/eucycles/pyben-nio/src/run --server start --bind 10.10.1.8 --size 153391689 --port 8881 --filename /tmp/eucycles/data_file --bufsize 50mb --method "match; func=lambda v: int(chr(v)) < 5; sztype=BEFORE"

2018-07-01 08:44:30,436 | server           | INFO     | PID=28346 | [bufsize: 52428800 bytes] [zerocopy: False]
2018-07-01 08:44:30,450 | methods.match    | INFO     | PID=28346 | [method: methods.match]
2018-07-01 08:44:30,450 | methods.match    | INFO     | PID=28346 | [method parameters: {'sztype': 'BEFORE', 'func': 'lambda v: int(chr(v)) < 5', 'mpws': '50MB'}]
2018-07-01 08:44:30,471 | methods.match    | INFO     | PID=28346 | Start 1 process to handle data filtering
2018-07-01 08:44:30,471 | server           | INFO     | PID=28346 | Ready to send 153391689 bytes using data file size of 1073741824 bytes
2018-07-01 08:44:30,471 | server           | INFO     | PID=28346 | Listening socket bound to port 8881
2018-07-01 08:44:35,082 | server           | INFO     | PID=28346 | Accepted incoming connection ('10.10.1.1', 37228) from client. Sending data ...
2018-07-01 08:45:44,159 | server           | INFO     | PID=28346 | [SUMMARY] [Sent: 76695776 bytes] [Read: 76695776 bytes (50.000% of 153391689 raw bytes)] [Duration: 69.07722997665405 seconds] [Bitrate: 8882322.122751104 bit/s]
2018-07-01 08:45:44,159 | server           | INFO     | PID=28346 | Resources closed, now exiting

 Performance counter stats for 'system wide':

     221459.619499      task-clock (msec)         #    3.000 CPUs utilized            (100.00%)
            16,612      context-switches          #    0.075 K/sec                    (100.00%)
                 1      cpu-migrations            #    0.000 K/sec                    (100.00%)
            31,054      page-faults               #    0.140 K/sec                  
   188,040,002,347      cycles                    #    0.849 GHz                      (100.00%)
   <not supported>      stalled-cycles-frontend  
   <not supported>      stalled-cycles-backend   
   489,045,147,643      instructions              #    2.60  insns per cycle          (100.00%)
    99,921,593,967      branches                  #  451.196 M/sec                    (100.00%)
        96,880,737      branch-misses             #    0.10% of all branches        

      73.816770587 seconds time elapsed