LC_NUMERIC=en_US.UTF8 perf stat -B -a taskset -c 2 /tmp/eucycles/pyben-nio/src/run --server start --bind 10.10.1.4 --size 153391689 --port 8881 --filename /tmp/eucycles/data_file --bufsize 50mb --method "match; func=lambda v: int(chr(v)) < 0; sztype=BEFORE"

2018-07-01 01:44:04,203 | server           | INFO     | PID=10775 | [bufsize: 52428800 bytes] [zerocopy: False]
2018-07-01 01:44:04,217 | methods.match    | INFO     | PID=10775 | [method: methods.match]
2018-07-01 01:44:04,218 | methods.match    | INFO     | PID=10775 | [method parameters: {'sztype': 'BEFORE', 'mpws': '50MB', 'func': 'lambda v: int(chr(v)) < 0'}]
2018-07-01 01:44:04,238 | methods.match    | INFO     | PID=10775 | Start 1 process to handle data filtering
2018-07-01 01:44:04,238 | server           | INFO     | PID=10775 | Ready to send 153391689 bytes using data file size of 1073741824 bytes
2018-07-01 01:44:04,238 | server           | INFO     | PID=10775 | Listening socket bound to port 8881
2018-07-01 01:44:13,769 | server           | INFO     | PID=10775 | Accepted incoming connection ('10.10.1.1', 39145) from client. Sending data ...
2018-07-01 01:45:17,720 | server           | INFO     | PID=10775 | [SUMMARY] [Sent: 0 bytes] [Read: 0 bytes (0.000% of 153391689 raw bytes)] [Duration: 63.95099186897278 seconds] [Bitrate: 0.0 bit/s]
2018-07-01 01:45:17,720 | server           | INFO     | PID=10775 | Resources closed, now exiting

 Performance counter stats for 'system wide':

     220957.076170      task-clock (msec)         #    3.000 CPUs utilized            (100.00%)
            16,401      context-switches          #    0.074 K/sec                    (100.00%)
                 1      cpu-migrations            #    0.000 K/sec                    (100.00%)
            23,598      page-faults               #    0.107 K/sec                  
   165,526,237,679      cycles                    #    0.749 GHz                      (100.00%)
   <not supported>      stalled-cycles-frontend  
   <not supported>      stalled-cycles-backend   
   417,657,497,936      instructions              #    2.52  insns per cycle          (100.00%)
    85,372,032,345      branches                  #  386.374 M/sec                    (100.00%)
        20,356,457      branch-misses             #    0.02% of all branches        

      73.655100028 seconds time elapsed