LC_NUMERIC=en_US.UTF8 perf stat -B -a taskset -c 2 /tmp/eucycles/pyben-nio/src/run --server start --bind 10.10.1.5 --size 153391689 --port 8881 --filename /tmp/eucycles/data_file --bufsize 50mb --method "match; func=lambda v: int(chr(v)) < 3; sztype=BEFORE"

2018-07-01 06:00:39,911 | server           | INFO     | PID=12990 | [bufsize: 52428800 bytes] [zerocopy: False]
2018-07-01 06:00:39,925 | methods.match    | INFO     | PID=12990 | [method: methods.match]
2018-07-01 06:00:39,925 | methods.match    | INFO     | PID=12990 | [method parameters: {'func': 'lambda v: int(chr(v)) < 3', 'sztype': 'BEFORE', 'mpws': '50MB'}]
2018-07-01 06:00:39,946 | methods.match    | INFO     | PID=12990 | Start 1 process to handle data filtering
2018-07-01 06:00:39,946 | server           | INFO     | PID=12990 | Ready to send 153391689 bytes using data file size of 1073741824 bytes
2018-07-01 06:00:39,946 | server           | INFO     | PID=12990 | Listening socket bound to port 8881
2018-07-01 06:00:48,247 | server           | INFO     | PID=12990 | Accepted incoming connection ('10.10.1.1', 45645) from client. Sending data ...
2018-07-01 06:01:53,714 | server           | INFO     | PID=12990 | [SUMMARY] [Sent: 46016906 bytes] [Read: 46016906 bytes (30.000% of 153391689 raw bytes)] [Duration: 65.4665138721466 seconds] [Bitrate: 5623260.293330311 bit/s]
2018-07-01 06:01:53,714 | server           | INFO     | PID=12990 | Resources closed, now exiting

 Performance counter stats for 'system wide':

     221819.232735      task-clock (msec)         #    3.000 CPUs utilized            (100.00%)
            16,614      context-switches          #    0.075 K/sec                    (100.00%)
                 1      cpu-migrations            #    0.000 K/sec                    (100.00%)
            36,346      page-faults               #    0.164 K/sec                  
   190,532,097,328      cycles                    #    0.859 GHz                      (100.00%)
   <not supported>      stalled-cycles-frontend  
   <not supported>      stalled-cycles-backend   
   471,933,960,963      instructions              #    2.48  insns per cycle          (100.00%)
    97,005,490,137      branches                  #  437.318 M/sec                    (100.00%)
        67,364,665      branch-misses             #    0.07% of all branches        

      73.937962994 seconds time elapsed