LC_NUMERIC=en_US.UTF8 perf stat -B -a taskset -c 2 /tmp/eucycles/pyben-nio/src/run --server start --bind 10.10.1.3 --size 536870912 --port 8881 --filename /tmp/eucycles/data_file --bufsize 50mb --method "match; func=lambda v: int(chr(v)) < 9; sztype=BEFORE"

2018-07-01 13:48:11,980 | server           | INFO     | PID=13604 | [bufsize: 52428800 bytes] [zerocopy: False]
2018-07-01 13:48:11,994 | methods.match    | INFO     | PID=13604 | [method: methods.match]
2018-07-01 13:48:11,994 | methods.match    | INFO     | PID=13604 | [method parameters: {'sztype': 'BEFORE', 'func': 'lambda v: int(chr(v)) < 9', 'mpws': '50MB'}]
2018-07-01 13:48:12,015 | methods.match    | INFO     | PID=13604 | Start 1 process to handle data filtering
2018-07-01 13:48:12,015 | server           | INFO     | PID=13604 | Ready to send 536870912 bytes using data file size of 1073741824 bytes
2018-07-01 13:48:12,015 | server           | INFO     | PID=13604 | Listening socket bound to port 8881
2018-07-01 13:48:16,416 | server           | INFO     | PID=13604 | Accepted incoming connection ('10.10.1.1', 45498) from client. Sending data ...
2018-07-01 13:52:46,781 | server           | INFO     | PID=13604 | [SUMMARY] [Sent: 483177255 bytes] [Read: 483177255 bytes (89.999% of 536870912 raw bytes)] [Duration: 270.36474609375 seconds] [Bitrate: 14297049.06371059 bit/s]
2018-07-01 13:52:46,781 | server           | INFO     | PID=13604 | Resources closed, now exiting

 Performance counter stats for 'system wide':

     824589.480345      task-clock (msec)         #    3.000 CPUs utilized            (100.00%)
            57,827      context-switches          #    0.070 K/sec                    (100.00%)
                 1      cpu-migrations            #    0.000 K/sec                    (100.00%)
           137,352      page-faults               #    0.167 K/sec                  
   685,430,285,447      cycles                    #    0.831 GHz                      (100.00%)
   <not supported>      stalled-cycles-frontend  
   <not supported>      stalled-cycles-backend   
 1,905,364,442,973      instructions              #    2.78  insns per cycle          (100.00%)
   389,025,342,733      branches                  #  471.781 M/sec                    (100.00%)
       117,226,509      branch-misses             #    0.03% of all branches        

     274.893252758 seconds time elapsed