LC_NUMERIC=en_US.UTF8 perf stat -B -a taskset -c 2 /tmp/eucycles/pyben-nio/src/run --server start --bind 10.10.1.5 --size 153391689 --port 8881 --filename /tmp/eucycles/data_file --bufsize 50mb --method "match; func=lambda v: int(chr(v)) < 8; sztype=BEFORE"

2018-07-01 13:04:20,669 | server           | INFO     | PID=26603 | [bufsize: 52428800 bytes] [zerocopy: False]
2018-07-01 13:04:20,683 | methods.match    | INFO     | PID=26603 | [method: methods.match]
2018-07-01 13:04:20,684 | methods.match    | INFO     | PID=26603 | [method parameters: {'mpws': '50MB', 'sztype': 'BEFORE', 'func': 'lambda v: int(chr(v)) < 8'}]
2018-07-01 13:04:20,704 | methods.match    | INFO     | PID=26603 | Start 1 process to handle data filtering
2018-07-01 13:04:20,704 | server           | INFO     | PID=26603 | Ready to send 153391689 bytes using data file size of 1073741824 bytes
2018-07-01 13:04:20,704 | server           | INFO     | PID=26603 | Listening socket bound to port 8881
2018-07-01 13:04:29,008 | server           | INFO     | PID=26603 | Accepted incoming connection ('10.10.1.1', 36736) from client. Sending data ...
2018-07-01 13:05:47,868 | server           | INFO     | PID=26603 | [SUMMARY] [Sent: 122706571 bytes] [Read: 122706571 bytes (79.996% of 153391689 raw bytes)] [Duration: 78.85966110229492 seconds] [Bitrate: 12448095.189334165 bit/s]
2018-07-01 13:05:47,868 | server           | INFO     | PID=26603 | Resources closed, now exiting

 Performance counter stats for 'system wide':

     262000.167697      task-clock (msec)         #    3.000 CPUs utilized            (100.00%)
            18,648      context-switches          #    0.071 K/sec                    (100.00%)
                 1      cpu-migrations            #    0.000 K/sec                    (100.00%)
            48,398      page-faults               #    0.185 K/sec                  
   218,402,671,301      cycles                    #    0.834 GHz                      (100.00%)
   <not supported>      stalled-cycles-frontend  
   <not supported>      stalled-cycles-backend   
   535,427,355,355      instructions              #    2.45  insns per cycle          (100.00%)
   109,488,271,523      branches                  #  417.894 M/sec                    (100.00%)
        51,101,925      branch-misses             #    0.05% of all branches        

      87.331320900 seconds time elapsed