LC_NUMERIC=en_US.UTF8 perf stat -B -a taskset -c 2 /tmp/eucycles/pyben-nio/src/run --server start --bind 10.10.1.5 --size 178956971 --port 8881 --filename /tmp/eucycles/data_file --bufsize 50mb --method "match; func=lambda v: int(chr(v)) < 9; sztype=BEFORE"

2018-07-01 14:32:41,182 | server           | INFO     | PID=29168 | [bufsize: 52428800 bytes] [zerocopy: False]
2018-07-01 14:32:41,196 | methods.match    | INFO     | PID=29168 | [method: methods.match]
2018-07-01 14:32:41,196 | methods.match    | INFO     | PID=29168 | [method parameters: {'func': 'lambda v: int(chr(v)) < 9', 'sztype': 'BEFORE', 'mpws': '50MB'}]
2018-07-01 14:32:41,217 | methods.match    | INFO     | PID=29168 | Start 1 process to handle data filtering
2018-07-01 14:32:41,217 | server           | INFO     | PID=29168 | Ready to send 178956971 bytes using data file size of 1073741824 bytes
2018-07-01 14:32:41,217 | server           | INFO     | PID=29168 | Listening socket bound to port 8881
2018-07-01 14:32:48,258 | server           | INFO     | PID=29168 | Accepted incoming connection ('10.10.1.1', 33350) from client. Sending data ...
2018-07-01 14:34:18,463 | server           | INFO     | PID=29168 | [SUMMARY] [Sent: 161055608 bytes] [Read: 161055608 bytes (89.997% of 178956971 raw bytes)] [Duration: 90.20560908317566 seconds] [Bitrate: 14283422.916771915 bit/s]
2018-07-01 14:34:18,464 | server           | INFO     | PID=29168 | Resources closed, now exiting

 Performance counter stats for 'system wide':

     292252.279492      task-clock (msec)         #    3.000 CPUs utilized            (100.00%)
            21,226      context-switches          #    0.073 K/sec                    (100.00%)
                 1      cpu-migrations            #    0.000 K/sec                    (100.00%)
            58,219      page-faults               #    0.199 K/sec                  
   244,973,029,474      cycles                    #    0.838 GHz                      (100.00%)
   <not supported>      stalled-cycles-frontend  
   <not supported>      stalled-cycles-backend   
   631,276,065,584      instructions              #    2.58  insns per cycle          (100.00%)
   128,831,467,614      branches                  #  440.823 M/sec                    (100.00%)
        41,346,723      branch-misses             #    0.03% of all branches        

      97.415140750 seconds time elapsed