LC_NUMERIC=en_US.UTF8 perf stat -B -a taskset -c 2 /tmp/eucycles/pyben-nio/src/run --server start --bind 10.10.1.3 --size 268435456 --port 8881 --filename /tmp/eucycles/data_file --bufsize 50mb --method "match; func=lambda v: int(chr(v)) < 3; sztype=BEFORE"

2018-07-01 05:01:01,773 | server           | INFO     | PID=25364 | [bufsize: 52428800 bytes] [zerocopy: False]
2018-07-01 05:01:01,787 | methods.match    | INFO     | PID=25364 | [method: methods.match]
2018-07-01 05:01:01,788 | methods.match    | INFO     | PID=25364 | [method parameters: {'mpws': '50MB', 'func': 'lambda v: int(chr(v)) < 3', 'sztype': 'BEFORE'}]
2018-07-01 05:01:01,808 | methods.match    | INFO     | PID=25364 | Start 1 process to handle data filtering
2018-07-01 05:01:01,808 | server           | INFO     | PID=25364 | Ready to send 268435456 bytes using data file size of 1073741824 bytes
2018-07-01 05:01:01,808 | server           | INFO     | PID=25364 | Listening socket bound to port 8881
2018-07-01 05:01:08,685 | server           | INFO     | PID=25364 | Accepted incoming connection ('10.10.1.1', 33226) from client. Sending data ...
2018-07-01 05:03:02,360 | server           | INFO     | PID=25364 | [SUMMARY] [Sent: 80526208 bytes] [Read: 80526208 bytes (29.998% of 268435456 raw bytes)] [Duration: 113.67450904846191 seconds] [Bitrate: 5667142.698855725 bit/s]
2018-07-01 05:03:02,360 | server           | INFO     | PID=25364 | Resources closed, now exiting

 Performance counter stats for 'system wide':

     362126.860277      task-clock (msec)         #    3.000 CPUs utilized            (100.00%)
            26,099      context-switches          #    0.072 K/sec                    (100.00%)
                 1      cpu-migrations            #    0.000 K/sec                    (100.00%)
            31,987      page-faults               #    0.088 K/sec                  
   291,976,228,033      cycles                    #    0.806 GHz                      (100.00%)
   <not supported>      stalled-cycles-frontend  
   <not supported>      stalled-cycles-backend   
   814,547,691,270      instructions              #    2.79  insns per cycle          (100.00%)
   166,881,344,659      branches                  #  460.837 M/sec                    (100.00%)
       114,227,238      branch-misses             #    0.07% of all branches        

     120.722050090 seconds time elapsed