LC_NUMERIC=en_US.UTF8 perf stat -B -a taskset -c 2 /tmp/eucycles/pyben-nio/src/run --server start --bind 10.10.1.7 --size 134217728 --port 8881 --filename /tmp/eucycles/data_file --bufsize 50mb --method "match; func=lambda v: int(chr(v)) < 9; sztype=BEFORE"

2018-07-01 14:07:00,955 | server           | INFO     | PID=10345 | [bufsize: 52428800 bytes] [zerocopy: False]
2018-07-01 14:07:00,969 | methods.match    | INFO     | PID=10345 | [method: methods.match]
2018-07-01 14:07:00,970 | methods.match    | INFO     | PID=10345 | [method parameters: {'sztype': 'BEFORE', 'mpws': '50MB', 'func': 'lambda v: int(chr(v)) < 9'}]
2018-07-01 14:07:00,990 | methods.match    | INFO     | PID=10345 | Start 1 process to handle data filtering
2018-07-01 14:07:00,990 | server           | INFO     | PID=10345 | Ready to send 134217728 bytes using data file size of 1073741824 bytes
2018-07-01 14:07:00,990 | server           | INFO     | PID=10345 | Listening socket bound to port 8881
2018-07-01 14:07:08,113 | server           | INFO     | PID=10345 | Accepted incoming connection ('10.10.1.1', 53160) from client. Sending data ...
2018-07-01 14:08:17,442 | server           | INFO     | PID=10345 | [SUMMARY] [Sent: 120798757 bytes] [Read: 120798757 bytes (90.002% of 134217728 raw bytes)] [Duration: 69.32913517951965 seconds] [Bitrate: 13939162.13576942 bit/s]
2018-07-01 14:08:17,443 | server           | INFO     | PID=10345 | Resources closed, now exiting

 Performance counter stats for 'system wide':

     229886.521018      task-clock (msec)         #    3.000 CPUs utilized            (100.00%)
            16,636      context-switches          #    0.072 K/sec                    (100.00%)
                 1      cpu-migrations            #    0.000 K/sec                    (100.00%)
            48,080      page-faults               #    0.209 K/sec                  
   190,584,068,694      cycles                    #    0.829 GHz                      (100.00%)
   <not supported>      stalled-cycles-frontend  
   <not supported>      stalled-cycles-backend   
   474,227,905,235      instructions              #    2.49  insns per cycle          (100.00%)
    97,079,241,316      branches                  #  422.292 M/sec                    (100.00%)
        31,824,187      branch-misses             #    0.03% of all branches        

      76.624345535 seconds time elapsed