LC_NUMERIC=en_US.UTF8 perf stat -B -a taskset -c 2 /tmp/eucycles/pyben-nio/src/run --server start --bind 10.10.1.5 --size 178956971 --port 8881 --filename /tmp/eucycles/data_file --bufsize 50mb --method "match; func=lambda v: int(chr(v)) < 3; sztype=BEFORE"

2018-07-01 05:05:50,282 | server           | INFO     | PID=11078 | [bufsize: 52428800 bytes] [zerocopy: False]
2018-07-01 05:05:50,296 | methods.match    | INFO     | PID=11078 | [method: methods.match]
2018-07-01 05:05:50,296 | methods.match    | INFO     | PID=11078 | [method parameters: {'mpws': '50MB', 'func': 'lambda v: int(chr(v)) < 3', 'sztype': 'BEFORE'}]
2018-07-01 05:05:50,317 | methods.match    | INFO     | PID=11078 | Start 1 process to handle data filtering
2018-07-01 05:05:50,317 | server           | INFO     | PID=11078 | Ready to send 178956971 bytes using data file size of 1073741824 bytes
2018-07-01 05:05:50,317 | server           | INFO     | PID=11078 | Listening socket bound to port 8881
2018-07-01 05:05:57,354 | server           | INFO     | PID=11078 | Accepted incoming connection ('10.10.1.1', 52279) from client. Sending data ...
2018-07-01 05:07:12,517 | server           | INFO     | PID=11078 | [SUMMARY] [Sent: 53684883 bytes] [Read: 53684883 bytes (29.999% of 178956971 raw bytes)] [Duration: 75.16252207756042 seconds] [Bitrate: 5714005.492748358 bit/s]
2018-07-01 05:07:12,517 | server           | INFO     | PID=11078 | Resources closed, now exiting

 Performance counter stats for 'system wide':

     247116.263549      task-clock (msec)         #    3.000 CPUs utilized            (100.00%)
            18,226      context-switches          #    0.074 K/sec                    (100.00%)
                 1      cpu-migrations            #    0.000 K/sec                    (100.00%)
            31,396      page-faults               #    0.127 K/sec                  
   221,593,406,446      cycles                    #    0.897 GHz                      (100.00%)
   <not supported>      stalled-cycles-frontend  
   <not supported>      stalled-cycles-backend   
   543,727,710,181      instructions              #    2.45  insns per cycle          (100.00%)
   111,596,715,953      branches                  #  451.596 M/sec                    (100.00%)
        77,349,251      branch-misses             #    0.07% of all branches        

      82.370120949 seconds time elapsed