LC_NUMERIC=en_US.UTF8 perf stat -B -a taskset -c 2 /tmp/eucycles/pyben-nio/src/run --server start --bind 10.10.1.4 --size 268435456 --port 8881 --filename /tmp/eucycles/data_file --bufsize 50mb --method "match; func=lambda v: int(chr(v)) < 8; sztype=BEFORE"

2018-07-01 11:57:47,392 | server           | INFO     | PID=927 | [bufsize: 52428800 bytes] [zerocopy: False]
2018-07-01 11:57:47,406 | methods.match    | INFO     | PID=927 | [method: methods.match]
2018-07-01 11:57:47,406 | methods.match    | INFO     | PID=927 | [method parameters: {'mpws': '50MB', 'func': 'lambda v: int(chr(v)) < 8', 'sztype': 'BEFORE'}]
2018-07-01 11:57:47,427 | methods.match    | INFO     | PID=927 | Start 1 process to handle data filtering
2018-07-01 11:57:47,427 | server           | INFO     | PID=927 | Ready to send 268435456 bytes using data file size of 1073741824 bytes
2018-07-01 11:57:47,427 | server           | INFO     | PID=927 | Listening socket bound to port 8881
2018-07-01 11:57:53,076 | server           | INFO     | PID=927 | Accepted incoming connection ('10.10.1.1', 56654) from client. Sending data ...
2018-07-01 12:00:06,074 | server           | INFO     | PID=927 | [SUMMARY] [Sent: 214745194 bytes] [Read: 214745194 bytes (79.999% of 268435456 raw bytes)] [Duration: 132.99715185165405 seconds] [Bitrate: 12917280.769412464 bit/s]
2018-07-01 12:00:06,074 | server           | INFO     | PID=927 | Resources closed, now exiting

 Performance counter stats for 'system wide':

     416442.840329      task-clock (msec)         #    3.000 CPUs utilized            (100.00%)
            29,388      context-switches          #    0.071 K/sec                    (100.00%)
                 1      cpu-migrations            #    0.000 K/sec                    (100.00%)
            70,659      page-faults               #    0.170 K/sec                  
   335,735,819,956      cycles                    #    0.806 GHz                      (100.00%)
   <not supported>      stalled-cycles-frontend  
   <not supported>      stalled-cycles-backend   
   932,205,999,185      instructions              #    2.78  insns per cycle          (100.00%)
   190,685,594,354      branches                  #  457.891 M/sec                    (100.00%)
        86,900,129      branch-misses             #    0.05% of all branches        

     138.819636032 seconds time elapsed