LC_NUMERIC=en_US.UTF8 perf stat -B -a taskset -c 2 /tmp/eucycles/pyben-nio/src/run --server start --bind 10.10.1.9 --size 134217728 --port 8881 --filename /tmp/eucycles/data_file --bufsize 50mb --method "match; func=lambda v: int(chr(v)) < 3; sztype=BEFORE"

2018-07-01 06:02:48,337 | server           | INFO     | PID=16618 | [bufsize: 52428800 bytes] [zerocopy: False]
2018-07-01 06:02:48,351 | methods.match    | INFO     | PID=16618 | [method: methods.match]
2018-07-01 06:02:48,352 | methods.match    | INFO     | PID=16618 | [method parameters: {'sztype': 'BEFORE', 'func': 'lambda v: int(chr(v)) < 3', 'mpws': '50MB'}]
2018-07-01 06:02:48,372 | methods.match    | INFO     | PID=16618 | Start 1 process to handle data filtering
2018-07-01 06:02:48,372 | server           | INFO     | PID=16618 | Ready to send 134217728 bytes using data file size of 1073741824 bytes
2018-07-01 06:02:48,372 | server           | INFO     | PID=16618 | Listening socket bound to port 8881
2018-07-01 06:02:53,095 | server           | INFO     | PID=16618 | Accepted incoming connection ('10.10.1.1', 37109) from client. Sending data ...
2018-07-01 06:03:50,900 | server           | INFO     | PID=16618 | [SUMMARY] [Sent: 40259692 bytes] [Read: 40259692 bytes (29.996% of 134217728 raw bytes)] [Duration: 57.80480694770813 seconds] [Bitrate: 5571812.328538014 bit/s]
2018-07-01 06:03:50,900 | server           | INFO     | PID=16618 | Resources closed, now exiting

 Performance counter stats for 'system wide':

     187977.151392      task-clock (msec)         #    3.000 CPUs utilized            (100.00%)
            14,194      context-switches          #    0.076 K/sec                    (100.00%)
                 1      cpu-migrations            #    0.000 K/sec                    (100.00%)
            28,470      page-faults               #    0.151 K/sec                  
   160,641,599,913      cycles                    #    0.855 GHz                      (100.00%)
   <not supported>      stalled-cycles-frontend  
   <not supported>      stalled-cycles-backend   
   412,071,844,813      instructions              #    2.57  insns per cycle          (100.00%)
    85,002,045,221      branches                  #  452.193 M/sec                    (100.00%)
        58,610,202      branch-misses             #    0.07% of all branches        

      62.656801765 seconds time elapsed