LC_NUMERIC=en_US.UTF8 perf stat -B -a taskset -c 2 /tmp/eucycles/pyben-nio/src/run --server start --bind 10.10.1.2 --size 134217728 --port 8881 --filename /tmp/eucycles/data_file --bufsize 50mb --method "match; func=lambda v: int(chr(v)) < 5; sztype=BEFORE"

2018-07-01 08:46:29,587 | server           | INFO     | PID=17711 | [bufsize: 52428800 bytes] [zerocopy: False]
2018-07-01 08:46:29,601 | methods.match    | INFO     | PID=17711 | [method: methods.match]
2018-07-01 08:46:29,601 | methods.match    | INFO     | PID=17711 | [method parameters: {'mpws': '50MB', 'func': 'lambda v: int(chr(v)) < 5', 'sztype': 'BEFORE'}]
2018-07-01 08:46:29,622 | methods.match    | INFO     | PID=17711 | Start 1 process to handle data filtering
2018-07-01 08:46:29,622 | server           | INFO     | PID=17711 | Ready to send 134217728 bytes using data file size of 1073741824 bytes
2018-07-01 08:46:29,622 | server           | INFO     | PID=17711 | Listening socket bound to port 8881
2018-07-01 08:46:42,913 | server           | INFO     | PID=17711 | Accepted incoming connection ('10.10.1.1', 51075) from client. Sending data ...
2018-07-01 08:47:44,231 | server           | INFO     | PID=17711 | [SUMMARY] [Sent: 67109793 bytes] [Read: 67109793 bytes (50.001% of 134217728 raw bytes)] [Duration: 61.31748986244202 seconds] [Bitrate: 8755713.014417553 bit/s]
2018-07-01 08:47:44,231 | server           | INFO     | PID=17711 | Resources closed, now exiting

 Performance counter stats for 'system wide':

     224328.155536      task-clock (msec)         #    3.000 CPUs utilized            (100.00%)
            16,006      context-switches          #    0.071 K/sec                    (100.00%)
                 1      cpu-migrations            #    0.000 K/sec                    (100.00%)
            30,612      page-faults               #    0.136 K/sec                  
   153,639,879,595      cycles                    #    0.685 GHz                      (100.00%)
   <not supported>      stalled-cycles-frontend  
   <not supported>      stalled-cycles-backend   
   426,706,955,160      instructions              #    2.78  insns per cycle          (100.00%)
    87,030,885,491      branches                  #  387.962 M/sec                    (100.00%)
        85,140,593      branch-misses             #    0.10% of all branches        

      74.779015520 seconds time elapsed