LC_NUMERIC=en_US.UTF8 perf stat -B -a taskset -c 2 /tmp/eucycles/pyben-nio/src/run --server start --bind 10.10.1.5 --size 134217728 --port 8881 --filename /tmp/eucycles/data_file --bufsize 50mb --method "match; func=lambda v: int(chr(v)) < 7; sztype=BEFORE"

2018-07-01 11:09:12,020 | server           | INFO     | PID=23152 | [bufsize: 52428800 bytes] [zerocopy: False]
2018-07-01 11:09:12,034 | methods.match    | INFO     | PID=23152 | [method: methods.match]
2018-07-01 11:09:12,035 | methods.match    | INFO     | PID=23152 | [method parameters: {'func': 'lambda v: int(chr(v)) < 7', 'mpws': '50MB', 'sztype': 'BEFORE'}]
2018-07-01 11:09:12,055 | methods.match    | INFO     | PID=23152 | Start 1 process to handle data filtering
2018-07-01 11:09:12,055 | server           | INFO     | PID=23152 | Ready to send 134217728 bytes using data file size of 1073741824 bytes
2018-07-01 11:09:12,055 | server           | INFO     | PID=23152 | Listening socket bound to port 8881
2018-07-01 11:09:21,535 | server           | INFO     | PID=23152 | Accepted incoming connection ('10.10.1.1', 44529) from client. Sending data ...
2018-07-01 11:10:27,798 | server           | INFO     | PID=23152 | [SUMMARY] [Sent: 93944062 bytes] [Read: 93944062 bytes (69.994% of 134217728 raw bytes)] [Duration: 66.26266598701477 seconds] [Bitrate: 11342020.198029442 bit/s]
2018-07-01 11:10:27,798 | server           | INFO     | PID=23152 | Resources closed, now exiting

 Performance counter stats for 'system wide':

     227738.864333      task-clock (msec)         #    3.000 CPUs utilized            (100.00%)
            16,311      context-switches          #    0.072 K/sec                    (100.00%)
                 1      cpu-migrations            #    0.000 K/sec                    (100.00%)
            41,010      page-faults               #    0.180 K/sec                  
   189,725,624,647      cycles                    #    0.833 GHz                      (100.00%)
   <not supported>      stalled-cycles-frontend  
   <not supported>      stalled-cycles-backend   
   453,722,928,999      instructions              #    2.39  insns per cycle          (100.00%)
    93,057,495,556      branches                  #  408.615 M/sec                    (100.00%)
        58,665,971      branch-misses             #    0.06% of all branches        

      75.911129268 seconds time elapsed