LC_NUMERIC=en_US.UTF8 perf stat -B -a taskset -c 2 /tmp/eucycles/pyben-nio/src/run --server start --bind 10.10.1.5 --size 134217728 --port 8881 --filename /tmp/eucycles/data_file --bufsize 50mb --method "match; func=lambda v: int(chr(v)) < 8; sztype=BEFORE"

2018-07-01 12:37:08,319 | server           | INFO     | PID=25851 | [bufsize: 52428800 bytes] [zerocopy: False]
2018-07-01 12:37:08,333 | methods.match    | INFO     | PID=25851 | [method: methods.match]
2018-07-01 12:37:08,333 | methods.match    | INFO     | PID=25851 | [method parameters: {'func': 'lambda v: int(chr(v)) < 8', 'sztype': 'BEFORE', 'mpws': '50MB'}]
2018-07-01 12:37:08,354 | methods.match    | INFO     | PID=25851 | Start 1 process to handle data filtering
2018-07-01 12:37:08,354 | server           | INFO     | PID=25851 | Ready to send 134217728 bytes using data file size of 1073741824 bytes
2018-07-01 12:37:08,354 | server           | INFO     | PID=25851 | Listening socket bound to port 8881
2018-07-01 12:37:17,908 | server           | INFO     | PID=25851 | Accepted incoming connection ('10.10.1.1', 40205) from client. Sending data ...
2018-07-01 12:38:27,567 | server           | INFO     | PID=25851 | [SUMMARY] [Sent: 107364566 bytes] [Read: 107364566 bytes (79.993% of 134217728 raw bytes)] [Duration: 69.65872097015381 seconds] [Bitrate: 12330351.692331733 bit/s]
2018-07-01 12:38:27,567 | server           | INFO     | PID=25851 | Resources closed, now exiting

 Performance counter stats for 'system wide':

     238150.946041      task-clock (msec)         #    3.000 CPUs utilized            (100.00%)
            16,968      context-switches          #    0.071 K/sec                    (100.00%)
                 1      cpu-migrations            #    0.000 K/sec                    (100.00%)
            44,337      page-faults               #    0.186 K/sec                  
   193,698,365,699      cycles                    #    0.813 GHz                      (100.00%)
   <not supported>      stalled-cycles-frontend  
   <not supported>      stalled-cycles-backend   
   475,091,455,089      instructions              #    2.45  insns per cycle          (100.00%)
    97,750,732,557      branches                  #  410.457 M/sec                    (100.00%)
        45,118,437      branch-misses             #    0.05% of all branches        

      79.381748834 seconds time elapsed