LC_NUMERIC=en_US.UTF8 perf stat -B -a taskset -c 2 /tmp/eucycles/pyben-nio/src/run --server start --bind 10.10.1.2 --size 357913942 --port 8881 --filename /tmp/eucycles/data_file --bufsize 50mb --method "match; func=lambda v: int(chr(v)) < 7; sztype=BEFORE"

2018-07-01 10:56:01,659 | server           | INFO     | PID=22960 | [bufsize: 52428800 bytes] [zerocopy: False]
2018-07-01 10:56:01,673 | methods.match    | INFO     | PID=22960 | [method: methods.match]
2018-07-01 10:56:01,674 | methods.match    | INFO     | PID=22960 | [method parameters: {'sztype': 'BEFORE', 'func': 'lambda v: int(chr(v)) < 7', 'mpws': '50MB'}]
2018-07-01 10:56:01,694 | methods.match    | INFO     | PID=22960 | Start 1 process to handle data filtering
2018-07-01 10:56:01,694 | server           | INFO     | PID=22960 | Ready to send 357913942 bytes using data file size of 1073741824 bytes
2018-07-01 10:56:01,694 | server           | INFO     | PID=22960 | Listening socket bound to port 8881
2018-07-01 10:56:08,614 | server           | INFO     | PID=22960 | Accepted incoming connection ('10.10.1.1', 45689) from client. Sending data ...
2018-07-01 10:58:56,695 | server           | INFO     | PID=22960 | [SUMMARY] [Sent: 250547879 bytes] [Read: 250547879 bytes (70.002% of 357913942 raw bytes)] [Duration: 168.08129906654358 seconds] [Bitrate: 11925080.560011989 bit/s]
2018-07-01 10:58:56,695 | server           | INFO     | PID=22960 | Resources closed, now exiting

 Performance counter stats for 'system wide':

     525488.394991      task-clock (msec)         #    3.000 CPUs utilized            (100.00%)
            37,154      context-switches          #    0.071 K/sec                    (100.00%)
                 1      cpu-migrations            #    0.000 K/sec                    (100.00%)
            79,198      page-faults               #    0.151 K/sec                  
   427,024,024,526      cycles                    #    0.813 GHz                      (100.00%)
   <not supported>      stalled-cycles-frontend  
   <not supported>      stalled-cycles-backend   
 1,190,511,971,149      instructions              #    2.79  insns per cycle          (100.00%)
   242,247,944,051      branches                  #  460.996 M/sec                    (100.00%)
       151,017,682      branch-misses             #    0.06% of all branches        

     175.170048608 seconds time elapsed