LC_NUMERIC=en_US.UTF8 perf stat -B -a taskset -c 2 /tmp/eucycles/pyben-nio/src/run --server start --bind 10.10.1.3 --size 357913941 --port 8881 --filename /tmp/eucycles/data_file --bufsize 50mb --method "match; func=lambda v: int(chr(v)) < 3; sztype=BEFORE"

2018-07-01 04:57:43,946 | server           | INFO     | PID=25205 | [bufsize: 52428800 bytes] [zerocopy: False]
2018-07-01 04:57:43,960 | methods.match    | INFO     | PID=25205 | [method: methods.match]
2018-07-01 04:57:43,961 | methods.match    | INFO     | PID=25205 | [method parameters: {'func': 'lambda v: int(chr(v)) < 3', 'mpws': '50MB', 'sztype': 'BEFORE'}]
2018-07-01 04:57:43,981 | methods.match    | INFO     | PID=25205 | Start 1 process to handle data filtering
2018-07-01 04:57:43,981 | server           | INFO     | PID=25205 | Ready to send 357913941 bytes using data file size of 1073741824 bytes
2018-07-01 04:57:43,981 | server           | INFO     | PID=25205 | Listening socket bound to port 8881
2018-07-01 04:57:49,659 | server           | INFO     | PID=25205 | Accepted incoming connection ('10.10.1.1', 55996) from client. Sending data ...
2018-07-01 05:00:20,093 | server           | INFO     | PID=25205 | [SUMMARY] [Sent: 107375512 bytes] [Read: 107375512 bytes (30.000% of 357913941 raw bytes)] [Duration: 150.43404006958008 seconds] [Bitrate: 5710171.019821617 bit/s]
2018-07-01 05:00:20,093 | server           | INFO     | PID=25205 | Resources closed, now exiting

 Performance counter stats for 'system wide':

     468800.544935      task-clock (msec)         #    3.000 CPUs utilized            (100.00%)
            33,846      context-switches          #    0.072 K/sec                    (100.00%)
                 1      cpu-migrations            #    0.000 K/sec                    (100.00%)
            32,392      page-faults               #    0.069 K/sec                  
   386,392,688,221      cycles                    #    0.824 GHz                      (100.00%)
   <not supported>      stalled-cycles-frontend  
   <not supported>      stalled-cycles-backend   
 1,083,948,703,357      instructions              #    2.81  insns per cycle          (100.00%)
   221,359,575,030      branches                  #  472.183 M/sec                    (100.00%)
       151,243,352      branch-misses             #    0.07% of all branches        

     156.283865816 seconds time elapsed