LC_NUMERIC=en_US.UTF8 perf stat -B -a taskset -c 2 /tmp/eucycles/pyben-nio/src/run --server start --bind 10.10.1.2 --size 153391690 --port 8881 --filename /tmp/eucycles/data_file --bufsize 50mb --method "match; func=lambda v: int(chr(v)) < 9; sztype=BEFORE"

2018-07-01 14:04:40,735 | server           | INFO     | PID=30755 | [bufsize: 52428800 bytes] [zerocopy: False]
2018-07-01 14:04:40,749 | methods.match    | INFO     | PID=30755 | [method: methods.match]
2018-07-01 14:04:40,750 | methods.match    | INFO     | PID=30755 | [method parameters: {'sztype': 'BEFORE', 'func': 'lambda v: int(chr(v)) < 9', 'mpws': '50MB'}]
2018-07-01 14:04:40,770 | methods.match    | INFO     | PID=30755 | Start 1 process to handle data filtering
2018-07-01 14:04:40,770 | server           | INFO     | PID=30755 | Ready to send 153391690 bytes using data file size of 1073741824 bytes
2018-07-01 14:04:40,770 | server           | INFO     | PID=30755 | Listening socket bound to port 8881
2018-07-01 14:04:52,795 | server           | INFO     | PID=30755 | Accepted incoming connection ('10.10.1.1', 33687) from client. Sending data ...
2018-07-01 14:06:11,469 | server           | INFO     | PID=30755 | [SUMMARY] [Sent: 138052651 bytes] [Read: 138052651 bytes (90.000% of 153391690 raw bytes)] [Duration: 78.67425394058228 seconds] [Bitrate: 14037898.711236589 bit/s]
2018-07-01 14:06:11,469 | server           | INFO     | PID=30755 | Resources closed, now exiting

 Performance counter stats for 'system wide':

     272592.844494      task-clock (msec)         #    3.000 CPUs utilized            (100.00%)
            19,235      context-switches          #    0.071 K/sec                    (100.00%)
                 1      cpu-migrations            #    0.000 K/sec                    (100.00%)
            52,784      page-faults               #    0.194 K/sec                  
   190,059,873,391      cycles                    #    0.697 GHz                      (100.00%)
   <not supported>      stalled-cycles-frontend  
   <not supported>      stalled-cycles-backend   
   532,343,191,568      instructions              #    2.80  insns per cycle          (100.00%)
   108,320,450,764      branches                  #  397.371 M/sec                    (100.00%)
        35,865,754      branch-misses             #    0.03% of all branches        

      90.867927664 seconds time elapsed