LC_NUMERIC=en_US.UTF8 perf stat -B -a taskset -c 2 /tmp/eucycles/pyben-nio/src/run --client start --addresses 10.10.1.2  10.10.1.3  10.10.1.4 --size 1GB --port 8881 --bind 10.10.1.1 --bufsize 50mb --method "raw"

2018-07-01 03:41:08,204 | client           | INFO     | PID=9432 | [bufsize: 52428800 bytes]
2018-07-01 03:41:08,231 | client           | INFO     | PID=9435 | Connecting to server 10.10.1.2 on port 8881
2018-07-01 03:41:08,232 | client           | INFO     | PID=9434 | Connecting to server 10.10.1.3 on port 8881
2018-07-01 03:41:08,232 | client           | INFO     | PID=9435 | Connection established. Receiving data ...
2018-07-01 03:41:08,232 | methods.raw      | INFO     | PID=9435 | [method: methods.raw]
2018-07-01 03:41:08,232 | methods.raw      | INFO     | PID=9435 | [method parameters: {}]
2018-07-01 03:41:08,235 | client           | INFO     | PID=9434 | Connection established. Receiving data ...
2018-07-01 03:41:08,235 | methods.raw      | INFO     | PID=9434 | [method: methods.raw]
2018-07-01 03:41:08,236 | methods.raw      | INFO     | PID=9434 | [method parameters: {}]
2018-07-01 03:41:08,240 | client           | INFO     | PID=9433 | Connecting to server 10.10.1.4 on port 8881
2018-07-01 03:41:08,243 | client           | INFO     | PID=9433 | Connection established. Receiving data ...
2018-07-01 03:41:08,243 | methods.raw      | INFO     | PID=9433 | [method: methods.raw]
2018-07-01 03:41:08,244 | methods.raw      | INFO     | PID=9433 | [method parameters: {}]
2018-07-01 03:43:32,095 | client           | INFO     | PID=9434 | [Received: 71584527 bytes (71584527 raw bytes)] [Duration: 143.80073595046997 seconds] [Bitrate: 3982428.9647394423 bit/s]
2018-07-01 03:43:32,095 | client           | INFO     | PID=9434 | Socket closed
2018-07-01 03:43:33,918 | client           | INFO     | PID=9433 | [Received: 71579826 bytes (71579826 raw bytes)] [Duration: 145.62211799621582 seconds] [Bitrate: 3932360.11039807 bit/s]
2018-07-01 03:43:33,918 | client           | INFO     | PID=9433 | Socket closed
2018-07-01 03:43:34,718 | client           | INFO     | PID=9435 | [Received: 71583076 bytes (71583076 raw bytes)] [Duration: 146.4279589653015 seconds] [Bitrate: 3910896.607769437 bit/s]
2018-07-01 03:43:34,718 | client           | INFO     | PID=9435 | Socket closed
2018-07-01 03:43:34,900 | client           | INFO     | PID=9432 | [SUMMARY] [Received: 214747429 bytes (100.000% of 214747429 raw bytes)] [Duration: 146.4279589653015 seconds] [Bitrate: 11732591.536067938 bit/s]

 Performance counter stats for 'system wide':

     440291.913357      task-clock (msec)         #    3.000 CPUs utilized            (100.00%)
           303,838      context-switches          #    0.690 K/sec                    (100.00%)
                 1      cpu-migrations            #    0.000 K/sec                    (100.00%)
           508,750      page-faults               #    0.001 M/sec                  
    16,269,815,504      cycles                    #    0.037 GHz                      (100.00%)
   <not supported>      stalled-cycles-frontend  
   <not supported>      stalled-cycles-backend   
    25,262,132,140      instructions              #    1.55  insns per cycle          (100.00%)
     6,300,315,068      branches                  #   14.309 M/sec                    (100.00%)
        20,855,693      branch-misses             #    0.33% of all branches        

     146.770931177 seconds time elapsed