LC_NUMERIC=en_US.UTF8 perf stat -B -a taskset -c 2 /tmp/eucycles/pyben-nio/src/run --server start --bind 10.10.1.3 --size 134217728 --port 8881 --filename /tmp/eucycles/data_file --bufsize 50mb --method "match; func=lambda v: int(chr(v)) < 6; sztype=BEFORE"

2018-07-01 09:43:08,264 | server           | INFO     | PID=4636 | [bufsize: 52428800 bytes] [zerocopy: False]
2018-07-01 09:43:08,278 | methods.match    | INFO     | PID=4636 | [method: methods.match]
2018-07-01 09:43:08,278 | methods.match    | INFO     | PID=4636 | [method parameters: {'sztype': 'BEFORE', 'mpws': '50MB', 'func': 'lambda v: int(chr(v)) < 6'}]
2018-07-01 09:43:08,298 | methods.match    | INFO     | PID=4636 | Start 1 process to handle data filtering
2018-07-01 09:43:08,298 | server           | INFO     | PID=4636 | Ready to send 134217728 bytes using data file size of 1073741824 bytes
2018-07-01 09:43:08,299 | server           | INFO     | PID=4636 | Listening socket bound to port 8881
2018-07-01 09:43:20,370 | server           | INFO     | PID=4636 | Accepted incoming connection ('10.10.1.1', 54164) from client. Sending data ...
2018-07-01 09:44:21,476 | server           | INFO     | PID=4636 | [SUMMARY] [Sent: 80511570 bytes] [Read: 80511570 bytes (59.986% of 134217728 raw bytes)] [Duration: 61.105396032333374 seconds] [Bitrate: 10540682.195385562 bit/s]
2018-07-01 09:44:21,476 | server           | INFO     | PID=4636 | Resources closed, now exiting

 Performance counter stats for 'system wide':

     220019.425755      task-clock (msec)         #    3.000 CPUs utilized            (100.00%)
            15,808      context-switches          #    0.072 K/sec                    (100.00%)
                 1      cpu-migrations            #    0.000 K/sec                    (100.00%)
            37,438      page-faults               #    0.170 K/sec                  
   156,228,095,472      cycles                    #    0.710 GHz                      (100.00%)
   <not supported>      stalled-cycles-frontend  
   <not supported>      stalled-cycles-backend   
   434,215,794,466      instructions              #    2.78  insns per cycle          (100.00%)
    88,427,520,480      branches                  #  401.908 M/sec                    (100.00%)
        73,781,965      branch-misses             #    0.08% of all branches        

      73.347683086 seconds time elapsed