LC_NUMERIC=en_US.UTF8 perf stat -B -a taskset -c 2 /tmp/eucycles/pyben-nio/src/run --server start --bind 10.10.1.6 --size 134217728 --port 8881 --filename /tmp/eucycles/data_file --bufsize 50mb --method "match; func=lambda v: int(chr(v)) < 8; sztype=BEFORE"

2018-07-01 12:37:11,890 | server           | INFO     | PID=17165 | [bufsize: 52428800 bytes] [zerocopy: False]
2018-07-01 12:37:11,905 | methods.match    | INFO     | PID=17165 | [method: methods.match]
2018-07-01 12:37:11,905 | methods.match    | INFO     | PID=17165 | [method parameters: {'sztype': 'BEFORE', 'func': 'lambda v: int(chr(v)) < 8', 'mpws': '50MB'}]
2018-07-01 12:37:11,926 | methods.match    | INFO     | PID=17165 | Start 1 process to handle data filtering
2018-07-01 12:37:11,926 | server           | INFO     | PID=17165 | Ready to send 134217728 bytes using data file size of 1073741824 bytes
2018-07-01 12:37:11,926 | server           | INFO     | PID=17165 | Listening socket bound to port 8881
2018-07-01 12:37:20,264 | server           | INFO     | PID=17165 | Accepted incoming connection ('10.10.1.1', 50532) from client. Sending data ...
2018-07-01 12:38:28,848 | server           | INFO     | PID=17165 | [SUMMARY] [Sent: 107372805 bytes] [Read: 107372805 bytes (79.999% of 134217728 raw bytes)] [Duration: 68.58329701423645 seconds] [Bitrate: 12524659.463683896 bit/s]
2018-07-01 12:38:28,848 | server           | INFO     | PID=17165 | Resources closed, now exiting

 Performance counter stats for 'system wide':

     231281.715366      task-clock (msec)         #    3.000 CPUs utilized            (100.00%)
            17,047      context-switches          #    0.074 K/sec                    (100.00%)
                 1      cpu-migrations            #    0.000 K/sec                    (100.00%)
            44,250      page-faults               #    0.191 K/sec                  
   194,668,192,783      cycles                    #    0.842 GHz                      (100.00%)
   <not supported>      stalled-cycles-frontend  
   <not supported>      stalled-cycles-backend   
   467,979,573,128      instructions              #    2.40  insns per cycle          (100.00%)
    95,938,925,357      branches                  #  414.814 M/sec                    (100.00%)
        45,062,950      branch-misses             #    0.05% of all branches        

      77.092570524 seconds time elapsed