LC_NUMERIC=en_US.UTF8 perf stat -B -a taskset -c 2 /tmp/eucycles/pyben-nio/src/run --server start --bind 10.10.1.7 --size 134217728 --port 8881 --filename /tmp/eucycles/data_file --bufsize 50mb --method "match; func=lambda v: int(chr(v)) < 7; sztype=BEFORE"

2018-07-01 11:38:06,935 | server           | INFO     | PID=6876 | [bufsize: 52428800 bytes] [zerocopy: False]
2018-07-01 11:38:06,949 | methods.match    | INFO     | PID=6876 | [method: methods.match]
2018-07-01 11:38:06,950 | methods.match    | INFO     | PID=6876 | [method parameters: {'mpws': '50MB', 'func': 'lambda v: int(chr(v)) < 7', 'sztype': 'BEFORE'}]
2018-07-01 11:38:06,970 | methods.match    | INFO     | PID=6876 | Start 1 process to handle data filtering
2018-07-01 11:38:06,970 | server           | INFO     | PID=6876 | Ready to send 134217728 bytes using data file size of 1073741824 bytes
2018-07-01 11:38:06,970 | server           | INFO     | PID=6876 | Listening socket bound to port 8881
2018-07-01 11:38:14,016 | server           | INFO     | PID=6876 | Accepted incoming connection ('10.10.1.1', 48676) from client. Sending data ...
2018-07-01 11:39:20,019 | server           | INFO     | PID=6876 | [SUMMARY] [Sent: 93955253 bytes] [Read: 93955253 bytes (70.002% of 134217728 raw bytes)] [Duration: 66.00278401374817 seconds] [Bitrate: 11388035.1447514 bit/s]
2018-07-01 11:39:20,019 | server           | INFO     | PID=6876 | Resources closed, now exiting

 Performance counter stats for 'system wide':

     219673.083210      task-clock (msec)         #    3.000 CPUs utilized            (100.00%)
            15,718      context-switches          #    0.072 K/sec                    (100.00%)
                 1      cpu-migrations            #    0.000 K/sec                    (100.00%)
            40,543      page-faults               #    0.185 K/sec                  
   188,025,461,196      cycles                    #    0.856 GHz                      (100.00%)
   <not supported>      stalled-cycles-frontend  
   <not supported>      stalled-cycles-backend   
   456,376,938,315      instructions              #    2.43  insns per cycle          (100.00%)
    93,586,697,386      branches                  #  426.027 M/sec                    (100.00%)
        58,517,096      branch-misses             #    0.06% of all branches        

      73.220055028 seconds time elapsed