LC_NUMERIC=en_US.UTF8 perf stat -B -a taskset -c 2 /tmp/eucycles/pyben-nio/src/run --client start --addresses 10.10.1.2  10.10.1.3  10.10.1.4 --size 1GB --port 8881 --bind 10.10.1.1 --bufsize 50mb --method "raw"

2018-07-01 09:01:58,401 | client           | INFO     | PID=638 | [bufsize: 52428800 bytes]
2018-07-01 09:01:58,428 | client           | INFO     | PID=641 | Connecting to server 10.10.1.2 on port 8881
2018-07-01 09:01:58,429 | client           | INFO     | PID=640 | Connecting to server 10.10.1.3 on port 8881
2018-07-01 09:01:58,429 | client           | INFO     | PID=641 | Connection established. Receiving data ...
2018-07-01 09:01:58,429 | methods.raw      | INFO     | PID=641 | [method: methods.raw]
2018-07-01 09:01:58,429 | methods.raw      | INFO     | PID=641 | [method parameters: {}]
2018-07-01 09:01:58,435 | client           | INFO     | PID=640 | Connection established. Receiving data ...
2018-07-01 09:01:58,435 | methods.raw      | INFO     | PID=640 | [method: methods.raw]
2018-07-01 09:01:58,436 | methods.raw      | INFO     | PID=640 | [method parameters: {}]
2018-07-01 09:01:58,440 | client           | INFO     | PID=639 | Connecting to server 10.10.1.4 on port 8881
2018-07-01 09:01:58,440 | client           | INFO     | PID=639 | Connection established. Receiving data ...
2018-07-01 09:01:58,440 | methods.raw      | INFO     | PID=639 | [method: methods.raw]
2018-07-01 09:01:58,440 | methods.raw      | INFO     | PID=639 | [method parameters: {}]
2018-07-01 09:04:41,984 | client           | INFO     | PID=639 | [Received: 214747442 bytes (214747442 raw bytes)] [Duration: 163.49153184890747 seconds] [Bitrate: 10508064.341752514 bit/s]
2018-07-01 09:04:41,984 | client           | INFO     | PID=639 | Socket closed
2018-07-01 09:04:45,701 | client           | INFO     | PID=640 | [Received: 214736805 bytes (214736805 raw bytes)] [Duration: 167.2145857810974 seconds] [Bitrate: 10273592.05523444 bit/s]
2018-07-01 09:04:45,702 | client           | INFO     | PID=640 | Socket closed
2018-07-01 09:04:46,381 | client           | INFO     | PID=641 | [Received: 214756472 bytes (214756472 raw bytes)] [Duration: 167.89907693862915 seconds] [Bitrate: 10232645.749612942 bit/s]
2018-07-01 09:04:46,381 | client           | INFO     | PID=641 | Socket closed
2018-07-01 09:04:46,856 | client           | INFO     | PID=638 | [SUMMARY] [Received: 644240719 bytes (100.000% of 644240719 raw bytes)] [Duration: 167.89907693862915 seconds] [Bitrate: 30696569.903620582 bit/s]

 Performance counter stats for 'system wide':

     505564.077170      task-clock (msec)         #    3.000 CPUs utilized            (100.00%)
           349,634      context-switches          #    0.692 K/sec                    (100.00%)
                 1      cpu-migrations            #    0.000 K/sec                    (100.00%)
         1,193,734      page-faults               #    0.002 M/sec                  
    32,132,899,341      cycles                    #    0.064 GHz                      (100.00%)
   <not supported>      stalled-cycles-frontend  
   <not supported>      stalled-cycles-backend   
    62,727,364,334      instructions              #    1.95  insns per cycle          (100.00%)
    15,878,635,815      branches                  #   31.408 M/sec                    (100.00%)
        35,750,742      branch-misses             #    0.23% of all branches        

     168.529380223 seconds time elapsed