LC_NUMERIC=en_US.UTF8 perf stat -B -a taskset -c 2 /tmp/eucycles/pyben-nio/src/run --server start --bind 10.10.1.4 --size 178956971 --port 8881 --filename /tmp/eucycles/data_file --bufsize 50mb --method "match; func=lambda v: int(chr(v)) < 0; sztype=BEFORE"

2018-07-01 02:09:03,101 | server           | INFO     | PID=11631 | [bufsize: 52428800 bytes] [zerocopy: False]
2018-07-01 02:09:03,116 | methods.match    | INFO     | PID=11631 | [method: methods.match]
2018-07-01 02:09:03,116 | methods.match    | INFO     | PID=11631 | [method parameters: {'mpws': '50MB', 'func': 'lambda v: int(chr(v)) < 0', 'sztype': 'BEFORE'}]
2018-07-01 02:09:03,136 | methods.match    | INFO     | PID=11631 | Start 1 process to handle data filtering
2018-07-01 02:09:03,137 | server           | INFO     | PID=11631 | Ready to send 178956971 bytes using data file size of 1073741824 bytes
2018-07-01 02:09:03,137 | server           | INFO     | PID=11631 | Listening socket bound to port 8881
2018-07-01 02:09:11,395 | server           | INFO     | PID=11631 | Accepted incoming connection ('10.10.1.1', 41467) from client. Sending data ...
2018-07-01 02:10:28,857 | server           | INFO     | PID=11631 | [SUMMARY] [Sent: 0 bytes] [Read: 0 bytes (0.000% of 178956971 raw bytes)] [Duration: 77.46252608299255 seconds] [Bitrate: 0.0 bit/s]
2018-07-01 02:10:28,858 | server           | INFO     | PID=11631 | Resources closed, now exiting

 Performance counter stats for 'system wide':

     257673.171746      task-clock (msec)         #    3.000 CPUs utilized            (100.00%)
            18,548      context-switches          #    0.072 K/sec                    (100.00%)
                 1      cpu-migrations            #    0.000 K/sec                    (100.00%)
            23,475      page-faults               #    0.091 K/sec                  
   200,375,545,872      cycles                    #    0.778 GHz                      (100.00%)
   <not supported>      stalled-cycles-frontend  
   <not supported>      stalled-cycles-backend   
   496,961,117,616      instructions              #    2.48  insns per cycle          (100.00%)
   102,072,373,268      branches                  #  396.131 M/sec                    (100.00%)
        23,179,726      branch-misses             #    0.02% of all branches        

      85.894287847 seconds time elapsed