LC_NUMERIC=en_US.UTF8 perf stat -B -a taskset -c 2 /tmp/eucycles/pyben-nio/src/run --server start --bind 10.10.1.3 --size 153391689 --port 8881 --filename /tmp/eucycles/data_file --bufsize 50mb --method "match; func=lambda v: int(chr(v)) < 4; sztype=BEFORE"

2018-07-01 07:21:23,538 | server           | INFO     | PID=31435 | [bufsize: 52428800 bytes] [zerocopy: False]
2018-07-01 07:21:23,552 | methods.match    | INFO     | PID=31435 | [method: methods.match]
2018-07-01 07:21:23,553 | methods.match    | INFO     | PID=31435 | [method parameters: {'sztype': 'BEFORE', 'mpws': '50MB', 'func': 'lambda v: int(chr(v)) < 4'}]
2018-07-01 07:21:23,573 | methods.match    | INFO     | PID=31435 | Start 1 process to handle data filtering
2018-07-01 07:21:23,573 | server           | INFO     | PID=31435 | Ready to send 153391689 bytes using data file size of 1073741824 bytes
2018-07-01 07:21:23,573 | server           | INFO     | PID=31435 | Listening socket bound to port 8881
2018-07-01 07:21:34,380 | server           | INFO     | PID=31435 | Accepted incoming connection ('10.10.1.1', 37151) from client. Sending data ...
2018-07-01 07:22:42,567 | server           | INFO     | PID=31435 | [SUMMARY] [Sent: 61347069 bytes] [Read: 61347069 bytes (39.994% of 153391689 raw bytes)] [Duration: 68.18755578994751 seconds] [Bitrate: 7197450.419132817 bit/s]
2018-07-01 07:22:42,567 | server           | INFO     | PID=31435 | Resources closed, now exiting

 Performance counter stats for 'system wide':

     237470.341597      task-clock (msec)         #    3.000 CPUs utilized            (100.00%)
            16,853      context-switches          #    0.071 K/sec                    (100.00%)
                 1      cpu-migrations            #    0.000 K/sec                    (100.00%)
            27,683      page-faults               #    0.117 K/sec                  
   172,589,460,667      cycles                    #    0.727 GHz                      (100.00%)
   <not supported>      stalled-cycles-frontend  
   <not supported>      stalled-cycles-backend   
   475,431,183,432      instructions              #    2.75  insns per cycle          (100.00%)
    97,072,998,322      branches                  #  408.779 M/sec                    (100.00%)
        83,710,776      branch-misses             #    0.09% of all branches        

      79.165297543 seconds time elapsed