LC_NUMERIC=en_US.UTF8 perf stat -B -a taskset -c 2 /tmp/eucycles/pyben-nio/src/run --server start --bind 10.10.1.7 --size 134217728 --port 8881 --filename /tmp/eucycles/data_file --bufsize 50mb --method "match; func=lambda v: int(chr(v)) < 5; sztype=BEFORE"

2018-07-01 08:46:34,211 | server           | INFO     | PID=2732 | [bufsize: 52428800 bytes] [zerocopy: False]
2018-07-01 08:46:34,225 | methods.match    | INFO     | PID=2732 | [method: methods.match]
2018-07-01 08:46:34,225 | methods.match    | INFO     | PID=2732 | [method parameters: {'func': 'lambda v: int(chr(v)) < 5', 'mpws': '50MB', 'sztype': 'BEFORE'}]
2018-07-01 08:46:34,246 | methods.match    | INFO     | PID=2732 | Start 1 process to handle data filtering
2018-07-01 08:46:34,246 | server           | INFO     | PID=2732 | Ready to send 134217728 bytes using data file size of 1073741824 bytes
2018-07-01 08:46:34,246 | server           | INFO     | PID=2732 | Listening socket bound to port 8881
2018-07-01 08:46:41,363 | server           | INFO     | PID=2732 | Accepted incoming connection ('10.10.1.1', 60751) from client. Sending data ...
2018-07-01 08:47:41,385 | server           | INFO     | PID=2732 | [SUMMARY] [Sent: 67111196 bytes] [Read: 67111196 bytes (50.002% of 134217728 raw bytes)] [Duration: 60.022135972976685 seconds] [Bitrate: 8944859.413895562 bit/s]
2018-07-01 08:47:41,386 | server           | INFO     | PID=2732 | Resources closed, now exiting

 Performance counter stats for 'system wide':

     201950.176396      task-clock (msec)         #    3.000 CPUs utilized            (100.00%)
            14,714      context-switches          #    0.073 K/sec                    (100.00%)
                 1      cpu-migrations            #    0.000 K/sec                    (100.00%)
            30,080      page-faults               #    0.149 K/sec                  
   174,994,746,332      cycles                    #    0.867 GHz                      (100.00%)
   <not supported>      stalled-cycles-frontend  
   <not supported>      stalled-cycles-backend   
   427,528,016,731      instructions              #    2.44  insns per cycle          (100.00%)
    87,404,378,489      branches                  #  432.802 M/sec                    (100.00%)
        84,969,910      branch-misses             #    0.10% of all branches        

      67.312739010 seconds time elapsed