LC_NUMERIC=en_US.UTF8 perf stat -B -a taskset -c 2 /tmp/eucycles/pyben-nio/src/run --server start --bind 10.10.1.2 --size 178956971 --port 8881 --filename /tmp/eucycles/data_file --bufsize 50mb --method "match; func=lambda v: int(chr(v)) < 9; sztype=BEFORE"

2018-07-01 13:32:00,870 | server           | INFO     | PID=29420 | [bufsize: 52428800 bytes] [zerocopy: False]
2018-07-01 13:32:00,885 | methods.match    | INFO     | PID=29420 | [method: methods.match]
2018-07-01 13:32:00,885 | methods.match    | INFO     | PID=29420 | [method parameters: {'mpws': '50MB', 'sztype': 'BEFORE', 'func': 'lambda v: int(chr(v)) < 9'}]
2018-07-01 13:32:00,905 | methods.match    | INFO     | PID=29420 | Start 1 process to handle data filtering
2018-07-01 13:32:00,905 | server           | INFO     | PID=29420 | Ready to send 178956971 bytes using data file size of 1073741824 bytes
2018-07-01 13:32:00,905 | server           | INFO     | PID=29420 | Listening socket bound to port 8881
2018-07-01 13:32:11,686 | server           | INFO     | PID=29420 | Accepted incoming connection ('10.10.1.1', 52049) from client. Sending data ...
2018-07-01 13:33:44,233 | server           | INFO     | PID=29420 | [SUMMARY] [Sent: 161063802 bytes] [Read: 161063802 bytes (90.001% of 178956971 raw bytes)] [Duration: 92.54707598686218 seconds] [Bitrate: 13922756.6323426 bit/s]
2018-07-01 13:33:44,234 | server           | INFO     | PID=29420 | Resources closed, now exiting

 Performance counter stats for 'system wide':

     310477.144939      task-clock (msec)         #    3.000 CPUs utilized            (100.00%)
            21,783      context-switches          #    0.070 K/sec                    (100.00%)
                 1      cpu-migrations            #    0.000 K/sec                    (100.00%)
            57,769      page-faults               #    0.186 K/sec                  
   225,834,123,400      cycles                    #    0.727 GHz                      (100.00%)
   <not supported>      stalled-cycles-frontend  
   <not supported>      stalled-cycles-backend   
   626,514,143,642      instructions              #    2.77  insns per cycle          (100.00%)
   127,962,065,173      branches                  #  412.146 M/sec                    (100.00%)
        41,191,001      branch-misses             #    0.03% of all branches        

     103.496577803 seconds time elapsed