LC_NUMERIC=en_US.UTF8 perf stat -B -a taskset -c 2 /tmp/eucycles/pyben-nio/src/run --client start --addresses 10.10.1.2  10.10.1.3 --size 1GB --port 8881 --bind 10.10.1.1 --bufsize 50mb --method "raw"

2018-07-01 11:20:16,070 | client           | INFO     | PID=23587 | [bufsize: 52428800 bytes]
2018-07-01 11:20:16,096 | client           | INFO     | PID=23589 | Connecting to server 10.10.1.2 on port 8881
2018-07-01 11:20:16,096 | client           | INFO     | PID=23588 | Connecting to server 10.10.1.3 on port 8881
2018-07-01 11:20:16,097 | client           | INFO     | PID=23589 | Connection established. Receiving data ...
2018-07-01 11:20:16,097 | methods.raw      | INFO     | PID=23589 | [method: methods.raw]
2018-07-01 11:20:16,097 | methods.raw      | INFO     | PID=23589 | [method parameters: {}]
2018-07-01 11:20:16,103 | client           | INFO     | PID=23588 | Connection established. Receiving data ...
2018-07-01 11:20:16,103 | methods.raw      | INFO     | PID=23588 | [method: methods.raw]
2018-07-01 11:20:16,104 | methods.raw      | INFO     | PID=23588 | [method parameters: {}]
2018-07-01 11:24:26,310 | client           | INFO     | PID=23588 | [Received: 375807758 bytes (375807758 raw bytes)] [Duration: 250.17166900634766 seconds] [Bitrate: 12017596.06090215 bit/s]
2018-07-01 11:24:26,311 | client           | INFO     | PID=23588 | Socket closed
2018-07-01 11:24:29,606 | client           | INFO     | PID=23589 | [Received: 375815518 bytes (375815518 raw bytes)] [Duration: 253.47262406349182 seconds] [Bitrate: 11861336.722686479 bit/s]
2018-07-01 11:24:29,606 | client           | INFO     | PID=23589 | Socket closed
2018-07-01 11:24:30,246 | client           | INFO     | PID=23587 | [SUMMARY] [Received: 751623276 bytes (100.000% of 751623276 raw bytes)] [Duration: 253.47262406349182 seconds] [Bitrate: 23722428.527405072 bit/s]

 Performance counter stats for 'system wide':

     762713.150471      task-clock (msec)         #    3.000 CPUs utilized            (100.00%)
           526,423      context-switches          #    0.690 K/sec                    (100.00%)
                 1      cpu-migrations            #    0.000 K/sec                    (100.00%)
         1,168,388      page-faults               #    0.002 M/sec                  
    39,908,653,127      cycles                    #    0.052 GHz                      (100.00%)
   <not supported>      stalled-cycles-frontend  
   <not supported>      stalled-cycles-backend   
    75,991,811,028      instructions              #    1.90  insns per cycle          (100.00%)
    18,976,295,499      branches                  #   24.880 M/sec                    (100.00%)
        42,248,812      branch-misses             #    0.22% of all branches        

     254.249925945 seconds time elapsed