LC_NUMERIC=en_US.UTF8 perf stat -B -a taskset -c 2 /tmp/eucycles/pyben-nio/src/run --server start --bind 10.10.1.2 --size 1073741824 --port 8881 --filename /tmp/eucycles/data_file --bufsize 50mb --method "match; func=lambda v: int(chr(v)) < 8; sztype=BEFORE"

2018-07-01 11:40:08,475 | server           | INFO     | PID=25057 | [bufsize: 52428800 bytes] [zerocopy: False]
2018-07-01 11:40:08,489 | methods.match    | INFO     | PID=25057 | [method: methods.match]
2018-07-01 11:40:08,490 | methods.match    | INFO     | PID=25057 | [method parameters: {'func': 'lambda v: int(chr(v)) < 8', 'sztype': 'BEFORE', 'mpws': '50MB'}]
2018-07-01 11:40:08,510 | methods.match    | INFO     | PID=25057 | Start 1 process to handle data filtering
2018-07-01 11:40:08,510 | server           | INFO     | PID=25057 | Ready to send 1073741824 bytes using data file size of 1073741824 bytes
2018-07-01 11:40:08,510 | server           | INFO     | PID=25057 | Listening socket bound to port 8881
2018-07-01 11:40:12,830 | server           | INFO     | PID=25057 | Accepted incoming connection ('10.10.1.1', 55334) from client. Sending data ...
2018-07-01 11:48:55,038 | server           | INFO     | PID=25057 | [SUMMARY] [Sent: 858995404 bytes] [Read: 858995404 bytes (80.000% of 1073741824 raw bytes)] [Duration: 522.2071521282196 seconds] [Bitrate: 13159458.280097818 bit/s]
2018-07-01 11:48:55,038 | server           | INFO     | PID=25057 | Resources closed, now exiting

 Performance counter stats for 'system wide':

    1580023.310706      task-clock (msec)         #    3.000 CPUs utilized            (100.00%)
           110,005      context-switches          #    0.070 K/sec                    (100.00%)
                 1      cpu-migrations            #    0.000 K/sec                    (100.00%)
           229,106      page-faults               #    0.145 K/sec                  
 1,326,540,497,369      cycles                    #    0.840 GHz                      (100.00%)
   <not supported>      stalled-cycles-frontend  
   <not supported>      stalled-cycles-backend   
 3,678,070,355,072      instructions              #    2.77  insns per cycle          (100.00%)
   749,558,280,276      branches                  #  474.397 M/sec                    (100.00%)
       338,338,726      branch-misses             #    0.05% of all branches        

     526.696657924 seconds time elapsed