LC_NUMERIC=en_US.UTF8 perf stat -B -a taskset -c 2 /tmp/eucycles/pyben-nio/src/run --server start --bind 10.10.1.7 --size 178956970 --port 8881 --filename /tmp/eucycles/data_file --bufsize 50mb --method "match; func=lambda v: int(chr(v)) < 8; sztype=BEFORE"

2018-07-01 12:03:12,381 | server           | INFO     | PID=7271 | [bufsize: 52428800 bytes] [zerocopy: False]
2018-07-01 12:03:12,395 | methods.match    | INFO     | PID=7271 | [method: methods.match]
2018-07-01 12:03:12,395 | methods.match    | INFO     | PID=7271 | [method parameters: {'sztype': 'BEFORE', 'mpws': '50MB', 'func': 'lambda v: int(chr(v)) < 8'}]
2018-07-01 12:03:12,416 | methods.match    | INFO     | PID=7271 | Start 1 process to handle data filtering
2018-07-01 12:03:12,416 | server           | INFO     | PID=7271 | Ready to send 178956970 bytes using data file size of 1073741824 bytes
2018-07-01 12:03:12,416 | server           | INFO     | PID=7271 | Listening socket bound to port 8881
2018-07-01 12:03:17,060 | server           | INFO     | PID=7271 | Accepted incoming connection ('10.10.1.1', 51774) from client. Sending data ...
2018-07-01 12:04:45,346 | server           | INFO     | PID=7271 | [SUMMARY] [Sent: 143164339 bytes] [Read: 143164339 bytes (79.999% of 178956970 raw bytes)] [Duration: 88.28582811355591 seconds] [Bitrate: 12972803.636466563 bit/s]
2018-07-01 12:04:45,347 | server           | INFO     | PID=7271 | Resources closed, now exiting

 Performance counter stats for 'system wide':

     279190.815752      task-clock (msec)         #    3.000 CPUs utilized            (100.00%)
            19,796      context-switches          #    0.071 K/sec                    (100.00%)
                 1      cpu-migrations            #    0.000 K/sec                    (100.00%)
            52,771      page-faults               #    0.189 K/sec                  
   244,212,203,745      cycles                    #    0.875 GHz                      (100.00%)
   <not supported>      stalled-cycles-frontend  
   <not supported>      stalled-cycles-backend   
   620,528,801,615      instructions              #    2.54  insns per cycle          (100.00%)
   127,107,997,036      branches                  #  455.273 M/sec                    (100.00%)
        58,793,780      branch-misses             #    0.05% of all branches        

      93.058191816 seconds time elapsed