LC_NUMERIC=en_US.UTF8 perf stat -B -a taskset -c 2 /tmp/eucycles/pyben-nio/src/run --server start --bind 10.10.1.6 --size 134217728 --port 8881 --filename /tmp/eucycles/data_file --bufsize 50mb --method "match; func=lambda v: int(chr(v)) < 5; sztype=BEFORE"

2018-07-01 07:51:04,005 | server           | INFO     | PID=9227 | [bufsize: 52428800 bytes] [zerocopy: False]
2018-07-01 07:51:04,019 | methods.match    | INFO     | PID=9227 | [method: methods.match]
2018-07-01 07:51:04,020 | methods.match    | INFO     | PID=9227 | [method parameters: {'mpws': '50MB', 'func': 'lambda v: int(chr(v)) < 5', 'sztype': 'BEFORE'}]
2018-07-01 07:51:04,040 | methods.match    | INFO     | PID=9227 | Start 1 process to handle data filtering
2018-07-01 07:51:04,040 | server           | INFO     | PID=9227 | Ready to send 134217728 bytes using data file size of 1073741824 bytes
2018-07-01 07:51:04,040 | server           | INFO     | PID=9227 | Listening socket bound to port 8881
2018-07-01 07:51:12,370 | server           | INFO     | PID=9227 | Accepted incoming connection ('10.10.1.1', 38155) from client. Sending data ...
2018-07-01 07:52:15,434 | server           | INFO     | PID=9227 | [SUMMARY] [Sent: 67110187 bytes] [Read: 67110187 bytes (50.001% of 134217728 raw bytes)] [Duration: 63.06374001502991 seconds] [Bitrate: 8513315.193041923 bit/s]
2018-07-01 07:52:15,434 | server           | INFO     | PID=9227 | Resources closed, now exiting

 Performance counter stats for 'system wide':

     214696.966612      task-clock (msec)         #    3.000 CPUs utilized            (100.00%)
            15,853      context-switches          #    0.074 K/sec                    (100.00%)
                 1      cpu-migrations            #    0.000 K/sec                    (100.00%)
            30,036      page-faults               #    0.140 K/sec                  
   178,112,936,121      cycles                    #    0.830 GHz                      (100.00%)
   <not supported>      stalled-cycles-frontend  
   <not supported>      stalled-cycles-backend   
   437,813,618,160      instructions              #    2.46  insns per cycle          (100.00%)
    90,311,081,405      branches                  #  420.644 M/sec                    (100.00%)
        97,710,129      branch-misses             #    0.11% of all branches        

      71.564401550 seconds time elapsed