LC_NUMERIC=en_US.UTF8 perf stat -B -a taskset -c 2 /tmp/eucycles/pyben-nio/src/run --server start --bind 10.10.1.5 --size 178956971 --port 8881 --filename /tmp/eucycles/data_file --bufsize 50mb --method "match; func=lambda v: int(chr(v)) < 3; sztype=BEFORE"

2018-07-01 05:32:02,601 | server           | INFO     | PID=11969 | [bufsize: 52428800 bytes] [zerocopy: False]
2018-07-01 05:32:02,615 | methods.match    | INFO     | PID=11969 | [method: methods.match]
2018-07-01 05:32:02,615 | methods.match    | INFO     | PID=11969 | [method parameters: {'sztype': 'BEFORE', 'func': 'lambda v: int(chr(v)) < 3', 'mpws': '50MB'}]
2018-07-01 05:32:02,636 | methods.match    | INFO     | PID=11969 | Start 1 process to handle data filtering
2018-07-01 05:32:02,636 | server           | INFO     | PID=11969 | Ready to send 178956971 bytes using data file size of 1073741824 bytes
2018-07-01 05:32:02,636 | server           | INFO     | PID=11969 | Listening socket bound to port 8881
2018-07-01 05:32:09,676 | server           | INFO     | PID=11969 | Accepted incoming connection ('10.10.1.1', 53542) from client. Sending data ...
2018-07-01 05:33:26,834 | server           | INFO     | PID=11969 | [SUMMARY] [Sent: 53684883 bytes] [Read: 53684883 bytes (29.999% of 178956971 raw bytes)] [Duration: 77.15860915184021 seconds] [Bitrate: 5566184.625682266 bit/s]
2018-07-01 05:33:26,835 | server           | INFO     | PID=11969 | Resources closed, now exiting

 Performance counter stats for 'system wide':

     253110.249980      task-clock (msec)         #    3.000 CPUs utilized            (100.00%)
            18,553      context-switches          #    0.073 K/sec                    (100.00%)
                 1      cpu-migrations            #    0.000 K/sec                    (100.00%)
            31,417      page-faults               #    0.124 K/sec                  
   224,555,132,175      cycles                    #    0.887 GHz                      (100.00%)
   <not supported>      stalled-cycles-frontend  
   <not supported>      stalled-cycles-backend   
   560,498,155,643      instructions              #    2.50  insns per cycle          (100.00%)
   115,833,978,101      branches                  #  457.642 M/sec                    (100.00%)
        77,361,397      branch-misses             #    0.07% of all branches        

      84.368076844 seconds time elapsed