LC_NUMERIC=en_US.UTF8 perf stat -B -a taskset -c 2 /tmp/eucycles/pyben-nio/src/run --server start --bind 10.10.1.5 --size 268435456 --port 8881 --filename /tmp/eucycles/data_file --bufsize 50mb --method "match; func=lambda v: int(chr(v)) < 7; sztype=BEFORE"

2018-07-01 10:30:33,696 | server           | INFO     | PID=21662 | [bufsize: 52428800 bytes] [zerocopy: False]
2018-07-01 10:30:33,710 | methods.match    | INFO     | PID=21662 | [method: methods.match]
2018-07-01 10:30:33,711 | methods.match    | INFO     | PID=21662 | [method parameters: {'mpws': '50MB', 'func': 'lambda v: int(chr(v)) < 7', 'sztype': 'BEFORE'}]
2018-07-01 10:30:33,731 | methods.match    | INFO     | PID=21662 | Start 1 process to handle data filtering
2018-07-01 10:30:33,731 | server           | INFO     | PID=21662 | Ready to send 268435456 bytes using data file size of 1073741824 bytes
2018-07-01 10:30:33,731 | server           | INFO     | PID=21662 | Listening socket bound to port 8881
2018-07-01 10:30:38,296 | server           | INFO     | PID=21662 | Accepted incoming connection ('10.10.1.1', 38958) from client. Sending data ...
2018-07-01 10:32:43,115 | server           | INFO     | PID=21662 | [SUMMARY] [Sent: 187899248 bytes] [Read: 187899248 bytes (69.998% of 268435456 raw bytes)] [Duration: 124.81858706474304 seconds] [Bitrate: 12043029.963320268 bit/s]
2018-07-01 10:32:43,115 | server           | INFO     | PID=21662 | Resources closed, now exiting

 Performance counter stats for 'system wide':

     388541.454424      task-clock (msec)         #    3.000 CPUs utilized            (100.00%)
            27,838      context-switches          #    0.072 K/sec                    (100.00%)
                 1      cpu-migrations            #    0.000 K/sec                    (100.00%)
            64,468      page-faults               #    0.166 K/sec                  
   356,073,795,523      cycles                    #    0.916 GHz                      (100.00%)
   <not supported>      stalled-cycles-frontend  
   <not supported>      stalled-cycles-backend   
   896,849,298,928      instructions              #    2.52  insns per cycle          (100.00%)
   183,077,085,854      branches                  #  471.191 M/sec                    (100.00%)
       113,930,736      branch-misses             #    0.06% of all branches        

     129.510848498 seconds time elapsed