LC_NUMERIC=en_US.UTF8 perf stat -B -a taskset -c 2 /tmp/eucycles/pyben-nio/src/run --server start --bind 10.10.1.3 --size 536870912 --port 8881 --filename /tmp/eucycles/data_file --bufsize 50mb --method "match; func=lambda v: int(chr(v)) < 7; sztype=BEFORE"

2018-07-01 11:20:13,165 | server           | INFO     | PID=8124 | [bufsize: 52428800 bytes] [zerocopy: False]
2018-07-01 11:20:13,179 | methods.match    | INFO     | PID=8124 | [method: methods.match]
2018-07-01 11:20:13,179 | methods.match    | INFO     | PID=8124 | [method parameters: {'mpws': '50MB', 'sztype': 'BEFORE', 'func': 'lambda v: int(chr(v)) < 7'}]
2018-07-01 11:20:13,200 | methods.match    | INFO     | PID=8124 | Start 1 process to handle data filtering
2018-07-01 11:20:13,200 | server           | INFO     | PID=8124 | Ready to send 536870912 bytes using data file size of 1073741824 bytes
2018-07-01 11:20:13,200 | server           | INFO     | PID=8124 | Listening socket bound to port 8881
2018-07-01 11:20:17,600 | server           | INFO     | PID=8124 | Accepted incoming connection ('10.10.1.1', 46348) from client. Sending data ...
2018-07-01 11:24:27,745 | server           | INFO     | PID=8124 | [SUMMARY] [Sent: 375807758 bytes] [Read: 375807758 bytes (70.000% of 536870912 raw bytes)] [Duration: 250.14450883865356 seconds] [Bitrate: 12018900.906352524 bit/s]
2018-07-01 11:24:27,745 | server           | INFO     | PID=8124 | Resources closed, now exiting

 Performance counter stats for 'system wide':

     763932.430912      task-clock (msec)         #    3.000 CPUs utilized            (100.00%)
            53,830      context-switches          #    0.070 K/sec                    (100.00%)
                 1      cpu-migrations            #    0.000 K/sec                    (100.00%)
           109,966      page-faults               #    0.144 K/sec                  
   636,616,893,958      cycles                    #    0.833 GHz                      (100.00%)
   <not supported>      stalled-cycles-frontend  
   <not supported>      stalled-cycles-backend   
 1,773,708,886,830      instructions              #    2.79  insns per cycle          (100.00%)
   361,170,094,399      branches                  #  472.778 M/sec                    (100.00%)
       224,782,954      branch-misses             #    0.06% of all branches        

     254.672008539 seconds time elapsed