LC_NUMERIC=en_US.UTF8 perf stat -B -a taskset -c 2 /tmp/eucycles/pyben-nio/src/run --server start --bind 10.10.1.3 --size 268435456 --port 8881 --filename /tmp/eucycles/data_file --bufsize 50mb --method "match; func=lambda v: int(chr(v)) < 6; sztype=BEFORE"

2018-07-01 09:05:17,172 | server           | INFO     | PID=2943 | [bufsize: 52428800 bytes] [zerocopy: False]
2018-07-01 09:05:17,186 | methods.match    | INFO     | PID=2943 | [method: methods.match]
2018-07-01 09:05:17,186 | methods.match    | INFO     | PID=2943 | [method parameters: {'mpws': '50MB', 'func': 'lambda v: int(chr(v)) < 6', 'sztype': 'BEFORE'}]
2018-07-01 09:05:17,207 | methods.match    | INFO     | PID=2943 | Start 1 process to handle data filtering
2018-07-01 09:05:17,207 | server           | INFO     | PID=2943 | Ready to send 268435456 bytes using data file size of 1073741824 bytes
2018-07-01 09:05:17,207 | server           | INFO     | PID=2943 | Listening socket bound to port 8881
2018-07-01 09:05:24,159 | server           | INFO     | PID=2943 | Accepted incoming connection ('10.10.1.1', 49060) from client. Sending data ...
2018-07-01 09:07:27,352 | server           | INFO     | PID=2943 | [SUMMARY] [Sent: 161042799 bytes] [Read: 161042799 bytes (59.993% of 268435456 raw bytes)] [Duration: 123.19278907775879 seconds] [Bitrate: 10457936.715653084 bit/s]
2018-07-01 09:07:27,352 | server           | INFO     | PID=2943 | Resources closed, now exiting

 Performance counter stats for 'system wide':

     390904.216212      task-clock (msec)         #    3.000 CPUs utilized            (100.00%)
            27,745      context-switches          #    0.071 K/sec                    (100.00%)
                 1      cpu-migrations            #    0.000 K/sec                    (100.00%)
            57,109      page-faults               #    0.146 K/sec                  
   313,179,656,077      cycles                    #    0.801 GHz                      (100.00%)
   <not supported>      stalled-cycles-frontend  
   <not supported>      stalled-cycles-backend   
   869,324,024,556      instructions              #    2.78  insns per cycle          (100.00%)
   177,560,497,150      branches                  #  454.230 M/sec                    (100.00%)
       144,662,887      branch-misses             #    0.08% of all branches        

     130.315560403 seconds time elapsed