LC_NUMERIC=en_US.UTF8 perf stat -B -a taskset -c 2 /tmp/eucycles/pyben-nio/src/run --server start --bind 10.10.1.4 --size 134217728 --port 8881 --filename /tmp/eucycles/data_file --bufsize 50mb --method "match; func=lambda v: int(chr(v)) < 1; sztype=BEFORE"

2018-07-01 02:37:57,058 | server           | INFO     | PID=12929 | [bufsize: 52428800 bytes] [zerocopy: False]
2018-07-01 02:37:57,072 | methods.match    | INFO     | PID=12929 | [method: methods.match]
2018-07-01 02:37:57,073 | methods.match    | INFO     | PID=12929 | [method parameters: {'mpws': '50MB', 'func': 'lambda v: int(chr(v)) < 1', 'sztype': 'BEFORE'}]
2018-07-01 02:37:57,093 | methods.match    | INFO     | PID=12929 | Start 1 process to handle data filtering
2018-07-01 02:37:57,093 | server           | INFO     | PID=12929 | Ready to send 134217728 bytes using data file size of 1073741824 bytes
2018-07-01 02:37:57,093 | server           | INFO     | PID=12929 | Listening socket bound to port 8881
2018-07-01 02:38:07,934 | server           | INFO     | PID=12929 | Accepted incoming connection ('10.10.1.1', 56940) from client. Sending data ...
2018-07-01 02:39:00,814 | server           | INFO     | PID=12929 | [SUMMARY] [Sent: 13412007 bytes] [Read: 13412007 bytes (9.993% of 134217728 raw bytes)] [Duration: 52.879940032958984 seconds] [Bitrate: 2029050.2586259472 bit/s]
2018-07-01 02:39:00,814 | server           | INFO     | PID=12929 | Resources closed, now exiting

 Performance counter stats for 'system wide':

     191675.435454      task-clock (msec)         #    3.000 CPUs utilized            (100.00%)
            14,076      context-switches          #    0.073 K/sec                    (100.00%)
                 1      cpu-migrations            #    0.000 K/sec                    (100.00%)
            26,004      page-faults               #    0.136 K/sec                  
   136,527,686,156      cycles                    #    0.712 GHz                      (100.00%)
   <not supported>      stalled-cycles-frontend  
   <not supported>      stalled-cycles-backend   
   385,284,220,839      instructions              #    2.82  insns per cycle          (100.00%)
    78,995,317,246      branches                  #  412.131 M/sec                    (100.00%)
        31,659,789      branch-misses             #    0.04% of all branches        

      63.894162343 seconds time elapsed