LC_NUMERIC=en_US.UTF8 perf stat -B -a taskset -c 2 /tmp/eucycles/pyben-nio/src/run --server start --bind 10.10.1.7 --size 178956970 --port 8881 --filename /tmp/eucycles/data_file --bufsize 50mb --method "match; func=lambda v: int(chr(v)) < 7; sztype=BEFORE"

2018-07-01 10:35:54,454 | server           | INFO     | PID=5194 | [bufsize: 52428800 bytes] [zerocopy: False]
2018-07-01 10:35:54,468 | methods.match    | INFO     | PID=5194 | [method: methods.match]
2018-07-01 10:35:54,468 | methods.match    | INFO     | PID=5194 | [method parameters: {'func': 'lambda v: int(chr(v)) < 7', 'sztype': 'BEFORE', 'mpws': '50MB'}]
2018-07-01 10:35:54,489 | methods.match    | INFO     | PID=5194 | Start 1 process to handle data filtering
2018-07-01 10:35:54,489 | server           | INFO     | PID=5194 | Ready to send 178956970 bytes using data file size of 1073741824 bytes
2018-07-01 10:35:54,489 | server           | INFO     | PID=5194 | Listening socket bound to port 8881
2018-07-01 10:35:59,131 | server           | INFO     | PID=5194 | Accepted incoming connection ('10.10.1.1', 52698) from client. Sending data ...
2018-07-01 10:37:25,237 | server           | INFO     | PID=5194 | [SUMMARY] [Sent: 125272953 bytes] [Read: 125272953 bytes (70.002% of 178956970 raw bytes)] [Duration: 86.10610318183899 seconds] [Bitrate: 11638938.32105707 bit/s]
2018-07-01 10:37:25,237 | server           | INFO     | PID=5194 | Resources closed, now exiting

 Performance counter stats for 'system wide':

     272646.444390      task-clock (msec)         #    3.000 CPUs utilized            (100.00%)
            19,567      context-switches          #    0.072 K/sec                    (100.00%)
                 1      cpu-migrations            #    0.000 K/sec                    (100.00%)
            48,953      page-faults               #    0.180 K/sec                  
   242,709,827,305      cycles                    #    0.890 GHz                      (100.00%)
   <not supported>      stalled-cycles-frontend  
   <not supported>      stalled-cycles-backend   
   608,630,770,057      instructions              #    2.51  insns per cycle          (100.00%)
   124,721,277,931      branches                  #  457.447 M/sec                    (100.00%)
        77,154,732      branch-misses             #    0.06% of all branches        

      90.876854798 seconds time elapsed