LC_NUMERIC=en_US.UTF8 perf stat -B -a taskset -c 2 /tmp/eucycles/pyben-nio/src/run --server start --bind 10.10.1.6 --size 153391689 --port 8881 --filename /tmp/eucycles/data_file --bufsize 50mb --method "match; func=lambda v: int(chr(v)) < 1; sztype=BEFORE"

2018-07-01 03:00:44,954 | server           | INFO     | PID=32646 | [bufsize: 52428800 bytes] [zerocopy: False]
2018-07-01 03:00:44,968 | methods.match    | INFO     | PID=32646 | [method: methods.match]
2018-07-01 03:00:44,968 | methods.match    | INFO     | PID=32646 | [method parameters: {'func': 'lambda v: int(chr(v)) < 1', 'mpws': '50MB', 'sztype': 'BEFORE'}]
2018-07-01 03:00:44,989 | methods.match    | INFO     | PID=32646 | Start 1 process to handle data filtering
2018-07-01 03:00:44,989 | server           | INFO     | PID=32646 | Ready to send 153391689 bytes using data file size of 1073741824 bytes
2018-07-01 03:00:44,989 | server           | INFO     | PID=32646 | Listening socket bound to port 8881
2018-07-01 03:00:52,071 | server           | INFO     | PID=32646 | Accepted incoming connection ('10.10.1.1', 40586) from client. Sending data ...
2018-07-01 03:01:51,794 | server           | INFO     | PID=32646 | [SUMMARY] [Sent: 15341578 bytes] [Read: 15341578 bytes (10.002% of 153391689 raw bytes)] [Duration: 59.723013162612915 seconds] [Bitrate: 2055030.6741192958 bit/s]
2018-07-01 03:01:51,794 | server           | INFO     | PID=32646 | Resources closed, now exiting

 Performance counter stats for 'system wide':

     200935.113543      task-clock (msec)         #    3.000 CPUs utilized            (100.00%)
            15,810      context-switches          #    0.079 K/sec                    (100.00%)
                 1      cpu-migrations            #    0.000 K/sec                    (100.00%)
            29,733      page-faults               #    0.148 K/sec                  
   169,539,026,804      cycles                    #    0.844 GHz                      (100.00%)
   <not supported>      stalled-cycles-frontend  
   <not supported>      stalled-cycles-backend   
   438,878,015,463      instructions              #    2.59  insns per cycle          (100.00%)
    90,186,124,321      branches                  #  448.832 M/sec                    (100.00%)
        36,072,047      branch-misses             #    0.04% of all branches        

      66.977184688 seconds time elapsed