LC_NUMERIC=en_US.UTF8 perf stat -B -a taskset -c 2 /tmp/eucycles/pyben-nio/src/run --server start --bind 10.10.1.3 --size 268435456 --port 8881 --filename /tmp/eucycles/data_file --bufsize 50mb --method "match; func=lambda v: int(chr(v)) < 9; sztype=BEFORE"

2018-07-01 14:27:10,323 | server           | INFO     | PID=15019 | [bufsize: 52428800 bytes] [zerocopy: False]
2018-07-01 14:27:10,337 | methods.match    | INFO     | PID=15019 | [method: methods.match]
2018-07-01 14:27:10,337 | methods.match    | INFO     | PID=15019 | [method parameters: {'mpws': '50MB', 'func': 'lambda v: int(chr(v)) < 9', 'sztype': 'BEFORE'}]
2018-07-01 14:27:10,358 | methods.match    | INFO     | PID=15019 | Start 1 process to handle data filtering
2018-07-01 14:27:10,358 | server           | INFO     | PID=15019 | Ready to send 268435456 bytes using data file size of 1073741824 bytes
2018-07-01 14:27:10,358 | server           | INFO     | PID=15019 | Listening socket bound to port 8881
2018-07-01 14:27:17,307 | server           | INFO     | PID=15019 | Accepted incoming connection ('10.10.1.1', 38272) from client. Sending data ...
2018-07-01 14:29:33,695 | server           | INFO     | PID=15019 | [SUMMARY] [Sent: 241581077 bytes] [Read: 241581077 bytes (89.996% of 268435456 raw bytes)] [Duration: 136.38697695732117 seconds] [Bitrate: 14170331.061775591 bit/s]
2018-07-01 14:29:33,695 | server           | INFO     | PID=15019 | Resources closed, now exiting

 Performance counter stats for 'system wide':

     430474.284188      task-clock (msec)         #    3.000 CPUs utilized            (100.00%)
            30,301      context-switches          #    0.070 K/sec                    (100.00%)
                 1      cpu-migrations            #    0.000 K/sec                    (100.00%)
            77,679      page-faults               #    0.180 K/sec                  
   343,516,904,742      cycles                    #    0.798 GHz                      (100.00%)
   <not supported>      stalled-cycles-frontend  
   <not supported>      stalled-cycles-backend   
   953,732,388,294      instructions              #    2.78  insns per cycle          (100.00%)
   194,837,102,750      branches                  #  452.610 M/sec                    (100.00%)
        60,200,399      branch-misses             #    0.03% of all branches        

     143.507037984 seconds time elapsed