LC_NUMERIC=en_US.UTF8 perf stat -B -a taskset -c 2 /tmp/eucycles/pyben-nio/src/run --server start --bind 10.10.1.7 --size 153391689 --port 8881 --filename /tmp/eucycles/data_file --bufsize 50mb --method "match; func=lambda v: int(chr(v)) < 9; sztype=BEFORE"

2018-07-01 14:35:06,644 | server           | INFO     | PID=10911 | [bufsize: 52428800 bytes] [zerocopy: False]
2018-07-01 14:35:06,658 | methods.match    | INFO     | PID=10911 | [method: methods.match]
2018-07-01 14:35:06,658 | methods.match    | INFO     | PID=10911 | [method parameters: {'mpws': '50MB', 'func': 'lambda v: int(chr(v)) < 9', 'sztype': 'BEFORE'}]
2018-07-01 14:35:06,679 | methods.match    | INFO     | PID=10911 | Start 1 process to handle data filtering
2018-07-01 14:35:06,679 | server           | INFO     | PID=10911 | Ready to send 153391689 bytes using data file size of 1073741824 bytes
2018-07-01 14:35:06,679 | server           | INFO     | PID=10911 | Listening socket bound to port 8881
2018-07-01 14:35:12,546 | server           | INFO     | PID=10911 | Accepted incoming connection ('10.10.1.1', 33685) from client. Sending data ...
2018-07-01 14:36:28,055 | server           | INFO     | PID=10911 | [SUMMARY] [Sent: 138056352 bytes] [Read: 138056352 bytes (90.002% of 153391689 raw bytes)] [Duration: 75.50869798660278 seconds] [Bitrate: 14626802.546588188 bit/s]
2018-07-01 14:36:28,055 | server           | INFO     | PID=10911 | Resources closed, now exiting

 Performance counter stats for 'system wide':

     244656.350294      task-clock (msec)         #    3.000 CPUs utilized            (100.00%)
            17,625      context-switches          #    0.072 K/sec                    (100.00%)
                 1      cpu-migrations            #    0.000 K/sec                    (100.00%)
            51,647      page-faults               #    0.211 K/sec                  
   207,528,741,714      cycles                    #    0.848 GHz                      (100.00%)
   <not supported>      stalled-cycles-frontend  
   <not supported>      stalled-cycles-backend   
   536,702,427,954      instructions              #    2.59  insns per cycle          (100.00%)
   109,411,134,175      branches                  #  447.203 M/sec                    (100.00%)
        35,590,053      branch-misses             #    0.03% of all branches        

      81.547341314 seconds time elapsed