LC_NUMERIC=en_US.UTF8 perf stat -B -a taskset -c 2 /tmp/eucycles/pyben-nio/src/run --server start --bind 10.10.1.3 --size 357913941 --port 8881 --filename /tmp/eucycles/data_file --bufsize 50mb --method "match; func=lambda v: int(chr(v)) < 8; sztype=BEFORE"

2018-07-01 11:54:09,878 | server           | INFO     | PID=9363 | [bufsize: 52428800 bytes] [zerocopy: False]
2018-07-01 11:54:09,892 | methods.match    | INFO     | PID=9363 | [method: methods.match]
2018-07-01 11:54:09,892 | methods.match    | INFO     | PID=9363 | [method parameters: {'mpws': '50MB', 'func': 'lambda v: int(chr(v)) < 8', 'sztype': 'BEFORE'}]
2018-07-01 11:54:09,913 | methods.match    | INFO     | PID=9363 | Start 1 process to handle data filtering
2018-07-01 11:54:09,913 | server           | INFO     | PID=9363 | Ready to send 357913941 bytes using data file size of 1073741824 bytes
2018-07-01 11:54:09,913 | server           | INFO     | PID=9363 | Listening socket bound to port 8881
2018-07-01 11:54:15,538 | server           | INFO     | PID=9363 | Accepted incoming connection ('10.10.1.1', 54225) from client. Sending data ...
2018-07-01 11:57:07,372 | server           | INFO     | PID=9363 | [SUMMARY] [Sent: 286324971 bytes] [Read: 286324971 bytes (79.998% of 357913941 raw bytes)] [Duration: 171.8338429927826 seconds] [Bitrate: 13330317.986871831 bit/s]
2018-07-01 11:57:07,372 | server           | INFO     | PID=9363 | Resources closed, now exiting

 Performance counter stats for 'system wide':

     532830.677373      task-clock (msec)         #    3.000 CPUs utilized            (100.00%)
            38,087      context-switches          #    0.071 K/sec                    (100.00%)
                 1      cpu-migrations            #    0.000 K/sec                    (100.00%)
            89,455      page-faults               #    0.168 K/sec                  
   436,653,221,355      cycles                    #    0.819 GHz                      (100.00%)
   <not supported>      stalled-cycles-frontend  
   <not supported>      stalled-cycles-backend   
 1,225,303,320,890      instructions              #    2.81  insns per cycle          (100.00%)
   249,568,342,500      branches                  #  468.382 M/sec                    (100.00%)
       115,033,009      branch-misses             #    0.05% of all branches        

     177.629598389 seconds time elapsed