LC_NUMERIC=en_US.UTF8 perf stat -B -a taskset -c 2 /tmp/eucycles/pyben-nio/src/run --server start --bind 10.10.1.6 --size 178956970 --port 8881 --filename /tmp/eucycles/data_file --bufsize 50mb --method "match; func=lambda v: int(chr(v)) < 2; sztype=BEFORE"

2018-07-01 03:48:49,269 | server           | INFO     | PID=1640 | [bufsize: 52428800 bytes] [zerocopy: False]
2018-07-01 03:48:49,283 | methods.match    | INFO     | PID=1640 | [method: methods.match]
2018-07-01 03:48:49,284 | methods.match    | INFO     | PID=1640 | [method parameters: {'mpws': '50MB', 'func': 'lambda v: int(chr(v)) < 2', 'sztype': 'BEFORE'}]
2018-07-01 03:48:49,304 | methods.match    | INFO     | PID=1640 | Start 1 process to handle data filtering
2018-07-01 03:48:49,304 | server           | INFO     | PID=1640 | Ready to send 178956970 bytes using data file size of 1073741824 bytes
2018-07-01 03:48:49,304 | server           | INFO     | PID=1640 | Listening socket bound to port 8881
2018-07-01 03:48:55,124 | server           | INFO     | PID=1640 | Accepted incoming connection ('10.10.1.1', 49914) from client. Sending data ...
2018-07-01 03:50:07,707 | server           | INFO     | PID=1640 | [SUMMARY] [Sent: 35794893 bytes] [Read: 35794893 bytes (20.002% of 178956970 raw bytes)] [Duration: 72.58255195617676 seconds] [Bitrate: 3945289.002416109 bit/s]
2018-07-01 03:50:07,707 | server           | INFO     | PID=1640 | Resources closed, now exiting

 Performance counter stats for 'system wide':

     235723.924749      task-clock (msec)         #    3.000 CPUs utilized            (100.00%)
            17,932      context-switches          #    0.076 K/sec                    (100.00%)
                 1      cpu-migrations            #    0.000 K/sec                    (100.00%)
            27,711      page-faults               #    0.118 K/sec                  
   212,447,462,374      cycles                    #    0.901 GHz                      (100.00%)
   <not supported>      stalled-cycles-frontend  
   <not supported>      stalled-cycles-backend   
   532,213,273,981      instructions              #    2.51  insns per cycle          (100.00%)
   109,094,386,731      branches                  #  462.806 M/sec                    (100.00%)
        58,879,824      branch-misses             #    0.05% of all branches        

      78.573291064 seconds time elapsed