LC_NUMERIC=en_US.UTF8 perf stat -B -a taskset -c 2 /tmp/eucycles/pyben-nio/src/run --server start --bind 10.10.1.2 --size 178956971 --port 8881 --filename /tmp/eucycles/data_file --bufsize 50mb --method "match; func=lambda v: int(chr(v)) < 5; sztype=BEFORE"

2018-07-01 07:46:42,957 | server           | INFO     | PID=15012 | [bufsize: 52428800 bytes] [zerocopy: False]
2018-07-01 07:46:42,972 | methods.match    | INFO     | PID=15012 | [method: methods.match]
2018-07-01 07:46:42,972 | methods.match    | INFO     | PID=15012 | [method parameters: {'sztype': 'BEFORE', 'mpws': '50MB', 'func': 'lambda v: int(chr(v)) < 5'}]
2018-07-01 07:46:42,992 | methods.match    | INFO     | PID=15012 | Start 1 process to handle data filtering
2018-07-01 07:46:42,993 | server           | INFO     | PID=15012 | Ready to send 178956971 bytes using data file size of 1073741824 bytes
2018-07-01 07:46:42,993 | server           | INFO     | PID=15012 | Listening socket bound to port 8881
2018-07-01 07:46:53,620 | server           | INFO     | PID=15012 | Accepted incoming connection ('10.10.1.1', 35815) from client. Sending data ...
2018-07-01 07:48:15,401 | server           | INFO     | PID=15012 | [SUMMARY] [Sent: 89479697 bytes] [Read: 89479697 bytes (50.001% of 178956971 raw bytes)] [Duration: 81.78119897842407 seconds] [Bitrate: 8753082.431438256 bit/s]
2018-07-01 07:48:15,401 | server           | INFO     | PID=15012 | Resources closed, now exiting

 Performance counter stats for 'system wide':

     277726.577823      task-clock (msec)         #    3.000 CPUs utilized            (100.00%)
            19,729      context-switches          #    0.071 K/sec                    (100.00%)
                 1      cpu-migrations            #    0.000 K/sec                    (100.00%)
            30,441      page-faults               #    0.110 K/sec                  
   207,354,318,614      cycles                    #    0.747 GHz                      (100.00%)
   <not supported>      stalled-cycles-frontend  
   <not supported>      stalled-cycles-backend   
   574,846,039,284      instructions              #    2.77  insns per cycle          (100.00%)
   117,790,886,555      branches                  #  424.125 M/sec                    (100.00%)
       112,398,922      branch-misses             #    0.10% of all branches        

      92.579258538 seconds time elapsed