LC_NUMERIC=en_US.UTF8 perf stat -B -a taskset -c 2 /tmp/eucycles/pyben-nio/src/run --server start --bind 10.10.1.2 --size 268435456 --port 8881 --filename /tmp/eucycles/data_file --bufsize 50mb --method "match; func=lambda v: int(chr(v)) < 5; sztype=BEFORE"

2018-07-01 08:37:06,731 | server           | INFO     | PID=17122 | [bufsize: 52428800 bytes] [zerocopy: False]
2018-07-01 08:37:06,746 | methods.match    | INFO     | PID=17122 | [method: methods.match]
2018-07-01 08:37:06,746 | methods.match    | INFO     | PID=17122 | [method parameters: {'func': 'lambda v: int(chr(v)) < 5', 'mpws': '50MB', 'sztype': 'BEFORE'}]
2018-07-01 08:37:06,767 | methods.match    | INFO     | PID=17122 | Start 1 process to handle data filtering
2018-07-01 08:37:06,767 | server           | INFO     | PID=17122 | Ready to send 268435456 bytes using data file size of 1073741824 bytes
2018-07-01 08:37:06,767 | server           | INFO     | PID=17122 | Listening socket bound to port 8881
2018-07-01 08:37:15,015 | server           | INFO     | PID=17122 | Accepted incoming connection ('10.10.1.1', 53781) from client. Sending data ...
2018-07-01 08:39:16,570 | server           | INFO     | PID=17122 | [SUMMARY] [Sent: 134218942 bytes] [Read: 134218942 bytes (50.000% of 268435456 raw bytes)] [Duration: 121.55404496192932 seconds] [Bitrate: 8833531.918549469 bit/s]
2018-07-01 08:39:16,570 | server           | INFO     | PID=17122 | Resources closed, now exiting

 Performance counter stats for 'system wide':

     389903.414877      task-clock (msec)         #    3.000 CPUs utilized            (100.00%)
            27,909      context-switches          #    0.072 K/sec                    (100.00%)
                 1      cpu-migrations            #    0.000 K/sec                    (100.00%)
            31,341      page-faults               #    0.080 K/sec                  
   310,549,489,612      cycles                    #    0.796 GHz                      (100.00%)
   <not supported>      stalled-cycles-frontend  
   <not supported>      stalled-cycles-backend   
   853,726,501,930      instructions              #    2.75  insns per cycle          (100.00%)
   174,222,897,706      branches                  #  446.836 M/sec                    (100.00%)
       167,100,321      branch-misses             #    0.10% of all branches        

     129.973132284 seconds time elapsed