LC_NUMERIC=en_US.UTF8 perf stat -B -a taskset -c 2 /tmp/eucycles/pyben-nio/src/run --server start --bind 10.10.1.9 --size 134217728 --port 8881 --filename /tmp/eucycles/data_file --bufsize 50mb --method "match; func=lambda v: int(chr(v)) < 3; sztype=BEFORE"

2018-07-01 05:10:02,503 | server           | INFO     | PID=15666 | [bufsize: 52428800 bytes] [zerocopy: False]
2018-07-01 05:10:02,517 | methods.match    | INFO     | PID=15666 | [method: methods.match]
2018-07-01 05:10:02,518 | methods.match    | INFO     | PID=15666 | [method parameters: {'mpws': '50MB', 'func': 'lambda v: int(chr(v)) < 3', 'sztype': 'BEFORE'}]
2018-07-01 05:10:02,538 | methods.match    | INFO     | PID=15666 | Start 1 process to handle data filtering
2018-07-01 05:10:02,538 | server           | INFO     | PID=15666 | Ready to send 134217728 bytes using data file size of 1073741824 bytes
2018-07-01 05:10:02,538 | server           | INFO     | PID=15666 | Listening socket bound to port 8881
2018-07-01 05:10:07,184 | server           | INFO     | PID=15666 | Accepted incoming connection ('10.10.1.1', 41127) from client. Sending data ...
2018-07-01 05:11:04,391 | server           | INFO     | PID=15666 | [SUMMARY] [Sent: 40259692 bytes] [Read: 40259692 bytes (29.996% of 134217728 raw bytes)] [Duration: 57.206793785095215 seconds] [Bitrate: 5630057.458034202 bit/s]
2018-07-01 05:11:04,391 | server           | INFO     | PID=15666 | Resources closed, now exiting

 Performance counter stats for 'system wide':

     185952.482764      task-clock (msec)         #    3.000 CPUs utilized            (100.00%)
            13,820      context-switches          #    0.074 K/sec                    (100.00%)
                 1      cpu-migrations            #    0.000 K/sec                    (100.00%)
            28,655      page-faults               #    0.154 K/sec                  
   154,102,786,512      cycles                    #    0.829 GHz                      (100.00%)
   <not supported>      stalled-cycles-frontend  
   <not supported>      stalled-cycles-backend   
   411,604,325,359      instructions              #    2.67  insns per cycle          (100.00%)
    84,650,446,307      branches                  #  455.226 M/sec                    (100.00%)
        58,546,755      branch-misses             #    0.07% of all branches        

      61.981935524 seconds time elapsed