LC_NUMERIC=en_US.UTF8 perf stat -B -a taskset -c 2 /tmp/eucycles/pyben-nio/src/run --server start --bind 10.10.1.6 --size 153391689 --port 8881 --filename /tmp/eucycles/data_file --bufsize 50mb --method "match; func=lambda v: int(chr(v)) < 5; sztype=BEFORE"

2018-07-01 07:48:58,834 | server           | INFO     | PID=9079 | [bufsize: 52428800 bytes] [zerocopy: False]
2018-07-01 07:48:58,848 | methods.match    | INFO     | PID=9079 | [method: methods.match]
2018-07-01 07:48:58,848 | methods.match    | INFO     | PID=9079 | [method parameters: {'mpws': '50MB', 'func': 'lambda v: int(chr(v)) < 5', 'sztype': 'BEFORE'}]
2018-07-01 07:48:58,869 | methods.match    | INFO     | PID=9079 | Start 1 process to handle data filtering
2018-07-01 07:48:58,869 | server           | INFO     | PID=9079 | Ready to send 153391689 bytes using data file size of 1073741824 bytes
2018-07-01 07:48:58,869 | server           | INFO     | PID=9079 | Listening socket bound to port 8881
2018-07-01 07:49:05,953 | server           | INFO     | PID=9079 | Accepted incoming connection ('10.10.1.1', 43840) from client. Sending data ...
2018-07-01 07:50:15,533 | server           | INFO     | PID=9079 | [SUMMARY] [Sent: 76699135 bytes] [Read: 76699135 bytes (50.002% of 153391689 raw bytes)] [Duration: 69.57968401908875 seconds] [Bitrate: 8818566.635509076 bit/s]
2018-07-01 07:50:15,533 | server           | INFO     | PID=9079 | Resources closed, now exiting

 Performance counter stats for 'system wide':

     230507.293857      task-clock (msec)         #    3.000 CPUs utilized            (100.00%)
            17,268      context-switches          #    0.075 K/sec                    (100.00%)
                 1      cpu-migrations            #    0.000 K/sec                    (100.00%)
            30,336      page-faults               #    0.132 K/sec                  
   199,858,298,971      cycles                    #    0.867 GHz                      (100.00%)
   <not supported>      stalled-cycles-frontend  
   <not supported>      stalled-cycles-backend   
   488,329,443,684      instructions              #    2.44  insns per cycle          (100.00%)
    99,823,955,912      branches                  #  433.062 M/sec                    (100.00%)
        96,769,811      branch-misses             #    0.10% of all branches        

      76.834433221 seconds time elapsed