LC_NUMERIC=en_US.UTF8 perf stat -B -a taskset -c 2 /tmp/eucycles/pyben-nio/src/run --server start --bind 10.10.1.3 --size 268435456 --port 8881 --filename /tmp/eucycles/data_file --bufsize 50mb --method "match; func=lambda v: int(chr(v)) < 2; sztype=BEFORE"

2018-07-01 04:09:26,980 | server           | INFO     | PID=23176 | [bufsize: 52428800 bytes] [zerocopy: False]
2018-07-01 04:09:26,994 | methods.match    | INFO     | PID=23176 | [method: methods.match]
2018-07-01 04:09:26,994 | methods.match    | INFO     | PID=23176 | [method parameters: {'mpws': '50MB', 'sztype': 'BEFORE', 'func': 'lambda v: int(chr(v)) < 2'}]
2018-07-01 04:09:27,014 | methods.match    | INFO     | PID=23176 | Start 1 process to handle data filtering
2018-07-01 04:09:27,015 | server           | INFO     | PID=23176 | Ready to send 268435456 bytes using data file size of 1073741824 bytes
2018-07-01 04:09:27,015 | server           | INFO     | PID=23176 | Listening socket bound to port 8881
2018-07-01 04:09:33,964 | server           | INFO     | PID=23176 | Accepted incoming connection ('10.10.1.1', 44161) from client. Sending data ...
2018-07-01 04:11:21,296 | server           | INFO     | PID=23176 | [SUMMARY] [Sent: 53683647 bytes] [Read: 53683647 bytes (19.999% of 268435456 raw bytes)] [Duration: 107.33178186416626 seconds] [Bitrate: 4001323.452763644 bit/s]
2018-07-01 04:11:21,296 | server           | INFO     | PID=23176 | Resources closed, now exiting

 Performance counter stats for 'system wide':

     343321.433275      task-clock (msec)         #    3.000 CPUs utilized            (100.00%)
            25,125      context-switches          #    0.073 K/sec                    (100.00%)
                 1      cpu-migrations            #    0.000 K/sec                    (100.00%)
            29,521      page-faults               #    0.086 K/sec                  
   276,340,577,183      cycles                    #    0.805 GHz                      (100.00%)
   <not supported>      stalled-cycles-frontend  
   <not supported>      stalled-cycles-backend   
   777,492,220,112      instructions              #    2.81  insns per cycle          (100.00%)
   158,712,170,537      branches                  #  462.284 M/sec                    (100.00%)
        86,695,719      branch-misses             #    0.05% of all branches        

     114.452883281 seconds time elapsed