LC_NUMERIC=en_US.UTF8 perf stat -B -a taskset -c 2 /tmp/eucycles/pyben-nio/src/run --server start --bind 10.10.1.3 --size 536870912 --port 8881 --filename /tmp/eucycles/data_file --bufsize 50mb --method "match; func=lambda v: int(chr(v)) < 7; sztype=BEFORE"

2018-07-01 10:51:16,888 | server           | INFO     | PID=7023 | [bufsize: 52428800 bytes] [zerocopy: False]
2018-07-01 10:51:16,902 | methods.match    | INFO     | PID=7023 | [method: methods.match]
2018-07-01 10:51:16,902 | methods.match    | INFO     | PID=7023 | [method parameters: {'sztype': 'BEFORE', 'func': 'lambda v: int(chr(v)) < 7', 'mpws': '50MB'}]
2018-07-01 10:51:16,923 | methods.match    | INFO     | PID=7023 | Start 1 process to handle data filtering
2018-07-01 10:51:16,923 | server           | INFO     | PID=7023 | Ready to send 536870912 bytes using data file size of 1073741824 bytes
2018-07-01 10:51:16,923 | server           | INFO     | PID=7023 | Listening socket bound to port 8881
2018-07-01 10:51:21,323 | server           | INFO     | PID=7023 | Accepted incoming connection ('10.10.1.1', 37037) from client. Sending data ...
2018-07-01 10:55:35,370 | server           | INFO     | PID=7023 | [SUMMARY] [Sent: 375807758 bytes] [Read: 375807758 bytes (70.000% of 536870912 raw bytes)] [Duration: 254.04662013053894 seconds] [Bitrate: 11834292.707595022 bit/s]
2018-07-01 10:55:35,370 | server           | INFO     | PID=7023 | Resources closed, now exiting

 Performance counter stats for 'system wide':

     775637.564801      task-clock (msec)         #    3.000 CPUs utilized            (100.00%)
            54,373      context-switches          #    0.070 K/sec                    (100.00%)
                 1      cpu-migrations            #    0.000 K/sec                    (100.00%)
           111,094      page-faults               #    0.143 K/sec                  
   646,701,394,983      cycles                    #    0.834 GHz                      (100.00%)
   <not supported>      stalled-cycles-frontend  
   <not supported>      stalled-cycles-backend   
 1,804,893,522,690      instructions              #    2.79  insns per cycle          (100.00%)
   369,230,365,040      branches                  #  476.035 M/sec                    (100.00%)
       225,184,770      branch-misses             #    0.06% of all branches        

     258.574147739 seconds time elapsed