LC_NUMERIC=en_US.UTF8 perf stat -B -a taskset -c 2 /tmp/eucycles/pyben-nio/src/run --server start --bind 10.10.1.3 --size 178956971 --port 8881 --filename /tmp/eucycles/data_file --bufsize 50mb --method "match; func=lambda v: int(chr(v)) < 8; sztype=BEFORE"

2018-07-01 12:03:10,308 | server           | INFO     | PID=9820 | [bufsize: 52428800 bytes] [zerocopy: False]
2018-07-01 12:03:10,322 | methods.match    | INFO     | PID=9820 | [method: methods.match]
2018-07-01 12:03:10,323 | methods.match    | INFO     | PID=9820 | [method parameters: {'mpws': '50MB', 'func': 'lambda v: int(chr(v)) < 8', 'sztype': 'BEFORE'}]
2018-07-01 12:03:10,343 | methods.match    | INFO     | PID=9820 | Start 1 process to handle data filtering
2018-07-01 12:03:10,343 | server           | INFO     | PID=9820 | Ready to send 178956971 bytes using data file size of 1073741824 bytes
2018-07-01 12:03:10,343 | server           | INFO     | PID=9820 | Listening socket bound to port 8881
2018-07-01 12:03:19,897 | server           | INFO     | PID=9820 | Accepted incoming connection ('10.10.1.1', 59127) from client. Sending data ...
2018-07-01 12:04:46,603 | server           | INFO     | PID=9820 | [SUMMARY] [Sent: 143154033 bytes] [Read: 143154033 bytes (79.994% of 178956971 raw bytes)] [Duration: 86.70599484443665 seconds] [Bitrate: 13208224.71450464 bit/s]
2018-07-01 12:04:46,604 | server           | INFO     | PID=9820 | Resources closed, now exiting

 Performance counter stats for 'system wide':

     289259.931784      task-clock (msec)         #    3.000 CPUs utilized            (100.00%)
            20,762      context-switches          #    0.072 K/sec                    (100.00%)
                 1      cpu-migrations            #    0.000 K/sec                    (100.00%)
            53,311      page-faults               #    0.184 K/sec                  
   218,608,290,595      cycles                    #    0.756 GHz                      (100.00%)
   <not supported>      stalled-cycles-frontend  
   <not supported>      stalled-cycles-backend   
   611,430,397,493      instructions              #    2.80  insns per cycle          (100.00%)
   124,832,987,623      branches                  #  431.560 M/sec                    (100.00%)
        58,968,341      branch-misses             #    0.05% of all branches        

      96.430396785 seconds time elapsed