LC_NUMERIC=en_US.UTF8 perf stat -B -C 1-2 taskset -c 2 /tmp/eucycles/pyben-nio/src/run --server start --bind 10.10.1.2 --size 1073741824 --port 8881 --filename /tmp/eucycles/data_file --bufsize 50mb --method "match; func=lambda v: int(chr(v)) < 6; sztype=BEFORE"

2018-06-30 18:23:18,335 | server           | INFO     | PID=14459 | [bufsize: 52428800 bytes] [zerocopy: False]
2018-06-30 18:23:18,350 | methods.match    | INFO     | PID=14459 | [method: methods.match]
2018-06-30 18:23:18,350 | methods.match    | INFO     | PID=14459 | [method parameters: {'func': 'lambda v: int(chr(v)) < 6', 'mpws': '50MB', 'sztype': 'BEFORE'}]
2018-06-30 18:23:18,370 | methods.match    | INFO     | PID=14459 | Start 1 process to handle data filtering
2018-06-30 18:23:18,370 | server           | INFO     | PID=14459 | Ready to send 1073741824 bytes using data file size of 1073741824 bytes
2018-06-30 18:23:18,371 | server           | INFO     | PID=14459 | Listening socket bound to port 8881
2018-06-30 18:23:22,697 | server           | INFO     | PID=14459 | Accepted incoming connection ('10.10.1.1', 32871) from client. Sending data ...
2018-06-30 18:31:33,842 | server           | INFO     | PID=14459 | [SUMMARY] [Sent: 644260845 bytes] [Read: 644260845 bytes (60.001% of 1073741824 raw bytes)] [Duration: 491.14538407325745 seconds] [Bitrate: 10494014.455058454 bit/s]
2018-06-30 18:31:33,843 | server           | INFO     | PID=14459 | Resources closed, now exiting

 Performance counter stats for 'CPU(s) 1-2':

     991241.670224      task-clock (msec)         #    2.000 CPUs utilized            (100.00%)
            19,271      context-switches          #    0.019 K/sec                    (100.00%)
                 1      cpu-migrations            #    0.000 K/sec                    (100.00%)
           173,413      page-faults               #    0.175 K/sec                  
 1,250,595,852,178      cycles                    #    1.262 GHz                      (100.00%)
   <not supported>      stalled-cycles-frontend  
   <not supported>      stalled-cycles-backend   
 3,477,277,697,114      instructions              #    2.78  insns per cycle          (100.00%)
   710,853,240,892      branches                  #  717.134 M/sec                    (100.00%)
       562,462,080      branch-misses             #    0.08% of all branches        

     495.641732822 seconds time elapsed