LC_NUMERIC=en_US.UTF8 perf stat -B -C 1-2 taskset -c 2 /tmp/eucycles/pyben-nio/src/run --server start --bind 10.10.1.5 --size 268435456 --port 8881 --filename /tmp/eucycles/data_file --bufsize 50mb --method "match; func=lambda v: int(chr(v)) < 1; sztype=BEFORE"

2018-06-30 12:00:02,972 | server           | INFO     | PID=10672 | [bufsize: 52428800 bytes] [zerocopy: False]
2018-06-30 12:00:02,986 | methods.match    | INFO     | PID=10672 | [method: methods.match]
2018-06-30 12:00:02,986 | methods.match    | INFO     | PID=10672 | [method parameters: {'func': 'lambda v: int(chr(v)) < 1', 'sztype': 'BEFORE', 'mpws': '50MB'}]
2018-06-30 12:00:03,007 | methods.match    | INFO     | PID=10672 | Start 1 process to handle data filtering
2018-06-30 12:00:03,007 | server           | INFO     | PID=10672 | Ready to send 268435456 bytes using data file size of 1073741824 bytes
2018-06-30 12:00:03,007 | server           | INFO     | PID=10672 | Listening socket bound to port 8881
2018-06-30 12:00:07,496 | server           | INFO     | PID=10672 | Accepted incoming connection ('10.10.1.1', 60144) from client. Sending data ...
2018-06-30 12:01:52,160 | server           | INFO     | PID=10672 | [SUMMARY] [Sent: 26841925 bytes] [Read: 26841925 bytes (9.999% of 268435456 raw bytes)] [Duration: 104.66399598121643 seconds] [Bitrate: 2051664.4523923737 bit/s]
2018-06-30 12:01:52,160 | server           | INFO     | PID=10672 | Resources closed, now exiting

 Performance counter stats for 'CPU(s) 1-2':

     218566.000452      task-clock (msec)         #    2.000 CPUs utilized            (100.00%)
             4,634      context-switches          #    0.021 K/sec                    (100.00%)
                 1      cpu-migrations            #    0.000 K/sec                    (100.00%)
            18,562      page-faults               #    0.085 K/sec                  
   285,701,048,920      cycles                    #    1.307 GHz                      (100.00%)
   <not supported>      stalled-cycles-frontend  
   <not supported>      stalled-cycles-backend   
   765,861,883,849      instructions              #    2.68  insns per cycle          (100.00%)
   156,782,574,320      branches                  #  717.324 M/sec                    (100.00%)
        57,258,333      branch-misses             #    0.04% of all branches        

     109.280499408 seconds time elapsed