LC_NUMERIC=en_US.UTF8 perf stat -B -C 1-2 taskset -c 2 /tmp/eucycles/pyben-nio/src/run --server start --bind 10.10.1.3 --size 214748365 --port 8881 --filename /tmp/eucycles/data_file --bufsize 50mb --method "match; func=lambda v: int(chr(v)) < 6; sztype=BEFORE"

2018-06-30 18:14:28,420 | server           | INFO     | PID=1655 | [bufsize: 52428800 bytes] [zerocopy: False]
2018-06-30 18:14:28,434 | methods.match    | INFO     | PID=1655 | [method: methods.match]
2018-06-30 18:14:28,435 | methods.match    | INFO     | PID=1655 | [method parameters: {'sztype': 'BEFORE', 'func': 'lambda v: int(chr(v)) < 6', 'mpws': '50MB'}]
2018-06-30 18:14:28,455 | methods.match    | INFO     | PID=1655 | Start 1 process to handle data filtering
2018-06-30 18:14:28,455 | server           | INFO     | PID=1655 | Ready to send 214748365 bytes using data file size of 1073741824 bytes
2018-06-30 18:14:28,455 | server           | INFO     | PID=1655 | Listening socket bound to port 8881
2018-06-30 18:14:36,749 | server           | INFO     | PID=1655 | Accepted incoming connection ('10.10.1.1', 48621) from client. Sending data ...
2018-06-30 18:16:18,162 | server           | INFO     | PID=1655 | [SUMMARY] [Sent: 128832537 bytes] [Read: 128832537 bytes (59.992% of 214748365 raw bytes)] [Duration: 101.41263914108276 seconds] [Bitrate: 10163035.936439548 bit/s]
2018-06-30 18:16:18,162 | server           | INFO     | PID=1655 | Resources closed, now exiting

 Performance counter stats for 'CPU(s) 1-2':

     219731.674055      task-clock (msec)         #    2.000 CPUs utilized            (100.00%)
             4,265      context-switches          #    0.019 K/sec                    (100.00%)
                 1      cpu-migrations            #    0.000 K/sec                    (100.00%)
            47,576      page-faults               #    0.217 K/sec                  
   254,408,019,209      cycles                    #    1.158 GHz                      (100.00%)
   <not supported>      stalled-cycles-frontend  
   <not supported>      stalled-cycles-backend   
   708,612,757,156      instructions              #    2.79  insns per cycle          (100.00%)
   145,666,239,326      branches                  #  662.928 M/sec                    (100.00%)
       114,808,333      branch-misses             #    0.08% of all branches        

     109.877773483 seconds time elapsed