LC_NUMERIC=en_US.UTF8 perf stat -B -C 1-2 taskset -c 2 /tmp/eucycles/pyben-nio/src/run --server start --bind 10.10.1.4 --size 214748365 --port 8881 --filename /tmp/eucycles/data_file --bufsize 50mb --method "match; func=lambda v: int(chr(v)) < 6; sztype=BEFORE"

2018-06-30 18:14:30,522 | server           | INFO     | PID=29141 | [bufsize: 52428800 bytes] [zerocopy: False]
2018-06-30 18:14:30,537 | methods.match    | INFO     | PID=29141 | [method: methods.match]
2018-06-30 18:14:30,537 | methods.match    | INFO     | PID=29141 | [method parameters: {'func': 'lambda v: int(chr(v)) < 6', 'mpws': '50MB', 'sztype': 'BEFORE'}]
2018-06-30 18:14:30,557 | methods.match    | INFO     | PID=29141 | Start 1 process to handle data filtering
2018-06-30 18:14:30,557 | server           | INFO     | PID=29141 | Ready to send 214748365 bytes using data file size of 1073741824 bytes
2018-06-30 18:14:30,558 | server           | INFO     | PID=29141 | Listening socket bound to port 8881
2018-06-30 18:14:37,563 | server           | INFO     | PID=29141 | Accepted incoming connection ('10.10.1.1', 50320) from client. Sending data ...
2018-06-30 18:16:19,213 | server           | INFO     | PID=29141 | [SUMMARY] [Sent: 128839436 bytes] [Read: 128839436 bytes (59.996% of 214748365 raw bytes)] [Duration: 101.64937090873718 seconds] [Bitrate: 10139910.15178438 bit/s]
2018-06-30 18:16:19,213 | server           | INFO     | PID=29141 | Resources closed, now exiting

 Performance counter stats for 'CPU(s) 1-2':

     217649.444710      task-clock (msec)         #    2.000 CPUs utilized            (100.00%)
             4,222      context-switches          #    0.019 K/sec                    (100.00%)
                 1      cpu-migrations            #    0.000 K/sec                    (100.00%)
            47,570      page-faults               #    0.219 K/sec                  
   254,596,253,994      cycles                    #    1.170 GHz                      (100.00%)
   <not supported>      stalled-cycles-frontend  
   <not supported>      stalled-cycles-backend   
   703,889,835,020      instructions              #    2.76  insns per cycle          (100.00%)
   143,948,369,407      branches                  #  661.377 M/sec                    (100.00%)
       114,439,646      branch-misses             #    0.08% of all branches        

     108.828913752 seconds time elapsed