LC_NUMERIC=en_US.UTF8 perf stat -B -C 1-2 taskset -c 2 /tmp/eucycles/pyben-nio/src/run --server start --bind 10.10.1.3 --size 536870912 --port 8881 --filename /tmp/eucycles/data_file --bufsize 50mb --method "match; func=lambda v: int(chr(v)) < 6; sztype=BEFORE"

2018-06-30 18:31:58,915 | server           | INFO     | PID=2319 | [bufsize: 52428800 bytes] [zerocopy: False]
2018-06-30 18:31:58,930 | methods.match    | INFO     | PID=2319 | [method: methods.match]
2018-06-30 18:31:58,930 | methods.match    | INFO     | PID=2319 | [method parameters: {'sztype': 'BEFORE', 'func': 'lambda v: int(chr(v)) < 6', 'mpws': '50MB'}]
2018-06-30 18:31:58,950 | methods.match    | INFO     | PID=2319 | Start 1 process to handle data filtering
2018-06-30 18:31:58,950 | server           | INFO     | PID=2319 | Ready to send 536870912 bytes using data file size of 1073741824 bytes
2018-06-30 18:31:58,950 | server           | INFO     | PID=2319 | Listening socket bound to port 8881
2018-06-30 18:32:03,356 | server           | INFO     | PID=2319 | Accepted incoming connection ('10.10.1.1', 44833) from client. Sending data ...
2018-06-30 18:36:10,307 | server           | INFO     | PID=2319 | [SUMMARY] [Sent: 322121174 bytes] [Read: 322121174 bytes (60.000% of 536870912 raw bytes)] [Duration: 246.9511330127716 seconds] [Bitrate: 10435138.9708616 bit/s]
2018-06-30 18:36:10,307 | server           | INFO     | PID=2319 | Resources closed, now exiting

 Performance counter stats for 'CPU(s) 1-2':

     502914.876987      task-clock (msec)         #    2.000 CPUs utilized            (100.00%)
             9,620      context-switches          #    0.019 K/sec                    (100.00%)
                 1      cpu-migrations            #    0.000 K/sec                    (100.00%)
            94,737      page-faults               #    0.188 K/sec                  
   629,092,962,831      cycles                    #    1.251 GHz                      (100.00%)
   <not supported>      stalled-cycles-frontend  
   <not supported>      stalled-cycles-backend   
 1,753,293,817,026      instructions              #    2.79  insns per cycle          (100.00%)
   358,682,669,179      branches                  #  713.208 M/sec                    (100.00%)
       282,209,734      branch-misses             #    0.08% of all branches        

     251.484989371 seconds time elapsed