LC_NUMERIC=en_US.UTF8 perf stat -B -C 1-2 taskset -c 2 /tmp/eucycles/pyben-nio/src/run --server start --bind 10.10.1.5 --size 268435456 --port 8881 --filename /tmp/eucycles/data_file --bufsize 50mb --method "match; func=lambda v: int(chr(v)) < 7; sztype=BEFORE"

2018-06-30 20:35:08,248 | server           | INFO     | PID=28087 | [bufsize: 52428800 bytes] [zerocopy: False]
2018-06-30 20:35:08,262 | methods.match    | INFO     | PID=28087 | [method: methods.match]
2018-06-30 20:35:08,262 | methods.match    | INFO     | PID=28087 | [method parameters: {'func': 'lambda v: int(chr(v)) < 7', 'mpws': '50MB', 'sztype': 'BEFORE'}]
2018-06-30 20:35:08,283 | methods.match    | INFO     | PID=28087 | Start 1 process to handle data filtering
2018-06-30 20:35:08,283 | server           | INFO     | PID=28087 | Ready to send 268435456 bytes using data file size of 1073741824 bytes
2018-06-30 20:35:08,283 | server           | INFO     | PID=28087 | Listening socket bound to port 8881
2018-06-30 20:35:12,777 | server           | INFO     | PID=28087 | Accepted incoming connection ('10.10.1.1', 54784) from client. Sending data ...
2018-06-30 20:37:18,758 | server           | INFO     | PID=28087 | [SUMMARY] [Sent: 187899248 bytes] [Read: 187899248 bytes (69.998% of 268435456 raw bytes)] [Duration: 125.98067903518677 seconds] [Bitrate: 11931940.639724236 bit/s]
2018-06-30 20:37:18,758 | server           | INFO     | PID=28087 | Resources closed, now exiting

 Performance counter stats for 'CPU(s) 1-2':

     261209.745990      task-clock (msec)         #    2.000 CPUs utilized            (100.00%)
             4,925      context-switches          #    0.019 K/sec                    (100.00%)
                 1      cpu-migrations            #    0.000 K/sec                    (100.00%)
            61,957      page-faults               #    0.237 K/sec                  
   342,409,682,755      cycles                    #    1.311 GHz                      (100.00%)
   <not supported>      stalled-cycles-frontend  
   <not supported>      stalled-cycles-backend   
   895,584,336,622      instructions              #    2.62  insns per cycle          (100.00%)
   182,571,952,083      branches                  #  698.948 M/sec                    (100.00%)
       111,890,794      branch-misses             #    0.06% of all branches        

     130.601917471 seconds time elapsed