LC_NUMERIC=en_US.UTF8 perf stat -B -C 1-2 taskset -c 2 /tmp/eucycles/pyben-nio/src/run --server start --bind 10.10.1.4 --size 214748365 --port 8881 --filename /tmp/eucycles/data_file --bufsize 50mb --method "match; func=lambda v: int(chr(v)) < 2; sztype=BEFORE"

2018-06-30 13:43:50,138 | server           | INFO     | PID=18914 | [bufsize: 52428800 bytes] [zerocopy: False]
2018-06-30 13:43:50,152 | methods.match    | INFO     | PID=18914 | [method: methods.match]
2018-06-30 13:43:50,152 | methods.match    | INFO     | PID=18914 | [method parameters: {'mpws': '50MB', 'sztype': 'BEFORE', 'func': 'lambda v: int(chr(v)) < 2'}]
2018-06-30 13:43:50,173 | methods.match    | INFO     | PID=18914 | Start 1 process to handle data filtering
2018-06-30 13:43:50,173 | server           | INFO     | PID=18914 | Ready to send 214748365 bytes using data file size of 1073741824 bytes
2018-06-30 13:43:50,173 | server           | INFO     | PID=18914 | Listening socket bound to port 8881
2018-06-30 13:43:57,247 | server           | INFO     | PID=18914 | Accepted incoming connection ('10.10.1.1', 48626) from client. Sending data ...
2018-06-30 13:45:24,676 | server           | INFO     | PID=18914 | [SUMMARY] [Sent: 42940077 bytes] [Read: 42940077 bytes (19.996% of 214748365 raw bytes)] [Duration: 87.42880916595459 seconds] [Bitrate: 3929146.6883409116 bit/s]
2018-06-30 13:45:24,676 | server           | INFO     | PID=18914 | Resources closed, now exiting

 Performance counter stats for 'CPU(s) 1-2':

     189345.865306      task-clock (msec)         #    2.000 CPUs utilized            (100.00%)
             4,038      context-switches          #    0.021 K/sec                    (100.00%)
                 1      cpu-migrations            #    0.000 K/sec                    (100.00%)
            21,164      page-faults               #    0.112 K/sec                  
   224,227,333,444      cycles                    #    1.184 GHz                      (100.00%)
   <not supported>      stalled-cycles-frontend  
   <not supported>      stalled-cycles-backend   
   631,913,956,971      instructions              #    2.82  insns per cycle          (100.00%)
   130,051,939,999      branches                  #  686.849 M/sec                    (100.00%)
        67,919,087      branch-misses             #    0.05% of all branches        

      94.676556685 seconds time elapsed