LC_NUMERIC=en_US.UTF8 perf stat -B -C 1-2 taskset -c 2 /tmp/eucycles/pyben-nio/src/run --server start --bind 10.10.1.3 --size 134217728 --port 8881 --filename /tmp/eucycles/data_file --bufsize 50mb --method "match; func=lambda v: int(chr(v)) < 8; sztype=BEFORE"

2018-06-30 21:14:25,347 | server           | INFO     | PID=8808 | [bufsize: 52428800 bytes] [zerocopy: False]
2018-06-30 21:14:25,361 | methods.match    | INFO     | PID=8808 | [method: methods.match]
2018-06-30 21:14:25,362 | methods.match    | INFO     | PID=8808 | [method parameters: {'sztype': 'BEFORE', 'func': 'lambda v: int(chr(v)) < 8', 'mpws': '50MB'}]
2018-06-30 21:14:25,382 | methods.match    | INFO     | PID=8808 | Start 1 process to handle data filtering
2018-06-30 21:14:25,382 | server           | INFO     | PID=8808 | Ready to send 134217728 bytes using data file size of 1073741824 bytes
2018-06-30 21:14:25,382 | server           | INFO     | PID=8808 | Listening socket bound to port 8881
2018-06-30 21:14:37,466 | server           | INFO     | PID=8808 | Accepted incoming connection ('10.10.1.1', 47461) from client. Sending data ...
2018-06-30 21:15:44,332 | server           | INFO     | PID=8808 | [SUMMARY] [Sent: 107363767 bytes] [Read: 107363767 bytes (79.992% of 134217728 raw bytes)] [Duration: 66.86573505401611 seconds] [Bitrate: 12845295.655632097 bit/s]
2018-06-30 21:15:44,332 | server           | INFO     | PID=8808 | Resources closed, now exiting

 Performance counter stats for 'CPU(s) 1-2':

     158224.552157      task-clock (msec)         #    2.000 CPUs utilized            (100.00%)
             2,876      context-switches          #    0.018 K/sec                    (100.00%)
                 1      cpu-migrations            #    0.000 K/sec                    (100.00%)
            42,321      page-faults               #    0.267 K/sec                  
   163,342,465,780      cycles                    #    1.032 GHz                      (100.00%)
   <not supported>      stalled-cycles-frontend  
   <not supported>      stalled-cycles-backend   
   456,038,544,413      instructions              #    2.79  insns per cycle          (100.00%)
    92,794,706,285      branches                  #  586.475 M/sec                    (100.00%)
        43,728,709      branch-misses             #    0.05% of all branches        

      79.120824364 seconds time elapsed