LC_NUMERIC=en_US.UTF8 perf stat -B -C 1-2 taskset -c 2 /tmp/eucycles/pyben-nio/src/run --server start --bind 10.10.1.6 --size 214748364 --port 8881 --filename /tmp/eucycles/data_file --bufsize 50mb --method "match; func=lambda v: int(chr(v)) < 1; sztype=BEFORE"

2018-06-30 11:37:33,792 | server           | INFO     | PID=6364 | [bufsize: 52428800 bytes] [zerocopy: False]
2018-06-30 11:37:33,806 | methods.match    | INFO     | PID=6364 | [method: methods.match]
2018-06-30 11:37:33,806 | methods.match    | INFO     | PID=6364 | [method parameters: {'sztype': 'BEFORE', 'func': 'lambda v: int(chr(v)) < 1', 'mpws': '50MB'}]
2018-06-30 11:37:33,826 | methods.match    | INFO     | PID=6364 | Start 1 process to handle data filtering
2018-06-30 11:37:33,826 | server           | INFO     | PID=6364 | Ready to send 214748364 bytes using data file size of 1073741824 bytes
2018-06-30 11:37:33,826 | server           | INFO     | PID=6364 | Listening socket bound to port 8881
2018-06-30 11:37:38,435 | server           | INFO     | PID=6364 | Accepted incoming connection ('10.10.1.1', 53927) from client. Sending data ...
2018-06-30 11:39:01,934 | server           | INFO     | PID=6364 | [SUMMARY] [Sent: 21476594 bytes] [Read: 21476594 bytes (10.001% of 214748364 raw bytes)] [Duration: 83.49892401695251 seconds] [Bitrate: 2057664.2636151505 bit/s]
2018-06-30 11:39:01,934 | server           | INFO     | PID=6364 | Resources closed, now exiting

 Performance counter stats for 'CPU(s) 1-2':

     176474.220795      task-clock (msec)         #    2.000 CPUs utilized            (100.00%)
             3,751      context-switches          #    0.021 K/sec                    (100.00%)
                 1      cpu-migrations            #    0.000 K/sec                    (100.00%)
            18,568      page-faults               #    0.105 K/sec                  
   237,373,992,570      cycles                    #    1.345 GHz                      (100.00%)
   <not supported>      stalled-cycles-frontend  
   <not supported>      stalled-cycles-backend   
   611,983,878,887      instructions              #    2.58  insns per cycle          (100.00%)
   125,193,540,594      branches                  #  709.415 M/sec                    (100.00%)
        46,305,106      branch-misses             #    0.04% of all branches        

      88.235649432 seconds time elapsed