LC_NUMERIC=en_US.UTF8 perf stat -B -C 1-2 taskset -c 2 /tmp/eucycles/pyben-nio/src/run --server start --bind 10.10.1.8 --size 153391689 --port 8881 --filename /tmp/eucycles/data_file --bufsize 50mb --method "match; func=lambda v: int(chr(v)) < 2; sztype=BEFORE"

2018-06-30 13:48:07,471 | server           | INFO     | PID=3719 | [bufsize: 52428800 bytes] [zerocopy: False]
2018-06-30 13:48:07,485 | methods.match    | INFO     | PID=3719 | [method: methods.match]
2018-06-30 13:48:07,485 | methods.match    | INFO     | PID=3719 | [method parameters: {'func': 'lambda v: int(chr(v)) < 2', 'sztype': 'BEFORE', 'mpws': '50MB'}]
2018-06-30 13:48:07,506 | methods.match    | INFO     | PID=3719 | Start 1 process to handle data filtering
2018-06-30 13:48:07,506 | server           | INFO     | PID=3719 | Ready to send 153391689 bytes using data file size of 1073741824 bytes
2018-06-30 13:48:07,506 | server           | INFO     | PID=3719 | Listening socket bound to port 8881
2018-06-30 13:48:12,175 | server           | INFO     | PID=3719 | Accepted incoming connection ('10.10.1.1', 34387) from client. Sending data ...
2018-06-30 13:49:15,073 | server           | INFO     | PID=3719 | [SUMMARY] [Sent: 30690552 bytes] [Read: 30690552 bytes (20.008% of 153391689 raw bytes)] [Duration: 62.89722418785095 seconds] [Bitrate: 3903581.106643253 bit/s]
2018-06-30 13:49:15,073 | server           | INFO     | PID=3719 | Resources closed, now exiting

 Performance counter stats for 'CPU(s) 1-2':

     135395.321140      task-clock (msec)         #    2.000 CPUs utilized            (100.00%)
             2,791      context-switches          #    0.021 K/sec                    (100.00%)
                 1      cpu-migrations            #    0.000 K/sec                    (100.00%)
            21,123      page-faults               #    0.156 K/sec                  
   167,272,823,473      cycles                    #    1.235 GHz                      (100.00%)
   <not supported>      stalled-cycles-frontend  
   <not supported>      stalled-cycles-backend   
   452,217,347,420      instructions              #    2.70  insns per cycle          (100.00%)
    92,757,481,913      branches                  #  685.086 M/sec                    (100.00%)
        49,208,467      branch-misses             #    0.05% of all branches        

      67.694835261 seconds time elapsed