LC_NUMERIC=en_US.UTF8 perf stat -B -C 1-2 taskset -c 2 /tmp/eucycles/pyben-nio/src/run --server start --bind 10.10.1.4 --size 357913941 --port 8881 --filename /tmp/eucycles/data_file --bufsize 50mb --method "match; func=lambda v: int(chr(v)) < 0; sztype=BEFORE"

2018-06-30 10:39:38,948 | server           | INFO     | PID=11527 | [bufsize: 52428800 bytes] [zerocopy: False]
2018-06-30 10:39:38,962 | methods.match    | INFO     | PID=11527 | [method: methods.match]
2018-06-30 10:39:38,963 | methods.match    | INFO     | PID=11527 | [method parameters: {'func': 'lambda v: int(chr(v)) < 0', 'mpws': '50MB', 'sztype': 'BEFORE'}]
2018-06-30 10:39:38,983 | methods.match    | INFO     | PID=11527 | Start 1 process to handle data filtering
2018-06-30 10:39:38,983 | server           | INFO     | PID=11527 | Ready to send 357913941 bytes using data file size of 1073741824 bytes
2018-06-30 10:39:38,983 | server           | INFO     | PID=11527 | Listening socket bound to port 8881
2018-06-30 10:39:43,492 | server           | INFO     | PID=11527 | Accepted incoming connection ('10.10.1.1', 35829) from client. Sending data ...
2018-06-30 10:42:22,564 | server           | INFO     | PID=11527 | [SUMMARY] [Sent: 0 bytes] [Read: 0 bytes (0.000% of 357913941 raw bytes)] [Duration: 159.0722689628601 seconds] [Bitrate: 0.0 bit/s]
2018-06-30 10:42:22,564 | server           | INFO     | PID=11527 | Resources closed, now exiting

 Performance counter stats for 'CPU(s) 1-2':

     327407.363853      task-clock (msec)         #    2.000 CPUs utilized            (100.00%)
             5,993      context-switches          #    0.018 K/sec                    (100.00%)
                 1      cpu-migrations            #    0.000 K/sec                    (100.00%)
            16,005      page-faults               #    0.049 K/sec                  
   409,835,372,275      cycles                    #    1.252 GHz                      (100.00%)
   <not supported>      stalled-cycles-frontend  
   <not supported>      stalled-cycles-backend   
   997,895,041,051      instructions              #    2.43  insns per cycle          (100.00%)
   205,177,420,272      branches                  #  626.673 M/sec                    (100.00%)
        40,771,442      branch-misses             #    0.02% of all branches        

     163.710073901 seconds time elapsed