LC_NUMERIC=en_US.UTF8 perf stat -B -C 1-2 taskset -c 2 /tmp/eucycles/pyben-nio/src/run --server start --bind 10.10.1.7 --size 153391689 --port 8881 --filename /tmp/eucycles/data_file --bufsize 50mb --method "match; func=lambda v: int(chr(v)) < 8; sztype=BEFORE"

2018-06-30 21:41:42,049 | server           | INFO     | PID=19017 | [bufsize: 52428800 bytes] [zerocopy: False]
2018-06-30 21:41:42,064 | methods.match    | INFO     | PID=19017 | [method: methods.match]
2018-06-30 21:41:42,064 | methods.match    | INFO     | PID=19017 | [method parameters: {'mpws': '50MB', 'sztype': 'BEFORE', 'func': 'lambda v: int(chr(v)) < 8'}]
2018-06-30 21:41:42,084 | methods.match    | INFO     | PID=19017 | Start 1 process to handle data filtering
2018-06-30 21:41:42,085 | server           | INFO     | PID=19017 | Ready to send 153391689 bytes using data file size of 1073741824 bytes
2018-06-30 21:41:42,085 | server           | INFO     | PID=19017 | Listening socket bound to port 8881
2018-06-30 21:41:47,950 | server           | INFO     | PID=19017 | Accepted incoming connection ('10.10.1.1', 52799) from client. Sending data ...
2018-06-30 21:43:06,338 | server           | INFO     | PID=19017 | [SUMMARY] [Sent: 122713769 bytes] [Read: 122713769 bytes (80.000% of 153391689 raw bytes)] [Duration: 78.38835406303406 seconds] [Bitrate: 12523673.493776666 bit/s]
2018-06-30 21:43:06,338 | server           | INFO     | PID=19017 | Resources closed, now exiting

 Performance counter stats for 'CPU(s) 1-2':

     168863.706140      task-clock (msec)         #    2.000 CPUs utilized            (100.00%)
             3,238      context-switches          #    0.019 K/sec                    (100.00%)
                 1      cpu-migrations            #    0.000 K/sec                    (100.00%)
            46,081      page-faults               #    0.273 K/sec                  
   201,431,046,692      cycles                    #    1.193 GHz                      (100.00%)
   <not supported>      stalled-cycles-frontend  
   <not supported>      stalled-cycles-backend   
   530,802,145,642      instructions              #    2.64  insns per cycle          (100.00%)
   108,340,486,252      branches                  #  641.585 M/sec                    (100.00%)
        49,548,983      branch-misses             #    0.05% of all branches        

      84.426961931 seconds time elapsed