LC_NUMERIC=en_US.UTF8 perf stat -B -C 1-2 taskset -c 2 /tmp/eucycles/pyben-nio/src/run --server start --bind 10.10.1.7 --size 153391689 --port 8881 --filename /tmp/eucycles/data_file --bufsize 50mb --method "match; func=lambda v: int(chr(v)) < 5; sztype=BEFORE"

2018-06-30 17:50:44,795 | server           | INFO     | PID=13337 | [bufsize: 52428800 bytes] [zerocopy: False]
2018-06-30 17:50:44,810 | methods.match    | INFO     | PID=13337 | [method: methods.match]
2018-06-30 17:50:44,810 | methods.match    | INFO     | PID=13337 | [method parameters: {'func': 'lambda v: int(chr(v)) < 5', 'mpws': '50MB', 'sztype': 'BEFORE'}]
2018-06-30 17:50:44,830 | methods.match    | INFO     | PID=13337 | Start 1 process to handle data filtering
2018-06-30 17:50:44,830 | server           | INFO     | PID=13337 | Ready to send 153391689 bytes using data file size of 1073741824 bytes
2018-06-30 17:50:44,831 | server           | INFO     | PID=13337 | Listening socket bound to port 8881
2018-06-30 17:50:50,693 | server           | INFO     | PID=13337 | Accepted incoming connection ('10.10.1.1', 53953) from client. Sending data ...
2018-06-30 17:51:59,879 | server           | INFO     | PID=13337 | [SUMMARY] [Sent: 76698389 bytes] [Read: 76698389 bytes (50.002% of 153391689 raw bytes)] [Duration: 69.1855800151825 seconds] [Bitrate: 8868713.85432269 bit/s]
2018-06-30 17:51:59,879 | server           | INFO     | PID=13337 | Resources closed, now exiting

 Performance counter stats for 'CPU(s) 1-2':

     150452.186789      task-clock (msec)         #    2.000 CPUs utilized            (100.00%)
             3,075      context-switches          #    0.020 K/sec                    (100.00%)
                 1      cpu-migrations            #    0.000 K/sec                    (100.00%)
            28,842      page-faults               #    0.192 K/sec                  
   184,859,710,185      cycles                    #    1.229 GHz                      (100.00%)
   <not supported>      stalled-cycles-frontend  
   <not supported>      stalled-cycles-backend   
   488,672,208,533      instructions              #    2.64  insns per cycle          (100.00%)
   100,032,188,648      branches                  #  664.877 M/sec                    (100.00%)
        95,418,485      branch-misses             #    0.10% of all branches        

      75.221703429 seconds time elapsed