LC_NUMERIC=en_US.UTF8 perf stat -B -C 1-2 taskset -c 2 /tmp/eucycles/pyben-nio/src/run --server start --bind 10.10.1.6 --size 153391689 --port 8881 --filename /tmp/eucycles/data_file --bufsize 50mb --method "match; func=lambda v: int(chr(v)) < 6; sztype=BEFORE"

2018-06-30 18:47:38,636 | server           | INFO     | PID=19660 | [bufsize: 52428800 bytes] [zerocopy: False]
2018-06-30 18:47:38,650 | methods.match    | INFO     | PID=19660 | [method: methods.match]
2018-06-30 18:47:38,651 | methods.match    | INFO     | PID=19660 | [method parameters: {'func': 'lambda v: int(chr(v)) < 6', 'sztype': 'BEFORE', 'mpws': '50MB'}]
2018-06-30 18:47:38,671 | methods.match    | INFO     | PID=19660 | Start 1 process to handle data filtering
2018-06-30 18:47:38,671 | server           | INFO     | PID=19660 | Ready to send 153391689 bytes using data file size of 1073741824 bytes
2018-06-30 18:47:38,671 | server           | INFO     | PID=19660 | Listening socket bound to port 8881
2018-06-30 18:47:45,693 | server           | INFO     | PID=19660 | Accepted incoming connection ('10.10.1.1', 37142) from client. Sending data ...
2018-06-30 18:48:58,682 | server           | INFO     | PID=19660 | [SUMMARY] [Sent: 92035079 bytes] [Read: 92035079 bytes (60.000% of 153391689 raw bytes)] [Duration: 72.98902106285095 seconds] [Bitrate: 10087553.186471533 bit/s]
2018-06-30 18:48:58,683 | server           | INFO     | PID=19660 | Resources closed, now exiting

 Performance counter stats for 'CPU(s) 1-2':

     160365.946206      task-clock (msec)         #    2.000 CPUs utilized            (100.00%)
             3,166      context-switches          #    0.020 K/sec                    (100.00%)
                 1      cpu-migrations            #    0.000 K/sec                    (100.00%)
            38,600      page-faults               #    0.241 K/sec                  
   201,139,009,794      cycles                    #    1.254 GHz                      (100.00%)
   <not supported>      stalled-cycles-frontend  
   <not supported>      stalled-cycles-backend   
   509,146,961,077      instructions              #    2.53  insns per cycle          (100.00%)
   104,830,687,463      branches                  #  653.697 M/sec                    (100.00%)
        83,836,097      branch-misses             #    0.08% of all branches        

      80.181630428 seconds time elapsed