LC_NUMERIC=en_US.UTF8 perf stat -B -C 1-2 taskset -c 2 /tmp/eucycles/pyben-nio/src/run --server start --bind 10.10.1.2 --size 214748365 --port 8881 --filename /tmp/eucycles/data_file --bufsize 50mb --method "match; func=lambda v: int(chr(v)) < 2; sztype=BEFORE"

2018-06-30 13:18:16,351 | server           | INFO     | PID=493 | [bufsize: 52428800 bytes] [zerocopy: False]
2018-06-30 13:18:16,366 | methods.match    | INFO     | PID=493 | [method: methods.match]
2018-06-30 13:18:16,366 | methods.match    | INFO     | PID=493 | [method parameters: {'func': 'lambda v: int(chr(v)) < 2', 'sztype': 'BEFORE', 'mpws': '50MB'}]
2018-06-30 13:18:16,386 | methods.match    | INFO     | PID=493 | Start 1 process to handle data filtering
2018-06-30 13:18:16,387 | server           | INFO     | PID=493 | Ready to send 214748365 bytes using data file size of 1073741824 bytes
2018-06-30 13:18:16,387 | server           | INFO     | PID=493 | Listening socket bound to port 8881
2018-06-30 13:18:25,910 | server           | INFO     | PID=493 | Accepted incoming connection ('10.10.1.1', 36609) from client. Sending data ...
2018-06-30 13:19:53,461 | server           | INFO     | PID=493 | [SUMMARY] [Sent: 42948352 bytes] [Read: 42948352 bytes (19.999% of 214748365 raw bytes)] [Duration: 87.5505440235138 seconds] [Bitrate: 3924439.5318402764 bit/s]
2018-06-30 13:19:53,461 | server           | INFO     | PID=493 | Resources closed, now exiting

 Performance counter stats for 'CPU(s) 1-2':

     194482.151881      task-clock (msec)         #    2.000 CPUs utilized            (100.00%)
             4,042      context-switches          #    0.021 K/sec                    (100.00%)
                 1      cpu-migrations            #    0.000 K/sec                    (100.00%)
            21,160      page-faults               #    0.109 K/sec                  
   224,875,782,093      cycles                    #    1.156 GHz                      (100.00%)
   <not supported>      stalled-cycles-frontend  
   <not supported>      stalled-cycles-backend   
   633,639,737,852      instructions              #    2.82  insns per cycle          (100.00%)
   130,053,887,580      branches                  #  668.719 M/sec                    (100.00%)
        67,910,910      branch-misses             #    0.05% of all branches        

      97.245034708 seconds time elapsed