LC_NUMERIC=en_US.UTF8 perf stat -B -C 1-2 taskset -c 2 /tmp/eucycles/pyben-nio/src/run --server start --bind 10.10.1.8 --size 134217728 --port 8881 --filename /tmp/eucycles/data_file --bufsize 50mb --method "match; func=lambda v: int(chr(v)) < 4; sztype=BEFORE"

2018-06-30 16:02:49,881 | server           | INFO     | PID=7034 | [bufsize: 52428800 bytes] [zerocopy: False]
2018-06-30 16:02:49,895 | methods.match    | INFO     | PID=7034 | [method: methods.match]
2018-06-30 16:02:49,895 | methods.match    | INFO     | PID=7034 | [method parameters: {'sztype': 'BEFORE', 'mpws': '50MB', 'func': 'lambda v: int(chr(v)) < 4'}]
2018-06-30 16:02:49,916 | methods.match    | INFO     | PID=7034 | Start 1 process to handle data filtering
2018-06-30 16:02:49,916 | server           | INFO     | PID=7034 | Ready to send 134217728 bytes using data file size of 1073741824 bytes
2018-06-30 16:02:49,916 | server           | INFO     | PID=7034 | Listening socket bound to port 8881
2018-06-30 16:02:55,748 | server           | INFO     | PID=7034 | Accepted incoming connection ('10.10.1.1', 44744) from client. Sending data ...
2018-06-30 16:03:55,249 | server           | INFO     | PID=7034 | [SUMMARY] [Sent: 53685743 bytes] [Read: 53685743 bytes (39.999% of 134217728 raw bytes)] [Duration: 59.50068497657776 seconds] [Bitrate: 7218168.062587274 bit/s]
2018-06-30 16:03:55,249 | server           | INFO     | PID=7034 | Resources closed, now exiting

 Performance counter stats for 'CPU(s) 1-2':

     131017.109010      task-clock (msec)         #    2.000 CPUs utilized            (100.00%)
             2,766      context-switches          #    0.021 K/sec                    (100.00%)
                 1      cpu-migrations            #    0.000 K/sec                    (100.00%)
            26,282      page-faults               #    0.201 K/sec                  
   160,550,392,864      cycles                    #    1.225 GHz                      (100.00%)
   <not supported>      stalled-cycles-frontend  
   <not supported>      stalled-cycles-backend   
   418,604,730,816      instructions              #    2.61  insns per cycle          (100.00%)
    85,593,312,272      branches                  #  653.299 M/sec                    (100.00%)
        72,750,114      branch-misses             #    0.08% of all branches        

      65.505814630 seconds time elapsed