LC_NUMERIC=en_US.UTF8 perf stat -B -C 1-2 taskset -c 2 /tmp/eucycles/pyben-nio/src/run --server start --bind 10.10.1.4 --size 178956971 --port 8881 --filename /tmp/eucycles/data_file --bufsize 50mb --method "match; func=lambda v: int(chr(v)) < 4; sztype=BEFORE"

2018-06-30 15:31:44,348 | server           | INFO     | PID=23176 | [bufsize: 52428800 bytes] [zerocopy: False]
2018-06-30 15:31:44,362 | methods.match    | INFO     | PID=23176 | [method: methods.match]
2018-06-30 15:31:44,363 | methods.match    | INFO     | PID=23176 | [method parameters: {'sztype': 'BEFORE', 'func': 'lambda v: int(chr(v)) < 4', 'mpws': '50MB'}]
2018-06-30 15:31:44,383 | methods.match    | INFO     | PID=23176 | Start 1 process to handle data filtering
2018-06-30 15:31:44,383 | server           | INFO     | PID=23176 | Ready to send 178956971 bytes using data file size of 1073741824 bytes
2018-06-30 15:31:44,383 | server           | INFO     | PID=23176 | Listening socket bound to port 8881
2018-06-30 15:31:52,652 | server           | INFO     | PID=23176 | Accepted incoming connection ('10.10.1.1', 53877) from client. Sending data ...
2018-06-30 15:33:11,191 | server           | INFO     | PID=23176 | [SUMMARY] [Sent: 71566846 bytes] [Read: 71566846 bytes (39.991% of 178956971 raw bytes)] [Duration: 78.53942394256592 seconds] [Bitrate: 7289775.494389691 bit/s]
2018-06-30 15:33:11,191 | server           | INFO     | PID=23176 | Resources closed, now exiting

 Performance counter stats for 'CPU(s) 1-2':

     173958.619334      task-clock (msec)         #    2.000 CPUs utilized            (100.00%)
             3,484      context-switches          #    0.020 K/sec                    (100.00%)
                 1      cpu-migrations            #    0.000 K/sec                    (100.00%)
            26,278      page-faults               #    0.151 K/sec                  
   197,577,041,871      cycles                    #    1.136 GHz                      (100.00%)
   <not supported>      stalled-cycles-frontend  
   <not supported>      stalled-cycles-backend   
   549,197,194,722      instructions              #    2.78  insns per cycle          (100.00%)
   111,939,093,654      branches                  #  643.481 M/sec                    (100.00%)
        95,465,695      branch-misses             #    0.09% of all branches        

      86.982623714 seconds time elapsed