LC_NUMERIC=en_US.UTF8 perf stat -B -C 1-2 taskset -c 2 /tmp/eucycles/pyben-nio/src/run --client start --addresses 10.10.1.2  10.10.1.3  10.10.1.4 --size 1GB --port 8881 --bind 10.10.1.1 --bufsize 50mb --method "raw"

2018-06-30 14:04:30,810 | client           | INFO     | PID=9474 | [bufsize: 52428800 bytes]
2018-06-30 14:04:30,837 | client           | INFO     | PID=9477 | Connecting to server 10.10.1.2 on port 8881
2018-06-30 14:04:30,837 | client           | INFO     | PID=9476 | Connecting to server 10.10.1.3 on port 8881
2018-06-30 14:04:30,838 | client           | INFO     | PID=9477 | Connection established. Receiving data ...
2018-06-30 14:04:30,838 | methods.raw      | INFO     | PID=9477 | [method: methods.raw]
2018-06-30 14:04:30,838 | methods.raw      | INFO     | PID=9477 | [method parameters: {}]
2018-06-30 14:04:30,843 | client           | INFO     | PID=9476 | Connection established. Receiving data ...
2018-06-30 14:04:30,843 | methods.raw      | INFO     | PID=9476 | [method: methods.raw]
2018-06-30 14:04:30,844 | methods.raw      | INFO     | PID=9476 | [method parameters: {}]
2018-06-30 14:04:30,848 | client           | INFO     | PID=9475 | Connecting to server 10.10.1.4 on port 8881
2018-06-30 14:04:30,848 | client           | INFO     | PID=9475 | Connection established. Receiving data ...
2018-06-30 14:04:30,848 | methods.raw      | INFO     | PID=9475 | [method: methods.raw]
2018-06-30 14:04:30,848 | methods.raw      | INFO     | PID=9475 | [method parameters: {}]
2018-06-30 14:06:59,420 | client           | INFO     | PID=9477 | [Received: 107377912 bytes (107377912 raw bytes)] [Duration: 148.5290789604187 seconds] [Bitrate: 5783536.139942804 bit/s]
2018-06-30 14:06:59,420 | client           | INFO     | PID=9477 | Socket closed
2018-06-30 14:07:00,458 | client           | INFO     | PID=9475 | [Received: 107366538 bytes (107366538 raw bytes)] [Duration: 149.55650091171265 seconds] [Bitrate: 5743196.041388074 bit/s]
2018-06-30 14:07:00,459 | client           | INFO     | PID=9475 | Socket closed
2018-06-30 14:07:03,920 | client           | INFO     | PID=9476 | [Received: 107375512 bytes (107375512 raw bytes)] [Duration: 153.02451395988464 seconds] [Bitrate: 5613506.449203216 bit/s]
2018-06-30 14:07:03,921 | client           | INFO     | PID=9476 | Socket closed
2018-06-30 14:07:04,215 | client           | INFO     | PID=9474 | [SUMMARY] [Received: 322119962 bytes (100.000% of 322119962 raw bytes)] [Duration: 153.02958297729492 seconds] [Bitrate: 16839617.842926126 bit/s]

 Performance counter stats for 'CPU(s) 1-2':

     306944.630609      task-clock (msec)         #    2.000 CPUs utilized            (100.00%)
             3,937      context-switches          #    0.013 K/sec                    (100.00%)
                 1      cpu-migrations            #    0.000 K/sec                    (100.00%)
           740,160      page-faults               #    0.002 M/sec                  
    12,735,647,927      cycles                    #    0.041 GHz                      (100.00%)
   <not supported>      stalled-cycles-frontend  
   <not supported>      stalled-cycles-backend   
    27,615,099,949      instructions              #    2.17  insns per cycle          (100.00%)
     7,254,465,919      branches                  #   23.634 M/sec                    (100.00%)
        12,058,574      branch-misses             #    0.17% of all branches        

     153.479642150 seconds time elapsed