LC_NUMERIC=en_US.UTF8 perf stat -B -C 1-2 taskset -c 2 /tmp/eucycles/pyben-nio/src/run --client start --addresses 10.10.1.2  10.10.1.3  10.10.1.4 --size 1GB --port 8881 --bind 10.10.1.1 --bufsize 50mb --method "raw"

2018-06-30 11:32:13,126 | client           | INFO     | PID=13795 | [bufsize: 52428800 bytes]
2018-06-30 11:32:13,153 | client           | INFO     | PID=13798 | Connecting to server 10.10.1.2 on port 8881
2018-06-30 11:32:13,154 | client           | INFO     | PID=13797 | Connecting to server 10.10.1.3 on port 8881
2018-06-30 11:32:13,154 | client           | INFO     | PID=13798 | Connection established. Receiving data ...
2018-06-30 11:32:13,155 | methods.raw      | INFO     | PID=13798 | [method: methods.raw]
2018-06-30 11:32:13,155 | methods.raw      | INFO     | PID=13798 | [method parameters: {}]
2018-06-30 11:32:13,159 | client           | INFO     | PID=13797 | Connection established. Receiving data ...
2018-06-30 11:32:13,159 | methods.raw      | INFO     | PID=13797 | [method: methods.raw]
2018-06-30 11:32:13,160 | methods.raw      | INFO     | PID=13797 | [method parameters: {}]
2018-06-30 11:32:13,164 | client           | INFO     | PID=13796 | Connecting to server 10.10.1.4 on port 8881
2018-06-30 11:32:13,164 | client           | INFO     | PID=13796 | Connection established. Receiving data ...
2018-06-30 11:32:13,164 | methods.raw      | INFO     | PID=13796 | [method: methods.raw]
2018-06-30 11:32:13,164 | methods.raw      | INFO     | PID=13796 | [method parameters: {}]
2018-06-30 11:34:32,404 | client           | INFO     | PID=13797 | [Received: 35788115 bytes (35788115 raw bytes)] [Duration: 139.19535899162292 seconds] [Bitrate: 2056856.7951840295 bit/s]
2018-06-30 11:34:32,404 | client           | INFO     | PID=13797 | Socket closed
2018-06-30 11:34:33,523 | client           | INFO     | PID=13798 | [Received: 35795554 bytes (35795554 raw bytes)] [Duration: 140.31017994880676 seconds] [Bitrate: 2040938.3845454566 bit/s]
2018-06-30 11:34:33,523 | client           | INFO     | PID=13798 | Socket closed
2018-06-30 11:34:34,620 | client           | INFO     | PID=13796 | [Received: 35784134 bytes (35784134 raw bytes)] [Duration: 141.40135312080383 seconds] [Bitrate: 2024542.6630071036 bit/s]
2018-06-30 11:34:34,620 | client           | INFO     | PID=13796 | Socket closed
2018-06-30 11:34:34,823 | client           | INFO     | PID=13795 | [SUMMARY] [Received: 107367803 bytes (100.000% of 107367803 raw bytes)] [Duration: 141.41174817085266 seconds] [Bitrate: 6074052.793423018 bit/s]

 Performance counter stats for 'CPU(s) 1-2':

     283529.685011      task-clock (msec)         #    2.000 CPUs utilized            (100.00%)
             3,442      context-switches          #    0.012 K/sec                    (100.00%)
                 1      cpu-migrations            #    0.000 K/sec                    (100.00%)
           271,699      page-faults               #    0.958 K/sec                  
     5,899,125,182      cycles                    #    0.021 GHz                      (100.00%)
   <not supported>      stalled-cycles-frontend  
   <not supported>      stalled-cycles-backend   
     9,620,490,897      instructions              #    1.63  insns per cycle          (100.00%)
     2,517,838,904      branches                  #    8.880 M/sec                    (100.00%)
         6,255,915      branch-misses             #    0.25% of all branches        

     141.771597914 seconds time elapsed