LC_NUMERIC=en_US.UTF8 perf stat -B -C 1-2 taskset -c 2 /tmp/eucycles/pyben-nio/src/run --server start --bind 10.10.1.8 --size 134217728 --port 8881 --filename /tmp/eucycles/data_file --bufsize 50mb --method "match; func=lambda v: int(chr(v)) < 0; sztype=BEFORE"

2018-06-30 10:51:57,959 | server           | INFO     | PID=32003 | [bufsize: 52428800 bytes] [zerocopy: False]
2018-06-30 10:51:57,973 | methods.match    | INFO     | PID=32003 | [method: methods.match]
2018-06-30 10:51:57,973 | methods.match    | INFO     | PID=32003 | [method parameters: {'func': 'lambda v: int(chr(v)) < 0', 'sztype': 'BEFORE', 'mpws': '50MB'}]
2018-06-30 10:51:57,993 | methods.match    | INFO     | PID=32003 | Start 1 process to handle data filtering
2018-06-30 10:51:57,994 | server           | INFO     | PID=32003 | Ready to send 134217728 bytes using data file size of 1073741824 bytes
2018-06-30 10:51:57,994 | server           | INFO     | PID=32003 | Listening socket bound to port 8881
2018-06-30 10:52:03,896 | server           | INFO     | PID=32003 | Accepted incoming connection ('10.10.1.1', 52083) from client. Sending data ...
2018-06-30 10:53:00,536 | server           | INFO     | PID=32003 | [SUMMARY] [Sent: 0 bytes] [Read: 0 bytes (0.000% of 134217728 raw bytes)] [Duration: 56.639142990112305 seconds] [Bitrate: 0.0 bit/s]
2018-06-30 10:53:00,536 | server           | INFO     | PID=32003 | Resources closed, now exiting

 Performance counter stats for 'CPU(s) 1-2':

     125431.981540      task-clock (msec)         #    2.000 CPUs utilized            (100.00%)
             2,596      context-switches          #    0.021 K/sec                    (100.00%)
                 1      cpu-migrations            #    0.000 K/sec                    (100.00%)
            16,029      page-faults               #    0.128 K/sec                  
   151,058,681,699      cycles                    #    1.204 GHz                      (100.00%)
   <not supported>      stalled-cycles-frontend  
   <not supported>      stalled-cycles-backend   
   374,206,953,093      instructions              #    2.48  insns per cycle          (100.00%)
    77,168,174,077      branches                  #  615.219 M/sec                    (100.00%)
        16,473,445      branch-misses             #    0.02% of all branches        

      62.713362321 seconds time elapsed