LC_NUMERIC=en_US.UTF8 perf stat -B -C 1-2 taskset -c 2 /tmp/eucycles/pyben-nio/src/run --server start --bind 10.10.1.3 --size 214748365 --port 8881 --filename /tmp/eucycles/data_file --bufsize 50mb --method "match; func=lambda v: int(chr(v)) < 9; sztype=BEFORE"

2018-06-30 23:06:59,637 | server           | INFO     | PID=12823 | [bufsize: 52428800 bytes] [zerocopy: False]
2018-06-30 23:06:59,652 | methods.match    | INFO     | PID=12823 | [method: methods.match]
2018-06-30 23:06:59,652 | methods.match    | INFO     | PID=12823 | [method parameters: {'func': 'lambda v: int(chr(v)) < 9', 'mpws': '50MB', 'sztype': 'BEFORE'}]
2018-06-30 23:06:59,673 | methods.match    | INFO     | PID=12823 | Start 1 process to handle data filtering
2018-06-30 23:06:59,673 | server           | INFO     | PID=12823 | Ready to send 214748365 bytes using data file size of 1073741824 bytes
2018-06-30 23:06:59,673 | server           | INFO     | PID=12823 | Listening socket bound to port 8881
2018-06-30 23:07:07,963 | server           | INFO     | PID=12823 | Accepted incoming connection ('10.10.1.1', 33085) from client. Sending data ...
2018-06-30 23:08:53,342 | server           | INFO     | PID=12823 | [SUMMARY] [Sent: 193264327 bytes] [Read: 193264327 bytes (89.996% of 214748365 raw bytes)] [Duration: 105.37871193885803 seconds] [Bitrate: 14671982.486340066 bit/s]
2018-06-30 23:08:53,342 | server           | INFO     | PID=12823 | Resources closed, now exiting

 Performance counter stats for 'CPU(s) 1-2':

     227655.751089      task-clock (msec)         #    2.000 CPUs utilized            (100.00%)
             4,304      context-switches          #    0.019 K/sec                    (100.00%)
                 1      cpu-migrations            #    0.000 K/sec                    (100.00%)
            63,296      page-faults               #    0.278 K/sec                  
   266,668,614,157      cycles                    #    1.171 GHz                      (100.00%)
   <not supported>      stalled-cycles-frontend  
   <not supported>      stalled-cycles-backend   
   747,056,145,852      instructions              #    2.80  insns per cycle          (100.00%)
   151,949,656,367      branches                  #  667.454 M/sec                    (100.00%)
        46,891,827      branch-misses             #    0.03% of all branches        

     113.840251542 seconds time elapsed