LC_NUMERIC=en_US.UTF8 perf stat -B -C 1-2 taskset -c 2 /tmp/eucycles/pyben-nio/src/run --server start --bind 10.10.1.5 --size 268435456 --port 8881 --filename /tmp/eucycles/data_file --bufsize 50mb --method "match; func=lambda v: int(chr(v)) < 3; sztype=BEFORE"

2018-06-30 14:07:34,504 | server           | INFO     | PID=15240 | [bufsize: 52428800 bytes] [zerocopy: False]
2018-06-30 14:07:34,517 | methods.match    | INFO     | PID=15240 | [method: methods.match]
2018-06-30 14:07:34,518 | methods.match    | INFO     | PID=15240 | [method parameters: {'sztype': 'BEFORE', 'func': 'lambda v: int(chr(v)) < 3', 'mpws': '50MB'}]
2018-06-30 14:07:34,538 | methods.match    | INFO     | PID=15240 | Start 1 process to handle data filtering
2018-06-30 14:07:34,538 | server           | INFO     | PID=15240 | Ready to send 268435456 bytes using data file size of 1073741824 bytes
2018-06-30 14:07:34,538 | server           | INFO     | PID=15240 | Listening socket bound to port 8881
2018-06-30 14:07:39,107 | server           | INFO     | PID=15240 | Accepted incoming connection ('10.10.1.1', 39074) from client. Sending data ...
2018-06-30 14:09:30,417 | server           | INFO     | PID=15240 | [SUMMARY] [Sent: 80526175 bytes] [Read: 80526175 bytes (29.998% of 268435456 raw bytes)] [Duration: 111.30946588516235 seconds] [Bitrate: 5787552.701624038 bit/s]
2018-06-30 14:09:30,417 | server           | INFO     | PID=15240 | Resources closed, now exiting

 Performance counter stats for 'CPU(s) 1-2':

     232016.886714      task-clock (msec)         #    2.000 CPUs utilized            (100.00%)
             4,693      context-switches          #    0.020 K/sec                    (100.00%)
                 1      cpu-migrations            #    0.000 K/sec                    (100.00%)
            23,684      page-faults               #    0.102 K/sec                  
   303,086,545,285      cycles                    #    1.306 GHz                      (100.00%)
   <not supported>      stalled-cycles-frontend  
   <not supported>      stalled-cycles-backend   
   803,196,704,273      instructions              #    2.65  insns per cycle          (100.00%)
   164,061,214,006      branches                  #  707.109 M/sec                    (100.00%)
       111,542,654      branch-misses             #    0.07% of all branches        

     116.005801120 seconds time elapsed