LC_NUMERIC=en_US.UTF8 perf stat -B -C 1-2 taskset -c 2 /tmp/eucycles/pyben-nio/src/run --server start --bind 10.10.1.4 --size 134217728 --port 8881 --filename /tmp/eucycles/data_file --bufsize 50mb --method "match; func=lambda v: int(chr(v)) < 9; sztype=BEFORE"

2018-06-30 23:14:14,258 | server           | INFO     | PID=7314 | [bufsize: 52428800 bytes] [zerocopy: False]
2018-06-30 23:14:14,272 | methods.match    | INFO     | PID=7314 | [method: methods.match]
2018-06-30 23:14:14,272 | methods.match    | INFO     | PID=7314 | [method parameters: {'func': 'lambda v: int(chr(v)) < 9', 'sztype': 'BEFORE', 'mpws': '50MB'}]
2018-06-30 23:14:14,293 | methods.match    | INFO     | PID=7314 | Start 1 process to handle data filtering
2018-06-30 23:14:14,293 | server           | INFO     | PID=7314 | Ready to send 134217728 bytes using data file size of 1073741824 bytes
2018-06-30 23:14:14,293 | server           | INFO     | PID=7314 | Listening socket bound to port 8881
2018-06-30 23:14:25,087 | server           | INFO     | PID=7314 | Accepted incoming connection ('10.10.1.1', 55486) from client. Sending data ...
2018-06-30 23:15:35,992 | server           | INFO     | PID=7314 | [SUMMARY] [Sent: 120790936 bytes] [Read: 120790936 bytes (89.996% of 134217728 raw bytes)] [Duration: 70.9044258594513 seconds] [Bitrate: 13628591.957228184 bit/s]
2018-06-30 23:15:35,992 | server           | INFO     | PID=7314 | Resources closed, now exiting

 Performance counter stats for 'CPU(s) 1-2':

     163737.043287      task-clock (msec)         #    2.000 CPUs utilized            (100.00%)
             2,879      context-switches          #    0.018 K/sec                    (100.00%)
                 1      cpu-migrations            #    0.000 K/sec                    (100.00%)
            45,613      page-faults               #    0.279 K/sec                  
   168,363,147,559      cycles                    #    1.028 GHz                      (100.00%)
   <not supported>      stalled-cycles-frontend  
   <not supported>      stalled-cycles-backend   
   471,617,099,442      instructions              #    2.80  insns per cycle          (100.00%)
    96,342,631,317      branches                  #  588.399 M/sec                    (100.00%)
        30,298,164      branch-misses             #    0.03% of all branches        

      81.871629896 seconds time elapsed