LC_NUMERIC=en_US.UTF8 perf stat -B -C 1-2 taskset -c 2 /tmp/eucycles/pyben-nio/src/run --server start --bind 10.10.1.3 --size 268435456 --port 8881 --filename /tmp/eucycles/data_file --bufsize 50mb --method "match; func=lambda v: int(chr(v)) < 0; sztype=BEFORE"

2018-06-30 10:42:50,702 | server           | INFO     | PID=14999 | [bufsize: 52428800 bytes] [zerocopy: False]
2018-06-30 10:42:50,716 | methods.match    | INFO     | PID=14999 | [method: methods.match]
2018-06-30 10:42:50,716 | methods.match    | INFO     | PID=14999 | [method parameters: {'mpws': '50MB', 'sztype': 'BEFORE', 'func': 'lambda v: int(chr(v)) < 0'}]
2018-06-30 10:42:50,736 | methods.match    | INFO     | PID=14999 | Start 1 process to handle data filtering
2018-06-30 10:42:50,737 | server           | INFO     | PID=14999 | Ready to send 268435456 bytes using data file size of 1073741824 bytes
2018-06-30 10:42:50,737 | server           | INFO     | PID=14999 | Listening socket bound to port 8881
2018-06-30 10:42:57,695 | server           | INFO     | PID=14999 | Accepted incoming connection ('10.10.1.1', 35615) from client. Sending data ...
2018-06-30 10:44:56,555 | server           | INFO     | PID=14999 | [SUMMARY] [Sent: 0 bytes] [Read: 0 bytes (0.000% of 268435456 raw bytes)] [Duration: 118.86047410964966 seconds] [Bitrate: 0.0 bit/s]
2018-06-30 10:44:56,555 | server           | INFO     | PID=14999 | Resources closed, now exiting

 Performance counter stats for 'CPU(s) 1-2':

     251950.288075      task-clock (msec)         #    2.000 CPUs utilized            (100.00%)
             4,760      context-switches          #    0.019 K/sec                    (100.00%)
                 1      cpu-migrations            #    0.000 K/sec                    (100.00%)
            16,039      page-faults               #    0.064 K/sec                  
   306,399,539,747      cycles                    #    1.216 GHz                      (100.00%)
   <not supported>      stalled-cycles-frontend  
   <not supported>      stalled-cycles-backend   
   759,516,318,062      instructions              #    2.48  insns per cycle          (100.00%)
   156,318,454,462      branches                  #  620.434 M/sec                    (100.00%)
        30,464,112      branch-misses             #    0.02% of all branches        

     125.988860607 seconds time elapsed