LC_NUMERIC=en_US.UTF8 perf stat -B -C 1-2 taskset -c 2 /tmp/eucycles/pyben-nio/src/run --server start --bind 10.10.1.4 --size 134217728 --port 8881 --filename /tmp/eucycles/data_file --bufsize 50mb --method "match; func=lambda v: int(chr(v)) < 0; sztype=BEFORE"

2018-06-30 10:24:59,118 | server           | INFO     | PID=11272 | [bufsize: 52428800 bytes] [zerocopy: False]
2018-06-30 10:24:59,133 | methods.match    | INFO     | PID=11272 | [method: methods.match]
2018-06-30 10:24:59,133 | methods.match    | INFO     | PID=11272 | [method parameters: {'mpws': '50MB', 'sztype': 'BEFORE', 'func': 'lambda v: int(chr(v)) < 0'}]
2018-06-30 10:24:59,154 | methods.match    | INFO     | PID=11272 | Start 1 process to handle data filtering
2018-06-30 10:24:59,154 | server           | INFO     | PID=11272 | Ready to send 134217728 bytes using data file size of 1073741824 bytes
2018-06-30 10:24:59,154 | server           | INFO     | PID=11272 | Listening socket bound to port 8881
2018-06-30 10:25:09,938 | server           | INFO     | PID=11272 | Accepted incoming connection ('10.10.1.1', 45227) from client. Sending data ...
2018-06-30 10:26:05,801 | server           | INFO     | PID=11272 | [SUMMARY] [Sent: 0 bytes] [Read: 0 bytes (0.000% of 134217728 raw bytes)] [Duration: 55.86266088485718 seconds] [Bitrate: 0.0 bit/s]
2018-06-30 10:26:05,801 | server           | INFO     | PID=11272 | Resources closed, now exiting

 Performance counter stats for 'CPU(s) 1-2':

     133636.981362      task-clock (msec)         #    2.000 CPUs utilized            (100.00%)
             2,608      context-switches          #    0.020 K/sec                    (100.00%)
                 1      cpu-migrations            #    0.000 K/sec                    (100.00%)
            16,034      page-faults               #    0.120 K/sec                  
   144,133,168,034      cycles                    #    1.079 GHz                      (100.00%)
   <not supported>      stalled-cycles-frontend  
   <not supported>      stalled-cycles-backend   
   364,895,061,377      instructions              #    2.53  insns per cycle          (100.00%)
    74,572,103,756      branches                  #  558.020 M/sec                    (100.00%)
        16,485,079      branch-misses             #    0.02% of all branches        

      66.820998107 seconds time elapsed