LC_NUMERIC=en_US.UTF8 perf stat -B -C 1-2 taskset -c 2 /tmp/eucycles/pyben-nio/src/run --server start --bind 10.10.1.5 --size 268435456 --port 8881 --filename /tmp/eucycles/data_file --bufsize 50mb --method "match; func=lambda v: int(chr(v)) < 2; sztype=BEFORE"

2018-06-30 12:50:17,250 | server           | INFO     | PID=12506 | [bufsize: 52428800 bytes] [zerocopy: False]
2018-06-30 12:50:17,263 | methods.match    | INFO     | PID=12506 | [method: methods.match]
2018-06-30 12:50:17,264 | methods.match    | INFO     | PID=12506 | [method parameters: {'mpws': '50MB', 'func': 'lambda v: int(chr(v)) < 2', 'sztype': 'BEFORE'}]
2018-06-30 12:50:17,284 | methods.match    | INFO     | PID=12506 | Start 1 process to handle data filtering
2018-06-30 12:50:17,284 | server           | INFO     | PID=12506 | Ready to send 268435456 bytes using data file size of 1073741824 bytes
2018-06-30 12:50:17,284 | server           | INFO     | PID=12506 | Listening socket bound to port 8881
2018-06-30 12:50:21,851 | server           | INFO     | PID=12506 | Accepted incoming connection ('10.10.1.1', 53669) from client. Sending data ...
2018-06-30 12:52:11,631 | server           | INFO     | PID=12506 | [SUMMARY] [Sent: 53683993 bytes] [Read: 53683993 bytes (19.999% of 268435456 raw bytes)] [Duration: 109.7789990901947 seconds] [Bitrate: 3912150.2979558483 bit/s]
2018-06-30 12:52:11,631 | server           | INFO     | PID=12506 | Resources closed, now exiting

 Performance counter stats for 'CPU(s) 1-2':

     228951.664672      task-clock (msec)         #    2.000 CPUs utilized            (100.00%)
             4,653      context-switches          #    0.020 K/sec                    (100.00%)
                 1      cpu-migrations            #    0.000 K/sec                    (100.00%)
            21,125      page-faults               #    0.092 K/sec                  
   305,347,971,708      cycles                    #    1.334 GHz                      (100.00%)
   <not supported>      stalled-cycles-frontend  
   <not supported>      stalled-cycles-backend   
   801,980,104,396      instructions              #    2.63  insns per cycle          (100.00%)
   164,851,870,735      branches                  #  720.029 M/sec                    (100.00%)
        84,126,984      branch-misses             #    0.05% of all branches        

     114.473225636 seconds time elapsed