LC_NUMERIC=en_US.UTF8 perf stat -B -C 1-2 taskset -c 2 /tmp/eucycles/pyben-nio/src/run --server start --bind 10.10.1.8 --size 153391689 --port 8881 --filename /tmp/eucycles/data_file --bufsize 50mb --method "match; func=lambda v: int(chr(v)) < 4; sztype=BEFORE"

2018-06-30 16:00:46,987 | server           | INFO     | PID=6864 | [bufsize: 52428800 bytes] [zerocopy: False]
2018-06-30 16:00:47,000 | methods.match    | INFO     | PID=6864 | [method: methods.match]
2018-06-30 16:00:47,001 | methods.match    | INFO     | PID=6864 | [method parameters: {'sztype': 'BEFORE', 'mpws': '50MB', 'func': 'lambda v: int(chr(v)) < 4'}]
2018-06-30 16:00:47,021 | methods.match    | INFO     | PID=6864 | Start 1 process to handle data filtering
2018-06-30 16:00:47,021 | server           | INFO     | PID=6864 | Ready to send 153391689 bytes using data file size of 1073741824 bytes
2018-06-30 16:00:47,021 | server           | INFO     | PID=6864 | Listening socket bound to port 8881
2018-06-30 16:00:51,705 | server           | INFO     | PID=6864 | Accepted incoming connection ('10.10.1.1', 42830) from client. Sending data ...
2018-06-30 16:02:00,180 | server           | INFO     | PID=6864 | [SUMMARY] [Sent: 61357554 bytes] [Read: 61357554 bytes (40.001% of 153391689 raw bytes)] [Duration: 68.47447490692139 seconds] [Bitrate: 7168516.920607798 bit/s]
2018-06-30 16:02:00,180 | server           | INFO     | PID=6864 | Resources closed, now exiting

 Performance counter stats for 'CPU(s) 1-2':

     146579.782235      task-clock (msec)         #    2.000 CPUs utilized            (100.00%)
             2,839      context-switches          #    0.019 K/sec                    (100.00%)
                 1      cpu-migrations            #    0.000 K/sec                    (100.00%)
            26,237      page-faults               #    0.179 K/sec                  
   183,704,105,495      cycles                    #    1.253 GHz                      (100.00%)
   <not supported>      stalled-cycles-frontend  
   <not supported>      stalled-cycles-backend   
   483,202,071,668      instructions              #    2.63  insns per cycle          (100.00%)
    99,175,832,829      branches                  #  676.600 M/sec                    (100.00%)
        82,304,467      branch-misses             #    0.08% of all branches        

      73.286844926 seconds time elapsed