LC_NUMERIC=en_US.UTF8 perf stat -B -C 1-2 taskset -c 2 /tmp/eucycles/pyben-nio/src/run --server start --bind 10.10.1.2 --size 178956971 --port 8881 --filename /tmp/eucycles/data_file --bufsize 50mb --method "match; func=lambda v: int(chr(v)) < 0; sztype=BEFORE"

2018-06-30 10:20:47,134 | server           | INFO     | PID=24639 | [bufsize: 52428800 bytes] [zerocopy: False]
2018-06-30 10:20:47,149 | methods.match    | INFO     | PID=24639 | [method: methods.match]
2018-06-30 10:20:47,149 | methods.match    | INFO     | PID=24639 | [method parameters: {'sztype': 'BEFORE', 'mpws': '50MB', 'func': 'lambda v: int(chr(v)) < 0'}]
2018-06-30 10:20:47,170 | methods.match    | INFO     | PID=24639 | Start 1 process to handle data filtering
2018-06-30 10:20:47,170 | server           | INFO     | PID=24639 | Ready to send 178956971 bytes using data file size of 1073741824 bytes
2018-06-30 10:20:47,170 | server           | INFO     | PID=24639 | Listening socket bound to port 8881
2018-06-30 10:20:57,958 | server           | INFO     | PID=24639 | Accepted incoming connection ('10.10.1.1', 56677) from client. Sending data ...
2018-06-30 10:22:16,275 | server           | INFO     | PID=24639 | [SUMMARY] [Sent: 0 bytes] [Read: 0 bytes (0.000% of 178956971 raw bytes)] [Duration: 78.31688594818115 seconds] [Bitrate: 0.0 bit/s]
2018-06-30 10:22:16,275 | server           | INFO     | PID=24639 | Resources closed, now exiting

 Performance counter stats for 'CPU(s) 1-2':

     178544.298083      task-clock (msec)         #    2.000 CPUs utilized            (100.00%)
             3,324      context-switches          #    0.019 K/sec                    (100.00%)
                 1      cpu-migrations            #    0.000 K/sec                    (100.00%)
            16,022      page-faults               #    0.090 K/sec                  
   202,005,993,376      cycles                    #    1.131 GHz                      (100.00%)
   <not supported>      stalled-cycles-frontend  
   <not supported>      stalled-cycles-backend   
   509,686,373,906      instructions              #    2.52  insns per cycle          (100.00%)
   105,312,497,324      branches                  #  589.840 M/sec                    (100.00%)
        21,211,661      branch-misses             #    0.02% of all branches        

      89.275780158 seconds time elapsed