LC_NUMERIC=en_US.UTF8 perf stat -B -C 1-2 taskset -c 2 /tmp/eucycles/pyben-nio/src/run --server start --bind 10.10.1.2 --size 134217728 --port 8881 --filename /tmp/eucycles/data_file --bufsize 50mb --method "match; func=lambda v: int(chr(v)) < 2; sztype=BEFORE"

2018-06-30 13:49:56,859 | server           | INFO     | PID=2167 | [bufsize: 52428800 bytes] [zerocopy: False]
2018-06-30 13:49:56,873 | methods.match    | INFO     | PID=2167 | [method: methods.match]
2018-06-30 13:49:56,874 | methods.match    | INFO     | PID=2167 | [method parameters: {'mpws': '50MB', 'sztype': 'BEFORE', 'func': 'lambda v: int(chr(v)) < 2'}]
2018-06-30 13:49:56,894 | methods.match    | INFO     | PID=2167 | Start 1 process to handle data filtering
2018-06-30 13:49:56,894 | server           | INFO     | PID=2167 | Ready to send 134217728 bytes using data file size of 1073741824 bytes
2018-06-30 13:49:56,894 | server           | INFO     | PID=2167 | Listening socket bound to port 8881
2018-06-30 13:50:10,205 | server           | INFO     | PID=2167 | Accepted incoming connection ('10.10.1.1', 46878) from client. Sending data ...
2018-06-30 13:51:04,380 | server           | INFO     | PID=2167 | [SUMMARY] [Sent: 26843292 bytes] [Read: 26843292 bytes (20.000% of 134217728 raw bytes)] [Duration: 54.174838066101074 seconds] [Bitrate: 3963949.7535364786 bit/s]
2018-06-30 13:51:04,380 | server           | INFO     | PID=2167 | Resources closed, now exiting

 Performance counter stats for 'CPU(s) 1-2':

     135304.398685      task-clock (msec)         #    2.000 CPUs utilized            (100.00%)
             2,702      context-switches          #    0.020 K/sec                    (100.00%)
                 1      cpu-migrations            #    0.000 K/sec                    (100.00%)
            21,160      page-faults               #    0.156 K/sec                  
   139,001,781,371      cycles                    #    1.027 GHz                      (100.00%)
   <not supported>      stalled-cycles-frontend  
   <not supported>      stalled-cycles-backend   
   390,928,397,030      instructions              #    2.81  insns per cycle          (100.00%)
    80,105,938,827      branches                  #  592.042 M/sec                    (100.00%)
        43,413,521      branch-misses             #    0.05% of all branches        

      67.654909261 seconds time elapsed