LC_NUMERIC=en_US.UTF8 perf stat -B -C 1-2 taskset -c 2 /tmp/eucycles/pyben-nio/src/run --server start --bind 10.10.1.4 --size 153391689 --port 8881 --filename /tmp/eucycles/data_file --bufsize 50mb --method "match; func=lambda v: int(chr(v)) < 3; sztype=BEFORE"

2018-06-30 14:14:33,405 | server           | INFO     | PID=20237 | [bufsize: 52428800 bytes] [zerocopy: False]
2018-06-30 14:14:33,419 | methods.match    | INFO     | PID=20237 | [method: methods.match]
2018-06-30 14:14:33,419 | methods.match    | INFO     | PID=20237 | [method parameters: {'sztype': 'BEFORE', 'mpws': '50MB', 'func': 'lambda v: int(chr(v)) < 3'}]
2018-06-30 14:14:33,440 | methods.match    | INFO     | PID=20237 | Start 1 process to handle data filtering
2018-06-30 14:14:33,440 | server           | INFO     | PID=20237 | Ready to send 153391689 bytes using data file size of 1073741824 bytes
2018-06-30 14:14:33,440 | server           | INFO     | PID=20237 | Listening socket bound to port 8881
2018-06-30 14:14:42,954 | server           | INFO     | PID=20237 | Accepted incoming connection ('10.10.1.1', 56027) from client. Sending data ...
2018-06-30 14:15:47,825 | server           | INFO     | PID=20237 | [SUMMARY] [Sent: 46008674 bytes] [Read: 46008674 bytes (29.994% of 153391689 raw bytes)] [Duration: 64.87071299552917 seconds] [Bitrate: 5673891.576085606 bit/s]
2018-06-30 14:15:47,825 | server           | INFO     | PID=20237 | Resources closed, now exiting

 Performance counter stats for 'CPU(s) 1-2':

     149112.703697      task-clock (msec)         #    2.000 CPUs utilized            (100.00%)
             3,054      context-switches          #    0.020 K/sec                    (100.00%)
                 1      cpu-migrations            #    0.000 K/sec                    (100.00%)
            23,713      page-faults               #    0.159 K/sec                  
   164,719,969,506      cycles                    #    1.105 GHz                      (100.00%)
   <not supported>      stalled-cycles-frontend  
   <not supported>      stalled-cycles-backend   
   458,988,375,147      instructions              #    2.79  insns per cycle          (100.00%)
    93,901,941,852      branches                  #  629.738 M/sec                    (100.00%)
        64,931,947      branch-misses             #    0.07% of all branches        

      74.559167236 seconds time elapsed