LC_NUMERIC=en_US.UTF8 perf stat -B -C 1-2 taskset -c 2 /tmp/eucycles/pyben-nio/src/run --server start --bind 10.10.1.6 --size 134217728 --port 8881 --filename /tmp/eucycles/data_file --bufsize 50mb --method "match; func=lambda v: int(chr(v)) < 4; sztype=BEFORE"

2018-06-30 15:35:54,435 | server           | INFO     | PID=14106 | [bufsize: 52428800 bytes] [zerocopy: False]
2018-06-30 15:35:54,449 | methods.match    | INFO     | PID=14106 | [method: methods.match]
2018-06-30 15:35:54,449 | methods.match    | INFO     | PID=14106 | [method parameters: {'func': 'lambda v: int(chr(v)) < 4', 'mpws': '50MB', 'sztype': 'BEFORE'}]
2018-06-30 15:35:54,470 | methods.match    | INFO     | PID=14106 | Start 1 process to handle data filtering
2018-06-30 15:35:54,470 | server           | INFO     | PID=14106 | Ready to send 134217728 bytes using data file size of 1073741824 bytes
2018-06-30 15:35:54,470 | server           | INFO     | PID=14106 | Listening socket bound to port 8881
2018-06-30 15:36:02,810 | server           | INFO     | PID=14106 | Accepted incoming connection ('10.10.1.1', 33682) from client. Sending data ...
2018-06-30 15:37:03,222 | server           | INFO     | PID=14106 | [SUMMARY] [Sent: 53692326 bytes] [Read: 53692326 bytes (40.004% of 134217728 raw bytes)] [Duration: 60.41164803504944 seconds] [Bitrate: 7110195.168832203 bit/s]
2018-06-30 15:37:03,222 | server           | INFO     | PID=14106 | Resources closed, now exiting

 Performance counter stats for 'CPU(s) 1-2':

     137849.191974      task-clock (msec)         #    2.000 CPUs utilized            (100.00%)
             2,756      context-switches          #    0.020 K/sec                    (100.00%)
                 1      cpu-migrations            #    0.000 K/sec                    (100.00%)
            26,283      page-faults               #    0.191 K/sec                  
   177,211,028,514      cycles                    #    1.286 GHz                      (100.00%)
   <not supported>      stalled-cycles-frontend  
   <not supported>      stalled-cycles-backend   
   430,784,880,372      instructions              #    2.43  insns per cycle          (100.00%)
    89,141,652,490      branches                  #  646.661 M/sec                    (100.00%)
        72,282,404      branch-misses             #    0.08% of all branches        

      68.923417074 seconds time elapsed