LC_NUMERIC=en_US.UTF8 perf stat -B -C 1-2 taskset -c 2 /tmp/eucycles/pyben-nio/src/run --server start --bind 10.10.1.4 --size 214748365 --port 8881 --filename /tmp/eucycles/data_file --bufsize 50mb --method "match; func=lambda v: int(chr(v)) < 1; sztype=BEFORE"

2018-06-30 12:02:29,992 | server           | INFO     | PID=14860 | [bufsize: 52428800 bytes] [zerocopy: False]
2018-06-30 12:02:30,006 | methods.match    | INFO     | PID=14860 | [method: methods.match]
2018-06-30 12:02:30,006 | methods.match    | INFO     | PID=14860 | [method parameters: {'mpws': '50MB', 'func': 'lambda v: int(chr(v)) < 1', 'sztype': 'BEFORE'}]
2018-06-30 12:02:30,027 | methods.match    | INFO     | PID=14860 | Start 1 process to handle data filtering
2018-06-30 12:02:30,027 | server           | INFO     | PID=14860 | Ready to send 214748365 bytes using data file size of 1073741824 bytes
2018-06-30 12:02:30,027 | server           | INFO     | PID=14860 | Listening socket bound to port 8881
2018-06-30 12:02:36,955 | server           | INFO     | PID=14860 | Accepted incoming connection ('10.10.1.1', 43301) from client. Sending data ...
2018-06-30 12:04:01,785 | server           | INFO     | PID=14860 | [SUMMARY] [Sent: 21463565 bytes] [Read: 21463565 bytes (9.995% of 214748365 raw bytes)] [Duration: 84.8297610282898 seconds] [Bitrate: 2024154.234534942 bit/s]
2018-06-30 12:04:01,785 | server           | INFO     | PID=14860 | Resources closed, now exiting

 Performance counter stats for 'CPU(s) 1-2':

     183857.202765      task-clock (msec)         #    2.000 CPUs utilized            (100.00%)
             3,968      context-switches          #    0.022 K/sec                    (100.00%)
                 1      cpu-migrations            #    0.000 K/sec                    (100.00%)
            18,592      page-faults               #    0.101 K/sec                  
   218,257,555,099      cycles                    #    1.187 GHz                      (100.00%)
   <not supported>      stalled-cycles-frontend  
   <not supported>      stalled-cycles-backend   
   616,452,309,777      instructions              #    2.82  insns per cycle          (100.00%)
   126,525,678,190      branches                  #  688.174 M/sec                    (100.00%)
        46,372,617      branch-misses             #    0.04% of all branches        

      91.932116877 seconds time elapsed