LC_NUMERIC=en_US.UTF8 perf stat -B -C 1-2 taskset -c 2 /tmp/eucycles/pyben-nio/src/run --server start --bind 10.10.1.4 --size 134217728 --port 8881 --filename /tmp/eucycles/data_file --bufsize 50mb --method "match; func=lambda v: int(chr(v)) < 9; sztype=BEFORE"

2018-06-30 23:44:26,140 | server           | INFO     | PID=8325 | [bufsize: 52428800 bytes] [zerocopy: False]
2018-06-30 23:44:26,154 | methods.match    | INFO     | PID=8325 | [method: methods.match]
2018-06-30 23:44:26,155 | methods.match    | INFO     | PID=8325 | [method parameters: {'mpws': '50MB', 'func': 'lambda v: int(chr(v)) < 9', 'sztype': 'BEFORE'}]
2018-06-30 23:44:26,175 | methods.match    | INFO     | PID=8325 | Start 1 process to handle data filtering
2018-06-30 23:44:26,175 | server           | INFO     | PID=8325 | Ready to send 134217728 bytes using data file size of 1073741824 bytes
2018-06-30 23:44:26,175 | server           | INFO     | PID=8325 | Listening socket bound to port 8881
2018-06-30 23:44:36,963 | server           | INFO     | PID=8325 | Accepted incoming connection ('10.10.1.1', 46328) from client. Sending data ...
2018-06-30 23:45:48,003 | server           | INFO     | PID=8325 | [SUMMARY] [Sent: 120790936 bytes] [Read: 120790936 bytes (89.996% of 134217728 raw bytes)] [Duration: 71.04056406021118 seconds] [Bitrate: 13602474.878732366 bit/s]
2018-06-30 23:45:48,004 | server           | INFO     | PID=8325 | Resources closed, now exiting

 Performance counter stats for 'CPU(s) 1-2':

     163995.750955      task-clock (msec)         #    2.000 CPUs utilized            (100.00%)
             2,905      context-switches          #    0.018 K/sec                    (100.00%)
                 1      cpu-migrations            #    0.000 K/sec                    (100.00%)
            45,612      page-faults               #    0.278 K/sec                  
   166,618,219,393      cycles                    #    1.016 GHz                      (100.00%)
   <not supported>      stalled-cycles-frontend  
   <not supported>      stalled-cycles-backend   
   467,054,576,556      instructions              #    2.80  insns per cycle          (100.00%)
    95,000,641,017      branches                  #  579.287 M/sec                    (100.00%)
        30,347,433      branch-misses             #    0.03% of all branches        

      82.000990682 seconds time elapsed