LC_NUMERIC=en_US.UTF8 perf stat -B -C 1-2 taskset -c 2 /tmp/eucycles/pyben-nio/src/run --server start --bind 10.10.1.3 --size 214748365 --port 8881 --filename /tmp/eucycles/data_file --bufsize 50mb --method "match; func=lambda v: int(chr(v)) < 5; sztype=BEFORE"

2018-06-30 17:46:06,936 | server           | INFO     | PID=522 | [bufsize: 52428800 bytes] [zerocopy: False]
2018-06-30 17:46:06,950 | methods.match    | INFO     | PID=522 | [method: methods.match]
2018-06-30 17:46:06,950 | methods.match    | INFO     | PID=522 | [method parameters: {'func': 'lambda v: int(chr(v)) < 5', 'sztype': 'BEFORE', 'mpws': '50MB'}]
2018-06-30 17:46:06,971 | methods.match    | INFO     | PID=522 | Start 1 process to handle data filtering
2018-06-30 17:46:06,971 | server           | INFO     | PID=522 | Ready to send 214748365 bytes using data file size of 1073741824 bytes
2018-06-30 17:46:06,971 | server           | INFO     | PID=522 | Listening socket bound to port 8881
2018-06-30 17:46:15,117 | server           | INFO     | PID=522 | Accepted incoming connection ('10.10.1.1', 53212) from client. Sending data ...
2018-06-30 17:47:52,028 | server           | INFO     | PID=522 | [SUMMARY] [Sent: 107352518 bytes] [Read: 107352518 bytes (49.990% of 214748365 raw bytes)] [Duration: 96.91052317619324 seconds] [Bitrate: 8861990.58525953 bit/s]
2018-06-30 17:47:52,028 | server           | INFO     | PID=522 | Resources closed, now exiting

 Performance counter stats for 'CPU(s) 1-2':

     210432.446587      task-clock (msec)         #    2.000 CPUs utilized            (100.00%)
             4,139      context-switches          #    0.020 K/sec                    (100.00%)
                 1      cpu-migrations            #    0.000 K/sec                    (100.00%)
            28,839      page-faults               #    0.137 K/sec                  
   244,415,026,749      cycles                    #    1.161 GHz                      (100.00%)
   <not supported>      stalled-cycles-frontend  
   <not supported>      stalled-cycles-backend   
   674,201,140,253      instructions              #    2.76  insns per cycle          (100.00%)
   137,406,174,174      branches                  #  652.970 M/sec                    (100.00%)
       132,562,061      branch-misses             #    0.10% of all branches        

     105.227651305 seconds time elapsed