LC_NUMERIC=en_US.UTF8 perf stat -B -C 1-2 taskset -c 2 /tmp/eucycles/pyben-nio/src/run --server start --bind 10.10.1.5 --size 214748365 --port 8881 --filename /tmp/eucycles/data_file --bufsize 50mb --method "match; func=lambda v: int(chr(v)) < 3; sztype=BEFORE"

2018-06-30 14:10:09,227 | server           | INFO     | PID=15391 | [bufsize: 52428800 bytes] [zerocopy: False]
2018-06-30 14:10:09,240 | methods.match    | INFO     | PID=15391 | [method: methods.match]
2018-06-30 14:10:09,241 | methods.match    | INFO     | PID=15391 | [method parameters: {'mpws': '50MB', 'func': 'lambda v: int(chr(v)) < 3', 'sztype': 'BEFORE'}]
2018-06-30 14:10:09,261 | methods.match    | INFO     | PID=15391 | Start 1 process to handle data filtering
2018-06-30 14:10:09,261 | server           | INFO     | PID=15391 | Ready to send 214748365 bytes using data file size of 1073741824 bytes
2018-06-30 14:10:09,261 | server           | INFO     | PID=15391 | Listening socket bound to port 8881
2018-06-30 14:10:14,970 | server           | INFO     | PID=15391 | Accepted incoming connection ('10.10.1.1', 59316) from client. Sending data ...
2018-06-30 14:11:46,871 | server           | INFO     | PID=15391 | [SUMMARY] [Sent: 64422614 bytes] [Read: 64422614 bytes (29.999% of 214748365 raw bytes)] [Duration: 91.90138292312622 seconds] [Bitrate: 5607977.764938602 bit/s]
2018-06-30 14:11:46,872 | server           | INFO     | PID=15391 | Resources closed, now exiting

 Performance counter stats for 'CPU(s) 1-2':

     195565.161056      task-clock (msec)         #    2.000 CPUs utilized            (100.00%)
             4,054      context-switches          #    0.021 K/sec                    (100.00%)
                 1      cpu-migrations            #    0.000 K/sec                    (100.00%)
            23,774      page-faults               #    0.122 K/sec                  
   257,917,420,338      cycles                    #    1.319 GHz                      (100.00%)
   <not supported>      stalled-cycles-frontend  
   <not supported>      stalled-cycles-backend   
   661,336,546,783      instructions              #    2.56  insns per cycle          (100.00%)
   136,316,760,545      branches                  #  697.040 M/sec                    (100.00%)
        89,802,963      branch-misses             #    0.07% of all branches        

      97.780327776 seconds time elapsed