LC_NUMERIC=en_US.UTF8 perf stat -B -C 1-2 taskset -c 2 /tmp/eucycles/pyben-nio/src/run --server start --bind 10.10.1.6 --size 153391689 --port 8881 --filename /tmp/eucycles/data_file --bufsize 50mb --method "match; func=lambda v: int(chr(v)) < 4; sztype=BEFORE"

2018-06-30 15:33:52,433 | server           | INFO     | PID=13955 | [bufsize: 52428800 bytes] [zerocopy: False]
2018-06-30 15:33:52,447 | methods.match    | INFO     | PID=13955 | [method: methods.match]
2018-06-30 15:33:52,448 | methods.match    | INFO     | PID=13955 | [method parameters: {'sztype': 'BEFORE', 'func': 'lambda v: int(chr(v)) < 4', 'mpws': '50MB'}]
2018-06-30 15:33:52,468 | methods.match    | INFO     | PID=13955 | Start 1 process to handle data filtering
2018-06-30 15:33:52,468 | server           | INFO     | PID=13955 | Ready to send 153391689 bytes using data file size of 1073741824 bytes
2018-06-30 15:33:52,468 | server           | INFO     | PID=13955 | Listening socket bound to port 8881
2018-06-30 15:33:59,557 | server           | INFO     | PID=13955 | Accepted incoming connection ('10.10.1.1', 34554) from client. Sending data ...
2018-06-30 15:35:07,721 | server           | INFO     | PID=13955 | [SUMMARY] [Sent: 61364412 bytes] [Read: 61364412 bytes (40.005% of 153391689 raw bytes)] [Duration: 68.16404008865356 seconds] [Bitrate: 7201968.888016611 bit/s]
2018-06-30 15:35:07,721 | server           | INFO     | PID=13955 | Resources closed, now exiting

 Performance counter stats for 'CPU(s) 1-2':

     150849.409082      task-clock (msec)         #    2.000 CPUs utilized            (100.00%)
             3,068      context-switches          #    0.020 K/sec                    (100.00%)
                 1      cpu-migrations            #    0.000 K/sec                    (100.00%)
            26,282      page-faults               #    0.174 K/sec                  
   205,072,200,771      cycles                    #    1.359 GHz                      (100.00%)
   <not supported>      stalled-cycles-frontend  
   <not supported>      stalled-cycles-backend   
   483,433,112,439      instructions              #    2.36  insns per cycle          (100.00%)
    99,041,493,925      branches                  #  656.559 M/sec                    (100.00%)
        82,349,078      branch-misses             #    0.08% of all branches        

      75.423430877 seconds time elapsed