LC_NUMERIC=en_US.UTF8 perf stat -B -C 1-2 taskset -c 2 /tmp/eucycles/pyben-nio/src/run --client start --addresses 10.10.1.2  10.10.1.3 --size 1GB --port 8881 --bind 10.10.1.1 --bufsize 50mb --method "raw"

2018-06-30 19:29:04,475 | client           | INFO     | PID=371 | [bufsize: 52428800 bytes]
2018-06-30 19:29:04,500 | client           | INFO     | PID=373 | Connecting to server 10.10.1.2 on port 8881
2018-06-30 19:29:04,501 | client           | INFO     | PID=372 | Connecting to server 10.10.1.3 on port 8881
2018-06-30 19:29:04,501 | client           | INFO     | PID=373 | Connection established. Receiving data ...
2018-06-30 19:29:04,501 | methods.raw      | INFO     | PID=373 | [method: methods.raw]
2018-06-30 19:29:04,501 | methods.raw      | INFO     | PID=373 | [method parameters: {}]
2018-06-30 19:29:04,507 | client           | INFO     | PID=372 | Connection established. Receiving data ...
2018-06-30 19:29:04,507 | methods.raw      | INFO     | PID=372 | [method: methods.raw]
2018-06-30 19:29:04,508 | methods.raw      | INFO     | PID=372 | [method parameters: {}]
2018-06-30 19:33:15,426 | client           | INFO     | PID=373 | [Received: 375815518 bytes (375815518 raw bytes)] [Duration: 250.88776302337646 seconds] [Bitrate: 11983542.39269879 bit/s]
2018-06-30 19:33:15,426 | client           | INFO     | PID=373 | Socket closed
2018-06-30 19:33:16,617 | client           | INFO     | PID=372 | [Received: 375807758 bytes (375807758 raw bytes)] [Duration: 252.07363200187683 seconds] [Bitrate: 11926920.083325554 bit/s]
2018-06-30 19:33:16,617 | client           | INFO     | PID=372 | Socket closed
2018-06-30 19:33:17,257 | client           | INFO     | PID=371 | [SUMMARY] [Received: 751623276 bytes (100.000% of 751623276 raw bytes)] [Duration: 252.07907700538635 seconds] [Bitrate: 23853571.186598387 bit/s]

 Performance counter stats for 'CPU(s) 1-2':

     505689.383053      task-clock (msec)         #    2.000 CPUs utilized            (100.00%)
             6,522      context-switches          #    0.013 K/sec                    (100.00%)
                 1      cpu-migrations            #    0.000 K/sec                    (100.00%)
         1,156,246      page-faults               #    0.002 M/sec                  
    27,903,719,319      cycles                    #    0.055 GHz                      (100.00%)
   <not supported>      stalled-cycles-frontend  
   <not supported>      stalled-cycles-backend   
    64,758,539,085      instructions              #    2.32  insns per cycle          (100.00%)
    16,592,327,483      branches                  #   32.811 M/sec                    (100.00%)
        22,712,942      branch-misses             #    0.14% of all branches        

     252.856872391 seconds time elapsed