LC_NUMERIC=en_US.UTF8 perf stat -B -C 1-2 taskset -c 2 /tmp/eucycles/pyben-nio/src/run --server start --bind 10.10.1.2 --size 153391690 --port 8881 --filename /tmp/eucycles/data_file --bufsize 50mb --method "match; func=lambda v: int(chr(v)) < 8; sztype=BEFORE"

2018-06-30 22:11:28,439 | server           | INFO     | PID=23868 | [bufsize: 52428800 bytes] [zerocopy: False]
2018-06-30 22:11:28,453 | methods.match    | INFO     | PID=23868 | [method: methods.match]
2018-06-30 22:11:28,453 | methods.match    | INFO     | PID=23868 | [method parameters: {'mpws': '50MB', 'sztype': 'BEFORE', 'func': 'lambda v: int(chr(v)) < 8'}]
2018-06-30 22:11:28,474 | methods.match    | INFO     | PID=23868 | Start 1 process to handle data filtering
2018-06-30 22:11:28,474 | server           | INFO     | PID=23868 | Ready to send 153391690 bytes using data file size of 1073741824 bytes
2018-06-30 22:11:28,474 | server           | INFO     | PID=23868 | Listening socket bound to port 8881
2018-06-30 22:11:40,434 | server           | INFO     | PID=23868 | Accepted incoming connection ('10.10.1.1', 56651) from client. Sending data ...
2018-06-30 22:12:53,895 | server           | INFO     | PID=23868 | [SUMMARY] [Sent: 122712258 bytes] [Read: 122712258 bytes (79.999% of 153391690 raw bytes)] [Duration: 73.46086502075195 seconds] [Bitrate: 13363551.650564967 bit/s]
2018-06-30 22:12:53,896 | server           | INFO     | PID=23868 | Resources closed, now exiting

 Performance counter stats for 'CPU(s) 1-2':

     171176.196185      task-clock (msec)         #    2.000 CPUs utilized            (100.00%)
             3,180      context-switches          #    0.019 K/sec                    (100.00%)
                 1      cpu-migrations            #    0.000 K/sec                    (100.00%)
            46,072      page-faults               #    0.269 K/sec                  
   185,848,070,808      cycles                    #    1.086 GHz                      (100.00%)
   <not supported>      stalled-cycles-frontend  
   <not supported>      stalled-cycles-backend   
   519,448,444,753      instructions              #    2.80  insns per cycle          (100.00%)
   105,732,707,702      branches                  #  617.683 M/sec                    (100.00%)
        49,504,974      branch-misses             #    0.05% of all branches        

      85.591570234 seconds time elapsed