LC_NUMERIC=en_US.UTF8 perf stat -B -C 1-2 taskset -c 2 /tmp/eucycles/pyben-nio/src/run --server start --bind 10.10.1.2 --size 268435456 --port 8881 --filename /tmp/eucycles/data_file --bufsize 50mb --method "match; func=lambda v: int(chr(v)) < 6; sztype=BEFORE"

2018-06-30 18:40:07,725 | server           | INFO     | PID=14918 | [bufsize: 52428800 bytes] [zerocopy: False]
2018-06-30 18:40:07,740 | methods.match    | INFO     | PID=14918 | [method: methods.match]
2018-06-30 18:40:07,740 | methods.match    | INFO     | PID=14918 | [method parameters: {'func': 'lambda v: int(chr(v)) < 6', 'sztype': 'BEFORE', 'mpws': '50MB'}]
2018-06-30 18:40:07,760 | methods.match    | INFO     | PID=14918 | Start 1 process to handle data filtering
2018-06-30 18:40:07,760 | server           | INFO     | PID=14918 | Ready to send 268435456 bytes using data file size of 1073741824 bytes
2018-06-30 18:40:07,760 | server           | INFO     | PID=14918 | Listening socket bound to port 8881
2018-06-30 18:40:16,014 | server           | INFO     | PID=14918 | Accepted incoming connection ('10.10.1.1', 50521) from client. Sending data ...
2018-06-30 18:42:20,742 | server           | INFO     | PID=14918 | [SUMMARY] [Sent: 161067739 bytes] [Read: 161067739 bytes (60.002% of 268435456 raw bytes)] [Duration: 124.7277979850769 seconds] [Bitrate: 10330831.88203297 bit/s]
2018-06-30 18:42:20,742 | server           | INFO     | PID=14918 | Resources closed, now exiting

 Performance counter stats for 'CPU(s) 1-2':

     266292.684206      task-clock (msec)         #    2.000 CPUs utilized            (100.00%)
             5,184      context-switches          #    0.019 K/sec                    (100.00%)
                 1      cpu-migrations            #    0.000 K/sec                    (100.00%)
            55,452      page-faults               #    0.208 K/sec                  
   316,923,589,859      cycles                    #    1.190 GHz                      (100.00%)
   <not supported>      stalled-cycles-frontend  
   <not supported>      stalled-cycles-backend   
   873,888,734,622      instructions              #    2.76  insns per cycle          (100.00%)
   179,115,097,853      branches                  #  672.625 M/sec                    (100.00%)
       142,319,706      branch-misses             #    0.08% of all branches        

     133.151843014 seconds time elapsed