LC_NUMERIC=en_US.UTF8 perf stat -B -C 1-2 taskset -c 2 /tmp/eucycles/pyben-nio/src/run --server start --bind 10.10.1.6 --size 153391689 --port 8881 --filename /tmp/eucycles/data_file --bufsize 50mb --method "match; func=lambda v: int(chr(v)) < 0; sztype=BEFORE"

2018-06-30 10:49:54,429 | server           | INFO     | PID=5055 | [bufsize: 52428800 bytes] [zerocopy: False]
2018-06-30 10:49:54,443 | methods.match    | INFO     | PID=5055 | [method: methods.match]
2018-06-30 10:49:54,444 | methods.match    | INFO     | PID=5055 | [method parameters: {'mpws': '50MB', 'sztype': 'BEFORE', 'func': 'lambda v: int(chr(v)) < 0'}]
2018-06-30 10:49:54,464 | methods.match    | INFO     | PID=5055 | Start 1 process to handle data filtering
2018-06-30 10:49:54,464 | server           | INFO     | PID=5055 | Ready to send 153391689 bytes using data file size of 1073741824 bytes
2018-06-30 10:49:54,464 | server           | INFO     | PID=5055 | Listening socket bound to port 8881
2018-06-30 10:50:01,555 | server           | INFO     | PID=5055 | Accepted incoming connection ('10.10.1.1', 56841) from client. Sending data ...
2018-06-30 10:51:06,095 | server           | INFO     | PID=5055 | [SUMMARY] [Sent: 0 bytes] [Read: 0 bytes (0.000% of 153391689 raw bytes)] [Duration: 64.54063701629639 seconds] [Bitrate: 0.0 bit/s]
2018-06-30 10:51:06,096 | server           | INFO     | PID=5055 | Resources closed, now exiting

 Performance counter stats for 'CPU(s) 1-2':

     143605.495812      task-clock (msec)         #    2.000 CPUs utilized            (100.00%)
             2,866      context-switches          #    0.020 K/sec                    (100.00%)
                 1      cpu-migrations            #    0.000 K/sec                    (100.00%)
            16,025      page-faults               #    0.112 K/sec                  
   184,848,085,532      cycles                    #    1.287 GHz                      (100.00%)
   <not supported>      stalled-cycles-frontend  
   <not supported>      stalled-cycles-backend   
   425,816,824,944      instructions              #    2.30  insns per cycle          (100.00%)
    87,463,473,734      branches                  #  609.054 M/sec                    (100.00%)
        18,466,249      branch-misses             #    0.02% of all branches        

      71.801526554 seconds time elapsed