LC_NUMERIC=en_US.UTF8 perf stat -B -C 1-2 taskset -c 2 /tmp/eucycles/pyben-nio/src/run --server start --bind 10.10.1.5 --size 134217728 --port 8881 --filename /tmp/eucycles/data_file --bufsize 50mb --method "match; func=lambda v: int(chr(v)) < 3; sztype=BEFORE"

2018-06-30 14:16:35,000 | server           | INFO     | PID=15850 | [bufsize: 52428800 bytes] [zerocopy: False]
2018-06-30 14:16:35,014 | methods.match    | INFO     | PID=15850 | [method: methods.match]
2018-06-30 14:16:35,014 | methods.match    | INFO     | PID=15850 | [method parameters: {'mpws': '50MB', 'func': 'lambda v: int(chr(v)) < 3', 'sztype': 'BEFORE'}]
2018-06-30 14:16:35,035 | methods.match    | INFO     | PID=15850 | Start 1 process to handle data filtering
2018-06-30 14:16:35,035 | server           | INFO     | PID=15850 | Ready to send 134217728 bytes using data file size of 1073741824 bytes
2018-06-30 14:16:35,035 | server           | INFO     | PID=15850 | Listening socket bound to port 8881
2018-06-30 14:16:44,603 | server           | INFO     | PID=15850 | Accepted incoming connection ('10.10.1.1', 38680) from client. Sending data ...
2018-06-30 14:17:42,617 | server           | INFO     | PID=15850 | [SUMMARY] [Sent: 40263329 bytes] [Read: 40263329 bytes (29.999% of 134217728 raw bytes)] [Duration: 58.01413702964783 seconds] [Bitrate: 5552209.314694952 bit/s]
2018-06-30 14:17:42,617 | server           | INFO     | PID=15850 | Resources closed, now exiting

 Performance counter stats for 'CPU(s) 1-2':

     135507.570394      task-clock (msec)         #    2.000 CPUs utilized            (100.00%)
             2,743      context-switches          #    0.020 K/sec                    (100.00%)
                 1      cpu-migrations            #    0.000 K/sec                    (100.00%)
            23,720      page-faults               #    0.175 K/sec                  
   159,291,831,014      cycles                    #    1.176 GHz                      (100.00%)
   <not supported>      stalled-cycles-frontend  
   <not supported>      stalled-cycles-backend   
   412,114,393,685      instructions              #    2.59  insns per cycle          (100.00%)
    84,585,994,519      branches                  #  624.216 M/sec                    (100.00%)
        57,126,432      branch-misses             #    0.07% of all branches        

      67.752170927 seconds time elapsed