LC_NUMERIC=en_US.UTF8 perf stat -B -C 1-2 taskset -c 2 /tmp/eucycles/pyben-nio/src/run --server start --bind 10.10.1.3 --size 134217728 --port 8881 --filename /tmp/eucycles/data_file --bufsize 50mb --method "match; func=lambda v: int(chr(v)) < 9; sztype=BEFORE"

2018-06-30 23:44:24,029 | server           | INFO     | PID=14383 | [bufsize: 52428800 bytes] [zerocopy: False]
2018-06-30 23:44:24,044 | methods.match    | INFO     | PID=14383 | [method: methods.match]
2018-06-30 23:44:24,044 | methods.match    | INFO     | PID=14383 | [method parameters: {'func': 'lambda v: int(chr(v)) < 9', 'sztype': 'BEFORE', 'mpws': '50MB'}]
2018-06-30 23:44:24,064 | methods.match    | INFO     | PID=14383 | Start 1 process to handle data filtering
2018-06-30 23:44:24,065 | server           | INFO     | PID=14383 | Ready to send 134217728 bytes using data file size of 1073741824 bytes
2018-06-30 23:44:24,065 | server           | INFO     | PID=14383 | Listening socket bound to port 8881
2018-06-30 23:44:36,067 | server           | INFO     | PID=14383 | Accepted incoming connection ('10.10.1.1', 45599) from client. Sending data ...
2018-06-30 23:45:48,906 | server           | INFO     | PID=14383 | [SUMMARY] [Sent: 120788090 bytes] [Read: 120788090 bytes (89.994% of 134217728 raw bytes)] [Duration: 72.83860421180725 seconds] [Bitrate: 13266381.618050838 bit/s]
2018-06-30 23:45:48,906 | server           | INFO     | PID=14383 | Resources closed, now exiting

 Performance counter stats for 'CPU(s) 1-2':

     170007.151973      task-clock (msec)         #    2.000 CPUs utilized            (100.00%)
             2,908      context-switches          #    0.017 K/sec                    (100.00%)
                 1      cpu-migrations            #    0.000 K/sec                    (100.00%)
            45,603      page-faults               #    0.268 K/sec                  
   170,470,160,223      cycles                    #    1.003 GHz                      (100.00%)
   <not supported>      stalled-cycles-frontend  
   <not supported>      stalled-cycles-backend   
   471,447,990,826      instructions              #    2.77  insns per cycle          (100.00%)
    96,267,120,723      branches                  #  566.253 M/sec                    (100.00%)
        30,353,848      branch-misses             #    0.03% of all branches        

      85.012774679 seconds time elapsed