LC_NUMERIC=en_US.UTF8 perf stat -B -C 1-2 taskset -c 2 /tmp/eucycles/pyben-nio/src/run --server start --bind 10.10.1.5 --size 153391689 --port 8881 --filename /tmp/eucycles/data_file --bufsize 50mb --method "match; func=lambda v: int(chr(v)) < 8; sztype=BEFORE"

2018-06-30 21:12:11,827 | server           | INFO     | PID=29455 | [bufsize: 52428800 bytes] [zerocopy: False]
2018-06-30 21:12:11,841 | methods.match    | INFO     | PID=29455 | [method: methods.match]
2018-06-30 21:12:11,841 | methods.match    | INFO     | PID=29455 | [method parameters: {'func': 'lambda v: int(chr(v)) < 8', 'mpws': '50MB', 'sztype': 'BEFORE'}]
2018-06-30 21:12:11,862 | methods.match    | INFO     | PID=29455 | Start 1 process to handle data filtering
2018-06-30 21:12:11,862 | server           | INFO     | PID=29455 | Ready to send 153391689 bytes using data file size of 1073741824 bytes
2018-06-30 21:12:11,862 | server           | INFO     | PID=29455 | Listening socket bound to port 8881
2018-06-30 21:12:20,096 | server           | INFO     | PID=29455 | Accepted incoming connection ('10.10.1.1', 47770) from client. Sending data ...
2018-06-30 21:13:38,452 | server           | INFO     | PID=29455 | [SUMMARY] [Sent: 122706571 bytes] [Read: 122706571 bytes (79.996% of 153391689 raw bytes)] [Duration: 78.35508608818054 seconds] [Bitrate: 12528255.879844885 bit/s]
2018-06-30 21:13:38,452 | server           | INFO     | PID=29455 | Resources closed, now exiting

 Performance counter stats for 'CPU(s) 1-2':

     173522.888416      task-clock (msec)         #    2.000 CPUs utilized            (100.00%)
             3,222      context-switches          #    0.019 K/sec                    (100.00%)
                 1      cpu-migrations            #    0.000 K/sec                    (100.00%)
            46,138      page-faults               #    0.266 K/sec                  
   205,238,109,787      cycles                    #    1.183 GHz                      (100.00%)
   <not supported>      stalled-cycles-frontend  
   <not supported>      stalled-cycles-backend   
   530,038,966,311      instructions              #    2.58  insns per cycle          (100.00%)
   108,456,998,015      branches                  #  625.030 M/sec                    (100.00%)
        64,870,930      branch-misses             #    0.06% of all branches        

      86.759426464 seconds time elapsed