LC_NUMERIC=en_US.UTF8 perf stat -B -C 1-2 taskset -c 2 /tmp/eucycles/pyben-nio/src/run --server start --bind 10.10.1.3 --size 214748365 --port 8881 --filename /tmp/eucycles/data_file --bufsize 50mb --method "match; func=lambda v: int(chr(v)) < 5; sztype=BEFORE"

2018-06-30 16:50:47,326 | server           | INFO     | PID=30763 | [bufsize: 52428800 bytes] [zerocopy: False]
2018-06-30 16:50:47,340 | methods.match    | INFO     | PID=30763 | [method: methods.match]
2018-06-30 16:50:47,341 | methods.match    | INFO     | PID=30763 | [method parameters: {'mpws': '50MB', 'sztype': 'BEFORE', 'func': 'lambda v: int(chr(v)) < 5'}]
2018-06-30 16:50:47,361 | methods.match    | INFO     | PID=30763 | Start 1 process to handle data filtering
2018-06-30 16:50:47,361 | server           | INFO     | PID=30763 | Ready to send 214748365 bytes using data file size of 1073741824 bytes
2018-06-30 16:50:47,361 | server           | INFO     | PID=30763 | Listening socket bound to port 8881
2018-06-30 16:50:55,506 | server           | INFO     | PID=30763 | Accepted incoming connection ('10.10.1.1', 34835) from client. Sending data ...
2018-06-30 16:52:31,333 | server           | INFO     | PID=30763 | [SUMMARY] [Sent: 107352518 bytes] [Read: 107352518 bytes (49.990% of 214748365 raw bytes)] [Duration: 95.82629203796387 seconds] [Bitrate: 8962259.999163466 bit/s]
2018-06-30 16:52:31,333 | server           | INFO     | PID=30763 | Resources closed, now exiting

 Performance counter stats for 'CPU(s) 1-2':

     208262.381903      task-clock (msec)         #    2.000 CPUs utilized            (100.00%)
             4,118      context-switches          #    0.020 K/sec                    (100.00%)
                 1      cpu-migrations            #    0.000 K/sec                    (100.00%)
            28,839      page-faults               #    0.138 K/sec                  
   243,720,826,647      cycles                    #    1.170 GHz                      (100.00%)
   <not supported>      stalled-cycles-frontend  
   <not supported>      stalled-cycles-backend   
   678,063,249,650      instructions              #    2.78  insns per cycle          (100.00%)
   138,693,823,972      branches                  #  665.957 M/sec                    (100.00%)
       132,577,104      branch-misses             #    0.10% of all branches        

     104.142498902 seconds time elapsed