LC_NUMERIC=en_US.UTF8 perf stat -B -C 1-2 taskset -c 2 /tmp/eucycles/pyben-nio/src/run --server start --bind 10.10.1.5 --size 214748365 --port 8881 --filename /tmp/eucycles/data_file --bufsize 50mb --method "match; func=lambda v: int(chr(v)) < 5; sztype=BEFORE"

2018-06-30 17:18:27,593 | server           | INFO     | PID=21851 | [bufsize: 52428800 bytes] [zerocopy: False]
2018-06-30 17:18:27,607 | methods.match    | INFO     | PID=21851 | [method: methods.match]
2018-06-30 17:18:27,607 | methods.match    | INFO     | PID=21851 | [method parameters: {'mpws': '50MB', 'func': 'lambda v: int(chr(v)) < 5', 'sztype': 'BEFORE'}]
2018-06-30 17:18:27,628 | methods.match    | INFO     | PID=21851 | Start 1 process to handle data filtering
2018-06-30 17:18:27,628 | server           | INFO     | PID=21851 | Ready to send 214748365 bytes using data file size of 1073741824 bytes
2018-06-30 17:18:27,628 | server           | INFO     | PID=21851 | Listening socket bound to port 8881
2018-06-30 17:18:33,338 | server           | INFO     | PID=21851 | Accepted incoming connection ('10.10.1.1', 52722) from client. Sending data ...
2018-06-30 17:20:09,531 | server           | INFO     | PID=21851 | [SUMMARY] [Sent: 107373804 bytes] [Read: 107373804 bytes (50.000% of 214748365 raw bytes)] [Duration: 96.19241786003113 seconds] [Bitrate: 8929918.294079171 bit/s]
2018-06-30 17:20:09,531 | server           | INFO     | PID=21851 | Resources closed, now exiting

 Performance counter stats for 'CPU(s) 1-2':

     204149.016801      task-clock (msec)         #    2.000 CPUs utilized            (100.00%)
             4,135      context-switches          #    0.020 K/sec                    (100.00%)
                 1      cpu-migrations            #    0.000 K/sec                    (100.00%)
            28,831      page-faults               #    0.141 K/sec                  
   258,771,021,915      cycles                    #    1.268 GHz                      (100.00%)
   <not supported>      stalled-cycles-frontend  
   <not supported>      stalled-cycles-backend   
   683,369,667,262      instructions              #    2.64  insns per cycle          (100.00%)
   139,589,824,533      branches                  #  683.764 M/sec                    (100.00%)
       132,537,755      branch-misses             #    0.09% of all branches        

     102.072163679 seconds time elapsed