LC_NUMERIC=en_US.UTF8 perf stat -B -C 1-2 taskset -c 2 /tmp/eucycles/pyben-nio/src/run --server start --bind 10.10.1.7 --size 134217728 --port 8881 --filename /tmp/eucycles/data_file --bufsize 50mb --method "match; func=lambda v: int(chr(v)) < 7; sztype=BEFORE"

2018-06-30 20:15:58,017 | server           | INFO     | PID=17037 | [bufsize: 52428800 bytes] [zerocopy: False]
2018-06-30 20:15:58,031 | methods.match    | INFO     | PID=17037 | [method: methods.match]
2018-06-30 20:15:58,031 | methods.match    | INFO     | PID=17037 | [method parameters: {'func': 'lambda v: int(chr(v)) < 7', 'sztype': 'BEFORE', 'mpws': '50MB'}]
2018-06-30 20:15:58,051 | methods.match    | INFO     | PID=17037 | Start 1 process to handle data filtering
2018-06-30 20:15:58,052 | server           | INFO     | PID=17037 | Ready to send 134217728 bytes using data file size of 1073741824 bytes
2018-06-30 20:15:58,052 | server           | INFO     | PID=17037 | Listening socket bound to port 8881
2018-06-30 20:16:05,183 | server           | INFO     | PID=17037 | Accepted incoming connection ('10.10.1.1', 55629) from client. Sending data ...
2018-06-30 20:17:08,617 | server           | INFO     | PID=17037 | [SUMMARY] [Sent: 93955253 bytes] [Read: 93955253 bytes (70.002% of 134217728 raw bytes)] [Duration: 63.43342900276184 seconds] [Bitrate: 11849304.63032787 bit/s]
2018-06-30 20:17:08,617 | server           | INFO     | PID=17037 | Resources closed, now exiting

 Performance counter stats for 'CPU(s) 1-2':

     141483.782509      task-clock (msec)         #    2.000 CPUs utilized            (100.00%)
             2,840      context-switches          #    0.020 K/sec                    (100.00%)
                 1      cpu-migrations            #    0.000 K/sec                    (100.00%)
            39,063      page-faults               #    0.276 K/sec                  
   166,394,193,665      cycles                    #    1.176 GHz                      (100.00%)
   <not supported>      stalled-cycles-frontend  
   <not supported>      stalled-cycles-backend   
   445,400,550,920      instructions              #    2.68  insns per cycle          (100.00%)
    90,782,610,488      branches                  #  641.647 M/sec                    (100.00%)
        57,265,269      branch-misses             #    0.06% of all branches        

      70.737762848 seconds time elapsed