LC_NUMERIC=en_US.UTF8 perf stat -B -C 1-2 taskset -c 2 /tmp/eucycles/pyben-nio/src/run --server start --bind 10.10.1.4 --size 134217728 --port 8881 --filename /tmp/eucycles/data_file --bufsize 50mb --method "match; func=lambda v: int(chr(v)) < 6; sztype=BEFORE"

2018-06-30 18:21:19,648 | server           | INFO     | PID=29595 | [bufsize: 52428800 bytes] [zerocopy: False]
2018-06-30 18:21:19,662 | methods.match    | INFO     | PID=29595 | [method: methods.match]
2018-06-30 18:21:19,663 | methods.match    | INFO     | PID=29595 | [method parameters: {'func': 'lambda v: int(chr(v)) < 6', 'sztype': 'BEFORE', 'mpws': '50MB'}]
2018-06-30 18:21:19,683 | methods.match    | INFO     | PID=29595 | Start 1 process to handle data filtering
2018-06-30 18:21:19,683 | server           | INFO     | PID=29595 | Ready to send 134217728 bytes using data file size of 1073741824 bytes
2018-06-30 18:21:19,683 | server           | INFO     | PID=29595 | Listening socket bound to port 8881
2018-06-30 18:21:30,406 | server           | INFO     | PID=29595 | Accepted incoming connection ('10.10.1.1', 41022) from client. Sending data ...
2018-06-30 18:22:34,614 | server           | INFO     | PID=29595 | [SUMMARY] [Sent: 80523945 bytes] [Read: 80523945 bytes (59.995% of 134217728 raw bytes)] [Duration: 64.2082130908966 seconds] [Bitrate: 10032852.948080765 bit/s]
2018-06-30 18:22:34,614 | server           | INFO     | PID=29595 | Resources closed, now exiting

 Performance counter stats for 'CPU(s) 1-2':

     150204.825256      task-clock (msec)         #    2.000 CPUs utilized            (100.00%)
             2,835      context-switches          #    0.019 K/sec                    (100.00%)
                 1      cpu-migrations            #    0.000 K/sec                    (100.00%)
            35,773      page-faults               #    0.238 K/sec                  
   157,377,686,978      cycles                    #    1.048 GHz                      (100.00%)
   <not supported>      stalled-cycles-frontend  
   <not supported>      stalled-cycles-backend   
   436,178,039,659      instructions              #    2.77  insns per cycle          (100.00%)
    89,058,812,149      branches                  #  592.916 M/sec                    (100.00%)
        72,684,354      branch-misses             #    0.08% of all branches        

      75.105253088 seconds time elapsed