LC_NUMERIC=en_US.UTF8 perf stat -B -C 1-2 taskset -c 2 /tmp/eucycles/pyben-nio/src/run --server start --bind 10.10.1.7 --size 178956970 --port 8881 --filename /tmp/eucycles/data_file --bufsize 50mb --method "match; func=lambda v: int(chr(v)) < 8; sztype=BEFORE"

2018-06-30 21:39:21,440 | server           | INFO     | PID=18868 | [bufsize: 52428800 bytes] [zerocopy: False]
2018-06-30 21:39:21,454 | methods.match    | INFO     | PID=18868 | [method: methods.match]
2018-06-30 21:39:21,454 | methods.match    | INFO     | PID=18868 | [method parameters: {'func': 'lambda v: int(chr(v)) < 8', 'sztype': 'BEFORE', 'mpws': '50MB'}]
2018-06-30 21:39:21,475 | methods.match    | INFO     | PID=18868 | Start 1 process to handle data filtering
2018-06-30 21:39:21,475 | server           | INFO     | PID=18868 | Ready to send 178956970 bytes using data file size of 1073741824 bytes
2018-06-30 21:39:21,475 | server           | INFO     | PID=18868 | Listening socket bound to port 8881
2018-06-30 21:39:26,119 | server           | INFO     | PID=18868 | Accepted incoming connection ('10.10.1.1', 43325) from client. Sending data ...
2018-06-30 21:40:57,142 | server           | INFO     | PID=18868 | [SUMMARY] [Sent: 143164339 bytes] [Read: 143164339 bytes (79.999% of 178956970 raw bytes)] [Duration: 91.02292704582214 seconds] [Bitrate: 12582705.799204122 bit/s]
2018-06-30 21:40:57,142 | server           | INFO     | PID=18868 | Resources closed, now exiting

 Performance counter stats for 'CPU(s) 1-2':

     191601.486670      task-clock (msec)         #    2.000 CPUs utilized            (100.00%)
             3,393      context-switches          #    0.018 K/sec                    (100.00%)
                 1      cpu-migrations            #    0.000 K/sec                    (100.00%)
            51,039      page-faults               #    0.266 K/sec                  
   240,130,228,386      cycles                    #    1.253 GHz                      (100.00%)
   <not supported>      stalled-cycles-frontend  
   <not supported>      stalled-cycles-backend   
   608,792,205,848      instructions              #    2.54  insns per cycle          (100.00%)
   124,048,605,926      branches                  #  647.430 M/sec                    (100.00%)
        75,098,155      branch-misses             #    0.06% of all branches        

      95.795212864 seconds time elapsed