LC_NUMERIC=en_US.UTF8 perf stat -B -C 1-2 taskset -c 2 /tmp/eucycles/pyben-nio/src/run --server start --bind 10.10.1.2 --size 357913942 --port 8881 --filename /tmp/eucycles/data_file --bufsize 50mb --method "match; func=lambda v: int(chr(v)) < 0; sztype=BEFORE"

2018-06-30 10:39:34,197 | server           | INFO     | PID=25402 | [bufsize: 52428800 bytes] [zerocopy: False]
2018-06-30 10:39:34,211 | methods.match    | INFO     | PID=25402 | [method: methods.match]
2018-06-30 10:39:34,212 | methods.match    | INFO     | PID=25402 | [method parameters: {'sztype': 'BEFORE', 'func': 'lambda v: int(chr(v)) < 0', 'mpws': '50MB'}]
2018-06-30 10:39:34,232 | methods.match    | INFO     | PID=25402 | Start 1 process to handle data filtering
2018-06-30 10:39:34,232 | server           | INFO     | PID=25402 | Ready to send 357913942 bytes using data file size of 1073741824 bytes
2018-06-30 10:39:34,232 | server           | INFO     | PID=25402 | Listening socket bound to port 8881
2018-06-30 10:39:41,141 | server           | INFO     | PID=25402 | Accepted incoming connection ('10.10.1.1', 49574) from client. Sending data ...
2018-06-30 10:42:16,906 | server           | INFO     | PID=25402 | [SUMMARY] [Sent: 0 bytes] [Read: 0 bytes (0.000% of 357913942 raw bytes)] [Duration: 155.76485395431519 seconds] [Bitrate: 0.0 bit/s]
2018-06-30 10:42:16,906 | server           | INFO     | PID=25402 | Resources closed, now exiting

 Performance counter stats for 'CPU(s) 1-2':

     325672.618611      task-clock (msec)         #    2.000 CPUs utilized            (100.00%)
             6,256      context-switches          #    0.019 K/sec                    (100.00%)
                 1      cpu-migrations            #    0.000 K/sec                    (100.00%)
            16,037      page-faults               #    0.049 K/sec                  
   403,336,670,208      cycles                    #    1.238 GHz                      (100.00%)
   <not supported>      stalled-cycles-frontend  
   <not supported>      stalled-cycles-backend   
   980,885,782,657      instructions              #    2.43  insns per cycle          (100.00%)
   200,298,543,710      branches                  #  615.030 M/sec                    (100.00%)
        39,755,390      branch-misses             #    0.02% of all branches        

     162.843073359 seconds time elapsed