LC_NUMERIC=en_US.UTF8 perf stat -B -C 1-2 taskset -c 2 /tmp/eucycles/pyben-nio/src/run --client start --addresses 10.10.1.2  10.10.1.3 --size 1GB --port 8881 --bind 10.10.1.1 --bufsize 50mb --method "raw"

2018-06-30 21:25:37,624 | client           | INFO     | PID=19219 | [bufsize: 52428800 bytes]
2018-06-30 21:25:37,650 | client           | INFO     | PID=19221 | Connecting to server 10.10.1.2 on port 8881
2018-06-30 21:25:37,650 | client           | INFO     | PID=19220 | Connecting to server 10.10.1.3 on port 8881
2018-06-30 21:25:37,651 | client           | INFO     | PID=19221 | Connection established. Receiving data ...
2018-06-30 21:25:37,651 | methods.raw      | INFO     | PID=19221 | [method: methods.raw]
2018-06-30 21:25:37,651 | methods.raw      | INFO     | PID=19221 | [method parameters: {}]
2018-06-30 21:25:37,655 | client           | INFO     | PID=19220 | Connection established. Receiving data ...
2018-06-30 21:25:37,655 | methods.raw      | INFO     | PID=19220 | [method: methods.raw]
2018-06-30 21:25:37,656 | methods.raw      | INFO     | PID=19220 | [method parameters: {}]
2018-06-30 21:29:56,843 | client           | INFO     | PID=19220 | [Received: 429498971 bytes (429498971 raw bytes)] [Duration: 259.1506190299988 seconds] [Bitrate: 13258667.028699076 bit/s]
2018-06-30 21:29:56,843 | client           | INFO     | PID=19220 | Socket closed
2018-06-30 21:29:57,828 | client           | INFO     | PID=19221 | [Received: 429499849 bytes (429499849 raw bytes)] [Duration: 260.13462495803833 seconds] [Bitrate: 13208540.741372867 bit/s]
2018-06-30 21:29:57,828 | client           | INFO     | PID=19221 | Socket closed
2018-06-30 21:29:58,436 | client           | INFO     | PID=19219 | [SUMMARY] [Received: 858998820 bytes (100.000% of 858998820 raw bytes)] [Duration: 260.13495993614197 seconds] [Bitrate: 26417020.463865906 bit/s]

 Performance counter stats for 'CPU(s) 1-2':

     521748.121475      task-clock (msec)         #    2.000 CPUs utilized            (100.00%)
             6,753      context-switches          #    0.013 K/sec                    (100.00%)
                 1      cpu-migrations            #    0.000 K/sec                    (100.00%)
         1,174,445      page-faults               #    0.002 M/sec                  
    31,201,548,261      cycles                    #    0.060 GHz                      (100.00%)
   <not supported>      stalled-cycles-frontend  
   <not supported>      stalled-cycles-backend   
    74,351,803,522      instructions              #    2.38  insns per cycle          (100.00%)
    18,884,283,291      branches                  #   36.194 M/sec                    (100.00%)
        24,745,546      branch-misses             #    0.13% of all branches        

     260.886634507 seconds time elapsed