LC_NUMERIC=en_US.UTF8 perf stat -B -C 1-2 taskset -c 2 /tmp/eucycles/pyben-nio/src/run --server start --bind 10.10.1.2 --size 357913942 --port 8881 --filename /tmp/eucycles/data_file --bufsize 50mb --method "match; func=lambda v: int(chr(v)) < 3; sztype=BEFORE"

2018-06-30 14:04:23,693 | server           | INFO     | PID=2624 | [bufsize: 52428800 bytes] [zerocopy: False]
2018-06-30 14:04:23,708 | methods.match    | INFO     | PID=2624 | [method: methods.match]
2018-06-30 14:04:23,708 | methods.match    | INFO     | PID=2624 | [method parameters: {'mpws': '50MB', 'func': 'lambda v: int(chr(v)) < 3', 'sztype': 'BEFORE'}]
2018-06-30 14:04:23,728 | methods.match    | INFO     | PID=2624 | Start 1 process to handle data filtering
2018-06-30 14:04:23,729 | server           | INFO     | PID=2624 | Ready to send 357913942 bytes using data file size of 1073741824 bytes
2018-06-30 14:04:23,729 | server           | INFO     | PID=2624 | Listening socket bound to port 8881
2018-06-30 14:04:30,576 | server           | INFO     | PID=2624 | Accepted incoming connection ('10.10.1.1', 54181) from client. Sending data ...
2018-06-30 14:06:59,106 | server           | INFO     | PID=2624 | [SUMMARY] [Sent: 107377912 bytes] [Read: 107377912 bytes (30.001% of 357913942 raw bytes)] [Duration: 148.52939701080322 seconds] [Bitrate: 5783523.755486056 bit/s]
2018-06-30 14:06:59,106 | server           | INFO     | PID=2624 | Resources closed, now exiting

 Performance counter stats for 'CPU(s) 1-2':

     311083.415739      task-clock (msec)         #    2.000 CPUs utilized            (100.00%)
             6,417      context-switches          #    0.021 K/sec                    (100.00%)
                 1      cpu-migrations            #    0.000 K/sec                    (100.00%)
            23,731      page-faults               #    0.076 K/sec                  
   380,661,750,588      cycles                    #    1.224 GHz                      (100.00%)
   <not supported>      stalled-cycles-frontend  
   <not supported>      stalled-cycles-backend   
 1,068,698,752,585      instructions              #    2.81  insns per cycle          (100.00%)
   217,925,870,126      branches                  #  700.538 M/sec                    (100.00%)
       148,055,118      branch-misses             #    0.07% of all branches        

     155.548161032 seconds time elapsed