LC_NUMERIC=en_US.UTF8 perf stat -B -C 1-2 taskset -c 2 /tmp/eucycles/pyben-nio/src/run --server start --bind 10.10.1.3 --size 357913941 --port 8881 --filename /tmp/eucycles/data_file --bufsize 50mb --method "match; func=lambda v: int(chr(v)) < 7; sztype=BEFORE"

2018-06-30 20:31:40,104 | server           | INFO     | PID=6935 | [bufsize: 52428800 bytes] [zerocopy: False]
2018-06-30 20:31:40,118 | methods.match    | INFO     | PID=6935 | [method: methods.match]
2018-06-30 20:31:40,119 | methods.match    | INFO     | PID=6935 | [method parameters: {'mpws': '50MB', 'sztype': 'BEFORE', 'func': 'lambda v: int(chr(v)) < 7'}]
2018-06-30 20:31:40,139 | methods.match    | INFO     | PID=6935 | Start 1 process to handle data filtering
2018-06-30 20:31:40,139 | server           | INFO     | PID=6935 | Ready to send 357913941 bytes using data file size of 1073741824 bytes
2018-06-30 20:31:40,139 | server           | INFO     | PID=6935 | Listening socket bound to port 8881
2018-06-30 20:31:45,761 | server           | INFO     | PID=6935 | Accepted incoming connection ('10.10.1.1', 52351) from client. Sending data ...
2018-06-30 20:34:38,406 | server           | INFO     | PID=6935 | [SUMMARY] [Sent: 250530654 bytes] [Read: 250530654 bytes (69.997% of 357913941 raw bytes)] [Duration: 172.6451268196106 seconds] [Bitrate: 11609046.075735163 bit/s]
2018-06-30 20:34:38,407 | server           | INFO     | PID=6935 | Resources closed, now exiting

 Performance counter stats for 'CPU(s) 1-2':

     356837.026831      task-clock (msec)         #    2.000 CPUs utilized            (100.00%)
             6,819      context-switches          #    0.019 K/sec                    (100.00%)
                 1      cpu-migrations            #    0.000 K/sec                    (100.00%)
            77,297      page-faults               #    0.217 K/sec                  
   433,672,905,206      cycles                    #    1.215 GHz                      (100.00%)
   <not supported>      stalled-cycles-frontend  
   <not supported>      stalled-cycles-backend   
 1,202,630,518,662      instructions              #    2.77  insns per cycle          (100.00%)
   246,099,422,897      branches                  #  689.669 M/sec                    (100.00%)
       148,949,302      branch-misses             #    0.06% of all branches        

     178.438011218 seconds time elapsed