LC_NUMERIC=en_US.UTF8 perf stat -B -C 1-2 taskset -c 2 /tmp/eucycles/pyben-nio/src/run --server start --bind 10.10.1.2 --size 153391690 --port 8881 --filename /tmp/eucycles/data_file --bufsize 50mb --method "match; func=lambda v: int(chr(v)) < 5; sztype=BEFORE"

2018-06-30 16:55:17,918 | server           | INFO     | PID=10522 | [bufsize: 52428800 bytes] [zerocopy: False]
2018-06-30 16:55:17,932 | methods.match    | INFO     | PID=10522 | [method: methods.match]
2018-06-30 16:55:17,932 | methods.match    | INFO     | PID=10522 | [method parameters: {'func': 'lambda v: int(chr(v)) < 5', 'mpws': '50MB', 'sztype': 'BEFORE'}]
2018-06-30 16:55:17,953 | methods.match    | INFO     | PID=10522 | Start 1 process to handle data filtering
2018-06-30 16:55:17,953 | server           | INFO     | PID=10522 | Ready to send 153391690 bytes using data file size of 1073741824 bytes
2018-06-30 16:55:17,953 | server           | INFO     | PID=10522 | Listening socket bound to port 8881
2018-06-30 16:55:30,006 | server           | INFO     | PID=10522 | Accepted incoming connection ('10.10.1.1', 38122) from client. Sending data ...
2018-06-30 16:56:39,497 | server           | INFO     | PID=10522 | [SUMMARY] [Sent: 76696603 bytes] [Read: 76696603 bytes (50.000% of 153391690 raw bytes)] [Duration: 69.49073004722595 seconds] [Bitrate: 8829563.649468288 bit/s]
2018-06-30 16:56:39,497 | server           | INFO     | PID=10522 | Resources closed, now exiting

 Performance counter stats for 'CPU(s) 1-2':

     163422.304369      task-clock (msec)         #    2.000 CPUs utilized            (100.00%)
             3,094      context-switches          #    0.019 K/sec                    (100.00%)
                 1      cpu-migrations            #    0.000 K/sec                    (100.00%)
            28,850      page-faults               #    0.177 K/sec                  
   174,265,984,144      cycles                    #    1.066 GHz                      (100.00%)
   <not supported>      stalled-cycles-frontend  
   <not supported>      stalled-cycles-backend   
   484,152,397,283      instructions              #    2.78  insns per cycle          (100.00%)
    98,941,424,125      branches                  #  605.434 M/sec                    (100.00%)
        95,450,953      branch-misses             #    0.10% of all branches        

      81.714460111 seconds time elapsed