LC_NUMERIC=en_US.UTF8 perf stat -B -C 1-2 taskset -c 2 /tmp/eucycles/pyben-nio/src/run --server start --bind 10.10.1.4 --size 178956971 --port 8881 --filename /tmp/eucycles/data_file --bufsize 50mb --method "match; func=lambda v: int(chr(v)) < 7; sztype=BEFORE"

2018-06-30 20:11:29,453 | server           | INFO     | PID=898 | [bufsize: 52428800 bytes] [zerocopy: False]
2018-06-30 20:11:29,467 | methods.match    | INFO     | PID=898 | [method: methods.match]
2018-06-30 20:11:29,467 | methods.match    | INFO     | PID=898 | [method parameters: {'mpws': '50MB', 'sztype': 'BEFORE', 'func': 'lambda v: int(chr(v)) < 7'}]
2018-06-30 20:11:29,488 | methods.match    | INFO     | PID=898 | Start 1 process to handle data filtering
2018-06-30 20:11:29,488 | server           | INFO     | PID=898 | Ready to send 178956971 bytes using data file size of 1073741824 bytes
2018-06-30 20:11:29,488 | server           | INFO     | PID=898 | Listening socket bound to port 8881
2018-06-30 20:11:37,676 | server           | INFO     | PID=898 | Accepted incoming connection ('10.10.1.1', 48046) from client. Sending data ...
2018-06-30 20:13:03,338 | server           | INFO     | PID=898 | [SUMMARY] [Sent: 125259083 bytes] [Read: 125259083 bytes (69.994% of 178956971 raw bytes)] [Duration: 85.6614260673523 seconds] [Bitrate: 11698061.89325063 bit/s]
2018-06-30 20:13:03,338 | server           | INFO     | PID=898 | Resources closed, now exiting

 Performance counter stats for 'CPU(s) 1-2':

     188039.292234      task-clock (msec)         #    2.000 CPUs utilized            (100.00%)
             3,604      context-switches          #    0.019 K/sec                    (100.00%)
                 1      cpu-migrations            #    0.000 K/sec                    (100.00%)
            46,704      page-faults               #    0.248 K/sec                  
   214,405,535,670      cycles                    #    1.140 GHz                      (100.00%)
   <not supported>      stalled-cycles-frontend  
   <not supported>      stalled-cycles-backend   
   598,442,874,489      instructions              #    2.79  insns per cycle          (100.00%)
   122,012,807,255      branches                  #  648.869 M/sec                    (100.00%)
        75,501,598      branch-misses             #    0.06% of all branches        

      94.023243485 seconds time elapsed