LC_NUMERIC=en_US.UTF8 perf stat -B -C 1-2 taskset -c 2 /tmp/eucycles/pyben-nio/src/run --server start --bind 10.10.1.6 --size 178956970 --port 8881 --filename /tmp/eucycles/data_file --bufsize 50mb --method "match; func=lambda v: int(chr(v)) < 4; sztype=BEFORE"

2018-06-30 15:58:36,230 | server           | INFO     | PID=14605 | [bufsize: 52428800 bytes] [zerocopy: False]
2018-06-30 15:58:36,244 | methods.match    | INFO     | PID=14605 | [method: methods.match]
2018-06-30 15:58:36,244 | methods.match    | INFO     | PID=14605 | [method parameters: {'func': 'lambda v: int(chr(v)) < 4', 'sztype': 'BEFORE', 'mpws': '50MB'}]
2018-06-30 15:58:36,265 | methods.match    | INFO     | PID=14605 | Start 1 process to handle data filtering
2018-06-30 15:58:36,265 | server           | INFO     | PID=14605 | Ready to send 178956970 bytes using data file size of 1073741824 bytes
2018-06-30 15:58:36,265 | server           | INFO     | PID=14605 | Listening socket bound to port 8881
2018-06-30 15:58:42,092 | server           | INFO     | PID=14605 | Accepted incoming connection ('10.10.1.1', 51392) from client. Sending data ...
2018-06-30 16:00:00,138 | server           | INFO     | PID=14605 | [SUMMARY] [Sent: 71587882 bytes] [Read: 71587882 bytes (40.003% of 178956970 raw bytes)] [Duration: 78.04549980163574 seconds] [Bitrate: 7338066.351751352 bit/s]
2018-06-30 16:00:00,138 | server           | INFO     | PID=14605 | Resources closed, now exiting

 Performance counter stats for 'CPU(s) 1-2':

     168088.968823      task-clock (msec)         #    2.000 CPUs utilized            (100.00%)
             3,494      context-switches          #    0.021 K/sec                    (100.00%)
                 1      cpu-migrations            #    0.000 K/sec                    (100.00%)
            26,282      page-faults               #    0.156 K/sec                  
   214,029,238,784      cycles                    #    1.273 GHz                      (100.00%)
   <not supported>      stalled-cycles-frontend  
   <not supported>      stalled-cycles-backend   
   555,925,712,542      instructions              #    2.60  insns per cycle          (100.00%)
   113,665,055,417      branches                  #  676.220 M/sec                    (100.00%)
        95,663,656      branch-misses             #    0.08% of all branches        

      84.043085298 seconds time elapsed