LC_NUMERIC=en_US.UTF8 perf stat -B -C 1-2 taskset -c 2 /tmp/eucycles/pyben-nio/src/run --server start --bind 10.10.1.3 --size 153391689 --port 8881 --filename /tmp/eucycles/data_file --bufsize 50mb --method "match; func=lambda v: int(chr(v)) < 7; sztype=BEFORE"

2018-06-30 19:44:43,588 | server           | INFO     | PID=5300 | [bufsize: 52428800 bytes] [zerocopy: False]
2018-06-30 19:44:43,602 | methods.match    | INFO     | PID=5300 | [method: methods.match]
2018-06-30 19:44:43,603 | methods.match    | INFO     | PID=5300 | [method parameters: {'mpws': '50MB', 'sztype': 'BEFORE', 'func': 'lambda v: int(chr(v)) < 7'}]
2018-06-30 19:44:43,623 | methods.match    | INFO     | PID=5300 | Start 1 process to handle data filtering
2018-06-30 19:44:43,623 | server           | INFO     | PID=5300 | Ready to send 153391689 bytes using data file size of 1073741824 bytes
2018-06-30 19:44:43,623 | server           | INFO     | PID=5300 | Listening socket bound to port 8881
2018-06-30 19:44:54,366 | server           | INFO     | PID=5300 | Accepted incoming connection ('10.10.1.1', 47231) from client. Sending data ...
2018-06-30 19:46:07,504 | server           | INFO     | PID=5300 | [SUMMARY] [Sent: 107357975 bytes] [Read: 107357975 bytes (69.989% of 153391689 raw bytes)] [Duration: 73.13810896873474 seconds] [Bitrate: 11743040.832066758 bit/s]
2018-06-30 19:46:07,504 | server           | INFO     | PID=5300 | Resources closed, now exiting

 Performance counter stats for 'CPU(s) 1-2':

     168085.300922      task-clock (msec)         #    2.000 CPUs utilized            (100.00%)
             3,212      context-switches          #    0.019 K/sec                    (100.00%)
                 1      cpu-migrations            #    0.000 K/sec                    (100.00%)
            42,332      page-faults               #    0.252 K/sec                  
   181,805,653,984      cycles                    #    1.082 GHz                      (100.00%)
   <not supported>      stalled-cycles-frontend  
   <not supported>      stalled-cycles-backend   
   506,860,462,194      instructions              #    2.79  insns per cycle          (100.00%)
   103,212,201,533      branches                  #  614.047 M/sec                    (100.00%)
        65,108,590      branch-misses             #    0.06% of all branches        

      84.051743367 seconds time elapsed