LC_NUMERIC=en_US.UTF8 perf stat -B -C 1-2 taskset -c 2 /tmp/eucycles/pyben-nio/src/run --server start --bind 10.10.1.3 --size 153391689 --port 8881 --filename /tmp/eucycles/data_file --bufsize 50mb --method "match; func=lambda v: int(chr(v)) < 1; sztype=BEFORE"

2018-06-30 12:31:28,143 | server           | INFO     | PID=19887 | [bufsize: 52428800 bytes] [zerocopy: False]
2018-06-30 12:31:28,158 | methods.match    | INFO     | PID=19887 | [method: methods.match]
2018-06-30 12:31:28,158 | methods.match    | INFO     | PID=19887 | [method parameters: {'mpws': '50MB', 'func': 'lambda v: int(chr(v)) < 1', 'sztype': 'BEFORE'}]
2018-06-30 12:31:28,179 | methods.match    | INFO     | PID=19887 | Start 1 process to handle data filtering
2018-06-30 12:31:28,179 | server           | INFO     | PID=19887 | Ready to send 153391689 bytes using data file size of 1073741824 bytes
2018-06-30 12:31:28,179 | server           | INFO     | PID=19887 | Listening socket bound to port 8881
2018-06-30 12:31:38,918 | server           | INFO     | PID=19887 | Accepted incoming connection ('10.10.1.1', 46100) from client. Sending data ...
2018-06-30 12:32:40,053 | server           | INFO     | PID=19887 | [SUMMARY] [Sent: 15335221 bytes] [Read: 15335221 bytes (9.997% of 153391689 raw bytes)] [Duration: 61.133909940719604 seconds] [Bitrate: 2006771.170353118 bit/s]
2018-06-30 12:32:40,053 | server           | INFO     | PID=19887 | Resources closed, now exiting

 Performance counter stats for 'CPU(s) 1-2':

     144074.063189      task-clock (msec)         #    2.000 CPUs utilized            (100.00%)
             3,024      context-switches          #    0.021 K/sec                    (100.00%)
                 1      cpu-migrations            #    0.000 K/sec                    (100.00%)
            18,610      page-faults               #    0.129 K/sec                  
   157,420,604,033      cycles                    #    1.093 GHz                      (100.00%)
   <not supported>      stalled-cycles-frontend  
   <not supported>      stalled-cycles-backend   
   442,118,554,041      instructions              #    2.81  insns per cycle          (100.00%)
    90,706,102,731      branches                  #  629.580 M/sec                    (100.00%)
        38,712,780      branch-misses             #    0.04% of all branches        

      72.044801564 seconds time elapsed