LC_NUMERIC=en_US.UTF8 perf stat -B -C 1-2 taskset -c 2 /tmp/eucycles/pyben-nio/src/run --server start --bind 10.10.1.4 --size 134217728 --port 8881 --filename /tmp/eucycles/data_file --bufsize 50mb --method "match; func=lambda v: int(chr(v)) < 1; sztype=BEFORE"

2018-06-30 12:33:26,025 | server           | INFO     | PID=16327 | [bufsize: 52428800 bytes] [zerocopy: False]
2018-06-30 12:33:26,039 | methods.match    | INFO     | PID=16327 | [method: methods.match]
2018-06-30 12:33:26,039 | methods.match    | INFO     | PID=16327 | [method parameters: {'func': 'lambda v: int(chr(v)) < 1', 'mpws': '50MB', 'sztype': 'BEFORE'}]
2018-06-30 12:33:26,060 | methods.match    | INFO     | PID=16327 | Start 1 process to handle data filtering
2018-06-30 12:33:26,060 | server           | INFO     | PID=16327 | Ready to send 134217728 bytes using data file size of 1073741824 bytes
2018-06-30 12:33:26,060 | server           | INFO     | PID=16327 | Listening socket bound to port 8881
2018-06-30 12:33:36,851 | server           | INFO     | PID=16327 | Accepted incoming connection ('10.10.1.1', 34169) from client. Sending data ...
2018-06-30 12:34:30,832 | server           | INFO     | PID=16327 | [SUMMARY] [Sent: 13412007 bytes] [Read: 13412007 bytes (9.993% of 134217728 raw bytes)] [Duration: 53.98004412651062 seconds] [Bitrate: 1987698.5603890028 bit/s]
2018-06-30 12:34:30,832 | server           | INFO     | PID=16327 | Resources closed, now exiting

 Performance counter stats for 'CPU(s) 1-2':

     129884.801855      task-clock (msec)         #    2.000 CPUs utilized            (100.00%)
             2,714      context-switches          #    0.021 K/sec                    (100.00%)
                 1      cpu-migrations            #    0.000 K/sec                    (100.00%)
            18,594      page-faults               #    0.143 K/sec                  
   139,080,302,811      cycles                    #    1.071 GHz                      (100.00%)
   <not supported>      stalled-cycles-frontend  
   <not supported>      stalled-cycles-backend   
   385,552,491,949      instructions              #    2.77  insns per cycle          (100.00%)
    79,242,615,189      branches                  #  610.099 M/sec                    (100.00%)
        29,948,950      branch-misses             #    0.04% of all branches        

      64.944834941 seconds time elapsed