LC_NUMERIC=en_US.UTF8 perf stat -B -C 1-2 taskset -c 2 /tmp/eucycles/pyben-nio/src/run --server start --bind 10.10.1.4 --size 178956971 --port 8881 --filename /tmp/eucycles/data_file --bufsize 50mb --method "match; func=lambda v: int(chr(v)) < 5; sztype=BEFORE"

2018-06-30 17:48:31,754 | server           | INFO     | PID=28274 | [bufsize: 52428800 bytes] [zerocopy: False]
2018-06-30 17:48:31,769 | methods.match    | INFO     | PID=28274 | [method: methods.match]
2018-06-30 17:48:31,769 | methods.match    | INFO     | PID=28274 | [method parameters: {'mpws': '50MB', 'func': 'lambda v: int(chr(v)) < 5', 'sztype': 'BEFORE'}]
2018-06-30 17:48:31,789 | methods.match    | INFO     | PID=28274 | Start 1 process to handle data filtering
2018-06-30 17:48:31,790 | server           | INFO     | PID=28274 | Ready to send 178956971 bytes using data file size of 1073741824 bytes
2018-06-30 17:48:31,790 | server           | INFO     | PID=28274 | Listening socket bound to port 8881
2018-06-30 17:48:40,061 | server           | INFO     | PID=28274 | Accepted incoming connection ('10.10.1.1', 44880) from client. Sending data ...
2018-06-30 17:50:02,430 | server           | INFO     | PID=28274 | [SUMMARY] [Sent: 89464236 bytes] [Read: 89464236 bytes (49.992% of 178956971 raw bytes)] [Duration: 82.36886191368103 seconds] [Bitrate: 8689131.68607376 bit/s]
2018-06-30 17:50:02,430 | server           | INFO     | PID=28274 | Resources closed, now exiting

 Performance counter stats for 'CPU(s) 1-2':

     181623.721294      task-clock (msec)         #    2.000 CPUs utilized            (100.00%)
             3,517      context-switches          #    0.019 K/sec                    (100.00%)
                 1      cpu-migrations            #    0.000 K/sec                    (100.00%)
            28,843      page-faults               #    0.159 K/sec                  
   208,174,497,471      cycles                    #    1.146 GHz                      (100.00%)
   <not supported>      stalled-cycles-frontend  
   <not supported>      stalled-cycles-backend   
   575,505,560,261      instructions              #    2.76  insns per cycle          (100.00%)
   118,278,420,781      branches                  #  651.228 M/sec                    (100.00%)
       110,912,449      branch-misses             #    0.09% of all branches        

      90.815328832 seconds time elapsed