LC_NUMERIC=en_US.UTF8 perf stat -B -C 1-2 taskset -c 2 /tmp/eucycles/pyben-nio/src/run --server start --bind 10.10.1.4 --size 134217728 --port 8881 --filename /tmp/eucycles/data_file --bufsize 50mb --method "match; func=lambda v: int(chr(v)) < 0; sztype=BEFORE"

2018-06-30 10:51:55,041 | server           | INFO     | PID=12277 | [bufsize: 52428800 bytes] [zerocopy: False]
2018-06-30 10:51:55,055 | methods.match    | INFO     | PID=12277 | [method: methods.match]
2018-06-30 10:51:55,055 | methods.match    | INFO     | PID=12277 | [method parameters: {'mpws': '50MB', 'sztype': 'BEFORE', 'func': 'lambda v: int(chr(v)) < 0'}]
2018-06-30 10:51:55,076 | methods.match    | INFO     | PID=12277 | Start 1 process to handle data filtering
2018-06-30 10:51:55,076 | server           | INFO     | PID=12277 | Ready to send 134217728 bytes using data file size of 1073741824 bytes
2018-06-30 10:51:55,076 | server           | INFO     | PID=12277 | Listening socket bound to port 8881
2018-06-30 10:52:05,865 | server           | INFO     | PID=12277 | Accepted incoming connection ('10.10.1.1', 50185) from client. Sending data ...
2018-06-30 10:53:02,308 | server           | INFO     | PID=12277 | [SUMMARY] [Sent: 0 bytes] [Read: 0 bytes (0.000% of 134217728 raw bytes)] [Duration: 56.44299292564392 seconds] [Bitrate: 0.0 bit/s]
2018-06-30 10:53:02,308 | server           | INFO     | PID=12277 | Resources closed, now exiting

 Performance counter stats for 'CPU(s) 1-2':

     134805.153385      task-clock (msec)         #    2.000 CPUs utilized            (100.00%)
             2,606      context-switches          #    0.019 K/sec                    (100.00%)
                 1      cpu-migrations            #    0.000 K/sec                    (100.00%)
            16,038      page-faults               #    0.119 K/sec                  
   145,631,626,312      cycles                    #    1.080 GHz                      (100.00%)
   <not supported>      stalled-cycles-frontend  
   <not supported>      stalled-cycles-backend   
   371,875,334,744      instructions              #    2.55  insns per cycle          (100.00%)
    76,182,918,570      branches                  #  565.134 M/sec                    (100.00%)
        16,473,865      branch-misses             #    0.02% of all branches        

      67.405108668 seconds time elapsed