LC_NUMERIC=en_US.UTF8 perf stat -B -C 1-2 taskset -c 2 /tmp/eucycles/pyben-nio/src/run --server start --bind 10.10.1.6 --size 134217728 --port 8881 --filename /tmp/eucycles/data_file --bufsize 50mb --method "match; func=lambda v: int(chr(v)) < 7; sztype=BEFORE"

2018-06-30 20:15:58,077 | server           | INFO     | PID=22254 | [bufsize: 52428800 bytes] [zerocopy: False]
2018-06-30 20:15:58,091 | methods.match    | INFO     | PID=22254 | [method: methods.match]
2018-06-30 20:15:58,092 | methods.match    | INFO     | PID=22254 | [method parameters: {'sztype': 'BEFORE', 'func': 'lambda v: int(chr(v)) < 7', 'mpws': '50MB'}]
2018-06-30 20:15:58,112 | methods.match    | INFO     | PID=22254 | Start 1 process to handle data filtering
2018-06-30 20:15:58,112 | server           | INFO     | PID=22254 | Ready to send 134217728 bytes using data file size of 1073741824 bytes
2018-06-30 20:15:58,112 | server           | INFO     | PID=22254 | Listening socket bound to port 8881
2018-06-30 20:16:06,468 | server           | INFO     | PID=22254 | Accepted incoming connection ('10.10.1.1', 48740) from client. Sending data ...
2018-06-30 20:17:12,367 | server           | INFO     | PID=22254 | [SUMMARY] [Sent: 93949274 bytes] [Read: 93949274 bytes (69.998% of 134217728 raw bytes)] [Duration: 65.89836001396179 seconds] [Bitrate: 11405355.032215685 bit/s]
2018-06-30 20:17:12,367 | server           | INFO     | PID=22254 | Resources closed, now exiting

 Performance counter stats for 'CPU(s) 1-2':

     148852.367605      task-clock (msec)         #    2.000 CPUs utilized            (100.00%)
             2,854      context-switches          #    0.019 K/sec                    (100.00%)
                 1      cpu-migrations            #    0.000 K/sec                    (100.00%)
            39,056      page-faults               #    0.262 K/sec                  
   186,720,453,414      cycles                    #    1.254 GHz                      (100.00%)
   <not supported>      stalled-cycles-frontend  
   <not supported>      stalled-cycles-backend   
   450,409,858,480      instructions              #    2.41  insns per cycle          (100.00%)
    92,035,275,770      branches                  #  618.299 M/sec                    (100.00%)
        57,386,167      branch-misses             #    0.06% of all branches        

      74.424913230 seconds time elapsed