LC_NUMERIC=en_US.UTF8 perf stat -B -C 1-2 taskset -c 2 /tmp/eucycles/pyben-nio/src/run --server start --bind 10.10.1.7 --size 178956970 --port 8881 --filename /tmp/eucycles/data_file --bufsize 50mb --method "match; func=lambda v: int(chr(v)) < 1; sztype=BEFORE"

2018-06-30 12:04:40,492 | server           | INFO     | PID=3892 | [bufsize: 52428800 bytes] [zerocopy: False]
2018-06-30 12:04:40,506 | methods.match    | INFO     | PID=3892 | [method: methods.match]
2018-06-30 12:04:40,506 | methods.match    | INFO     | PID=3892 | [method parameters: {'sztype': 'BEFORE', 'mpws': '50MB', 'func': 'lambda v: int(chr(v)) < 1'}]
2018-06-30 12:04:40,527 | methods.match    | INFO     | PID=3892 | Start 1 process to handle data filtering
2018-06-30 12:04:40,527 | server           | INFO     | PID=3892 | Ready to send 178956970 bytes using data file size of 1073741824 bytes
2018-06-30 12:04:40,527 | server           | INFO     | PID=3892 | Listening socket bound to port 8881
2018-06-30 12:04:45,176 | server           | INFO     | PID=3892 | Accepted incoming connection ('10.10.1.1', 42735) from client. Sending data ...
2018-06-30 12:05:55,491 | server           | INFO     | PID=3892 | [SUMMARY] [Sent: 17897093 bytes] [Read: 17897093 bytes (10.001% of 178956970 raw bytes)] [Duration: 70.31451511383057 seconds] [Bitrate: 2036233.11300966 bit/s]
2018-06-30 12:05:55,491 | server           | INFO     | PID=3892 | Resources closed, now exiting

 Performance counter stats for 'CPU(s) 1-2':

     150193.250206      task-clock (msec)         #    2.000 CPUs utilized            (100.00%)
             3,161      context-switches          #    0.021 K/sec                    (100.00%)
                 1      cpu-migrations            #    0.000 K/sec                    (100.00%)
            18,569      page-faults               #    0.124 K/sec                  
   197,490,825,510      cycles                    #    1.315 GHz                      (100.00%)
   <not supported>      stalled-cycles-frontend  
   <not supported>      stalled-cycles-backend   
   516,908,821,801      instructions              #    2.62  insns per cycle          (100.00%)
   106,146,038,514      branches                  #  706.730 M/sec                    (100.00%)
        39,006,136      branch-misses             #    0.04% of all branches        

      75.092255263 seconds time elapsed