LC_NUMERIC=en_US.UTF8 perf stat -B -C 1-2 taskset -c 2 /tmp/eucycles/pyben-nio/src/run --server start --bind 10.10.1.5 --size 214748365 --port 8881 --filename /tmp/eucycles/data_file --bufsize 50mb --method "match; func=lambda v: int(chr(v)) < 8; sztype=BEFORE"

2018-06-30 21:07:19,894 | server           | INFO     | PID=29161 | [bufsize: 52428800 bytes] [zerocopy: False]
2018-06-30 21:07:19,908 | methods.match    | INFO     | PID=29161 | [method: methods.match]
2018-06-30 21:07:19,908 | methods.match    | INFO     | PID=29161 | [method parameters: {'sztype': 'BEFORE', 'func': 'lambda v: int(chr(v)) < 8', 'mpws': '50MB'}]
2018-06-30 21:07:19,928 | methods.match    | INFO     | PID=29161 | Start 1 process to handle data filtering
2018-06-30 21:07:19,928 | server           | INFO     | PID=29161 | Ready to send 214748365 bytes using data file size of 1073741824 bytes
2018-06-30 21:07:19,929 | server           | INFO     | PID=29161 | Listening socket bound to port 8881
2018-06-30 21:07:25,787 | server           | INFO     | PID=29161 | Accepted incoming connection ('10.10.1.1', 38252) from client. Sending data ...
2018-06-30 21:09:09,588 | server           | INFO     | PID=29161 | [SUMMARY] [Sent: 171789733 bytes] [Read: 171789733 bytes (79.996% of 214748365 raw bytes)] [Duration: 103.80106115341187 seconds] [Bitrate: 13239921.140775613 bit/s]
2018-06-30 21:09:09,588 | server           | INFO     | PID=29161 | Resources closed, now exiting

 Performance counter stats for 'CPU(s) 1-2':

     219662.536204      task-clock (msec)         #    2.000 CPUs utilized            (100.00%)
             4,248      context-switches          #    0.019 K/sec                    (100.00%)
                 1      cpu-migrations            #    0.000 K/sec                    (100.00%)
            58,055      page-faults               #    0.264 K/sec                  
   281,860,218,673      cycles                    #    1.283 GHz                      (100.00%)
   <not supported>      stalled-cycles-frontend  
   <not supported>      stalled-cycles-backend   
   735,847,682,969      instructions              #    2.61  insns per cycle          (100.00%)
   150,399,703,383      branches                  #  684.685 M/sec                    (100.00%)
        68,290,604      branch-misses             #    0.05% of all branches        

     109.828755209 seconds time elapsed