LC_NUMERIC=en_US.UTF8 perf stat -B -C 1-2 taskset -c 2 /tmp/eucycles/pyben-nio/src/run --server start --bind 10.10.1.3 --size 178956971 --port 8881 --filename /tmp/eucycles/data_file --bufsize 50mb --method "match; func=lambda v: int(chr(v)) < 9; sztype=BEFORE"

2018-06-30 23:09:34,728 | server           | INFO     | PID=12971 | [bufsize: 52428800 bytes] [zerocopy: False]
2018-06-30 23:09:34,743 | methods.match    | INFO     | PID=12971 | [method: methods.match]
2018-06-30 23:09:34,743 | methods.match    | INFO     | PID=12971 | [method parameters: {'func': 'lambda v: int(chr(v)) < 9', 'sztype': 'BEFORE', 'mpws': '50MB'}]
2018-06-30 23:09:34,764 | methods.match    | INFO     | PID=12971 | Start 1 process to handle data filtering
2018-06-30 23:09:34,764 | server           | INFO     | PID=12971 | Ready to send 178956971 bytes using data file size of 1073741824 bytes
2018-06-30 23:09:34,764 | server           | INFO     | PID=12971 | Listening socket bound to port 8881
2018-06-30 23:09:44,173 | server           | INFO     | PID=12971 | Accepted incoming connection ('10.10.1.1', 56017) from client. Sending data ...
2018-06-30 23:11:16,944 | server           | INFO     | PID=12971 | [SUMMARY] [Sent: 161052645 bytes] [Read: 161052645 bytes (89.995% of 178956971 raw bytes)] [Duration: 92.77078199386597 seconds] [Bitrate: 13888221.402350482 bit/s]
2018-06-30 23:11:16,944 | server           | INFO     | PID=12971 | Resources closed, now exiting

 Performance counter stats for 'CPU(s) 1-2':

     204679.414523      task-clock (msec)         #    2.000 CPUs utilized            (100.00%)
             3,694      context-switches          #    0.018 K/sec                    (100.00%)
                 1      cpu-migrations            #    0.000 K/sec                    (100.00%)
            55,439      page-faults               #    0.271 K/sec                  
   230,927,978,728      cycles                    #    1.128 GHz                      (100.00%)
   <not supported>      stalled-cycles-frontend  
   <not supported>      stalled-cycles-backend   
   645,522,975,595      instructions              #    2.80  insns per cycle          (100.00%)
   132,188,045,973      branches                  #  645.830 M/sec                    (100.00%)
        39,532,459      branch-misses             #    0.03% of all branches        

     102.350817114 seconds time elapsed