LC_NUMERIC=en_US.UTF8 perf stat -B -C 1-2 taskset -c 2 /tmp/eucycles/pyben-nio/src/run --server start --bind 10.10.1.8 --size 153391689 --port 8881 --filename /tmp/eucycles/data_file --bufsize 50mb --method "match; func=lambda v: int(chr(v)) < 8; sztype=BEFORE"

2018-06-30 21:12:16,385 | server           | INFO     | PID=13717 | [bufsize: 52428800 bytes] [zerocopy: False]
2018-06-30 21:12:16,399 | methods.match    | INFO     | PID=13717 | [method: methods.match]
2018-06-30 21:12:16,399 | methods.match    | INFO     | PID=13717 | [method parameters: {'func': 'lambda v: int(chr(v)) < 8', 'mpws': '50MB', 'sztype': 'BEFORE'}]
2018-06-30 21:12:16,420 | methods.match    | INFO     | PID=13717 | Start 1 process to handle data filtering
2018-06-30 21:12:16,420 | server           | INFO     | PID=13717 | Ready to send 153391689 bytes using data file size of 1073741824 bytes
2018-06-30 21:12:16,420 | server           | INFO     | PID=13717 | Listening socket bound to port 8881
2018-06-30 21:12:21,031 | server           | INFO     | PID=13717 | Accepted incoming connection ('10.10.1.1', 44363) from client. Sending data ...
2018-06-30 21:13:37,358 | server           | INFO     | PID=13717 | [SUMMARY] [Sent: 122711925 bytes] [Read: 122711925 bytes (79.999% of 153391689 raw bytes)] [Duration: 76.3264548778534 seconds] [Bitrate: 12861797.414422363 bit/s]
2018-06-30 21:13:37,358 | server           | INFO     | PID=13717 | Resources closed, now exiting

 Performance counter stats for 'CPU(s) 1-2':

     162138.359327      task-clock (msec)         #    2.000 CPUs utilized            (100.00%)
             2,998      context-switches          #    0.018 K/sec                    (100.00%)
                 1      cpu-migrations            #    0.000 K/sec                    (100.00%)
            46,042      page-faults               #    0.284 K/sec                  
   194,207,250,232      cycles                    #    1.198 GHz                      (100.00%)
   <not supported>      stalled-cycles-frontend  
   <not supported>      stalled-cycles-backend   
   523,176,074,844      instructions              #    2.69  insns per cycle          (100.00%)
   106,549,319,455      branches                  #  657.151 M/sec                    (100.00%)
        49,514,621      branch-misses             #    0.05% of all branches        

      81.065826437 seconds time elapsed