LC_NUMERIC=en_US.UTF8 perf stat -B -C 1-2 taskset -c 2 /tmp/eucycles/pyben-nio/src/run --server start --bind 10.10.1.4 --size 153391689 --port 8881 --filename /tmp/eucycles/data_file --bufsize 50mb --method "match; func=lambda v: int(chr(v)) < 9; sztype=BEFORE"

2018-06-30 23:11:58,788 | server           | INFO     | PID=7164 | [bufsize: 52428800 bytes] [zerocopy: False]
2018-06-30 23:11:58,802 | methods.match    | INFO     | PID=7164 | [method: methods.match]
2018-06-30 23:11:58,803 | methods.match    | INFO     | PID=7164 | [method parameters: {'func': 'lambda v: int(chr(v)) < 9', 'mpws': '50MB', 'sztype': 'BEFORE'}]
2018-06-30 23:11:58,823 | methods.match    | INFO     | PID=7164 | Start 1 process to handle data filtering
2018-06-30 23:11:58,823 | server           | INFO     | PID=7164 | Ready to send 153391689 bytes using data file size of 1073741824 bytes
2018-06-30 23:11:58,823 | server           | INFO     | PID=7164 | Listening socket bound to port 8881
2018-06-30 23:12:08,350 | server           | INFO     | PID=7164 | Accepted incoming connection ('10.10.1.1', 53196) from client. Sending data ...
2018-06-30 23:13:25,416 | server           | INFO     | PID=7164 | [SUMMARY] [Sent: 138049573 bytes] [Read: 138049573 bytes (89.998% of 153391689 raw bytes)] [Duration: 77.06543898582458 seconds] [Bitrate: 14330633.79037058 bit/s]
2018-06-30 23:13:25,416 | server           | INFO     | PID=7164 | Resources closed, now exiting

 Performance counter stats for 'CPU(s) 1-2':

     173524.515964      task-clock (msec)         #    2.000 CPUs utilized            (100.00%)
             3,206      context-switches          #    0.018 K/sec                    (100.00%)
                 1      cpu-migrations            #    0.000 K/sec                    (100.00%)
            49,829      page-faults               #    0.287 K/sec                  
   189,736,537,899      cycles                    #    1.093 GHz                      (100.00%)
   <not supported>      stalled-cycles-frontend  
   <not supported>      stalled-cycles-backend   
   532,031,928,433      instructions              #    2.80  insns per cycle          (100.00%)
   108,252,269,994      branches                  #  623.844 M/sec                    (100.00%)
        34,227,131      branch-misses             #    0.03% of all branches        

      86.765562755 seconds time elapsed