LC_NUMERIC=en_US.UTF8 perf stat -B -C 1-2 taskset -c 2 /tmp/eucycles/pyben-nio/src/run --server start --bind 10.10.1.6 --size 134217728 --port 8881 --filename /tmp/eucycles/data_file --bufsize 50mb --method "match; func=lambda v: int(chr(v)) < 2; sztype=BEFORE"

2018-06-30 13:24:34,129 | server           | INFO     | PID=10046 | [bufsize: 52428800 bytes] [zerocopy: False]
2018-06-30 13:24:34,143 | methods.match    | INFO     | PID=10046 | [method: methods.match]
2018-06-30 13:24:34,143 | methods.match    | INFO     | PID=10046 | [method parameters: {'func': 'lambda v: int(chr(v)) < 2', 'sztype': 'BEFORE', 'mpws': '50MB'}]
2018-06-30 13:24:34,164 | methods.match    | INFO     | PID=10046 | Start 1 process to handle data filtering
2018-06-30 13:24:34,164 | server           | INFO     | PID=10046 | Ready to send 134217728 bytes using data file size of 1073741824 bytes
2018-06-30 13:24:34,164 | server           | INFO     | PID=10046 | Listening socket bound to port 8881
2018-06-30 13:24:42,522 | server           | INFO     | PID=10046 | Accepted incoming connection ('10.10.1.1', 58020) from client. Sending data ...
2018-06-30 13:25:36,560 | server           | INFO     | PID=10046 | [SUMMARY] [Sent: 26847363 bytes] [Read: 26847363 bytes (20.003% of 134217728 raw bytes)] [Duration: 54.03815698623657 seconds] [Bitrate: 3974578.6307017063 bit/s]
2018-06-30 13:25:36,560 | server           | INFO     | PID=10046 | Resources closed, now exiting

 Performance counter stats for 'CPU(s) 1-2':

     125134.355131      task-clock (msec)         #    2.000 CPUs utilized            (100.00%)
             2,720      context-switches          #    0.022 K/sec                    (100.00%)
                 1      cpu-migrations            #    0.000 K/sec                    (100.00%)
            21,161      page-faults               #    0.169 K/sec                  
   155,949,602,455      cycles                    #    1.246 GHz                      (100.00%)
   <not supported>      stalled-cycles-frontend  
   <not supported>      stalled-cycles-backend   
   393,097,807,778      instructions              #    2.52  insns per cycle          (100.00%)
    80,446,330,056      branches                  #  642.880 M/sec                    (100.00%)
        43,398,927      branch-misses             #    0.05% of all branches        

      62.566085959 seconds time elapsed