LC_NUMERIC=en_US.UTF8 perf stat -B -C 1-2 taskset -c 2 /tmp/eucycles/pyben-nio/src/run --server start --bind 10.10.1.5 --size 134217728 --port 8881 --filename /tmp/eucycles/data_file --bufsize 50mb --method "match; func=lambda v: int(chr(v)) < 4; sztype=BEFORE"

2018-06-30 16:29:55,131 | server           | INFO     | PID=20472 | [bufsize: 52428800 bytes] [zerocopy: False]
2018-06-30 16:29:55,145 | methods.match    | INFO     | PID=20472 | [method: methods.match]
2018-06-30 16:29:55,145 | methods.match    | INFO     | PID=20472 | [method parameters: {'mpws': '50MB', 'sztype': 'BEFORE', 'func': 'lambda v: int(chr(v)) < 4'}]
2018-06-30 16:29:55,165 | methods.match    | INFO     | PID=20472 | Start 1 process to handle data filtering
2018-06-30 16:29:55,166 | server           | INFO     | PID=20472 | Ready to send 134217728 bytes using data file size of 1073741824 bytes
2018-06-30 16:29:55,166 | server           | INFO     | PID=20472 | Listening socket bound to port 8881
2018-06-30 16:30:04,734 | server           | INFO     | PID=20472 | Accepted incoming connection ('10.10.1.1', 48087) from client. Sending data ...
2018-06-30 16:31:03,861 | server           | INFO     | PID=20472 | [SUMMARY] [Sent: 53678932 bytes] [Read: 53678932 bytes (39.994% of 134217728 raw bytes)] [Duration: 59.12643003463745 seconds] [Bitrate: 7262935.64059982 bit/s]
2018-06-30 16:31:03,861 | server           | INFO     | PID=20472 | Resources closed, now exiting

 Performance counter stats for 'CPU(s) 1-2':

     137734.314674      task-clock (msec)         #    2.000 CPUs utilized            (100.00%)
             2,728      context-switches          #    0.020 K/sec                    (100.00%)
                 1      cpu-migrations            #    0.000 K/sec                    (100.00%)
            26,287      page-faults               #    0.191 K/sec                  
   162,169,181,677      cycles                    #    1.177 GHz                      (100.00%)
   <not supported>      stalled-cycles-frontend  
   <not supported>      stalled-cycles-backend   
   419,190,545,702      instructions              #    2.58  insns per cycle          (100.00%)
    85,740,390,485      branches                  #  622.506 M/sec                    (100.00%)
        72,318,905      branch-misses             #    0.08% of all branches        

      68.865517735 seconds time elapsed