LC_NUMERIC=en_US.UTF8 perf stat -B -C 1-2 taskset -c 2 /tmp/eucycles/pyben-nio/src/run --server start --bind 10.10.1.3 --size 536870912 --port 8881 --filename /tmp/eucycles/data_file --bufsize 50mb --method "match; func=lambda v: int(chr(v)) < 0; sztype=BEFORE"

2018-06-30 10:08:15,942 | server           | INFO     | PID=13584 | [bufsize: 52428800 bytes] [zerocopy: False]
2018-06-30 10:08:15,956 | methods.match    | INFO     | PID=13584 | [method: methods.match]
2018-06-30 10:08:15,956 | methods.match    | INFO     | PID=13584 | [method parameters: {'mpws': '50MB', 'sztype': 'BEFORE', 'func': 'lambda v: int(chr(v)) < 0'}]
2018-06-30 10:08:15,977 | methods.match    | INFO     | PID=13584 | Start 1 process to handle data filtering
2018-06-30 10:08:15,977 | server           | INFO     | PID=13584 | Ready to send 536870912 bytes using data file size of 1073741824 bytes
2018-06-30 10:08:15,977 | server           | INFO     | PID=13584 | Listening socket bound to port 8881
2018-06-30 10:08:20,391 | server           | INFO     | PID=13584 | Accepted incoming connection ('10.10.1.1', 34306) from client. Sending data ...
2018-06-30 10:12:18,418 | server           | INFO     | PID=13584 | [SUMMARY] [Sent: 0 bytes] [Read: 0 bytes (0.000% of 536870912 raw bytes)] [Duration: 238.02701997756958 seconds] [Bitrate: 0.0 bit/s]
2018-06-30 10:12:18,419 | server           | INFO     | PID=13584 | Resources closed, now exiting

 Performance counter stats for 'CPU(s) 1-2':

     485068.231438      task-clock (msec)         #    2.000 CPUs utilized            (100.00%)
             8,764      context-switches          #    0.018 K/sec                    (100.00%)
                 1      cpu-migrations            #    0.000 K/sec                    (100.00%)
            15,993      page-faults               #    0.033 K/sec                  
   613,139,461,784      cycles                    #    1.264 GHz                      (100.00%)
   <not supported>      stalled-cycles-frontend  
   <not supported>      stalled-cycles-backend   
 1,495,597,947,309      instructions              #    2.44  insns per cycle          (100.00%)
   307,192,465,839      branches                  #  633.297 M/sec                    (100.00%)
        58,360,928      branch-misses             #    0.02% of all branches        

     242.560684310 seconds time elapsed