LC_NUMERIC=en_US.UTF8 perf stat -B -C 1-2 taskset -c 2 /tmp/eucycles/pyben-nio/src/run --server start --bind 10.10.1.2 --size 214748365 --port 8881 --filename /tmp/eucycles/data_file --bufsize 50mb --method "match; func=lambda v: int(chr(v)) < 3; sztype=BEFORE"

2018-06-30 15:02:36,866 | server           | INFO     | PID=5364 | [bufsize: 52428800 bytes] [zerocopy: False]
2018-06-30 15:02:36,880 | methods.match    | INFO     | PID=5364 | [method: methods.match]
2018-06-30 15:02:36,881 | methods.match    | INFO     | PID=5364 | [method parameters: {'sztype': 'BEFORE', 'mpws': '50MB', 'func': 'lambda v: int(chr(v)) < 3'}]
2018-06-30 15:02:36,901 | methods.match    | INFO     | PID=5364 | Start 1 process to handle data filtering
2018-06-30 15:02:36,901 | server           | INFO     | PID=5364 | Ready to send 214748365 bytes using data file size of 1073741824 bytes
2018-06-30 15:02:36,901 | server           | INFO     | PID=5364 | Listening socket bound to port 8881
2018-06-30 15:02:46,273 | server           | INFO     | PID=5364 | Accepted incoming connection ('10.10.1.1', 48824) from client. Sending data ...
2018-06-30 15:04:16,417 | server           | INFO     | PID=5364 | [SUMMARY] [Sent: 64425207 bytes] [Read: 64425207 bytes (30.000% of 214748365 raw bytes)] [Duration: 90.14416599273682 seconds] [Bitrate: 5717526.47910157 bit/s]
2018-06-30 15:04:16,417 | server           | INFO     | PID=5364 | Resources closed, now exiting

 Performance counter stats for 'CPU(s) 1-2':

     199364.473306      task-clock (msec)         #    2.000 CPUs utilized            (100.00%)
             4,066      context-switches          #    0.020 K/sec                    (100.00%)
                 1      cpu-migrations            #    0.000 K/sec                    (100.00%)
            23,711      page-faults               #    0.119 K/sec                  
   230,693,757,675      cycles                    #    1.157 GHz                      (100.00%)
   <not supported>      stalled-cycles-frontend  
   <not supported>      stalled-cycles-backend   
   646,309,384,331      instructions              #    2.80  insns per cycle          (100.00%)
   132,506,199,952      branches                  #  664.643 M/sec                    (100.00%)
        89,975,237      branch-misses             #    0.07% of all branches        

      99.686310627 seconds time elapsed