LC_NUMERIC=en_US.UTF8 perf stat -B -C 1-2 taskset -c 2 /tmp/eucycles/pyben-nio/src/run --server start --bind 10.10.1.5 --size 134217728 --port 8881 --filename /tmp/eucycles/data_file --bufsize 50mb --method "match; func=lambda v: int(chr(v)) < 1; sztype=BEFORE"

2018-06-30 11:43:35,987 | server           | INFO     | PID=10374 | [bufsize: 52428800 bytes] [zerocopy: False]
2018-06-30 11:43:36,001 | methods.match    | INFO     | PID=10374 | [method: methods.match]
2018-06-30 11:43:36,001 | methods.match    | INFO     | PID=10374 | [method parameters: {'sztype': 'BEFORE', 'func': 'lambda v: int(chr(v)) < 1', 'mpws': '50MB'}]
2018-06-30 11:43:36,022 | methods.match    | INFO     | PID=10374 | Start 1 process to handle data filtering
2018-06-30 11:43:36,022 | server           | INFO     | PID=10374 | Ready to send 134217728 bytes using data file size of 1073741824 bytes
2018-06-30 11:43:36,022 | server           | INFO     | PID=10374 | Listening socket bound to port 8881
2018-06-30 11:43:45,594 | server           | INFO     | PID=10374 | Accepted incoming connection ('10.10.1.1', 37501) from client. Sending data ...
2018-06-30 11:44:39,605 | server           | INFO     | PID=10374 | [SUMMARY] [Sent: 13421228 bytes] [Read: 13421228 bytes (10.000% of 134217728 raw bytes)] [Duration: 54.01106309890747 seconds] [Bitrate: 1987922.803951842 bit/s]
2018-06-30 11:44:39,606 | server           | INFO     | PID=10374 | Resources closed, now exiting

 Performance counter stats for 'CPU(s) 1-2':

     127509.442190      task-clock (msec)         #    2.000 CPUs utilized            (100.00%)
             2,698      context-switches          #    0.021 K/sec                    (100.00%)
                 1      cpu-migrations            #    0.000 K/sec                    (100.00%)
            18,602      page-faults               #    0.146 K/sec                  
   149,306,185,273      cycles                    #    1.171 GHz                      (100.00%)
   <not supported>      stalled-cycles-frontend  
   <not supported>      stalled-cycles-backend   
   393,539,579,630      instructions              #    2.64  insns per cycle          (100.00%)
    81,104,788,790      branches                  #  636.069 M/sec                    (100.00%)
        29,933,133      branch-misses             #    0.04% of all branches        

      63.753197021 seconds time elapsed