LC_NUMERIC=en_US.UTF8 perf stat -B -C 1-2 taskset -c 2 /tmp/eucycles/pyben-nio/src/run --server start --bind 10.10.1.4 --size 153391689 --port 8881 --filename /tmp/eucycles/data_file --bufsize 50mb --method "match; func=lambda v: int(chr(v)) < 3; sztype=BEFORE"

2018-06-30 14:40:46,367 | server           | INFO     | PID=21278 | [bufsize: 52428800 bytes] [zerocopy: False]
2018-06-30 14:40:46,382 | methods.match    | INFO     | PID=21278 | [method: methods.match]
2018-06-30 14:40:46,382 | methods.match    | INFO     | PID=21278 | [method parameters: {'mpws': '50MB', 'func': 'lambda v: int(chr(v)) < 3', 'sztype': 'BEFORE'}]
2018-06-30 14:40:46,402 | methods.match    | INFO     | PID=21278 | Start 1 process to handle data filtering
2018-06-30 14:40:46,402 | server           | INFO     | PID=21278 | Ready to send 153391689 bytes using data file size of 1073741824 bytes
2018-06-30 14:40:46,402 | server           | INFO     | PID=21278 | Listening socket bound to port 8881
2018-06-30 14:40:55,940 | server           | INFO     | PID=21278 | Accepted incoming connection ('10.10.1.1', 51856) from client. Sending data ...
2018-06-30 14:42:00,340 | server           | INFO     | PID=21278 | [SUMMARY] [Sent: 46008674 bytes] [Read: 46008674 bytes (29.994% of 153391689 raw bytes)] [Duration: 64.3995099067688 seconds] [Bitrate: 5715406.724878097 bit/s]
2018-06-30 14:42:00,340 | server           | INFO     | PID=21278 | Resources closed, now exiting

 Performance counter stats for 'CPU(s) 1-2':

     148218.638618      task-clock (msec)         #    2.000 CPUs utilized            (100.00%)
             3,046      context-switches          #    0.021 K/sec                    (100.00%)
                 1      cpu-migrations            #    0.000 K/sec                    (100.00%)
            23,718      page-faults               #    0.160 K/sec                  
   163,298,126,096      cycles                    #    1.102 GHz                      (100.00%)
   <not supported>      stalled-cycles-frontend  
   <not supported>      stalled-cycles-backend   
   456,531,034,126      instructions              #    2.80  insns per cycle          (100.00%)
    93,134,271,892      branches                  #  628.357 M/sec                    (100.00%)
        64,938,324      branch-misses             #    0.07% of all branches        

      74.112119294 seconds time elapsed