LC_NUMERIC=en_US.UTF8 perf stat -B -C 1-2 taskset -c 2 /tmp/eucycles/pyben-nio/src/run --server start --bind 10.10.1.7 --size 153391689 --port 8881 --filename /tmp/eucycles/data_file --bufsize 50mb --method "match; func=lambda v: int(chr(v)) < 0; sztype=BEFORE"

2018-06-30 10:49:54,857 | server           | INFO     | PID=1930 | [bufsize: 52428800 bytes] [zerocopy: False]
2018-06-30 10:49:54,871 | methods.match    | INFO     | PID=1930 | [method: methods.match]
2018-06-30 10:49:54,872 | methods.match    | INFO     | PID=1930 | [method parameters: {'mpws': '50MB', 'func': 'lambda v: int(chr(v)) < 0', 'sztype': 'BEFORE'}]
2018-06-30 10:49:54,892 | methods.match    | INFO     | PID=1930 | Start 1 process to handle data filtering
2018-06-30 10:49:54,892 | server           | INFO     | PID=1930 | Ready to send 153391689 bytes using data file size of 1073741824 bytes
2018-06-30 10:49:54,892 | server           | INFO     | PID=1930 | Listening socket bound to port 8881
2018-06-30 10:50:00,685 | server           | INFO     | PID=1930 | Accepted incoming connection ('10.10.1.1', 45804) from client. Sending data ...
2018-06-30 10:51:05,154 | server           | INFO     | PID=1930 | [SUMMARY] [Sent: 0 bytes] [Read: 0 bytes (0.000% of 153391689 raw bytes)] [Duration: 64.46899819374084 seconds] [Bitrate: 0.0 bit/s]
2018-06-30 10:51:05,154 | server           | INFO     | PID=1930 | Resources closed, now exiting

 Performance counter stats for 'CPU(s) 1-2':

     140878.409577      task-clock (msec)         #    2.000 CPUs utilized            (100.00%)
             2,900      context-switches          #    0.021 K/sec                    (100.00%)
                 1      cpu-migrations            #    0.000 K/sec                    (100.00%)
            16,037      page-faults               #    0.114 K/sec                  
   174,210,298,533      cycles                    #    1.237 GHz                      (100.00%)
   <not supported>      stalled-cycles-frontend  
   <not supported>      stalled-cycles-backend   
   423,132,144,054      instructions              #    2.43  insns per cycle          (100.00%)
    86,792,197,336      branches                  #  616.079 M/sec                    (100.00%)
        18,464,969      branch-misses             #    0.02% of all branches        

      70.435091266 seconds time elapsed