LC_NUMERIC=en_US.UTF8 perf stat -B -C 1-2 taskset -c 2 /tmp/eucycles/pyben-nio/src/run --server start --bind 10.10.1.4 --size 178956971 --port 8881 --filename /tmp/eucycles/data_file --bufsize 50mb --method "match; func=lambda v: int(chr(v)) < 6; sztype=BEFORE"

2018-06-30 19:13:34,552 | server           | INFO     | PID=31328 | [bufsize: 52428800 bytes] [zerocopy: False]
2018-06-30 19:13:34,567 | methods.match    | INFO     | PID=31328 | [method: methods.match]
2018-06-30 19:13:34,567 | methods.match    | INFO     | PID=31328 | [method parameters: {'mpws': '50MB', 'sztype': 'BEFORE', 'func': 'lambda v: int(chr(v)) < 6'}]
2018-06-30 19:13:34,587 | methods.match    | INFO     | PID=31328 | Start 1 process to handle data filtering
2018-06-30 19:13:34,588 | server           | INFO     | PID=31328 | Ready to send 178956971 bytes using data file size of 1073741824 bytes
2018-06-30 19:13:34,588 | server           | INFO     | PID=31328 | Listening socket bound to port 8881
2018-06-30 19:13:42,926 | server           | INFO     | PID=31328 | Accepted incoming connection ('10.10.1.1', 38740) from client. Sending data ...
2018-06-30 19:15:06,294 | server           | INFO     | PID=31328 | [SUMMARY] [Sent: 107364167 bytes] [Read: 107364167 bytes (59.994% of 178956971 raw bytes)] [Duration: 83.36809301376343 seconds] [Bitrate: 10302662.624874962 bit/s]
2018-06-30 19:15:06,294 | server           | INFO     | PID=31328 | Resources closed, now exiting

 Performance counter stats for 'CPU(s) 1-2':

     183752.529793      task-clock (msec)         #    2.000 CPUs utilized            (100.00%)
             3,594      context-switches          #    0.020 K/sec                    (100.00%)
                 1      cpu-migrations            #    0.000 K/sec                    (100.00%)
            42,342      page-faults               #    0.230 K/sec                  
   210,359,839,034      cycles                    #    1.145 GHz                      (100.00%)
   <not supported>      stalled-cycles-frontend  
   <not supported>      stalled-cycles-backend   
   583,764,534,273      instructions              #    2.78  insns per cycle          (100.00%)
   119,073,824,739      branches                  #  648.012 M/sec                    (100.00%)
        95,780,687      branch-misses             #    0.08% of all branches        

      91.879775064 seconds time elapsed