LC_NUMERIC=en_US.UTF8 perf stat -B -C 1-2 taskset -c 2 /tmp/eucycles/pyben-nio/src/run --server start --bind 10.10.1.5 --size 153391689 --port 8881 --filename /tmp/eucycles/data_file --bufsize 50mb --method "match; func=lambda v: int(chr(v)) < 2; sztype=BEFORE"

2018-06-30 12:57:06,907 | server           | INFO     | PID=12952 | [bufsize: 52428800 bytes] [zerocopy: False]
2018-06-30 12:57:06,921 | methods.match    | INFO     | PID=12952 | [method: methods.match]
2018-06-30 12:57:06,921 | methods.match    | INFO     | PID=12952 | [method parameters: {'func': 'lambda v: int(chr(v)) < 2', 'sztype': 'BEFORE', 'mpws': '50MB'}]
2018-06-30 12:57:06,942 | methods.match    | INFO     | PID=12952 | Start 1 process to handle data filtering
2018-06-30 12:57:06,942 | server           | INFO     | PID=12952 | Ready to send 153391689 bytes using data file size of 1073741824 bytes
2018-06-30 12:57:06,942 | server           | INFO     | PID=12952 | Listening socket bound to port 8881
2018-06-30 12:57:15,248 | server           | INFO     | PID=12952 | Accepted incoming connection ('10.10.1.1', 56786) from client. Sending data ...
2018-06-30 12:58:18,460 | server           | INFO     | PID=12952 | [SUMMARY] [Sent: 30678138 bytes] [Read: 30678138 bytes (20.000% of 153391689 raw bytes)] [Duration: 63.21169710159302 seconds] [Bitrate: 3882590.015034021 bit/s]
2018-06-30 12:58:18,460 | server           | INFO     | PID=12952 | Resources closed, now exiting

 Performance counter stats for 'CPU(s) 1-2':

     143381.673910      task-clock (msec)         #    2.000 CPUs utilized            (100.00%)
             3,030      context-switches          #    0.021 K/sec                    (100.00%)
                 1      cpu-migrations            #    0.000 K/sec                    (100.00%)
            21,163      page-faults               #    0.148 K/sec                  
   174,700,779,425      cycles                    #    1.218 GHz                      (100.00%)
   <not supported>      stalled-cycles-frontend  
   <not supported>      stalled-cycles-backend   
   453,342,746,665      instructions              #    2.59  insns per cycle          (100.00%)
    92,809,329,105      branches                  #  647.289 M/sec                    (100.00%)
        49,246,492      branch-misses             #    0.05% of all branches        

      71.689140497 seconds time elapsed