LC_NUMERIC=en_US.UTF8 perf stat -B -C 1-2 taskset -c 2 /tmp/eucycles/pyben-nio/src/run --server start --bind 10.10.1.5 --size 268435456 --port 8881 --filename /tmp/eucycles/data_file --bufsize 50mb --method "match; func=lambda v: int(chr(v)) < 4; sztype=BEFORE"

2018-06-30 15:26:43,028 | server           | INFO     | PID=18014 | [bufsize: 52428800 bytes] [zerocopy: False]
2018-06-30 15:26:43,041 | methods.match    | INFO     | PID=18014 | [method: methods.match]
2018-06-30 15:26:43,042 | methods.match    | INFO     | PID=18014 | [method parameters: {'sztype': 'BEFORE', 'func': 'lambda v: int(chr(v)) < 4', 'mpws': '50MB'}]
2018-06-30 15:26:43,062 | methods.match    | INFO     | PID=18014 | Start 1 process to handle data filtering
2018-06-30 15:26:43,062 | server           | INFO     | PID=18014 | Ready to send 268435456 bytes using data file size of 1073741824 bytes
2018-06-30 15:26:43,062 | server           | INFO     | PID=18014 | Listening socket bound to port 8881
2018-06-30 15:26:47,554 | server           | INFO     | PID=18014 | Accepted incoming connection ('10.10.1.1', 49276) from client. Sending data ...
2018-06-30 15:28:46,300 | server           | INFO     | PID=18014 | [SUMMARY] [Sent: 107364076 bytes] [Read: 107364076 bytes (39.996% of 268435456 raw bytes)] [Duration: 118.74602890014648 seconds] [Bitrate: 7233190.161855934 bit/s]
2018-06-30 15:28:46,300 | server           | INFO     | PID=18014 | Resources closed, now exiting

 Performance counter stats for 'CPU(s) 1-2':

     246735.442477      task-clock (msec)         #    2.000 CPUs utilized            (100.00%)
             4,767      context-switches          #    0.019 K/sec                    (100.00%)
                 1      cpu-migrations            #    0.000 K/sec                    (100.00%)
            26,248      page-faults               #    0.106 K/sec                  
   328,008,510,403      cycles                    #    1.329 GHz                      (100.00%)
   <not supported>      stalled-cycles-frontend  
   <not supported>      stalled-cycles-backend   
   849,497,442,413      instructions              #    2.59  insns per cycle          (100.00%)
   174,273,601,917      branches                  #  706.318 M/sec                    (100.00%)
       144,706,899      branch-misses             #    0.08% of all branches        

     123.364923700 seconds time elapsed