LC_NUMERIC=en_US.UTF8 perf stat -B -C 1-2 taskset -c 2 /tmp/eucycles/pyben-nio/src/run --server start --bind 10.10.1.2 --size 536870912 --port 8881 --filename /tmp/eucycles/data_file --bufsize 50mb --method "match; func=lambda v: int(chr(v)) < 1; sztype=BEFORE"

2018-06-30 11:28:04,762 | server           | INFO     | PID=27669 | [bufsize: 52428800 bytes] [zerocopy: False]
2018-06-30 11:28:04,776 | methods.match    | INFO     | PID=27669 | [method: methods.match]
2018-06-30 11:28:04,777 | methods.match    | INFO     | PID=27669 | [method parameters: {'mpws': '50MB', 'sztype': 'BEFORE', 'func': 'lambda v: int(chr(v)) < 1'}]
2018-06-30 11:28:04,797 | methods.match    | INFO     | PID=27669 | Start 1 process to handle data filtering
2018-06-30 11:28:04,797 | server           | INFO     | PID=27669 | Ready to send 536870912 bytes using data file size of 1073741824 bytes
2018-06-30 11:28:04,797 | server           | INFO     | PID=27669 | Listening socket bound to port 8881
2018-06-30 11:28:10,381 | server           | INFO     | PID=27669 | Accepted incoming connection ('10.10.1.1', 35822) from client. Sending data ...
2018-06-30 11:31:40,268 | server           | INFO     | PID=27669 | [SUMMARY] [Sent: 53691191 bytes] [Read: 53691191 bytes (10.001% of 536870912 raw bytes)] [Duration: 209.88632488250732 seconds] [Bitrate: 2046486.488533482 bit/s]
2018-06-30 11:31:40,268 | server           | INFO     | PID=27669 | Resources closed, now exiting

 Performance counter stats for 'CPU(s) 1-2':

     431263.076102      task-clock (msec)         #    2.000 CPUs utilized            (100.00%)
             9,163      context-switches          #    0.021 K/sec                    (100.00%)
                 1      cpu-migrations            #    0.000 K/sec                    (100.00%)
            18,598      page-faults               #    0.043 K/sec                  
   539,647,032,848      cycles                    #    1.251 GHz                      (100.00%)
   <not supported>      stalled-cycles-frontend  
   <not supported>      stalled-cycles-backend   
 1,527,200,306,560      instructions              #    2.83  insns per cycle          (100.00%)
   313,519,652,401      branches                  #  726.980 M/sec                    (100.00%)
       112,007,845      branch-misses             #    0.04% of all branches        

     215.640549299 seconds time elapsed