LC_NUMERIC=en_US.UTF8 perf stat -B -C 1-2 taskset -c 2 /tmp/eucycles/pyben-nio/src/run --server start --bind 10.10.1.4 --size 134217728 --port 8881 --filename /tmp/eucycles/data_file --bufsize 50mb --method "match; func=lambda v: int(chr(v)) < 3; sztype=BEFORE"

2018-06-30 14:16:36,771 | server           | INFO     | PID=20387 | [bufsize: 52428800 bytes] [zerocopy: False]
2018-06-30 14:16:36,786 | methods.match    | INFO     | PID=20387 | [method: methods.match]
2018-06-30 14:16:36,786 | methods.match    | INFO     | PID=20387 | [method parameters: {'mpws': '50MB', 'sztype': 'BEFORE', 'func': 'lambda v: int(chr(v)) < 3'}]
2018-06-30 14:16:36,807 | methods.match    | INFO     | PID=20387 | Start 1 process to handle data filtering
2018-06-30 14:16:36,807 | server           | INFO     | PID=20387 | Ready to send 134217728 bytes using data file size of 1073741824 bytes
2018-06-30 14:16:36,807 | server           | INFO     | PID=20387 | Listening socket bound to port 8881
2018-06-30 14:16:47,595 | server           | INFO     | PID=20387 | Accepted incoming connection ('10.10.1.1', 45118) from client. Sending data ...
2018-06-30 14:17:45,482 | server           | INFO     | PID=20387 | [SUMMARY] [Sent: 40255165 bytes] [Read: 40255165 bytes (29.992% of 134217728 raw bytes)] [Duration: 57.88675308227539 seconds] [Bitrate: 5563299.077118342 bit/s]
2018-06-30 14:17:45,482 | server           | INFO     | PID=20387 | Resources closed, now exiting

 Performance counter stats for 'CPU(s) 1-2':

     137693.778024      task-clock (msec)         #    2.000 CPUs utilized            (100.00%)
             2,748      context-switches          #    0.020 K/sec                    (100.00%)
                 1      cpu-migrations            #    0.000 K/sec                    (100.00%)
            23,723      page-faults               #    0.172 K/sec                  
   146,653,346,652      cycles                    #    1.065 GHz                      (100.00%)
   <not supported>      stalled-cycles-frontend  
   <not supported>      stalled-cycles-backend   
   410,120,190,740      instructions              #    2.80  insns per cycle          (100.00%)
    83,785,689,510      branches                  #  608.493 M/sec                    (100.00%)
        57,208,220      branch-misses             #    0.07% of all branches        

      68.849477564 seconds time elapsed