LC_NUMERIC=en_US.UTF8 perf stat -B -C 1-2 taskset -c 2 /tmp/eucycles/pyben-nio/src/run --server start --bind 10.10.1.5 --size 134217728 --port 8881 --filename /tmp/eucycles/data_file --bufsize 50mb --method "match; func=lambda v: int(chr(v)) < 7; sztype=BEFORE"

2018-06-30 20:15:55,673 | server           | INFO     | PID=27769 | [bufsize: 52428800 bytes] [zerocopy: False]
2018-06-30 20:15:55,687 | methods.match    | INFO     | PID=27769 | [method: methods.match]
2018-06-30 20:15:55,688 | methods.match    | INFO     | PID=27769 | [method parameters: {'mpws': '50MB', 'sztype': 'BEFORE', 'func': 'lambda v: int(chr(v)) < 7'}]
2018-06-30 20:15:55,708 | methods.match    | INFO     | PID=27769 | Start 1 process to handle data filtering
2018-06-30 20:15:55,708 | server           | INFO     | PID=27769 | Ready to send 134217728 bytes using data file size of 1073741824 bytes
2018-06-30 20:15:55,708 | server           | INFO     | PID=27769 | Listening socket bound to port 8881
2018-06-30 20:16:05,284 | server           | INFO     | PID=27769 | Accepted incoming connection ('10.10.1.1', 40232) from client. Sending data ...
2018-06-30 20:17:11,683 | server           | INFO     | PID=27769 | [SUMMARY] [Sent: 93944062 bytes] [Read: 93944062 bytes (69.994% of 134217728 raw bytes)] [Duration: 66.39918899536133 seconds] [Bitrate: 11318699.932502244 bit/s]
2018-06-30 20:17:11,684 | server           | INFO     | PID=27769 | Resources closed, now exiting

 Performance counter stats for 'CPU(s) 1-2':

     152293.156525      task-clock (msec)         #    2.000 CPUs utilized            (100.00%)
             2,896      context-switches          #    0.019 K/sec                    (100.00%)
                 1      cpu-migrations            #    0.000 K/sec                    (100.00%)
            39,055      page-faults               #    0.256 K/sec                  
   173,598,561,221      cycles                    #    1.140 GHz                      (100.00%)
   <not supported>      stalled-cycles-frontend  
   <not supported>      stalled-cycles-backend   
   446,851,141,242      instructions              #    2.57  insns per cycle          (100.00%)
    91,145,812,277      branches                  #  598.489 M/sec                    (100.00%)
        57,339,516      branch-misses             #    0.06% of all branches        

      76.144786212 seconds time elapsed