LC_NUMERIC=en_US.UTF8 perf stat -B -C 1-2 taskset -c 2 /tmp/eucycles/pyben-nio/src/run --server start --bind 10.10.1.2 --size 153391690 --port 8881 --filename /tmp/eucycles/data_file --bufsize 50mb --method "match; func=lambda v: int(chr(v)) < 4; sztype=BEFORE"

2018-06-30 16:00:39,502 | server           | INFO     | PID=8085 | [bufsize: 52428800 bytes] [zerocopy: False]
2018-06-30 16:00:39,516 | methods.match    | INFO     | PID=8085 | [method: methods.match]
2018-06-30 16:00:39,516 | methods.match    | INFO     | PID=8085 | [method parameters: {'sztype': 'BEFORE', 'mpws': '50MB', 'func': 'lambda v: int(chr(v)) < 4'}]
2018-06-30 16:00:39,537 | methods.match    | INFO     | PID=8085 | Start 1 process to handle data filtering
2018-06-30 16:00:39,537 | server           | INFO     | PID=8085 | Ready to send 153391690 bytes using data file size of 1073741824 bytes
2018-06-30 16:00:39,537 | server           | INFO     | PID=8085 | Listening socket bound to port 8881
2018-06-30 16:00:51,587 | server           | INFO     | PID=8085 | Accepted incoming connection ('10.10.1.1', 40159) from client. Sending data ...
2018-06-30 16:02:00,456 | server           | INFO     | PID=8085 | [SUMMARY] [Sent: 61354865 bytes] [Read: 61354865 bytes (39.999% of 153391690 raw bytes)] [Duration: 68.86835098266602 seconds] [Bitrate: 7127205.937071774 bit/s]
2018-06-30 16:02:00,456 | server           | INFO     | PID=8085 | Resources closed, now exiting

 Performance counter stats for 'CPU(s) 1-2':

     162171.666058      task-clock (msec)         #    2.000 CPUs utilized            (100.00%)
             3,110      context-switches          #    0.019 K/sec                    (100.00%)
                 1      cpu-migrations            #    0.000 K/sec                    (100.00%)
            26,276      page-faults               #    0.162 K/sec                  
   173,592,098,455      cycles                    #    1.070 GHz                      (100.00%)
   <not supported>      stalled-cycles-frontend  
   <not supported>      stalled-cycles-backend   
   481,241,584,309      instructions              #    2.77  insns per cycle          (100.00%)
    98,264,277,505      branches                  #  605.928 M/sec                    (100.00%)
        82,340,431      branch-misses             #    0.08% of all branches        

      81.089113730 seconds time elapsed