LC_NUMERIC=en_US.UTF8 perf stat -B -C 1-2 taskset -c 2 /tmp/eucycles/pyben-nio/src/run --server start --bind 10.10.1.3 --size 357913941 --port 8881 --filename /tmp/eucycles/data_file --bufsize 50mb --method "match; func=lambda v: int(chr(v)) < 1; sztype=BEFORE"

2018-06-30 11:56:53,632 | server           | INFO     | PID=18165 | [bufsize: 52428800 bytes] [zerocopy: False]
2018-06-30 11:56:53,646 | methods.match    | INFO     | PID=18165 | [method: methods.match]
2018-06-30 11:56:53,646 | methods.match    | INFO     | PID=18165 | [method parameters: {'func': 'lambda v: int(chr(v)) < 1', 'mpws': '50MB', 'sztype': 'BEFORE'}]
2018-06-30 11:56:53,667 | methods.match    | INFO     | PID=18165 | Start 1 process to handle data filtering
2018-06-30 11:56:53,667 | server           | INFO     | PID=18165 | Ready to send 357913941 bytes using data file size of 1073741824 bytes
2018-06-30 11:56:53,667 | server           | INFO     | PID=18165 | Listening socket bound to port 8881
2018-06-30 11:56:59,290 | server           | INFO     | PID=18165 | Accepted incoming connection ('10.10.1.1', 49890) from client. Sending data ...
2018-06-30 11:59:18,731 | server           | INFO     | PID=18165 | [SUMMARY] [Sent: 35788115 bytes] [Read: 35788115 bytes (9.999% of 357913941 raw bytes)] [Duration: 139.44131898880005 seconds] [Bitrate: 2053228.7135278466 bit/s]
2018-06-30 11:59:18,731 | server           | INFO     | PID=18165 | Resources closed, now exiting

 Performance counter stats for 'CPU(s) 1-2':

     290438.674895      task-clock (msec)         #    2.000 CPUs utilized            (100.00%)
             6,300      context-switches          #    0.022 K/sec                    (100.00%)
                 1      cpu-migrations            #    0.000 K/sec                    (100.00%)
            18,600      page-faults               #    0.064 K/sec                  
   358,636,010,010      cycles                    #    1.235 GHz                      (100.00%)
   <not supported>      stalled-cycles-frontend  
   <not supported>      stalled-cycles-backend   
 1,016,454,544,055      instructions              #    2.83  insns per cycle          (100.00%)
   208,321,062,454      branches                  #  717.264 M/sec                    (100.00%)
        75,549,244      branch-misses             #    0.04% of all branches        

     145.235175718 seconds time elapsed