LC_NUMERIC=en_US.UTF8 perf stat -B -C 1-2 taskset -c 2 /tmp/eucycles/pyben-nio/src/run --server start --bind 10.10.1.8 --size 134217728 --port 8881 --filename /tmp/eucycles/data_file --bufsize 50mb --method "match; func=lambda v: int(chr(v)) < 9; sztype=BEFORE"

2018-06-30 23:44:28,523 | server           | INFO     | PID=16957 | [bufsize: 52428800 bytes] [zerocopy: False]
2018-06-30 23:44:28,537 | methods.match    | INFO     | PID=16957 | [method: methods.match]
2018-06-30 23:44:28,537 | methods.match    | INFO     | PID=16957 | [method parameters: {'sztype': 'BEFORE', 'func': 'lambda v: int(chr(v)) < 9', 'mpws': '50MB'}]
2018-06-30 23:44:28,558 | methods.match    | INFO     | PID=16957 | Start 1 process to handle data filtering
2018-06-30 23:44:28,558 | server           | INFO     | PID=16957 | Ready to send 134217728 bytes using data file size of 1073741824 bytes
2018-06-30 23:44:28,558 | server           | INFO     | PID=16957 | Listening socket bound to port 8881
2018-06-30 23:44:34,389 | server           | INFO     | PID=16957 | Accepted incoming connection ('10.10.1.1', 60214) from client. Sending data ...
2018-06-30 23:45:46,808 | server           | INFO     | PID=16957 | [SUMMARY] [Sent: 120800730 bytes] [Read: 120800730 bytes (90.004% of 134217728 raw bytes)] [Duration: 72.41824102401733 seconds] [Bitrate: 13344784.771553535 bit/s]
2018-06-30 23:45:46,808 | server           | INFO     | PID=16957 | Resources closed, now exiting

 Performance counter stats for 'CPU(s) 1-2':

     156849.121365      task-clock (msec)         #    2.000 CPUs utilized            (100.00%)
             2,884      context-switches          #    0.018 K/sec                    (100.00%)
                 1      cpu-migrations            #    0.000 K/sec                    (100.00%)
            45,609      page-faults               #    0.291 K/sec                  
   177,013,485,949      cycles                    #    1.129 GHz                      (100.00%)
   <not supported>      stalled-cycles-frontend  
   <not supported>      stalled-cycles-backend   
   473,573,402,634      instructions              #    2.68  insns per cycle          (100.00%)
    96,797,461,624      branches                  #  617.137 M/sec                    (100.00%)
        30,330,281      branch-misses             #    0.03% of all branches        

      78.421314427 seconds time elapsed