LC_NUMERIC=en_US.UTF8 perf stat -B -C 1-2 taskset -c 2 /tmp/eucycles/pyben-nio/src/run --server start --bind 10.10.1.4 --size 268435456 --port 8881 --filename /tmp/eucycles/data_file --bufsize 50mb --method "match; func=lambda v: int(chr(v)) < 7; sztype=BEFORE"

2018-06-30 20:35:10,355 | server           | INFO     | PID=1630 | [bufsize: 52428800 bytes] [zerocopy: False]
2018-06-30 20:35:10,369 | methods.match    | INFO     | PID=1630 | [method: methods.match]
2018-06-30 20:35:10,370 | methods.match    | INFO     | PID=1630 | [method parameters: {'mpws': '50MB', 'sztype': 'BEFORE', 'func': 'lambda v: int(chr(v)) < 7'}]
2018-06-30 20:35:10,390 | methods.match    | INFO     | PID=1630 | Start 1 process to handle data filtering
2018-06-30 20:35:10,390 | server           | INFO     | PID=1630 | Ready to send 268435456 bytes using data file size of 1073741824 bytes
2018-06-30 20:35:10,390 | server           | INFO     | PID=1630 | Listening socket bound to port 8881
2018-06-30 20:35:16,119 | server           | INFO     | PID=1630 | Accepted incoming connection ('10.10.1.1', 38272) from client. Sending data ...
2018-06-30 20:37:23,605 | server           | INFO     | PID=1630 | [SUMMARY] [Sent: 187894879 bytes] [Read: 187894879 bytes (69.996% of 268435456 raw bytes)] [Duration: 127.48605513572693 seconds] [Bitrate: 11790772.178178035 bit/s]
2018-06-30 20:37:23,606 | server           | INFO     | PID=1630 | Resources closed, now exiting

 Performance counter stats for 'CPU(s) 1-2':

     266766.498107      task-clock (msec)         #    2.000 CPUs utilized            (100.00%)
             5,205      context-switches          #    0.020 K/sec                    (100.00%)
                 1      cpu-migrations            #    0.000 K/sec                    (100.00%)
            62,007      page-faults               #    0.232 K/sec                  
   321,042,230,184      cycles                    #    1.203 GHz                      (100.00%)
   <not supported>      stalled-cycles-frontend  
   <not supported>      stalled-cycles-backend   
   896,685,347,313      instructions              #    2.79  insns per cycle          (100.00%)
   182,712,689,647      branches                  #  684.916 M/sec                    (100.00%)
       112,006,701      branch-misses             #    0.06% of all branches        

     133.388423112 seconds time elapsed