LC_NUMERIC=en_US.UTF8 perf stat -B -C 1-2 taskset -c 2 /tmp/eucycles/pyben-nio/src/run --server start --bind 10.10.1.4 --size 178956971 --port 8881 --filename /tmp/eucycles/data_file --bufsize 50mb --method "match; func=lambda v: int(chr(v)) < 6; sztype=BEFORE"

2018-06-30 18:45:24,036 | server           | INFO     | PID=30309 | [bufsize: 52428800 bytes] [zerocopy: False]
2018-06-30 18:45:24,050 | methods.match    | INFO     | PID=30309 | [method: methods.match]
2018-06-30 18:45:24,051 | methods.match    | INFO     | PID=30309 | [method parameters: {'mpws': '50MB', 'sztype': 'BEFORE', 'func': 'lambda v: int(chr(v)) < 6'}]
2018-06-30 18:45:24,071 | methods.match    | INFO     | PID=30309 | Start 1 process to handle data filtering
2018-06-30 18:45:24,071 | server           | INFO     | PID=30309 | Ready to send 178956971 bytes using data file size of 1073741824 bytes
2018-06-30 18:45:24,071 | server           | INFO     | PID=30309 | Listening socket bound to port 8881
2018-06-30 18:45:32,267 | server           | INFO     | PID=30309 | Accepted incoming connection ('10.10.1.1', 34648) from client. Sending data ...
2018-06-30 18:46:54,030 | server           | INFO     | PID=30309 | [SUMMARY] [Sent: 107364167 bytes] [Read: 107364167 bytes (59.994% of 178956971 raw bytes)] [Duration: 81.76248407363892 seconds] [Bitrate: 10504980.930207852 bit/s]
2018-06-30 18:46:54,030 | server           | INFO     | PID=30309 | Resources closed, now exiting

 Performance counter stats for 'CPU(s) 1-2':

     180257.088837      task-clock (msec)         #    2.000 CPUs utilized            (100.00%)
             3,586      context-switches          #    0.020 K/sec                    (100.00%)
                 1      cpu-migrations            #    0.000 K/sec                    (100.00%)
            42,341      page-faults               #    0.235 K/sec                  
   208,242,606,546      cycles                    #    1.155 GHz                      (100.00%)
   <not supported>      stalled-cycles-frontend  
   <not supported>      stalled-cycles-backend   
   581,256,024,702      instructions              #    2.79  insns per cycle          (100.00%)
   118,536,074,036      branches                  #  657.595 M/sec                    (100.00%)
        95,895,289      branch-misses             #    0.08% of all branches        

      90.131984665 seconds time elapsed