LC_NUMERIC=en_US.UTF8 perf stat -B -C 1-2 taskset -c 2 /tmp/eucycles/pyben-nio/src/run --client start --addresses 10.10.1.2  10.10.1.3  10.10.1.4 --size 1GB --port 8881 --bind 10.10.1.1 --bufsize 50mb --method "raw"

2018-06-30 18:36:54,137 | client           | INFO     | PID=23898 | [bufsize: 52428800 bytes]
2018-06-30 18:36:54,165 | client           | INFO     | PID=23901 | Connecting to server 10.10.1.2 on port 8881
2018-06-30 18:36:54,165 | client           | INFO     | PID=23900 | Connecting to server 10.10.1.3 on port 8881
2018-06-30 18:36:54,166 | client           | INFO     | PID=23901 | Connection established. Receiving data ...
2018-06-30 18:36:54,166 | methods.raw      | INFO     | PID=23901 | [method: methods.raw]
2018-06-30 18:36:54,166 | methods.raw      | INFO     | PID=23901 | [method parameters: {}]
2018-06-30 18:36:54,171 | client           | INFO     | PID=23900 | Connection established. Receiving data ...
2018-06-30 18:36:54,171 | methods.raw      | INFO     | PID=23900 | [method: methods.raw]
2018-06-30 18:36:54,172 | methods.raw      | INFO     | PID=23900 | [method parameters: {}]
2018-06-30 18:36:54,176 | client           | INFO     | PID=23899 | Connecting to server 10.10.1.4 on port 8881
2018-06-30 18:36:54,176 | client           | INFO     | PID=23899 | Connection established. Receiving data ...
2018-06-30 18:36:54,176 | methods.raw      | INFO     | PID=23899 | [method: methods.raw]
2018-06-30 18:36:54,176 | methods.raw      | INFO     | PID=23899 | [method parameters: {}]
2018-06-30 18:39:37,486 | client           | INFO     | PID=23900 | [Received: 214736805 bytes (214736805 raw bytes)] [Duration: 163.26173090934753 seconds] [Bitrate: 10522333.864963587 bit/s]
2018-06-30 18:39:37,486 | client           | INFO     | PID=23900 | Socket closed
2018-06-30 18:39:38,463 | client           | INFO     | PID=23899 | [Received: 214747442 bytes (214747442 raw bytes)] [Duration: 164.23339581489563 seconds] [Bitrate: 10460598.025606817 bit/s]
2018-06-30 18:39:38,463 | client           | INFO     | PID=23899 | Socket closed
2018-06-30 18:39:39,793 | client           | INFO     | PID=23901 | [Received: 214756472 bytes (214756472 raw bytes)] [Duration: 165.57401490211487 seconds] [Bitrate: 10376336.993553542 bit/s]
2018-06-30 18:39:39,793 | client           | INFO     | PID=23901 | Socket closed
2018-06-30 18:39:40,295 | client           | INFO     | PID=23898 | [SUMMARY] [Received: 644240719 bytes (100.000% of 644240719 raw bytes)] [Duration: 165.57401490211487 seconds] [Bitrate: 31127624.43458855 bit/s]

 Performance counter stats for 'CPU(s) 1-2':

     332448.517887      task-clock (msec)         #    2.000 CPUs utilized            (100.00%)
             4,566      context-switches          #    0.014 K/sec                    (100.00%)
                 1      cpu-migrations            #    0.000 K/sec                    (100.00%)
         1,175,286      page-faults               #    0.004 M/sec                  
    23,687,832,754      cycles                    #    0.071 GHz                      (100.00%)
   <not supported>      stalled-cycles-frontend  
   <not supported>      stalled-cycles-backend   
    55,167,149,895      instructions              #    2.33  insns per cycle          (100.00%)
    14,269,572,752      branches                  #   42.923 M/sec                    (100.00%)
        24,363,320      branch-misses             #    0.17% of all branches        

     166.232205430 seconds time elapsed