LC_NUMERIC=en_US.UTF8 perf stat -B -C 1-2 taskset -c 2 /tmp/eucycles/pyben-nio/src/run --server start --bind 10.10.1.3 --size 268435456 --port 8881 --filename /tmp/eucycles/data_file --bufsize 50mb --method "match; func=lambda v: int(chr(v)) < 2; sztype=BEFORE"

2018-06-30 13:15:49,021 | server           | INFO     | PID=21671 | [bufsize: 52428800 bytes] [zerocopy: False]
2018-06-30 13:15:49,035 | methods.match    | INFO     | PID=21671 | [method: methods.match]
2018-06-30 13:15:49,035 | methods.match    | INFO     | PID=21671 | [method parameters: {'func': 'lambda v: int(chr(v)) < 2', 'sztype': 'BEFORE', 'mpws': '50MB'}]
2018-06-30 13:15:49,056 | methods.match    | INFO     | PID=21671 | Start 1 process to handle data filtering
2018-06-30 13:15:49,056 | server           | INFO     | PID=21671 | Ready to send 268435456 bytes using data file size of 1073741824 bytes
2018-06-30 13:15:49,056 | server           | INFO     | PID=21671 | Listening socket bound to port 8881
2018-06-30 13:15:56,085 | server           | INFO     | PID=21671 | Accepted incoming connection ('10.10.1.1', 37761) from client. Sending data ...
2018-06-30 13:17:44,939 | server           | INFO     | PID=21671 | [SUMMARY] [Sent: 53683647 bytes] [Read: 53683647 bytes (19.999% of 268435456 raw bytes)] [Duration: 108.85365104675293 seconds] [Bitrate: 3945381.453632105 bit/s]
2018-06-30 13:17:44,939 | server           | INFO     | PID=21671 | Resources closed, now exiting

 Performance counter stats for 'CPU(s) 1-2':

     232082.384003      task-clock (msec)         #    2.000 CPUs utilized            (100.00%)
             4,923      context-switches          #    0.021 K/sec                    (100.00%)
                 1      cpu-migrations            #    0.000 K/sec                    (100.00%)
            21,161      page-faults               #    0.091 K/sec                  
   279,305,851,185      cycles                    #    1.203 GHz                      (100.00%)
   <not supported>      stalled-cycles-frontend  
   <not supported>      stalled-cycles-backend   
   787,390,038,355      instructions              #    2.82  insns per cycle          (100.00%)
   161,204,127,112      branches                  #  694.599 M/sec                    (100.00%)
        84,243,652      branch-misses             #    0.05% of all branches        

     116.053814245 seconds time elapsed