LC_NUMERIC=en_US.UTF8 perf stat -B -C 1-2 taskset -c 2 /tmp/eucycles/pyben-nio/src/run --server start --bind 10.10.1.5 --size 153391689 --port 8881 --filename /tmp/eucycles/data_file --bufsize 50mb --method "match; func=lambda v: int(chr(v)) < 9; sztype=BEFORE"

2018-06-30 23:11:56,502 | server           | INFO     | PID=632 | [bufsize: 52428800 bytes] [zerocopy: False]
2018-06-30 23:11:56,516 | methods.match    | INFO     | PID=632 | [method: methods.match]
2018-06-30 23:11:56,516 | methods.match    | INFO     | PID=632 | [method parameters: {'mpws': '50MB', 'sztype': 'BEFORE', 'func': 'lambda v: int(chr(v)) < 9'}]
2018-06-30 23:11:56,537 | methods.match    | INFO     | PID=632 | Start 1 process to handle data filtering
2018-06-30 23:11:56,537 | server           | INFO     | PID=632 | Ready to send 153391689 bytes using data file size of 1073741824 bytes
2018-06-30 23:11:56,537 | server           | INFO     | PID=632 | Listening socket bound to port 8881
2018-06-30 23:12:04,844 | server           | INFO     | PID=632 | Accepted incoming connection ('10.10.1.1', 39395) from client. Sending data ...
2018-06-30 23:13:25,716 | server           | INFO     | PID=632 | [SUMMARY] [Sent: 138047009 bytes] [Read: 138047009 bytes (89.996% of 153391689 raw bytes)] [Duration: 80.87116694450378 seconds] [Bitrate: 13655992.781183137 bit/s]
2018-06-30 23:13:25,716 | server           | INFO     | PID=632 | Resources closed, now exiting

 Performance counter stats for 'CPU(s) 1-2':

     178700.597954      task-clock (msec)         #    2.000 CPUs utilized            (100.00%)
             3,253      context-switches          #    0.018 K/sec                    (100.00%)
                 1      cpu-migrations            #    0.000 K/sec                    (100.00%)
            49,844      page-faults               #    0.279 K/sec                  
   208,994,719,975      cycles                    #    1.170 GHz                      (100.00%)
   <not supported>      stalled-cycles-frontend  
   <not supported>      stalled-cycles-backend   
   551,108,592,740      instructions              #    2.64  insns per cycle          (100.00%)
   113,136,743,639      branches                  #  633.108 M/sec                    (100.00%)
        34,248,856      branch-misses             #    0.03% of all branches        

      89.348227917 seconds time elapsed