LC_NUMERIC=en_US.UTF8 perf stat -B -C 1-2 taskset -c 2 /tmp/eucycles/pyben-nio/src/run --server start --bind 10.10.1.6 --size 178956970 --port 8881 --filename /tmp/eucycles/data_file --bufsize 50mb --method "match; func=lambda v: int(chr(v)) < 4; sztype=BEFORE"

2018-06-30 15:31:44,572 | server           | INFO     | PID=13805 | [bufsize: 52428800 bytes] [zerocopy: False]
2018-06-30 15:31:44,586 | methods.match    | INFO     | PID=13805 | [method: methods.match]
2018-06-30 15:31:44,586 | methods.match    | INFO     | PID=13805 | [method parameters: {'mpws': '50MB', 'sztype': 'BEFORE', 'func': 'lambda v: int(chr(v)) < 4'}]
2018-06-30 15:31:44,607 | methods.match    | INFO     | PID=13805 | Start 1 process to handle data filtering
2018-06-30 15:31:44,607 | server           | INFO     | PID=13805 | Ready to send 178956970 bytes using data file size of 1073741824 bytes
2018-06-30 15:31:44,607 | server           | INFO     | PID=13805 | Listening socket bound to port 8881
2018-06-30 15:31:50,436 | server           | INFO     | PID=13805 | Accepted incoming connection ('10.10.1.1', 49375) from client. Sending data ...
2018-06-30 15:33:08,122 | server           | INFO     | PID=13805 | [SUMMARY] [Sent: 71587882 bytes] [Read: 71587882 bytes (40.003% of 178956970 raw bytes)] [Duration: 77.6856460571289 seconds] [Bitrate: 7372057.581639244 bit/s]
2018-06-30 15:33:08,122 | server           | INFO     | PID=13805 | Resources closed, now exiting

 Performance counter stats for 'CPU(s) 1-2':

     167374.485080      task-clock (msec)         #    2.000 CPUs utilized            (100.00%)
             3,502      context-switches          #    0.021 K/sec                    (100.00%)
                 1      cpu-migrations            #    0.000 K/sec                    (100.00%)
            26,279      page-faults               #    0.157 K/sec                  
   216,984,001,623      cycles                    #    1.296 GHz                      (100.00%)
   <not supported>      stalled-cycles-frontend  
   <not supported>      stalled-cycles-backend   
   552,459,578,013      instructions              #    2.55  insns per cycle          (100.00%)
   112,887,920,564      branches                  #  674.463 M/sec                    (100.00%)
        95,885,850      branch-misses             #    0.08% of all branches        

      83.685850173 seconds time elapsed