LC_NUMERIC=en_US.UTF8 perf stat -B -C 1-2 taskset -c 2 /tmp/eucycles/pyben-nio/src/run --server start --bind 10.10.1.2 --size 153391690 --port 8881 --filename /tmp/eucycles/data_file --bufsize 50mb --method "match; func=lambda v: int(chr(v)) < 6; sztype=BEFORE"

2018-06-30 18:47:33,604 | server           | INFO     | PID=15368 | [bufsize: 52428800 bytes] [zerocopy: False]
2018-06-30 18:47:33,618 | methods.match    | INFO     | PID=15368 | [method: methods.match]
2018-06-30 18:47:33,619 | methods.match    | INFO     | PID=15368 | [method parameters: {'sztype': 'BEFORE', 'func': 'lambda v: int(chr(v)) < 6', 'mpws': '50MB'}]
2018-06-30 18:47:33,639 | methods.match    | INFO     | PID=15368 | Start 1 process to handle data filtering
2018-06-30 18:47:33,639 | server           | INFO     | PID=15368 | Ready to send 153391690 bytes using data file size of 1073741824 bytes
2018-06-30 18:47:33,639 | server           | INFO     | PID=15368 | Listening socket bound to port 8881
2018-06-30 18:47:45,545 | server           | INFO     | PID=15368 | Accepted incoming connection ('10.10.1.1', 59845) from client. Sending data ...
2018-06-30 18:48:56,551 | server           | INFO     | PID=15368 | [SUMMARY] [Sent: 92036983 bytes] [Read: 92036983 bytes (60.001% of 153391690 raw bytes)] [Duration: 71.00599813461304 seconds] [Bitrate: 10369488.259345805 bit/s]
2018-06-30 18:48:56,551 | server           | INFO     | PID=15368 | Resources closed, now exiting

 Performance counter stats for 'CPU(s) 1-2':

     166160.545989      task-clock (msec)         #    2.000 CPUs utilized            (100.00%)
             3,159      context-switches          #    0.019 K/sec                    (100.00%)
                 1      cpu-migrations            #    0.000 K/sec                    (100.00%)
            38,602      page-faults               #    0.232 K/sec                  
   178,379,165,715      cycles                    #    1.074 GHz                      (100.00%)
   <not supported>      stalled-cycles-frontend  
   <not supported>      stalled-cycles-backend   
   494,296,727,167      instructions              #    2.77  insns per cycle          (100.00%)
   100,696,534,956      branches                  #  606.020 M/sec                    (100.00%)
        82,611,077      branch-misses             #    0.08% of all branches        

      83.083639787 seconds time elapsed