LC_NUMERIC=en_US.UTF8 perf stat -B -C 1-2 taskset -c 2 /tmp/eucycles/pyben-nio/src/run --server start --bind 10.10.1.2 --size 153391690 --port 8881 --filename /tmp/eucycles/data_file --bufsize 50mb --method "match; func=lambda v: int(chr(v)) < 8; sztype=BEFORE"

2018-06-30 21:41:37,040 | server           | INFO     | PID=22654 | [bufsize: 52428800 bytes] [zerocopy: False]
2018-06-30 21:41:37,054 | methods.match    | INFO     | PID=22654 | [method: methods.match]
2018-06-30 21:41:37,054 | methods.match    | INFO     | PID=22654 | [method parameters: {'sztype': 'BEFORE', 'mpws': '50MB', 'func': 'lambda v: int(chr(v)) < 8'}]
2018-06-30 21:41:37,075 | methods.match    | INFO     | PID=22654 | Start 1 process to handle data filtering
2018-06-30 21:41:37,075 | server           | INFO     | PID=22654 | Ready to send 153391690 bytes using data file size of 1073741824 bytes
2018-06-30 21:41:37,075 | server           | INFO     | PID=22654 | Listening socket bound to port 8881
2018-06-30 21:41:49,122 | server           | INFO     | PID=22654 | Accepted incoming connection ('10.10.1.1', 59895) from client. Sending data ...
2018-06-30 21:43:06,229 | server           | INFO     | PID=22654 | [SUMMARY] [Sent: 122712258 bytes] [Read: 122712258 bytes (79.999% of 153391690 raw bytes)] [Duration: 77.10681700706482 seconds] [Bitrate: 12731663.711524405 bit/s]
2018-06-30 21:43:06,230 | server           | INFO     | PID=22654 | Resources closed, now exiting

 Performance counter stats for 'CPU(s) 1-2':

     178640.844468      task-clock (msec)         #    2.000 CPUs utilized            (100.00%)
             3,224      context-switches          #    0.018 K/sec                    (100.00%)
                 1      cpu-migrations            #    0.000 K/sec                    (100.00%)
            46,083      page-faults               #    0.258 K/sec                  
   188,860,756,811      cycles                    #    1.057 GHz                      (100.00%)
   <not supported>      stalled-cycles-frontend  
   <not supported>      stalled-cycles-backend   
   528,202,855,172      instructions              #    2.80  insns per cycle          (100.00%)
   108,036,291,280      branches                  #  604.768 M/sec                    (100.00%)
        49,579,819      branch-misses             #    0.05% of all branches        

      89.324055110 seconds time elapsed