LC_NUMERIC=en_US.UTF8 perf stat -B -C 1-2 taskset -c 2 /tmp/eucycles/pyben-nio/src/run --server start --bind 10.10.1.2 --size 153391690 --port 8881 --filename /tmp/eucycles/data_file --bufsize 50mb --method "match; func=lambda v: int(chr(v)) < 4; sztype=BEFORE"

2018-06-30 16:27:49,216 | server           | INFO     | PID=9318 | [bufsize: 52428800 bytes] [zerocopy: False]
2018-06-30 16:27:49,231 | methods.match    | INFO     | PID=9318 | [method: methods.match]
2018-06-30 16:27:49,231 | methods.match    | INFO     | PID=9318 | [method parameters: {'sztype': 'BEFORE', 'mpws': '50MB', 'func': 'lambda v: int(chr(v)) < 4'}]
2018-06-30 16:27:49,252 | methods.match    | INFO     | PID=9318 | Start 1 process to handle data filtering
2018-06-30 16:27:49,252 | server           | INFO     | PID=9318 | Ready to send 153391690 bytes using data file size of 1073741824 bytes
2018-06-30 16:27:49,252 | server           | INFO     | PID=9318 | Listening socket bound to port 8881
2018-06-30 16:28:01,219 | server           | INFO     | PID=9318 | Accepted incoming connection ('10.10.1.1', 50491) from client. Sending data ...
2018-06-30 16:29:08,852 | server           | INFO     | PID=9318 | [SUMMARY] [Sent: 61354865 bytes] [Read: 61354865 bytes (39.999% of 153391690 raw bytes)] [Duration: 67.63343501091003 seconds] [Bitrate: 7257341.282766758 bit/s]
2018-06-30 16:29:08,852 | server           | INFO     | PID=9318 | Resources closed, now exiting

 Performance counter stats for 'CPU(s) 1-2':

     159537.182681      task-clock (msec)         #    2.000 CPUs utilized            (100.00%)
             3,045      context-switches          #    0.019 K/sec                    (100.00%)
                 1      cpu-migrations            #    0.000 K/sec                    (100.00%)
            26,280      page-faults               #    0.165 K/sec                  
   170,787,226,390      cycles                    #    1.071 GHz                      (100.00%)
   <not supported>      stalled-cycles-frontend  
   <not supported>      stalled-cycles-backend   
   476,020,370,482      instructions              #    2.79  insns per cycle          (100.00%)
    97,649,389,604      branches                  #  612.079 M/sec                    (100.00%)
        82,659,793      branch-misses             #    0.08% of all branches        

      79.771817086 seconds time elapsed