LC_NUMERIC=en_US.UTF8 perf stat -B -C 1-2 taskset -c 2 /tmp/eucycles/pyben-nio/src/run --server start --bind 10.10.1.6 --size 214748364 --port 8881 --filename /tmp/eucycles/data_file --bufsize 50mb --method "match; func=lambda v: int(chr(v)) < 3; sztype=BEFORE"

2018-06-30 14:10:11,147 | server           | INFO     | PID=11195 | [bufsize: 52428800 bytes] [zerocopy: False]
2018-06-30 14:10:11,161 | methods.match    | INFO     | PID=11195 | [method: methods.match]
2018-06-30 14:10:11,162 | methods.match    | INFO     | PID=11195 | [method parameters: {'sztype': 'BEFORE', 'func': 'lambda v: int(chr(v)) < 3', 'mpws': '50MB'}]
2018-06-30 14:10:11,182 | methods.match    | INFO     | PID=11195 | Start 1 process to handle data filtering
2018-06-30 14:10:11,182 | server           | INFO     | PID=11195 | Ready to send 214748364 bytes using data file size of 1073741824 bytes
2018-06-30 14:10:11,182 | server           | INFO     | PID=11195 | Listening socket bound to port 8881
2018-06-30 14:10:15,717 | server           | INFO     | PID=11195 | Accepted incoming connection ('10.10.1.1', 34471) from client. Sending data ...
2018-06-30 14:11:46,583 | server           | INFO     | PID=11195 | [SUMMARY] [Sent: 64424800 bytes] [Read: 64424800 bytes (30.000% of 214748364 raw bytes)] [Duration: 90.86591386795044 seconds] [Bitrate: 5672076.338207473 bit/s]
2018-06-30 14:11:46,584 | server           | INFO     | PID=11195 | Resources closed, now exiting

 Performance counter stats for 'CPU(s) 1-2':

     191060.636780      task-clock (msec)         #    2.000 CPUs utilized            (100.00%)
             3,809      context-switches          #    0.020 K/sec                    (100.00%)
                 1      cpu-migrations            #    0.000 K/sec                    (100.00%)
            23,684      page-faults               #    0.124 K/sec                  
   260,054,162,095      cycles                    #    1.361 GHz                      (100.00%)
   <not supported>      stalled-cycles-frontend  
   <not supported>      stalled-cycles-backend   
   660,205,858,164      instructions              #    2.54  insns per cycle          (100.00%)
   135,336,187,620      branches                  #  708.342 M/sec                    (100.00%)
        89,878,181      branch-misses             #    0.07% of all branches        

      95.528750253 seconds time elapsed