LC_NUMERIC=en_US.UTF8 perf stat -B -C 1-2 taskset -c 2 /tmp/eucycles/pyben-nio/src/run --client start --addresses 10.10.1.2  10.10.1.3 --size 1GB --port 8881 --bind 10.10.1.1 --bufsize 50mb --method "raw"

2018-06-30 15:46:02,498 | client           | INFO     | PID=27744 | [bufsize: 52428800 bytes]
2018-06-30 15:46:02,523 | client           | INFO     | PID=27746 | Connecting to server 10.10.1.2 on port 8881
2018-06-30 15:46:02,524 | client           | INFO     | PID=27745 | Connecting to server 10.10.1.3 on port 8881
2018-06-30 15:46:02,524 | client           | INFO     | PID=27746 | Connection established. Receiving data ...
2018-06-30 15:46:02,524 | methods.raw      | INFO     | PID=27746 | [method: methods.raw]
2018-06-30 15:46:02,525 | methods.raw      | INFO     | PID=27746 | [method parameters: {}]
2018-06-30 15:46:02,531 | client           | INFO     | PID=27745 | Connection established. Receiving data ...
2018-06-30 15:46:02,531 | methods.raw      | INFO     | PID=27745 | [method: methods.raw]
2018-06-30 15:46:02,532 | methods.raw      | INFO     | PID=27745 | [method parameters: {}]
2018-06-30 15:49:55,250 | client           | INFO     | PID=27745 | [Received: 214754394 bytes (214754394 raw bytes)] [Duration: 232.6829378604889 seconds] [Bitrate: 7383588.877625796 bit/s]
2018-06-30 15:49:55,250 | client           | INFO     | PID=27745 | Socket closed
2018-06-30 15:49:55,724 | client           | INFO     | PID=27746 | [Received: 214747338 bytes (214747338 raw bytes)] [Duration: 233.16292190551758 seconds] [Bitrate: 7368147.087709599 bit/s]
2018-06-30 15:49:55,724 | client           | INFO     | PID=27746 | Socket closed
2018-06-30 15:49:56,296 | client           | INFO     | PID=27744 | [SUMMARY] [Received: 429501732 bytes (100.000% of 429501732 raw bytes)] [Duration: 233.16292190551758 seconds] [Bitrate: 14736536.272230897 bit/s]

 Performance counter stats for 'CPU(s) 1-2':

     467722.766855      task-clock (msec)         #    2.000 CPUs utilized            (100.00%)
             5,904      context-switches          #    0.013 K/sec                    (100.00%)
                 1      cpu-migrations            #    0.000 K/sec                    (100.00%)
           948,426      page-faults               #    0.002 M/sec                  
    17,048,472,140      cycles                    #    0.036 GHz                      (100.00%)
   <not supported>      stalled-cycles-frontend  
   <not supported>      stalled-cycles-backend   
    36,609,043,842      instructions              #    2.15  insns per cycle          (100.00%)
     9,642,387,214      branches                  #   20.616 M/sec                    (100.00%)
        15,108,905      branch-misses             #    0.16% of all branches        

     233.872638902 seconds time elapsed