LC_NUMERIC=en_US.UTF8 perf stat -B -C 1-2 taskset -c 2 /tmp/eucycles/pyben-nio/src/run --client start --addresses 10.10.1.2  10.10.1.3  10.10.1.4 --size 1GB --port 8881 --bind 10.10.1.1 --bufsize 50mb --method "raw"

2018-06-30 19:33:48,379 | client           | INFO     | PID=815 | [bufsize: 52428800 bytes]
2018-06-30 19:33:48,406 | client           | INFO     | PID=818 | Connecting to server 10.10.1.2 on port 8881
2018-06-30 19:33:48,407 | client           | INFO     | PID=817 | Connecting to server 10.10.1.3 on port 8881
2018-06-30 19:33:48,407 | client           | INFO     | PID=818 | Connection established. Receiving data ...
2018-06-30 19:33:48,407 | methods.raw      | INFO     | PID=818 | [method: methods.raw]
2018-06-30 19:33:48,408 | methods.raw      | INFO     | PID=818 | [method parameters: {}]
2018-06-30 19:33:48,411 | client           | INFO     | PID=817 | Connection established. Receiving data ...
2018-06-30 19:33:48,411 | methods.raw      | INFO     | PID=817 | [method: methods.raw]
2018-06-30 19:33:48,412 | methods.raw      | INFO     | PID=817 | [method parameters: {}]
2018-06-30 19:33:48,416 | client           | INFO     | PID=816 | Connecting to server 10.10.1.4 on port 8881
2018-06-30 19:33:48,416 | client           | INFO     | PID=816 | Connection established. Receiving data ...
2018-06-30 19:33:48,416 | methods.raw      | INFO     | PID=816 | [method: methods.raw]
2018-06-30 19:33:48,416 | methods.raw      | INFO     | PID=816 | [method parameters: {}]
2018-06-30 19:36:35,823 | client           | INFO     | PID=816 | [Received: 250534910 bytes (250534910 raw bytes)] [Duration: 167.35149812698364 seconds] [Bitrate: 11976464.52187231 bit/s]
2018-06-30 19:36:35,823 | client           | INFO     | PID=816 | Socket closed
2018-06-30 19:36:38,780 | client           | INFO     | PID=817 | [Received: 250530654 bytes (250530654 raw bytes)] [Duration: 170.31452202796936 seconds] [Bitrate: 11767905.684935423 bit/s]
2018-06-30 19:36:38,780 | client           | INFO     | PID=817 | Socket closed
2018-06-30 19:36:39,508 | client           | INFO     | PID=818 | [Received: 250547879 bytes (250547879 raw bytes)] [Duration: 171.04799008369446 seconds] [Bitrate: 11718249.545167105 bit/s]
2018-06-30 19:36:39,509 | client           | INFO     | PID=818 | Socket closed
2018-06-30 19:36:39,964 | client           | INFO     | PID=815 | [SUMMARY] [Received: 751613443 bytes (100.000% of 751613443 raw bytes)] [Duration: 171.04799008369446 seconds] [Bitrate: 35153336.447027884 bit/s]

 Performance counter stats for 'CPU(s) 1-2':

     343302.129598      task-clock (msec)         #    2.000 CPUs utilized            (100.00%)
             5,133      context-switches          #    0.015 K/sec                    (100.00%)
                 1      cpu-migrations            #    0.000 K/sec                    (100.00%)
         1,194,326      page-faults               #    0.003 M/sec                  
    27,283,411,436      cycles                    #    0.079 GHz                      (100.00%)
   <not supported>      stalled-cycles-frontend  
   <not supported>      stalled-cycles-backend   
    64,751,330,816      instructions              #    2.37  insns per cycle          (100.00%)
    16,569,891,518      branches                  #   48.266 M/sec                    (100.00%)
        25,811,226      branch-misses             #    0.16% of all branches        

     171.659277785 seconds time elapsed