LC_NUMERIC=en_US.UTF8 perf stat -B -C 1-2 taskset -c 2 /tmp/eucycles/pyben-nio/src/run --server start --bind 10.10.1.5 --size 214748365 --port 8881 --filename /tmp/eucycles/data_file --bufsize 50mb --method "match; func=lambda v: int(chr(v)) < 5; sztype=BEFORE"

2018-06-30 17:46:06,986 | server           | INFO     | PID=22759 | [bufsize: 52428800 bytes] [zerocopy: False]
2018-06-30 17:46:07,000 | methods.match    | INFO     | PID=22759 | [method: methods.match]
2018-06-30 17:46:07,000 | methods.match    | INFO     | PID=22759 | [method parameters: {'mpws': '50MB', 'func': 'lambda v: int(chr(v)) < 5', 'sztype': 'BEFORE'}]
2018-06-30 17:46:07,021 | methods.match    | INFO     | PID=22759 | Start 1 process to handle data filtering
2018-06-30 17:46:07,021 | server           | INFO     | PID=22759 | Ready to send 214748365 bytes using data file size of 1073741824 bytes
2018-06-30 17:46:07,021 | server           | INFO     | PID=22759 | Listening socket bound to port 8881
2018-06-30 17:46:12,734 | server           | INFO     | PID=22759 | Accepted incoming connection ('10.10.1.1', 38638) from client. Sending data ...
2018-06-30 17:47:48,602 | server           | INFO     | PID=22759 | [SUMMARY] [Sent: 107373804 bytes] [Read: 107373804 bytes (50.000% of 214748365 raw bytes)] [Duration: 95.86779499053955 seconds] [Bitrate: 8960156.3495308 bit/s]
2018-06-30 17:47:48,602 | server           | INFO     | PID=22759 | Resources closed, now exiting

 Performance counter stats for 'CPU(s) 1-2':

     203506.628223      task-clock (msec)         #    2.000 CPUs utilized            (100.00%)
             4,147      context-switches          #    0.020 K/sec                    (100.00%)
                 1      cpu-migrations            #    0.000 K/sec                    (100.00%)
            28,846      page-faults               #    0.142 K/sec                  
   263,393,065,874      cycles                    #    1.294 GHz                      (100.00%)
   <not supported>      stalled-cycles-frontend  
   <not supported>      stalled-cycles-backend   
   679,561,201,721      instructions              #    2.58  insns per cycle          (100.00%)
   138,745,118,201      branches                  #  681.772 M/sec                    (100.00%)
       132,498,484      branch-misses             #    0.10% of all branches        

     101.750979904 seconds time elapsed