LC_NUMERIC=en_US.UTF8 perf stat -B -C 1-2 taskset -c 2 /tmp/eucycles/pyben-nio/src/run --server start --bind 10.10.1.7 --size 178956970 --port 8881 --filename /tmp/eucycles/data_file --bufsize 50mb --method "match; func=lambda v: int(chr(v)) < 8; sztype=BEFORE"

2018-06-30 22:09:13,324 | server           | INFO     | PID=19573 | [bufsize: 52428800 bytes] [zerocopy: False]
2018-06-30 22:09:13,339 | methods.match    | INFO     | PID=19573 | [method: methods.match]
2018-06-30 22:09:13,339 | methods.match    | INFO     | PID=19573 | [method parameters: {'mpws': '50MB', 'sztype': 'BEFORE', 'func': 'lambda v: int(chr(v)) < 8'}]
2018-06-30 22:09:13,359 | methods.match    | INFO     | PID=19573 | Start 1 process to handle data filtering
2018-06-30 22:09:13,360 | server           | INFO     | PID=19573 | Ready to send 178956970 bytes using data file size of 1073741824 bytes
2018-06-30 22:09:13,360 | server           | INFO     | PID=19573 | Listening socket bound to port 8881
2018-06-30 22:09:18,003 | server           | INFO     | PID=19573 | Accepted incoming connection ('10.10.1.1', 50060) from client. Sending data ...
2018-06-30 22:10:48,014 | server           | INFO     | PID=19573 | [SUMMARY] [Sent: 143164339 bytes] [Read: 143164339 bytes (79.999% of 178956970 raw bytes)] [Duration: 90.01075315475464 seconds] [Bitrate: 12724198.741353394 bit/s]
2018-06-30 22:10:48,014 | server           | INFO     | PID=19573 | Resources closed, now exiting

 Performance counter stats for 'CPU(s) 1-2':

     189576.184364      task-clock (msec)         #    2.000 CPUs utilized            (100.00%)
             3,411      context-switches          #    0.018 K/sec                    (100.00%)
                 1      cpu-migrations            #    0.000 K/sec                    (100.00%)
            51,039      page-faults               #    0.269 K/sec                  
   229,490,172,901      cycles                    #    1.211 GHz                      (100.00%)
   <not supported>      stalled-cycles-frontend  
   <not supported>      stalled-cycles-backend   
   613,787,623,050      instructions              #    2.67  insns per cycle          (100.00%)
   125,431,829,585      branches                  #  661.643 M/sec                    (100.00%)
        57,324,735      branch-misses             #    0.05% of all branches        

      94.782620199 seconds time elapsed