LC_NUMERIC=en_US.UTF8 perf stat -B -C 1-2 taskset -c 2 /tmp/eucycles/pyben-nio/src/run --server start --bind 10.10.1.6 --size 134217728 --port 8881 --filename /tmp/eucycles/data_file --bufsize 50mb --method "match; func=lambda v: int(chr(v)) < 3; sztype=BEFORE"

2018-06-30 14:16:36,974 | server           | INFO     | PID=11652 | [bufsize: 52428800 bytes] [zerocopy: False]
2018-06-30 14:16:36,988 | methods.match    | INFO     | PID=11652 | [method: methods.match]
2018-06-30 14:16:36,988 | methods.match    | INFO     | PID=11652 | [method parameters: {'func': 'lambda v: int(chr(v)) < 3', 'mpws': '50MB', 'sztype': 'BEFORE'}]
2018-06-30 14:16:37,009 | methods.match    | INFO     | PID=11652 | Start 1 process to handle data filtering
2018-06-30 14:16:37,009 | server           | INFO     | PID=11652 | Ready to send 134217728 bytes using data file size of 1073741824 bytes
2018-06-30 14:16:37,009 | server           | INFO     | PID=11652 | Listening socket bound to port 8881
2018-06-30 14:16:45,362 | server           | INFO     | PID=11652 | Accepted incoming connection ('10.10.1.1', 46320) from client. Sending data ...
2018-06-30 14:17:41,979 | server           | INFO     | PID=11652 | [SUMMARY] [Sent: 40267652 bytes] [Read: 40267652 bytes (30.002% of 134217728 raw bytes)] [Duration: 56.616804122924805 seconds] [Bitrate: 5689851.643702391 bit/s]
2018-06-30 14:17:41,979 | server           | INFO     | PID=11652 | Resources closed, now exiting

 Performance counter stats for 'CPU(s) 1-2':

     130281.889302      task-clock (msec)         #    2.000 CPUs utilized            (100.00%)
             2,732      context-switches          #    0.021 K/sec                    (100.00%)
                 1      cpu-migrations            #    0.000 K/sec                    (100.00%)
            23,715      page-faults               #    0.182 K/sec                  
   158,025,266,735      cycles                    #    1.213 GHz                      (100.00%)
   <not supported>      stalled-cycles-frontend  
   <not supported>      stalled-cycles-backend   
   405,195,265,511      instructions              #    2.56  insns per cycle          (100.00%)
    83,057,260,346      branches                  #  637.520 M/sec                    (100.00%)
        57,104,612      branch-misses             #    0.07% of all branches        

      65.139820027 seconds time elapsed