LC_NUMERIC=en_US.UTF8 perf stat -B -C 1-2 taskset -c 2 /tmp/eucycles/pyben-nio/src/run --server start --bind 10.10.1.2 --size 536870912 --port 8881 --filename /tmp/eucycles/data_file --bufsize 50mb --method "match; func=lambda v: int(chr(v)) < 8; sztype=BEFORE"

2018-06-30 21:55:13,799 | server           | INFO     | PID=23109 | [bufsize: 52428800 bytes] [zerocopy: False]
2018-06-30 21:55:13,813 | methods.match    | INFO     | PID=23109 | [method: methods.match]
2018-06-30 21:55:13,814 | methods.match    | INFO     | PID=23109 | [method parameters: {'mpws': '50MB', 'func': 'lambda v: int(chr(v)) < 8', 'sztype': 'BEFORE'}]
2018-06-30 21:55:13,834 | methods.match    | INFO     | PID=23109 | Start 1 process to handle data filtering
2018-06-30 21:55:13,835 | server           | INFO     | PID=23109 | Ready to send 536870912 bytes using data file size of 1073741824 bytes
2018-06-30 21:55:13,835 | server           | INFO     | PID=23109 | Listening socket bound to port 8881
2018-06-30 21:55:19,421 | server           | INFO     | PID=23109 | Accepted incoming connection ('10.10.1.1', 57044) from client. Sending data ...
2018-06-30 21:59:45,753 | server           | INFO     | PID=23109 | [SUMMARY] [Sent: 429499849 bytes] [Read: 429499849 bytes (80.001% of 536870912 raw bytes)] [Duration: 266.33237290382385 seconds] [Bitrate: 12901168.395479977 bit/s]
2018-06-30 21:59:45,754 | server           | INFO     | PID=23109 | Resources closed, now exiting

 Performance counter stats for 'CPU(s) 1-2':

     544154.312869      task-clock (msec)         #    2.000 CPUs utilized            (100.00%)
            10,028      context-switches          #    0.018 K/sec                    (100.00%)
                 1      cpu-migrations            #    0.000 K/sec                    (100.00%)
           120,973      page-faults               #    0.222 K/sec                  
   676,388,147,032      cycles                    #    1.243 GHz                      (100.00%)
   <not supported>      stalled-cycles-frontend  
   <not supported>      stalled-cycles-backend   
 1,861,247,615,727      instructions              #    2.75  insns per cycle          (100.00%)
   380,617,402,535      branches                  #  699.466 M/sec                    (100.00%)
       175,589,041      branch-misses             #    0.05% of all branches        

     272.088571858 seconds time elapsed