LC_NUMERIC=en_US.UTF8 perf stat -B -C 1-2 taskset -c 2 /tmp/eucycles/pyben-nio/src/run --server start --bind 10.10.1.4 --size 134217728 --port 8881 --filename /tmp/eucycles/data_file --bufsize 50mb --method "match; func=lambda v: int(chr(v)) < 8; sztype=BEFORE"

2018-06-30 21:43:54,767 | server           | INFO     | PID=4268 | [bufsize: 52428800 bytes] [zerocopy: False]
2018-06-30 21:43:54,782 | methods.match    | INFO     | PID=4268 | [method: methods.match]
2018-06-30 21:43:54,782 | methods.match    | INFO     | PID=4268 | [method parameters: {'func': 'lambda v: int(chr(v)) < 8', 'sztype': 'BEFORE', 'mpws': '50MB'}]
2018-06-30 21:43:54,802 | methods.match    | INFO     | PID=4268 | Start 1 process to handle data filtering
2018-06-30 21:43:54,803 | server           | INFO     | PID=4268 | Ready to send 134217728 bytes using data file size of 1073741824 bytes
2018-06-30 21:43:54,803 | server           | INFO     | PID=4268 | Listening socket bound to port 8881
2018-06-30 21:44:05,592 | server           | INFO     | PID=4268 | Accepted incoming connection ('10.10.1.1', 54459) from client. Sending data ...
2018-06-30 21:45:11,809 | server           | INFO     | PID=4268 | [SUMMARY] [Sent: 107363541 bytes] [Read: 107363541 bytes (79.992% of 134217728 raw bytes)] [Duration: 66.21647381782532 seconds] [Bitrate: 12971218.164878841 bit/s]
2018-06-30 21:45:11,809 | server           | INFO     | PID=4268 | Resources closed, now exiting

 Performance counter stats for 'CPU(s) 1-2':

     154353.114772      task-clock (msec)         #    2.000 CPUs utilized            (100.00%)
             2,858      context-switches          #    0.019 K/sec                    (100.00%)
                 1      cpu-migrations            #    0.000 K/sec                    (100.00%)
            42,330      page-faults               #    0.274 K/sec                  
   163,725,187,714      cycles                    #    1.061 GHz                      (100.00%)
   <not supported>      stalled-cycles-frontend  
   <not supported>      stalled-cycles-backend   
   458,182,398,787      instructions              #    2.80  insns per cycle          (100.00%)
    93,464,780,324      branches                  #  605.526 M/sec                    (100.00%)
        43,699,849      branch-misses             #    0.05% of all branches        

      77.179479708 seconds time elapsed