LC_NUMERIC=en_US.UTF8 perf stat -B -C 1-2 taskset -c 2 /tmp/eucycles/pyben-nio/src/run --server start --bind 10.10.1.2 --size 153391690 --port 8881 --filename /tmp/eucycles/data_file --bufsize 50mb --method "match; func=lambda v: int(chr(v)) < 2; sztype=BEFORE"

2018-06-30 13:47:59,942 | server           | INFO     | PID=2020 | [bufsize: 52428800 bytes] [zerocopy: False]
2018-06-30 13:47:59,956 | methods.match    | INFO     | PID=2020 | [method: methods.match]
2018-06-30 13:47:59,956 | methods.match    | INFO     | PID=2020 | [method parameters: {'func': 'lambda v: int(chr(v)) < 2', 'sztype': 'BEFORE', 'mpws': '50MB'}]
2018-06-30 13:47:59,977 | methods.match    | INFO     | PID=2020 | Start 1 process to handle data filtering
2018-06-30 13:47:59,977 | server           | INFO     | PID=2020 | Ready to send 153391690 bytes using data file size of 1073741824 bytes
2018-06-30 13:47:59,977 | server           | INFO     | PID=2020 | Listening socket bound to port 8881
2018-06-30 13:48:11,946 | server           | INFO     | PID=2020 | Accepted incoming connection ('10.10.1.1', 39139) from client. Sending data ...
2018-06-30 13:49:14,889 | server           | INFO     | PID=2020 | [SUMMARY] [Sent: 30676206 bytes] [Read: 30676206 bytes (19.999% of 153391690 raw bytes)] [Duration: 62.943026065826416 seconds] [Bitrate: 3898917.2167119556 bit/s]
2018-06-30 13:49:14,889 | server           | INFO     | PID=2020 | Resources closed, now exiting

 Performance counter stats for 'CPU(s) 1-2':

     150162.466048      task-clock (msec)         #    2.000 CPUs utilized            (100.00%)
             3,026      context-switches          #    0.020 K/sec                    (100.00%)
                 1      cpu-migrations            #    0.000 K/sec                    (100.00%)
            21,158      page-faults               #    0.141 K/sec                  
   160,398,029,084      cycles                    #    1.068 GHz                      (100.00%)
   <not supported>      stalled-cycles-frontend  
   <not supported>      stalled-cycles-backend   
   451,172,865,086      instructions              #    2.81  insns per cycle          (100.00%)
    92,765,603,485      branches                  #  617.768 M/sec                    (100.00%)
        49,264,539      branch-misses             #    0.05% of all branches        

      75.084260775 seconds time elapsed