LC_NUMERIC=en_US.UTF8 perf stat -B -C 1-2 taskset -c 2 /tmp/eucycles/pyben-nio/src/run --server start --bind 10.10.1.7 --size 134217728 --port 8881 --filename /tmp/eucycles/data_file --bufsize 50mb --method "match; func=lambda v: int(chr(v)) < 7; sztype=BEFORE"

2018-06-30 20:44:55,431 | server           | INFO     | PID=17750 | [bufsize: 52428800 bytes] [zerocopy: False]
2018-06-30 20:44:55,445 | methods.match    | INFO     | PID=17750 | [method: methods.match]
2018-06-30 20:44:55,446 | methods.match    | INFO     | PID=17750 | [method parameters: {'mpws': '50MB', 'sztype': 'BEFORE', 'func': 'lambda v: int(chr(v)) < 7'}]
2018-06-30 20:44:55,466 | methods.match    | INFO     | PID=17750 | Start 1 process to handle data filtering
2018-06-30 20:44:55,466 | server           | INFO     | PID=17750 | Ready to send 134217728 bytes using data file size of 1073741824 bytes
2018-06-30 20:44:55,466 | server           | INFO     | PID=17750 | Listening socket bound to port 8881
2018-06-30 20:45:02,600 | server           | INFO     | PID=17750 | Accepted incoming connection ('10.10.1.1', 43119) from client. Sending data ...
2018-06-30 20:46:05,328 | server           | INFO     | PID=17750 | [SUMMARY] [Sent: 93955253 bytes] [Read: 93955253 bytes (70.002% of 134217728 raw bytes)] [Duration: 62.72781181335449 seconds] [Bitrate: 11982595.953394607 bit/s]
2018-06-30 20:46:05,328 | server           | INFO     | PID=17750 | Resources closed, now exiting

 Performance counter stats for 'CPU(s) 1-2':

     140078.121365      task-clock (msec)         #    2.000 CPUs utilized            (100.00%)
             2,826      context-switches          #    0.020 K/sec                    (100.00%)
                 1      cpu-migrations            #    0.000 K/sec                    (100.00%)
            39,049      page-faults               #    0.279 K/sec                  
   175,206,712,907      cycles                    #    1.251 GHz                      (100.00%)
   <not supported>      stalled-cycles-frontend  
   <not supported>      stalled-cycles-backend   
   447,755,589,333      instructions              #    2.56  insns per cycle          (100.00%)
    91,371,455,515      branches                  #  652.289 M/sec                    (100.00%)
        57,269,921      branch-misses             #    0.06% of all branches        

      70.034972016 seconds time elapsed