LC_NUMERIC=en_US.UTF8 perf stat -B -C 1-2 taskset -c 2 /tmp/eucycles/pyben-nio/src/run --server start --bind 10.10.1.3 --size 536870912 --port 8881 --filename /tmp/eucycles/data_file --bufsize 50mb --method "match; func=lambda v: int(chr(v)) < 7; sztype=BEFORE"

2018-06-30 19:29:01,435 | server           | INFO     | PID=4549 | [bufsize: 52428800 bytes] [zerocopy: False]
2018-06-30 19:29:01,449 | methods.match    | INFO     | PID=4549 | [method: methods.match]
2018-06-30 19:29:01,450 | methods.match    | INFO     | PID=4549 | [method parameters: {'func': 'lambda v: int(chr(v)) < 7', 'mpws': '50MB', 'sztype': 'BEFORE'}]
2018-06-30 19:29:01,470 | methods.match    | INFO     | PID=4549 | Start 1 process to handle data filtering
2018-06-30 19:29:01,470 | server           | INFO     | PID=4549 | Ready to send 536870912 bytes using data file size of 1073741824 bytes
2018-06-30 19:29:01,470 | server           | INFO     | PID=4549 | Listening socket bound to port 8881
2018-06-30 19:29:05,870 | server           | INFO     | PID=4549 | Accepted incoming connection ('10.10.1.1', 53214) from client. Sending data ...
2018-06-30 19:33:17,925 | server           | INFO     | PID=4549 | [SUMMARY] [Sent: 375807758 bytes] [Read: 375807758 bytes (70.000% of 536870912 raw bytes)] [Duration: 252.05479407310486 seconds] [Bitrate: 11927811.470739251 bit/s]
2018-06-30 19:33:17,925 | server           | INFO     | PID=4549 | Resources closed, now exiting

 Performance counter stats for 'CPU(s) 1-2':

     513108.953230      task-clock (msec)         #    2.000 CPUs utilized            (100.00%)
             9,732      context-switches          #    0.019 K/sec                    (100.00%)
                 1      cpu-migrations            #    0.000 K/sec                    (100.00%)
           107,849      page-faults               #    0.210 K/sec                  
   639,684,764,226      cycles                    #    1.247 GHz                      (100.00%)
   <not supported>      stalled-cycles-frontend  
   <not supported>      stalled-cycles-backend   
 1,787,660,388,565      instructions              #    2.79  insns per cycle          (100.00%)
   364,814,577,677      branches                  #  710.989 M/sec                    (100.00%)
       221,467,679      branch-misses             #    0.06% of all branches        

     256.582589583 seconds time elapsed