LC_NUMERIC=en_US.UTF8 perf stat -B -C 1-2 taskset -c 2 /tmp/eucycles/pyben-nio/src/run --server start --bind 10.10.1.2 --size 357913942 --port 8881 --filename /tmp/eucycles/data_file --bufsize 50mb --method "match; func=lambda v: int(chr(v)) < 8; sztype=BEFORE"

2018-06-30 22:00:10,966 | server           | INFO     | PID=23259 | [bufsize: 52428800 bytes] [zerocopy: False]
2018-06-30 22:00:10,980 | methods.match    | INFO     | PID=23259 | [method: methods.match]
2018-06-30 22:00:10,981 | methods.match    | INFO     | PID=23259 | [method parameters: {'func': 'lambda v: int(chr(v)) < 8', 'sztype': 'BEFORE', 'mpws': '50MB'}]
2018-06-30 22:00:11,001 | methods.match    | INFO     | PID=23259 | Start 1 process to handle data filtering
2018-06-30 22:00:11,001 | server           | INFO     | PID=23259 | Ready to send 357913942 bytes using data file size of 1073741824 bytes
2018-06-30 22:00:11,001 | server           | INFO     | PID=23259 | Listening socket bound to port 8881
2018-06-30 22:00:17,849 | server           | INFO     | PID=23259 | Accepted incoming connection ('10.10.1.1', 56332) from client. Sending data ...
2018-06-30 22:03:14,474 | server           | INFO     | PID=23259 | [SUMMARY] [Sent: 286337390 bytes] [Read: 286337390 bytes (80.002% of 357913942 raw bytes)] [Duration: 176.6256139278412 seconds] [Bitrate: 12969235.146924073 bit/s]
2018-06-30 22:03:14,475 | server           | INFO     | PID=23259 | Resources closed, now exiting

 Performance counter stats for 'CPU(s) 1-2':

     367271.303936      task-clock (msec)         #    2.000 CPUs utilized            (100.00%)
             6,859      context-switches          #    0.019 K/sec                    (100.00%)
                 1      cpu-migrations            #    0.000 K/sec                    (100.00%)
            86,029      page-faults               #    0.234 K/sec                  
   444,836,781,008      cycles                    #    1.211 GHz                      (100.00%)
   <not supported>      stalled-cycles-frontend  
   <not supported>      stalled-cycles-backend   
 1,242,019,686,689      instructions              #    2.79  insns per cycle          (100.00%)
   254,127,565,740      branches                  #  691.934 M/sec                    (100.00%)
       112,161,006      branch-misses             #    0.04% of all branches        

     183.643302021 seconds time elapsed