LC_NUMERIC=en_US.UTF8 perf stat -B -C 1-2 taskset -c 2 /tmp/eucycles/pyben-nio/src/run --server start --bind 10.10.1.6 --size 214748364 --port 8881 --filename /tmp/eucycles/data_file --bufsize 50mb --method "match; func=lambda v: int(chr(v)) < 9; sztype=BEFORE"

2018-06-30 23:07:02,096 | server           | INFO     | PID=26679 | [bufsize: 52428800 bytes] [zerocopy: False]
2018-06-30 23:07:02,110 | methods.match    | INFO     | PID=26679 | [method: methods.match]
2018-06-30 23:07:02,110 | methods.match    | INFO     | PID=26679 | [method parameters: {'func': 'lambda v: int(chr(v)) < 9', 'mpws': '50MB', 'sztype': 'BEFORE'}]
2018-06-30 23:07:02,130 | methods.match    | INFO     | PID=26679 | Start 1 process to handle data filtering
2018-06-30 23:07:02,131 | server           | INFO     | PID=26679 | Ready to send 214748364 bytes using data file size of 1073741824 bytes
2018-06-30 23:07:02,131 | server           | INFO     | PID=26679 | Listening socket bound to port 8881
2018-06-30 23:07:06,737 | server           | INFO     | PID=26679 | Accepted incoming connection ('10.10.1.1', 45608) from client. Sending data ...
2018-06-30 23:08:57,340 | server           | INFO     | PID=26679 | [SUMMARY] [Sent: 193274583 bytes] [Read: 193274583 bytes (90.000% of 214748364 raw bytes)] [Duration: 110.60257697105408 seconds] [Bitrate: 13979752.60924216 bit/s]
2018-06-30 23:08:57,340 | server           | INFO     | PID=26679 | Resources closed, now exiting

 Performance counter stats for 'CPU(s) 1-2':

     230677.970154      task-clock (msec)         #    2.000 CPUs utilized            (100.00%)
             4,072      context-switches          #    0.018 K/sec                    (100.00%)
                 1      cpu-migrations            #    0.000 K/sec                    (100.00%)
            63,277      page-faults               #    0.274 K/sec                  
   300,652,587,191      cycles                    #    1.303 GHz                      (100.00%)
   <not supported>      stalled-cycles-frontend  
   <not supported>      stalled-cycles-backend   
   766,253,759,672      instructions              #    2.55  insns per cycle          (100.00%)
   156,909,857,054      branches                  #  680.212 M/sec                    (100.00%)
        46,882,835      branch-misses             #    0.03% of all branches        

     115.337127386 seconds time elapsed