LC_NUMERIC=en_US.UTF8 perf stat -B -C 1-2 taskset -c 2 /tmp/eucycles/pyben-nio/src/run --server start --bind 10.10.1.3 --size 153391689 --port 8881 --filename /tmp/eucycles/data_file --bufsize 50mb --method "match; func=lambda v: int(chr(v)) < 5; sztype=BEFORE"

2018-06-30 16:55:20,677 | server           | INFO     | PID=31064 | [bufsize: 52428800 bytes] [zerocopy: False]
2018-06-30 16:55:20,691 | methods.match    | INFO     | PID=31064 | [method: methods.match]
2018-06-30 16:55:20,691 | methods.match    | INFO     | PID=31064 | [method parameters: {'sztype': 'BEFORE', 'func': 'lambda v: int(chr(v)) < 5', 'mpws': '50MB'}]
2018-06-30 16:55:20,712 | methods.match    | INFO     | PID=31064 | Start 1 process to handle data filtering
2018-06-30 16:55:20,712 | server           | INFO     | PID=31064 | Ready to send 153391689 bytes using data file size of 1073741824 bytes
2018-06-30 16:55:20,712 | server           | INFO     | PID=31064 | Listening socket bound to port 8881
2018-06-30 16:55:31,537 | server           | INFO     | PID=31064 | Accepted incoming connection ('10.10.1.1', 53930) from client. Sending data ...
2018-06-30 16:56:41,935 | server           | INFO     | PID=31064 | [SUMMARY] [Sent: 76676689 bytes] [Read: 76676689 bytes (49.988% of 153391689 raw bytes)] [Duration: 70.39767789840698 seconds] [Bitrate: 8713547.52475267 bit/s]
2018-06-30 16:56:41,935 | server           | INFO     | PID=31064 | Resources closed, now exiting

 Performance counter stats for 'CPU(s) 1-2':

     162771.164560      task-clock (msec)         #    2.000 CPUs utilized            (100.00%)
             3,092      context-switches          #    0.019 K/sec                    (100.00%)
                 1      cpu-migrations            #    0.000 K/sec                    (100.00%)
            28,839      page-faults               #    0.177 K/sec                  
   176,406,886,940      cycles                    #    1.084 GHz                      (100.00%)
   <not supported>      stalled-cycles-frontend  
   <not supported>      stalled-cycles-backend   
   489,812,463,535      instructions              #    2.78  insns per cycle          (100.00%)
   100,165,384,457      branches                  #  615.375 M/sec                    (100.00%)
        95,434,338      branch-misses             #    0.10% of all branches        

      81.394380788 seconds time elapsed