LC_NUMERIC=en_US.UTF8 perf stat -B -C 1-2 taskset -c 2 /tmp/eucycles/pyben-nio/src/run --server start --bind 10.10.1.3 --size 536870912 --port 8881 --filename /tmp/eucycles/data_file --bufsize 50mb --method "match; func=lambda v: int(chr(v)) < 3; sztype=BEFORE"

2018-06-30 14:26:27,427 | server           | INFO     | PID=24726 | [bufsize: 52428800 bytes] [zerocopy: False]
2018-06-30 14:26:27,441 | methods.match    | INFO     | PID=24726 | [method: methods.match]
2018-06-30 14:26:27,441 | methods.match    | INFO     | PID=24726 | [method parameters: {'mpws': '50MB', 'func': 'lambda v: int(chr(v)) < 3', 'sztype': 'BEFORE'}]
2018-06-30 14:26:27,461 | methods.match    | INFO     | PID=24726 | Start 1 process to handle data filtering
2018-06-30 14:26:27,462 | server           | INFO     | PID=24726 | Ready to send 536870912 bytes using data file size of 1073741824 bytes
2018-06-30 14:26:27,462 | server           | INFO     | PID=24726 | Listening socket bound to port 8881
2018-06-30 14:26:31,862 | server           | INFO     | PID=24726 | Accepted incoming connection ('10.10.1.1', 42843) from client. Sending data ...
2018-06-30 14:30:15,574 | server           | INFO     | PID=24726 | [SUMMARY] [Sent: 161070148 bytes] [Read: 161070148 bytes (30.002% of 536870912 raw bytes)] [Duration: 223.7118320465088 seconds] [Bitrate: 5759915.209724416 bit/s]
2018-06-30 14:30:15,574 | server           | INFO     | PID=24726 | Resources closed, now exiting

 Performance counter stats for 'CPU(s) 1-2':

     456431.754364      task-clock (msec)         #    2.000 CPUs utilized            (100.00%)
             9,053      context-switches          #    0.020 K/sec                    (100.00%)
                 1      cpu-migrations            #    0.000 K/sec                    (100.00%)
            23,675      page-faults               #    0.052 K/sec                  
   572,883,571,136      cycles                    #    1.255 GHz                      (100.00%)
   <not supported>      stalled-cycles-frontend  
   <not supported>      stalled-cycles-backend   
 1,602,856,890,971      instructions              #    2.80  insns per cycle          (100.00%)
   326,847,977,236      branches                  #  716.094 M/sec                    (100.00%)
       220,657,552      branch-misses             #    0.07% of all branches        

     228.240864081 seconds time elapsed