LC_NUMERIC=en_US.UTF8 perf stat -B -C 1-2 taskset -c 2 /tmp/eucycles/pyben-nio/src/run --server start --bind 10.10.1.3 --size 536870912 --port 8881 --filename /tmp/eucycles/data_file --bufsize 50mb --method "match; func=lambda v: v - 48 < 9; sztype=BEFORE"

2018-07-06 19:55:39,209 | server           | INFO     | PID=31471 | [bufsize: 52428800 bytes] [zerocopy: False]
2018-07-06 19:55:39,224 | methods.match    | INFO     | PID=31471 | [method: methods.match]
2018-07-06 19:55:39,224 | methods.match    | INFO     | PID=31471 | [method parameters: {'mpws': '50MB', 'func': 'lambda v: v - 48 < 9', 'sztype': 'BEFORE'}]
2018-07-06 19:55:39,246 | methods.match    | INFO     | PID=31471 | Start 1 process to handle data filtering
2018-07-06 19:55:39,246 | server           | INFO     | PID=31471 | Ready to send 536870912 bytes using data file size of 1073741824 bytes
2018-07-06 19:55:39,246 | server           | INFO     | PID=31471 | Listening socket bound to port 8881
2018-07-06 19:55:44,820 | server           | INFO     | PID=31471 | Accepted incoming connection ('10.10.1.2', 39928) from client. Sending data ...
2018-07-06 19:58:14,159 | server           | INFO     | PID=31471 | [SUMMARY] [Sent: 483177255 bytes] [Read: 483177255 bytes (89.999% of 536870912 raw bytes)] [Duration: 149.33833694458008 seconds] [Bitrate: 25883628.538293343 bit/s]
2018-07-06 19:58:14,159 | server           | INFO     | PID=31471 | Resources closed, now exiting

 Performance counter stats for 'CPU(s) 1-2':

     310177.836278      task-clock (msec)         #    2.000 CPUs utilized            (100.00%)
             9,671      context-switches          #    0.031 K/sec                    (100.00%)
                 1      cpu-migrations            #    0.000 K/sec                    (100.00%)
           252,049      page-faults               #    0.813 K/sec                  
   421,951,616,417      cycles                    #    1.360 GHz                      (100.00%)
   <not supported>      stalled-cycles-frontend  
   <not supported>      stalled-cycles-backend   
 1,004,881,110,471      instructions              #    2.38  insns per cycle          (100.00%)
   192,048,668,329      branches                  #  619.157 M/sec                    (100.00%)
       113,892,615      branch-misses             #    0.06% of all branches        

     155.088609533 seconds time elapsed