LC_NUMERIC=en_US.UTF8 perf stat -B -C 1-2 taskset -c 2 /tmp/eucycles/pyben-nio/src/run --server start --bind 10.10.1.8 --size 178956970 --port 8881 --filename /tmp/eucycles/data_file --bufsize 50mb --method "match; func=lambda v: v - 48 < 8; sztype=BEFORE"

2018-07-06 19:13:51,909 | server           | INFO     | PID=16359 | [bufsize: 52428800 bytes] [zerocopy: False]
2018-07-06 19:13:51,924 | methods.match    | INFO     | PID=16359 | [method: methods.match]
2018-07-06 19:13:51,924 | methods.match    | INFO     | PID=16359 | [method parameters: {'func': 'lambda v: v - 48 < 8', 'sztype': 'BEFORE', 'mpws': '50MB'}]
2018-07-06 19:13:51,946 | methods.match    | INFO     | PID=16359 | Start 1 process to handle data filtering
2018-07-06 19:13:51,946 | server           | INFO     | PID=16359 | Ready to send 178956970 bytes using data file size of 1073741824 bytes
2018-07-06 19:13:51,946 | server           | INFO     | PID=16359 | Listening socket bound to port 8881
2018-07-06 19:13:56,574 | server           | INFO     | PID=16359 | Accepted incoming connection ('10.10.1.2', 36365) from client. Sending data ...
2018-07-06 19:14:44,833 | server           | INFO     | PID=16359 | [SUMMARY] [Sent: 143161810 bytes] [Read: 143161810 bytes (79.998% of 178956970 raw bytes)] [Duration: 48.25899291038513 seconds] [Bitrate: 23732249.90680519 bit/s]
2018-07-06 19:14:44,833 | server           | INFO     | PID=16359 | Resources closed, now exiting

 Performance counter stats for 'CPU(s) 1-2':

     106040.479280      task-clock (msec)         #    2.000 CPUs utilized            (100.00%)
             3,265      context-switches          #    0.031 K/sec                    (100.00%)
                 1      cpu-migrations            #    0.000 K/sec                    (100.00%)
            85,985      page-faults               #    0.811 K/sec                  
   114,375,606,999      cycles                    #    1.079 GHz                      (100.00%)
   <not supported>      stalled-cycles-frontend  
   <not supported>      stalled-cycles-backend   
   317,452,431,846      instructions              #    2.78  insns per cycle          (100.00%)
    60,542,530,948      branches                  #  570.938 M/sec                    (100.00%)
        60,403,547      branch-misses             #    0.10% of all branches        

      53.023000492 seconds time elapsed