LC_NUMERIC=en_US.UTF8 perf stat -B -C 1-2 taskset -c 2 /tmp/eucycles/pyben-nio/src/run --server start --bind 10.10.1.5 --size 214748365 --port 8881 --filename /tmp/eucycles/data_file --bufsize 50mb --method "match; func=lambda v: v - 48 < 1; sztype=BEFORE"

2018-07-06 14:19:36,076 | server           | INFO     | PID=7956 | [bufsize: 52428800 bytes] [zerocopy: False]
2018-07-06 14:19:36,091 | methods.match    | INFO     | PID=7956 | [method: methods.match]
2018-07-06 14:19:36,092 | methods.match    | INFO     | PID=7956 | [method parameters: {'sztype': 'BEFORE', 'func': 'lambda v: v - 48 < 1', 'mpws': '50MB'}]
2018-07-06 14:19:36,114 | methods.match    | INFO     | PID=7956 | Start 1 process to handle data filtering
2018-07-06 14:19:36,114 | server           | INFO     | PID=7956 | Ready to send 214748365 bytes using data file size of 1073741824 bytes
2018-07-06 14:19:36,114 | server           | INFO     | PID=7956 | Listening socket bound to port 8881
2018-07-06 14:19:43,081 | server           | INFO     | PID=7956 | Accepted incoming connection ('10.10.1.2', 59105) from client. Sending data ...
2018-07-06 14:20:19,054 | server           | INFO     | PID=7956 | [SUMMARY] [Sent: 21475306 bytes] [Read: 21475306 bytes (10.000% of 214748365 raw bytes)] [Duration: 35.97263813018799 seconds] [Bitrate: 4775920.169608706 bit/s]
2018-07-06 14:20:19,055 | server           | INFO     | PID=7956 | Resources closed, now exiting

 Performance counter stats for 'CPU(s) 1-2':

      86236.148343      task-clock (msec)         #    2.000 CPUs utilized            (100.00%)
             3,850      context-switches          #    0.045 K/sec                    (100.00%)
                 1      cpu-migrations            #    0.000 K/sec                    (100.00%)
            21,166      page-faults               #    0.245 K/sec                  
    84,752,122,396      cycles                    #    0.983 GHz                      (100.00%)
   <not supported>      stalled-cycles-frontend  
   <not supported>      stalled-cycles-backend   
   254,004,937,589      instructions              #    3.00  insns per cycle          (100.00%)
    46,852,278,060      branches                  #  543.302 M/sec                    (100.00%)
        46,088,925      branch-misses             #    0.10% of all branches        

      43.118269225 seconds time elapsed