LC_NUMERIC=en_US.UTF8 perf stat -B -C 1-2 taskset -c 2 /tmp/eucycles/pyben-nio/src/run --server start --bind 10.10.1.3 --size 214748365 --port 8881 --filename /tmp/eucycles/data_file --bufsize 50mb --method "match; func=lambda v: v - 48 < 7; sztype=BEFORE"

2018-07-06 18:39:07,081 | server           | INFO     | PID=26896 | [bufsize: 52428800 bytes] [zerocopy: False]
2018-07-06 18:39:07,095 | methods.match    | INFO     | PID=26896 | [method: methods.match]
2018-07-06 18:39:07,096 | methods.match    | INFO     | PID=26896 | [method parameters: {'func': 'lambda v: v - 48 < 7', 'sztype': 'BEFORE', 'mpws': '50MB'}]
2018-07-06 18:39:07,118 | methods.match    | INFO     | PID=26896 | Start 1 process to handle data filtering
2018-07-06 18:39:07,118 | server           | INFO     | PID=26896 | Ready to send 214748365 bytes using data file size of 1073741824 bytes
2018-07-06 18:39:07,118 | server           | INFO     | PID=26896 | Listening socket bound to port 8881
2018-07-06 18:39:16,478 | server           | INFO     | PID=26896 | Accepted incoming connection ('10.10.1.2', 59855) from client. Sending data ...
2018-07-06 18:40:11,995 | server           | INFO     | PID=26896 | [SUMMARY] [Sent: 150310007 bytes] [Read: 150310007 bytes (69.994% of 214748365 raw bytes)] [Duration: 55.51715087890625 seconds] [Bitrate: 21659613.956466243 bit/s]
2018-07-06 18:40:11,995 | server           | INFO     | PID=26896 | Resources closed, now exiting

 Performance counter stats for 'CPU(s) 1-2':

     130108.017892      task-clock (msec)         #    2.000 CPUs utilized            (100.00%)
             4,071      context-switches          #    0.031 K/sec                    (100.00%)
                 1      cpu-migrations            #    0.000 K/sec                    (100.00%)
            89,528      page-faults               #    0.688 K/sec                  
   162,109,497,915      cycles                    #    1.246 GHz                      (100.00%)
   <not supported>      stalled-cycles-frontend  
   <not supported>      stalled-cycles-backend   
   380,325,759,176      instructions              #    2.35  insns per cycle          (100.00%)
    73,216,517,814      branches                  #  562.736 M/sec                    (100.00%)
        96,872,189      branch-misses             #    0.13% of all branches        

      65.053775110 seconds time elapsed