LC_NUMERIC=en_US.UTF8 perf stat -B -C 1-2 taskset -c 2 /tmp/eucycles/pyben-nio/src/run --server start --bind 10.10.1.5 --size 178956971 --port 8881 --filename /tmp/eucycles/data_file --bufsize 50mb --method "match; func=lambda v: v - 48 < 10; sztype=BEFORE"

2018-07-06 20:39:13,166 | server           | INFO     | PID=27801 | [bufsize: 52428800 bytes] [zerocopy: False]
2018-07-06 20:39:13,181 | methods.match    | INFO     | PID=27801 | [method: methods.match]
2018-07-06 20:39:13,182 | methods.match    | INFO     | PID=27801 | [method parameters: {'func': 'lambda v: v - 48 < 10', 'sztype': 'BEFORE', 'mpws': '50MB'}]
2018-07-06 20:39:13,204 | methods.match    | INFO     | PID=27801 | Start 1 process to handle data filtering
2018-07-06 20:39:13,204 | server           | INFO     | PID=27801 | Ready to send 178956971 bytes using data file size of 1073741824 bytes
2018-07-06 20:39:13,204 | server           | INFO     | PID=27801 | Listening socket bound to port 8881
2018-07-06 20:39:21,383 | server           | INFO     | PID=27801 | Accepted incoming connection ('10.10.1.2', 35133) from client. Sending data ...
2018-07-06 20:40:12,005 | server           | INFO     | PID=27801 | [SUMMARY] [Sent: 178956971 bytes] [Read: 178956971 bytes (100.000% of 178956971 raw bytes)] [Duration: 50.62159204483032 seconds] [Bitrate: 28281523.953891654 bit/s]
2018-07-06 20:40:12,005 | server           | INFO     | PID=27801 | Resources closed, now exiting

 Performance counter stats for 'CPU(s) 1-2':

     117956.774046      task-clock (msec)         #    2.000 CPUs utilized            (100.00%)
             3,542      context-switches          #    0.030 K/sec                    (100.00%)
                 1      cpu-migrations            #    0.000 K/sec                    (100.00%)
           103,512      page-faults               #    0.878 K/sec                  
   120,133,272,860      cycles                    #    1.018 GHz                      (100.00%)
   <not supported>      stalled-cycles-frontend  
   <not supported>      stalled-cycles-backend   
   344,403,638,553      instructions              #    2.87  insns per cycle          (100.00%)
    65,623,777,099      branches                  #  556.338 M/sec                    (100.00%)
        21,893,798      branch-misses             #    0.03% of all branches        

      58.978720311 seconds time elapsed