LC_NUMERIC=en_US.UTF8 perf stat -B -C 1-2 taskset -c 2 /tmp/eucycles/pyben-nio/src/run --server start --bind 10.10.1.4 --size 153391689 --port 8881 --filename /tmp/eucycles/data_file --bufsize 50mb --method "match; func=lambda v: v - 48 < 0; sztype=BEFORE"

2018-07-06 13:34:52,769 | server           | INFO     | PID=5429 | [bufsize: 52428800 bytes] [zerocopy: False]
2018-07-06 13:34:52,784 | methods.match    | INFO     | PID=5429 | [method: methods.match]
2018-07-06 13:34:52,784 | methods.match    | INFO     | PID=5429 | [method parameters: {'mpws': '50MB', 'sztype': 'BEFORE', 'func': 'lambda v: v - 48 < 0'}]
2018-07-06 13:34:52,806 | methods.match    | INFO     | PID=5429 | Start 1 process to handle data filtering
2018-07-06 13:34:52,806 | server           | INFO     | PID=5429 | Ready to send 153391689 bytes using data file size of 1073741824 bytes
2018-07-06 13:34:52,806 | server           | INFO     | PID=5429 | Listening socket bound to port 8881
2018-07-06 13:35:03,519 | server           | INFO     | PID=5429 | Accepted incoming connection ('10.10.1.2', 36972) from client. Sending data ...
2018-07-06 13:35:26,945 | server           | INFO     | PID=5429 | [SUMMARY] [Sent: 0 bytes] [Read: 0 bytes (0.000% of 153391689 raw bytes)] [Duration: 23.425694942474365 seconds] [Bitrate: 0.0 bit/s]
2018-07-06 13:35:26,945 | server           | INFO     | PID=5429 | Resources closed, now exiting

 Performance counter stats for 'CPU(s) 1-2':

      68624.918673      task-clock (msec)         #    2.000 CPUs utilized            (100.00%)
             2,804      context-switches          #    0.041 K/sec                    (100.00%)
                 1      cpu-migrations            #    0.000 K/sec                    (100.00%)
            16,046      page-faults               #    0.234 K/sec                  
    55,182,440,950      cycles                    #    0.804 GHz                      (100.00%)
   <not supported>      stalled-cycles-frontend  
   <not supported>      stalled-cycles-backend   
   167,106,313,764      instructions              #    3.03  insns per cycle          (100.00%)
    30,599,983,233      branches                  #  445.902 M/sec                    (100.00%)
        18,196,539      branch-misses             #    0.06% of all branches        

      34.315500506 seconds time elapsed