LC_NUMERIC=en_US.UTF8 perf stat -B -C 1-2 taskset -c 2 /tmp/eucycles/pyben-nio/src/run --server start --bind 10.10.1.6 --size 178956971 --port 8881 --filename /tmp/eucycles/data_file --bufsize 50mb --method "match; func=lambda v: v - 48 < 3; sztype=BEFORE"

2018-07-06 15:12:13,494 | server           | INFO     | PID=10130 | [bufsize: 52428800 bytes] [zerocopy: False]
2018-07-06 15:12:13,509 | methods.match    | INFO     | PID=10130 | [method: methods.match]
2018-07-06 15:12:13,509 | methods.match    | INFO     | PID=10130 | [method parameters: {'func': 'lambda v: v - 48 < 3', 'sztype': 'BEFORE', 'mpws': '50MB'}]
2018-07-06 15:12:13,531 | methods.match    | INFO     | PID=10130 | Start 1 process to handle data filtering
2018-07-06 15:12:13,531 | server           | INFO     | PID=10130 | Ready to send 178956971 bytes using data file size of 1073741824 bytes
2018-07-06 15:12:13,531 | server           | INFO     | PID=10130 | Listening socket bound to port 8881
2018-07-06 15:12:20,485 | server           | INFO     | PID=10130 | Accepted incoming connection ('10.10.1.2', 33303) from client. Sending data ...
2018-07-06 15:12:55,837 | server           | INFO     | PID=10130 | [SUMMARY] [Sent: 53685608 bytes] [Read: 53685608 bytes (29.999% of 178956971 raw bytes)] [Duration: 35.351524114608765 seconds] [Bitrate: 12148977.300317258 bit/s]
2018-07-06 15:12:55,837 | server           | INFO     | PID=10130 | Resources closed, now exiting

 Performance counter stats for 'CPU(s) 1-2':

      84960.396161      task-clock (msec)         #    2.000 CPUs utilized            (100.00%)
             3,324      context-switches          #    0.039 K/sec                    (100.00%)
                 1      cpu-migrations            #    0.000 K/sec                    (100.00%)
            31,401      page-faults               #    0.370 K/sec                  
    83,440,138,498      cycles                    #    0.982 GHz                      (100.00%)
   <not supported>      stalled-cycles-frontend  
   <not supported>      stalled-cycles-backend   
   241,103,578,521      instructions              #    2.89  insns per cycle          (100.00%)
    44,937,222,307      branches                  #  528.920 M/sec                    (100.00%)
        79,587,323      branch-misses             #    0.18% of all branches        

      42.483693080 seconds time elapsed