LC_NUMERIC=en_US.UTF8 perf stat -B -C 1-2 taskset -c 2 /tmp/eucycles/pyben-nio/src/run --server start --bind 10.10.1.3 --size 536870912 --port 8881 --filename /tmp/eucycles/data_file --bufsize 50mb --method "match; func=lambda v: v - 48 < 3; sztype=BEFORE"

2018-07-06 15:32:10,542 | server           | INFO     | PID=14612 | [bufsize: 52428800 bytes] [zerocopy: False]
2018-07-06 15:32:10,557 | methods.match    | INFO     | PID=14612 | [method: methods.match]
2018-07-06 15:32:10,557 | methods.match    | INFO     | PID=14612 | [method parameters: {'func': 'lambda v: v - 48 < 3', 'mpws': '50MB', 'sztype': 'BEFORE'}]
2018-07-06 15:32:10,579 | methods.match    | INFO     | PID=14612 | Start 1 process to handle data filtering
2018-07-06 15:32:10,579 | server           | INFO     | PID=14612 | Ready to send 536870912 bytes using data file size of 1073741824 bytes
2018-07-06 15:32:10,579 | server           | INFO     | PID=14612 | Listening socket bound to port 8881
2018-07-06 15:32:16,152 | server           | INFO     | PID=14612 | Accepted incoming connection ('10.10.1.2', 40357) from client. Sending data ...
2018-07-06 15:34:04,643 | server           | INFO     | PID=14612 | [SUMMARY] [Sent: 161070148 bytes] [Read: 161070148 bytes (30.002% of 536870912 raw bytes)] [Duration: 108.49112701416016 seconds] [Bitrate: 11877111.23907689 bit/s]
2018-07-06 15:34:04,644 | server           | INFO     | PID=14612 | Resources closed, now exiting

 Performance counter stats for 'CPU(s) 1-2':

     228484.329064      task-clock (msec)         #    2.000 CPUs utilized            (100.00%)
             9,039      context-switches          #    0.040 K/sec                    (100.00%)
                 1      cpu-migrations            #    0.000 K/sec                    (100.00%)
            31,397      page-faults               #    0.137 K/sec                  
   304,984,846,709      cycles                    #    1.335 GHz                      (100.00%)
   <not supported>      stalled-cycles-frontend  
   <not supported>      stalled-cycles-backend   
   743,866,590,497      instructions              #    2.44  insns per cycle          (100.00%)
   140,517,207,162      branches                  #  614.997 M/sec                    (100.00%)
       233,206,297      branch-misses             #    0.17% of all branches        

     114.241889765 seconds time elapsed