LC_NUMERIC=en_US.UTF8 perf stat -B -C 1-2 taskset -c 2 /tmp/eucycles/pyben-nio/src/run --server start --bind 10.10.1.5 --size 214748365 --port 8881 --filename /tmp/eucycles/data_file --bufsize 50mb --method "match; func=lambda v: v - 48 < 1; sztype=BEFORE"

2018-07-06 14:07:36,753 | server           | INFO     | PID=7199 | [bufsize: 52428800 bytes] [zerocopy: False]
2018-07-06 14:07:36,768 | methods.match    | INFO     | PID=7199 | [method: methods.match]
2018-07-06 14:07:36,768 | methods.match    | INFO     | PID=7199 | [method parameters: {'mpws': '50MB', 'func': 'lambda v: v - 48 < 1', 'sztype': 'BEFORE'}]
2018-07-06 14:07:36,790 | methods.match    | INFO     | PID=7199 | Start 1 process to handle data filtering
2018-07-06 14:07:36,790 | server           | INFO     | PID=7199 | Ready to send 214748365 bytes using data file size of 1073741824 bytes
2018-07-06 14:07:36,790 | server           | INFO     | PID=7199 | Listening socket bound to port 8881
2018-07-06 14:07:43,762 | server           | INFO     | PID=7199 | Accepted incoming connection ('10.10.1.2', 45060) from client. Sending data ...
2018-07-06 14:08:20,040 | server           | INFO     | PID=7199 | [SUMMARY] [Sent: 21475306 bytes] [Read: 21475306 bytes (10.000% of 214748365 raw bytes)] [Duration: 36.27771592140198 seconds] [Bitrate: 4735757.0242906455 bit/s]
2018-07-06 14:08:20,040 | server           | INFO     | PID=7199 | Resources closed, now exiting

 Performance counter stats for 'CPU(s) 1-2':

      86854.226818      task-clock (msec)         #    2.000 CPUs utilized            (100.00%)
             3,839      context-switches          #    0.044 K/sec                    (100.00%)
                 1      cpu-migrations            #    0.000 K/sec                    (100.00%)
            21,167      page-faults               #    0.244 K/sec                  
    85,471,652,167      cycles                    #    0.984 GHz                      (100.00%)
   <not supported>      stalled-cycles-frontend  
   <not supported>      stalled-cycles-backend   
   257,440,199,801      instructions              #    3.01  insns per cycle          (100.00%)
    47,925,936,274      branches                  #  551.797 M/sec                    (100.00%)
        46,065,606      branch-misses             #    0.10% of all branches        

      43.427308762 seconds time elapsed