LC_NUMERIC=en_US.UTF8 perf stat -B -C 1-2 taskset -c 2 /tmp/eucycles/pyben-nio/src/run --server start --bind 10.10.1.3 --size 357913942 --port 8881 --filename /tmp/eucycles/data_file --bufsize 50mb --method "match; func=lambda v: v - 48 < 0; sztype=BEFORE"

2018-07-06 13:29:48,891 | server           | INFO     | PID=5172 | [bufsize: 52428800 bytes] [zerocopy: False]
2018-07-06 13:29:48,906 | methods.match    | INFO     | PID=5172 | [method: methods.match]
2018-07-06 13:29:48,906 | methods.match    | INFO     | PID=5172 | [method parameters: {'mpws': '50MB', 'sztype': 'BEFORE', 'func': 'lambda v: v - 48 < 0'}]
2018-07-06 13:29:48,928 | methods.match    | INFO     | PID=5172 | Start 1 process to handle data filtering
2018-07-06 13:29:48,928 | server           | INFO     | PID=5172 | Ready to send 357913942 bytes using data file size of 1073741824 bytes
2018-07-06 13:29:48,928 | server           | INFO     | PID=5172 | Listening socket bound to port 8881
2018-07-06 13:29:55,760 | server           | INFO     | PID=5172 | Accepted incoming connection ('10.10.1.2', 43359) from client. Sending data ...
2018-07-06 13:30:49,893 | server           | INFO     | PID=5172 | [SUMMARY] [Sent: 0 bytes] [Read: 0 bytes (0.000% of 357913942 raw bytes)] [Duration: 54.133203983306885 seconds] [Bitrate: 0.0 bit/s]
2018-07-06 13:30:49,893 | server           | INFO     | PID=5172 | Resources closed, now exiting

 Performance counter stats for 'CPU(s) 1-2':

     122285.399222      task-clock (msec)         #    2.000 CPUs utilized            (100.00%)
             6,024      context-switches          #    0.049 K/sec                    (100.00%)
                 1      cpu-migrations            #    0.000 K/sec                    (100.00%)
            16,036      page-faults               #    0.131 K/sec                  
   155,982,768,540      cycles                    #    1.276 GHz                      (100.00%)
   <not supported>      stalled-cycles-frontend  
   <not supported>      stalled-cycles-backend   
   396,944,469,601      instructions              #    2.54  insns per cycle          (100.00%)
    73,172,017,399      branches                  #  598.371 M/sec                    (100.00%)
        39,119,418      branch-misses             #    0.05% of all branches        

      61.142464561 seconds time elapsed