LC_NUMERIC=en_US.UTF8 perf stat -B -C 1-2 taskset -c 2 /tmp/eucycles/pyben-nio/src/run --server start --bind 10.10.1.5 --size 153391689 --port 8881 --filename /tmp/eucycles/data_file --bufsize 50mb --method "match; func=lambda v: v - 48 < 8; sztype=BEFORE"

2018-07-06 19:31:44,927 | server           | INFO     | PID=24674 | [bufsize: 52428800 bytes] [zerocopy: False]
2018-07-06 19:31:44,942 | methods.match    | INFO     | PID=24674 | [method: methods.match]
2018-07-06 19:31:44,942 | methods.match    | INFO     | PID=24674 | [method parameters: {'func': 'lambda v: v - 48 < 8', 'mpws': '50MB', 'sztype': 'BEFORE'}]
2018-07-06 19:31:44,964 | methods.match    | INFO     | PID=24674 | Start 1 process to handle data filtering
2018-07-06 19:31:44,964 | server           | INFO     | PID=24674 | Ready to send 153391689 bytes using data file size of 1073741824 bytes
2018-07-06 19:31:44,964 | server           | INFO     | PID=24674 | Listening socket bound to port 8881
2018-07-06 19:31:54,402 | server           | INFO     | PID=24674 | Accepted incoming connection ('10.10.1.2', 47091) from client. Sending data ...
2018-07-06 19:32:34,724 | server           | INFO     | PID=24674 | [SUMMARY] [Sent: 122706571 bytes] [Read: 122706571 bytes (79.996% of 153391689 raw bytes)] [Duration: 40.32161498069763 seconds] [Bitrate: 24345566.72568614 bit/s]
2018-07-06 19:32:34,724 | server           | INFO     | PID=24674 | Resources closed, now exiting

 Performance counter stats for 'CPU(s) 1-2':

      99872.748356      task-clock (msec)         #    2.000 CPUs utilized            (100.00%)
             3,091      context-switches          #    0.031 K/sec                    (100.00%)
                 1      cpu-migrations            #    0.000 K/sec                    (100.00%)
            76,044      page-faults               #    0.761 K/sec                  
    95,723,841,562      cycles                    #    0.958 GHz                      (100.00%)
   <not supported>      stalled-cycles-frontend  
   <not supported>      stalled-cycles-backend   
   269,700,473,537      instructions              #    2.82  insns per cycle          (100.00%)
    51,138,501,273      branches                  #  512.037 M/sec                    (100.00%)
        52,094,034      branch-misses             #    0.10% of all branches        

      49.936629312 seconds time elapsed