LC_NUMERIC=en_US.UTF8 perf stat -B -C 1-2 taskset -c 2 /tmp/eucycles/pyben-nio/src/run --server start --bind 10.10.1.7 --size 178956970 --port 8881 --filename /tmp/eucycles/data_file --bufsize 50mb --method "match; func=lambda v: v - 48 < 10; sztype=BEFORE"

2018-07-06 20:39:15,124 | server           | INFO     | PID=21611 | [bufsize: 52428800 bytes] [zerocopy: False]
2018-07-06 20:39:15,139 | methods.match    | INFO     | PID=21611 | [method: methods.match]
2018-07-06 20:39:15,139 | methods.match    | INFO     | PID=21611 | [method parameters: {'sztype': 'BEFORE', 'func': 'lambda v: v - 48 < 10', 'mpws': '50MB'}]
2018-07-06 20:39:15,161 | methods.match    | INFO     | PID=21611 | Start 1 process to handle data filtering
2018-07-06 20:39:15,161 | server           | INFO     | PID=21611 | Ready to send 178956970 bytes using data file size of 1073741824 bytes
2018-07-06 20:39:15,161 | server           | INFO     | PID=21611 | Listening socket bound to port 8881
2018-07-06 20:39:20,890 | server           | INFO     | PID=21611 | Accepted incoming connection ('10.10.1.2', 48776) from client. Sending data ...
2018-07-06 20:40:11,628 | server           | INFO     | PID=21611 | [SUMMARY] [Sent: 178956970 bytes] [Read: 178956970 bytes (100.000% of 178956970 raw bytes)] [Duration: 50.737863063812256 seconds] [Bitrate: 28216713.782356735 bit/s]
2018-07-06 20:40:11,628 | server           | INFO     | PID=21611 | Resources closed, now exiting

 Performance counter stats for 'CPU(s) 1-2':

     113281.750425      task-clock (msec)         #    2.000 CPUs utilized            (100.00%)
             3,523      context-switches          #    0.031 K/sec                    (100.00%)
                 1      cpu-migrations            #    0.000 K/sec                    (100.00%)
           103,518      page-faults               #    0.914 K/sec                  
   120,398,378,022      cycles                    #    1.063 GHz                      (100.00%)
   <not supported>      stalled-cycles-frontend  
   <not supported>      stalled-cycles-backend   
   344,395,029,614      instructions              #    2.86  insns per cycle          (100.00%)
    65,621,643,331      branches                  #  579.278 M/sec                    (100.00%)
        21,849,462      branch-misses             #    0.03% of all branches        

      56.644758894 seconds time elapsed