LC_NUMERIC=en_US.UTF8 perf stat -B -C 1-2 taskset -c 2 /tmp/eucycles/pyben-nio/src/run --server start --bind 10.10.1.4 --size 214748365 --port 8881 --filename /tmp/eucycles/data_file --bufsize 50mb --method "match; func=lambda v: v - 48 < 8; sztype=BEFORE"

2018-07-06 19:28:39,654 | server           | INFO     | PID=27225 | [bufsize: 52428800 bytes] [zerocopy: False]
2018-07-06 19:28:39,670 | methods.match    | INFO     | PID=27225 | [method: methods.match]
2018-07-06 19:28:39,670 | methods.match    | INFO     | PID=27225 | [method parameters: {'mpws': '50MB', 'sztype': 'BEFORE', 'func': 'lambda v: v - 48 < 8'}]
2018-07-06 19:28:39,692 | methods.match    | INFO     | PID=27225 | Start 1 process to handle data filtering
2018-07-06 19:28:39,692 | server           | INFO     | PID=27225 | Ready to send 214748365 bytes using data file size of 1073741824 bytes
2018-07-06 19:28:39,692 | server           | INFO     | PID=27225 | Listening socket bound to port 8881
2018-07-06 19:28:47,879 | server           | INFO     | PID=27225 | Accepted incoming connection ('10.10.1.2', 60815) from client. Sending data ...
2018-07-06 19:29:44,190 | server           | INFO     | PID=27225 | [SUMMARY] [Sent: 171794406 bytes] [Read: 171794406 bytes (79.998% of 214748365 raw bytes)] [Duration: 56.31118988990784 seconds] [Bitrate: 24406432.374932174 bit/s]
2018-07-06 19:29:44,190 | server           | INFO     | PID=27225 | Resources closed, now exiting

 Performance counter stats for 'CPU(s) 1-2':

     129339.694629      task-clock (msec)         #    2.000 CPUs utilized            (100.00%)
             4,087      context-switches          #    0.032 K/sec                    (100.00%)
                 1      cpu-migrations            #    0.000 K/sec                    (100.00%)
           100,016      page-faults               #    0.773 K/sec                  
   133,325,268,977      cycles                    #    1.031 GHz                      (100.00%)
   <not supported>      stalled-cycles-frontend  
   <not supported>      stalled-cycles-backend   
   377,446,571,714      instructions              #    2.83  insns per cycle          (100.00%)
    71,564,584,938      branches                  #  553.307 M/sec                    (100.00%)
        72,065,949      branch-misses             #    0.10% of all branches        

      64.675742359 seconds time elapsed