LC_NUMERIC=en_US.UTF8 perf stat -B -C 1-2 taskset -c 2 /tmp/eucycles/pyben-nio/src/run --server start --bind 10.10.1.8 --size 153391689 --port 8881 --filename /tmp/eucycles/data_file --bufsize 50mb --method "match; func=lambda v: v - 48 < 4; sztype=BEFORE"

2018-07-06 16:08:43,139 | server           | INFO     | PID=10541 | [bufsize: 52428800 bytes] [zerocopy: False]
2018-07-06 16:08:43,154 | methods.match    | INFO     | PID=10541 | [method: methods.match]
2018-07-06 16:08:43,154 | methods.match    | INFO     | PID=10541 | [method parameters: {'func': 'lambda v: v - 48 < 4', 'sztype': 'BEFORE', 'mpws': '50MB'}]
2018-07-06 16:08:43,176 | methods.match    | INFO     | PID=10541 | Start 1 process to handle data filtering
2018-07-06 16:08:43,176 | server           | INFO     | PID=10541 | Ready to send 153391689 bytes using data file size of 1073741824 bytes
2018-07-06 16:08:43,176 | server           | INFO     | PID=10541 | Listening socket bound to port 8881
2018-07-06 16:08:48,947 | server           | INFO     | PID=10541 | Accepted incoming connection ('10.10.1.2', 45687) from client. Sending data ...
2018-07-06 16:09:22,057 | server           | INFO     | PID=10541 | [SUMMARY] [Sent: 61357554 bytes] [Read: 61357554 bytes (40.001% of 153391689 raw bytes)] [Duration: 33.1101610660553 seconds] [Bitrate: 14825069.289778616 bit/s]
2018-07-06 16:09:22,057 | server           | INFO     | PID=10541 | Resources closed, now exiting

 Performance counter stats for 'CPU(s) 1-2':

      78121.944103      task-clock (msec)         #    2.000 CPUs utilized            (100.00%)
             2,946      context-switches          #    0.038 K/sec                    (100.00%)
                 1      cpu-migrations            #    0.000 K/sec                    (100.00%)
            36,527      page-faults               #    0.468 K/sec                  
    78,323,553,399      cycles                    #    1.003 GHz                      (100.00%)
   <not supported>      stalled-cycles-frontend  
   <not supported>      stalled-cycles-backend   
   219,304,891,858      instructions              #    2.80  insns per cycle          (100.00%)
    41,049,757,601      branches                  #  525.457 M/sec                    (100.00%)
        86,333,909      branch-misses             #    0.21% of all branches        

      39.062957693 seconds time elapsed