LC_NUMERIC=en_US.UTF8 perf stat -B -C 1-2 taskset -c 2 /tmp/eucycles/pyben-nio/src/run --server start --bind 10.10.1.3 --size 1073741824 --port 8881 --filename /tmp/eucycles/data_file --bufsize 50mb --method "match; func=lambda v: v - 48 < 0; sztype=BEFORE"

2018-07-06 13:24:47,372 | server           | INFO     | PID=4876 | [bufsize: 52428800 bytes] [zerocopy: False]
2018-07-06 13:24:47,387 | methods.match    | INFO     | PID=4876 | [method: methods.match]
2018-07-06 13:24:47,388 | methods.match    | INFO     | PID=4876 | [method parameters: {'sztype': 'BEFORE', 'func': 'lambda v: v - 48 < 0', 'mpws': '50MB'}]
2018-07-06 13:24:47,409 | methods.match    | INFO     | PID=4876 | Start 1 process to handle data filtering
2018-07-06 13:24:47,410 | server           | INFO     | PID=4876 | Ready to send 1073741824 bytes using data file size of 1073741824 bytes
2018-07-06 13:24:47,410 | server           | INFO     | PID=4876 | Listening socket bound to port 8881
2018-07-06 13:24:51,773 | server           | INFO     | PID=4876 | Accepted incoming connection ('10.10.1.2', 41582) from client. Sending data ...
2018-07-06 13:27:35,146 | server           | INFO     | PID=4876 | [SUMMARY] [Sent: 0 bytes] [Read: 0 bytes (0.000% of 1073741824 raw bytes)] [Duration: 163.37256503105164 seconds] [Bitrate: 0.0 bit/s]
2018-07-06 13:27:35,146 | server           | INFO     | PID=4876 | Resources closed, now exiting

 Performance counter stats for 'CPU(s) 1-2':

     335825.521631      task-clock (msec)         #    2.000 CPUs utilized            (100.00%)
            17,095      context-switches          #    0.051 K/sec                    (100.00%)
                 1      cpu-migrations            #    0.000 K/sec                    (100.00%)
            16,035      page-faults               #    0.048 K/sec                  
   445,703,959,792      cycles                    #    1.327 GHz                      (100.00%)
   <not supported>      stalled-cycles-frontend  
   <not supported>      stalled-cycles-backend   
 1,184,129,927,914      instructions              #    2.66  insns per cycle          (100.00%)
   217,863,117,299      branches                  #  648.739 M/sec                    (100.00%)
       112,254,417      branch-misses             #    0.05% of all branches        

     167.912435560 seconds time elapsed