LC_NUMERIC=en_US.UTF8 perf stat -B -C 1-2 taskset -c 2 /tmp/eucycles/pyben-nio/src/run --server start --bind 10.10.1.8 --size 178956970 --port 8881 --filename /tmp/eucycles/data_file --bufsize 50mb --method "match; func=lambda v: v - 48 < 2; sztype=BEFORE"

2018-07-06 14:59:02,341 | server           | INFO     | PID=7966 | [bufsize: 52428800 bytes] [zerocopy: False]
2018-07-06 14:59:02,355 | methods.match    | INFO     | PID=7966 | [method: methods.match]
2018-07-06 14:59:02,356 | methods.match    | INFO     | PID=7966 | [method parameters: {'func': 'lambda v: v - 48 < 2', 'sztype': 'BEFORE', 'mpws': '50MB'}]
2018-07-06 14:59:02,378 | methods.match    | INFO     | PID=7966 | Start 1 process to handle data filtering
2018-07-06 14:59:02,378 | server           | INFO     | PID=7966 | Ready to send 178956970 bytes using data file size of 1073741824 bytes
2018-07-06 14:59:02,378 | server           | INFO     | PID=7966 | Listening socket bound to port 8881
2018-07-06 14:59:06,931 | server           | INFO     | PID=7966 | Accepted incoming connection ('10.10.1.2', 54307) from client. Sending data ...
2018-07-06 14:59:40,344 | server           | INFO     | PID=7966 | [SUMMARY] [Sent: 35799041 bytes] [Read: 35799041 bytes (20.004% of 178956970 raw bytes)] [Duration: 33.412906885147095 seconds] [Bitrate: 8571308.356511442 bit/s]
2018-07-06 14:59:40,344 | server           | INFO     | PID=7966 | Resources closed, now exiting

 Performance counter stats for 'CPU(s) 1-2':

      76200.877632      task-clock (msec)         #    2.000 CPUs utilized            (100.00%)
             3,051      context-switches          #    0.040 K/sec                    (100.00%)
                 1      cpu-migrations            #    0.000 K/sec                    (100.00%)
            26,248      page-faults               #    0.344 K/sec                  
    78,771,144,358      cycles                    #    1.034 GHz                      (100.00%)
   <not supported>      stalled-cycles-frontend  
   <not supported>      stalled-cycles-backend   
   229,275,269,138      instructions              #    2.91  insns per cycle          (100.00%)
    42,890,353,156      branches                  #  562.859 M/sec                    (100.00%)
        59,571,824      branch-misses             #    0.14% of all branches        

      38.102370706 seconds time elapsed