LC_NUMERIC=en_US.UTF8 perf stat -B -C 1-2 taskset -c 2 /tmp/eucycles/pyben-nio/src/run --server start --bind 10.10.1.4 --size 178956971 --port 8881 --filename /tmp/eucycles/data_file --bufsize 50mb --method "match; func=lambda v: v - 48 < 5; sztype=BEFORE"

2018-07-06 16:36:20,370 | server           | INFO     | PID=17464 | [bufsize: 52428800 bytes] [zerocopy: False]
2018-07-06 16:36:20,386 | methods.match    | INFO     | PID=17464 | [method: methods.match]
2018-07-06 16:36:20,386 | methods.match    | INFO     | PID=17464 | [method parameters: {'sztype': 'BEFORE', 'mpws': '50MB', 'func': 'lambda v: v - 48 < 5'}]
2018-07-06 16:36:20,408 | methods.match    | INFO     | PID=17464 | Start 1 process to handle data filtering
2018-07-06 16:36:20,408 | server           | INFO     | PID=17464 | Ready to send 178956971 bytes using data file size of 1073741824 bytes
2018-07-06 16:36:20,408 | server           | INFO     | PID=17464 | Listening socket bound to port 8881
2018-07-06 16:36:29,871 | server           | INFO     | PID=17464 | Accepted incoming connection ('10.10.1.2', 42155) from client. Sending data ...
2018-07-06 16:37:10,981 | server           | INFO     | PID=17464 | [SUMMARY] [Sent: 89464236 bytes] [Read: 89464236 bytes (49.992% of 178956971 raw bytes)] [Duration: 41.10919713973999 seconds] [Bitrate: 17410067.279278584 bit/s]
2018-07-06 16:37:10,981 | server           | INFO     | PID=17464 | Resources closed, now exiting

 Performance counter stats for 'CPU(s) 1-2':

     101494.523077      task-clock (msec)         #    2.000 CPUs utilized            (100.00%)
             3,374      context-switches          #    0.033 K/sec                    (100.00%)
                 1      cpu-migrations            #    0.000 K/sec                    (100.00%)
            41,634      page-faults               #    0.410 K/sec                  
    97,361,984,573      cycles                    #    0.959 GHz                      (100.00%)
   <not supported>      stalled-cycles-frontend  
   <not supported>      stalled-cycles-backend   
   270,465,942,613      instructions              #    2.78  insns per cycle          (100.00%)
    50,816,495,688      branches                  #  500.682 M/sec                    (100.00%)
       112,811,276      branch-misses             #    0.22% of all branches        

      50.751847825 seconds time elapsed