LC_NUMERIC=en_US.UTF8 perf stat -B -C 1-2 taskset -c 2 /tmp/eucycles/pyben-nio/src/run --server start --bind 10.10.1.4 --size 268435456 --port 8881 --filename /tmp/eucycles/data_file --bufsize 50mb --method "match; func=lambda v: v - 48 < 8; sztype=BEFORE"

2018-07-06 18:53:46,969 | server           | INFO     | PID=25230 | [bufsize: 52428800 bytes] [zerocopy: False]
2018-07-06 18:53:46,984 | methods.match    | INFO     | PID=25230 | [method: methods.match]
2018-07-06 18:53:46,984 | methods.match    | INFO     | PID=25230 | [method parameters: {'sztype': 'BEFORE', 'mpws': '50MB', 'func': 'lambda v: v - 48 < 8'}]
2018-07-06 18:53:47,006 | methods.match    | INFO     | PID=25230 | Start 1 process to handle data filtering
2018-07-06 18:53:47,006 | server           | INFO     | PID=25230 | Ready to send 268435456 bytes using data file size of 1073741824 bytes
2018-07-06 18:53:47,006 | server           | INFO     | PID=25230 | Listening socket bound to port 8881
2018-07-06 18:53:53,881 | server           | INFO     | PID=25230 | Accepted incoming connection ('10.10.1.2', 56779) from client. Sending data ...
2018-07-06 18:55:03,997 | server           | INFO     | PID=25230 | [SUMMARY] [Sent: 214745194 bytes] [Read: 214745194 bytes (79.999% of 268435456 raw bytes)] [Duration: 70.11556506156921 seconds] [Bitrate: 24501857.048309315 bit/s]
2018-07-06 18:55:03,997 | server           | INFO     | PID=25230 | Resources closed, now exiting

 Performance counter stats for 'CPU(s) 1-2':

     154321.053075      task-clock (msec)         #    2.000 CPUs utilized            (100.00%)
             5,023      context-switches          #    0.033 K/sec                    (100.00%)
                 1      cpu-migrations            #    0.000 K/sec                    (100.00%)
           120,996      page-faults               #    0.784 K/sec                  
   166,051,407,559      cycles                    #    1.076 GHz                      (100.00%)
   <not supported>      stalled-cycles-frontend  
   <not supported>      stalled-cycles-backend   
   471,731,032,705      instructions              #    2.84  insns per cycle          (100.00%)
    89,438,428,927      branches                  #  579.561 M/sec                    (100.00%)
        89,337,059      branch-misses             #    0.10% of all branches        

      77.167595459 seconds time elapsed