LC_NUMERIC=en_US.UTF8 perf stat -B -C 1-2 taskset -c 2 /tmp/eucycles/pyben-nio/src/run --server start --bind 10.10.1.4 --size 153391689 --port 8881 --filename /tmp/eucycles/data_file --bufsize 50mb --method "match; func=lambda v: v - 48 < 2; sztype=BEFORE"

2018-07-06 14:47:31,430 | server           | INFO     | PID=10596 | [bufsize: 52428800 bytes] [zerocopy: False]
2018-07-06 14:47:31,445 | methods.match    | INFO     | PID=10596 | [method: methods.match]
2018-07-06 14:47:31,446 | methods.match    | INFO     | PID=10596 | [method parameters: {'sztype': 'BEFORE', 'mpws': '50MB', 'func': 'lambda v: v - 48 < 2'}]
2018-07-06 14:47:31,467 | methods.match    | INFO     | PID=10596 | Start 1 process to handle data filtering
2018-07-06 14:47:31,468 | server           | INFO     | PID=10596 | Ready to send 153391689 bytes using data file size of 1073741824 bytes
2018-07-06 14:47:31,468 | server           | INFO     | PID=10596 | Listening socket bound to port 8881
2018-07-06 14:47:42,121 | server           | INFO     | PID=10596 | Accepted incoming connection ('10.10.1.2', 52855) from client. Sending data ...
2018-07-06 14:48:10,270 | server           | INFO     | PID=10596 | [SUMMARY] [Sent: 30672262 bytes] [Read: 30672262 bytes (19.996% of 153391689 raw bytes)] [Duration: 28.148393154144287 seconds] [Bitrate: 8717303.849504922 bit/s]
2018-07-06 14:48:10,270 | server           | INFO     | PID=10596 | Resources closed, now exiting

 Performance counter stats for 'CPU(s) 1-2':

      77953.036859      task-clock (msec)         #    2.000 CPUs utilized            (100.00%)
             2,880      context-switches          #    0.037 K/sec                    (100.00%)
                 1      cpu-migrations            #    0.000 K/sec                    (100.00%)
            26,601      page-faults               #    0.341 K/sec                  
    66,522,875,465      cycles                    #    0.853 GHz                      (100.00%)
   <not supported>      stalled-cycles-frontend  
   <not supported>      stalled-cycles-backend   
   194,126,757,242      instructions              #    2.92  insns per cycle          (100.00%)
    36,009,416,247      branches                  #  461.937 M/sec                    (100.00%)
        51,376,505      branch-misses             #    0.14% of all branches        

      38.979998986 seconds time elapsed