LC_NUMERIC=en_US.UTF8 perf stat -B -C 1-2 taskset -c 2 /tmp/eucycles/pyben-nio/src/run --server start --bind 10.10.1.7 --size 214748364 --port 8881 --filename /tmp/eucycles/data_file --bufsize 50mb --method "match; func=lambda v: v - 48 < 0; sztype=BEFORE"

2018-07-06 13:21:17,937 | server           | INFO     | PID=4027 | [bufsize: 52428800 bytes] [zerocopy: False]
2018-07-06 13:21:17,952 | methods.match    | INFO     | PID=4027 | [method: methods.match]
2018-07-06 13:21:17,952 | methods.match    | INFO     | PID=4027 | [method parameters: {'mpws': '50MB', 'sztype': 'BEFORE', 'func': 'lambda v: v - 48 < 0'}]
2018-07-06 13:21:17,974 | methods.match    | INFO     | PID=4027 | Start 1 process to handle data filtering
2018-07-06 13:21:17,974 | server           | INFO     | PID=4027 | Ready to send 214748364 bytes using data file size of 1073741824 bytes
2018-07-06 13:21:17,974 | server           | INFO     | PID=4027 | Listening socket bound to port 8881
2018-07-06 13:21:22,558 | server           | INFO     | PID=4027 | Accepted incoming connection ('10.10.1.2', 54601) from client. Sending data ...
2018-07-06 13:21:56,120 | server           | INFO     | PID=4027 | [SUMMARY] [Sent: 0 bytes] [Read: 0 bytes (0.000% of 214748364 raw bytes)] [Duration: 33.5612690448761 seconds] [Bitrate: 0.0 bit/s]
2018-07-06 13:21:56,120 | server           | INFO     | PID=4027 | Resources closed, now exiting

 Performance counter stats for 'CPU(s) 1-2':

      76557.447501      task-clock (msec)         #    2.000 CPUs utilized            (100.00%)
             3,538      context-switches          #    0.046 K/sec                    (100.00%)
                 2      cpu-migrations            #    0.000 K/sec                    (100.00%)
            16,010      page-faults               #    0.209 K/sec                  
    78,859,793,205      cycles                    #    1.030 GHz                      (100.00%)
   <not supported>      stalled-cycles-frontend  
   <not supported>      stalled-cycles-backend   
   233,797,733,183      instructions              #    2.96  insns per cycle          (100.00%)
    42,806,579,209      branches                  #  559.143 M/sec                    (100.00%)
        24,425,874      branch-misses             #    0.06% of all branches        

      38.281290057 seconds time elapsed