LC_NUMERIC=en_US.UTF8 perf stat -B -C 1-2 taskset -c 2 /tmp/eucycles/pyben-nio/src/run --server start --bind 10.10.1.8 --size 178956970 --port 8881 --filename /tmp/eucycles/data_file --bufsize 50mb --method "match; func=lambda v: v - 48 < 1; sztype=BEFORE"

2018-07-06 14:20:55,960 | server           | INFO     | PID=6500 | [bufsize: 52428800 bytes] [zerocopy: False]
2018-07-06 14:20:55,974 | methods.match    | INFO     | PID=6500 | [method: methods.match]
2018-07-06 14:20:55,975 | methods.match    | INFO     | PID=6500 | [method parameters: {'func': 'lambda v: v - 48 < 1', 'mpws': '50MB', 'sztype': 'BEFORE'}]
2018-07-06 14:20:55,997 | methods.match    | INFO     | PID=6500 | Start 1 process to handle data filtering
2018-07-06 14:20:55,997 | server           | INFO     | PID=6500 | Ready to send 178956970 bytes using data file size of 1073741824 bytes
2018-07-06 14:20:55,997 | server           | INFO     | PID=6500 | Listening socket bound to port 8881
2018-07-06 14:21:00,551 | server           | INFO     | PID=6500 | Accepted incoming connection ('10.10.1.2', 38671) from client. Sending data ...
2018-07-06 14:21:31,705 | server           | INFO     | PID=6500 | [SUMMARY] [Sent: 17900871 bytes] [Read: 17900871 bytes (10.003% of 178956970 raw bytes)] [Duration: 31.152942180633545 seconds] [Bitrate: 4596900.259681594 bit/s]
2018-07-06 14:21:31,705 | server           | INFO     | PID=6500 | Resources closed, now exiting

 Performance counter stats for 'CPU(s) 1-2':

      71685.894424      task-clock (msec)         #    2.000 CPUs utilized            (100.00%)
             3,035      context-switches          #    0.042 K/sec                    (100.00%)
                 1      cpu-migrations            #    0.000 K/sec                    (100.00%)
            21,126      page-faults               #    0.295 K/sec                  
    73,369,137,438      cycles                    #    1.023 GHz                      (100.00%)
   <not supported>      stalled-cycles-frontend  
   <not supported>      stalled-cycles-backend   
   217,275,123,900      instructions              #    2.96  insns per cycle          (100.00%)
    40,666,148,810      branches                  #  567.282 M/sec                    (100.00%)
        38,800,933      branch-misses             #    0.10% of all branches        

      35.844755213 seconds time elapsed