LC_NUMERIC=en_US.UTF8 perf stat -B -C 1-2 taskset -c 2 /tmp/eucycles/pyben-nio/src/run --client start --addresses 10.10.1.3 --size 1GB --port 8881 --bind 10.10.1.2 --bufsize 50mb --cache 0b --method "raw"

2018-07-06 20:07:27,637 | client           | INFO     | PID=17025 | [bufsize: 52428800 bytes]
2018-07-06 20:07:27,662 | client           | INFO     | PID=17026 | Connecting to server 10.10.1.3 on port 8881
2018-07-06 20:07:27,663 | client           | INFO     | PID=17026 | Connection established. Receiving data ...
2018-07-06 20:07:27,663 | methods.raw      | INFO     | PID=17026 | [method: methods.raw]
2018-07-06 20:07:27,663 | methods.raw      | INFO     | PID=17026 | [method parameters: {}]
2018-07-06 20:12:23,531 | client           | INFO     | PID=17026 | [Received: 966362865 bytes (966362865 raw bytes)] [Duration: 295.84537410736084 seconds] [Bitrate: 26131566.00242968 bit/s]
2018-07-06 20:12:23,531 | client           | INFO     | PID=17026 | Socket closed
2018-07-06 20:12:23,611 | client           | INFO     | PID=17025 | [SUMMARY] [Received: 966362865 bytes (100.000% of 966362865 raw bytes)] [Duration: 295.84537410736084 seconds] [Bitrate: 26131566.00242968 bit/s]

 Performance counter stats for 'CPU(s) 1-2':

     592048.474504      task-clock (msec)         #    2.000 CPUs utilized            (100.00%)
            13,860      context-switches          #    0.023 K/sec                    (100.00%)
                 1      cpu-migrations            #    0.000 K/sec                    (100.00%)
            20,135      page-faults               #    0.034 K/sec                  
     4,241,562,324      cycles                    #    0.007 GHz                      (100.00%)
   <not supported>      stalled-cycles-frontend  
   <not supported>      stalled-cycles-backend   
     2,246,713,252      instructions              #    0.53  insns per cycle          (100.00%)
       446,938,689      branches                  #    0.755 M/sec                    (100.00%)
        10,256,173      branch-misses             #    2.29% of all branches        

     296.054220486 seconds time elapsed