LC_NUMERIC=en_US.UTF8 perf stat -B -C 1-2 taskset -c 2 /tmp/eucycles/pyben-nio/src/run --server start --bind 10.10.1.8 --size 178956970 --port 8881 --filename /tmp/eucycles/data_file --bufsize 50mb --method "match; func=lambda v: v - 48 < 6; sztype=BEFORE"

2018-07-06 17:52:50,930 | server           | INFO     | PID=13874 | [bufsize: 52428800 bytes] [zerocopy: False]
2018-07-06 17:52:50,945 | methods.match    | INFO     | PID=13874 | [method: methods.match]
2018-07-06 17:52:50,945 | methods.match    | INFO     | PID=13874 | [method parameters: {'func': 'lambda v: v - 48 < 6', 'mpws': '50MB', 'sztype': 'BEFORE'}]
2018-07-06 17:52:50,967 | methods.match    | INFO     | PID=13874 | Start 1 process to handle data filtering
2018-07-06 17:52:50,967 | server           | INFO     | PID=13874 | Ready to send 178956970 bytes using data file size of 1073741824 bytes
2018-07-06 17:52:50,967 | server           | INFO     | PID=13874 | Listening socket bound to port 8881
2018-07-06 17:52:55,524 | server           | INFO     | PID=13874 | Accepted incoming connection ('10.10.1.2', 54818) from client. Sending data ...
2018-07-06 17:53:38,703 | server           | INFO     | PID=13874 | [SUMMARY] [Sent: 107368914 bytes] [Read: 107368914 bytes (59.997% of 178956970 raw bytes)] [Duration: 43.178420066833496 seconds] [Bitrate: 19893069.516450036 bit/s]
2018-07-06 17:53:38,703 | server           | INFO     | PID=13874 | Resources closed, now exiting

 Performance counter stats for 'CPU(s) 1-2':

      95739.963427      task-clock (msec)         #    2.000 CPUs utilized            (100.00%)
             3,156      context-switches          #    0.033 K/sec                    (100.00%)
                 1      cpu-migrations            #    0.000 K/sec                    (100.00%)
            54,418      page-faults               #    0.568 K/sec                  
   102,142,017,978      cycles                    #    1.067 GHz                      (100.00%)
   <not supported>      stalled-cycles-frontend  
   <not supported>      stalled-cycles-backend   
   288,038,169,483      instructions              #    2.82  insns per cycle          (100.00%)
    54,651,886,871      branches                  #  570.837 M/sec                    (100.00%)
       102,170,716      branch-misses             #    0.19% of all branches        

      47.872459322 seconds time elapsed