LC_NUMERIC=en_US.UTF8 perf stat -B -C 1-2 taskset -c 2 /tmp/eucycles/pyben-nio/src/run --server start --bind 10.10.1.3 --size 178956971 --port 8881 --filename /tmp/eucycles/data_file --bufsize 50mb --method "match; func=lambda v: v - 48 < 9; sztype=BEFORE"

2018-07-06 19:47:19,022 | server           | INFO     | PID=31047 | [bufsize: 52428800 bytes] [zerocopy: False]
2018-07-06 19:47:19,037 | methods.match    | INFO     | PID=31047 | [method: methods.match]
2018-07-06 19:47:19,037 | methods.match    | INFO     | PID=31047 | [method parameters: {'func': 'lambda v: v - 48 < 9', 'sztype': 'BEFORE', 'mpws': '50MB'}]
2018-07-06 19:47:19,059 | methods.match    | INFO     | PID=31047 | Start 1 process to handle data filtering
2018-07-06 19:47:19,059 | server           | INFO     | PID=31047 | Ready to send 178956971 bytes using data file size of 1073741824 bytes
2018-07-06 19:47:19,059 | server           | INFO     | PID=31047 | Listening socket bound to port 8881
2018-07-06 19:47:29,677 | server           | INFO     | PID=31047 | Accepted incoming connection ('10.10.1.2', 55148) from client. Sending data ...
2018-07-06 19:48:18,468 | server           | INFO     | PID=31047 | [SUMMARY] [Sent: 161052645 bytes] [Read: 161052645 bytes (89.995% of 178956971 raw bytes)] [Duration: 48.79055595397949 seconds] [Bitrate: 26407183.41507057 bit/s]
2018-07-06 19:48:18,468 | server           | INFO     | PID=31047 | Resources closed, now exiting

 Performance counter stats for 'CPU(s) 1-2':

     119170.739359      task-clock (msec)         #    2.000 CPUs utilized            (100.00%)
             3,546      context-switches          #    0.030 K/sec                    (100.00%)
                 1      cpu-migrations            #    0.000 K/sec                    (100.00%)
            94,771      page-faults               #    0.795 K/sec                  
   152,317,771,139      cycles                    #    1.278 GHz                      (100.00%)
   <not supported>      stalled-cycles-frontend  
   <not supported>      stalled-cycles-backend   
   338,720,220,880      instructions              #    2.22  insns per cycle          (100.00%)
    64,949,073,780      branches                  #  545.009 M/sec                    (100.00%)
        39,666,288      branch-misses             #    0.06% of all branches        

      59.585135839 seconds time elapsed