LC_NUMERIC=en_US.UTF8 perf stat -B -C 1-2 taskset -c 2 /tmp/eucycles/pyben-nio/src/run --server start --bind 10.10.1.9 --size 153391689 --port 8881 --filename /tmp/eucycles/data_file --bufsize 50mb --method "match; func=lambda v: v - 48 < 2; sztype=BEFORE"

2018-07-06 15:00:24,854 | server           | INFO     | PID=7305 | [bufsize: 52428800 bytes] [zerocopy: False]
2018-07-06 15:00:24,869 | methods.match    | INFO     | PID=7305 | [method: methods.match]
2018-07-06 15:00:24,869 | methods.match    | INFO     | PID=7305 | [method parameters: {'sztype': 'BEFORE', 'func': 'lambda v: v - 48 < 2', 'mpws': '50MB'}]
2018-07-06 15:00:24,891 | methods.match    | INFO     | PID=7305 | Start 1 process to handle data filtering
2018-07-06 15:00:24,891 | server           | INFO     | PID=7305 | Ready to send 153391689 bytes using data file size of 1073741824 bytes
2018-07-06 15:00:24,891 | server           | INFO     | PID=7305 | Listening socket bound to port 8881
2018-07-06 15:00:29,487 | server           | INFO     | PID=7305 | Accepted incoming connection ('10.10.1.2', 48735) from client. Sending data ...
2018-07-06 15:00:57,993 | server           | INFO     | PID=7305 | [SUMMARY] [Sent: 30675443 bytes] [Read: 30675443 bytes (19.998% of 153391689 raw bytes)] [Duration: 28.506074905395508 seconds] [Bitrate: 8608815.658221366 bit/s]
2018-07-06 15:00:57,993 | server           | INFO     | PID=7305 | Resources closed, now exiting

 Performance counter stats for 'CPU(s) 1-2':

      66479.699064      task-clock (msec)         #    2.000 CPUs utilized            (100.00%)
             2,646      context-switches          #    0.040 K/sec                    (100.00%)
                 1      cpu-migrations            #    0.000 K/sec                    (100.00%)
            26,556      page-faults               #    0.399 K/sec                  
    80,860,880,313      cycles                    #    1.216 GHz                      (100.00%)
   <not supported>      stalled-cycles-frontend  
   <not supported>      stalled-cycles-backend   
   200,052,371,802      instructions              #    2.47  insns per cycle          (100.00%)
    37,643,900,399      branches                  #  566.247 M/sec                    (100.00%)
        51,281,603      branch-misses             #    0.14% of all branches        

      33.239648467 seconds time elapsed