LC_NUMERIC=en_US.UTF8 perf stat -B -C 1-2 taskset -c 2 /tmp/eucycles/pyben-nio/src/run --server start --bind 10.10.1.3 --size 268435456 --port 8881 --filename /tmp/eucycles/data_file --bufsize 50mb --method "match; func=lambda v: v - 48 < 6; sztype=BEFORE"

2018-07-06 17:49:28,335 | server           | INFO     | PID=23762 | [bufsize: 52428800 bytes] [zerocopy: False]
2018-07-06 17:49:28,350 | methods.match    | INFO     | PID=23762 | [method: methods.match]
2018-07-06 17:49:28,350 | methods.match    | INFO     | PID=23762 | [method parameters: {'mpws': '50MB', 'func': 'lambda v: v - 48 < 6', 'sztype': 'BEFORE'}]
2018-07-06 17:49:28,372 | methods.match    | INFO     | PID=23762 | Start 1 process to handle data filtering
2018-07-06 17:49:28,372 | server           | INFO     | PID=23762 | Ready to send 268435456 bytes using data file size of 1073741824 bytes
2018-07-06 17:49:28,372 | server           | INFO     | PID=23762 | Listening socket bound to port 8881
2018-07-06 17:49:36,541 | server           | INFO     | PID=23762 | Accepted incoming connection ('10.10.1.2', 60191) from client. Sending data ...
2018-07-06 17:50:41,946 | server           | INFO     | PID=23762 | [SUMMARY] [Sent: 161042799 bytes] [Read: 161042799 bytes (59.993% of 268435456 raw bytes)] [Duration: 65.40424299240112 seconds] [Bitrate: 19698146.98642233 bit/s]
2018-07-06 17:50:41,946 | server           | INFO     | PID=23762 | Resources closed, now exiting

 Performance counter stats for 'CPU(s) 1-2':

     147501.329771      task-clock (msec)         #    2.000 CPUs utilized            (100.00%)
             4,877      context-switches          #    0.033 K/sec                    (100.00%)
                 1      cpu-migrations            #    0.000 K/sec                    (100.00%)
            69,781      page-faults               #    0.473 K/sec                  
   196,695,594,079      cycles                    #    1.334 GHz                      (100.00%)
   <not supported>      stalled-cycles-frontend  
   <not supported>      stalled-cycles-backend   
   442,746,425,320      instructions              #    2.25  insns per cycle          (100.00%)
    84,654,741,163      branches                  #  573.925 M/sec                    (100.00%)
       151,958,497      branch-misses             #    0.18% of all branches        

      73.750424966 seconds time elapsed