LC_NUMERIC=en_US.UTF8 perf stat -B -C 1-2 taskset -c 2 /tmp/eucycles/pyben-nio/src/run --server start --bind 10.10.1.5 --size 178956971 --port 8881 --filename /tmp/eucycles/data_file --bufsize 50mb --method "match; func=lambda v: v - 48 < 10; sztype=BEFORE"

2018-07-06 20:56:51,163 | server           | INFO     | PID=28618 | [bufsize: 52428800 bytes] [zerocopy: False]
2018-07-06 20:56:51,178 | methods.match    | INFO     | PID=28618 | [method: methods.match]
2018-07-06 20:56:51,179 | methods.match    | INFO     | PID=28618 | [method parameters: {'func': 'lambda v: v - 48 < 10', 'mpws': '50MB', 'sztype': 'BEFORE'}]
2018-07-06 20:56:51,200 | methods.match    | INFO     | PID=28618 | Start 1 process to handle data filtering
2018-07-06 20:56:51,201 | server           | INFO     | PID=28618 | Ready to send 178956971 bytes using data file size of 1073741824 bytes
2018-07-06 20:56:51,201 | server           | INFO     | PID=28618 | Listening socket bound to port 8881
2018-07-06 20:56:59,373 | server           | INFO     | PID=28618 | Accepted incoming connection ('10.10.1.2', 56551) from client. Sending data ...
2018-07-06 20:57:50,649 | server           | INFO     | PID=28618 | [SUMMARY] [Sent: 178956971 bytes] [Read: 178956971 bytes (100.000% of 178956971 raw bytes)] [Duration: 51.27626895904541 seconds] [Bitrate: 27920435.65305951 bit/s]
2018-07-06 20:57:50,649 | server           | INFO     | PID=28618 | Resources closed, now exiting

 Performance counter stats for 'CPU(s) 1-2':

     119252.861252      task-clock (msec)         #    2.000 CPUs utilized            (100.00%)
             3,588      context-switches          #    0.030 K/sec                    (100.00%)
                 1      cpu-migrations            #    0.000 K/sec                    (100.00%)
           103,507      page-faults               #    0.868 K/sec                  
   121,721,185,211      cycles                    #    1.021 GHz                      (100.00%)
   <not supported>      stalled-cycles-frontend  
   <not supported>      stalled-cycles-backend   
   347,263,527,425      instructions              #    2.85  insns per cycle          (100.00%)
    66,517,892,041      branches                  #  557.789 M/sec                    (100.00%)
        21,881,542      branch-misses             #    0.03% of all branches        

      59.626769107 seconds time elapsed