LC_NUMERIC=en_US.UTF8 perf stat -B -C 1-2 taskset -c 2 /tmp/eucycles/pyben-nio/src/run --server start --bind 10.10.1.4 --size 214748365 --port 8881 --filename /tmp/eucycles/data_file --bufsize 50mb --method "match; func=lambda v: v - 48 < 5; sztype=BEFORE"

2018-07-06 16:49:41,233 | server           | INFO     | PID=18226 | [bufsize: 52428800 bytes] [zerocopy: False]
2018-07-06 16:49:41,248 | methods.match    | INFO     | PID=18226 | [method: methods.match]
2018-07-06 16:49:41,248 | methods.match    | INFO     | PID=18226 | [method parameters: {'sztype': 'BEFORE', 'mpws': '50MB', 'func': 'lambda v: v - 48 < 5'}]
2018-07-06 16:49:41,270 | methods.match    | INFO     | PID=18226 | Start 1 process to handle data filtering
2018-07-06 16:49:41,270 | server           | INFO     | PID=18226 | Ready to send 214748365 bytes using data file size of 1073741824 bytes
2018-07-06 16:49:41,270 | server           | INFO     | PID=18226 | Listening socket bound to port 8881
2018-07-06 16:49:49,473 | server           | INFO     | PID=18226 | Accepted incoming connection ('10.10.1.2', 47146) from client. Sending data ...
2018-07-06 16:50:38,146 | server           | INFO     | PID=18226 | [SUMMARY] [Sent: 107359725 bytes] [Read: 107359725 bytes (49.993% of 214748365 raw bytes)] [Duration: 48.6723530292511 seconds] [Bitrate: 17646112.14674236 bit/s]
2018-07-06 16:50:38,146 | server           | INFO     | PID=18226 | Resources closed, now exiting

 Performance counter stats for 'CPU(s) 1-2':

     114098.208454      task-clock (msec)         #    2.000 CPUs utilized            (100.00%)
             3,932      context-switches          #    0.034 K/sec                    (100.00%)
                 1      cpu-migrations            #    0.000 K/sec                    (100.00%)
            41,633      page-faults               #    0.365 K/sec                  
   115,144,159,972      cycles                    #    1.009 GHz                      (100.00%)
   <not supported>      stalled-cycles-frontend  
   <not supported>      stalled-cycles-backend   
   324,473,285,302      instructions              #    2.82  insns per cycle          (100.00%)
    60,961,594,032      branches                  #  534.291 M/sec                    (100.00%)
       134,770,431      branch-misses             #    0.22% of all branches        

      57.054282554 seconds time elapsed