LC_NUMERIC=en_US.UTF8 perf stat -B -C 1-2 taskset -c 2 /tmp/eucycles/pyben-nio/src/run --server start --bind 10.10.1.5 --size 153391689 --port 8881 --filename /tmp/eucycles/data_file --bufsize 50mb --method "match; func=lambda v: v - 48 < 8; sztype=BEFORE"

2018-07-06 19:15:13,671 | server           | INFO     | PID=23883 | [bufsize: 52428800 bytes] [zerocopy: False]
2018-07-06 19:15:13,686 | methods.match    | INFO     | PID=23883 | [method: methods.match]
2018-07-06 19:15:13,687 | methods.match    | INFO     | PID=23883 | [method parameters: {'sztype': 'BEFORE', 'mpws': '50MB', 'func': 'lambda v: v - 48 < 8'}]
2018-07-06 19:15:13,708 | methods.match    | INFO     | PID=23883 | Start 1 process to handle data filtering
2018-07-06 19:15:13,709 | server           | INFO     | PID=23883 | Ready to send 153391689 bytes using data file size of 1073741824 bytes
2018-07-06 19:15:13,709 | server           | INFO     | PID=23883 | Listening socket bound to port 8881
2018-07-06 19:15:23,147 | server           | INFO     | PID=23883 | Accepted incoming connection ('10.10.1.2', 42066) from client. Sending data ...
2018-07-06 19:16:04,000 | server           | INFO     | PID=23883 | [SUMMARY] [Sent: 122706571 bytes] [Read: 122706571 bytes (79.996% of 153391689 raw bytes)] [Duration: 40.852174043655396 seconds] [Bitrate: 24029383.771619786 bit/s]
2018-07-06 19:16:04,000 | server           | INFO     | PID=23883 | Resources closed, now exiting

 Performance counter stats for 'CPU(s) 1-2':

     100937.629178      task-clock (msec)         #    2.000 CPUs utilized            (100.00%)
             3,059      context-switches          #    0.030 K/sec                    (100.00%)
                 1      cpu-migrations            #    0.000 K/sec                    (100.00%)
            76,041      page-faults               #    0.753 K/sec                  
    97,000,341,319      cycles                    #    0.961 GHz                      (100.00%)
   <not supported>      stalled-cycles-frontend  
   <not supported>      stalled-cycles-backend   
   269,704,580,246      instructions              #    2.78  insns per cycle          (100.00%)
    51,139,303,478      branches                  #  506.643 M/sec                    (100.00%)
        52,102,904      branch-misses             #    0.10% of all branches        

      50.469074379 seconds time elapsed