LC_NUMERIC=en_US.UTF8 perf stat -B -C 1-2 taskset -c 2 /tmp/eucycles/pyben-nio/src/run --server start --bind 10.10.1.5 --size 268435456 --port 8881 --filename /tmp/eucycles/data_file --bufsize 50mb --method "match; func=lambda v: v - 48 < 7; sztype=BEFORE"

2018-07-06 18:21:26,385 | server           | INFO     | PID=21053 | [bufsize: 52428800 bytes] [zerocopy: False]
2018-07-06 18:21:26,400 | methods.match    | INFO     | PID=21053 | [method: methods.match]
2018-07-06 18:21:26,400 | methods.match    | INFO     | PID=21053 | [method parameters: {'mpws': '50MB', 'func': 'lambda v: v - 48 < 7', 'sztype': 'BEFORE'}]
2018-07-06 18:21:26,422 | methods.match    | INFO     | PID=21053 | Start 1 process to handle data filtering
2018-07-06 18:21:26,422 | server           | INFO     | PID=21053 | Ready to send 268435456 bytes using data file size of 1073741824 bytes
2018-07-06 18:21:26,422 | server           | INFO     | PID=21053 | Listening socket bound to port 8881
2018-07-06 18:21:32,148 | server           | INFO     | PID=21053 | Accepted incoming connection ('10.10.1.2', 39104) from client. Sending data ...
2018-07-06 18:22:39,676 | server           | INFO     | PID=21053 | [SUMMARY] [Sent: 187899248 bytes] [Read: 187899248 bytes (69.998% of 268435456 raw bytes)] [Duration: 67.5273768901825 seconds] [Bitrate: 22260512.006035626 bit/s]
2018-07-06 18:22:39,676 | server           | INFO     | PID=21053 | Resources closed, now exiting

 Performance counter stats for 'CPU(s) 1-2':

     146861.260849      task-clock (msec)         #    2.000 CPUs utilized            (100.00%)
             5,003      context-switches          #    0.034 K/sec                    (100.00%)
                 1      cpu-migrations            #    0.000 K/sec                    (100.00%)
           107,881      page-faults               #    0.735 K/sec                  
   159,917,171,703      cycles                    #    1.089 GHz                      (100.00%)
   <not supported>      stalled-cycles-frontend  
   <not supported>      stalled-cycles-backend   
   449,686,438,944      instructions              #    2.81  insns per cycle          (100.00%)
    85,025,138,493      branches                  #  578.949 M/sec                    (100.00%)
       120,359,861      branch-misses             #    0.14% of all branches        

      73.431090939 seconds time elapsed