LC_NUMERIC=en_US.UTF8 perf stat -B -C 1-2 taskset -c 2 /tmp/eucycles/pyben-nio/src/run --client start --addresses 10.10.1.3 --size 1GB --port 8881 --bind 10.10.1.2 --bufsize 50mb --cache 0b --method "raw"

2018-07-06 14:35:52,472 | client           | INFO     | PID=7062 | [bufsize: 52428800 bytes]
2018-07-06 14:35:52,497 | client           | INFO     | PID=7063 | Connecting to server 10.10.1.3 on port 8881
2018-07-06 14:35:52,498 | client           | INFO     | PID=7063 | Connection established. Receiving data ...
2018-07-06 14:35:52,498 | methods.raw      | INFO     | PID=7063 | [method: methods.raw]
2018-07-06 14:35:52,498 | methods.raw      | INFO     | PID=7063 | [method parameters: {}]
2018-07-06 14:39:13,280 | client           | INFO     | PID=7063 | [Received: 214749149 bytes (214749149 raw bytes)] [Duration: 200.76005005836487 seconds] [Bitrate: 8557445.525145793 bit/s]
2018-07-06 14:39:13,280 | client           | INFO     | PID=7063 | Socket closed
2018-07-06 14:39:13,333 | client           | INFO     | PID=7062 | [SUMMARY] [Received: 214749149 bytes (100.000% of 214749149 raw bytes)] [Duration: 200.76005005836487 seconds] [Bitrate: 8557445.525145793 bit/s]

 Performance counter stats for 'CPU(s) 1-2':

     401841.153977      task-clock (msec)         #    2.000 CPUs utilized            (100.00%)
             6,298      context-switches          #    0.016 K/sec                    (100.00%)
                 1      cpu-migrations            #    0.000 K/sec                    (100.00%)
            21,552      page-faults               #    0.054 K/sec                  
     2,254,089,033      cycles                    #    0.006 GHz                      (100.00%)
   <not supported>      stalled-cycles-frontend  
   <not supported>      stalled-cycles-backend   
       973,631,231      instructions              #    0.43  insns per cycle          (100.00%)
       216,986,162      branches                  #    0.540 M/sec                    (100.00%)
         4,982,232      branch-misses             #    2.30% of all branches        

     200.940868260 seconds time elapsed