LC_NUMERIC=en_US.UTF8 perf stat -B -C 1-2 taskset -c 2 /tmp/eucycles/pyben-nio/src/run --server start --bind 10.10.1.5 --size 268435456 --port 8881 --filename /tmp/eucycles/data_file --bufsize 50mb --method "match; func=lambda v: v - 48 < 10; sztype=BEFORE"

2018-07-06 20:35:34,456 | server           | INFO     | PID=27511 | [bufsize: 52428800 bytes] [zerocopy: False]
2018-07-06 20:35:34,471 | methods.match    | INFO     | PID=27511 | [method: methods.match]
2018-07-06 20:35:34,471 | methods.match    | INFO     | PID=27511 | [method parameters: {'sztype': 'BEFORE', 'func': 'lambda v: v - 48 < 10', 'mpws': '50MB'}]
2018-07-06 20:35:34,493 | methods.match    | INFO     | PID=27511 | Start 1 process to handle data filtering
2018-07-06 20:35:34,493 | server           | INFO     | PID=27511 | Ready to send 268435456 bytes using data file size of 1073741824 bytes
2018-07-06 20:35:34,493 | server           | INFO     | PID=27511 | Listening socket bound to port 8881
2018-07-06 20:35:40,211 | server           | INFO     | PID=27511 | Accepted incoming connection ('10.10.1.2', 52210) from client. Sending data ...
2018-07-06 20:36:56,384 | server           | INFO     | PID=27511 | [SUMMARY] [Sent: 268435456 bytes] [Read: 268435456 bytes (100.000% of 268435456 raw bytes)] [Duration: 76.1728138923645 seconds] [Bitrate: 28192258.343435857 bit/s]
2018-07-06 20:36:56,384 | server           | INFO     | PID=27511 | Resources closed, now exiting

 Performance counter stats for 'CPU(s) 1-2':

     164136.513592      task-clock (msec)         #    2.000 CPUs utilized            (100.00%)
             5,100      context-switches          #    0.031 K/sec                    (100.00%)
                 1      cpu-migrations            #    0.000 K/sec                    (100.00%)
           147,202      page-faults               #    0.897 K/sec                  
   180,629,694,857      cycles                    #    1.100 GHz                      (100.00%)
   <not supported>      stalled-cycles-frontend  
   <not supported>      stalled-cycles-backend   
   516,423,519,907      instructions              #    2.86  insns per cycle          (100.00%)
    98,396,158,262      branches                  #  599.478 M/sec                    (100.00%)
        31,514,969      branch-misses             #    0.03% of all branches        

      82.068793962 seconds time elapsed