LC_NUMERIC=en_US.UTF8 perf stat -B -C 1-2 taskset -c 2 /tmp/eucycles/pyben-nio/src/run --server start --bind 10.10.1.6 --size 178956971 --port 8881 --filename /tmp/eucycles/data_file --bufsize 50mb --method "match; func=lambda v: v - 48 < 4; sztype=BEFORE"

2018-07-06 16:07:14,132 | server           | INFO     | PID=12822 | [bufsize: 52428800 bytes] [zerocopy: False]
2018-07-06 16:07:14,147 | methods.match    | INFO     | PID=12822 | [method: methods.match]
2018-07-06 16:07:14,147 | methods.match    | INFO     | PID=12822 | [method parameters: {'mpws': '50MB', 'func': 'lambda v: v - 48 < 4', 'sztype': 'BEFORE'}]
2018-07-06 16:07:14,169 | methods.match    | INFO     | PID=12822 | Start 1 process to handle data filtering
2018-07-06 16:07:14,169 | server           | INFO     | PID=12822 | Ready to send 178956971 bytes using data file size of 1073741824 bytes
2018-07-06 16:07:14,170 | server           | INFO     | PID=12822 | Listening socket bound to port 8881
2018-07-06 16:07:21,662 | server           | INFO     | PID=12822 | Accepted incoming connection ('10.10.1.2', 54725) from client. Sending data ...
2018-07-06 16:08:00,128 | server           | INFO     | PID=12822 | [SUMMARY] [Sent: 71587882 bytes] [Read: 71587882 bytes (40.003% of 178956971 raw bytes)] [Duration: 38.46530199050903 seconds] [Bitrate: 14888822.558609037 bit/s]
2018-07-06 16:08:00,128 | server           | INFO     | PID=12822 | Resources closed, now exiting

 Performance counter stats for 'CPU(s) 1-2':

      92269.073868      task-clock (msec)         #    2.000 CPUs utilized            (100.00%)
             3,368      context-switches          #    0.037 K/sec                    (100.00%)
                 1      cpu-migrations            #    0.000 K/sec                    (100.00%)
            36,523      page-faults               #    0.396 K/sec                  
    90,974,424,247      cycles                    #    0.986 GHz                      (100.00%)
   <not supported>      stalled-cycles-frontend  
   <not supported>      stalled-cycles-backend   
   258,659,606,178      instructions              #    2.84  insns per cycle          (100.00%)
    48,773,887,792      branches                  #  528.605 M/sec                    (100.00%)
       100,235,595      branch-misses             #    0.21% of all branches        

      46.138362953 seconds time elapsed