LC_NUMERIC=en_US.UTF8 perf stat -B -C 1-2 taskset -c 2 /tmp/eucycles/pyben-nio/src/run --server start --bind 10.10.1.7 --size 214748364 --port 8881 --filename /tmp/eucycles/data_file --bufsize 50mb --method "match; func=lambda v: v - 48 < 8; sztype=BEFORE"

2018-07-06 19:12:06,618 | server           | INFO     | PID=18449 | [bufsize: 52428800 bytes] [zerocopy: False]
2018-07-06 19:12:06,633 | methods.match    | INFO     | PID=18449 | [method: methods.match]
2018-07-06 19:12:06,633 | methods.match    | INFO     | PID=18449 | [method parameters: {'func': 'lambda v: v - 48 < 8', 'sztype': 'BEFORE', 'mpws': '50MB'}]
2018-07-06 19:12:06,655 | methods.match    | INFO     | PID=18449 | Start 1 process to handle data filtering
2018-07-06 19:12:06,655 | server           | INFO     | PID=18449 | Ready to send 214748364 bytes using data file size of 1073741824 bytes
2018-07-06 19:12:06,655 | server           | INFO     | PID=18449 | Listening socket bound to port 8881
2018-07-06 19:12:11,238 | server           | INFO     | PID=18449 | Accepted incoming connection ('10.10.1.2', 58766) from client. Sending data ...
2018-07-06 19:13:08,850 | server           | INFO     | PID=18449 | [SUMMARY] [Sent: 171796494 bytes] [Read: 171796494 bytes (79.999% of 214748364 raw bytes)] [Duration: 57.612425088882446 seconds] [Bitrate: 23855478.22157576 bit/s]
2018-07-06 19:13:08,850 | server           | INFO     | PID=18449 | Resources closed, now exiting

 Performance counter stats for 'CPU(s) 1-2':

     124652.790762      task-clock (msec)         #    2.000 CPUs utilized            (100.00%)
             3,875      context-switches          #    0.031 K/sec                    (100.00%)
                 1      cpu-migrations            #    0.000 K/sec                    (100.00%)
            99,983      page-faults               #    0.802 K/sec                  
   136,434,368,915      cycles                    #    1.095 GHz                      (100.00%)
   <not supported>      stalled-cycles-frontend  
   <not supported>      stalled-cycles-backend   
   380,878,876,644      instructions              #    2.79  insns per cycle          (100.00%)
    72,637,209,411      branches                  #  582.716 M/sec                    (100.00%)
        71,996,672      branch-misses             #    0.10% of all branches        

      62.330688329 seconds time elapsed