LC_NUMERIC=en_US.UTF8 perf stat -B -C 1-2 taskset -c 2 /tmp/eucycles/pyben-nio/src/run --server start --bind 10.10.1.7 --size 214748364 --port 8881 --filename /tmp/eucycles/data_file --bufsize 50mb --method "match; func=lambda v: v - 48 < 10; sztype=BEFORE"

2018-07-06 21:12:44,516 | server           | INFO     | PID=22685 | [bufsize: 52428800 bytes] [zerocopy: False]
2018-07-06 21:12:44,531 | methods.match    | INFO     | PID=22685 | [method: methods.match]
2018-07-06 21:12:44,531 | methods.match    | INFO     | PID=22685 | [method parameters: {'sztype': 'BEFORE', 'func': 'lambda v: v - 48 < 10', 'mpws': '50MB'}]
2018-07-06 21:12:44,553 | methods.match    | INFO     | PID=22685 | Start 1 process to handle data filtering
2018-07-06 21:12:44,553 | server           | INFO     | PID=22685 | Ready to send 214748364 bytes using data file size of 1073741824 bytes
2018-07-06 21:12:44,553 | server           | INFO     | PID=22685 | Listening socket bound to port 8881
2018-07-06 21:12:49,066 | server           | INFO     | PID=22685 | Accepted incoming connection ('10.10.1.2', 36393) from client. Sending data ...
2018-07-06 21:13:51,256 | server           | INFO     | PID=22685 | [SUMMARY] [Sent: 214748364 bytes] [Read: 214748364 bytes (100.000% of 214748364 raw bytes)] [Duration: 62.190268993377686 seconds] [Bitrate: 27624690.161461424 bit/s]
2018-07-06 21:13:51,256 | server           | INFO     | PID=22685 | Resources closed, now exiting

 Performance counter stats for 'CPU(s) 1-2':

     133667.926605      task-clock (msec)         #    2.000 CPUs utilized            (100.00%)
             3,946      context-switches          #    0.030 K/sec                    (100.00%)
                 1      cpu-migrations            #    0.000 K/sec                    (100.00%)
           120,967      page-faults               #    0.905 K/sec                  
   147,428,598,812      cycles                    #    1.103 GHz                      (100.00%)
   <not supported>      stalled-cycles-frontend  
   <not supported>      stalled-cycles-backend   
   413,204,364,144      instructions              #    2.80  insns per cycle          (100.00%)
    78,731,053,699      branches                  #  589.005 M/sec                    (100.00%)
        25,672,278      branch-misses             #    0.03% of all branches        

      66.838582070 seconds time elapsed