LC_NUMERIC=en_US.UTF8 perf stat -B -C 1-2 taskset -c 2 /tmp/eucycles/pyben-nio/src/run --server start --bind 10.10.1.4 --size 536870912 --port 8881 --filename /tmp/eucycles/data_file --bufsize 50mb --method "match; func=lambda v: v - 48 < 0; sztype=BEFORE"

2018-07-06 13:39:07,289 | server           | INFO     | PID=5605 | [bufsize: 52428800 bytes] [zerocopy: False]
2018-07-06 13:39:07,303 | methods.match    | INFO     | PID=5605 | [method: methods.match]
2018-07-06 13:39:07,304 | methods.match    | INFO     | PID=5605 | [method parameters: {'func': 'lambda v: v - 48 < 0', 'mpws': '50MB', 'sztype': 'BEFORE'}]
2018-07-06 13:39:07,326 | methods.match    | INFO     | PID=5605 | Start 1 process to handle data filtering
2018-07-06 13:39:07,326 | server           | INFO     | PID=5605 | Ready to send 536870912 bytes using data file size of 1073741824 bytes
2018-07-06 13:39:07,326 | server           | INFO     | PID=5605 | Listening socket bound to port 8881
2018-07-06 13:39:11,714 | server           | INFO     | PID=5605 | Accepted incoming connection ('10.10.1.2', 53105) from client. Sending data ...
2018-07-06 13:40:35,753 | server           | INFO     | PID=5605 | [SUMMARY] [Sent: 0 bytes] [Read: 0 bytes (0.000% of 536870912 raw bytes)] [Duration: 84.03855800628662 seconds] [Bitrate: 0.0 bit/s]
2018-07-06 13:40:35,753 | server           | INFO     | PID=5605 | Resources closed, now exiting

 Performance counter stats for 'CPU(s) 1-2':

     177111.445523      task-clock (msec)         #    2.000 CPUs utilized            (100.00%)
             8,535      context-switches          #    0.048 K/sec                    (100.00%)
                 1      cpu-migrations            #    0.000 K/sec                    (100.00%)
            16,005      page-faults               #    0.090 K/sec                  
   196,744,468,548      cycles                    #    1.111 GHz                      (100.00%)
   <not supported>      stalled-cycles-frontend  
   <not supported>      stalled-cycles-backend   
   600,643,776,872      instructions              #    3.05  insns per cycle          (100.00%)
   111,741,787,288      branches                  #  630.912 M/sec                    (100.00%)
        57,373,007      branch-misses             #    0.05% of all branches        

      88.563860690 seconds time elapsed