LC_NUMERIC=en_US.UTF8 perf stat -B -C 1-2 taskset -c 2 /tmp/eucycles/pyben-nio/src/run --server start --bind 10.10.1.3 --size 214748365 --port 8881 --filename /tmp/eucycles/data_file --bufsize 50mb --method "match; func=lambda v: v - 48 < 1; sztype=BEFORE"

2018-07-06 14:07:38,307 | server           | INFO     | PID=8301 | [bufsize: 52428800 bytes] [zerocopy: False]
2018-07-06 14:07:38,322 | methods.match    | INFO     | PID=8301 | [method: methods.match]
2018-07-06 14:07:38,322 | methods.match    | INFO     | PID=8301 | [method parameters: {'mpws': '50MB', 'func': 'lambda v: v - 48 < 1', 'sztype': 'BEFORE'}]
2018-07-06 14:07:38,344 | methods.match    | INFO     | PID=8301 | Start 1 process to handle data filtering
2018-07-06 14:07:38,344 | server           | INFO     | PID=8301 | Ready to send 214748365 bytes using data file size of 1073741824 bytes
2018-07-06 14:07:38,344 | server           | INFO     | PID=8301 | Listening socket bound to port 8881
2018-07-06 14:07:47,758 | server           | INFO     | PID=8301 | Accepted incoming connection ('10.10.1.2', 34530) from client. Sending data ...
2018-07-06 14:08:23,619 | server           | INFO     | PID=8301 | [SUMMARY] [Sent: 21470103 bytes] [Read: 21470103 bytes (9.998% of 214748365 raw bytes)] [Duration: 35.861082792282104 seconds] [Bitrate: 4789616.225335108 bit/s]
2018-07-06 14:08:23,619 | server           | INFO     | PID=8301 | Resources closed, now exiting

 Performance counter stats for 'CPU(s) 1-2':

      90903.932457      task-clock (msec)         #    2.000 CPUs utilized            (100.00%)
             3,868      context-switches          #    0.043 K/sec                    (100.00%)
                 1      cpu-migrations            #    0.000 K/sec                    (100.00%)
            21,168      page-faults               #    0.233 K/sec                  
   111,264,254,683      cycles                    #    1.224 GHz                      (100.00%)
   <not supported>      stalled-cycles-frontend  
   <not supported>      stalled-cycles-backend   
   260,910,032,559      instructions              #    2.34  insns per cycle          (100.00%)
    48,579,273,075      branches                  #  534.402 M/sec                    (100.00%)
        46,071,334      branch-misses             #    0.09% of all branches        

      45.451744153 seconds time elapsed