LC_NUMERIC=en_US.UTF8 perf stat -B -C 1-2 taskset -c 2 /tmp/eucycles/pyben-nio/src/run --server start --bind 10.10.1.3 --size 268435456 --port 8881 --filename /tmp/eucycles/data_file --bufsize 50mb --method "match; func=lambda v: v - 48 < 1; sztype=BEFORE"

2018-07-06 14:06:20,266 | server           | INFO     | PID=8176 | [bufsize: 52428800 bytes] [zerocopy: False]
2018-07-06 14:06:20,281 | methods.match    | INFO     | PID=8176 | [method: methods.match]
2018-07-06 14:06:20,281 | methods.match    | INFO     | PID=8176 | [method parameters: {'func': 'lambda v: v - 48 < 1', 'sztype': 'BEFORE', 'mpws': '50MB'}]
2018-07-06 14:06:20,303 | methods.match    | INFO     | PID=8176 | Start 1 process to handle data filtering
2018-07-06 14:06:20,303 | server           | INFO     | PID=8176 | Ready to send 268435456 bytes using data file size of 1073741824 bytes
2018-07-06 14:06:20,303 | server           | INFO     | PID=8176 | Listening socket bound to port 8881
2018-07-06 14:06:28,472 | server           | INFO     | PID=8176 | Accepted incoming connection ('10.10.1.2', 49472) from client. Sending data ...
2018-07-06 14:07:13,598 | server           | INFO     | PID=8176 | [SUMMARY] [Sent: 26839488 bytes] [Read: 26839488 bytes (9.998% of 268435456 raw bytes)] [Duration: 45.125925064086914 seconds] [Bitrate: 4758149.637820496 bit/s]
2018-07-06 14:07:13,598 | server           | INFO     | PID=8176 | Resources closed, now exiting

 Performance counter stats for 'CPU(s) 1-2':

     106943.813700      task-clock (msec)         #    2.000 CPUs utilized            (100.00%)
             4,698      context-switches          #    0.044 K/sec                    (100.00%)
                 1      cpu-migrations            #    0.000 K/sec                    (100.00%)
            21,165      page-faults               #    0.198 K/sec                  
   133,266,268,719      cycles                    #    1.246 GHz                      (100.00%)
   <not supported>      stalled-cycles-frontend  
   <not supported>      stalled-cycles-backend   
   324,409,831,763      instructions              #    2.43  insns per cycle          (100.00%)
    60,294,991,764      branches                  #  563.801 M/sec                    (100.00%)
        56,929,506      branch-misses             #    0.09% of all branches        

      53.471679708 seconds time elapsed