LC_NUMERIC=en_US.UTF8 perf stat -B -C 1-2 taskset -c 2 /tmp/eucycles/pyben-nio/src/run --server start --bind 10.10.1.4 --size 536870912 --port 8881 --filename /tmp/eucycles/data_file --bufsize 50mb --method "match; func=lambda v: v - 48 < 7; sztype=BEFORE"

2018-07-06 18:32:34,988 | server           | INFO     | PID=24029 | [bufsize: 52428800 bytes] [zerocopy: False]
2018-07-06 18:32:35,002 | methods.match    | INFO     | PID=24029 | [method: methods.match]
2018-07-06 18:32:35,003 | methods.match    | INFO     | PID=24029 | [method parameters: {'func': 'lambda v: v - 48 < 7', 'sztype': 'BEFORE', 'mpws': '50MB'}]
2018-07-06 18:32:35,025 | methods.match    | INFO     | PID=24029 | Start 1 process to handle data filtering
2018-07-06 18:32:35,025 | server           | INFO     | PID=24029 | Ready to send 536870912 bytes using data file size of 1073741824 bytes
2018-07-06 18:32:35,025 | server           | INFO     | PID=24029 | Listening socket bound to port 8881
2018-07-06 18:32:39,415 | server           | INFO     | PID=24029 | Accepted incoming connection ('10.10.1.2', 44822) from client. Sending data ...
2018-07-06 18:34:55,263 | server           | INFO     | PID=24029 | [SUMMARY] [Sent: 375798351 bytes] [Read: 375798351 bytes (69.998% of 536870912 raw bytes)] [Duration: 135.8475420475006 seconds] [Bitrate: 22130594.066610225 bit/s]
2018-07-06 18:34:55,263 | server           | INFO     | PID=24029 | Resources closed, now exiting

 Performance counter stats for 'CPU(s) 1-2':

     280722.361786      task-clock (msec)         #    2.000 CPUs utilized            (100.00%)
             9,270      context-switches          #    0.033 K/sec                    (100.00%)
                 1      cpu-migrations            #    0.000 K/sec                    (100.00%)
           199,584      page-faults               #    0.711 K/sec                  
   320,779,161,615      cycles                    #    1.143 GHz                      (100.00%)
   <not supported>      stalled-cycles-frontend  
   <not supported>      stalled-cycles-backend   
   907,620,341,130      instructions              #    2.83  insns per cycle          (100.00%)
   172,660,841,160      branches                  #  615.059 M/sec                    (100.00%)
       238,007,789      branch-misses             #    0.14% of all branches        

     140.374187098 seconds time elapsed