2018-05-27 19:20:53,954 | client           | INFO     | PID=12 | [bufsize: 131072 bytes]
2018-05-27 19:20:54,025 | client           | INFO     | PID=13 | Connecting to server 10.10.1.1 on port 8881
2018-05-27 19:20:54,025 | client           | INFO     | PID=14 | Connecting to server 10.10.1.3 on port 8881
2018-05-27 19:20:54,026 | client           | INFO     | PID=13 | Connection established. Receiving data ...
2018-05-27 19:20:54,026 | client           | INFO     | PID=14 | Connection established. Receiving data ...
2018-05-27 19:20:54,026 | methods.raw      | INFO     | PID=14 | [method: methods.raw] [input parameters: {}]
2018-05-27 19:20:54,026 | methods.raw      | INFO     | PID=13 | [method: methods.raw] [input parameters: {}]
2018-05-27 19:20:54,027 | client           | INFO     | PID=14 | Received 512 bytes of data in 0.0012240409851074219 seconds (bitrate: 3346293.1795870666 bit/s)
2018-05-27 19:20:54,027 | client           | INFO     | PID=14 | Socket closed
2018-05-27 19:20:54,028 | client           | INFO     | PID=13 | Received 512 bytes of data in 0.0015981197357177734 seconds (bitrate: 2563011.9624048932 bit/s)
2018-05-27 19:20:54,028 | client           | INFO     | PID=13 | Socket closed
2018-05-27 19:20:54,126 | client           | INFO     | PID=12 | [SUMMARY] Total received 1024 (raw 1024, 100.000%) bytes of data in 0.0015981197357177734 seconds (bitrate: 5126023.9248097865 bit/s)

 Performance counter stats for '/root/pyben-nio/src/run --client start --addresses 10.10.1.1 10.10.1.3 --size 1K --port 8881 --bind 10.10.1.2 --bufsize 128k --method raw':

        303.107292      task-clock (msec)         #    0.758 CPUs utilized          
                68      context-switches          #    0.224 K/sec                  
                26      cpu-migrations            #    0.086 K/sec                  
             10070      page-faults               #    0.033 M/sec                  
         956563074      cycles                    #    3.156 GHz                    
        1505100677      instructions              #    1.57  insn per cycle         
         348466177      branches                  # 1149.646 M/sec                  
           7657503      branch-misses             #    2.20% of all branches        

       0.399736105 seconds time elapsed

