2018-05-27 21:34:39,156 | client           | INFO     | PID=11 | [bufsize: 131072 bytes]
2018-05-27 21:34:39,232 | client           | INFO     | PID=12 | Connecting to server 10.10.1.1 on port 8881
2018-05-27 21:34:39,233 | client           | INFO     | PID=12 | Connection established. Receiving data ...
2018-05-27 21:34:39,233 | methods.raw      | INFO     | PID=12 | [method: methods.raw] [input parameters: {}]
2018-05-27 21:34:39,233 | client           | INFO     | PID=13 | Connecting to server 10.10.1.3 on port 8881
2018-05-27 21:34:39,233 | client           | INFO     | PID=13 | Connection established. Receiving data ...
2018-05-27 21:34:39,233 | methods.raw      | INFO     | PID=13 | [method: methods.raw] [input parameters: {}]
2018-05-27 21:34:43,498 | client           | INFO     | PID=13 | Received 536870912 bytes of data in 4.264166831970215 seconds (bitrate: 1007223090.756877 bit/s)
2018-05-27 21:34:43,498 | client           | INFO     | PID=13 | Socket closed
2018-05-27 21:34:46,172 | client           | INFO     | PID=12 | Received 536870912 bytes of data in 6.938575983047485 seconds (bitrate: 618998380.4304484 bit/s)
2018-05-27 21:34:46,172 | client           | INFO     | PID=12 | Socket closed
2018-05-27 21:34:46,850 | client           | INFO     | PID=11 | [SUMMARY] Total received 1073741824 (raw 1073741824, 100.000%) bytes of data in 6.938575983047485 seconds (bitrate: 1237996760.8608968 bit/s)

 Performance counter stats for '/root/pyben-nio/src/run --client start --addresses 10.10.1.1 10.10.1.3 --size 1G --port 8881 --bind 10.10.1.2 --bufsize 128k --method raw':

      12819.112851      task-clock (msec)         #    1.619 CPUs utilized          
              1324      context-switches          #    0.103 K/sec                  
                27      cpu-migrations            #    0.002 K/sec                  
           1098715      page-faults               #    0.086 M/sec                  
       39266048777      cycles                    #    3.063 GHz                    
       71135130415      instructions              #    1.81  insn per cycle         
       18651796288      branches                  # 1454.999 M/sec                  
          35313389      branch-misses             #    0.19% of all branches        

       7.918925929 seconds time elapsed

