2018-05-27 22:23:25,559 | client           | INFO     | PID=12 | [bufsize: 131072 bytes]
2018-05-27 22:23:25,629 | client           | INFO     | PID=13 | Connecting to server 10.10.1.1 on port 8881
2018-05-27 22:23:25,629 | client           | INFO     | PID=14 | Connecting to server 10.10.1.3 on port 8881
2018-05-27 22:23:25,629 | client           | INFO     | PID=13 | Connection established. Receiving data ...
2018-05-27 22:23:25,629 | client           | INFO     | PID=14 | Connection established. Receiving data ...
2018-05-27 22:23:25,629 | methods.raw      | INFO     | PID=13 | [method: methods.raw] [input parameters: {}]
2018-05-27 22:23:25,629 | methods.raw      | INFO     | PID=14 | [method: methods.raw] [input parameters: {}]
2018-05-27 22:24:08,980 | client           | INFO     | PID=14 | Received 5368709120 bytes of data in 43.35058617591858 seconds (bitrate: 990751838.6420046 bit/s)
2018-05-27 22:24:08,980 | client           | INFO     | PID=14 | Socket closed
2018-05-27 22:24:08,998 | client           | INFO     | PID=13 | Received 5368709120 bytes of data in 43.3691189289093 seconds (bitrate: 990328464.601809 bit/s)
2018-05-27 22:24:08,999 | client           | INFO     | PID=13 | Socket closed
2018-05-27 22:24:09,735 | client           | INFO     | PID=12 | [SUMMARY] Total received 10737418240 (raw 10737418240, 100.000%) bytes of data in 43.3691189289093 seconds (bitrate: 1980656929.203618 bit/s)

 Performance counter stats for '/root/pyben-nio/src/run --client start --addresses 10.10.1.1 10.10.1.3 --size 10G --port 8881 --bind 10.10.1.2 --bufsize 128k --method raw':

      88275.905494      task-clock (msec)         #    1.988 CPUs utilized          
              8376      context-switches          #    0.095 K/sec                  
                22      cpu-migrations            #    0.000 K/sec                  
           1098716      page-faults               #    0.012 M/sec                  
      244976454225      cycles                    #    2.775 GHz                    
      657648730925      instructions              #    2.68  insn per cycle         
      174811662983      branches                  # 1980.287 M/sec                  
         191096927      branch-misses             #    0.11% of all branches        

      44.403814797 seconds time elapsed

