2018-05-27 22:30:26,546 | client           | INFO     | PID=12 | [bufsize: 131072 bytes]
2018-05-27 22:30:26,616 | client           | INFO     | PID=13 | Connecting to server 10.10.1.1 on port 8881
2018-05-27 22:30:26,617 | client           | INFO     | PID=13 | Connection established. Receiving data ...
2018-05-27 22:30:26,617 | methods.raw      | INFO     | PID=13 | [method: methods.raw] [input parameters: {}]
2018-05-27 22:30:26,617 | client           | INFO     | PID=14 | Connecting to server 10.10.1.3 on port 8881
2018-05-27 22:30:26,617 | client           | INFO     | PID=14 | Connection established. Receiving data ...
2018-05-27 22:30:26,617 | methods.raw      | INFO     | PID=14 | [method: methods.raw] [input parameters: {}]
2018-05-27 22:31:08,336 | client           | INFO     | PID=14 | Received 5368709120 bytes of data in 41.71811103820801 seconds (bitrate: 1029521037.5336518 bit/s)
2018-05-27 22:31:08,336 | client           | INFO     | PID=14 | Socket closed
2018-05-27 22:31:08,362 | client           | INFO     | PID=13 | Received 5368709120 bytes of data in 41.74535298347473 seconds (bitrate: 1028849198.5443747 bit/s)
2018-05-27 22:31:08,363 | client           | INFO     | PID=13 | Socket closed
2018-05-27 22:31:09,127 | client           | INFO     | PID=12 | [SUMMARY] Total received 10737418240 (raw 10737418240, 100.000%) bytes of data in 41.74535298347473 seconds (bitrate: 2057698397.0887494 bit/s)

 Performance counter stats for '/root/pyben-nio/src/run --client start --addresses 10.10.1.1 10.10.1.3 --size 10G --port 8881 --bind 10.10.1.2 --bufsize 128k --method raw':

      85043.976039      task-clock (msec)         #    1.987 CPUs utilized          
              8058      context-switches          #    0.095 K/sec                  
                29      cpu-migrations            #    0.000 K/sec                  
           1098723      page-faults               #    0.013 M/sec                  
      241758353894      cycles                    #    2.843 GHz                    
      657659458306      instructions              #    2.72  insn per cycle         
      174816531335      branches                  # 2055.602 M/sec                  
         191390644      branch-misses             #    0.11% of all branches        

      42.804496899 seconds time elapsed

