2018-05-27 22:57:47,119 | client           | INFO     | PID=12 | [bufsize: 131072 bytes]
2018-05-27 22:57:47,188 | client           | INFO     | PID=13 | Connecting to server 10.10.1.1 on port 8881
2018-05-27 22:57:47,189 | client           | INFO     | PID=13 | Connection established. Receiving data ...
2018-05-27 22:57:47,189 | methods.raw      | INFO     | PID=13 | [method: methods.raw] [input parameters: {}]
2018-05-27 22:57:47,189 | client           | INFO     | PID=14 | Connecting to server 10.10.1.3 on port 8881
2018-05-27 22:57:47,189 | client           | INFO     | PID=14 | Connection established. Receiving data ...
2018-05-27 22:57:47,190 | methods.raw      | INFO     | PID=14 | [method: methods.raw] [input parameters: {}]
2018-05-27 22:58:29,850 | client           | INFO     | PID=13 | Received 5368709120 bytes of data in 42.66087198257446 seconds (bitrate: 1006769692.320014 bit/s)
2018-05-27 22:58:29,850 | client           | INFO     | PID=13 | Socket closed
2018-05-27 22:58:29,881 | client           | INFO     | PID=14 | Received 5368709120 bytes of data in 42.69086694717407 seconds (bitrate: 1006062327.4094241 bit/s)
2018-05-27 22:58:29,881 | client           | INFO     | PID=14 | Socket closed
2018-05-27 22:58:30,598 | client           | INFO     | PID=12 | [SUMMARY] Total received 10737418240 (raw 10737418240, 100.000%) bytes of data in 42.691269874572754 seconds (bitrate: 2012105664.047307 bit/s)

 Performance counter stats for '/root/pyben-nio/src/run --client start --addresses 10.10.1.1 10.10.1.3 --size 10G --port 8881 --bind 10.10.1.2 --bufsize 128k --method raw':

      86924.529842      task-clock (msec)         #    1.989 CPUs utilized          
              8251      context-switches          #    0.095 K/sec                  
                24      cpu-migrations            #    0.000 K/sec                  
           1098699      page-faults               #    0.013 M/sec                  
      241131754621      cycles                    #    2.774 GHz                    
      657627601482      instructions              #    2.73  insn per cycle         
      174805669311      branches                  # 2011.005 M/sec                  
         191595683      branch-misses             #    0.11% of all branches        

      43.703904572 seconds time elapsed

