2018-05-27 21:42:53,070 | client           | INFO     | PID=12 | [bufsize: 131072 bytes]
2018-05-27 21:42:53,139 | client           | INFO     | PID=13 | Connecting to server 10.10.1.1 on port 8881
2018-05-27 21:42:53,140 | client           | INFO     | PID=13 | Connection established. Receiving data ...
2018-05-27 21:42:53,140 | methods.raw      | INFO     | PID=13 | [method: methods.raw] [input parameters: {}]
2018-05-27 21:42:53,140 | client           | INFO     | PID=14 | Connecting to server 10.10.1.3 on port 8881
2018-05-27 21:42:53,140 | client           | INFO     | PID=14 | Connection established. Receiving data ...
2018-05-27 21:42:53,140 | methods.raw      | INFO     | PID=14 | [method: methods.raw] [input parameters: {}]
2018-05-27 21:42:57,757 | client           | INFO     | PID=14 | Received 536870912 bytes of data in 4.6166911125183105 seconds (bitrate: 930312899.7203331 bit/s)
2018-05-27 21:42:57,758 | client           | INFO     | PID=14 | Socket closed
2018-05-27 21:42:57,758 | client           | INFO     | PID=13 | Received 536870912 bytes of data in 4.617714166641235 seconds (bitrate: 930106788.9881997 bit/s)
2018-05-27 21:42:57,758 | client           | INFO     | PID=13 | Socket closed
2018-05-27 21:42:58,554 | client           | INFO     | PID=12 | [SUMMARY] Total received 1073741824 (raw 1073741824, 100.000%) bytes of data in 4.617714166641235 seconds (bitrate: 1860213577.9763994 bit/s)

 Performance counter stats for '/root/pyben-nio/src/run --client start --addresses 10.10.1.1 10.10.1.3 --size 1G --port 8881 --bind 10.10.1.2 --bufsize 128k --method raw':

      10943.323001      task-clock (msec)         #    1.916 CPUs utilized          
              1081      context-switches          #    0.099 K/sec                  
                24      cpu-migrations            #    0.002 K/sec                  
           1098729      page-faults               #    0.100 M/sec                  
       30784883744      cycles                    #    2.813 GHz                    
       70362572192      instructions              #    2.29  insn per cycle         
       18527938036      branches                  # 1693.082 M/sec                  
          34363608      branch-misses             #    0.19% of all branches        

       5.710529790 seconds time elapsed

